<?xml version="1.0" encoding="UTF-8" ?>
<testsuite failures="0" time="4.299" errors="0" skipped="0" tests="30" name="com.sprhib.TestService">
  <properties>
    <property name="java.runtime.name" value="Java(TM) SE Runtime Environment"/>
    <property name="sun.boot.library.path" value="C:\Program Files\Java\jdk1.7.0_67\jre\bin"/>
    <property name="java.vm.version" value="24.65-b04"/>
    <property name="java.vm.vendor" value="Oracle Corporation"/>
    <property name="java.vendor.url" value="http://java.oracle.com/"/>
    <property name="path.separator" value=";"/>
    <property name="guice.disable.misplaced.annotation.check" value="true"/>
    <property name="java.vm.name" value="Java HotSpot(TM) Client VM"/>
    <property name="file.encoding.pkg" value="sun.io"/>
    <property name="user.script" value=""/>
    <property name="user.country" value="RU"/>
    <property name="sun.java.launcher" value="SUN_STANDARD"/>
    <property name="sun.os.patch.level" value=""/>
    <property name="java.vm.specification.name" value="Java Virtual Machine Specification"/>
    <property name="user.dir" value="C:\Users\1\workspace\spr-mvc-hib"/>
    <property name="java.runtime.version" value="1.7.0_67-b01"/>
    <property name="java.awt.graphicsenv" value="sun.awt.Win32GraphicsEnvironment"/>
    <property name="java.endorsed.dirs" value="C:\Program Files\Java\jdk1.7.0_67\jre\lib\endorsed"/>
    <property name="os.arch" value="x86"/>
    <property name="java.io.tmpdir" value="C:\Users\1\AppData\Local\Temp\"/>
    <property name="line.separator" value="
"/>
    <property name="java.vm.specification.vendor" value="Oracle Corporation"/>
    <property name="user.variant" value=""/>
    <property name="os.name" value="Windows 7"/>
    <property name="classworlds.conf" value="C:\Users\1\workspace\.metadata\.plugins\org.eclipse.m2e.launching\launches\m2conf5246105438637147928.tmp"/>
    <property name="sun.jnu.encoding" value="Cp1251"/>
    <property name="java.library.path" value="C:\Program Files\Java\jdk1.7.0_67\jre\bin;C:\Windows\Sun\Java\bin;C:\Windows\system32;C:\Windows;C:/Program Files/Java/jdk7/bin/client;C:/Program Files/Java/jdk7/bin;C:/Program Files/Java/jdk7/lib/i386;C:\Inprise\vbroker\bin;C:\Program Files\Broadcom\Broadcom 802.11;C:\Windows\system32;C:\Windows;C:\Windows\System32\Wbem;C:\Windows\System32\WindowsPowerShell\v1.0\;C:\Program Files\ATI Technologies\ATI.ACE\Core-Static;C:\Program Files\Intel\OpenCL SDK\2.0\bin\x86;C:\Program Files\Microsoft\Web Platform Installer\;C:\Program Files\Microsoft ASP.NET\ASP.NET Web Pages\v1.0\;C:\Program Files\apache-maven-3.2.3\bin;C:\Program Files\eclipse;;."/>
    <property name="java.specification.name" value="Java Platform API Specification"/>
    <property name="java.class.version" value="51.0"/>
    <property name="sun.management.compiler" value="HotSpot Client Compiler"/>
    <property name="os.version" value="6.1"/>
    <property name="user.home" value="C:\Users\1"/>
    <property name="user.timezone" value="Europe/Helsinki"/>
    <property name="java.awt.printerjob" value="sun.awt.windows.WPrinterJob"/>
    <property name="java.specification.version" value="1.7"/>
    <property name="file.encoding" value="Cp1251"/>
    <property name="user.name" value="1"/>
    <property name="java.class.path" value="/C:/Program Files/eclipse/plugins/org.eclipse.m2e.maven.runtime_1.5.0.20140605-2032/jars/plexus-classworlds-2.5.1.jar"/>
    <property name="org.slf4j.simpleLogger.defaultLogLevel" value="info"/>
    <property name="java.vm.specification.version" value="1.7"/>
    <property name="sun.arch.data.model" value="32"/>
    <property name="java.home" value="C:\Program Files\Java\jdk1.7.0_67\jre"/>
    <property name="sun.java.command" value="org.codehaus.plexus.classworlds.launcher.Launcher -B test"/>
    <property name="java.specification.vendor" value="Oracle Corporation"/>
    <property name="user.language" value="ru"/>
    <property name="awt.toolkit" value="sun.awt.windows.WToolkit"/>
    <property name="java.vm.info" value="mixed mode, sharing"/>
    <property name="java.version" value="1.7.0_67"/>
    <property name="java.ext.dirs" value="C:\Program Files\Java\jdk1.7.0_67\jre\lib\ext;C:\Windows\Sun\Java\lib\ext"/>
    <property name="sun.boot.class.path" value="C:\Program Files\Java\jdk1.7.0_67\jre\lib\resources.jar;C:\Program Files\Java\jdk1.7.0_67\jre\lib\rt.jar;C:\Program Files\Java\jdk1.7.0_67\jre\lib\sunrsasign.jar;C:\Program Files\Java\jdk1.7.0_67\jre\lib\jsse.jar;C:\Program Files\Java\jdk1.7.0_67\jre\lib\jce.jar;C:\Program Files\Java\jdk1.7.0_67\jre\lib\charsets.jar;C:\Program Files\Java\jdk1.7.0_67\jre\lib\jfr.jar;C:\Program Files\Java\jdk1.7.0_67\jre\classes"/>
    <property name="java.vendor" value="Oracle Corporation"/>
    <property name="maven.home" value="C:\Users\1\workspace\spr-mvc-hib\EMBEDDED"/>
    <property name="file.separator" value="\"/>
    <property name="java.vendor.url.bug" value="http://bugreport.sun.com/bugreport/"/>
    <property name="sun.cpu.endian" value="little"/>
    <property name="sun.io.unicode.encoding" value="UnicodeLittle"/>
    <property name="sun.desktop" value="windows"/>
    <property name="sun.cpu.isalist" value="pentium_pro+mmx pentium_pro pentium+mmx pentium i486 i386 i86"/>
  </properties>
  <testcase time="1.007" classname="com.sprhib.TestService" name="thatOrdersCanBeAddedAndQueried"/>
  <testcase time="1.007" classname="com.sprhib.TestService" name="thatOrdersCanBeAddedAndQueried"/>
  <testcase time="1.01" classname="com.sprhib.TestService" name="thatOrdersCanBeAddedAndQueried"/>
  <testcase time="0.005" classname="com.sprhib.TestService" name="thatOrdersCanBeAddedAndQueried"/>
  <testcase time="0.006" classname="com.sprhib.TestService" name="thatOrdersCanBeAddedAndQueried"/>
  <testcase time="0.096" classname="com.sprhib.TestService" name="thatOrdersCanBeAddedAndQueried"/>
  <testcase time="0.014" classname="com.sprhib.TestService" name="thatOrdersCanBeAddedAndQueried"/>
  <testcase time="0.041" classname="com.sprhib.TestService" name="thatOrdersCanBeAddedAndQueried"/>
  <testcase time="0.015" classname="com.sprhib.TestService" name="thatOrdersCanBeAddedAndQueried"/>
  <testcase time="0" classname="com.sprhib.TestService" name="thatOrdersCanBeAddedAndQueried"/>
  <testcase time="0.057" classname="com.sprhib.TestService" name="thatOrdersCanBeAddedAndQueried"/>
  <testcase time="0.03" classname="com.sprhib.TestService" name="thatOrdersCanBeAddedAndQueried"/>
  <testcase time="0.031" classname="com.sprhib.TestService" name="thatOrdersCanBeAddedAndQueried"/>
  <testcase time="0.004" classname="com.sprhib.TestService" name="thatOrdersCanBeAddedAndQueried"/>
  <testcase time="0.015" classname="com.sprhib.TestService" name="thatOrdersCanBeAddedAndQueried"/>
  <testcase time="0.055" classname="com.sprhib.TestService" name="thatOrdersCanBeAddedAndQueried"/>
  <testcase time="0.023" classname="com.sprhib.TestService" name="thatOrdersCanBeAddedAndQueried"/>
  <testcase time="0.04" classname="com.sprhib.TestService" name="thatOrdersCanBeAddedAndQueried"/>
  <testcase time="0.04" classname="com.sprhib.TestService" name="thatOrdersCanBeAddedAndQueried"/>
  <testcase time="0.012" classname="com.sprhib.TestService" name="thatOrdersCanBeAddedAndQueried"/>
  <testcase time="0.048" classname="com.sprhib.TestService" name="thatOrdersCanBeAddedAndQueried"/>
  <testcase time="0.06" classname="com.sprhib.TestService" name="thatOrdersCanBeAddedAndQueried"/>
  <testcase time="0.06" classname="com.sprhib.TestService" name="thatOrdersCanBeAddedAndQueried"/>
  <testcase time="0.06" classname="com.sprhib.TestService" name="thatOrdersCanBeAddedAndQueried"/>
  <testcase time="0.048" classname="com.sprhib.TestService" name="thatOrdersCanBeAddedAndQueried"/>
  <testcase time="0.04" classname="com.sprhib.TestService" name="thatOrdersCanBeAddedAndQueried"/>
  <testcase time="0.103" classname="com.sprhib.TestService" name="thatOrdersCanBeAddedAndQueried"/>
  <testcase time="0.114" classname="com.sprhib.TestService" name="thatOrdersCanBeAddedAndQueried"/>
  <testcase time="0.123" classname="com.sprhib.TestService" name="thatOrdersCanBeAddedAndQueried"/>
  <testcase time="0.135" classname="com.sprhib.TestService" name="thatOrdersCanBeAddedAndQueried"/>
</testsuite>