<?xml version="1.0" encoding="UTF-8"?>
<!-- Generated by org.testng.reporters.JUnitReportReporter -->
<testsuite hostname="1-ПК" name="com.sprhib.load.LoadTest" tests="2" failures="1" timestamp="14 Sep 2014 16:03:30 GMT" time="0.854" errors="0">
  <testcase name="thatOrdersCanBeAddedAndQueried" time="0.835" classname="com.sprhib.load.LoadTest">
    <failure type="org.springframework.http.converter.HttpMessageNotReadableException" message="Could not read JSON: Can not deserialize instance of com.sprhib.model.CurrencyCodeList out of START_ARRAY token
 at [Source: sun.net.www.protocol.http.HttpURLConnection$HttpInputStream@14bfbf1; line: 1, column: 1]; nested exception is com.fasterxml.jackson.databind.JsonMappingException: Can not deserialize instance of com.sprhib.model.CurrencyCodeList out of START_ARRAY token
 at [Source: sun.net.www.protocol.http.HttpURLConnection$HttpInputStream@14bfbf1; line: 1, column: 1]">
      <![CDATA[org.springframework.http.converter.HttpMessageNotReadableException: Could not read JSON: Can not deserialize instance of com.sprhib.model.CurrencyCodeList out of START_ARRAY token
 at [Source: sun.net.www.protocol.http.HttpURLConnection$HttpInputStream@14bfbf1; line: 1, column: 1]; nested exception is com.fasterxml.jackson.databind.JsonMappingException: Can not deserialize instance of com.sprhib.model.CurrencyCodeList out of START_ARRAY token
 at [Source: sun.net.www.protocol.http.HttpURLConnection$HttpInputStream@14bfbf1; line: 1, column: 1]
	at org.springframework.http.converter.json.MappingJackson2HttpMessageConverter.readJavaType(MappingJackson2HttpMessageConverter.java:185)
	at org.springframework.http.converter.json.MappingJackson2HttpMessageConverter.read(MappingJackson2HttpMessageConverter.java:177)
	at org.springframework.web.client.HttpMessageConverterExtractor.extractData(HttpMessageConverterExtractor.java:95)
	at org.springframework.web.client.RestTemplate$ResponseEntityResponseExtractor.extractData(RestTemplate.java:773)
	at org.springframework.web.client.RestTemplate$ResponseEntityResponseExtractor.extractData(RestTemplate.java:758)
	at org.springframework.web.client.RestTemplate.doExecute(RestTemplate.java:535)
	at org.springframework.web.client.RestTemplate.execute(RestTemplate.java:489)
	at org.springframework.web.client.RestTemplate.getForEntity(RestTemplate.java:250)
	at com.sprhib.load.LoadTest.thatOrdersCanBeAddedAndQueried(LoadTest.java:76)
	at sun.reflect.NativeMethodAccessorImpl.invoke0(Native Method)
	at sun.reflect.NativeMethodAccessorImpl.invoke(NativeMethodAccessorImpl.java:57)
	at sun.reflect.DelegatingMethodAccessorImpl.invoke(DelegatingMethodAccessorImpl.java:43)
	at java.lang.reflect.Method.invoke(Method.java:606)
	at org.testng.internal.MethodInvocationHelper.invokeMethod(MethodInvocationHelper.java:84)
	at org.testng.internal.Invoker.invokeMethod(Invoker.java:714)
	at org.testng.internal.Invoker.invokeTestMethod(Invoker.java:901)
	at org.testng.internal.Invoker.invokeTestMethods(Invoker.java:1231)
	at org.testng.internal.TestMethodWorker.invokeTestMethods(TestMethodWorker.java:127)
	at org.testng.internal.TestMethodWorker.run(TestMethodWorker.java:111)
	at org.testng.TestRunner.privateRun(TestRunner.java:767)
	at org.testng.TestRunner.run(TestRunner.java:617)
	at org.testng.SuiteRunner.runTest(SuiteRunner.java:334)
	at org.testng.SuiteRunner.runSequentially(SuiteRunner.java:329)
	at org.testng.SuiteRunner.privateRun(SuiteRunner.java:291)
	at org.testng.SuiteRunner.run(SuiteRunner.java:240)
	at org.testng.SuiteRunnerWorker.runSuite(SuiteRunnerWorker.java:52)
	at org.testng.SuiteRunnerWorker.run(SuiteRunnerWorker.java:86)
	at org.testng.TestNG.runSuitesSequentially(TestNG.java:1224)
	at org.testng.TestNG.runSuitesLocally(TestNG.java:1149)
	at org.testng.TestNG.run(TestNG.java:1057)
	at org.testng.remote.RemoteTestNG.run(RemoteTestNG.java:111)
	at org.testng.remote.RemoteTestNG.initAndRun(RemoteTestNG.java:204)
	at org.testng.remote.RemoteTestNG.main(RemoteTestNG.java:175)
Caused by: com.fasterxml.jackson.databind.JsonMappingException: Can not deserialize instance of com.sprhib.model.CurrencyCodeList out of START_ARRAY token
 at [Source: sun.net.www.protocol.http.HttpURLConnection$HttpInputStream@14bfbf1; line: 1, column: 1]
	at com.fasterxml.jackson.databind.JsonMappingException.from(JsonMappingException.java:164)
	at com.fasterxml.jackson.databind.DeserializationContext.mappingException(DeserializationContext.java:575)
	at com.fasterxml.jackson.databind.DeserializationContext.mappingException(DeserializationContext.java:569)
	at com.fasterxml.jackson.databind.deser.BeanDeserializerBase.deserializeFromArray(BeanDeserializerBase.java:1121)
	at com.fasterxml.jackson.databind.deser.BeanDeserializer._deserializeOther(BeanDeserializer.java:148)
	at com.fasterxml.jackson.databind.deser.BeanDeserializer.deserialize(BeanDeserializer.java:123)
	at com.fasterxml.jackson.databind.ObjectMapper._readMapAndClose(ObjectMapper.java:2888)
	at com.fasterxml.jackson.databind.ObjectMapper.readValue(ObjectMapper.java:2094)
	at org.springframework.http.converter.json.MappingJackson2HttpMessageConverter.readJavaType(MappingJackson2HttpMessageConverter.java:182)
	... 32 more
]]>
    </failure>
  </testcase> <!-- thatOrdersCanBeAddedAndQueried -->
  <testcase name="loadTestServer" time="0.019" classname="com.sprhib.load.LoadTest"/>
</testsuite> <!-- com.sprhib.load.LoadTest -->
