<?xml version="1.0" encoding="UTF-8"?>
<!-- Generated by org.testng.reporters.JUnitReportReporter -->
<testsuite hostname="1-ПК" name="com.sprhib.init.HibTest" tests="3" failures="0" timestamp="10 Sep 2014 20:56:46 GMT" time="0.487" errors="0">
  <testcase name="f" time="0.002" classname="com.sprhib.init.HibTest"/>
  <testcase name="f" time="0.010" classname="com.sprhib.init.HibTest"/>
  <testcase name="testConnection" time="0.475" classname="com.sprhib.init.HibTest"/>
</testsuite> <!-- com.sprhib.init.HibTest -->
