<?xml version="1.0" encoding="UTF-8"?>
<!-- Generated by org.testng.reporters.JUnitReportReporter -->
<testsuite hostname="1-ПК" name="com.sprhib.TestService" tests="5000" failures="320" timestamp="14 Sep 2014 16:22:01 GMT" time="951.533" errors="0">
  <testcase name="thatOrdersCanBeAddedAndQueried" time="0.185" classname="com.sprhib.TestService"/>
  <testcase name="thatOrdersCanBeAddedAndQueried" time="0.191" classname="com.sprhib.TestService"/>
  <testcase name="thatOrdersCanBeAddedAndQueried" time="0.181" classname="com.sprhib.TestService"/>
  <testcase name="thatOrdersCanBeAddedAndQueried" time="0.196" classname="com.sprhib.TestService"/>
  <testcase name="thatOrdersCanBeAddedAndQueried" time="0.199" classname="com.sprhib.TestService"/>
  <testcase name="thatOrdersCanBeAddedAndQueried" time="0.288" classname="com.sprhib.TestService"/>
  <testcase name="thatOrdersCanBeAddedAndQueried" time="0.254" classname="com.sprhib.TestService"/>
  <testcase name="thatOrdersCanBeAddedAndQueried" time="0.202" classname="com.sprhib.TestService"/>
  <testcase name="thatOrdersCanBeAddedAndQueried" time="0.189" classname="com.sprhib.TestService"/>
  <testcase name="thatOrdersCanBeAddedAndQueried" time="0.185" classname="com.sprhib.TestService"/>
  <testcase name="thatOrdersCanBeAddedAndQueried" time="0.179" classname="com.sprhib.TestService"/>
  <testcase name="thatOrdersCanBeAddedAndQueried" time="0.227" classname="com.sprhib.TestService"/>
  <testcase name="thatOrdersCanBeAddedAndQueried" time="0.118" classname="com.sprhib.TestService"/>
  <testcase name="thatOrdersCanBeAddedAndQueried" time="0.185" classname="com.sprhib.TestService"/>
  <testcase name="thatOrdersCanBeAddedAndQueried" time="0.168" classname="com.sprhib.TestService"/>
  <testcase name="thatOrdersCanBeAddedAndQueried" time="0.215" classname="com.sprhib.TestService"/>
  <testcase name="thatOrdersCanBeAddedAndQueried" time="0.208" classname="com.sprhib.TestService"/>
  <testcase name="thatOrdersCanBeAddedAndQueried" time="0.188" classname="com.sprhib.TestService"/>
  <testcase name="thatOrdersCanBeAddedAndQueried" time="0.251" classname="com.sprhib.TestService"/>
  <testcase name="thatOrdersCanBeAddedAndQueried" time="0.022" classname="com.sprhib.TestService">
    <failure type="org.springframework.web.client.ResourceAccessException" message="I/O error on GET request for &quot;http://localhost:8080/spr-mvc-hib/convertation/-110/EUR/USD&quot;:No buffer space available (maximum connections reached?): connect; nested exception is java.net.SocketException: No buffer space available (maximum connections reached?): connect">
      <![CDATA[org.springframework.web.client.ResourceAccessException: I/O error on GET request for "http://localhost:8080/spr-mvc-hib/convertation/-110/EUR/USD":No buffer space available (maximum connections reached?): connect; nested exception is java.net.SocketException: No buffer space available (maximum connections reached?): connect
	at org.springframework.web.client.RestTemplate.doExecute(RestTemplate.java:543)
	at org.springframework.web.client.RestTemplate.execute(RestTemplate.java:489)
	at org.springframework.web.client.RestTemplate.getForEntity(RestTemplate.java:250)
	at com.sprhib.TestService.thatOrdersCanBeAddedAndQueried(TestService.java:26)
	at sun.reflect.GeneratedMethodAccessor3.invoke(Unknown Source)
	at sun.reflect.DelegatingMethodAccessorImpl.invoke(DelegatingMethodAccessorImpl.java:43)
	at java.lang.reflect.Method.invoke(Method.java:606)
	at org.testng.internal.MethodInvocationHelper.invokeMethod(MethodInvocationHelper.java:84)
	at org.testng.internal.Invoker.invokeMethod(Invoker.java:714)
	at org.testng.internal.Invoker.invokeTestMethod(Invoker.java:901)
	at org.testng.internal.Invoker.invokeTestMethods(Invoker.java:1231)
	at org.testng.internal.TestMethodWorker.invokeTestMethods(TestMethodWorker.java:127)
	at org.testng.internal.TestMethodWorker.run(TestMethodWorker.java:111)
	at org.testng.internal.thread.ThreadUtil$2.call(ThreadUtil.java:64)
	at java.util.concurrent.FutureTask.run(FutureTask.java:262)
	at java.util.concurrent.ThreadPoolExecutor.runWorker(ThreadPoolExecutor.java:1145)
	at java.util.concurrent.ThreadPoolExecutor$Worker.run(ThreadPoolExecutor.java:615)
	at java.lang.Thread.run(Thread.java:745)
Caused by: java.net.SocketException: No buffer space available (maximum connections reached?): connect
	at java.net.DualStackPlainSocketImpl.connect0(Native Method)
	at java.net.DualStackPlainSocketImpl.socketConnect(DualStackPlainSocketImpl.java:79)
	at java.net.AbstractPlainSocketImpl.doConnect(AbstractPlainSocketImpl.java:339)
	at java.net.AbstractPlainSocketImpl.connectToAddress(AbstractPlainSocketImpl.java:200)
	at java.net.AbstractPlainSocketImpl.connect(AbstractPlainSocketImpl.java:182)
	at java.net.PlainSocketImpl.connect(PlainSocketImpl.java:172)
	at java.net.SocksSocketImpl.connect(SocksSocketImpl.java:392)
	at java.net.Socket.connect(Socket.java:579)
	at java.net.Socket.connect(Socket.java:528)
	at sun.net.NetworkClient.doConnect(NetworkClient.java:180)
	at sun.net.www.http.HttpClient.openServer(HttpClient.java:432)
	at sun.net.www.http.HttpClient.openServer(HttpClient.java:527)
	at sun.net.www.http.HttpClient.<init>(HttpClient.java:211)
	at sun.net.www.http.HttpClient.New(HttpClient.java:308)
	at sun.net.www.http.HttpClient.New(HttpClient.java:326)
	at sun.net.www.protocol.http.HttpURLConnection.getNewHttpClient(HttpURLConnection.java:996)
	at sun.net.www.protocol.http.HttpURLConnection.plainConnect(HttpURLConnection.java:932)
	at sun.net.www.protocol.http.HttpURLConnection.connect(HttpURLConnection.java:850)
	at org.springframework.http.client.SimpleBufferingClientHttpRequest.executeInternal(SimpleBufferingClientHttpRequest.java:78)
	at org.springframework.http.client.AbstractBufferingClientHttpRequest.executeInternal(AbstractBufferingClientHttpRequest.java:46)
	at org.springframework.http.client.AbstractClientHttpRequest.execute(AbstractClientHttpRequest.java:52)
	at org.springframework.web.client.RestTemplate.doExecute(RestTemplate.java:527)
	... 17 more
]]>
    </failure>
  </testcase> <!-- thatOrdersCanBeAddedAndQueried -->
  <testcase name="thatOrdersCanBeAddedAndQueried" time="0.118" classname="com.sprhib.TestService"/>
  <testcase name="thatOrdersCanBeAddedAndQueried" time="0.572" classname="com.sprhib.TestService"/>
  <testcase name="thatOrdersCanBeAddedAndQueried" time="0.165" classname="com.sprhib.TestService"/>
  <testcase name="thatOrdersCanBeAddedAndQueried" time="0.145" classname="com.sprhib.TestService"/>
  <testcase name="thatOrdersCanBeAddedAndQueried" time="0.169" classname="com.sprhib.TestService"/>
  <testcase name="thatOrdersCanBeAddedAndQueried" time="0.179" classname="com.sprhib.TestService"/>
  <testcase name="thatOrdersCanBeAddedAndQueried" time="0.162" classname="com.sprhib.TestService"/>
  <testcase name="thatOrdersCanBeAddedAndQueried" time="0.089" classname="com.sprhib.TestService"/>
  <testcase name="thatOrdersCanBeAddedAndQueried" time="0.345" classname="com.sprhib.TestService"/>
  <testcase name="thatOrdersCanBeAddedAndQueried" time="0.386" classname="com.sprhib.TestService"/>
  <testcase name="thatOrdersCanBeAddedAndQueried" time="0.110" classname="com.sprhib.TestService"/>
  <testcase name="thatOrdersCanBeAddedAndQueried" time="0.232" classname="com.sprhib.TestService"/>
  <testcase name="thatOrdersCanBeAddedAndQueried" time="0.174" classname="com.sprhib.TestService"/>
  <testcase name="thatOrdersCanBeAddedAndQueried" time="0.140" classname="com.sprhib.TestService"/>
  <testcase name="thatOrdersCanBeAddedAndQueried" time="0.235" classname="com.sprhib.TestService"/>
  <testcase name="thatOrdersCanBeAddedAndQueried" time="0.146" classname="com.sprhib.TestService"/>
  <testcase name="thatOrdersCanBeAddedAndQueried" time="0.128" classname="com.sprhib.TestService"/>
  <testcase name="thatOrdersCanBeAddedAndQueried" time="0.206" classname="com.sprhib.TestService"/>
  <testcase name="thatOrdersCanBeAddedAndQueried" time="0.159" classname="com.sprhib.TestService"/>
  <testcase name="thatOrdersCanBeAddedAndQueried" time="0.234" classname="com.sprhib.TestService"/>
  <testcase name="thatOrdersCanBeAddedAndQueried" time="0.262" classname="com.sprhib.TestService"/>
  <testcase name="thatOrdersCanBeAddedAndQueried" time="0.176" classname="com.sprhib.TestService"/>
  <testcase name="thatOrdersCanBeAddedAndQueried" time="0.147" classname="com.sprhib.TestService"/>
  <testcase name="thatOrdersCanBeAddedAndQueried" time="0.181" classname="com.sprhib.TestService"/>
  <testcase name="thatOrdersCanBeAddedAndQueried" time="0.202" classname="com.sprhib.TestService"/>
  <testcase name="thatOrdersCanBeAddedAndQueried" time="0.144" classname="com.sprhib.TestService"/>
  <testcase name="thatOrdersCanBeAddedAndQueried" time="0.173" classname="com.sprhib.TestService"/>
  <testcase name="thatOrdersCanBeAddedAndQueried" time="0.272" classname="com.sprhib.TestService"/>
  <testcase name="thatOrdersCanBeAddedAndQueried" time="0.147" classname="com.sprhib.TestService"/>
  <testcase name="thatOrdersCanBeAddedAndQueried" time="0.131" classname="com.sprhib.TestService"/>
  <testcase name="thatOrdersCanBeAddedAndQueried" time="0.197" classname="com.sprhib.TestService"/>
  <testcase name="thatOrdersCanBeAddedAndQueried" time="0.167" classname="com.sprhib.TestService"/>
  <testcase name="thatOrdersCanBeAddedAndQueried" time="0.227" classname="com.sprhib.TestService"/>
  <testcase name="thatOrdersCanBeAddedAndQueried" time="0.170" classname="com.sprhib.TestService"/>
  <testcase name="thatOrdersCanBeAddedAndQueried" time="0.224" classname="com.sprhib.TestService"/>
  <testcase name="thatOrdersCanBeAddedAndQueried" time="0.176" classname="com.sprhib.TestService"/>
  <testcase name="thatOrdersCanBeAddedAndQueried" time="0.179" classname="com.sprhib.TestService"/>
  <testcase name="thatOrdersCanBeAddedAndQueried" time="0.263" classname="com.sprhib.TestService"/>
  <testcase name="thatOrdersCanBeAddedAndQueried" time="0.099" classname="com.sprhib.TestService"/>
  <testcase name="thatOrdersCanBeAddedAndQueried" time="0.227" classname="com.sprhib.TestService"/>
  <testcase name="thatOrdersCanBeAddedAndQueried" time="0.177" classname="com.sprhib.TestService"/>
  <testcase name="thatOrdersCanBeAddedAndQueried" time="0.191" classname="com.sprhib.TestService"/>
  <testcase name="thatOrdersCanBeAddedAndQueried" time="0.135" classname="com.sprhib.TestService"/>
  <testcase name="thatOrdersCanBeAddedAndQueried" time="0.221" classname="com.sprhib.TestService"/>
  <testcase name="thatOrdersCanBeAddedAndQueried" time="0.138" classname="com.sprhib.TestService"/>
  <testcase name="thatOrdersCanBeAddedAndQueried" time="0.224" classname="com.sprhib.TestService"/>
  <testcase name="thatOrdersCanBeAddedAndQueried" time="0.180" classname="com.sprhib.TestService"/>
  <testcase name="thatOrdersCanBeAddedAndQueried" time="0.195" classname="com.sprhib.TestService"/>
  <testcase name="thatOrdersCanBeAddedAndQueried" time="0.197" classname="com.sprhib.TestService"/>
  <testcase name="thatOrdersCanBeAddedAndQueried" time="0.123" classname="com.sprhib.TestService"/>
  <testcase name="thatOrdersCanBeAddedAndQueried" time="0.052" classname="com.sprhib.TestService">
    <failure type="org.springframework.web.client.ResourceAccessException" message="I/O error on GET request for &quot;http://localhost:8080/spr-mvc-hib/convertation/-110/EUR/USD&quot;:No buffer space available (maximum connections reached?): connect; nested exception is java.net.SocketException: No buffer space available (maximum connections reached?): connect">
      <![CDATA[org.springframework.web.client.ResourceAccessException: I/O error on GET request for "http://localhost:8080/spr-mvc-hib/convertation/-110/EUR/USD":No buffer space available (maximum connections reached?): connect; nested exception is java.net.SocketException: No buffer space available (maximum connections reached?): connect
	at org.springframework.web.client.RestTemplate.doExecute(RestTemplate.java:543)
	at org.springframework.web.client.RestTemplate.execute(RestTemplate.java:489)
	at org.springframework.web.client.RestTemplate.getForEntity(RestTemplate.java:250)
	at com.sprhib.TestService.thatOrdersCanBeAddedAndQueried(TestService.java:26)
	at sun.reflect.GeneratedMethodAccessor3.invoke(Unknown Source)
	at sun.reflect.DelegatingMethodAccessorImpl.invoke(DelegatingMethodAccessorImpl.java:43)
	at java.lang.reflect.Method.invoke(Method.java:606)
	at org.testng.internal.MethodInvocationHelper.invokeMethod(MethodInvocationHelper.java:84)
	at org.testng.internal.Invoker.invokeMethod(Invoker.java:714)
	at org.testng.internal.Invoker.invokeTestMethod(Invoker.java:901)
	at org.testng.internal.Invoker.invokeTestMethods(Invoker.java:1231)
	at org.testng.internal.TestMethodWorker.invokeTestMethods(TestMethodWorker.java:127)
	at org.testng.internal.TestMethodWorker.run(TestMethodWorker.java:111)
	at org.testng.internal.thread.ThreadUtil$2.call(ThreadUtil.java:64)
	at java.util.concurrent.FutureTask.run(FutureTask.java:262)
	at java.util.concurrent.ThreadPoolExecutor.runWorker(ThreadPoolExecutor.java:1145)
	at java.util.concurrent.ThreadPoolExecutor$Worker.run(ThreadPoolExecutor.java:615)
	at java.lang.Thread.run(Thread.java:745)
Caused by: java.net.SocketException: No buffer space available (maximum connections reached?): connect
	at java.net.DualStackPlainSocketImpl.connect0(Native Method)
	at java.net.DualStackPlainSocketImpl.socketConnect(DualStackPlainSocketImpl.java:79)
	at java.net.AbstractPlainSocketImpl.doConnect(AbstractPlainSocketImpl.java:339)
	at java.net.AbstractPlainSocketImpl.connectToAddress(AbstractPlainSocketImpl.java:200)
	at java.net.AbstractPlainSocketImpl.connect(AbstractPlainSocketImpl.java:182)
	at java.net.PlainSocketImpl.connect(PlainSocketImpl.java:172)
	at java.net.SocksSocketImpl.connect(SocksSocketImpl.java:392)
	at java.net.Socket.connect(Socket.java:579)
	at java.net.Socket.connect(Socket.java:528)
	at sun.net.NetworkClient.doConnect(NetworkClient.java:180)
	at sun.net.www.http.HttpClient.openServer(HttpClient.java:432)
	at sun.net.www.http.HttpClient.openServer(HttpClient.java:527)
	at sun.net.www.http.HttpClient.<init>(HttpClient.java:211)
	at sun.net.www.http.HttpClient.New(HttpClient.java:308)
	at sun.net.www.http.HttpClient.New(HttpClient.java:326)
	at sun.net.www.protocol.http.HttpURLConnection.getNewHttpClient(HttpURLConnection.java:996)
	at sun.net.www.protocol.http.HttpURLConnection.plainConnect(HttpURLConnection.java:932)
	at sun.net.www.protocol.http.HttpURLConnection.connect(HttpURLConnection.java:850)
	at org.springframework.http.client.SimpleBufferingClientHttpRequest.executeInternal(SimpleBufferingClientHttpRequest.java:78)
	at org.springframework.http.client.AbstractBufferingClientHttpRequest.executeInternal(AbstractBufferingClientHttpRequest.java:46)
	at org.springframework.http.client.AbstractClientHttpRequest.execute(AbstractClientHttpRequest.java:52)
	at org.springframework.web.client.RestTemplate.doExecute(RestTemplate.java:527)
	... 17 more
]]>
    </failure>
  </testcase> <!-- thatOrdersCanBeAddedAndQueried -->
  <testcase name="thatOrdersCanBeAddedAndQueried" time="0.375" classname="com.sprhib.TestService"/>
  <testcase name="thatOrdersCanBeAddedAndQueried" time="0.153" classname="com.sprhib.TestService"/>
  <testcase name="thatOrdersCanBeAddedAndQueried" time="0.301" classname="com.sprhib.TestService"/>
  <testcase name="thatOrdersCanBeAddedAndQueried" time="0.140" classname="com.sprhib.TestService"/>
  <testcase name="thatOrdersCanBeAddedAndQueried" time="0.196" classname="com.sprhib.TestService"/>
  <testcase name="thatOrdersCanBeAddedAndQueried" time="0.207" classname="com.sprhib.TestService"/>
  <testcase name="thatOrdersCanBeAddedAndQueried" time="0.199" classname="com.sprhib.TestService"/>
  <testcase name="thatOrdersCanBeAddedAndQueried" time="0.330" classname="com.sprhib.TestService"/>
  <testcase name="thatOrdersCanBeAddedAndQueried" time="0.140" classname="com.sprhib.TestService"/>
  <testcase name="thatOrdersCanBeAddedAndQueried" time="0.167" classname="com.sprhib.TestService"/>
  <testcase name="thatOrdersCanBeAddedAndQueried" time="0.269" classname="com.sprhib.TestService"/>
  <testcase name="thatOrdersCanBeAddedAndQueried" time="0.176" classname="com.sprhib.TestService"/>
  <testcase name="thatOrdersCanBeAddedAndQueried" time="0.173" classname="com.sprhib.TestService"/>
  <testcase name="thatOrdersCanBeAddedAndQueried" time="0.237" classname="com.sprhib.TestService"/>
  <testcase name="thatOrdersCanBeAddedAndQueried" time="0.164" classname="com.sprhib.TestService"/>
  <testcase name="thatOrdersCanBeAddedAndQueried" time="0.168" classname="com.sprhib.TestService"/>
  <testcase name="thatOrdersCanBeAddedAndQueried" time="0.276" classname="com.sprhib.TestService"/>
  <testcase name="thatOrdersCanBeAddedAndQueried" time="0.147" classname="com.sprhib.TestService"/>
  <testcase name="thatOrdersCanBeAddedAndQueried" time="0.217" classname="com.sprhib.TestService"/>
  <testcase name="thatOrdersCanBeAddedAndQueried" time="0.191" classname="com.sprhib.TestService"/>
  <testcase name="thatOrdersCanBeAddedAndQueried" time="0.084" classname="com.sprhib.TestService"/>
  <testcase name="thatOrdersCanBeAddedAndQueried" time="0.172" classname="com.sprhib.TestService"/>
  <testcase name="thatOrdersCanBeAddedAndQueried" time="0.123" classname="com.sprhib.TestService"/>
  <testcase name="thatOrdersCanBeAddedAndQueried" time="0.181" classname="com.sprhib.TestService"/>
  <testcase name="thatOrdersCanBeAddedAndQueried" time="0.224" classname="com.sprhib.TestService"/>
  <testcase name="thatOrdersCanBeAddedAndQueried" time="0.192" classname="com.sprhib.TestService"/>
  <testcase name="thatOrdersCanBeAddedAndQueried" time="0.175" classname="com.sprhib.TestService"/>
  <testcase name="thatOrdersCanBeAddedAndQueried" time="0.213" classname="com.sprhib.TestService"/>
  <testcase name="thatOrdersCanBeAddedAndQueried" time="0.154" classname="com.sprhib.TestService"/>
  <testcase name="thatOrdersCanBeAddedAndQueried" time="0.148" classname="com.sprhib.TestService"/>
  <testcase name="thatOrdersCanBeAddedAndQueried" time="0.130" classname="com.sprhib.TestService"/>
  <testcase name="thatOrdersCanBeAddedAndQueried" time="0.254" classname="com.sprhib.TestService"/>
  <testcase name="thatOrdersCanBeAddedAndQueried" time="0.037" classname="com.sprhib.TestService">
    <failure type="org.springframework.web.client.ResourceAccessException" message="I/O error on GET request for &quot;http://localhost:8080/spr-mvc-hib/convertation/-110/EUR/USD&quot;:No buffer space available (maximum connections reached?): connect; nested exception is java.net.SocketException: No buffer space available (maximum connections reached?): connect">
      <![CDATA[org.springframework.web.client.ResourceAccessException: I/O error on GET request for "http://localhost:8080/spr-mvc-hib/convertation/-110/EUR/USD":No buffer space available (maximum connections reached?): connect; nested exception is java.net.SocketException: No buffer space available (maximum connections reached?): connect
	at org.springframework.web.client.RestTemplate.doExecute(RestTemplate.java:543)
	at org.springframework.web.client.RestTemplate.execute(RestTemplate.java:489)
	at org.springframework.web.client.RestTemplate.getForEntity(RestTemplate.java:250)
	at com.sprhib.TestService.thatOrdersCanBeAddedAndQueried(TestService.java:26)
	at sun.reflect.GeneratedMethodAccessor3.invoke(Unknown Source)
	at sun.reflect.DelegatingMethodAccessorImpl.invoke(DelegatingMethodAccessorImpl.java:43)
	at java.lang.reflect.Method.invoke(Method.java:606)
	at org.testng.internal.MethodInvocationHelper.invokeMethod(MethodInvocationHelper.java:84)
	at org.testng.internal.Invoker.invokeMethod(Invoker.java:714)
	at org.testng.internal.Invoker.invokeTestMethod(Invoker.java:901)
	at org.testng.internal.Invoker.invokeTestMethods(Invoker.java:1231)
	at org.testng.internal.TestMethodWorker.invokeTestMethods(TestMethodWorker.java:127)
	at org.testng.internal.TestMethodWorker.run(TestMethodWorker.java:111)
	at org.testng.internal.thread.ThreadUtil$2.call(ThreadUtil.java:64)
	at java.util.concurrent.FutureTask.run(FutureTask.java:262)
	at java.util.concurrent.ThreadPoolExecutor.runWorker(ThreadPoolExecutor.java:1145)
	at java.util.concurrent.ThreadPoolExecutor$Worker.run(ThreadPoolExecutor.java:615)
	at java.lang.Thread.run(Thread.java:745)
Caused by: java.net.SocketException: No buffer space available (maximum connections reached?): connect
	at java.net.DualStackPlainSocketImpl.connect0(Native Method)
	at java.net.DualStackPlainSocketImpl.socketConnect(DualStackPlainSocketImpl.java:79)
	at java.net.AbstractPlainSocketImpl.doConnect(AbstractPlainSocketImpl.java:339)
	at java.net.AbstractPlainSocketImpl.connectToAddress(AbstractPlainSocketImpl.java:200)
	at java.net.AbstractPlainSocketImpl.connect(AbstractPlainSocketImpl.java:182)
	at java.net.PlainSocketImpl.connect(PlainSocketImpl.java:172)
	at java.net.SocksSocketImpl.connect(SocksSocketImpl.java:392)
	at java.net.Socket.connect(Socket.java:579)
	at java.net.Socket.connect(Socket.java:528)
	at sun.net.NetworkClient.doConnect(NetworkClient.java:180)
	at sun.net.www.http.HttpClient.openServer(HttpClient.java:432)
	at sun.net.www.http.HttpClient.openServer(HttpClient.java:527)
	at sun.net.www.http.HttpClient.<init>(HttpClient.java:211)
	at sun.net.www.http.HttpClient.New(HttpClient.java:308)
	at sun.net.www.http.HttpClient.New(HttpClient.java:326)
	at sun.net.www.protocol.http.HttpURLConnection.getNewHttpClient(HttpURLConnection.java:996)
	at sun.net.www.protocol.http.HttpURLConnection.plainConnect(HttpURLConnection.java:932)
	at sun.net.www.protocol.http.HttpURLConnection.connect(HttpURLConnection.java:850)
	at org.springframework.http.client.SimpleBufferingClientHttpRequest.executeInternal(SimpleBufferingClientHttpRequest.java:78)
	at org.springframework.http.client.AbstractBufferingClientHttpRequest.executeInternal(AbstractBufferingClientHttpRequest.java:46)
	at org.springframework.http.client.AbstractClientHttpRequest.execute(AbstractClientHttpRequest.java:52)
	at org.springframework.web.client.RestTemplate.doExecute(RestTemplate.java:527)
	... 17 more
]]>
    </failure>
  </testcase> <!-- thatOrdersCanBeAddedAndQueried -->
  <testcase name="thatOrdersCanBeAddedAndQueried" time="0.242" classname="com.sprhib.TestService"/>
  <testcase name="thatOrdersCanBeAddedAndQueried" time="0.203" classname="com.sprhib.TestService"/>
  <testcase name="thatOrdersCanBeAddedAndQueried" time="0.135" classname="com.sprhib.TestService"/>
  <testcase name="thatOrdersCanBeAddedAndQueried" time="0.335" classname="com.sprhib.TestService"/>
  <testcase name="thatOrdersCanBeAddedAndQueried" time="0.165" classname="com.sprhib.TestService"/>
  <testcase name="thatOrdersCanBeAddedAndQueried" time="0.379" classname="com.sprhib.TestService"/>
  <testcase name="thatOrdersCanBeAddedAndQueried" time="0.211" classname="com.sprhib.TestService"/>
  <testcase name="thatOrdersCanBeAddedAndQueried" time="0.117" classname="com.sprhib.TestService"/>
  <testcase name="thatOrdersCanBeAddedAndQueried" time="0.148" classname="com.sprhib.TestService"/>
  <testcase name="thatOrdersCanBeAddedAndQueried" time="0.288" classname="com.sprhib.TestService"/>
  <testcase name="thatOrdersCanBeAddedAndQueried" time="0.208" classname="com.sprhib.TestService"/>
  <testcase name="thatOrdersCanBeAddedAndQueried" time="0.212" classname="com.sprhib.TestService"/>
  <testcase name="thatOrdersCanBeAddedAndQueried" time="0.204" classname="com.sprhib.TestService"/>
  <testcase name="thatOrdersCanBeAddedAndQueried" time="0.125" classname="com.sprhib.TestService"/>
  <testcase name="thatOrdersCanBeAddedAndQueried" time="0.165" classname="com.sprhib.TestService"/>
  <testcase name="thatOrdersCanBeAddedAndQueried" time="0.122" classname="com.sprhib.TestService"/>
  <testcase name="thatOrdersCanBeAddedAndQueried" time="0.172" classname="com.sprhib.TestService"/>
  <testcase name="thatOrdersCanBeAddedAndQueried" time="0.256" classname="com.sprhib.TestService"/>
  <testcase name="thatOrdersCanBeAddedAndQueried" time="0.192" classname="com.sprhib.TestService"/>
  <testcase name="thatOrdersCanBeAddedAndQueried" time="0.230" classname="com.sprhib.TestService"/>
  <testcase name="thatOrdersCanBeAddedAndQueried" time="0.209" classname="com.sprhib.TestService"/>
  <testcase name="thatOrdersCanBeAddedAndQueried" time="0.164" classname="com.sprhib.TestService"/>
  <testcase name="thatOrdersCanBeAddedAndQueried" time="0.156" classname="com.sprhib.TestService"/>
  <testcase name="thatOrdersCanBeAddedAndQueried" time="0.156" classname="com.sprhib.TestService"/>
  <testcase name="thatOrdersCanBeAddedAndQueried" time="0.198" classname="com.sprhib.TestService"/>
  <testcase name="thatOrdersCanBeAddedAndQueried" time="0.134" classname="com.sprhib.TestService"/>
  <testcase name="thatOrdersCanBeAddedAndQueried" time="0.104" classname="com.sprhib.TestService"/>
  <testcase name="thatOrdersCanBeAddedAndQueried" time="0.064" classname="com.sprhib.TestService">
    <failure type="org.springframework.web.client.ResourceAccessException" message="I/O error on GET request for &quot;http://localhost:8080/spr-mvc-hib/convertation/-110/EUR/USD&quot;:No buffer space available (maximum connections reached?): connect; nested exception is java.net.SocketException: No buffer space available (maximum connections reached?): connect">
      <![CDATA[org.springframework.web.client.ResourceAccessException: I/O error on GET request for "http://localhost:8080/spr-mvc-hib/convertation/-110/EUR/USD":No buffer space available (maximum connections reached?): connect; nested exception is java.net.SocketException: No buffer space available (maximum connections reached?): connect
	at org.springframework.web.client.RestTemplate.doExecute(RestTemplate.java:543)
	at org.springframework.web.client.RestTemplate.execute(RestTemplate.java:489)
	at org.springframework.web.client.RestTemplate.getForEntity(RestTemplate.java:250)
	at com.sprhib.TestService.thatOrdersCanBeAddedAndQueried(TestService.java:26)
	at sun.reflect.GeneratedMethodAccessor3.invoke(Unknown Source)
	at sun.reflect.DelegatingMethodAccessorImpl.invoke(DelegatingMethodAccessorImpl.java:43)
	at java.lang.reflect.Method.invoke(Method.java:606)
	at org.testng.internal.MethodInvocationHelper.invokeMethod(MethodInvocationHelper.java:84)
	at org.testng.internal.Invoker.invokeMethod(Invoker.java:714)
	at org.testng.internal.Invoker.invokeTestMethod(Invoker.java:901)
	at org.testng.internal.Invoker.invokeTestMethods(Invoker.java:1231)
	at org.testng.internal.TestMethodWorker.invokeTestMethods(TestMethodWorker.java:127)
	at org.testng.internal.TestMethodWorker.run(TestMethodWorker.java:111)
	at org.testng.internal.thread.ThreadUtil$2.call(ThreadUtil.java:64)
	at java.util.concurrent.FutureTask.run(FutureTask.java:262)
	at java.util.concurrent.ThreadPoolExecutor.runWorker(ThreadPoolExecutor.java:1145)
	at java.util.concurrent.ThreadPoolExecutor$Worker.run(ThreadPoolExecutor.java:615)
	at java.lang.Thread.run(Thread.java:745)
Caused by: java.net.SocketException: No buffer space available (maximum connections reached?): connect
	at java.net.DualStackPlainSocketImpl.connect0(Native Method)
	at java.net.DualStackPlainSocketImpl.socketConnect(DualStackPlainSocketImpl.java:79)
	at java.net.AbstractPlainSocketImpl.doConnect(AbstractPlainSocketImpl.java:339)
	at java.net.AbstractPlainSocketImpl.connectToAddress(AbstractPlainSocketImpl.java:200)
	at java.net.AbstractPlainSocketImpl.connect(AbstractPlainSocketImpl.java:182)
	at java.net.PlainSocketImpl.connect(PlainSocketImpl.java:172)
	at java.net.SocksSocketImpl.connect(SocksSocketImpl.java:392)
	at java.net.Socket.connect(Socket.java:579)
	at java.net.Socket.connect(Socket.java:528)
	at sun.net.NetworkClient.doConnect(NetworkClient.java:180)
	at sun.net.www.http.HttpClient.openServer(HttpClient.java:432)
	at sun.net.www.http.HttpClient.openServer(HttpClient.java:527)
	at sun.net.www.http.HttpClient.<init>(HttpClient.java:211)
	at sun.net.www.http.HttpClient.New(HttpClient.java:308)
	at sun.net.www.http.HttpClient.New(HttpClient.java:326)
	at sun.net.www.protocol.http.HttpURLConnection.getNewHttpClient(HttpURLConnection.java:996)
	at sun.net.www.protocol.http.HttpURLConnection.plainConnect(HttpURLConnection.java:932)
	at sun.net.www.protocol.http.HttpURLConnection.connect(HttpURLConnection.java:850)
	at org.springframework.http.client.SimpleBufferingClientHttpRequest.executeInternal(SimpleBufferingClientHttpRequest.java:78)
	at org.springframework.http.client.AbstractBufferingClientHttpRequest.executeInternal(AbstractBufferingClientHttpRequest.java:46)
	at org.springframework.http.client.AbstractClientHttpRequest.execute(AbstractClientHttpRequest.java:52)
	at org.springframework.web.client.RestTemplate.doExecute(RestTemplate.java:527)
	... 17 more
]]>
    </failure>
  </testcase> <!-- thatOrdersCanBeAddedAndQueried -->
  <testcase name="thatOrdersCanBeAddedAndQueried" time="0.180" classname="com.sprhib.TestService"/>
  <testcase name="thatOrdersCanBeAddedAndQueried" time="0.178" classname="com.sprhib.TestService"/>
  <testcase name="thatOrdersCanBeAddedAndQueried" time="0.219" classname="com.sprhib.TestService"/>
  <testcase name="thatOrdersCanBeAddedAndQueried" time="0.133" classname="com.sprhib.TestService"/>
  <testcase name="thatOrdersCanBeAddedAndQueried" time="0.096" classname="com.sprhib.TestService"/>
  <testcase name="thatOrdersCanBeAddedAndQueried" time="0.145" classname="com.sprhib.TestService"/>
  <testcase name="thatOrdersCanBeAddedAndQueried" time="0.177" classname="com.sprhib.TestService"/>
  <testcase name="thatOrdersCanBeAddedAndQueried" time="0.225" classname="com.sprhib.TestService"/>
  <testcase name="thatOrdersCanBeAddedAndQueried" time="0.322" classname="com.sprhib.TestService"/>
  <testcase name="thatOrdersCanBeAddedAndQueried" time="0.219" classname="com.sprhib.TestService"/>
  <testcase name="thatOrdersCanBeAddedAndQueried" time="0.184" classname="com.sprhib.TestService"/>
  <testcase name="thatOrdersCanBeAddedAndQueried" time="0.341" classname="com.sprhib.TestService"/>
  <testcase name="thatOrdersCanBeAddedAndQueried" time="0.198" classname="com.sprhib.TestService"/>
  <testcase name="thatOrdersCanBeAddedAndQueried" time="0.124" classname="com.sprhib.TestService"/>
  <testcase name="thatOrdersCanBeAddedAndQueried" time="0.188" classname="com.sprhib.TestService"/>
  <testcase name="thatOrdersCanBeAddedAndQueried" time="0.146" classname="com.sprhib.TestService"/>
  <testcase name="thatOrdersCanBeAddedAndQueried" time="0.190" classname="com.sprhib.TestService"/>
  <testcase name="thatOrdersCanBeAddedAndQueried" time="0.101" classname="com.sprhib.TestService"/>
  <testcase name="thatOrdersCanBeAddedAndQueried" time="0.178" classname="com.sprhib.TestService"/>
  <testcase name="thatOrdersCanBeAddedAndQueried" time="0.260" classname="com.sprhib.TestService"/>
  <testcase name="thatOrdersCanBeAddedAndQueried" time="0.130" classname="com.sprhib.TestService"/>
  <testcase name="thatOrdersCanBeAddedAndQueried" time="0.188" classname="com.sprhib.TestService"/>
  <testcase name="thatOrdersCanBeAddedAndQueried" time="0.232" classname="com.sprhib.TestService"/>
  <testcase name="thatOrdersCanBeAddedAndQueried" time="0.571" classname="com.sprhib.TestService"/>
  <testcase name="thatOrdersCanBeAddedAndQueried" time="0.102" classname="com.sprhib.TestService"/>
  <testcase name="thatOrdersCanBeAddedAndQueried" time="0.031" classname="com.sprhib.TestService">
    <failure type="org.springframework.web.client.ResourceAccessException" message="I/O error on GET request for &quot;http://localhost:8080/spr-mvc-hib/convertation/-110/EUR/USD&quot;:No buffer space available (maximum connections reached?): connect; nested exception is java.net.SocketException: No buffer space available (maximum connections reached?): connect">
      <![CDATA[org.springframework.web.client.ResourceAccessException: I/O error on GET request for "http://localhost:8080/spr-mvc-hib/convertation/-110/EUR/USD":No buffer space available (maximum connections reached?): connect; nested exception is java.net.SocketException: No buffer space available (maximum connections reached?): connect
	at org.springframework.web.client.RestTemplate.doExecute(RestTemplate.java:543)
	at org.springframework.web.client.RestTemplate.execute(RestTemplate.java:489)
	at org.springframework.web.client.RestTemplate.getForEntity(RestTemplate.java:250)
	at com.sprhib.TestService.thatOrdersCanBeAddedAndQueried(TestService.java:26)
	at sun.reflect.GeneratedMethodAccessor3.invoke(Unknown Source)
	at sun.reflect.DelegatingMethodAccessorImpl.invoke(DelegatingMethodAccessorImpl.java:43)
	at java.lang.reflect.Method.invoke(Method.java:606)
	at org.testng.internal.MethodInvocationHelper.invokeMethod(MethodInvocationHelper.java:84)
	at org.testng.internal.Invoker.invokeMethod(Invoker.java:714)
	at org.testng.internal.Invoker.invokeTestMethod(Invoker.java:901)
	at org.testng.internal.Invoker.invokeTestMethods(Invoker.java:1231)
	at org.testng.internal.TestMethodWorker.invokeTestMethods(TestMethodWorker.java:127)
	at org.testng.internal.TestMethodWorker.run(TestMethodWorker.java:111)
	at org.testng.internal.thread.ThreadUtil$2.call(ThreadUtil.java:64)
	at java.util.concurrent.FutureTask.run(FutureTask.java:262)
	at java.util.concurrent.ThreadPoolExecutor.runWorker(ThreadPoolExecutor.java:1145)
	at java.util.concurrent.ThreadPoolExecutor$Worker.run(ThreadPoolExecutor.java:615)
	at java.lang.Thread.run(Thread.java:745)
Caused by: java.net.SocketException: No buffer space available (maximum connections reached?): connect
	at java.net.DualStackPlainSocketImpl.connect0(Native Method)
	at java.net.DualStackPlainSocketImpl.socketConnect(DualStackPlainSocketImpl.java:79)
	at java.net.AbstractPlainSocketImpl.doConnect(AbstractPlainSocketImpl.java:339)
	at java.net.AbstractPlainSocketImpl.connectToAddress(AbstractPlainSocketImpl.java:200)
	at java.net.AbstractPlainSocketImpl.connect(AbstractPlainSocketImpl.java:182)
	at java.net.PlainSocketImpl.connect(PlainSocketImpl.java:172)
	at java.net.SocksSocketImpl.connect(SocksSocketImpl.java:392)
	at java.net.Socket.connect(Socket.java:579)
	at java.net.Socket.connect(Socket.java:528)
	at sun.net.NetworkClient.doConnect(NetworkClient.java:180)
	at sun.net.www.http.HttpClient.openServer(HttpClient.java:432)
	at sun.net.www.http.HttpClient.openServer(HttpClient.java:527)
	at sun.net.www.http.HttpClient.<init>(HttpClient.java:211)
	at sun.net.www.http.HttpClient.New(HttpClient.java:308)
	at sun.net.www.http.HttpClient.New(HttpClient.java:326)
	at sun.net.www.protocol.http.HttpURLConnection.getNewHttpClient(HttpURLConnection.java:996)
	at sun.net.www.protocol.http.HttpURLConnection.plainConnect(HttpURLConnection.java:932)
	at sun.net.www.protocol.http.HttpURLConnection.connect(HttpURLConnection.java:850)
	at org.springframework.http.client.SimpleBufferingClientHttpRequest.executeInternal(SimpleBufferingClientHttpRequest.java:78)
	at org.springframework.http.client.AbstractBufferingClientHttpRequest.executeInternal(AbstractBufferingClientHttpRequest.java:46)
	at org.springframework.http.client.AbstractClientHttpRequest.execute(AbstractClientHttpRequest.java:52)
	at org.springframework.web.client.RestTemplate.doExecute(RestTemplate.java:527)
	... 17 more
]]>
    </failure>
  </testcase> <!-- thatOrdersCanBeAddedAndQueried -->
  <testcase name="thatOrdersCanBeAddedAndQueried" time="0.023" classname="com.sprhib.TestService">
    <failure type="org.springframework.web.client.ResourceAccessException" message="I/O error on GET request for &quot;http://localhost:8080/spr-mvc-hib/convertation/-110/EUR/USD&quot;:No buffer space available (maximum connections reached?): connect; nested exception is java.net.SocketException: No buffer space available (maximum connections reached?): connect">
      <![CDATA[org.springframework.web.client.ResourceAccessException: I/O error on GET request for "http://localhost:8080/spr-mvc-hib/convertation/-110/EUR/USD":No buffer space available (maximum connections reached?): connect; nested exception is java.net.SocketException: No buffer space available (maximum connections reached?): connect
	at org.springframework.web.client.RestTemplate.doExecute(RestTemplate.java:543)
	at org.springframework.web.client.RestTemplate.execute(RestTemplate.java:489)
	at org.springframework.web.client.RestTemplate.getForEntity(RestTemplate.java:250)
	at com.sprhib.TestService.thatOrdersCanBeAddedAndQueried(TestService.java:26)
	at sun.reflect.GeneratedMethodAccessor3.invoke(Unknown Source)
	at sun.reflect.DelegatingMethodAccessorImpl.invoke(DelegatingMethodAccessorImpl.java:43)
	at java.lang.reflect.Method.invoke(Method.java:606)
	at org.testng.internal.MethodInvocationHelper.invokeMethod(MethodInvocationHelper.java:84)
	at org.testng.internal.Invoker.invokeMethod(Invoker.java:714)
	at org.testng.internal.Invoker.invokeTestMethod(Invoker.java:901)
	at org.testng.internal.Invoker.invokeTestMethods(Invoker.java:1231)
	at org.testng.internal.TestMethodWorker.invokeTestMethods(TestMethodWorker.java:127)
	at org.testng.internal.TestMethodWorker.run(TestMethodWorker.java:111)
	at org.testng.internal.thread.ThreadUtil$2.call(ThreadUtil.java:64)
	at java.util.concurrent.FutureTask.run(FutureTask.java:262)
	at java.util.concurrent.ThreadPoolExecutor.runWorker(ThreadPoolExecutor.java:1145)
	at java.util.concurrent.ThreadPoolExecutor$Worker.run(ThreadPoolExecutor.java:615)
	at java.lang.Thread.run(Thread.java:745)
Caused by: java.net.SocketException: No buffer space available (maximum connections reached?): connect
	at java.net.DualStackPlainSocketImpl.connect0(Native Method)
	at java.net.DualStackPlainSocketImpl.socketConnect(DualStackPlainSocketImpl.java:79)
	at java.net.AbstractPlainSocketImpl.doConnect(AbstractPlainSocketImpl.java:339)
	at java.net.AbstractPlainSocketImpl.connectToAddress(AbstractPlainSocketImpl.java:200)
	at java.net.AbstractPlainSocketImpl.connect(AbstractPlainSocketImpl.java:182)
	at java.net.PlainSocketImpl.connect(PlainSocketImpl.java:172)
	at java.net.SocksSocketImpl.connect(SocksSocketImpl.java:392)
	at java.net.Socket.connect(Socket.java:579)
	at java.net.Socket.connect(Socket.java:528)
	at sun.net.NetworkClient.doConnect(NetworkClient.java:180)
	at sun.net.www.http.HttpClient.openServer(HttpClient.java:432)
	at sun.net.www.http.HttpClient.openServer(HttpClient.java:527)
	at sun.net.www.http.HttpClient.<init>(HttpClient.java:211)
	at sun.net.www.http.HttpClient.New(HttpClient.java:308)
	at sun.net.www.http.HttpClient.New(HttpClient.java:326)
	at sun.net.www.protocol.http.HttpURLConnection.getNewHttpClient(HttpURLConnection.java:996)
	at sun.net.www.protocol.http.HttpURLConnection.plainConnect(HttpURLConnection.java:932)
	at sun.net.www.protocol.http.HttpURLConnection.connect(HttpURLConnection.java:850)
	at org.springframework.http.client.SimpleBufferingClientHttpRequest.executeInternal(SimpleBufferingClientHttpRequest.java:78)
	at org.springframework.http.client.AbstractBufferingClientHttpRequest.executeInternal(AbstractBufferingClientHttpRequest.java:46)
	at org.springframework.http.client.AbstractClientHttpRequest.execute(AbstractClientHttpRequest.java:52)
	at org.springframework.web.client.RestTemplate.doExecute(RestTemplate.java:527)
	... 17 more
]]>
    </failure>
  </testcase> <!-- thatOrdersCanBeAddedAndQueried -->
  <testcase name="thatOrdersCanBeAddedAndQueried" time="0.132" classname="com.sprhib.TestService"/>
  <testcase name="thatOrdersCanBeAddedAndQueried" time="0.136" classname="com.sprhib.TestService"/>
  <testcase name="thatOrdersCanBeAddedAndQueried" time="0.254" classname="com.sprhib.TestService"/>
  <testcase name="thatOrdersCanBeAddedAndQueried" time="0.208" classname="com.sprhib.TestService"/>
  <testcase name="thatOrdersCanBeAddedAndQueried" time="0.618" classname="com.sprhib.TestService"/>
  <testcase name="thatOrdersCanBeAddedAndQueried" time="0.023" classname="com.sprhib.TestService">
    <failure type="org.springframework.web.client.ResourceAccessException" message="I/O error on GET request for &quot;http://localhost:8080/spr-mvc-hib/convertation/-110/EUR/USD&quot;:No buffer space available (maximum connections reached?): connect; nested exception is java.net.SocketException: No buffer space available (maximum connections reached?): connect">
      <![CDATA[org.springframework.web.client.ResourceAccessException: I/O error on GET request for "http://localhost:8080/spr-mvc-hib/convertation/-110/EUR/USD":No buffer space available (maximum connections reached?): connect; nested exception is java.net.SocketException: No buffer space available (maximum connections reached?): connect
	at org.springframework.web.client.RestTemplate.doExecute(RestTemplate.java:543)
	at org.springframework.web.client.RestTemplate.execute(RestTemplate.java:489)
	at org.springframework.web.client.RestTemplate.getForEntity(RestTemplate.java:250)
	at com.sprhib.TestService.thatOrdersCanBeAddedAndQueried(TestService.java:26)
	at sun.reflect.GeneratedMethodAccessor3.invoke(Unknown Source)
	at sun.reflect.DelegatingMethodAccessorImpl.invoke(DelegatingMethodAccessorImpl.java:43)
	at java.lang.reflect.Method.invoke(Method.java:606)
	at org.testng.internal.MethodInvocationHelper.invokeMethod(MethodInvocationHelper.java:84)
	at org.testng.internal.Invoker.invokeMethod(Invoker.java:714)
	at org.testng.internal.Invoker.invokeTestMethod(Invoker.java:901)
	at org.testng.internal.Invoker.invokeTestMethods(Invoker.java:1231)
	at org.testng.internal.TestMethodWorker.invokeTestMethods(TestMethodWorker.java:127)
	at org.testng.internal.TestMethodWorker.run(TestMethodWorker.java:111)
	at org.testng.internal.thread.ThreadUtil$2.call(ThreadUtil.java:64)
	at java.util.concurrent.FutureTask.run(FutureTask.java:262)
	at java.util.concurrent.ThreadPoolExecutor.runWorker(ThreadPoolExecutor.java:1145)
	at java.util.concurrent.ThreadPoolExecutor$Worker.run(ThreadPoolExecutor.java:615)
	at java.lang.Thread.run(Thread.java:745)
Caused by: java.net.SocketException: No buffer space available (maximum connections reached?): connect
	at java.net.DualStackPlainSocketImpl.connect0(Native Method)
	at java.net.DualStackPlainSocketImpl.socketConnect(DualStackPlainSocketImpl.java:79)
	at java.net.AbstractPlainSocketImpl.doConnect(AbstractPlainSocketImpl.java:339)
	at java.net.AbstractPlainSocketImpl.connectToAddress(AbstractPlainSocketImpl.java:200)
	at java.net.AbstractPlainSocketImpl.connect(AbstractPlainSocketImpl.java:182)
	at java.net.PlainSocketImpl.connect(PlainSocketImpl.java:172)
	at java.net.SocksSocketImpl.connect(SocksSocketImpl.java:392)
	at java.net.Socket.connect(Socket.java:579)
	at java.net.Socket.connect(Socket.java:528)
	at sun.net.NetworkClient.doConnect(NetworkClient.java:180)
	at sun.net.www.http.HttpClient.openServer(HttpClient.java:432)
	at sun.net.www.http.HttpClient.openServer(HttpClient.java:527)
	at sun.net.www.http.HttpClient.<init>(HttpClient.java:211)
	at sun.net.www.http.HttpClient.New(HttpClient.java:308)
	at sun.net.www.http.HttpClient.New(HttpClient.java:326)
	at sun.net.www.protocol.http.HttpURLConnection.getNewHttpClient(HttpURLConnection.java:996)
	at sun.net.www.protocol.http.HttpURLConnection.plainConnect(HttpURLConnection.java:932)
	at sun.net.www.protocol.http.HttpURLConnection.connect(HttpURLConnection.java:850)
	at org.springframework.http.client.SimpleBufferingClientHttpRequest.executeInternal(SimpleBufferingClientHttpRequest.java:78)
	at org.springframework.http.client.AbstractBufferingClientHttpRequest.executeInternal(AbstractBufferingClientHttpRequest.java:46)
	at org.springframework.http.client.AbstractClientHttpRequest.execute(AbstractClientHttpRequest.java:52)
	at org.springframework.web.client.RestTemplate.doExecute(RestTemplate.java:527)
	... 17 more
]]>
    </failure>
  </testcase> <!-- thatOrdersCanBeAddedAndQueried -->
  <testcase name="thatOrdersCanBeAddedAndQueried" time="0.161" classname="com.sprhib.TestService"/>
  <testcase name="thatOrdersCanBeAddedAndQueried" time="0.337" classname="com.sprhib.TestService"/>
  <testcase name="thatOrdersCanBeAddedAndQueried" time="0.167" classname="com.sprhib.TestService"/>
  <testcase name="thatOrdersCanBeAddedAndQueried" time="0.229" classname="com.sprhib.TestService"/>
  <testcase name="thatOrdersCanBeAddedAndQueried" time="0.127" classname="com.sprhib.TestService"/>
  <testcase name="thatOrdersCanBeAddedAndQueried" time="0.130" classname="com.sprhib.TestService"/>
  <testcase name="thatOrdersCanBeAddedAndQueried" time="0.182" classname="com.sprhib.TestService"/>
  <testcase name="thatOrdersCanBeAddedAndQueried" time="0.197" classname="com.sprhib.TestService"/>
  <testcase name="thatOrdersCanBeAddedAndQueried" time="0.124" classname="com.sprhib.TestService"/>
  <testcase name="thatOrdersCanBeAddedAndQueried" time="0.179" classname="com.sprhib.TestService"/>
  <testcase name="thatOrdersCanBeAddedAndQueried" time="0.187" classname="com.sprhib.TestService"/>
  <testcase name="thatOrdersCanBeAddedAndQueried" time="0.215" classname="com.sprhib.TestService"/>
  <testcase name="thatOrdersCanBeAddedAndQueried" time="0.141" classname="com.sprhib.TestService"/>
  <testcase name="thatOrdersCanBeAddedAndQueried" time="0.176" classname="com.sprhib.TestService"/>
  <testcase name="thatOrdersCanBeAddedAndQueried" time="0.311" classname="com.sprhib.TestService"/>
  <testcase name="thatOrdersCanBeAddedAndQueried" time="0.164" classname="com.sprhib.TestService"/>
  <testcase name="thatOrdersCanBeAddedAndQueried" time="0.542" classname="com.sprhib.TestService"/>
  <testcase name="thatOrdersCanBeAddedAndQueried" time="0.147" classname="com.sprhib.TestService"/>
  <testcase name="thatOrdersCanBeAddedAndQueried" time="0.131" classname="com.sprhib.TestService"/>
  <testcase name="thatOrdersCanBeAddedAndQueried" time="0.216" classname="com.sprhib.TestService"/>
  <testcase name="thatOrdersCanBeAddedAndQueried" time="0.224" classname="com.sprhib.TestService"/>
  <testcase name="thatOrdersCanBeAddedAndQueried" time="0.024" classname="com.sprhib.TestService">
    <failure type="org.springframework.web.client.ResourceAccessException" message="I/O error on GET request for &quot;http://localhost:8080/spr-mvc-hib/convertation/-110/EUR/USD&quot;:No buffer space available (maximum connections reached?): connect; nested exception is java.net.SocketException: No buffer space available (maximum connections reached?): connect">
      <![CDATA[org.springframework.web.client.ResourceAccessException: I/O error on GET request for "http://localhost:8080/spr-mvc-hib/convertation/-110/EUR/USD":No buffer space available (maximum connections reached?): connect; nested exception is java.net.SocketException: No buffer space available (maximum connections reached?): connect
	at org.springframework.web.client.RestTemplate.doExecute(RestTemplate.java:543)
	at org.springframework.web.client.RestTemplate.execute(RestTemplate.java:489)
	at org.springframework.web.client.RestTemplate.getForEntity(RestTemplate.java:250)
	at com.sprhib.TestService.thatOrdersCanBeAddedAndQueried(TestService.java:26)
	at sun.reflect.GeneratedMethodAccessor3.invoke(Unknown Source)
	at sun.reflect.DelegatingMethodAccessorImpl.invoke(DelegatingMethodAccessorImpl.java:43)
	at java.lang.reflect.Method.invoke(Method.java:606)
	at org.testng.internal.MethodInvocationHelper.invokeMethod(MethodInvocationHelper.java:84)
	at org.testng.internal.Invoker.invokeMethod(Invoker.java:714)
	at org.testng.internal.Invoker.invokeTestMethod(Invoker.java:901)
	at org.testng.internal.Invoker.invokeTestMethods(Invoker.java:1231)
	at org.testng.internal.TestMethodWorker.invokeTestMethods(TestMethodWorker.java:127)
	at org.testng.internal.TestMethodWorker.run(TestMethodWorker.java:111)
	at org.testng.internal.thread.ThreadUtil$2.call(ThreadUtil.java:64)
	at java.util.concurrent.FutureTask.run(FutureTask.java:262)
	at java.util.concurrent.ThreadPoolExecutor.runWorker(ThreadPoolExecutor.java:1145)
	at java.util.concurrent.ThreadPoolExecutor$Worker.run(ThreadPoolExecutor.java:615)
	at java.lang.Thread.run(Thread.java:745)
Caused by: java.net.SocketException: No buffer space available (maximum connections reached?): connect
	at java.net.DualStackPlainSocketImpl.connect0(Native Method)
	at java.net.DualStackPlainSocketImpl.socketConnect(DualStackPlainSocketImpl.java:79)
	at java.net.AbstractPlainSocketImpl.doConnect(AbstractPlainSocketImpl.java:339)
	at java.net.AbstractPlainSocketImpl.connectToAddress(AbstractPlainSocketImpl.java:200)
	at java.net.AbstractPlainSocketImpl.connect(AbstractPlainSocketImpl.java:182)
	at java.net.PlainSocketImpl.connect(PlainSocketImpl.java:172)
	at java.net.SocksSocketImpl.connect(SocksSocketImpl.java:392)
	at java.net.Socket.connect(Socket.java:579)
	at java.net.Socket.connect(Socket.java:528)
	at sun.net.NetworkClient.doConnect(NetworkClient.java:180)
	at sun.net.www.http.HttpClient.openServer(HttpClient.java:432)
	at sun.net.www.http.HttpClient.openServer(HttpClient.java:527)
	at sun.net.www.http.HttpClient.<init>(HttpClient.java:211)
	at sun.net.www.http.HttpClient.New(HttpClient.java:308)
	at sun.net.www.http.HttpClient.New(HttpClient.java:326)
	at sun.net.www.protocol.http.HttpURLConnection.getNewHttpClient(HttpURLConnection.java:996)
	at sun.net.www.protocol.http.HttpURLConnection.plainConnect(HttpURLConnection.java:932)
	at sun.net.www.protocol.http.HttpURLConnection.connect(HttpURLConnection.java:850)
	at org.springframework.http.client.SimpleBufferingClientHttpRequest.executeInternal(SimpleBufferingClientHttpRequest.java:78)
	at org.springframework.http.client.AbstractBufferingClientHttpRequest.executeInternal(AbstractBufferingClientHttpRequest.java:46)
	at org.springframework.http.client.AbstractClientHttpRequest.execute(AbstractClientHttpRequest.java:52)
	at org.springframework.web.client.RestTemplate.doExecute(RestTemplate.java:527)
	... 17 more
]]>
    </failure>
  </testcase> <!-- thatOrdersCanBeAddedAndQueried -->
  <testcase name="thatOrdersCanBeAddedAndQueried" time="0.142" classname="com.sprhib.TestService"/>
  <testcase name="thatOrdersCanBeAddedAndQueried" time="0.104" classname="com.sprhib.TestService"/>
  <testcase name="thatOrdersCanBeAddedAndQueried" time="0.152" classname="com.sprhib.TestService"/>
  <testcase name="thatOrdersCanBeAddedAndQueried" time="0.135" classname="com.sprhib.TestService"/>
  <testcase name="thatOrdersCanBeAddedAndQueried" time="0.194" classname="com.sprhib.TestService"/>
  <testcase name="thatOrdersCanBeAddedAndQueried" time="0.116" classname="com.sprhib.TestService"/>
  <testcase name="thatOrdersCanBeAddedAndQueried" time="0.130" classname="com.sprhib.TestService"/>
  <testcase name="thatOrdersCanBeAddedAndQueried" time="0.156" classname="com.sprhib.TestService"/>
  <testcase name="thatOrdersCanBeAddedAndQueried" time="0.166" classname="com.sprhib.TestService"/>
  <testcase name="thatOrdersCanBeAddedAndQueried" time="0.143" classname="com.sprhib.TestService"/>
  <testcase name="thatOrdersCanBeAddedAndQueried" time="0.086" classname="com.sprhib.TestService">
    <failure type="org.springframework.web.client.HttpServerErrorException" message="500 Internal Server Error">
      <![CDATA[org.springframework.web.client.HttpServerErrorException: 500 Internal Server Error
	at org.springframework.web.client.DefaultResponseErrorHandler.handleError(DefaultResponseErrorHandler.java:94)
	at org.springframework.web.client.RestTemplate.handleResponseError(RestTemplate.java:576)
	at org.springframework.web.client.RestTemplate.doExecute(RestTemplate.java:532)
	at org.springframework.web.client.RestTemplate.execute(RestTemplate.java:489)
	at org.springframework.web.client.RestTemplate.getForEntity(RestTemplate.java:250)
	at com.sprhib.TestService.thatOrdersCanBeAddedAndQueried(TestService.java:39)
	at sun.reflect.GeneratedMethodAccessor3.invoke(Unknown Source)
	at sun.reflect.DelegatingMethodAccessorImpl.invoke(DelegatingMethodAccessorImpl.java:43)
	at java.lang.reflect.Method.invoke(Method.java:606)
	at org.testng.internal.MethodInvocationHelper.invokeMethod(MethodInvocationHelper.java:84)
	at org.testng.internal.Invoker.invokeMethod(Invoker.java:714)
	at org.testng.internal.Invoker.invokeTestMethod(Invoker.java:901)
	at org.testng.internal.Invoker.invokeTestMethods(Invoker.java:1231)
	at org.testng.internal.TestMethodWorker.invokeTestMethods(TestMethodWorker.java:127)
	at org.testng.internal.TestMethodWorker.run(TestMethodWorker.java:111)
	at org.testng.internal.thread.ThreadUtil$2.call(ThreadUtil.java:64)
	at java.util.concurrent.FutureTask.run(FutureTask.java:262)
	at java.util.concurrent.ThreadPoolExecutor.runWorker(ThreadPoolExecutor.java:1145)
	at java.util.concurrent.ThreadPoolExecutor$Worker.run(ThreadPoolExecutor.java:615)
	at java.lang.Thread.run(Thread.java:745)
]]>
    </failure>
  </testcase> <!-- thatOrdersCanBeAddedAndQueried -->
  <testcase name="thatOrdersCanBeAddedAndQueried" time="0.104" classname="com.sprhib.TestService"/>
  <testcase name="thatOrdersCanBeAddedAndQueried" time="0.617" classname="com.sprhib.TestService"/>
  <testcase name="thatOrdersCanBeAddedAndQueried" time="0.168" classname="com.sprhib.TestService"/>
  <testcase name="thatOrdersCanBeAddedAndQueried" time="0.329" classname="com.sprhib.TestService"/>
  <testcase name="thatOrdersCanBeAddedAndQueried" time="0.232" classname="com.sprhib.TestService"/>
  <testcase name="thatOrdersCanBeAddedAndQueried" time="0.253" classname="com.sprhib.TestService"/>
  <testcase name="thatOrdersCanBeAddedAndQueried" time="0.310" classname="com.sprhib.TestService"/>
  <testcase name="thatOrdersCanBeAddedAndQueried" time="0.128" classname="com.sprhib.TestService"/>
  <testcase name="thatOrdersCanBeAddedAndQueried" time="0.151" classname="com.sprhib.TestService"/>
  <testcase name="thatOrdersCanBeAddedAndQueried" time="0.113" classname="com.sprhib.TestService"/>
  <testcase name="thatOrdersCanBeAddedAndQueried" time="0.248" classname="com.sprhib.TestService"/>
  <testcase name="thatOrdersCanBeAddedAndQueried" time="0.177" classname="com.sprhib.TestService"/>
  <testcase name="thatOrdersCanBeAddedAndQueried" time="0.138" classname="com.sprhib.TestService"/>
  <testcase name="thatOrdersCanBeAddedAndQueried" time="0.295" classname="com.sprhib.TestService"/>
  <testcase name="thatOrdersCanBeAddedAndQueried" time="0.124" classname="com.sprhib.TestService"/>
  <testcase name="thatOrdersCanBeAddedAndQueried" time="0.131" classname="com.sprhib.TestService"/>
  <testcase name="thatOrdersCanBeAddedAndQueried" time="0.202" classname="com.sprhib.TestService"/>
  <testcase name="thatOrdersCanBeAddedAndQueried" time="0.094" classname="com.sprhib.TestService"/>
  <testcase name="thatOrdersCanBeAddedAndQueried" time="0.237" classname="com.sprhib.TestService"/>
  <testcase name="thatOrdersCanBeAddedAndQueried" time="0.173" classname="com.sprhib.TestService"/>
  <testcase name="thatOrdersCanBeAddedAndQueried" time="0.199" classname="com.sprhib.TestService"/>
  <testcase name="thatOrdersCanBeAddedAndQueried" time="0.158" classname="com.sprhib.TestService"/>
  <testcase name="thatOrdersCanBeAddedAndQueried" time="0.199" classname="com.sprhib.TestService"/>
  <testcase name="thatOrdersCanBeAddedAndQueried" time="0.107" classname="com.sprhib.TestService"/>
  <testcase name="thatOrdersCanBeAddedAndQueried" time="0.227" classname="com.sprhib.TestService"/>
  <testcase name="thatOrdersCanBeAddedAndQueried" time="0.186" classname="com.sprhib.TestService"/>
  <testcase name="thatOrdersCanBeAddedAndQueried" time="0.040" classname="com.sprhib.TestService">
    <failure type="org.springframework.web.client.ResourceAccessException" message="I/O error on GET request for &quot;http://localhost:8080/spr-mvc-hib/convertation/-110/EUR/USD&quot;:No buffer space available (maximum connections reached?): connect; nested exception is java.net.SocketException: No buffer space available (maximum connections reached?): connect">
      <![CDATA[org.springframework.web.client.ResourceAccessException: I/O error on GET request for "http://localhost:8080/spr-mvc-hib/convertation/-110/EUR/USD":No buffer space available (maximum connections reached?): connect; nested exception is java.net.SocketException: No buffer space available (maximum connections reached?): connect
	at org.springframework.web.client.RestTemplate.doExecute(RestTemplate.java:543)
	at org.springframework.web.client.RestTemplate.execute(RestTemplate.java:489)
	at org.springframework.web.client.RestTemplate.getForEntity(RestTemplate.java:250)
	at com.sprhib.TestService.thatOrdersCanBeAddedAndQueried(TestService.java:26)
	at sun.reflect.GeneratedMethodAccessor3.invoke(Unknown Source)
	at sun.reflect.DelegatingMethodAccessorImpl.invoke(DelegatingMethodAccessorImpl.java:43)
	at java.lang.reflect.Method.invoke(Method.java:606)
	at org.testng.internal.MethodInvocationHelper.invokeMethod(MethodInvocationHelper.java:84)
	at org.testng.internal.Invoker.invokeMethod(Invoker.java:714)
	at org.testng.internal.Invoker.invokeTestMethod(Invoker.java:901)
	at org.testng.internal.Invoker.invokeTestMethods(Invoker.java:1231)
	at org.testng.internal.TestMethodWorker.invokeTestMethods(TestMethodWorker.java:127)
	at org.testng.internal.TestMethodWorker.run(TestMethodWorker.java:111)
	at org.testng.internal.thread.ThreadUtil$2.call(ThreadUtil.java:64)
	at java.util.concurrent.FutureTask.run(FutureTask.java:262)
	at java.util.concurrent.ThreadPoolExecutor.runWorker(ThreadPoolExecutor.java:1145)
	at java.util.concurrent.ThreadPoolExecutor$Worker.run(ThreadPoolExecutor.java:615)
	at java.lang.Thread.run(Thread.java:745)
Caused by: java.net.SocketException: No buffer space available (maximum connections reached?): connect
	at java.net.DualStackPlainSocketImpl.connect0(Native Method)
	at java.net.DualStackPlainSocketImpl.socketConnect(DualStackPlainSocketImpl.java:79)
	at java.net.AbstractPlainSocketImpl.doConnect(AbstractPlainSocketImpl.java:339)
	at java.net.AbstractPlainSocketImpl.connectToAddress(AbstractPlainSocketImpl.java:200)
	at java.net.AbstractPlainSocketImpl.connect(AbstractPlainSocketImpl.java:182)
	at java.net.PlainSocketImpl.connect(PlainSocketImpl.java:172)
	at java.net.SocksSocketImpl.connect(SocksSocketImpl.java:392)
	at java.net.Socket.connect(Socket.java:579)
	at java.net.Socket.connect(Socket.java:528)
	at sun.net.NetworkClient.doConnect(NetworkClient.java:180)
	at sun.net.www.http.HttpClient.openServer(HttpClient.java:432)
	at sun.net.www.http.HttpClient.openServer(HttpClient.java:527)
	at sun.net.www.http.HttpClient.<init>(HttpClient.java:211)
	at sun.net.www.http.HttpClient.New(HttpClient.java:308)
	at sun.net.www.http.HttpClient.New(HttpClient.java:326)
	at sun.net.www.protocol.http.HttpURLConnection.getNewHttpClient(HttpURLConnection.java:996)
	at sun.net.www.protocol.http.HttpURLConnection.plainConnect(HttpURLConnection.java:932)
	at sun.net.www.protocol.http.HttpURLConnection.connect(HttpURLConnection.java:850)
	at org.springframework.http.client.SimpleBufferingClientHttpRequest.executeInternal(SimpleBufferingClientHttpRequest.java:78)
	at org.springframework.http.client.AbstractBufferingClientHttpRequest.executeInternal(AbstractBufferingClientHttpRequest.java:46)
	at org.springframework.http.client.AbstractClientHttpRequest.execute(AbstractClientHttpRequest.java:52)
	at org.springframework.web.client.RestTemplate.doExecute(RestTemplate.java:527)
	... 17 more
]]>
    </failure>
  </testcase> <!-- thatOrdersCanBeAddedAndQueried -->
  <testcase name="thatOrdersCanBeAddedAndQueried" time="0.218" classname="com.sprhib.TestService"/>
  <testcase name="thatOrdersCanBeAddedAndQueried" time="0.156" classname="com.sprhib.TestService"/>
  <testcase name="thatOrdersCanBeAddedAndQueried" time="0.170" classname="com.sprhib.TestService"/>
  <testcase name="thatOrdersCanBeAddedAndQueried" time="0.170" classname="com.sprhib.TestService"/>
  <testcase name="thatOrdersCanBeAddedAndQueried" time="0.223" classname="com.sprhib.TestService"/>
  <testcase name="thatOrdersCanBeAddedAndQueried" time="0.477" classname="com.sprhib.TestService"/>
  <testcase name="thatOrdersCanBeAddedAndQueried" time="0.449" classname="com.sprhib.TestService"/>
  <testcase name="thatOrdersCanBeAddedAndQueried" time="0.455" classname="com.sprhib.TestService"/>
  <testcase name="thatOrdersCanBeAddedAndQueried" time="0.014" classname="com.sprhib.TestService">
    <failure type="org.springframework.web.client.ResourceAccessException" message="I/O error on GET request for &quot;http://localhost:8080/spr-mvc-hib/convertation/-110/EUR/USD&quot;:No buffer space available (maximum connections reached?): connect; nested exception is java.net.SocketException: No buffer space available (maximum connections reached?): connect">
      <![CDATA[org.springframework.web.client.ResourceAccessException: I/O error on GET request for "http://localhost:8080/spr-mvc-hib/convertation/-110/EUR/USD":No buffer space available (maximum connections reached?): connect; nested exception is java.net.SocketException: No buffer space available (maximum connections reached?): connect
	at org.springframework.web.client.RestTemplate.doExecute(RestTemplate.java:543)
	at org.springframework.web.client.RestTemplate.execute(RestTemplate.java:489)
	at org.springframework.web.client.RestTemplate.getForEntity(RestTemplate.java:250)
	at com.sprhib.TestService.thatOrdersCanBeAddedAndQueried(TestService.java:26)
	at sun.reflect.GeneratedMethodAccessor3.invoke(Unknown Source)
	at sun.reflect.DelegatingMethodAccessorImpl.invoke(DelegatingMethodAccessorImpl.java:43)
	at java.lang.reflect.Method.invoke(Method.java:606)
	at org.testng.internal.MethodInvocationHelper.invokeMethod(MethodInvocationHelper.java:84)
	at org.testng.internal.Invoker.invokeMethod(Invoker.java:714)
	at org.testng.internal.Invoker.invokeTestMethod(Invoker.java:901)
	at org.testng.internal.Invoker.invokeTestMethods(Invoker.java:1231)
	at org.testng.internal.TestMethodWorker.invokeTestMethods(TestMethodWorker.java:127)
	at org.testng.internal.TestMethodWorker.run(TestMethodWorker.java:111)
	at org.testng.internal.thread.ThreadUtil$2.call(ThreadUtil.java:64)
	at java.util.concurrent.FutureTask.run(FutureTask.java:262)
	at java.util.concurrent.ThreadPoolExecutor.runWorker(ThreadPoolExecutor.java:1145)
	at java.util.concurrent.ThreadPoolExecutor$Worker.run(ThreadPoolExecutor.java:615)
	at java.lang.Thread.run(Thread.java:745)
Caused by: java.net.SocketException: No buffer space available (maximum connections reached?): connect
	at java.net.DualStackPlainSocketImpl.connect0(Native Method)
	at java.net.DualStackPlainSocketImpl.socketConnect(DualStackPlainSocketImpl.java:79)
	at java.net.AbstractPlainSocketImpl.doConnect(AbstractPlainSocketImpl.java:339)
	at java.net.AbstractPlainSocketImpl.connectToAddress(AbstractPlainSocketImpl.java:200)
	at java.net.AbstractPlainSocketImpl.connect(AbstractPlainSocketImpl.java:182)
	at java.net.PlainSocketImpl.connect(PlainSocketImpl.java:172)
	at java.net.SocksSocketImpl.connect(SocksSocketImpl.java:392)
	at java.net.Socket.connect(Socket.java:579)
	at java.net.Socket.connect(Socket.java:528)
	at sun.net.NetworkClient.doConnect(NetworkClient.java:180)
	at sun.net.www.http.HttpClient.openServer(HttpClient.java:432)
	at sun.net.www.http.HttpClient.openServer(HttpClient.java:527)
	at sun.net.www.http.HttpClient.<init>(HttpClient.java:211)
	at sun.net.www.http.HttpClient.New(HttpClient.java:308)
	at sun.net.www.http.HttpClient.New(HttpClient.java:326)
	at sun.net.www.protocol.http.HttpURLConnection.getNewHttpClient(HttpURLConnection.java:996)
	at sun.net.www.protocol.http.HttpURLConnection.plainConnect(HttpURLConnection.java:932)
	at sun.net.www.protocol.http.HttpURLConnection.connect(HttpURLConnection.java:850)
	at org.springframework.http.client.SimpleBufferingClientHttpRequest.executeInternal(SimpleBufferingClientHttpRequest.java:78)
	at org.springframework.http.client.AbstractBufferingClientHttpRequest.executeInternal(AbstractBufferingClientHttpRequest.java:46)
	at org.springframework.http.client.AbstractClientHttpRequest.execute(AbstractClientHttpRequest.java:52)
	at org.springframework.web.client.RestTemplate.doExecute(RestTemplate.java:527)
	... 17 more
]]>
    </failure>
  </testcase> <!-- thatOrdersCanBeAddedAndQueried -->
  <testcase name="thatOrdersCanBeAddedAndQueried" time="0.223" classname="com.sprhib.TestService"/>
  <testcase name="thatOrdersCanBeAddedAndQueried" time="0.170" classname="com.sprhib.TestService"/>
  <testcase name="thatOrdersCanBeAddedAndQueried" time="0.170" classname="com.sprhib.TestService"/>
  <testcase name="thatOrdersCanBeAddedAndQueried" time="0.167" classname="com.sprhib.TestService"/>
  <testcase name="thatOrdersCanBeAddedAndQueried" time="0.208" classname="com.sprhib.TestService"/>
  <testcase name="thatOrdersCanBeAddedAndQueried" time="0.190" classname="com.sprhib.TestService"/>
  <testcase name="thatOrdersCanBeAddedAndQueried" time="0.137" classname="com.sprhib.TestService"/>
  <testcase name="thatOrdersCanBeAddedAndQueried" time="0.281" classname="com.sprhib.TestService"/>
  <testcase name="thatOrdersCanBeAddedAndQueried" time="0.025" classname="com.sprhib.TestService">
    <failure type="org.springframework.web.client.ResourceAccessException" message="I/O error on GET request for &quot;http://localhost:8080/spr-mvc-hib/convertation/-110/EUR/USD&quot;:No buffer space available (maximum connections reached?): connect; nested exception is java.net.SocketException: No buffer space available (maximum connections reached?): connect">
      <![CDATA[org.springframework.web.client.ResourceAccessException: I/O error on GET request for "http://localhost:8080/spr-mvc-hib/convertation/-110/EUR/USD":No buffer space available (maximum connections reached?): connect; nested exception is java.net.SocketException: No buffer space available (maximum connections reached?): connect
	at org.springframework.web.client.RestTemplate.doExecute(RestTemplate.java:543)
	at org.springframework.web.client.RestTemplate.execute(RestTemplate.java:489)
	at org.springframework.web.client.RestTemplate.getForEntity(RestTemplate.java:250)
	at com.sprhib.TestService.thatOrdersCanBeAddedAndQueried(TestService.java:26)
	at sun.reflect.GeneratedMethodAccessor3.invoke(Unknown Source)
	at sun.reflect.DelegatingMethodAccessorImpl.invoke(DelegatingMethodAccessorImpl.java:43)
	at java.lang.reflect.Method.invoke(Method.java:606)
	at org.testng.internal.MethodInvocationHelper.invokeMethod(MethodInvocationHelper.java:84)
	at org.testng.internal.Invoker.invokeMethod(Invoker.java:714)
	at org.testng.internal.Invoker.invokeTestMethod(Invoker.java:901)
	at org.testng.internal.Invoker.invokeTestMethods(Invoker.java:1231)
	at org.testng.internal.TestMethodWorker.invokeTestMethods(TestMethodWorker.java:127)
	at org.testng.internal.TestMethodWorker.run(TestMethodWorker.java:111)
	at org.testng.internal.thread.ThreadUtil$2.call(ThreadUtil.java:64)
	at java.util.concurrent.FutureTask.run(FutureTask.java:262)
	at java.util.concurrent.ThreadPoolExecutor.runWorker(ThreadPoolExecutor.java:1145)
	at java.util.concurrent.ThreadPoolExecutor$Worker.run(ThreadPoolExecutor.java:615)
	at java.lang.Thread.run(Thread.java:745)
Caused by: java.net.SocketException: No buffer space available (maximum connections reached?): connect
	at java.net.DualStackPlainSocketImpl.connect0(Native Method)
	at java.net.DualStackPlainSocketImpl.socketConnect(DualStackPlainSocketImpl.java:79)
	at java.net.AbstractPlainSocketImpl.doConnect(AbstractPlainSocketImpl.java:339)
	at java.net.AbstractPlainSocketImpl.connectToAddress(AbstractPlainSocketImpl.java:200)
	at java.net.AbstractPlainSocketImpl.connect(AbstractPlainSocketImpl.java:182)
	at java.net.PlainSocketImpl.connect(PlainSocketImpl.java:172)
	at java.net.SocksSocketImpl.connect(SocksSocketImpl.java:392)
	at java.net.Socket.connect(Socket.java:579)
	at java.net.Socket.connect(Socket.java:528)
	at sun.net.NetworkClient.doConnect(NetworkClient.java:180)
	at sun.net.www.http.HttpClient.openServer(HttpClient.java:432)
	at sun.net.www.http.HttpClient.openServer(HttpClient.java:527)
	at sun.net.www.http.HttpClient.<init>(HttpClient.java:211)
	at sun.net.www.http.HttpClient.New(HttpClient.java:308)
	at sun.net.www.http.HttpClient.New(HttpClient.java:326)
	at sun.net.www.protocol.http.HttpURLConnection.getNewHttpClient(HttpURLConnection.java:996)
	at sun.net.www.protocol.http.HttpURLConnection.plainConnect(HttpURLConnection.java:932)
	at sun.net.www.protocol.http.HttpURLConnection.connect(HttpURLConnection.java:850)
	at org.springframework.http.client.SimpleBufferingClientHttpRequest.executeInternal(SimpleBufferingClientHttpRequest.java:78)
	at org.springframework.http.client.AbstractBufferingClientHttpRequest.executeInternal(AbstractBufferingClientHttpRequest.java:46)
	at org.springframework.http.client.AbstractClientHttpRequest.execute(AbstractClientHttpRequest.java:52)
	at org.springframework.web.client.RestTemplate.doExecute(RestTemplate.java:527)
	... 17 more
]]>
    </failure>
  </testcase> <!-- thatOrdersCanBeAddedAndQueried -->
  <testcase name="thatOrdersCanBeAddedAndQueried" time="0.247" classname="com.sprhib.TestService"/>
  <testcase name="thatOrdersCanBeAddedAndQueried" time="0.342" classname="com.sprhib.TestService"/>
  <testcase name="thatOrdersCanBeAddedAndQueried" time="0.198" classname="com.sprhib.TestService"/>
  <testcase name="thatOrdersCanBeAddedAndQueried" time="0.152" classname="com.sprhib.TestService"/>
  <testcase name="thatOrdersCanBeAddedAndQueried" time="0.176" classname="com.sprhib.TestService"/>
  <testcase name="thatOrdersCanBeAddedAndQueried" time="0.162" classname="com.sprhib.TestService"/>
  <testcase name="thatOrdersCanBeAddedAndQueried" time="0.224" classname="com.sprhib.TestService"/>
  <testcase name="thatOrdersCanBeAddedAndQueried" time="0.170" classname="com.sprhib.TestService"/>
  <testcase name="thatOrdersCanBeAddedAndQueried" time="0.149" classname="com.sprhib.TestService"/>
  <testcase name="thatOrdersCanBeAddedAndQueried" time="0.163" classname="com.sprhib.TestService"/>
  <testcase name="thatOrdersCanBeAddedAndQueried" time="0.162" classname="com.sprhib.TestService"/>
  <testcase name="thatOrdersCanBeAddedAndQueried" time="0.044" classname="com.sprhib.TestService">
    <failure type="org.springframework.web.client.ResourceAccessException" message="I/O error on GET request for &quot;http://localhost:8080/spr-mvc-hib/convertation/-110/EUR/USD&quot;:No buffer space available (maximum connections reached?): connect; nested exception is java.net.SocketException: No buffer space available (maximum connections reached?): connect">
      <![CDATA[org.springframework.web.client.ResourceAccessException: I/O error on GET request for "http://localhost:8080/spr-mvc-hib/convertation/-110/EUR/USD":No buffer space available (maximum connections reached?): connect; nested exception is java.net.SocketException: No buffer space available (maximum connections reached?): connect
	at org.springframework.web.client.RestTemplate.doExecute(RestTemplate.java:543)
	at org.springframework.web.client.RestTemplate.execute(RestTemplate.java:489)
	at org.springframework.web.client.RestTemplate.getForEntity(RestTemplate.java:250)
	at com.sprhib.TestService.thatOrdersCanBeAddedAndQueried(TestService.java:26)
	at sun.reflect.GeneratedMethodAccessor3.invoke(Unknown Source)
	at sun.reflect.DelegatingMethodAccessorImpl.invoke(DelegatingMethodAccessorImpl.java:43)
	at java.lang.reflect.Method.invoke(Method.java:606)
	at org.testng.internal.MethodInvocationHelper.invokeMethod(MethodInvocationHelper.java:84)
	at org.testng.internal.Invoker.invokeMethod(Invoker.java:714)
	at org.testng.internal.Invoker.invokeTestMethod(Invoker.java:901)
	at org.testng.internal.Invoker.invokeTestMethods(Invoker.java:1231)
	at org.testng.internal.TestMethodWorker.invokeTestMethods(TestMethodWorker.java:127)
	at org.testng.internal.TestMethodWorker.run(TestMethodWorker.java:111)
	at org.testng.internal.thread.ThreadUtil$2.call(ThreadUtil.java:64)
	at java.util.concurrent.FutureTask.run(FutureTask.java:262)
	at java.util.concurrent.ThreadPoolExecutor.runWorker(ThreadPoolExecutor.java:1145)
	at java.util.concurrent.ThreadPoolExecutor$Worker.run(ThreadPoolExecutor.java:615)
	at java.lang.Thread.run(Thread.java:745)
Caused by: java.net.SocketException: No buffer space available (maximum connections reached?): connect
	at java.net.DualStackPlainSocketImpl.connect0(Native Method)
	at java.net.DualStackPlainSocketImpl.socketConnect(DualStackPlainSocketImpl.java:79)
	at java.net.AbstractPlainSocketImpl.doConnect(AbstractPlainSocketImpl.java:339)
	at java.net.AbstractPlainSocketImpl.connectToAddress(AbstractPlainSocketImpl.java:200)
	at java.net.AbstractPlainSocketImpl.connect(AbstractPlainSocketImpl.java:182)
	at java.net.PlainSocketImpl.connect(PlainSocketImpl.java:172)
	at java.net.SocksSocketImpl.connect(SocksSocketImpl.java:392)
	at java.net.Socket.connect(Socket.java:579)
	at java.net.Socket.connect(Socket.java:528)
	at sun.net.NetworkClient.doConnect(NetworkClient.java:180)
	at sun.net.www.http.HttpClient.openServer(HttpClient.java:432)
	at sun.net.www.http.HttpClient.openServer(HttpClient.java:527)
	at sun.net.www.http.HttpClient.<init>(HttpClient.java:211)
	at sun.net.www.http.HttpClient.New(HttpClient.java:308)
	at sun.net.www.http.HttpClient.New(HttpClient.java:326)
	at sun.net.www.protocol.http.HttpURLConnection.getNewHttpClient(HttpURLConnection.java:996)
	at sun.net.www.protocol.http.HttpURLConnection.plainConnect(HttpURLConnection.java:932)
	at sun.net.www.protocol.http.HttpURLConnection.connect(HttpURLConnection.java:850)
	at org.springframework.http.client.SimpleBufferingClientHttpRequest.executeInternal(SimpleBufferingClientHttpRequest.java:78)
	at org.springframework.http.client.AbstractBufferingClientHttpRequest.executeInternal(AbstractBufferingClientHttpRequest.java:46)
	at org.springframework.http.client.AbstractClientHttpRequest.execute(AbstractClientHttpRequest.java:52)
	at org.springframework.web.client.RestTemplate.doExecute(RestTemplate.java:527)
	... 17 more
]]>
    </failure>
  </testcase> <!-- thatOrdersCanBeAddedAndQueried -->
  <testcase name="thatOrdersCanBeAddedAndQueried" time="0.192" classname="com.sprhib.TestService"/>
  <testcase name="thatOrdersCanBeAddedAndQueried" time="0.138" classname="com.sprhib.TestService"/>
  <testcase name="thatOrdersCanBeAddedAndQueried" time="0.135" classname="com.sprhib.TestService"/>
  <testcase name="thatOrdersCanBeAddedAndQueried" time="0.254" classname="com.sprhib.TestService"/>
  <testcase name="thatOrdersCanBeAddedAndQueried" time="0.207" classname="com.sprhib.TestService"/>
  <testcase name="thatOrdersCanBeAddedAndQueried" time="0.231" classname="com.sprhib.TestService"/>
  <testcase name="thatOrdersCanBeAddedAndQueried" time="0.243" classname="com.sprhib.TestService"/>
  <testcase name="thatOrdersCanBeAddedAndQueried" time="0.062" classname="com.sprhib.TestService">
    <failure type="org.springframework.web.client.ResourceAccessException" message="I/O error on GET request for &quot;http://localhost:8080/spr-mvc-hib/convertation/-110/EUR/USD&quot;:No buffer space available (maximum connections reached?): connect; nested exception is java.net.SocketException: No buffer space available (maximum connections reached?): connect">
      <![CDATA[org.springframework.web.client.ResourceAccessException: I/O error on GET request for "http://localhost:8080/spr-mvc-hib/convertation/-110/EUR/USD":No buffer space available (maximum connections reached?): connect; nested exception is java.net.SocketException: No buffer space available (maximum connections reached?): connect
	at org.springframework.web.client.RestTemplate.doExecute(RestTemplate.java:543)
	at org.springframework.web.client.RestTemplate.execute(RestTemplate.java:489)
	at org.springframework.web.client.RestTemplate.getForEntity(RestTemplate.java:250)
	at com.sprhib.TestService.thatOrdersCanBeAddedAndQueried(TestService.java:26)
	at sun.reflect.GeneratedMethodAccessor3.invoke(Unknown Source)
	at sun.reflect.DelegatingMethodAccessorImpl.invoke(DelegatingMethodAccessorImpl.java:43)
	at java.lang.reflect.Method.invoke(Method.java:606)
	at org.testng.internal.MethodInvocationHelper.invokeMethod(MethodInvocationHelper.java:84)
	at org.testng.internal.Invoker.invokeMethod(Invoker.java:714)
	at org.testng.internal.Invoker.invokeTestMethod(Invoker.java:901)
	at org.testng.internal.Invoker.invokeTestMethods(Invoker.java:1231)
	at org.testng.internal.TestMethodWorker.invokeTestMethods(TestMethodWorker.java:127)
	at org.testng.internal.TestMethodWorker.run(TestMethodWorker.java:111)
	at org.testng.internal.thread.ThreadUtil$2.call(ThreadUtil.java:64)
	at java.util.concurrent.FutureTask.run(FutureTask.java:262)
	at java.util.concurrent.ThreadPoolExecutor.runWorker(ThreadPoolExecutor.java:1145)
	at java.util.concurrent.ThreadPoolExecutor$Worker.run(ThreadPoolExecutor.java:615)
	at java.lang.Thread.run(Thread.java:745)
Caused by: java.net.SocketException: No buffer space available (maximum connections reached?): connect
	at java.net.DualStackPlainSocketImpl.connect0(Native Method)
	at java.net.DualStackPlainSocketImpl.socketConnect(DualStackPlainSocketImpl.java:79)
	at java.net.AbstractPlainSocketImpl.doConnect(AbstractPlainSocketImpl.java:339)
	at java.net.AbstractPlainSocketImpl.connectToAddress(AbstractPlainSocketImpl.java:200)
	at java.net.AbstractPlainSocketImpl.connect(AbstractPlainSocketImpl.java:182)
	at java.net.PlainSocketImpl.connect(PlainSocketImpl.java:172)
	at java.net.SocksSocketImpl.connect(SocksSocketImpl.java:392)
	at java.net.Socket.connect(Socket.java:579)
	at java.net.Socket.connect(Socket.java:528)
	at sun.net.NetworkClient.doConnect(NetworkClient.java:180)
	at sun.net.www.http.HttpClient.openServer(HttpClient.java:432)
	at sun.net.www.http.HttpClient.openServer(HttpClient.java:527)
	at sun.net.www.http.HttpClient.<init>(HttpClient.java:211)
	at sun.net.www.http.HttpClient.New(HttpClient.java:308)
	at sun.net.www.http.HttpClient.New(HttpClient.java:326)
	at sun.net.www.protocol.http.HttpURLConnection.getNewHttpClient(HttpURLConnection.java:996)
	at sun.net.www.protocol.http.HttpURLConnection.plainConnect(HttpURLConnection.java:932)
	at sun.net.www.protocol.http.HttpURLConnection.connect(HttpURLConnection.java:850)
	at org.springframework.http.client.SimpleBufferingClientHttpRequest.executeInternal(SimpleBufferingClientHttpRequest.java:78)
	at org.springframework.http.client.AbstractBufferingClientHttpRequest.executeInternal(AbstractBufferingClientHttpRequest.java:46)
	at org.springframework.http.client.AbstractClientHttpRequest.execute(AbstractClientHttpRequest.java:52)
	at org.springframework.web.client.RestTemplate.doExecute(RestTemplate.java:527)
	... 17 more
]]>
    </failure>
  </testcase> <!-- thatOrdersCanBeAddedAndQueried -->
  <testcase name="thatOrdersCanBeAddedAndQueried" time="0.203" classname="com.sprhib.TestService"/>
  <testcase name="thatOrdersCanBeAddedAndQueried" time="0.217" classname="com.sprhib.TestService"/>
  <testcase name="thatOrdersCanBeAddedAndQueried" time="0.176" classname="com.sprhib.TestService"/>
  <testcase name="thatOrdersCanBeAddedAndQueried" time="0.185" classname="com.sprhib.TestService"/>
  <testcase name="thatOrdersCanBeAddedAndQueried" time="0.231" classname="com.sprhib.TestService"/>
  <testcase name="thatOrdersCanBeAddedAndQueried" time="0.191" classname="com.sprhib.TestService"/>
  <testcase name="thatOrdersCanBeAddedAndQueried" time="0.234" classname="com.sprhib.TestService"/>
  <testcase name="thatOrdersCanBeAddedAndQueried" time="0.254" classname="com.sprhib.TestService"/>
  <testcase name="thatOrdersCanBeAddedAndQueried" time="0.280" classname="com.sprhib.TestService"/>
  <testcase name="thatOrdersCanBeAddedAndQueried" time="0.180" classname="com.sprhib.TestService"/>
  <testcase name="thatOrdersCanBeAddedAndQueried" time="0.162" classname="com.sprhib.TestService"/>
  <testcase name="thatOrdersCanBeAddedAndQueried" time="0.233" classname="com.sprhib.TestService"/>
  <testcase name="thatOrdersCanBeAddedAndQueried" time="0.208" classname="com.sprhib.TestService"/>
  <testcase name="thatOrdersCanBeAddedAndQueried" time="0.173" classname="com.sprhib.TestService"/>
  <testcase name="thatOrdersCanBeAddedAndQueried" time="0.171" classname="com.sprhib.TestService"/>
  <testcase name="thatOrdersCanBeAddedAndQueried" time="0.212" classname="com.sprhib.TestService"/>
  <testcase name="thatOrdersCanBeAddedAndQueried" time="0.167" classname="com.sprhib.TestService"/>
  <testcase name="thatOrdersCanBeAddedAndQueried" time="0.174" classname="com.sprhib.TestService"/>
  <testcase name="thatOrdersCanBeAddedAndQueried" time="0.181" classname="com.sprhib.TestService"/>
  <testcase name="thatOrdersCanBeAddedAndQueried" time="0.164" classname="com.sprhib.TestService"/>
  <testcase name="thatOrdersCanBeAddedAndQueried" time="0.222" classname="com.sprhib.TestService"/>
  <testcase name="thatOrdersCanBeAddedAndQueried" time="0.178" classname="com.sprhib.TestService"/>
  <testcase name="thatOrdersCanBeAddedAndQueried" time="0.206" classname="com.sprhib.TestService"/>
  <testcase name="thatOrdersCanBeAddedAndQueried" time="0.253" classname="com.sprhib.TestService"/>
  <testcase name="thatOrdersCanBeAddedAndQueried" time="0.191" classname="com.sprhib.TestService"/>
  <testcase name="thatOrdersCanBeAddedAndQueried" time="0.219" classname="com.sprhib.TestService"/>
  <testcase name="thatOrdersCanBeAddedAndQueried" time="0.223" classname="com.sprhib.TestService"/>
  <testcase name="thatOrdersCanBeAddedAndQueried" time="0.131" classname="com.sprhib.TestService"/>
  <testcase name="thatOrdersCanBeAddedAndQueried" time="0.288" classname="com.sprhib.TestService"/>
  <testcase name="thatOrdersCanBeAddedAndQueried" time="0.142" classname="com.sprhib.TestService"/>
  <testcase name="thatOrdersCanBeAddedAndQueried" time="0.197" classname="com.sprhib.TestService"/>
  <testcase name="thatOrdersCanBeAddedAndQueried" time="0.293" classname="com.sprhib.TestService"/>
  <testcase name="thatOrdersCanBeAddedAndQueried" time="0.246" classname="com.sprhib.TestService"/>
  <testcase name="thatOrdersCanBeAddedAndQueried" time="0.161" classname="com.sprhib.TestService"/>
  <testcase name="thatOrdersCanBeAddedAndQueried" time="0.114" classname="com.sprhib.TestService"/>
  <testcase name="thatOrdersCanBeAddedAndQueried" time="0.049" classname="com.sprhib.TestService">
    <failure type="org.springframework.web.client.ResourceAccessException" message="I/O error on GET request for &quot;http://localhost:8080/spr-mvc-hib/convertation/-110/EUR/USD&quot;:No buffer space available (maximum connections reached?): connect; nested exception is java.net.SocketException: No buffer space available (maximum connections reached?): connect">
      <![CDATA[org.springframework.web.client.ResourceAccessException: I/O error on GET request for "http://localhost:8080/spr-mvc-hib/convertation/-110/EUR/USD":No buffer space available (maximum connections reached?): connect; nested exception is java.net.SocketException: No buffer space available (maximum connections reached?): connect
	at org.springframework.web.client.RestTemplate.doExecute(RestTemplate.java:543)
	at org.springframework.web.client.RestTemplate.execute(RestTemplate.java:489)
	at org.springframework.web.client.RestTemplate.getForEntity(RestTemplate.java:250)
	at com.sprhib.TestService.thatOrdersCanBeAddedAndQueried(TestService.java:26)
	at sun.reflect.GeneratedMethodAccessor3.invoke(Unknown Source)
	at sun.reflect.DelegatingMethodAccessorImpl.invoke(DelegatingMethodAccessorImpl.java:43)
	at java.lang.reflect.Method.invoke(Method.java:606)
	at org.testng.internal.MethodInvocationHelper.invokeMethod(MethodInvocationHelper.java:84)
	at org.testng.internal.Invoker.invokeMethod(Invoker.java:714)
	at org.testng.internal.Invoker.invokeTestMethod(Invoker.java:901)
	at org.testng.internal.Invoker.invokeTestMethods(Invoker.java:1231)
	at org.testng.internal.TestMethodWorker.invokeTestMethods(TestMethodWorker.java:127)
	at org.testng.internal.TestMethodWorker.run(TestMethodWorker.java:111)
	at org.testng.internal.thread.ThreadUtil$2.call(ThreadUtil.java:64)
	at java.util.concurrent.FutureTask.run(FutureTask.java:262)
	at java.util.concurrent.ThreadPoolExecutor.runWorker(ThreadPoolExecutor.java:1145)
	at java.util.concurrent.ThreadPoolExecutor$Worker.run(ThreadPoolExecutor.java:615)
	at java.lang.Thread.run(Thread.java:745)
Caused by: java.net.SocketException: No buffer space available (maximum connections reached?): connect
	at java.net.DualStackPlainSocketImpl.connect0(Native Method)
	at java.net.DualStackPlainSocketImpl.socketConnect(DualStackPlainSocketImpl.java:79)
	at java.net.AbstractPlainSocketImpl.doConnect(AbstractPlainSocketImpl.java:339)
	at java.net.AbstractPlainSocketImpl.connectToAddress(AbstractPlainSocketImpl.java:200)
	at java.net.AbstractPlainSocketImpl.connect(AbstractPlainSocketImpl.java:182)
	at java.net.PlainSocketImpl.connect(PlainSocketImpl.java:172)
	at java.net.SocksSocketImpl.connect(SocksSocketImpl.java:392)
	at java.net.Socket.connect(Socket.java:579)
	at java.net.Socket.connect(Socket.java:528)
	at sun.net.NetworkClient.doConnect(NetworkClient.java:180)
	at sun.net.www.http.HttpClient.openServer(HttpClient.java:432)
	at sun.net.www.http.HttpClient.openServer(HttpClient.java:527)
	at sun.net.www.http.HttpClient.<init>(HttpClient.java:211)
	at sun.net.www.http.HttpClient.New(HttpClient.java:308)
	at sun.net.www.http.HttpClient.New(HttpClient.java:326)
	at sun.net.www.protocol.http.HttpURLConnection.getNewHttpClient(HttpURLConnection.java:996)
	at sun.net.www.protocol.http.HttpURLConnection.plainConnect(HttpURLConnection.java:932)
	at sun.net.www.protocol.http.HttpURLConnection.connect(HttpURLConnection.java:850)
	at org.springframework.http.client.SimpleBufferingClientHttpRequest.executeInternal(SimpleBufferingClientHttpRequest.java:78)
	at org.springframework.http.client.AbstractBufferingClientHttpRequest.executeInternal(AbstractBufferingClientHttpRequest.java:46)
	at org.springframework.http.client.AbstractClientHttpRequest.execute(AbstractClientHttpRequest.java:52)
	at org.springframework.web.client.RestTemplate.doExecute(RestTemplate.java:527)
	... 17 more
]]>
    </failure>
  </testcase> <!-- thatOrdersCanBeAddedAndQueried -->
  <testcase name="thatOrdersCanBeAddedAndQueried" time="0.161" classname="com.sprhib.TestService"/>
  <testcase name="thatOrdersCanBeAddedAndQueried" time="0.194" classname="com.sprhib.TestService"/>
  <testcase name="thatOrdersCanBeAddedAndQueried" time="0.199" classname="com.sprhib.TestService">
    <failure type="org.springframework.web.client.ResourceAccessException" message="I/O error on GET request for &quot;http://localhost:8080/spr-mvc-hib/convertation/-110/EUR/USD&quot;:No buffer space available (maximum connections reached?): connect; nested exception is java.net.SocketException: No buffer space available (maximum connections reached?): connect">
      <![CDATA[org.springframework.web.client.ResourceAccessException: I/O error on GET request for "http://localhost:8080/spr-mvc-hib/convertation/-110/EUR/USD":No buffer space available (maximum connections reached?): connect; nested exception is java.net.SocketException: No buffer space available (maximum connections reached?): connect
	at org.springframework.web.client.RestTemplate.doExecute(RestTemplate.java:543)
	at org.springframework.web.client.RestTemplate.execute(RestTemplate.java:489)
	at org.springframework.web.client.RestTemplate.getForEntity(RestTemplate.java:250)
	at com.sprhib.TestService.thatOrdersCanBeAddedAndQueried(TestService.java:26)
	at sun.reflect.GeneratedMethodAccessor3.invoke(Unknown Source)
	at sun.reflect.DelegatingMethodAccessorImpl.invoke(DelegatingMethodAccessorImpl.java:43)
	at java.lang.reflect.Method.invoke(Method.java:606)
	at org.testng.internal.MethodInvocationHelper.invokeMethod(MethodInvocationHelper.java:84)
	at org.testng.internal.Invoker.invokeMethod(Invoker.java:714)
	at org.testng.internal.Invoker.invokeTestMethod(Invoker.java:901)
	at org.testng.internal.Invoker.invokeTestMethods(Invoker.java:1231)
	at org.testng.internal.TestMethodWorker.invokeTestMethods(TestMethodWorker.java:127)
	at org.testng.internal.TestMethodWorker.run(TestMethodWorker.java:111)
	at org.testng.internal.thread.ThreadUtil$2.call(ThreadUtil.java:64)
	at java.util.concurrent.FutureTask.run(FutureTask.java:262)
	at java.util.concurrent.ThreadPoolExecutor.runWorker(ThreadPoolExecutor.java:1145)
	at java.util.concurrent.ThreadPoolExecutor$Worker.run(ThreadPoolExecutor.java:615)
	at java.lang.Thread.run(Thread.java:745)
Caused by: java.net.SocketException: No buffer space available (maximum connections reached?): connect
	at java.net.DualStackPlainSocketImpl.connect0(Native Method)
	at java.net.DualStackPlainSocketImpl.socketConnect(DualStackPlainSocketImpl.java:79)
	at java.net.AbstractPlainSocketImpl.doConnect(AbstractPlainSocketImpl.java:339)
	at java.net.AbstractPlainSocketImpl.connectToAddress(AbstractPlainSocketImpl.java:200)
	at java.net.AbstractPlainSocketImpl.connect(AbstractPlainSocketImpl.java:182)
	at java.net.PlainSocketImpl.connect(PlainSocketImpl.java:172)
	at java.net.SocksSocketImpl.connect(SocksSocketImpl.java:392)
	at java.net.Socket.connect(Socket.java:579)
	at java.net.Socket.connect(Socket.java:528)
	at sun.net.NetworkClient.doConnect(NetworkClient.java:180)
	at sun.net.www.http.HttpClient.openServer(HttpClient.java:432)
	at sun.net.www.http.HttpClient.openServer(HttpClient.java:527)
	at sun.net.www.http.HttpClient.<init>(HttpClient.java:211)
	at sun.net.www.http.HttpClient.New(HttpClient.java:308)
	at sun.net.www.http.HttpClient.New(HttpClient.java:326)
	at sun.net.www.protocol.http.HttpURLConnection.getNewHttpClient(HttpURLConnection.java:996)
	at sun.net.www.protocol.http.HttpURLConnection.plainConnect(HttpURLConnection.java:932)
	at sun.net.www.protocol.http.HttpURLConnection.connect(HttpURLConnection.java:850)
	at org.springframework.http.client.SimpleBufferingClientHttpRequest.executeInternal(SimpleBufferingClientHttpRequest.java:78)
	at org.springframework.http.client.AbstractBufferingClientHttpRequest.executeInternal(AbstractBufferingClientHttpRequest.java:46)
	at org.springframework.http.client.AbstractClientHttpRequest.execute(AbstractClientHttpRequest.java:52)
	at org.springframework.web.client.RestTemplate.doExecute(RestTemplate.java:527)
	... 17 more
]]>
    </failure>
  </testcase> <!-- thatOrdersCanBeAddedAndQueried -->
  <testcase name="thatOrdersCanBeAddedAndQueried" time="0.153" classname="com.sprhib.TestService"/>
  <testcase name="thatOrdersCanBeAddedAndQueried" time="0.164" classname="com.sprhib.TestService"/>
  <testcase name="thatOrdersCanBeAddedAndQueried" time="0.182" classname="com.sprhib.TestService"/>
  <testcase name="thatOrdersCanBeAddedAndQueried" time="0.174" classname="com.sprhib.TestService"/>
  <testcase name="thatOrdersCanBeAddedAndQueried" time="0.033" classname="com.sprhib.TestService">
    <failure type="org.springframework.web.client.ResourceAccessException" message="I/O error on GET request for &quot;http://localhost:8080/spr-mvc-hib/convertation/-110/EUR/USD&quot;:No buffer space available (maximum connections reached?): connect; nested exception is java.net.SocketException: No buffer space available (maximum connections reached?): connect">
      <![CDATA[org.springframework.web.client.ResourceAccessException: I/O error on GET request for "http://localhost:8080/spr-mvc-hib/convertation/-110/EUR/USD":No buffer space available (maximum connections reached?): connect; nested exception is java.net.SocketException: No buffer space available (maximum connections reached?): connect
	at org.springframework.web.client.RestTemplate.doExecute(RestTemplate.java:543)
	at org.springframework.web.client.RestTemplate.execute(RestTemplate.java:489)
	at org.springframework.web.client.RestTemplate.getForEntity(RestTemplate.java:250)
	at com.sprhib.TestService.thatOrdersCanBeAddedAndQueried(TestService.java:26)
	at sun.reflect.GeneratedMethodAccessor3.invoke(Unknown Source)
	at sun.reflect.DelegatingMethodAccessorImpl.invoke(DelegatingMethodAccessorImpl.java:43)
	at java.lang.reflect.Method.invoke(Method.java:606)
	at org.testng.internal.MethodInvocationHelper.invokeMethod(MethodInvocationHelper.java:84)
	at org.testng.internal.Invoker.invokeMethod(Invoker.java:714)
	at org.testng.internal.Invoker.invokeTestMethod(Invoker.java:901)
	at org.testng.internal.Invoker.invokeTestMethods(Invoker.java:1231)
	at org.testng.internal.TestMethodWorker.invokeTestMethods(TestMethodWorker.java:127)
	at org.testng.internal.TestMethodWorker.run(TestMethodWorker.java:111)
	at org.testng.internal.thread.ThreadUtil$2.call(ThreadUtil.java:64)
	at java.util.concurrent.FutureTask.run(FutureTask.java:262)
	at java.util.concurrent.ThreadPoolExecutor.runWorker(ThreadPoolExecutor.java:1145)
	at java.util.concurrent.ThreadPoolExecutor$Worker.run(ThreadPoolExecutor.java:615)
	at java.lang.Thread.run(Thread.java:745)
Caused by: java.net.SocketException: No buffer space available (maximum connections reached?): connect
	at java.net.DualStackPlainSocketImpl.connect0(Native Method)
	at java.net.DualStackPlainSocketImpl.socketConnect(DualStackPlainSocketImpl.java:79)
	at java.net.AbstractPlainSocketImpl.doConnect(AbstractPlainSocketImpl.java:339)
	at java.net.AbstractPlainSocketImpl.connectToAddress(AbstractPlainSocketImpl.java:200)
	at java.net.AbstractPlainSocketImpl.connect(AbstractPlainSocketImpl.java:182)
	at java.net.PlainSocketImpl.connect(PlainSocketImpl.java:172)
	at java.net.SocksSocketImpl.connect(SocksSocketImpl.java:392)
	at java.net.Socket.connect(Socket.java:579)
	at java.net.Socket.connect(Socket.java:528)
	at sun.net.NetworkClient.doConnect(NetworkClient.java:180)
	at sun.net.www.http.HttpClient.openServer(HttpClient.java:432)
	at sun.net.www.http.HttpClient.openServer(HttpClient.java:527)
	at sun.net.www.http.HttpClient.<init>(HttpClient.java:211)
	at sun.net.www.http.HttpClient.New(HttpClient.java:308)
	at sun.net.www.http.HttpClient.New(HttpClient.java:326)
	at sun.net.www.protocol.http.HttpURLConnection.getNewHttpClient(HttpURLConnection.java:996)
	at sun.net.www.protocol.http.HttpURLConnection.plainConnect(HttpURLConnection.java:932)
	at sun.net.www.protocol.http.HttpURLConnection.connect(HttpURLConnection.java:850)
	at org.springframework.http.client.SimpleBufferingClientHttpRequest.executeInternal(SimpleBufferingClientHttpRequest.java:78)
	at org.springframework.http.client.AbstractBufferingClientHttpRequest.executeInternal(AbstractBufferingClientHttpRequest.java:46)
	at org.springframework.http.client.AbstractClientHttpRequest.execute(AbstractClientHttpRequest.java:52)
	at org.springframework.web.client.RestTemplate.doExecute(RestTemplate.java:527)
	... 17 more
]]>
    </failure>
  </testcase> <!-- thatOrdersCanBeAddedAndQueried -->
  <testcase name="thatOrdersCanBeAddedAndQueried" time="0.300" classname="com.sprhib.TestService"/>
  <testcase name="thatOrdersCanBeAddedAndQueried" time="0.232" classname="com.sprhib.TestService"/>
  <testcase name="thatOrdersCanBeAddedAndQueried" time="0.159" classname="com.sprhib.TestService"/>
  <testcase name="thatOrdersCanBeAddedAndQueried" time="0.171" classname="com.sprhib.TestService"/>
  <testcase name="thatOrdersCanBeAddedAndQueried" time="0.195" classname="com.sprhib.TestService"/>
  <testcase name="thatOrdersCanBeAddedAndQueried" time="0.145" classname="com.sprhib.TestService"/>
  <testcase name="thatOrdersCanBeAddedAndQueried" time="0.178" classname="com.sprhib.TestService"/>
  <testcase name="thatOrdersCanBeAddedAndQueried" time="0.303" classname="com.sprhib.TestService"/>
  <testcase name="thatOrdersCanBeAddedAndQueried" time="0.169" classname="com.sprhib.TestService"/>
  <testcase name="thatOrdersCanBeAddedAndQueried" time="0.137" classname="com.sprhib.TestService"/>
  <testcase name="thatOrdersCanBeAddedAndQueried" time="0.183" classname="com.sprhib.TestService"/>
  <testcase name="thatOrdersCanBeAddedAndQueried" time="0.245" classname="com.sprhib.TestService"/>
  <testcase name="thatOrdersCanBeAddedAndQueried" time="0.203" classname="com.sprhib.TestService"/>
  <testcase name="thatOrdersCanBeAddedAndQueried" time="0.157" classname="com.sprhib.TestService"/>
  <testcase name="thatOrdersCanBeAddedAndQueried" time="0.209" classname="com.sprhib.TestService"/>
  <testcase name="thatOrdersCanBeAddedAndQueried" time="0.191" classname="com.sprhib.TestService"/>
  <testcase name="thatOrdersCanBeAddedAndQueried" time="0.164" classname="com.sprhib.TestService"/>
  <testcase name="thatOrdersCanBeAddedAndQueried" time="0.211" classname="com.sprhib.TestService"/>
  <testcase name="thatOrdersCanBeAddedAndQueried" time="0.210" classname="com.sprhib.TestService"/>
  <testcase name="thatOrdersCanBeAddedAndQueried" time="0.165" classname="com.sprhib.TestService"/>
  <testcase name="thatOrdersCanBeAddedAndQueried" time="0.250" classname="com.sprhib.TestService"/>
  <testcase name="thatOrdersCanBeAddedAndQueried" time="0.073" classname="com.sprhib.TestService">
    <failure type="org.springframework.web.client.ResourceAccessException" message="I/O error on GET request for &quot;http://localhost:8080/spr-mvc-hib/convertation/-110/EUR/USD&quot;:No buffer space available (maximum connections reached?): connect; nested exception is java.net.SocketException: No buffer space available (maximum connections reached?): connect">
      <![CDATA[org.springframework.web.client.ResourceAccessException: I/O error on GET request for "http://localhost:8080/spr-mvc-hib/convertation/-110/EUR/USD":No buffer space available (maximum connections reached?): connect; nested exception is java.net.SocketException: No buffer space available (maximum connections reached?): connect
	at org.springframework.web.client.RestTemplate.doExecute(RestTemplate.java:543)
	at org.springframework.web.client.RestTemplate.execute(RestTemplate.java:489)
	at org.springframework.web.client.RestTemplate.getForEntity(RestTemplate.java:250)
	at com.sprhib.TestService.thatOrdersCanBeAddedAndQueried(TestService.java:26)
	at sun.reflect.GeneratedMethodAccessor3.invoke(Unknown Source)
	at sun.reflect.DelegatingMethodAccessorImpl.invoke(DelegatingMethodAccessorImpl.java:43)
	at java.lang.reflect.Method.invoke(Method.java:606)
	at org.testng.internal.MethodInvocationHelper.invokeMethod(MethodInvocationHelper.java:84)
	at org.testng.internal.Invoker.invokeMethod(Invoker.java:714)
	at org.testng.internal.Invoker.invokeTestMethod(Invoker.java:901)
	at org.testng.internal.Invoker.invokeTestMethods(Invoker.java:1231)
	at org.testng.internal.TestMethodWorker.invokeTestMethods(TestMethodWorker.java:127)
	at org.testng.internal.TestMethodWorker.run(TestMethodWorker.java:111)
	at org.testng.internal.thread.ThreadUtil$2.call(ThreadUtil.java:64)
	at java.util.concurrent.FutureTask.run(FutureTask.java:262)
	at java.util.concurrent.ThreadPoolExecutor.runWorker(ThreadPoolExecutor.java:1145)
	at java.util.concurrent.ThreadPoolExecutor$Worker.run(ThreadPoolExecutor.java:615)
	at java.lang.Thread.run(Thread.java:745)
Caused by: java.net.SocketException: No buffer space available (maximum connections reached?): connect
	at java.net.DualStackPlainSocketImpl.connect0(Native Method)
	at java.net.DualStackPlainSocketImpl.socketConnect(DualStackPlainSocketImpl.java:79)
	at java.net.AbstractPlainSocketImpl.doConnect(AbstractPlainSocketImpl.java:339)
	at java.net.AbstractPlainSocketImpl.connectToAddress(AbstractPlainSocketImpl.java:200)
	at java.net.AbstractPlainSocketImpl.connect(AbstractPlainSocketImpl.java:182)
	at java.net.PlainSocketImpl.connect(PlainSocketImpl.java:172)
	at java.net.SocksSocketImpl.connect(SocksSocketImpl.java:392)
	at java.net.Socket.connect(Socket.java:579)
	at java.net.Socket.connect(Socket.java:528)
	at sun.net.NetworkClient.doConnect(NetworkClient.java:180)
	at sun.net.www.http.HttpClient.openServer(HttpClient.java:432)
	at sun.net.www.http.HttpClient.openServer(HttpClient.java:527)
	at sun.net.www.http.HttpClient.<init>(HttpClient.java:211)
	at sun.net.www.http.HttpClient.New(HttpClient.java:308)
	at sun.net.www.http.HttpClient.New(HttpClient.java:326)
	at sun.net.www.protocol.http.HttpURLConnection.getNewHttpClient(HttpURLConnection.java:996)
	at sun.net.www.protocol.http.HttpURLConnection.plainConnect(HttpURLConnection.java:932)
	at sun.net.www.protocol.http.HttpURLConnection.connect(HttpURLConnection.java:850)
	at org.springframework.http.client.SimpleBufferingClientHttpRequest.executeInternal(SimpleBufferingClientHttpRequest.java:78)
	at org.springframework.http.client.AbstractBufferingClientHttpRequest.executeInternal(AbstractBufferingClientHttpRequest.java:46)
	at org.springframework.http.client.AbstractClientHttpRequest.execute(AbstractClientHttpRequest.java:52)
	at org.springframework.web.client.RestTemplate.doExecute(RestTemplate.java:527)
	... 17 more
]]>
    </failure>
  </testcase> <!-- thatOrdersCanBeAddedAndQueried -->
  <testcase name="thatOrdersCanBeAddedAndQueried" time="0.230" classname="com.sprhib.TestService"/>
  <testcase name="thatOrdersCanBeAddedAndQueried" time="0.313" classname="com.sprhib.TestService"/>
  <testcase name="thatOrdersCanBeAddedAndQueried" time="0.302" classname="com.sprhib.TestService"/>
  <testcase name="thatOrdersCanBeAddedAndQueried" time="0.182" classname="com.sprhib.TestService"/>
  <testcase name="thatOrdersCanBeAddedAndQueried" time="0.159" classname="com.sprhib.TestService"/>
  <testcase name="thatOrdersCanBeAddedAndQueried" time="0.139" classname="com.sprhib.TestService"/>
  <testcase name="thatOrdersCanBeAddedAndQueried" time="0.285" classname="com.sprhib.TestService"/>
  <testcase name="thatOrdersCanBeAddedAndQueried" time="0.177" classname="com.sprhib.TestService"/>
  <testcase name="thatOrdersCanBeAddedAndQueried" time="0.212" classname="com.sprhib.TestService"/>
  <testcase name="thatOrdersCanBeAddedAndQueried" time="0.306" classname="com.sprhib.TestService"/>
  <testcase name="thatOrdersCanBeAddedAndQueried" time="0.119" classname="com.sprhib.TestService"/>
  <testcase name="thatOrdersCanBeAddedAndQueried" time="0.124" classname="com.sprhib.TestService"/>
  <testcase name="thatOrdersCanBeAddedAndQueried" time="0.118" classname="com.sprhib.TestService"/>
  <testcase name="thatOrdersCanBeAddedAndQueried" time="0.263" classname="com.sprhib.TestService"/>
  <testcase name="thatOrdersCanBeAddedAndQueried" time="0.178" classname="com.sprhib.TestService"/>
  <testcase name="thatOrdersCanBeAddedAndQueried" time="0.229" classname="com.sprhib.TestService"/>
  <testcase name="thatOrdersCanBeAddedAndQueried" time="0.036" classname="com.sprhib.TestService">
    <failure type="org.springframework.web.client.ResourceAccessException" message="I/O error on GET request for &quot;http://localhost:8080/spr-mvc-hib/convertation/-110/EUR/USD&quot;:No buffer space available (maximum connections reached?): connect; nested exception is java.net.SocketException: No buffer space available (maximum connections reached?): connect">
      <![CDATA[org.springframework.web.client.ResourceAccessException: I/O error on GET request for "http://localhost:8080/spr-mvc-hib/convertation/-110/EUR/USD":No buffer space available (maximum connections reached?): connect; nested exception is java.net.SocketException: No buffer space available (maximum connections reached?): connect
	at org.springframework.web.client.RestTemplate.doExecute(RestTemplate.java:543)
	at org.springframework.web.client.RestTemplate.execute(RestTemplate.java:489)
	at org.springframework.web.client.RestTemplate.getForEntity(RestTemplate.java:250)
	at com.sprhib.TestService.thatOrdersCanBeAddedAndQueried(TestService.java:26)
	at sun.reflect.GeneratedMethodAccessor3.invoke(Unknown Source)
	at sun.reflect.DelegatingMethodAccessorImpl.invoke(DelegatingMethodAccessorImpl.java:43)
	at java.lang.reflect.Method.invoke(Method.java:606)
	at org.testng.internal.MethodInvocationHelper.invokeMethod(MethodInvocationHelper.java:84)
	at org.testng.internal.Invoker.invokeMethod(Invoker.java:714)
	at org.testng.internal.Invoker.invokeTestMethod(Invoker.java:901)
	at org.testng.internal.Invoker.invokeTestMethods(Invoker.java:1231)
	at org.testng.internal.TestMethodWorker.invokeTestMethods(TestMethodWorker.java:127)
	at org.testng.internal.TestMethodWorker.run(TestMethodWorker.java:111)
	at org.testng.internal.thread.ThreadUtil$2.call(ThreadUtil.java:64)
	at java.util.concurrent.FutureTask.run(FutureTask.java:262)
	at java.util.concurrent.ThreadPoolExecutor.runWorker(ThreadPoolExecutor.java:1145)
	at java.util.concurrent.ThreadPoolExecutor$Worker.run(ThreadPoolExecutor.java:615)
	at java.lang.Thread.run(Thread.java:745)
Caused by: java.net.SocketException: No buffer space available (maximum connections reached?): connect
	at java.net.DualStackPlainSocketImpl.connect0(Native Method)
	at java.net.DualStackPlainSocketImpl.socketConnect(DualStackPlainSocketImpl.java:79)
	at java.net.AbstractPlainSocketImpl.doConnect(AbstractPlainSocketImpl.java:339)
	at java.net.AbstractPlainSocketImpl.connectToAddress(AbstractPlainSocketImpl.java:200)
	at java.net.AbstractPlainSocketImpl.connect(AbstractPlainSocketImpl.java:182)
	at java.net.PlainSocketImpl.connect(PlainSocketImpl.java:172)
	at java.net.SocksSocketImpl.connect(SocksSocketImpl.java:392)
	at java.net.Socket.connect(Socket.java:579)
	at java.net.Socket.connect(Socket.java:528)
	at sun.net.NetworkClient.doConnect(NetworkClient.java:180)
	at sun.net.www.http.HttpClient.openServer(HttpClient.java:432)
	at sun.net.www.http.HttpClient.openServer(HttpClient.java:527)
	at sun.net.www.http.HttpClient.<init>(HttpClient.java:211)
	at sun.net.www.http.HttpClient.New(HttpClient.java:308)
	at sun.net.www.http.HttpClient.New(HttpClient.java:326)
	at sun.net.www.protocol.http.HttpURLConnection.getNewHttpClient(HttpURLConnection.java:996)
	at sun.net.www.protocol.http.HttpURLConnection.plainConnect(HttpURLConnection.java:932)
	at sun.net.www.protocol.http.HttpURLConnection.connect(HttpURLConnection.java:850)
	at org.springframework.http.client.SimpleBufferingClientHttpRequest.executeInternal(SimpleBufferingClientHttpRequest.java:78)
	at org.springframework.http.client.AbstractBufferingClientHttpRequest.executeInternal(AbstractBufferingClientHttpRequest.java:46)
	at org.springframework.http.client.AbstractClientHttpRequest.execute(AbstractClientHttpRequest.java:52)
	at org.springframework.web.client.RestTemplate.doExecute(RestTemplate.java:527)
	... 17 more
]]>
    </failure>
  </testcase> <!-- thatOrdersCanBeAddedAndQueried -->
  <testcase name="thatOrdersCanBeAddedAndQueried" time="0.168" classname="com.sprhib.TestService"/>
  <testcase name="thatOrdersCanBeAddedAndQueried" time="0.176" classname="com.sprhib.TestService"/>
  <testcase name="thatOrdersCanBeAddedAndQueried" time="0.135" classname="com.sprhib.TestService"/>
  <testcase name="thatOrdersCanBeAddedAndQueried" time="0.235" classname="com.sprhib.TestService"/>
  <testcase name="thatOrdersCanBeAddedAndQueried" time="0.183" classname="com.sprhib.TestService"/>
  <testcase name="thatOrdersCanBeAddedAndQueried" time="0.168" classname="com.sprhib.TestService"/>
  <testcase name="thatOrdersCanBeAddedAndQueried" time="0.170" classname="com.sprhib.TestService"/>
  <testcase name="thatOrdersCanBeAddedAndQueried" time="0.011" classname="com.sprhib.TestService">
    <failure type="org.springframework.web.client.ResourceAccessException" message="I/O error on GET request for &quot;http://localhost:8080/spr-mvc-hib/convertation/-110/EUR/USD&quot;:No buffer space available (maximum connections reached?): connect; nested exception is java.net.SocketException: No buffer space available (maximum connections reached?): connect">
      <![CDATA[org.springframework.web.client.ResourceAccessException: I/O error on GET request for "http://localhost:8080/spr-mvc-hib/convertation/-110/EUR/USD":No buffer space available (maximum connections reached?): connect; nested exception is java.net.SocketException: No buffer space available (maximum connections reached?): connect
	at org.springframework.web.client.RestTemplate.doExecute(RestTemplate.java:543)
	at org.springframework.web.client.RestTemplate.execute(RestTemplate.java:489)
	at org.springframework.web.client.RestTemplate.getForEntity(RestTemplate.java:250)
	at com.sprhib.TestService.thatOrdersCanBeAddedAndQueried(TestService.java:26)
	at sun.reflect.GeneratedMethodAccessor3.invoke(Unknown Source)
	at sun.reflect.DelegatingMethodAccessorImpl.invoke(DelegatingMethodAccessorImpl.java:43)
	at java.lang.reflect.Method.invoke(Method.java:606)
	at org.testng.internal.MethodInvocationHelper.invokeMethod(MethodInvocationHelper.java:84)
	at org.testng.internal.Invoker.invokeMethod(Invoker.java:714)
	at org.testng.internal.Invoker.invokeTestMethod(Invoker.java:901)
	at org.testng.internal.Invoker.invokeTestMethods(Invoker.java:1231)
	at org.testng.internal.TestMethodWorker.invokeTestMethods(TestMethodWorker.java:127)
	at org.testng.internal.TestMethodWorker.run(TestMethodWorker.java:111)
	at org.testng.internal.thread.ThreadUtil$2.call(ThreadUtil.java:64)
	at java.util.concurrent.FutureTask.run(FutureTask.java:262)
	at java.util.concurrent.ThreadPoolExecutor.runWorker(ThreadPoolExecutor.java:1145)
	at java.util.concurrent.ThreadPoolExecutor$Worker.run(ThreadPoolExecutor.java:615)
	at java.lang.Thread.run(Thread.java:745)
Caused by: java.net.SocketException: No buffer space available (maximum connections reached?): connect
	at java.net.DualStackPlainSocketImpl.connect0(Native Method)
	at java.net.DualStackPlainSocketImpl.socketConnect(DualStackPlainSocketImpl.java:79)
	at java.net.AbstractPlainSocketImpl.doConnect(AbstractPlainSocketImpl.java:339)
	at java.net.AbstractPlainSocketImpl.connectToAddress(AbstractPlainSocketImpl.java:200)
	at java.net.AbstractPlainSocketImpl.connect(AbstractPlainSocketImpl.java:182)
	at java.net.PlainSocketImpl.connect(PlainSocketImpl.java:172)
	at java.net.SocksSocketImpl.connect(SocksSocketImpl.java:392)
	at java.net.Socket.connect(Socket.java:579)
	at java.net.Socket.connect(Socket.java:528)
	at sun.net.NetworkClient.doConnect(NetworkClient.java:180)
	at sun.net.www.http.HttpClient.openServer(HttpClient.java:432)
	at sun.net.www.http.HttpClient.openServer(HttpClient.java:527)
	at sun.net.www.http.HttpClient.<init>(HttpClient.java:211)
	at sun.net.www.http.HttpClient.New(HttpClient.java:308)
	at sun.net.www.http.HttpClient.New(HttpClient.java:326)
	at sun.net.www.protocol.http.HttpURLConnection.getNewHttpClient(HttpURLConnection.java:996)
	at sun.net.www.protocol.http.HttpURLConnection.plainConnect(HttpURLConnection.java:932)
	at sun.net.www.protocol.http.HttpURLConnection.connect(HttpURLConnection.java:850)
	at org.springframework.http.client.SimpleBufferingClientHttpRequest.executeInternal(SimpleBufferingClientHttpRequest.java:78)
	at org.springframework.http.client.AbstractBufferingClientHttpRequest.executeInternal(AbstractBufferingClientHttpRequest.java:46)
	at org.springframework.http.client.AbstractClientHttpRequest.execute(AbstractClientHttpRequest.java:52)
	at org.springframework.web.client.RestTemplate.doExecute(RestTemplate.java:527)
	... 17 more
]]>
    </failure>
  </testcase> <!-- thatOrdersCanBeAddedAndQueried -->
  <testcase name="thatOrdersCanBeAddedAndQueried" time="0.150" classname="com.sprhib.TestService"/>
  <testcase name="thatOrdersCanBeAddedAndQueried" time="0.205" classname="com.sprhib.TestService"/>
  <testcase name="thatOrdersCanBeAddedAndQueried" time="0.163" classname="com.sprhib.TestService"/>
  <testcase name="thatOrdersCanBeAddedAndQueried" time="0.183" classname="com.sprhib.TestService"/>
  <testcase name="thatOrdersCanBeAddedAndQueried" time="0.221" classname="com.sprhib.TestService"/>
  <testcase name="thatOrdersCanBeAddedAndQueried" time="0.158" classname="com.sprhib.TestService"/>
  <testcase name="thatOrdersCanBeAddedAndQueried" time="0.267" classname="com.sprhib.TestService"/>
  <testcase name="thatOrdersCanBeAddedAndQueried" time="0.013" classname="com.sprhib.TestService">
    <failure type="org.springframework.web.client.ResourceAccessException" message="I/O error on GET request for &quot;http://localhost:8080/spr-mvc-hib/convertation/-110/EUR/USD&quot;:No buffer space available (maximum connections reached?): connect; nested exception is java.net.SocketException: No buffer space available (maximum connections reached?): connect">
      <![CDATA[org.springframework.web.client.ResourceAccessException: I/O error on GET request for "http://localhost:8080/spr-mvc-hib/convertation/-110/EUR/USD":No buffer space available (maximum connections reached?): connect; nested exception is java.net.SocketException: No buffer space available (maximum connections reached?): connect
	at org.springframework.web.client.RestTemplate.doExecute(RestTemplate.java:543)
	at org.springframework.web.client.RestTemplate.execute(RestTemplate.java:489)
	at org.springframework.web.client.RestTemplate.getForEntity(RestTemplate.java:250)
	at com.sprhib.TestService.thatOrdersCanBeAddedAndQueried(TestService.java:26)
	at sun.reflect.GeneratedMethodAccessor3.invoke(Unknown Source)
	at sun.reflect.DelegatingMethodAccessorImpl.invoke(DelegatingMethodAccessorImpl.java:43)
	at java.lang.reflect.Method.invoke(Method.java:606)
	at org.testng.internal.MethodInvocationHelper.invokeMethod(MethodInvocationHelper.java:84)
	at org.testng.internal.Invoker.invokeMethod(Invoker.java:714)
	at org.testng.internal.Invoker.invokeTestMethod(Invoker.java:901)
	at org.testng.internal.Invoker.invokeTestMethods(Invoker.java:1231)
	at org.testng.internal.TestMethodWorker.invokeTestMethods(TestMethodWorker.java:127)
	at org.testng.internal.TestMethodWorker.run(TestMethodWorker.java:111)
	at org.testng.internal.thread.ThreadUtil$2.call(ThreadUtil.java:64)
	at java.util.concurrent.FutureTask.run(FutureTask.java:262)
	at java.util.concurrent.ThreadPoolExecutor.runWorker(ThreadPoolExecutor.java:1145)
	at java.util.concurrent.ThreadPoolExecutor$Worker.run(ThreadPoolExecutor.java:615)
	at java.lang.Thread.run(Thread.java:745)
Caused by: java.net.SocketException: No buffer space available (maximum connections reached?): connect
	at java.net.DualStackPlainSocketImpl.connect0(Native Method)
	at java.net.DualStackPlainSocketImpl.socketConnect(DualStackPlainSocketImpl.java:79)
	at java.net.AbstractPlainSocketImpl.doConnect(AbstractPlainSocketImpl.java:339)
	at java.net.AbstractPlainSocketImpl.connectToAddress(AbstractPlainSocketImpl.java:200)
	at java.net.AbstractPlainSocketImpl.connect(AbstractPlainSocketImpl.java:182)
	at java.net.PlainSocketImpl.connect(PlainSocketImpl.java:172)
	at java.net.SocksSocketImpl.connect(SocksSocketImpl.java:392)
	at java.net.Socket.connect(Socket.java:579)
	at java.net.Socket.connect(Socket.java:528)
	at sun.net.NetworkClient.doConnect(NetworkClient.java:180)
	at sun.net.www.http.HttpClient.openServer(HttpClient.java:432)
	at sun.net.www.http.HttpClient.openServer(HttpClient.java:527)
	at sun.net.www.http.HttpClient.<init>(HttpClient.java:211)
	at sun.net.www.http.HttpClient.New(HttpClient.java:308)
	at sun.net.www.http.HttpClient.New(HttpClient.java:326)
	at sun.net.www.protocol.http.HttpURLConnection.getNewHttpClient(HttpURLConnection.java:996)
	at sun.net.www.protocol.http.HttpURLConnection.plainConnect(HttpURLConnection.java:932)
	at sun.net.www.protocol.http.HttpURLConnection.connect(HttpURLConnection.java:850)
	at org.springframework.http.client.SimpleBufferingClientHttpRequest.executeInternal(SimpleBufferingClientHttpRequest.java:78)
	at org.springframework.http.client.AbstractBufferingClientHttpRequest.executeInternal(AbstractBufferingClientHttpRequest.java:46)
	at org.springframework.http.client.AbstractClientHttpRequest.execute(AbstractClientHttpRequest.java:52)
	at org.springframework.web.client.RestTemplate.doExecute(RestTemplate.java:527)
	... 17 more
]]>
    </failure>
  </testcase> <!-- thatOrdersCanBeAddedAndQueried -->
  <testcase name="thatOrdersCanBeAddedAndQueried" time="0.118" classname="com.sprhib.TestService"/>
  <testcase name="thatOrdersCanBeAddedAndQueried" time="0.275" classname="com.sprhib.TestService"/>
  <testcase name="thatOrdersCanBeAddedAndQueried" time="0.116" classname="com.sprhib.TestService"/>
  <testcase name="thatOrdersCanBeAddedAndQueried" time="0.204" classname="com.sprhib.TestService"/>
  <testcase name="thatOrdersCanBeAddedAndQueried" time="0.213" classname="com.sprhib.TestService"/>
  <testcase name="thatOrdersCanBeAddedAndQueried" time="0.209" classname="com.sprhib.TestService"/>
  <testcase name="thatOrdersCanBeAddedAndQueried" time="0.273" classname="com.sprhib.TestService"/>
  <testcase name="thatOrdersCanBeAddedAndQueried" time="0.208" classname="com.sprhib.TestService"/>
  <testcase name="thatOrdersCanBeAddedAndQueried" time="0.170" classname="com.sprhib.TestService"/>
  <testcase name="thatOrdersCanBeAddedAndQueried" time="0.138" classname="com.sprhib.TestService"/>
  <testcase name="thatOrdersCanBeAddedAndQueried" time="0.193" classname="com.sprhib.TestService"/>
  <testcase name="thatOrdersCanBeAddedAndQueried" time="0.240" classname="com.sprhib.TestService"/>
  <testcase name="thatOrdersCanBeAddedAndQueried" time="0.213" classname="com.sprhib.TestService"/>
  <testcase name="thatOrdersCanBeAddedAndQueried" time="0.193" classname="com.sprhib.TestService"/>
  <testcase name="thatOrdersCanBeAddedAndQueried" time="0.183" classname="com.sprhib.TestService"/>
  <testcase name="thatOrdersCanBeAddedAndQueried" time="0.235" classname="com.sprhib.TestService"/>
  <testcase name="thatOrdersCanBeAddedAndQueried" time="0.193" classname="com.sprhib.TestService"/>
  <testcase name="thatOrdersCanBeAddedAndQueried" time="0.228" classname="com.sprhib.TestService"/>
  <testcase name="thatOrdersCanBeAddedAndQueried" time="0.150" classname="com.sprhib.TestService"/>
  <testcase name="thatOrdersCanBeAddedAndQueried" time="0.136" classname="com.sprhib.TestService"/>
  <testcase name="thatOrdersCanBeAddedAndQueried" time="0.132" classname="com.sprhib.TestService"/>
  <testcase name="thatOrdersCanBeAddedAndQueried" time="0.139" classname="com.sprhib.TestService"/>
  <testcase name="thatOrdersCanBeAddedAndQueried" time="0.142" classname="com.sprhib.TestService"/>
  <testcase name="thatOrdersCanBeAddedAndQueried" time="0.170" classname="com.sprhib.TestService"/>
  <testcase name="thatOrdersCanBeAddedAndQueried" time="0.126" classname="com.sprhib.TestService"/>
  <testcase name="thatOrdersCanBeAddedAndQueried" time="0.197" classname="com.sprhib.TestService"/>
  <testcase name="thatOrdersCanBeAddedAndQueried" time="0.186" classname="com.sprhib.TestService"/>
  <testcase name="thatOrdersCanBeAddedAndQueried" time="0.157" classname="com.sprhib.TestService"/>
  <testcase name="thatOrdersCanBeAddedAndQueried" time="0.135" classname="com.sprhib.TestService"/>
  <testcase name="thatOrdersCanBeAddedAndQueried" time="0.155" classname="com.sprhib.TestService"/>
  <testcase name="thatOrdersCanBeAddedAndQueried" time="0.178" classname="com.sprhib.TestService"/>
  <testcase name="thatOrdersCanBeAddedAndQueried" time="0.143" classname="com.sprhib.TestService"/>
  <testcase name="thatOrdersCanBeAddedAndQueried" time="0.141" classname="com.sprhib.TestService"/>
  <testcase name="thatOrdersCanBeAddedAndQueried" time="0.198" classname="com.sprhib.TestService"/>
  <testcase name="thatOrdersCanBeAddedAndQueried" time="0.175" classname="com.sprhib.TestService"/>
  <testcase name="thatOrdersCanBeAddedAndQueried" time="0.223" classname="com.sprhib.TestService"/>
  <testcase name="thatOrdersCanBeAddedAndQueried" time="0.305" classname="com.sprhib.TestService"/>
  <testcase name="thatOrdersCanBeAddedAndQueried" time="0.123" classname="com.sprhib.TestService"/>
  <testcase name="thatOrdersCanBeAddedAndQueried" time="0.169" classname="com.sprhib.TestService"/>
  <testcase name="thatOrdersCanBeAddedAndQueried" time="0.212" classname="com.sprhib.TestService"/>
  <testcase name="thatOrdersCanBeAddedAndQueried" time="0.273" classname="com.sprhib.TestService"/>
  <testcase name="thatOrdersCanBeAddedAndQueried" time="0.237" classname="com.sprhib.TestService"/>
  <testcase name="thatOrdersCanBeAddedAndQueried" time="0.224" classname="com.sprhib.TestService"/>
  <testcase name="thatOrdersCanBeAddedAndQueried" time="0.175" classname="com.sprhib.TestService"/>
  <testcase name="thatOrdersCanBeAddedAndQueried" time="0.176" classname="com.sprhib.TestService"/>
  <testcase name="thatOrdersCanBeAddedAndQueried" time="0.503" classname="com.sprhib.TestService"/>
  <testcase name="thatOrdersCanBeAddedAndQueried" time="0.196" classname="com.sprhib.TestService"/>
  <testcase name="thatOrdersCanBeAddedAndQueried" time="0.151" classname="com.sprhib.TestService"/>
  <testcase name="thatOrdersCanBeAddedAndQueried" time="0.174" classname="com.sprhib.TestService"/>
  <testcase name="thatOrdersCanBeAddedAndQueried" time="0.028" classname="com.sprhib.TestService">
    <failure type="org.springframework.web.client.ResourceAccessException" message="I/O error on GET request for &quot;http://localhost:8080/spr-mvc-hib/convertation/-110/EUR/USD&quot;:No buffer space available (maximum connections reached?): connect; nested exception is java.net.SocketException: No buffer space available (maximum connections reached?): connect">
      <![CDATA[org.springframework.web.client.ResourceAccessException: I/O error on GET request for "http://localhost:8080/spr-mvc-hib/convertation/-110/EUR/USD":No buffer space available (maximum connections reached?): connect; nested exception is java.net.SocketException: No buffer space available (maximum connections reached?): connect
	at org.springframework.web.client.RestTemplate.doExecute(RestTemplate.java:543)
	at org.springframework.web.client.RestTemplate.execute(RestTemplate.java:489)
	at org.springframework.web.client.RestTemplate.getForEntity(RestTemplate.java:250)
	at com.sprhib.TestService.thatOrdersCanBeAddedAndQueried(TestService.java:26)
	at sun.reflect.GeneratedMethodAccessor3.invoke(Unknown Source)
	at sun.reflect.DelegatingMethodAccessorImpl.invoke(DelegatingMethodAccessorImpl.java:43)
	at java.lang.reflect.Method.invoke(Method.java:606)
	at org.testng.internal.MethodInvocationHelper.invokeMethod(MethodInvocationHelper.java:84)
	at org.testng.internal.Invoker.invokeMethod(Invoker.java:714)
	at org.testng.internal.Invoker.invokeTestMethod(Invoker.java:901)
	at org.testng.internal.Invoker.invokeTestMethods(Invoker.java:1231)
	at org.testng.internal.TestMethodWorker.invokeTestMethods(TestMethodWorker.java:127)
	at org.testng.internal.TestMethodWorker.run(TestMethodWorker.java:111)
	at org.testng.internal.thread.ThreadUtil$2.call(ThreadUtil.java:64)
	at java.util.concurrent.FutureTask.run(FutureTask.java:262)
	at java.util.concurrent.ThreadPoolExecutor.runWorker(ThreadPoolExecutor.java:1145)
	at java.util.concurrent.ThreadPoolExecutor$Worker.run(ThreadPoolExecutor.java:615)
	at java.lang.Thread.run(Thread.java:745)
Caused by: java.net.SocketException: No buffer space available (maximum connections reached?): connect
	at java.net.DualStackPlainSocketImpl.connect0(Native Method)
	at java.net.DualStackPlainSocketImpl.socketConnect(DualStackPlainSocketImpl.java:79)
	at java.net.AbstractPlainSocketImpl.doConnect(AbstractPlainSocketImpl.java:339)
	at java.net.AbstractPlainSocketImpl.connectToAddress(AbstractPlainSocketImpl.java:200)
	at java.net.AbstractPlainSocketImpl.connect(AbstractPlainSocketImpl.java:182)
	at java.net.PlainSocketImpl.connect(PlainSocketImpl.java:172)
	at java.net.SocksSocketImpl.connect(SocksSocketImpl.java:392)
	at java.net.Socket.connect(Socket.java:579)
	at java.net.Socket.connect(Socket.java:528)
	at sun.net.NetworkClient.doConnect(NetworkClient.java:180)
	at sun.net.www.http.HttpClient.openServer(HttpClient.java:432)
	at sun.net.www.http.HttpClient.openServer(HttpClient.java:527)
	at sun.net.www.http.HttpClient.<init>(HttpClient.java:211)
	at sun.net.www.http.HttpClient.New(HttpClient.java:308)
	at sun.net.www.http.HttpClient.New(HttpClient.java:326)
	at sun.net.www.protocol.http.HttpURLConnection.getNewHttpClient(HttpURLConnection.java:996)
	at sun.net.www.protocol.http.HttpURLConnection.plainConnect(HttpURLConnection.java:932)
	at sun.net.www.protocol.http.HttpURLConnection.connect(HttpURLConnection.java:850)
	at org.springframework.http.client.SimpleBufferingClientHttpRequest.executeInternal(SimpleBufferingClientHttpRequest.java:78)
	at org.springframework.http.client.AbstractBufferingClientHttpRequest.executeInternal(AbstractBufferingClientHttpRequest.java:46)
	at org.springframework.http.client.AbstractClientHttpRequest.execute(AbstractClientHttpRequest.java:52)
	at org.springframework.web.client.RestTemplate.doExecute(RestTemplate.java:527)
	... 17 more
]]>
    </failure>
  </testcase> <!-- thatOrdersCanBeAddedAndQueried -->
  <testcase name="thatOrdersCanBeAddedAndQueried" time="0.141" classname="com.sprhib.TestService"/>
  <testcase name="thatOrdersCanBeAddedAndQueried" time="0.193" classname="com.sprhib.TestService"/>
  <testcase name="thatOrdersCanBeAddedAndQueried" time="0.115" classname="com.sprhib.TestService"/>
  <testcase name="thatOrdersCanBeAddedAndQueried" time="0.040" classname="com.sprhib.TestService">
    <failure type="org.springframework.web.client.ResourceAccessException" message="I/O error on GET request for &quot;http://localhost:8080/spr-mvc-hib/convertation/-110/EUR/USD&quot;:No buffer space available (maximum connections reached?): connect; nested exception is java.net.SocketException: No buffer space available (maximum connections reached?): connect">
      <![CDATA[org.springframework.web.client.ResourceAccessException: I/O error on GET request for "http://localhost:8080/spr-mvc-hib/convertation/-110/EUR/USD":No buffer space available (maximum connections reached?): connect; nested exception is java.net.SocketException: No buffer space available (maximum connections reached?): connect
	at org.springframework.web.client.RestTemplate.doExecute(RestTemplate.java:543)
	at org.springframework.web.client.RestTemplate.execute(RestTemplate.java:489)
	at org.springframework.web.client.RestTemplate.getForEntity(RestTemplate.java:250)
	at com.sprhib.TestService.thatOrdersCanBeAddedAndQueried(TestService.java:26)
	at sun.reflect.GeneratedMethodAccessor3.invoke(Unknown Source)
	at sun.reflect.DelegatingMethodAccessorImpl.invoke(DelegatingMethodAccessorImpl.java:43)
	at java.lang.reflect.Method.invoke(Method.java:606)
	at org.testng.internal.MethodInvocationHelper.invokeMethod(MethodInvocationHelper.java:84)
	at org.testng.internal.Invoker.invokeMethod(Invoker.java:714)
	at org.testng.internal.Invoker.invokeTestMethod(Invoker.java:901)
	at org.testng.internal.Invoker.invokeTestMethods(Invoker.java:1231)
	at org.testng.internal.TestMethodWorker.invokeTestMethods(TestMethodWorker.java:127)
	at org.testng.internal.TestMethodWorker.run(TestMethodWorker.java:111)
	at org.testng.internal.thread.ThreadUtil$2.call(ThreadUtil.java:64)
	at java.util.concurrent.FutureTask.run(FutureTask.java:262)
	at java.util.concurrent.ThreadPoolExecutor.runWorker(ThreadPoolExecutor.java:1145)
	at java.util.concurrent.ThreadPoolExecutor$Worker.run(ThreadPoolExecutor.java:615)
	at java.lang.Thread.run(Thread.java:745)
Caused by: java.net.SocketException: No buffer space available (maximum connections reached?): connect
	at java.net.DualStackPlainSocketImpl.connect0(Native Method)
	at java.net.DualStackPlainSocketImpl.socketConnect(DualStackPlainSocketImpl.java:79)
	at java.net.AbstractPlainSocketImpl.doConnect(AbstractPlainSocketImpl.java:339)
	at java.net.AbstractPlainSocketImpl.connectToAddress(AbstractPlainSocketImpl.java:200)
	at java.net.AbstractPlainSocketImpl.connect(AbstractPlainSocketImpl.java:182)
	at java.net.PlainSocketImpl.connect(PlainSocketImpl.java:172)
	at java.net.SocksSocketImpl.connect(SocksSocketImpl.java:392)
	at java.net.Socket.connect(Socket.java:579)
	at java.net.Socket.connect(Socket.java:528)
	at sun.net.NetworkClient.doConnect(NetworkClient.java:180)
	at sun.net.www.http.HttpClient.openServer(HttpClient.java:432)
	at sun.net.www.http.HttpClient.openServer(HttpClient.java:527)
	at sun.net.www.http.HttpClient.<init>(HttpClient.java:211)
	at sun.net.www.http.HttpClient.New(HttpClient.java:308)
	at sun.net.www.http.HttpClient.New(HttpClient.java:326)
	at sun.net.www.protocol.http.HttpURLConnection.getNewHttpClient(HttpURLConnection.java:996)
	at sun.net.www.protocol.http.HttpURLConnection.plainConnect(HttpURLConnection.java:932)
	at sun.net.www.protocol.http.HttpURLConnection.connect(HttpURLConnection.java:850)
	at org.springframework.http.client.SimpleBufferingClientHttpRequest.executeInternal(SimpleBufferingClientHttpRequest.java:78)
	at org.springframework.http.client.AbstractBufferingClientHttpRequest.executeInternal(AbstractBufferingClientHttpRequest.java:46)
	at org.springframework.http.client.AbstractClientHttpRequest.execute(AbstractClientHttpRequest.java:52)
	at org.springframework.web.client.RestTemplate.doExecute(RestTemplate.java:527)
	... 17 more
]]>
    </failure>
  </testcase> <!-- thatOrdersCanBeAddedAndQueried -->
  <testcase name="thatOrdersCanBeAddedAndQueried" time="0.142" classname="com.sprhib.TestService"/>
  <testcase name="thatOrdersCanBeAddedAndQueried" time="0.153" classname="com.sprhib.TestService"/>
  <testcase name="thatOrdersCanBeAddedAndQueried" time="0.189" classname="com.sprhib.TestService"/>
  <testcase name="thatOrdersCanBeAddedAndQueried" time="0.193" classname="com.sprhib.TestService"/>
  <testcase name="thatOrdersCanBeAddedAndQueried" time="0.196" classname="com.sprhib.TestService"/>
  <testcase name="thatOrdersCanBeAddedAndQueried" time="0.193" classname="com.sprhib.TestService"/>
  <testcase name="thatOrdersCanBeAddedAndQueried" time="0.286" classname="com.sprhib.TestService"/>
  <testcase name="thatOrdersCanBeAddedAndQueried" time="0.132" classname="com.sprhib.TestService"/>
  <testcase name="thatOrdersCanBeAddedAndQueried" time="0.168" classname="com.sprhib.TestService"/>
  <testcase name="thatOrdersCanBeAddedAndQueried" time="0.138" classname="com.sprhib.TestService"/>
  <testcase name="thatOrdersCanBeAddedAndQueried" time="0.278" classname="com.sprhib.TestService"/>
  <testcase name="thatOrdersCanBeAddedAndQueried" time="0.096" classname="com.sprhib.TestService"/>
  <testcase name="thatOrdersCanBeAddedAndQueried" time="0.230" classname="com.sprhib.TestService"/>
  <testcase name="thatOrdersCanBeAddedAndQueried" time="0.111" classname="com.sprhib.TestService"/>
  <testcase name="thatOrdersCanBeAddedAndQueried" time="0.278" classname="com.sprhib.TestService"/>
  <testcase name="thatOrdersCanBeAddedAndQueried" time="0.157" classname="com.sprhib.TestService"/>
  <testcase name="thatOrdersCanBeAddedAndQueried" time="0.215" classname="com.sprhib.TestService"/>
  <testcase name="thatOrdersCanBeAddedAndQueried" time="0.293" classname="com.sprhib.TestService"/>
  <testcase name="thatOrdersCanBeAddedAndQueried" time="0.132" classname="com.sprhib.TestService"/>
  <testcase name="thatOrdersCanBeAddedAndQueried" time="0.219" classname="com.sprhib.TestService"/>
  <testcase name="thatOrdersCanBeAddedAndQueried" time="0.235" classname="com.sprhib.TestService"/>
  <testcase name="thatOrdersCanBeAddedAndQueried" time="0.191" classname="com.sprhib.TestService"/>
  <testcase name="thatOrdersCanBeAddedAndQueried" time="0.290" classname="com.sprhib.TestService"/>
  <testcase name="thatOrdersCanBeAddedAndQueried" time="0.159" classname="com.sprhib.TestService"/>
  <testcase name="thatOrdersCanBeAddedAndQueried" time="0.146" classname="com.sprhib.TestService"/>
  <testcase name="thatOrdersCanBeAddedAndQueried" time="0.020" classname="com.sprhib.TestService">
    <failure type="org.springframework.web.client.ResourceAccessException" message="I/O error on GET request for &quot;http://localhost:8080/spr-mvc-hib/convertation/-110/EUR/USD&quot;:No buffer space available (maximum connections reached?): connect; nested exception is java.net.SocketException: No buffer space available (maximum connections reached?): connect">
      <![CDATA[org.springframework.web.client.ResourceAccessException: I/O error on GET request for "http://localhost:8080/spr-mvc-hib/convertation/-110/EUR/USD":No buffer space available (maximum connections reached?): connect; nested exception is java.net.SocketException: No buffer space available (maximum connections reached?): connect
	at org.springframework.web.client.RestTemplate.doExecute(RestTemplate.java:543)
	at org.springframework.web.client.RestTemplate.execute(RestTemplate.java:489)
	at org.springframework.web.client.RestTemplate.getForEntity(RestTemplate.java:250)
	at com.sprhib.TestService.thatOrdersCanBeAddedAndQueried(TestService.java:26)
	at sun.reflect.GeneratedMethodAccessor3.invoke(Unknown Source)
	at sun.reflect.DelegatingMethodAccessorImpl.invoke(DelegatingMethodAccessorImpl.java:43)
	at java.lang.reflect.Method.invoke(Method.java:606)
	at org.testng.internal.MethodInvocationHelper.invokeMethod(MethodInvocationHelper.java:84)
	at org.testng.internal.Invoker.invokeMethod(Invoker.java:714)
	at org.testng.internal.Invoker.invokeTestMethod(Invoker.java:901)
	at org.testng.internal.Invoker.invokeTestMethods(Invoker.java:1231)
	at org.testng.internal.TestMethodWorker.invokeTestMethods(TestMethodWorker.java:127)
	at org.testng.internal.TestMethodWorker.run(TestMethodWorker.java:111)
	at org.testng.internal.thread.ThreadUtil$2.call(ThreadUtil.java:64)
	at java.util.concurrent.FutureTask.run(FutureTask.java:262)
	at java.util.concurrent.ThreadPoolExecutor.runWorker(ThreadPoolExecutor.java:1145)
	at java.util.concurrent.ThreadPoolExecutor$Worker.run(ThreadPoolExecutor.java:615)
	at java.lang.Thread.run(Thread.java:745)
Caused by: java.net.SocketException: No buffer space available (maximum connections reached?): connect
	at java.net.DualStackPlainSocketImpl.connect0(Native Method)
	at java.net.DualStackPlainSocketImpl.socketConnect(DualStackPlainSocketImpl.java:79)
	at java.net.AbstractPlainSocketImpl.doConnect(AbstractPlainSocketImpl.java:339)
	at java.net.AbstractPlainSocketImpl.connectToAddress(AbstractPlainSocketImpl.java:200)
	at java.net.AbstractPlainSocketImpl.connect(AbstractPlainSocketImpl.java:182)
	at java.net.PlainSocketImpl.connect(PlainSocketImpl.java:172)
	at java.net.SocksSocketImpl.connect(SocksSocketImpl.java:392)
	at java.net.Socket.connect(Socket.java:579)
	at java.net.Socket.connect(Socket.java:528)
	at sun.net.NetworkClient.doConnect(NetworkClient.java:180)
	at sun.net.www.http.HttpClient.openServer(HttpClient.java:432)
	at sun.net.www.http.HttpClient.openServer(HttpClient.java:527)
	at sun.net.www.http.HttpClient.<init>(HttpClient.java:211)
	at sun.net.www.http.HttpClient.New(HttpClient.java:308)
	at sun.net.www.http.HttpClient.New(HttpClient.java:326)
	at sun.net.www.protocol.http.HttpURLConnection.getNewHttpClient(HttpURLConnection.java:996)
	at sun.net.www.protocol.http.HttpURLConnection.plainConnect(HttpURLConnection.java:932)
	at sun.net.www.protocol.http.HttpURLConnection.connect(HttpURLConnection.java:850)
	at org.springframework.http.client.SimpleBufferingClientHttpRequest.executeInternal(SimpleBufferingClientHttpRequest.java:78)
	at org.springframework.http.client.AbstractBufferingClientHttpRequest.executeInternal(AbstractBufferingClientHttpRequest.java:46)
	at org.springframework.http.client.AbstractClientHttpRequest.execute(AbstractClientHttpRequest.java:52)
	at org.springframework.web.client.RestTemplate.doExecute(RestTemplate.java:527)
	... 17 more
]]>
    </failure>
  </testcase> <!-- thatOrdersCanBeAddedAndQueried -->
  <testcase name="thatOrdersCanBeAddedAndQueried" time="0.216" classname="com.sprhib.TestService"/>
  <testcase name="thatOrdersCanBeAddedAndQueried" time="0.144" classname="com.sprhib.TestService"/>
  <testcase name="thatOrdersCanBeAddedAndQueried" time="0.508" classname="com.sprhib.TestService"/>
  <testcase name="thatOrdersCanBeAddedAndQueried" time="0.157" classname="com.sprhib.TestService"/>
  <testcase name="thatOrdersCanBeAddedAndQueried" time="0.212" classname="com.sprhib.TestService"/>
  <testcase name="thatOrdersCanBeAddedAndQueried" time="0.181" classname="com.sprhib.TestService"/>
  <testcase name="thatOrdersCanBeAddedAndQueried" time="0.265" classname="com.sprhib.TestService"/>
  <testcase name="thatOrdersCanBeAddedAndQueried" time="0.173" classname="com.sprhib.TestService"/>
  <testcase name="thatOrdersCanBeAddedAndQueried" time="0.215" classname="com.sprhib.TestService"/>
  <testcase name="thatOrdersCanBeAddedAndQueried" time="0.148" classname="com.sprhib.TestService"/>
  <testcase name="thatOrdersCanBeAddedAndQueried" time="0.168" classname="com.sprhib.TestService"/>
  <testcase name="thatOrdersCanBeAddedAndQueried" time="0.151" classname="com.sprhib.TestService"/>
  <testcase name="thatOrdersCanBeAddedAndQueried" time="0.178" classname="com.sprhib.TestService"/>
  <testcase name="thatOrdersCanBeAddedAndQueried" time="0.179" classname="com.sprhib.TestService"/>
  <testcase name="thatOrdersCanBeAddedAndQueried" time="0.135" classname="com.sprhib.TestService"/>
  <testcase name="thatOrdersCanBeAddedAndQueried" time="0.220" classname="com.sprhib.TestService"/>
  <testcase name="thatOrdersCanBeAddedAndQueried" time="0.154" classname="com.sprhib.TestService"/>
  <testcase name="thatOrdersCanBeAddedAndQueried" time="0.269" classname="com.sprhib.TestService"/>
  <testcase name="thatOrdersCanBeAddedAndQueried" time="0.144" classname="com.sprhib.TestService"/>
  <testcase name="thatOrdersCanBeAddedAndQueried" time="0.287" classname="com.sprhib.TestService"/>
  <testcase name="thatOrdersCanBeAddedAndQueried" time="0.210" classname="com.sprhib.TestService"/>
  <testcase name="thatOrdersCanBeAddedAndQueried" time="0.202" classname="com.sprhib.TestService"/>
  <testcase name="thatOrdersCanBeAddedAndQueried" time="0.040" classname="com.sprhib.TestService">
    <failure type="org.springframework.web.client.ResourceAccessException" message="I/O error on GET request for &quot;http://localhost:8080/spr-mvc-hib/convertation/-110/EUR/USD&quot;:No buffer space available (maximum connections reached?): connect; nested exception is java.net.SocketException: No buffer space available (maximum connections reached?): connect">
      <![CDATA[org.springframework.web.client.ResourceAccessException: I/O error on GET request for "http://localhost:8080/spr-mvc-hib/convertation/-110/EUR/USD":No buffer space available (maximum connections reached?): connect; nested exception is java.net.SocketException: No buffer space available (maximum connections reached?): connect
	at org.springframework.web.client.RestTemplate.doExecute(RestTemplate.java:543)
	at org.springframework.web.client.RestTemplate.execute(RestTemplate.java:489)
	at org.springframework.web.client.RestTemplate.getForEntity(RestTemplate.java:250)
	at com.sprhib.TestService.thatOrdersCanBeAddedAndQueried(TestService.java:26)
	at sun.reflect.GeneratedMethodAccessor3.invoke(Unknown Source)
	at sun.reflect.DelegatingMethodAccessorImpl.invoke(DelegatingMethodAccessorImpl.java:43)
	at java.lang.reflect.Method.invoke(Method.java:606)
	at org.testng.internal.MethodInvocationHelper.invokeMethod(MethodInvocationHelper.java:84)
	at org.testng.internal.Invoker.invokeMethod(Invoker.java:714)
	at org.testng.internal.Invoker.invokeTestMethod(Invoker.java:901)
	at org.testng.internal.Invoker.invokeTestMethods(Invoker.java:1231)
	at org.testng.internal.TestMethodWorker.invokeTestMethods(TestMethodWorker.java:127)
	at org.testng.internal.TestMethodWorker.run(TestMethodWorker.java:111)
	at org.testng.internal.thread.ThreadUtil$2.call(ThreadUtil.java:64)
	at java.util.concurrent.FutureTask.run(FutureTask.java:262)
	at java.util.concurrent.ThreadPoolExecutor.runWorker(ThreadPoolExecutor.java:1145)
	at java.util.concurrent.ThreadPoolExecutor$Worker.run(ThreadPoolExecutor.java:615)
	at java.lang.Thread.run(Thread.java:745)
Caused by: java.net.SocketException: No buffer space available (maximum connections reached?): connect
	at java.net.DualStackPlainSocketImpl.connect0(Native Method)
	at java.net.DualStackPlainSocketImpl.socketConnect(DualStackPlainSocketImpl.java:79)
	at java.net.AbstractPlainSocketImpl.doConnect(AbstractPlainSocketImpl.java:339)
	at java.net.AbstractPlainSocketImpl.connectToAddress(AbstractPlainSocketImpl.java:200)
	at java.net.AbstractPlainSocketImpl.connect(AbstractPlainSocketImpl.java:182)
	at java.net.PlainSocketImpl.connect(PlainSocketImpl.java:172)
	at java.net.SocksSocketImpl.connect(SocksSocketImpl.java:392)
	at java.net.Socket.connect(Socket.java:579)
	at java.net.Socket.connect(Socket.java:528)
	at sun.net.NetworkClient.doConnect(NetworkClient.java:180)
	at sun.net.www.http.HttpClient.openServer(HttpClient.java:432)
	at sun.net.www.http.HttpClient.openServer(HttpClient.java:527)
	at sun.net.www.http.HttpClient.<init>(HttpClient.java:211)
	at sun.net.www.http.HttpClient.New(HttpClient.java:308)
	at sun.net.www.http.HttpClient.New(HttpClient.java:326)
	at sun.net.www.protocol.http.HttpURLConnection.getNewHttpClient(HttpURLConnection.java:996)
	at sun.net.www.protocol.http.HttpURLConnection.plainConnect(HttpURLConnection.java:932)
	at sun.net.www.protocol.http.HttpURLConnection.connect(HttpURLConnection.java:850)
	at org.springframework.http.client.SimpleBufferingClientHttpRequest.executeInternal(SimpleBufferingClientHttpRequest.java:78)
	at org.springframework.http.client.AbstractBufferingClientHttpRequest.executeInternal(AbstractBufferingClientHttpRequest.java:46)
	at org.springframework.http.client.AbstractClientHttpRequest.execute(AbstractClientHttpRequest.java:52)
	at org.springframework.web.client.RestTemplate.doExecute(RestTemplate.java:527)
	... 17 more
]]>
    </failure>
  </testcase> <!-- thatOrdersCanBeAddedAndQueried -->
  <testcase name="thatOrdersCanBeAddedAndQueried" time="0.143" classname="com.sprhib.TestService"/>
  <testcase name="thatOrdersCanBeAddedAndQueried" time="0.126" classname="com.sprhib.TestService"/>
  <testcase name="thatOrdersCanBeAddedAndQueried" time="0.342" classname="com.sprhib.TestService"/>
  <testcase name="thatOrdersCanBeAddedAndQueried" time="0.126" classname="com.sprhib.TestService"/>
  <testcase name="thatOrdersCanBeAddedAndQueried" time="0.191" classname="com.sprhib.TestService"/>
  <testcase name="thatOrdersCanBeAddedAndQueried" time="0.272" classname="com.sprhib.TestService"/>
  <testcase name="thatOrdersCanBeAddedAndQueried" time="0.134" classname="com.sprhib.TestService"/>
  <testcase name="thatOrdersCanBeAddedAndQueried" time="0.264" classname="com.sprhib.TestService"/>
  <testcase name="thatOrdersCanBeAddedAndQueried" time="0.240" classname="com.sprhib.TestService"/>
  <testcase name="thatOrdersCanBeAddedAndQueried" time="0.177" classname="com.sprhib.TestService"/>
  <testcase name="thatOrdersCanBeAddedAndQueried" time="0.269" classname="com.sprhib.TestService"/>
  <testcase name="thatOrdersCanBeAddedAndQueried" time="0.277" classname="com.sprhib.TestService"/>
  <testcase name="thatOrdersCanBeAddedAndQueried" time="0.147" classname="com.sprhib.TestService"/>
  <testcase name="thatOrdersCanBeAddedAndQueried" time="0.275" classname="com.sprhib.TestService"/>
  <testcase name="thatOrdersCanBeAddedAndQueried" time="0.157" classname="com.sprhib.TestService"/>
  <testcase name="thatOrdersCanBeAddedAndQueried" time="0.011" classname="com.sprhib.TestService">
    <failure type="org.springframework.web.client.ResourceAccessException" message="I/O error on GET request for &quot;http://localhost:8080/spr-mvc-hib/convertation/-110/EUR/USD&quot;:No buffer space available (maximum connections reached?): connect; nested exception is java.net.SocketException: No buffer space available (maximum connections reached?): connect">
      <![CDATA[org.springframework.web.client.ResourceAccessException: I/O error on GET request for "http://localhost:8080/spr-mvc-hib/convertation/-110/EUR/USD":No buffer space available (maximum connections reached?): connect; nested exception is java.net.SocketException: No buffer space available (maximum connections reached?): connect
	at org.springframework.web.client.RestTemplate.doExecute(RestTemplate.java:543)
	at org.springframework.web.client.RestTemplate.execute(RestTemplate.java:489)
	at org.springframework.web.client.RestTemplate.getForEntity(RestTemplate.java:250)
	at com.sprhib.TestService.thatOrdersCanBeAddedAndQueried(TestService.java:26)
	at sun.reflect.GeneratedMethodAccessor3.invoke(Unknown Source)
	at sun.reflect.DelegatingMethodAccessorImpl.invoke(DelegatingMethodAccessorImpl.java:43)
	at java.lang.reflect.Method.invoke(Method.java:606)
	at org.testng.internal.MethodInvocationHelper.invokeMethod(MethodInvocationHelper.java:84)
	at org.testng.internal.Invoker.invokeMethod(Invoker.java:714)
	at org.testng.internal.Invoker.invokeTestMethod(Invoker.java:901)
	at org.testng.internal.Invoker.invokeTestMethods(Invoker.java:1231)
	at org.testng.internal.TestMethodWorker.invokeTestMethods(TestMethodWorker.java:127)
	at org.testng.internal.TestMethodWorker.run(TestMethodWorker.java:111)
	at org.testng.internal.thread.ThreadUtil$2.call(ThreadUtil.java:64)
	at java.util.concurrent.FutureTask.run(FutureTask.java:262)
	at java.util.concurrent.ThreadPoolExecutor.runWorker(ThreadPoolExecutor.java:1145)
	at java.util.concurrent.ThreadPoolExecutor$Worker.run(ThreadPoolExecutor.java:615)
	at java.lang.Thread.run(Thread.java:745)
Caused by: java.net.SocketException: No buffer space available (maximum connections reached?): connect
	at java.net.DualStackPlainSocketImpl.connect0(Native Method)
	at java.net.DualStackPlainSocketImpl.socketConnect(DualStackPlainSocketImpl.java:79)
	at java.net.AbstractPlainSocketImpl.doConnect(AbstractPlainSocketImpl.java:339)
	at java.net.AbstractPlainSocketImpl.connectToAddress(AbstractPlainSocketImpl.java:200)
	at java.net.AbstractPlainSocketImpl.connect(AbstractPlainSocketImpl.java:182)
	at java.net.PlainSocketImpl.connect(PlainSocketImpl.java:172)
	at java.net.SocksSocketImpl.connect(SocksSocketImpl.java:392)
	at java.net.Socket.connect(Socket.java:579)
	at java.net.Socket.connect(Socket.java:528)
	at sun.net.NetworkClient.doConnect(NetworkClient.java:180)
	at sun.net.www.http.HttpClient.openServer(HttpClient.java:432)
	at sun.net.www.http.HttpClient.openServer(HttpClient.java:527)
	at sun.net.www.http.HttpClient.<init>(HttpClient.java:211)
	at sun.net.www.http.HttpClient.New(HttpClient.java:308)
	at sun.net.www.http.HttpClient.New(HttpClient.java:326)
	at sun.net.www.protocol.http.HttpURLConnection.getNewHttpClient(HttpURLConnection.java:996)
	at sun.net.www.protocol.http.HttpURLConnection.plainConnect(HttpURLConnection.java:932)
	at sun.net.www.protocol.http.HttpURLConnection.connect(HttpURLConnection.java:850)
	at org.springframework.http.client.SimpleBufferingClientHttpRequest.executeInternal(SimpleBufferingClientHttpRequest.java:78)
	at org.springframework.http.client.AbstractBufferingClientHttpRequest.executeInternal(AbstractBufferingClientHttpRequest.java:46)
	at org.springframework.http.client.AbstractClientHttpRequest.execute(AbstractClientHttpRequest.java:52)
	at org.springframework.web.client.RestTemplate.doExecute(RestTemplate.java:527)
	... 17 more
]]>
    </failure>
  </testcase> <!-- thatOrdersCanBeAddedAndQueried -->
  <testcase name="thatOrdersCanBeAddedAndQueried" time="0.208" classname="com.sprhib.TestService"/>
  <testcase name="thatOrdersCanBeAddedAndQueried" time="0.224" classname="com.sprhib.TestService"/>
  <testcase name="thatOrdersCanBeAddedAndQueried" time="0.174" classname="com.sprhib.TestService"/>
  <testcase name="thatOrdersCanBeAddedAndQueried" time="0.166" classname="com.sprhib.TestService"/>
  <testcase name="thatOrdersCanBeAddedAndQueried" time="0.157" classname="com.sprhib.TestService"/>
  <testcase name="thatOrdersCanBeAddedAndQueried" time="0.255" classname="com.sprhib.TestService"/>
  <testcase name="thatOrdersCanBeAddedAndQueried" time="0.129" classname="com.sprhib.TestService"/>
  <testcase name="thatOrdersCanBeAddedAndQueried" time="0.015" classname="com.sprhib.TestService">
    <failure type="org.springframework.web.client.ResourceAccessException" message="I/O error on GET request for &quot;http://localhost:8080/spr-mvc-hib/convertation/-110/EUR/USD&quot;:No buffer space available (maximum connections reached?): connect; nested exception is java.net.SocketException: No buffer space available (maximum connections reached?): connect">
      <![CDATA[org.springframework.web.client.ResourceAccessException: I/O error on GET request for "http://localhost:8080/spr-mvc-hib/convertation/-110/EUR/USD":No buffer space available (maximum connections reached?): connect; nested exception is java.net.SocketException: No buffer space available (maximum connections reached?): connect
	at org.springframework.web.client.RestTemplate.doExecute(RestTemplate.java:543)
	at org.springframework.web.client.RestTemplate.execute(RestTemplate.java:489)
	at org.springframework.web.client.RestTemplate.getForEntity(RestTemplate.java:250)
	at com.sprhib.TestService.thatOrdersCanBeAddedAndQueried(TestService.java:26)
	at sun.reflect.GeneratedMethodAccessor3.invoke(Unknown Source)
	at sun.reflect.DelegatingMethodAccessorImpl.invoke(DelegatingMethodAccessorImpl.java:43)
	at java.lang.reflect.Method.invoke(Method.java:606)
	at org.testng.internal.MethodInvocationHelper.invokeMethod(MethodInvocationHelper.java:84)
	at org.testng.internal.Invoker.invokeMethod(Invoker.java:714)
	at org.testng.internal.Invoker.invokeTestMethod(Invoker.java:901)
	at org.testng.internal.Invoker.invokeTestMethods(Invoker.java:1231)
	at org.testng.internal.TestMethodWorker.invokeTestMethods(TestMethodWorker.java:127)
	at org.testng.internal.TestMethodWorker.run(TestMethodWorker.java:111)
	at org.testng.internal.thread.ThreadUtil$2.call(ThreadUtil.java:64)
	at java.util.concurrent.FutureTask.run(FutureTask.java:262)
	at java.util.concurrent.ThreadPoolExecutor.runWorker(ThreadPoolExecutor.java:1145)
	at java.util.concurrent.ThreadPoolExecutor$Worker.run(ThreadPoolExecutor.java:615)
	at java.lang.Thread.run(Thread.java:745)
Caused by: java.net.SocketException: No buffer space available (maximum connections reached?): connect
	at java.net.DualStackPlainSocketImpl.connect0(Native Method)
	at java.net.DualStackPlainSocketImpl.socketConnect(DualStackPlainSocketImpl.java:79)
	at java.net.AbstractPlainSocketImpl.doConnect(AbstractPlainSocketImpl.java:339)
	at java.net.AbstractPlainSocketImpl.connectToAddress(AbstractPlainSocketImpl.java:200)
	at java.net.AbstractPlainSocketImpl.connect(AbstractPlainSocketImpl.java:182)
	at java.net.PlainSocketImpl.connect(PlainSocketImpl.java:172)
	at java.net.SocksSocketImpl.connect(SocksSocketImpl.java:392)
	at java.net.Socket.connect(Socket.java:579)
	at java.net.Socket.connect(Socket.java:528)
	at sun.net.NetworkClient.doConnect(NetworkClient.java:180)
	at sun.net.www.http.HttpClient.openServer(HttpClient.java:432)
	at sun.net.www.http.HttpClient.openServer(HttpClient.java:527)
	at sun.net.www.http.HttpClient.<init>(HttpClient.java:211)
	at sun.net.www.http.HttpClient.New(HttpClient.java:308)
	at sun.net.www.http.HttpClient.New(HttpClient.java:326)
	at sun.net.www.protocol.http.HttpURLConnection.getNewHttpClient(HttpURLConnection.java:996)
	at sun.net.www.protocol.http.HttpURLConnection.plainConnect(HttpURLConnection.java:932)
	at sun.net.www.protocol.http.HttpURLConnection.connect(HttpURLConnection.java:850)
	at org.springframework.http.client.SimpleBufferingClientHttpRequest.executeInternal(SimpleBufferingClientHttpRequest.java:78)
	at org.springframework.http.client.AbstractBufferingClientHttpRequest.executeInternal(AbstractBufferingClientHttpRequest.java:46)
	at org.springframework.http.client.AbstractClientHttpRequest.execute(AbstractClientHttpRequest.java:52)
	at org.springframework.web.client.RestTemplate.doExecute(RestTemplate.java:527)
	... 17 more
]]>
    </failure>
  </testcase> <!-- thatOrdersCanBeAddedAndQueried -->
  <testcase name="thatOrdersCanBeAddedAndQueried" time="0.294" classname="com.sprhib.TestService"/>
  <testcase name="thatOrdersCanBeAddedAndQueried" time="0.176" classname="com.sprhib.TestService"/>
  <testcase name="thatOrdersCanBeAddedAndQueried" time="0.230" classname="com.sprhib.TestService"/>
  <testcase name="thatOrdersCanBeAddedAndQueried" time="0.189" classname="com.sprhib.TestService"/>
  <testcase name="thatOrdersCanBeAddedAndQueried" time="0.173" classname="com.sprhib.TestService"/>
  <testcase name="thatOrdersCanBeAddedAndQueried" time="0.343" classname="com.sprhib.TestService"/>
  <testcase name="thatOrdersCanBeAddedAndQueried" time="0.273" classname="com.sprhib.TestService"/>
  <testcase name="thatOrdersCanBeAddedAndQueried" time="0.156" classname="com.sprhib.TestService"/>
  <testcase name="thatOrdersCanBeAddedAndQueried" time="0.169" classname="com.sprhib.TestService"/>
  <testcase name="thatOrdersCanBeAddedAndQueried" time="0.190" classname="com.sprhib.TestService"/>
  <testcase name="thatOrdersCanBeAddedAndQueried" time="0.159" classname="com.sprhib.TestService"/>
  <testcase name="thatOrdersCanBeAddedAndQueried" time="0.132" classname="com.sprhib.TestService"/>
  <testcase name="thatOrdersCanBeAddedAndQueried" time="0.247" classname="com.sprhib.TestService"/>
  <testcase name="thatOrdersCanBeAddedAndQueried" time="0.190" classname="com.sprhib.TestService"/>
  <testcase name="thatOrdersCanBeAddedAndQueried" time="0.195" classname="com.sprhib.TestService"/>
  <testcase name="thatOrdersCanBeAddedAndQueried" time="0.239" classname="com.sprhib.TestService"/>
  <testcase name="thatOrdersCanBeAddedAndQueried" time="0.167" classname="com.sprhib.TestService"/>
  <testcase name="thatOrdersCanBeAddedAndQueried" time="0.178" classname="com.sprhib.TestService"/>
  <testcase name="thatOrdersCanBeAddedAndQueried" time="0.138" classname="com.sprhib.TestService"/>
  <testcase name="thatOrdersCanBeAddedAndQueried" time="0.121" classname="com.sprhib.TestService"/>
  <testcase name="thatOrdersCanBeAddedAndQueried" time="0.362" classname="com.sprhib.TestService"/>
  <testcase name="thatOrdersCanBeAddedAndQueried" time="0.469" classname="com.sprhib.TestService"/>
  <testcase name="thatOrdersCanBeAddedAndQueried" time="0.152" classname="com.sprhib.TestService"/>
  <testcase name="thatOrdersCanBeAddedAndQueried" time="0.170" classname="com.sprhib.TestService"/>
  <testcase name="thatOrdersCanBeAddedAndQueried" time="0.234" classname="com.sprhib.TestService"/>
  <testcase name="thatOrdersCanBeAddedAndQueried" time="0.171" classname="com.sprhib.TestService"/>
  <testcase name="thatOrdersCanBeAddedAndQueried" time="0.211" classname="com.sprhib.TestService"/>
  <testcase name="thatOrdersCanBeAddedAndQueried" time="0.240" classname="com.sprhib.TestService"/>
  <testcase name="thatOrdersCanBeAddedAndQueried" time="0.128" classname="com.sprhib.TestService"/>
  <testcase name="thatOrdersCanBeAddedAndQueried" time="0.153" classname="com.sprhib.TestService"/>
  <testcase name="thatOrdersCanBeAddedAndQueried" time="0.224" classname="com.sprhib.TestService"/>
  <testcase name="thatOrdersCanBeAddedAndQueried" time="0.153" classname="com.sprhib.TestService"/>
  <testcase name="thatOrdersCanBeAddedAndQueried" time="0.164" classname="com.sprhib.TestService"/>
  <testcase name="thatOrdersCanBeAddedAndQueried" time="0.236" classname="com.sprhib.TestService"/>
  <testcase name="thatOrdersCanBeAddedAndQueried" time="0.141" classname="com.sprhib.TestService"/>
  <testcase name="thatOrdersCanBeAddedAndQueried" time="0.169" classname="com.sprhib.TestService"/>
  <testcase name="thatOrdersCanBeAddedAndQueried" time="0.223" classname="com.sprhib.TestService"/>
  <testcase name="thatOrdersCanBeAddedAndQueried" time="0.298" classname="com.sprhib.TestService"/>
  <testcase name="thatOrdersCanBeAddedAndQueried" time="0.128" classname="com.sprhib.TestService">
    <failure type="org.springframework.web.client.ResourceAccessException" message="I/O error on GET request for &quot;http://localhost:8080/spr-mvc-hib/convertation/-110/EUR/USD&quot;:No buffer space available (maximum connections reached?): connect; nested exception is java.net.SocketException: No buffer space available (maximum connections reached?): connect">
      <![CDATA[org.springframework.web.client.ResourceAccessException: I/O error on GET request for "http://localhost:8080/spr-mvc-hib/convertation/-110/EUR/USD":No buffer space available (maximum connections reached?): connect; nested exception is java.net.SocketException: No buffer space available (maximum connections reached?): connect
	at org.springframework.web.client.RestTemplate.doExecute(RestTemplate.java:543)
	at org.springframework.web.client.RestTemplate.execute(RestTemplate.java:489)
	at org.springframework.web.client.RestTemplate.getForEntity(RestTemplate.java:250)
	at com.sprhib.TestService.thatOrdersCanBeAddedAndQueried(TestService.java:26)
	at sun.reflect.GeneratedMethodAccessor3.invoke(Unknown Source)
	at sun.reflect.DelegatingMethodAccessorImpl.invoke(DelegatingMethodAccessorImpl.java:43)
	at java.lang.reflect.Method.invoke(Method.java:606)
	at org.testng.internal.MethodInvocationHelper.invokeMethod(MethodInvocationHelper.java:84)
	at org.testng.internal.Invoker.invokeMethod(Invoker.java:714)
	at org.testng.internal.Invoker.invokeTestMethod(Invoker.java:901)
	at org.testng.internal.Invoker.invokeTestMethods(Invoker.java:1231)
	at org.testng.internal.TestMethodWorker.invokeTestMethods(TestMethodWorker.java:127)
	at org.testng.internal.TestMethodWorker.run(TestMethodWorker.java:111)
	at org.testng.internal.thread.ThreadUtil$2.call(ThreadUtil.java:64)
	at java.util.concurrent.FutureTask.run(FutureTask.java:262)
	at java.util.concurrent.ThreadPoolExecutor.runWorker(ThreadPoolExecutor.java:1145)
	at java.util.concurrent.ThreadPoolExecutor$Worker.run(ThreadPoolExecutor.java:615)
	at java.lang.Thread.run(Thread.java:745)
Caused by: java.net.SocketException: No buffer space available (maximum connections reached?): connect
	at java.net.DualStackPlainSocketImpl.connect0(Native Method)
	at java.net.DualStackPlainSocketImpl.socketConnect(DualStackPlainSocketImpl.java:79)
	at java.net.AbstractPlainSocketImpl.doConnect(AbstractPlainSocketImpl.java:339)
	at java.net.AbstractPlainSocketImpl.connectToAddress(AbstractPlainSocketImpl.java:200)
	at java.net.AbstractPlainSocketImpl.connect(AbstractPlainSocketImpl.java:182)
	at java.net.PlainSocketImpl.connect(PlainSocketImpl.java:172)
	at java.net.SocksSocketImpl.connect(SocksSocketImpl.java:392)
	at java.net.Socket.connect(Socket.java:579)
	at java.net.Socket.connect(Socket.java:528)
	at sun.net.NetworkClient.doConnect(NetworkClient.java:180)
	at sun.net.www.http.HttpClient.openServer(HttpClient.java:432)
	at sun.net.www.http.HttpClient.openServer(HttpClient.java:527)
	at sun.net.www.http.HttpClient.<init>(HttpClient.java:211)
	at sun.net.www.http.HttpClient.New(HttpClient.java:308)
	at sun.net.www.http.HttpClient.New(HttpClient.java:326)
	at sun.net.www.protocol.http.HttpURLConnection.getNewHttpClient(HttpURLConnection.java:996)
	at sun.net.www.protocol.http.HttpURLConnection.plainConnect(HttpURLConnection.java:932)
	at sun.net.www.protocol.http.HttpURLConnection.connect(HttpURLConnection.java:850)
	at org.springframework.http.client.SimpleBufferingClientHttpRequest.executeInternal(SimpleBufferingClientHttpRequest.java:78)
	at org.springframework.http.client.AbstractBufferingClientHttpRequest.executeInternal(AbstractBufferingClientHttpRequest.java:46)
	at org.springframework.http.client.AbstractClientHttpRequest.execute(AbstractClientHttpRequest.java:52)
	at org.springframework.web.client.RestTemplate.doExecute(RestTemplate.java:527)
	... 17 more
]]>
    </failure>
  </testcase> <!-- thatOrdersCanBeAddedAndQueried -->
  <testcase name="thatOrdersCanBeAddedAndQueried" time="0.136" classname="com.sprhib.TestService"/>
  <testcase name="thatOrdersCanBeAddedAndQueried" time="0.168" classname="com.sprhib.TestService"/>
  <testcase name="thatOrdersCanBeAddedAndQueried" time="0.157" classname="com.sprhib.TestService"/>
  <testcase name="thatOrdersCanBeAddedAndQueried" time="0.204" classname="com.sprhib.TestService"/>
  <testcase name="thatOrdersCanBeAddedAndQueried" time="0.168" classname="com.sprhib.TestService"/>
  <testcase name="thatOrdersCanBeAddedAndQueried" time="0.134" classname="com.sprhib.TestService">
    <failure type="org.springframework.web.client.HttpServerErrorException" message="500 Internal Server Error">
      <![CDATA[org.springframework.web.client.HttpServerErrorException: 500 Internal Server Error
	at org.springframework.web.client.DefaultResponseErrorHandler.handleError(DefaultResponseErrorHandler.java:94)
	at org.springframework.web.client.RestTemplate.handleResponseError(RestTemplate.java:576)
	at org.springframework.web.client.RestTemplate.doExecute(RestTemplate.java:532)
	at org.springframework.web.client.RestTemplate.execute(RestTemplate.java:489)
	at org.springframework.web.client.RestTemplate.getForEntity(RestTemplate.java:250)
	at com.sprhib.TestService.thatOrdersCanBeAddedAndQueried(TestService.java:44)
	at sun.reflect.GeneratedMethodAccessor3.invoke(Unknown Source)
	at sun.reflect.DelegatingMethodAccessorImpl.invoke(DelegatingMethodAccessorImpl.java:43)
	at java.lang.reflect.Method.invoke(Method.java:606)
	at org.testng.internal.MethodInvocationHelper.invokeMethod(MethodInvocationHelper.java:84)
	at org.testng.internal.Invoker.invokeMethod(Invoker.java:714)
	at org.testng.internal.Invoker.invokeTestMethod(Invoker.java:901)
	at org.testng.internal.Invoker.invokeTestMethods(Invoker.java:1231)
	at org.testng.internal.TestMethodWorker.invokeTestMethods(TestMethodWorker.java:127)
	at org.testng.internal.TestMethodWorker.run(TestMethodWorker.java:111)
	at org.testng.internal.thread.ThreadUtil$2.call(ThreadUtil.java:64)
	at java.util.concurrent.FutureTask.run(FutureTask.java:262)
	at java.util.concurrent.ThreadPoolExecutor.runWorker(ThreadPoolExecutor.java:1145)
	at java.util.concurrent.ThreadPoolExecutor$Worker.run(ThreadPoolExecutor.java:615)
	at java.lang.Thread.run(Thread.java:745)
]]>
    </failure>
  </testcase> <!-- thatOrdersCanBeAddedAndQueried -->
  <testcase name="thatOrdersCanBeAddedAndQueried" time="0.163" classname="com.sprhib.TestService"/>
  <testcase name="thatOrdersCanBeAddedAndQueried" time="0.156" classname="com.sprhib.TestService"/>
  <testcase name="thatOrdersCanBeAddedAndQueried" time="0.169" classname="com.sprhib.TestService"/>
  <testcase name="thatOrdersCanBeAddedAndQueried" time="0.234" classname="com.sprhib.TestService"/>
  <testcase name="thatOrdersCanBeAddedAndQueried" time="0.130" classname="com.sprhib.TestService"/>
  <testcase name="thatOrdersCanBeAddedAndQueried" time="0.177" classname="com.sprhib.TestService"/>
  <testcase name="thatOrdersCanBeAddedAndQueried" time="0.216" classname="com.sprhib.TestService"/>
  <testcase name="thatOrdersCanBeAddedAndQueried" time="0.185" classname="com.sprhib.TestService"/>
  <testcase name="thatOrdersCanBeAddedAndQueried" time="0.171" classname="com.sprhib.TestService"/>
  <testcase name="thatOrdersCanBeAddedAndQueried" time="0.249" classname="com.sprhib.TestService"/>
  <testcase name="thatOrdersCanBeAddedAndQueried" time="0.154" classname="com.sprhib.TestService"/>
  <testcase name="thatOrdersCanBeAddedAndQueried" time="0.232" classname="com.sprhib.TestService"/>
  <testcase name="thatOrdersCanBeAddedAndQueried" time="0.171" classname="com.sprhib.TestService"/>
  <testcase name="thatOrdersCanBeAddedAndQueried" time="0.158" classname="com.sprhib.TestService"/>
  <testcase name="thatOrdersCanBeAddedAndQueried" time="0.333" classname="com.sprhib.TestService"/>
  <testcase name="thatOrdersCanBeAddedAndQueried" time="0.142" classname="com.sprhib.TestService"/>
  <testcase name="thatOrdersCanBeAddedAndQueried" time="0.205" classname="com.sprhib.TestService"/>
  <testcase name="thatOrdersCanBeAddedAndQueried" time="0.157" classname="com.sprhib.TestService"/>
  <testcase name="thatOrdersCanBeAddedAndQueried" time="0.208" classname="com.sprhib.TestService"/>
  <testcase name="thatOrdersCanBeAddedAndQueried" time="0.198" classname="com.sprhib.TestService"/>
  <testcase name="thatOrdersCanBeAddedAndQueried" time="0.201" classname="com.sprhib.TestService"/>
  <testcase name="thatOrdersCanBeAddedAndQueried" time="0.034" classname="com.sprhib.TestService">
    <failure type="org.springframework.web.client.ResourceAccessException" message="I/O error on GET request for &quot;http://localhost:8080/spr-mvc-hib/convertation/-110/EUR/USD&quot;:No buffer space available (maximum connections reached?): connect; nested exception is java.net.SocketException: No buffer space available (maximum connections reached?): connect">
      <![CDATA[org.springframework.web.client.ResourceAccessException: I/O error on GET request for "http://localhost:8080/spr-mvc-hib/convertation/-110/EUR/USD":No buffer space available (maximum connections reached?): connect; nested exception is java.net.SocketException: No buffer space available (maximum connections reached?): connect
	at org.springframework.web.client.RestTemplate.doExecute(RestTemplate.java:543)
	at org.springframework.web.client.RestTemplate.execute(RestTemplate.java:489)
	at org.springframework.web.client.RestTemplate.getForEntity(RestTemplate.java:250)
	at com.sprhib.TestService.thatOrdersCanBeAddedAndQueried(TestService.java:26)
	at sun.reflect.GeneratedMethodAccessor3.invoke(Unknown Source)
	at sun.reflect.DelegatingMethodAccessorImpl.invoke(DelegatingMethodAccessorImpl.java:43)
	at java.lang.reflect.Method.invoke(Method.java:606)
	at org.testng.internal.MethodInvocationHelper.invokeMethod(MethodInvocationHelper.java:84)
	at org.testng.internal.Invoker.invokeMethod(Invoker.java:714)
	at org.testng.internal.Invoker.invokeTestMethod(Invoker.java:901)
	at org.testng.internal.Invoker.invokeTestMethods(Invoker.java:1231)
	at org.testng.internal.TestMethodWorker.invokeTestMethods(TestMethodWorker.java:127)
	at org.testng.internal.TestMethodWorker.run(TestMethodWorker.java:111)
	at org.testng.internal.thread.ThreadUtil$2.call(ThreadUtil.java:64)
	at java.util.concurrent.FutureTask.run(FutureTask.java:262)
	at java.util.concurrent.ThreadPoolExecutor.runWorker(ThreadPoolExecutor.java:1145)
	at java.util.concurrent.ThreadPoolExecutor$Worker.run(ThreadPoolExecutor.java:615)
	at java.lang.Thread.run(Thread.java:745)
Caused by: java.net.SocketException: No buffer space available (maximum connections reached?): connect
	at java.net.DualStackPlainSocketImpl.connect0(Native Method)
	at java.net.DualStackPlainSocketImpl.socketConnect(DualStackPlainSocketImpl.java:79)
	at java.net.AbstractPlainSocketImpl.doConnect(AbstractPlainSocketImpl.java:339)
	at java.net.AbstractPlainSocketImpl.connectToAddress(AbstractPlainSocketImpl.java:200)
	at java.net.AbstractPlainSocketImpl.connect(AbstractPlainSocketImpl.java:182)
	at java.net.PlainSocketImpl.connect(PlainSocketImpl.java:172)
	at java.net.SocksSocketImpl.connect(SocksSocketImpl.java:392)
	at java.net.Socket.connect(Socket.java:579)
	at java.net.Socket.connect(Socket.java:528)
	at sun.net.NetworkClient.doConnect(NetworkClient.java:180)
	at sun.net.www.http.HttpClient.openServer(HttpClient.java:432)
	at sun.net.www.http.HttpClient.openServer(HttpClient.java:527)
	at sun.net.www.http.HttpClient.<init>(HttpClient.java:211)
	at sun.net.www.http.HttpClient.New(HttpClient.java:308)
	at sun.net.www.http.HttpClient.New(HttpClient.java:326)
	at sun.net.www.protocol.http.HttpURLConnection.getNewHttpClient(HttpURLConnection.java:996)
	at sun.net.www.protocol.http.HttpURLConnection.plainConnect(HttpURLConnection.java:932)
	at sun.net.www.protocol.http.HttpURLConnection.connect(HttpURLConnection.java:850)
	at org.springframework.http.client.SimpleBufferingClientHttpRequest.executeInternal(SimpleBufferingClientHttpRequest.java:78)
	at org.springframework.http.client.AbstractBufferingClientHttpRequest.executeInternal(AbstractBufferingClientHttpRequest.java:46)
	at org.springframework.http.client.AbstractClientHttpRequest.execute(AbstractClientHttpRequest.java:52)
	at org.springframework.web.client.RestTemplate.doExecute(RestTemplate.java:527)
	... 17 more
]]>
    </failure>
  </testcase> <!-- thatOrdersCanBeAddedAndQueried -->
  <testcase name="thatOrdersCanBeAddedAndQueried" time="0.237" classname="com.sprhib.TestService"/>
  <testcase name="thatOrdersCanBeAddedAndQueried" time="0.236" classname="com.sprhib.TestService"/>
  <testcase name="thatOrdersCanBeAddedAndQueried" time="0.194" classname="com.sprhib.TestService"/>
  <testcase name="thatOrdersCanBeAddedAndQueried" time="0.167" classname="com.sprhib.TestService"/>
  <testcase name="thatOrdersCanBeAddedAndQueried" time="0.136" classname="com.sprhib.TestService"/>
  <testcase name="thatOrdersCanBeAddedAndQueried" time="0.138" classname="com.sprhib.TestService"/>
  <testcase name="thatOrdersCanBeAddedAndQueried" time="0.211" classname="com.sprhib.TestService"/>
  <testcase name="thatOrdersCanBeAddedAndQueried" time="0.198" classname="com.sprhib.TestService"/>
  <testcase name="thatOrdersCanBeAddedAndQueried" time="0.105" classname="com.sprhib.TestService"/>
  <testcase name="thatOrdersCanBeAddedAndQueried" time="0.215" classname="com.sprhib.TestService"/>
  <testcase name="thatOrdersCanBeAddedAndQueried" time="0.167" classname="com.sprhib.TestService"/>
  <testcase name="thatOrdersCanBeAddedAndQueried" time="0.025" classname="com.sprhib.TestService">
    <failure type="org.springframework.web.client.ResourceAccessException" message="I/O error on GET request for &quot;http://localhost:8080/spr-mvc-hib/convertation/-110/EUR/USD&quot;:No buffer space available (maximum connections reached?): connect; nested exception is java.net.SocketException: No buffer space available (maximum connections reached?): connect">
      <![CDATA[org.springframework.web.client.ResourceAccessException: I/O error on GET request for "http://localhost:8080/spr-mvc-hib/convertation/-110/EUR/USD":No buffer space available (maximum connections reached?): connect; nested exception is java.net.SocketException: No buffer space available (maximum connections reached?): connect
	at org.springframework.web.client.RestTemplate.doExecute(RestTemplate.java:543)
	at org.springframework.web.client.RestTemplate.execute(RestTemplate.java:489)
	at org.springframework.web.client.RestTemplate.getForEntity(RestTemplate.java:250)
	at com.sprhib.TestService.thatOrdersCanBeAddedAndQueried(TestService.java:26)
	at sun.reflect.GeneratedMethodAccessor3.invoke(Unknown Source)
	at sun.reflect.DelegatingMethodAccessorImpl.invoke(DelegatingMethodAccessorImpl.java:43)
	at java.lang.reflect.Method.invoke(Method.java:606)
	at org.testng.internal.MethodInvocationHelper.invokeMethod(MethodInvocationHelper.java:84)
	at org.testng.internal.Invoker.invokeMethod(Invoker.java:714)
	at org.testng.internal.Invoker.invokeTestMethod(Invoker.java:901)
	at org.testng.internal.Invoker.invokeTestMethods(Invoker.java:1231)
	at org.testng.internal.TestMethodWorker.invokeTestMethods(TestMethodWorker.java:127)
	at org.testng.internal.TestMethodWorker.run(TestMethodWorker.java:111)
	at org.testng.internal.thread.ThreadUtil$2.call(ThreadUtil.java:64)
	at java.util.concurrent.FutureTask.run(FutureTask.java:262)
	at java.util.concurrent.ThreadPoolExecutor.runWorker(ThreadPoolExecutor.java:1145)
	at java.util.concurrent.ThreadPoolExecutor$Worker.run(ThreadPoolExecutor.java:615)
	at java.lang.Thread.run(Thread.java:745)
Caused by: java.net.SocketException: No buffer space available (maximum connections reached?): connect
	at java.net.DualStackPlainSocketImpl.connect0(Native Method)
	at java.net.DualStackPlainSocketImpl.socketConnect(DualStackPlainSocketImpl.java:79)
	at java.net.AbstractPlainSocketImpl.doConnect(AbstractPlainSocketImpl.java:339)
	at java.net.AbstractPlainSocketImpl.connectToAddress(AbstractPlainSocketImpl.java:200)
	at java.net.AbstractPlainSocketImpl.connect(AbstractPlainSocketImpl.java:182)
	at java.net.PlainSocketImpl.connect(PlainSocketImpl.java:172)
	at java.net.SocksSocketImpl.connect(SocksSocketImpl.java:392)
	at java.net.Socket.connect(Socket.java:579)
	at java.net.Socket.connect(Socket.java:528)
	at sun.net.NetworkClient.doConnect(NetworkClient.java:180)
	at sun.net.www.http.HttpClient.openServer(HttpClient.java:432)
	at sun.net.www.http.HttpClient.openServer(HttpClient.java:527)
	at sun.net.www.http.HttpClient.<init>(HttpClient.java:211)
	at sun.net.www.http.HttpClient.New(HttpClient.java:308)
	at sun.net.www.http.HttpClient.New(HttpClient.java:326)
	at sun.net.www.protocol.http.HttpURLConnection.getNewHttpClient(HttpURLConnection.java:996)
	at sun.net.www.protocol.http.HttpURLConnection.plainConnect(HttpURLConnection.java:932)
	at sun.net.www.protocol.http.HttpURLConnection.connect(HttpURLConnection.java:850)
	at org.springframework.http.client.SimpleBufferingClientHttpRequest.executeInternal(SimpleBufferingClientHttpRequest.java:78)
	at org.springframework.http.client.AbstractBufferingClientHttpRequest.executeInternal(AbstractBufferingClientHttpRequest.java:46)
	at org.springframework.http.client.AbstractClientHttpRequest.execute(AbstractClientHttpRequest.java:52)
	at org.springframework.web.client.RestTemplate.doExecute(RestTemplate.java:527)
	... 17 more
]]>
    </failure>
  </testcase> <!-- thatOrdersCanBeAddedAndQueried -->
  <testcase name="thatOrdersCanBeAddedAndQueried" time="0.205" classname="com.sprhib.TestService"/>
  <testcase name="thatOrdersCanBeAddedAndQueried" time="0.142" classname="com.sprhib.TestService"/>
  <testcase name="thatOrdersCanBeAddedAndQueried" time="0.208" classname="com.sprhib.TestService"/>
  <testcase name="thatOrdersCanBeAddedAndQueried" time="0.022" classname="com.sprhib.TestService">
    <failure type="org.springframework.web.client.ResourceAccessException" message="I/O error on GET request for &quot;http://localhost:8080/spr-mvc-hib/convertation/-110/EUR/USD&quot;:No buffer space available (maximum connections reached?): connect; nested exception is java.net.SocketException: No buffer space available (maximum connections reached?): connect">
      <![CDATA[org.springframework.web.client.ResourceAccessException: I/O error on GET request for "http://localhost:8080/spr-mvc-hib/convertation/-110/EUR/USD":No buffer space available (maximum connections reached?): connect; nested exception is java.net.SocketException: No buffer space available (maximum connections reached?): connect
	at org.springframework.web.client.RestTemplate.doExecute(RestTemplate.java:543)
	at org.springframework.web.client.RestTemplate.execute(RestTemplate.java:489)
	at org.springframework.web.client.RestTemplate.getForEntity(RestTemplate.java:250)
	at com.sprhib.TestService.thatOrdersCanBeAddedAndQueried(TestService.java:26)
	at sun.reflect.GeneratedMethodAccessor3.invoke(Unknown Source)
	at sun.reflect.DelegatingMethodAccessorImpl.invoke(DelegatingMethodAccessorImpl.java:43)
	at java.lang.reflect.Method.invoke(Method.java:606)
	at org.testng.internal.MethodInvocationHelper.invokeMethod(MethodInvocationHelper.java:84)
	at org.testng.internal.Invoker.invokeMethod(Invoker.java:714)
	at org.testng.internal.Invoker.invokeTestMethod(Invoker.java:901)
	at org.testng.internal.Invoker.invokeTestMethods(Invoker.java:1231)
	at org.testng.internal.TestMethodWorker.invokeTestMethods(TestMethodWorker.java:127)
	at org.testng.internal.TestMethodWorker.run(TestMethodWorker.java:111)
	at org.testng.internal.thread.ThreadUtil$2.call(ThreadUtil.java:64)
	at java.util.concurrent.FutureTask.run(FutureTask.java:262)
	at java.util.concurrent.ThreadPoolExecutor.runWorker(ThreadPoolExecutor.java:1145)
	at java.util.concurrent.ThreadPoolExecutor$Worker.run(ThreadPoolExecutor.java:615)
	at java.lang.Thread.run(Thread.java:745)
Caused by: java.net.SocketException: No buffer space available (maximum connections reached?): connect
	at java.net.DualStackPlainSocketImpl.connect0(Native Method)
	at java.net.DualStackPlainSocketImpl.socketConnect(DualStackPlainSocketImpl.java:79)
	at java.net.AbstractPlainSocketImpl.doConnect(AbstractPlainSocketImpl.java:339)
	at java.net.AbstractPlainSocketImpl.connectToAddress(AbstractPlainSocketImpl.java:200)
	at java.net.AbstractPlainSocketImpl.connect(AbstractPlainSocketImpl.java:182)
	at java.net.PlainSocketImpl.connect(PlainSocketImpl.java:172)
	at java.net.SocksSocketImpl.connect(SocksSocketImpl.java:392)
	at java.net.Socket.connect(Socket.java:579)
	at java.net.Socket.connect(Socket.java:528)
	at sun.net.NetworkClient.doConnect(NetworkClient.java:180)
	at sun.net.www.http.HttpClient.openServer(HttpClient.java:432)
	at sun.net.www.http.HttpClient.openServer(HttpClient.java:527)
	at sun.net.www.http.HttpClient.<init>(HttpClient.java:211)
	at sun.net.www.http.HttpClient.New(HttpClient.java:308)
	at sun.net.www.http.HttpClient.New(HttpClient.java:326)
	at sun.net.www.protocol.http.HttpURLConnection.getNewHttpClient(HttpURLConnection.java:996)
	at sun.net.www.protocol.http.HttpURLConnection.plainConnect(HttpURLConnection.java:932)
	at sun.net.www.protocol.http.HttpURLConnection.connect(HttpURLConnection.java:850)
	at org.springframework.http.client.SimpleBufferingClientHttpRequest.executeInternal(SimpleBufferingClientHttpRequest.java:78)
	at org.springframework.http.client.AbstractBufferingClientHttpRequest.executeInternal(AbstractBufferingClientHttpRequest.java:46)
	at org.springframework.http.client.AbstractClientHttpRequest.execute(AbstractClientHttpRequest.java:52)
	at org.springframework.web.client.RestTemplate.doExecute(RestTemplate.java:527)
	... 17 more
]]>
    </failure>
  </testcase> <!-- thatOrdersCanBeAddedAndQueried -->
  <testcase name="thatOrdersCanBeAddedAndQueried" time="0.209" classname="com.sprhib.TestService"/>
  <testcase name="thatOrdersCanBeAddedAndQueried" time="0.166" classname="com.sprhib.TestService"/>
  <testcase name="thatOrdersCanBeAddedAndQueried" time="0.257" classname="com.sprhib.TestService"/>
  <testcase name="thatOrdersCanBeAddedAndQueried" time="0.141" classname="com.sprhib.TestService"/>
  <testcase name="thatOrdersCanBeAddedAndQueried" time="0.133" classname="com.sprhib.TestService"/>
  <testcase name="thatOrdersCanBeAddedAndQueried" time="0.341" classname="com.sprhib.TestService"/>
  <testcase name="thatOrdersCanBeAddedAndQueried" time="0.165" classname="com.sprhib.TestService"/>
  <testcase name="thatOrdersCanBeAddedAndQueried" time="0.176" classname="com.sprhib.TestService"/>
  <testcase name="thatOrdersCanBeAddedAndQueried" time="0.153" classname="com.sprhib.TestService"/>
  <testcase name="thatOrdersCanBeAddedAndQueried" time="0.134" classname="com.sprhib.TestService"/>
  <testcase name="thatOrdersCanBeAddedAndQueried" time="0.145" classname="com.sprhib.TestService"/>
  <testcase name="thatOrdersCanBeAddedAndQueried" time="0.287" classname="com.sprhib.TestService"/>
  <testcase name="thatOrdersCanBeAddedAndQueried" time="0.238" classname="com.sprhib.TestService"/>
  <testcase name="thatOrdersCanBeAddedAndQueried" time="0.290" classname="com.sprhib.TestService"/>
  <testcase name="thatOrdersCanBeAddedAndQueried" time="0.246" classname="com.sprhib.TestService"/>
  <testcase name="thatOrdersCanBeAddedAndQueried" time="0.168" classname="com.sprhib.TestService"/>
  <testcase name="thatOrdersCanBeAddedAndQueried" time="0.283" classname="com.sprhib.TestService"/>
  <testcase name="thatOrdersCanBeAddedAndQueried" time="0.179" classname="com.sprhib.TestService"/>
  <testcase name="thatOrdersCanBeAddedAndQueried" time="0.158" classname="com.sprhib.TestService"/>
  <testcase name="thatOrdersCanBeAddedAndQueried" time="0.166" classname="com.sprhib.TestService"/>
  <testcase name="thatOrdersCanBeAddedAndQueried" time="0.236" classname="com.sprhib.TestService"/>
  <testcase name="thatOrdersCanBeAddedAndQueried" time="0.189" classname="com.sprhib.TestService"/>
  <testcase name="thatOrdersCanBeAddedAndQueried" time="0.218" classname="com.sprhib.TestService"/>
  <testcase name="thatOrdersCanBeAddedAndQueried" time="0.124" classname="com.sprhib.TestService"/>
  <testcase name="thatOrdersCanBeAddedAndQueried" time="0.115" classname="com.sprhib.TestService"/>
  <testcase name="thatOrdersCanBeAddedAndQueried" time="0.338" classname="com.sprhib.TestService"/>
  <testcase name="thatOrdersCanBeAddedAndQueried" time="0.190" classname="com.sprhib.TestService"/>
  <testcase name="thatOrdersCanBeAddedAndQueried" time="0.257" classname="com.sprhib.TestService"/>
  <testcase name="thatOrdersCanBeAddedAndQueried" time="0.384" classname="com.sprhib.TestService"/>
  <testcase name="thatOrdersCanBeAddedAndQueried" time="0.315" classname="com.sprhib.TestService"/>
  <testcase name="thatOrdersCanBeAddedAndQueried" time="0.047" classname="com.sprhib.TestService">
    <failure type="org.springframework.web.client.ResourceAccessException" message="I/O error on GET request for &quot;http://localhost:8080/spr-mvc-hib/convertation/-110/EUR/USD&quot;:No buffer space available (maximum connections reached?): connect; nested exception is java.net.SocketException: No buffer space available (maximum connections reached?): connect">
      <![CDATA[org.springframework.web.client.ResourceAccessException: I/O error on GET request for "http://localhost:8080/spr-mvc-hib/convertation/-110/EUR/USD":No buffer space available (maximum connections reached?): connect; nested exception is java.net.SocketException: No buffer space available (maximum connections reached?): connect
	at org.springframework.web.client.RestTemplate.doExecute(RestTemplate.java:543)
	at org.springframework.web.client.RestTemplate.execute(RestTemplate.java:489)
	at org.springframework.web.client.RestTemplate.getForEntity(RestTemplate.java:250)
	at com.sprhib.TestService.thatOrdersCanBeAddedAndQueried(TestService.java:26)
	at sun.reflect.GeneratedMethodAccessor3.invoke(Unknown Source)
	at sun.reflect.DelegatingMethodAccessorImpl.invoke(DelegatingMethodAccessorImpl.java:43)
	at java.lang.reflect.Method.invoke(Method.java:606)
	at org.testng.internal.MethodInvocationHelper.invokeMethod(MethodInvocationHelper.java:84)
	at org.testng.internal.Invoker.invokeMethod(Invoker.java:714)
	at org.testng.internal.Invoker.invokeTestMethod(Invoker.java:901)
	at org.testng.internal.Invoker.invokeTestMethods(Invoker.java:1231)
	at org.testng.internal.TestMethodWorker.invokeTestMethods(TestMethodWorker.java:127)
	at org.testng.internal.TestMethodWorker.run(TestMethodWorker.java:111)
	at org.testng.internal.thread.ThreadUtil$2.call(ThreadUtil.java:64)
	at java.util.concurrent.FutureTask.run(FutureTask.java:262)
	at java.util.concurrent.ThreadPoolExecutor.runWorker(ThreadPoolExecutor.java:1145)
	at java.util.concurrent.ThreadPoolExecutor$Worker.run(ThreadPoolExecutor.java:615)
	at java.lang.Thread.run(Thread.java:745)
Caused by: java.net.SocketException: No buffer space available (maximum connections reached?): connect
	at java.net.DualStackPlainSocketImpl.connect0(Native Method)
	at java.net.DualStackPlainSocketImpl.socketConnect(DualStackPlainSocketImpl.java:79)
	at java.net.AbstractPlainSocketImpl.doConnect(AbstractPlainSocketImpl.java:339)
	at java.net.AbstractPlainSocketImpl.connectToAddress(AbstractPlainSocketImpl.java:200)
	at java.net.AbstractPlainSocketImpl.connect(AbstractPlainSocketImpl.java:182)
	at java.net.PlainSocketImpl.connect(PlainSocketImpl.java:172)
	at java.net.SocksSocketImpl.connect(SocksSocketImpl.java:392)
	at java.net.Socket.connect(Socket.java:579)
	at java.net.Socket.connect(Socket.java:528)
	at sun.net.NetworkClient.doConnect(NetworkClient.java:180)
	at sun.net.www.http.HttpClient.openServer(HttpClient.java:432)
	at sun.net.www.http.HttpClient.openServer(HttpClient.java:527)
	at sun.net.www.http.HttpClient.<init>(HttpClient.java:211)
	at sun.net.www.http.HttpClient.New(HttpClient.java:308)
	at sun.net.www.http.HttpClient.New(HttpClient.java:326)
	at sun.net.www.protocol.http.HttpURLConnection.getNewHttpClient(HttpURLConnection.java:996)
	at sun.net.www.protocol.http.HttpURLConnection.plainConnect(HttpURLConnection.java:932)
	at sun.net.www.protocol.http.HttpURLConnection.connect(HttpURLConnection.java:850)
	at org.springframework.http.client.SimpleBufferingClientHttpRequest.executeInternal(SimpleBufferingClientHttpRequest.java:78)
	at org.springframework.http.client.AbstractBufferingClientHttpRequest.executeInternal(AbstractBufferingClientHttpRequest.java:46)
	at org.springframework.http.client.AbstractClientHttpRequest.execute(AbstractClientHttpRequest.java:52)
	at org.springframework.web.client.RestTemplate.doExecute(RestTemplate.java:527)
	... 17 more
]]>
    </failure>
  </testcase> <!-- thatOrdersCanBeAddedAndQueried -->
  <testcase name="thatOrdersCanBeAddedAndQueried" time="0.114" classname="com.sprhib.TestService"/>
  <testcase name="thatOrdersCanBeAddedAndQueried" time="0.194" classname="com.sprhib.TestService"/>
  <testcase name="thatOrdersCanBeAddedAndQueried" time="0.227" classname="com.sprhib.TestService"/>
  <testcase name="thatOrdersCanBeAddedAndQueried" time="0.195" classname="com.sprhib.TestService"/>
  <testcase name="thatOrdersCanBeAddedAndQueried" time="0.256" classname="com.sprhib.TestService"/>
  <testcase name="thatOrdersCanBeAddedAndQueried" time="0.265" classname="com.sprhib.TestService"/>
  <testcase name="thatOrdersCanBeAddedAndQueried" time="0.159" classname="com.sprhib.TestService"/>
  <testcase name="thatOrdersCanBeAddedAndQueried" time="0.143" classname="com.sprhib.TestService"/>
  <testcase name="thatOrdersCanBeAddedAndQueried" time="0.126" classname="com.sprhib.TestService"/>
  <testcase name="thatOrdersCanBeAddedAndQueried" time="0.173" classname="com.sprhib.TestService"/>
  <testcase name="thatOrdersCanBeAddedAndQueried" time="0.260" classname="com.sprhib.TestService"/>
  <testcase name="thatOrdersCanBeAddedAndQueried" time="0.192" classname="com.sprhib.TestService"/>
  <testcase name="thatOrdersCanBeAddedAndQueried" time="0.257" classname="com.sprhib.TestService"/>
  <testcase name="thatOrdersCanBeAddedAndQueried" time="0.261" classname="com.sprhib.TestService"/>
  <testcase name="thatOrdersCanBeAddedAndQueried" time="0.367" classname="com.sprhib.TestService"/>
  <testcase name="thatOrdersCanBeAddedAndQueried" time="0.157" classname="com.sprhib.TestService"/>
  <testcase name="thatOrdersCanBeAddedAndQueried" time="0.121" classname="com.sprhib.TestService"/>
  <testcase name="thatOrdersCanBeAddedAndQueried" time="0.229" classname="com.sprhib.TestService"/>
  <testcase name="thatOrdersCanBeAddedAndQueried" time="0.020" classname="com.sprhib.TestService">
    <failure type="org.springframework.web.client.ResourceAccessException" message="I/O error on GET request for &quot;http://localhost:8080/spr-mvc-hib/convertation/-110/EUR/USD&quot;:No buffer space available (maximum connections reached?): connect; nested exception is java.net.SocketException: No buffer space available (maximum connections reached?): connect">
      <![CDATA[org.springframework.web.client.ResourceAccessException: I/O error on GET request for "http://localhost:8080/spr-mvc-hib/convertation/-110/EUR/USD":No buffer space available (maximum connections reached?): connect; nested exception is java.net.SocketException: No buffer space available (maximum connections reached?): connect
	at org.springframework.web.client.RestTemplate.doExecute(RestTemplate.java:543)
	at org.springframework.web.client.RestTemplate.execute(RestTemplate.java:489)
	at org.springframework.web.client.RestTemplate.getForEntity(RestTemplate.java:250)
	at com.sprhib.TestService.thatOrdersCanBeAddedAndQueried(TestService.java:26)
	at sun.reflect.GeneratedMethodAccessor3.invoke(Unknown Source)
	at sun.reflect.DelegatingMethodAccessorImpl.invoke(DelegatingMethodAccessorImpl.java:43)
	at java.lang.reflect.Method.invoke(Method.java:606)
	at org.testng.internal.MethodInvocationHelper.invokeMethod(MethodInvocationHelper.java:84)
	at org.testng.internal.Invoker.invokeMethod(Invoker.java:714)
	at org.testng.internal.Invoker.invokeTestMethod(Invoker.java:901)
	at org.testng.internal.Invoker.invokeTestMethods(Invoker.java:1231)
	at org.testng.internal.TestMethodWorker.invokeTestMethods(TestMethodWorker.java:127)
	at org.testng.internal.TestMethodWorker.run(TestMethodWorker.java:111)
	at org.testng.internal.thread.ThreadUtil$2.call(ThreadUtil.java:64)
	at java.util.concurrent.FutureTask.run(FutureTask.java:262)
	at java.util.concurrent.ThreadPoolExecutor.runWorker(ThreadPoolExecutor.java:1145)
	at java.util.concurrent.ThreadPoolExecutor$Worker.run(ThreadPoolExecutor.java:615)
	at java.lang.Thread.run(Thread.java:745)
Caused by: java.net.SocketException: No buffer space available (maximum connections reached?): connect
	at java.net.DualStackPlainSocketImpl.connect0(Native Method)
	at java.net.DualStackPlainSocketImpl.socketConnect(DualStackPlainSocketImpl.java:79)
	at java.net.AbstractPlainSocketImpl.doConnect(AbstractPlainSocketImpl.java:339)
	at java.net.AbstractPlainSocketImpl.connectToAddress(AbstractPlainSocketImpl.java:200)
	at java.net.AbstractPlainSocketImpl.connect(AbstractPlainSocketImpl.java:182)
	at java.net.PlainSocketImpl.connect(PlainSocketImpl.java:172)
	at java.net.SocksSocketImpl.connect(SocksSocketImpl.java:392)
	at java.net.Socket.connect(Socket.java:579)
	at java.net.Socket.connect(Socket.java:528)
	at sun.net.NetworkClient.doConnect(NetworkClient.java:180)
	at sun.net.www.http.HttpClient.openServer(HttpClient.java:432)
	at sun.net.www.http.HttpClient.openServer(HttpClient.java:527)
	at sun.net.www.http.HttpClient.<init>(HttpClient.java:211)
	at sun.net.www.http.HttpClient.New(HttpClient.java:308)
	at sun.net.www.http.HttpClient.New(HttpClient.java:326)
	at sun.net.www.protocol.http.HttpURLConnection.getNewHttpClient(HttpURLConnection.java:996)
	at sun.net.www.protocol.http.HttpURLConnection.plainConnect(HttpURLConnection.java:932)
	at sun.net.www.protocol.http.HttpURLConnection.connect(HttpURLConnection.java:850)
	at org.springframework.http.client.SimpleBufferingClientHttpRequest.executeInternal(SimpleBufferingClientHttpRequest.java:78)
	at org.springframework.http.client.AbstractBufferingClientHttpRequest.executeInternal(AbstractBufferingClientHttpRequest.java:46)
	at org.springframework.http.client.AbstractClientHttpRequest.execute(AbstractClientHttpRequest.java:52)
	at org.springframework.web.client.RestTemplate.doExecute(RestTemplate.java:527)
	... 17 more
]]>
    </failure>
  </testcase> <!-- thatOrdersCanBeAddedAndQueried -->
  <testcase name="thatOrdersCanBeAddedAndQueried" time="0.154" classname="com.sprhib.TestService"/>
  <testcase name="thatOrdersCanBeAddedAndQueried" time="0.177" classname="com.sprhib.TestService"/>
  <testcase name="thatOrdersCanBeAddedAndQueried" time="0.176" classname="com.sprhib.TestService"/>
  <testcase name="thatOrdersCanBeAddedAndQueried" time="0.147" classname="com.sprhib.TestService"/>
  <testcase name="thatOrdersCanBeAddedAndQueried" time="0.202" classname="com.sprhib.TestService"/>
  <testcase name="thatOrdersCanBeAddedAndQueried" time="0.229" classname="com.sprhib.TestService"/>
  <testcase name="thatOrdersCanBeAddedAndQueried" time="0.196" classname="com.sprhib.TestService"/>
  <testcase name="thatOrdersCanBeAddedAndQueried" time="0.362" classname="com.sprhib.TestService"/>
  <testcase name="thatOrdersCanBeAddedAndQueried" time="0.147" classname="com.sprhib.TestService"/>
  <testcase name="thatOrdersCanBeAddedAndQueried" time="0.168" classname="com.sprhib.TestService"/>
  <testcase name="thatOrdersCanBeAddedAndQueried" time="0.241" classname="com.sprhib.TestService"/>
  <testcase name="thatOrdersCanBeAddedAndQueried" time="0.154" classname="com.sprhib.TestService"/>
  <testcase name="thatOrdersCanBeAddedAndQueried" time="0.134" classname="com.sprhib.TestService"/>
  <testcase name="thatOrdersCanBeAddedAndQueried" time="0.190" classname="com.sprhib.TestService"/>
  <testcase name="thatOrdersCanBeAddedAndQueried" time="0.173" classname="com.sprhib.TestService"/>
  <testcase name="thatOrdersCanBeAddedAndQueried" time="0.056" classname="com.sprhib.TestService">
    <failure type="org.springframework.web.client.ResourceAccessException" message="I/O error on GET request for &quot;http://localhost:8080/spr-mvc-hib/convertation/-110/EUR/USD&quot;:No buffer space available (maximum connections reached?): connect; nested exception is java.net.SocketException: No buffer space available (maximum connections reached?): connect">
      <![CDATA[org.springframework.web.client.ResourceAccessException: I/O error on GET request for "http://localhost:8080/spr-mvc-hib/convertation/-110/EUR/USD":No buffer space available (maximum connections reached?): connect; nested exception is java.net.SocketException: No buffer space available (maximum connections reached?): connect
	at org.springframework.web.client.RestTemplate.doExecute(RestTemplate.java:543)
	at org.springframework.web.client.RestTemplate.execute(RestTemplate.java:489)
	at org.springframework.web.client.RestTemplate.getForEntity(RestTemplate.java:250)
	at com.sprhib.TestService.thatOrdersCanBeAddedAndQueried(TestService.java:26)
	at sun.reflect.GeneratedMethodAccessor3.invoke(Unknown Source)
	at sun.reflect.DelegatingMethodAccessorImpl.invoke(DelegatingMethodAccessorImpl.java:43)
	at java.lang.reflect.Method.invoke(Method.java:606)
	at org.testng.internal.MethodInvocationHelper.invokeMethod(MethodInvocationHelper.java:84)
	at org.testng.internal.Invoker.invokeMethod(Invoker.java:714)
	at org.testng.internal.Invoker.invokeTestMethod(Invoker.java:901)
	at org.testng.internal.Invoker.invokeTestMethods(Invoker.java:1231)
	at org.testng.internal.TestMethodWorker.invokeTestMethods(TestMethodWorker.java:127)
	at org.testng.internal.TestMethodWorker.run(TestMethodWorker.java:111)
	at org.testng.internal.thread.ThreadUtil$2.call(ThreadUtil.java:64)
	at java.util.concurrent.FutureTask.run(FutureTask.java:262)
	at java.util.concurrent.ThreadPoolExecutor.runWorker(ThreadPoolExecutor.java:1145)
	at java.util.concurrent.ThreadPoolExecutor$Worker.run(ThreadPoolExecutor.java:615)
	at java.lang.Thread.run(Thread.java:745)
Caused by: java.net.SocketException: No buffer space available (maximum connections reached?): connect
	at java.net.DualStackPlainSocketImpl.connect0(Native Method)
	at java.net.DualStackPlainSocketImpl.socketConnect(DualStackPlainSocketImpl.java:79)
	at java.net.AbstractPlainSocketImpl.doConnect(AbstractPlainSocketImpl.java:339)
	at java.net.AbstractPlainSocketImpl.connectToAddress(AbstractPlainSocketImpl.java:200)
	at java.net.AbstractPlainSocketImpl.connect(AbstractPlainSocketImpl.java:182)
	at java.net.PlainSocketImpl.connect(PlainSocketImpl.java:172)
	at java.net.SocksSocketImpl.connect(SocksSocketImpl.java:392)
	at java.net.Socket.connect(Socket.java:579)
	at java.net.Socket.connect(Socket.java:528)
	at sun.net.NetworkClient.doConnect(NetworkClient.java:180)
	at sun.net.www.http.HttpClient.openServer(HttpClient.java:432)
	at sun.net.www.http.HttpClient.openServer(HttpClient.java:527)
	at sun.net.www.http.HttpClient.<init>(HttpClient.java:211)
	at sun.net.www.http.HttpClient.New(HttpClient.java:308)
	at sun.net.www.http.HttpClient.New(HttpClient.java:326)
	at sun.net.www.protocol.http.HttpURLConnection.getNewHttpClient(HttpURLConnection.java:996)
	at sun.net.www.protocol.http.HttpURLConnection.plainConnect(HttpURLConnection.java:932)
	at sun.net.www.protocol.http.HttpURLConnection.connect(HttpURLConnection.java:850)
	at org.springframework.http.client.SimpleBufferingClientHttpRequest.executeInternal(SimpleBufferingClientHttpRequest.java:78)
	at org.springframework.http.client.AbstractBufferingClientHttpRequest.executeInternal(AbstractBufferingClientHttpRequest.java:46)
	at org.springframework.http.client.AbstractClientHttpRequest.execute(AbstractClientHttpRequest.java:52)
	at org.springframework.web.client.RestTemplate.doExecute(RestTemplate.java:527)
	... 17 more
]]>
    </failure>
  </testcase> <!-- thatOrdersCanBeAddedAndQueried -->
  <testcase name="thatOrdersCanBeAddedAndQueried" time="0.192" classname="com.sprhib.TestService"/>
  <testcase name="thatOrdersCanBeAddedAndQueried" time="0.170" classname="com.sprhib.TestService"/>
  <testcase name="thatOrdersCanBeAddedAndQueried" time="0.202" classname="com.sprhib.TestService"/>
  <testcase name="thatOrdersCanBeAddedAndQueried" time="0.219" classname="com.sprhib.TestService">
    <failure type="org.springframework.web.client.HttpServerErrorException" message="500 Internal Server Error">
      <![CDATA[org.springframework.web.client.HttpServerErrorException: 500 Internal Server Error
	at org.springframework.web.client.DefaultResponseErrorHandler.handleError(DefaultResponseErrorHandler.java:94)
	at org.springframework.web.client.RestTemplate.handleResponseError(RestTemplate.java:576)
	at org.springframework.web.client.RestTemplate.doExecute(RestTemplate.java:532)
	at org.springframework.web.client.RestTemplate.execute(RestTemplate.java:489)
	at org.springframework.web.client.RestTemplate.getForEntity(RestTemplate.java:250)
	at com.sprhib.TestService.thatOrdersCanBeAddedAndQueried(TestService.java:44)
	at sun.reflect.GeneratedMethodAccessor3.invoke(Unknown Source)
	at sun.reflect.DelegatingMethodAccessorImpl.invoke(DelegatingMethodAccessorImpl.java:43)
	at java.lang.reflect.Method.invoke(Method.java:606)
	at org.testng.internal.MethodInvocationHelper.invokeMethod(MethodInvocationHelper.java:84)
	at org.testng.internal.Invoker.invokeMethod(Invoker.java:714)
	at org.testng.internal.Invoker.invokeTestMethod(Invoker.java:901)
	at org.testng.internal.Invoker.invokeTestMethods(Invoker.java:1231)
	at org.testng.internal.TestMethodWorker.invokeTestMethods(TestMethodWorker.java:127)
	at org.testng.internal.TestMethodWorker.run(TestMethodWorker.java:111)
	at org.testng.internal.thread.ThreadUtil$2.call(ThreadUtil.java:64)
	at java.util.concurrent.FutureTask.run(FutureTask.java:262)
	at java.util.concurrent.ThreadPoolExecutor.runWorker(ThreadPoolExecutor.java:1145)
	at java.util.concurrent.ThreadPoolExecutor$Worker.run(ThreadPoolExecutor.java:615)
	at java.lang.Thread.run(Thread.java:745)
]]>
    </failure>
  </testcase> <!-- thatOrdersCanBeAddedAndQueried -->
  <testcase name="thatOrdersCanBeAddedAndQueried" time="0.196" classname="com.sprhib.TestService"/>
  <testcase name="thatOrdersCanBeAddedAndQueried" time="0.182" classname="com.sprhib.TestService"/>
  <testcase name="thatOrdersCanBeAddedAndQueried" time="0.211" classname="com.sprhib.TestService"/>
  <testcase name="thatOrdersCanBeAddedAndQueried" time="0.160" classname="com.sprhib.TestService"/>
  <testcase name="thatOrdersCanBeAddedAndQueried" time="0.192" classname="com.sprhib.TestService"/>
  <testcase name="thatOrdersCanBeAddedAndQueried" time="0.023" classname="com.sprhib.TestService">
    <failure type="org.springframework.web.client.ResourceAccessException" message="I/O error on GET request for &quot;http://localhost:8080/spr-mvc-hib/convertation/-110/EUR/USD&quot;:No buffer space available (maximum connections reached?): connect; nested exception is java.net.SocketException: No buffer space available (maximum connections reached?): connect">
      <![CDATA[org.springframework.web.client.ResourceAccessException: I/O error on GET request for "http://localhost:8080/spr-mvc-hib/convertation/-110/EUR/USD":No buffer space available (maximum connections reached?): connect; nested exception is java.net.SocketException: No buffer space available (maximum connections reached?): connect
	at org.springframework.web.client.RestTemplate.doExecute(RestTemplate.java:543)
	at org.springframework.web.client.RestTemplate.execute(RestTemplate.java:489)
	at org.springframework.web.client.RestTemplate.getForEntity(RestTemplate.java:250)
	at com.sprhib.TestService.thatOrdersCanBeAddedAndQueried(TestService.java:26)
	at sun.reflect.GeneratedMethodAccessor3.invoke(Unknown Source)
	at sun.reflect.DelegatingMethodAccessorImpl.invoke(DelegatingMethodAccessorImpl.java:43)
	at java.lang.reflect.Method.invoke(Method.java:606)
	at org.testng.internal.MethodInvocationHelper.invokeMethod(MethodInvocationHelper.java:84)
	at org.testng.internal.Invoker.invokeMethod(Invoker.java:714)
	at org.testng.internal.Invoker.invokeTestMethod(Invoker.java:901)
	at org.testng.internal.Invoker.invokeTestMethods(Invoker.java:1231)
	at org.testng.internal.TestMethodWorker.invokeTestMethods(TestMethodWorker.java:127)
	at org.testng.internal.TestMethodWorker.run(TestMethodWorker.java:111)
	at org.testng.internal.thread.ThreadUtil$2.call(ThreadUtil.java:64)
	at java.util.concurrent.FutureTask.run(FutureTask.java:262)
	at java.util.concurrent.ThreadPoolExecutor.runWorker(ThreadPoolExecutor.java:1145)
	at java.util.concurrent.ThreadPoolExecutor$Worker.run(ThreadPoolExecutor.java:615)
	at java.lang.Thread.run(Thread.java:745)
Caused by: java.net.SocketException: No buffer space available (maximum connections reached?): connect
	at java.net.DualStackPlainSocketImpl.connect0(Native Method)
	at java.net.DualStackPlainSocketImpl.socketConnect(DualStackPlainSocketImpl.java:79)
	at java.net.AbstractPlainSocketImpl.doConnect(AbstractPlainSocketImpl.java:339)
	at java.net.AbstractPlainSocketImpl.connectToAddress(AbstractPlainSocketImpl.java:200)
	at java.net.AbstractPlainSocketImpl.connect(AbstractPlainSocketImpl.java:182)
	at java.net.PlainSocketImpl.connect(PlainSocketImpl.java:172)
	at java.net.SocksSocketImpl.connect(SocksSocketImpl.java:392)
	at java.net.Socket.connect(Socket.java:579)
	at java.net.Socket.connect(Socket.java:528)
	at sun.net.NetworkClient.doConnect(NetworkClient.java:180)
	at sun.net.www.http.HttpClient.openServer(HttpClient.java:432)
	at sun.net.www.http.HttpClient.openServer(HttpClient.java:527)
	at sun.net.www.http.HttpClient.<init>(HttpClient.java:211)
	at sun.net.www.http.HttpClient.New(HttpClient.java:308)
	at sun.net.www.http.HttpClient.New(HttpClient.java:326)
	at sun.net.www.protocol.http.HttpURLConnection.getNewHttpClient(HttpURLConnection.java:996)
	at sun.net.www.protocol.http.HttpURLConnection.plainConnect(HttpURLConnection.java:932)
	at sun.net.www.protocol.http.HttpURLConnection.connect(HttpURLConnection.java:850)
	at org.springframework.http.client.SimpleBufferingClientHttpRequest.executeInternal(SimpleBufferingClientHttpRequest.java:78)
	at org.springframework.http.client.AbstractBufferingClientHttpRequest.executeInternal(AbstractBufferingClientHttpRequest.java:46)
	at org.springframework.http.client.AbstractClientHttpRequest.execute(AbstractClientHttpRequest.java:52)
	at org.springframework.web.client.RestTemplate.doExecute(RestTemplate.java:527)
	... 17 more
]]>
    </failure>
  </testcase> <!-- thatOrdersCanBeAddedAndQueried -->
  <testcase name="thatOrdersCanBeAddedAndQueried" time="0.147" classname="com.sprhib.TestService"/>
  <testcase name="thatOrdersCanBeAddedAndQueried" time="0.129" classname="com.sprhib.TestService"/>
  <testcase name="thatOrdersCanBeAddedAndQueried" time="0.135" classname="com.sprhib.TestService"/>
  <testcase name="thatOrdersCanBeAddedAndQueried" time="0.192" classname="com.sprhib.TestService"/>
  <testcase name="thatOrdersCanBeAddedAndQueried" time="0.169" classname="com.sprhib.TestService"/>
  <testcase name="thatOrdersCanBeAddedAndQueried" time="0.259" classname="com.sprhib.TestService"/>
  <testcase name="thatOrdersCanBeAddedAndQueried" time="0.123" classname="com.sprhib.TestService"/>
  <testcase name="thatOrdersCanBeAddedAndQueried" time="0.160" classname="com.sprhib.TestService">
    <failure type="org.springframework.web.client.ResourceAccessException" message="I/O error on GET request for &quot;http://localhost:8080/spr-mvc-hib/convertation/-110/EUR/USD&quot;:No buffer space available (maximum connections reached?): connect; nested exception is java.net.SocketException: No buffer space available (maximum connections reached?): connect">
      <![CDATA[org.springframework.web.client.ResourceAccessException: I/O error on GET request for "http://localhost:8080/spr-mvc-hib/convertation/-110/EUR/USD":No buffer space available (maximum connections reached?): connect; nested exception is java.net.SocketException: No buffer space available (maximum connections reached?): connect
	at org.springframework.web.client.RestTemplate.doExecute(RestTemplate.java:543)
	at org.springframework.web.client.RestTemplate.execute(RestTemplate.java:489)
	at org.springframework.web.client.RestTemplate.getForEntity(RestTemplate.java:250)
	at com.sprhib.TestService.thatOrdersCanBeAddedAndQueried(TestService.java:26)
	at sun.reflect.GeneratedMethodAccessor3.invoke(Unknown Source)
	at sun.reflect.DelegatingMethodAccessorImpl.invoke(DelegatingMethodAccessorImpl.java:43)
	at java.lang.reflect.Method.invoke(Method.java:606)
	at org.testng.internal.MethodInvocationHelper.invokeMethod(MethodInvocationHelper.java:84)
	at org.testng.internal.Invoker.invokeMethod(Invoker.java:714)
	at org.testng.internal.Invoker.invokeTestMethod(Invoker.java:901)
	at org.testng.internal.Invoker.invokeTestMethods(Invoker.java:1231)
	at org.testng.internal.TestMethodWorker.invokeTestMethods(TestMethodWorker.java:127)
	at org.testng.internal.TestMethodWorker.run(TestMethodWorker.java:111)
	at org.testng.internal.thread.ThreadUtil$2.call(ThreadUtil.java:64)
	at java.util.concurrent.FutureTask.run(FutureTask.java:262)
	at java.util.concurrent.ThreadPoolExecutor.runWorker(ThreadPoolExecutor.java:1145)
	at java.util.concurrent.ThreadPoolExecutor$Worker.run(ThreadPoolExecutor.java:615)
	at java.lang.Thread.run(Thread.java:745)
Caused by: java.net.SocketException: No buffer space available (maximum connections reached?): connect
	at java.net.DualStackPlainSocketImpl.connect0(Native Method)
	at java.net.DualStackPlainSocketImpl.socketConnect(DualStackPlainSocketImpl.java:79)
	at java.net.AbstractPlainSocketImpl.doConnect(AbstractPlainSocketImpl.java:339)
	at java.net.AbstractPlainSocketImpl.connectToAddress(AbstractPlainSocketImpl.java:200)
	at java.net.AbstractPlainSocketImpl.connect(AbstractPlainSocketImpl.java:182)
	at java.net.PlainSocketImpl.connect(PlainSocketImpl.java:172)
	at java.net.SocksSocketImpl.connect(SocksSocketImpl.java:392)
	at java.net.Socket.connect(Socket.java:579)
	at java.net.Socket.connect(Socket.java:528)
	at sun.net.NetworkClient.doConnect(NetworkClient.java:180)
	at sun.net.www.http.HttpClient.openServer(HttpClient.java:432)
	at sun.net.www.http.HttpClient.openServer(HttpClient.java:527)
	at sun.net.www.http.HttpClient.<init>(HttpClient.java:211)
	at sun.net.www.http.HttpClient.New(HttpClient.java:308)
	at sun.net.www.http.HttpClient.New(HttpClient.java:326)
	at sun.net.www.protocol.http.HttpURLConnection.getNewHttpClient(HttpURLConnection.java:996)
	at sun.net.www.protocol.http.HttpURLConnection.plainConnect(HttpURLConnection.java:932)
	at sun.net.www.protocol.http.HttpURLConnection.connect(HttpURLConnection.java:850)
	at org.springframework.http.client.SimpleBufferingClientHttpRequest.executeInternal(SimpleBufferingClientHttpRequest.java:78)
	at org.springframework.http.client.AbstractBufferingClientHttpRequest.executeInternal(AbstractBufferingClientHttpRequest.java:46)
	at org.springframework.http.client.AbstractClientHttpRequest.execute(AbstractClientHttpRequest.java:52)
	at org.springframework.web.client.RestTemplate.doExecute(RestTemplate.java:527)
	... 17 more
]]>
    </failure>
  </testcase> <!-- thatOrdersCanBeAddedAndQueried -->
  <testcase name="thatOrdersCanBeAddedAndQueried" time="0.206" classname="com.sprhib.TestService"/>
  <testcase name="thatOrdersCanBeAddedAndQueried" time="0.137" classname="com.sprhib.TestService"/>
  <testcase name="thatOrdersCanBeAddedAndQueried" time="0.226" classname="com.sprhib.TestService"/>
  <testcase name="thatOrdersCanBeAddedAndQueried" time="0.122" classname="com.sprhib.TestService"/>
  <testcase name="thatOrdersCanBeAddedAndQueried" time="0.264" classname="com.sprhib.TestService"/>
  <testcase name="thatOrdersCanBeAddedAndQueried" time="0.178" classname="com.sprhib.TestService"/>
  <testcase name="thatOrdersCanBeAddedAndQueried" time="0.169" classname="com.sprhib.TestService"/>
  <testcase name="thatOrdersCanBeAddedAndQueried" time="0.234" classname="com.sprhib.TestService"/>
  <testcase name="thatOrdersCanBeAddedAndQueried" time="0.507" classname="com.sprhib.TestService"/>
  <testcase name="thatOrdersCanBeAddedAndQueried" time="0.122" classname="com.sprhib.TestService"/>
  <testcase name="thatOrdersCanBeAddedAndQueried" time="0.236" classname="com.sprhib.TestService"/>
  <testcase name="thatOrdersCanBeAddedAndQueried" time="0.225" classname="com.sprhib.TestService"/>
  <testcase name="thatOrdersCanBeAddedAndQueried" time="0.140" classname="com.sprhib.TestService"/>
  <testcase name="thatOrdersCanBeAddedAndQueried" time="0.460" classname="com.sprhib.TestService"/>
  <testcase name="thatOrdersCanBeAddedAndQueried" time="0.144" classname="com.sprhib.TestService"/>
  <testcase name="thatOrdersCanBeAddedAndQueried" time="0.162" classname="com.sprhib.TestService"/>
  <testcase name="thatOrdersCanBeAddedAndQueried" time="0.155" classname="com.sprhib.TestService"/>
  <testcase name="thatOrdersCanBeAddedAndQueried" time="0.136" classname="com.sprhib.TestService"/>
  <testcase name="thatOrdersCanBeAddedAndQueried" time="0.152" classname="com.sprhib.TestService"/>
  <testcase name="thatOrdersCanBeAddedAndQueried" time="0.199" classname="com.sprhib.TestService"/>
  <testcase name="thatOrdersCanBeAddedAndQueried" time="0.343" classname="com.sprhib.TestService"/>
  <testcase name="thatOrdersCanBeAddedAndQueried" time="0.299" classname="com.sprhib.TestService"/>
  <testcase name="thatOrdersCanBeAddedAndQueried" time="0.206" classname="com.sprhib.TestService"/>
  <testcase name="thatOrdersCanBeAddedAndQueried" time="0.104" classname="com.sprhib.TestService"/>
  <testcase name="thatOrdersCanBeAddedAndQueried" time="0.243" classname="com.sprhib.TestService"/>
  <testcase name="thatOrdersCanBeAddedAndQueried" time="0.181" classname="com.sprhib.TestService"/>
  <testcase name="thatOrdersCanBeAddedAndQueried" time="0.195" classname="com.sprhib.TestService"/>
  <testcase name="thatOrdersCanBeAddedAndQueried" time="0.177" classname="com.sprhib.TestService"/>
  <testcase name="thatOrdersCanBeAddedAndQueried" time="0.132" classname="com.sprhib.TestService"/>
  <testcase name="thatOrdersCanBeAddedAndQueried" time="0.136" classname="com.sprhib.TestService"/>
  <testcase name="thatOrdersCanBeAddedAndQueried" time="0.275" classname="com.sprhib.TestService"/>
  <testcase name="thatOrdersCanBeAddedAndQueried" time="0.226" classname="com.sprhib.TestService"/>
  <testcase name="thatOrdersCanBeAddedAndQueried" time="0.117" classname="com.sprhib.TestService"/>
  <testcase name="thatOrdersCanBeAddedAndQueried" time="0.367" classname="com.sprhib.TestService"/>
  <testcase name="thatOrdersCanBeAddedAndQueried" time="0.030" classname="com.sprhib.TestService">
    <failure type="org.springframework.web.client.ResourceAccessException" message="I/O error on GET request for &quot;http://localhost:8080/spr-mvc-hib/convertation/-110/EUR/USD&quot;:No buffer space available (maximum connections reached?): connect; nested exception is java.net.SocketException: No buffer space available (maximum connections reached?): connect">
      <![CDATA[org.springframework.web.client.ResourceAccessException: I/O error on GET request for "http://localhost:8080/spr-mvc-hib/convertation/-110/EUR/USD":No buffer space available (maximum connections reached?): connect; nested exception is java.net.SocketException: No buffer space available (maximum connections reached?): connect
	at org.springframework.web.client.RestTemplate.doExecute(RestTemplate.java:543)
	at org.springframework.web.client.RestTemplate.execute(RestTemplate.java:489)
	at org.springframework.web.client.RestTemplate.getForEntity(RestTemplate.java:250)
	at com.sprhib.TestService.thatOrdersCanBeAddedAndQueried(TestService.java:26)
	at sun.reflect.GeneratedMethodAccessor3.invoke(Unknown Source)
	at sun.reflect.DelegatingMethodAccessorImpl.invoke(DelegatingMethodAccessorImpl.java:43)
	at java.lang.reflect.Method.invoke(Method.java:606)
	at org.testng.internal.MethodInvocationHelper.invokeMethod(MethodInvocationHelper.java:84)
	at org.testng.internal.Invoker.invokeMethod(Invoker.java:714)
	at org.testng.internal.Invoker.invokeTestMethod(Invoker.java:901)
	at org.testng.internal.Invoker.invokeTestMethods(Invoker.java:1231)
	at org.testng.internal.TestMethodWorker.invokeTestMethods(TestMethodWorker.java:127)
	at org.testng.internal.TestMethodWorker.run(TestMethodWorker.java:111)
	at org.testng.internal.thread.ThreadUtil$2.call(ThreadUtil.java:64)
	at java.util.concurrent.FutureTask.run(FutureTask.java:262)
	at java.util.concurrent.ThreadPoolExecutor.runWorker(ThreadPoolExecutor.java:1145)
	at java.util.concurrent.ThreadPoolExecutor$Worker.run(ThreadPoolExecutor.java:615)
	at java.lang.Thread.run(Thread.java:745)
Caused by: java.net.SocketException: No buffer space available (maximum connections reached?): connect
	at java.net.DualStackPlainSocketImpl.connect0(Native Method)
	at java.net.DualStackPlainSocketImpl.socketConnect(DualStackPlainSocketImpl.java:79)
	at java.net.AbstractPlainSocketImpl.doConnect(AbstractPlainSocketImpl.java:339)
	at java.net.AbstractPlainSocketImpl.connectToAddress(AbstractPlainSocketImpl.java:200)
	at java.net.AbstractPlainSocketImpl.connect(AbstractPlainSocketImpl.java:182)
	at java.net.PlainSocketImpl.connect(PlainSocketImpl.java:172)
	at java.net.SocksSocketImpl.connect(SocksSocketImpl.java:392)
	at java.net.Socket.connect(Socket.java:579)
	at java.net.Socket.connect(Socket.java:528)
	at sun.net.NetworkClient.doConnect(NetworkClient.java:180)
	at sun.net.www.http.HttpClient.openServer(HttpClient.java:432)
	at sun.net.www.http.HttpClient.openServer(HttpClient.java:527)
	at sun.net.www.http.HttpClient.<init>(HttpClient.java:211)
	at sun.net.www.http.HttpClient.New(HttpClient.java:308)
	at sun.net.www.http.HttpClient.New(HttpClient.java:326)
	at sun.net.www.protocol.http.HttpURLConnection.getNewHttpClient(HttpURLConnection.java:996)
	at sun.net.www.protocol.http.HttpURLConnection.plainConnect(HttpURLConnection.java:932)
	at sun.net.www.protocol.http.HttpURLConnection.connect(HttpURLConnection.java:850)
	at org.springframework.http.client.SimpleBufferingClientHttpRequest.executeInternal(SimpleBufferingClientHttpRequest.java:78)
	at org.springframework.http.client.AbstractBufferingClientHttpRequest.executeInternal(AbstractBufferingClientHttpRequest.java:46)
	at org.springframework.http.client.AbstractClientHttpRequest.execute(AbstractClientHttpRequest.java:52)
	at org.springframework.web.client.RestTemplate.doExecute(RestTemplate.java:527)
	... 17 more
]]>
    </failure>
  </testcase> <!-- thatOrdersCanBeAddedAndQueried -->
  <testcase name="thatOrdersCanBeAddedAndQueried" time="0.173" classname="com.sprhib.TestService"/>
  <testcase name="thatOrdersCanBeAddedAndQueried" time="0.218" classname="com.sprhib.TestService"/>
  <testcase name="thatOrdersCanBeAddedAndQueried" time="0.151" classname="com.sprhib.TestService"/>
  <testcase name="thatOrdersCanBeAddedAndQueried" time="0.211" classname="com.sprhib.TestService"/>
  <testcase name="thatOrdersCanBeAddedAndQueried" time="0.185" classname="com.sprhib.TestService"/>
  <testcase name="thatOrdersCanBeAddedAndQueried" time="0.425" classname="com.sprhib.TestService"/>
  <testcase name="thatOrdersCanBeAddedAndQueried" time="0.196" classname="com.sprhib.TestService"/>
  <testcase name="thatOrdersCanBeAddedAndQueried" time="0.197" classname="com.sprhib.TestService"/>
  <testcase name="thatOrdersCanBeAddedAndQueried" time="0.129" classname="com.sprhib.TestService"/>
  <testcase name="thatOrdersCanBeAddedAndQueried" time="0.145" classname="com.sprhib.TestService"/>
  <testcase name="thatOrdersCanBeAddedAndQueried" time="0.018" classname="com.sprhib.TestService">
    <failure type="org.springframework.web.client.ResourceAccessException" message="I/O error on GET request for &quot;http://localhost:8080/spr-mvc-hib/convertation/-110/EUR/USD&quot;:No buffer space available (maximum connections reached?): connect; nested exception is java.net.SocketException: No buffer space available (maximum connections reached?): connect">
      <![CDATA[org.springframework.web.client.ResourceAccessException: I/O error on GET request for "http://localhost:8080/spr-mvc-hib/convertation/-110/EUR/USD":No buffer space available (maximum connections reached?): connect; nested exception is java.net.SocketException: No buffer space available (maximum connections reached?): connect
	at org.springframework.web.client.RestTemplate.doExecute(RestTemplate.java:543)
	at org.springframework.web.client.RestTemplate.execute(RestTemplate.java:489)
	at org.springframework.web.client.RestTemplate.getForEntity(RestTemplate.java:250)
	at com.sprhib.TestService.thatOrdersCanBeAddedAndQueried(TestService.java:26)
	at sun.reflect.GeneratedMethodAccessor3.invoke(Unknown Source)
	at sun.reflect.DelegatingMethodAccessorImpl.invoke(DelegatingMethodAccessorImpl.java:43)
	at java.lang.reflect.Method.invoke(Method.java:606)
	at org.testng.internal.MethodInvocationHelper.invokeMethod(MethodInvocationHelper.java:84)
	at org.testng.internal.Invoker.invokeMethod(Invoker.java:714)
	at org.testng.internal.Invoker.invokeTestMethod(Invoker.java:901)
	at org.testng.internal.Invoker.invokeTestMethods(Invoker.java:1231)
	at org.testng.internal.TestMethodWorker.invokeTestMethods(TestMethodWorker.java:127)
	at org.testng.internal.TestMethodWorker.run(TestMethodWorker.java:111)
	at org.testng.internal.thread.ThreadUtil$2.call(ThreadUtil.java:64)
	at java.util.concurrent.FutureTask.run(FutureTask.java:262)
	at java.util.concurrent.ThreadPoolExecutor.runWorker(ThreadPoolExecutor.java:1145)
	at java.util.concurrent.ThreadPoolExecutor$Worker.run(ThreadPoolExecutor.java:615)
	at java.lang.Thread.run(Thread.java:745)
Caused by: java.net.SocketException: No buffer space available (maximum connections reached?): connect
	at java.net.DualStackPlainSocketImpl.connect0(Native Method)
	at java.net.DualStackPlainSocketImpl.socketConnect(DualStackPlainSocketImpl.java:79)
	at java.net.AbstractPlainSocketImpl.doConnect(AbstractPlainSocketImpl.java:339)
	at java.net.AbstractPlainSocketImpl.connectToAddress(AbstractPlainSocketImpl.java:200)
	at java.net.AbstractPlainSocketImpl.connect(AbstractPlainSocketImpl.java:182)
	at java.net.PlainSocketImpl.connect(PlainSocketImpl.java:172)
	at java.net.SocksSocketImpl.connect(SocksSocketImpl.java:392)
	at java.net.Socket.connect(Socket.java:579)
	at java.net.Socket.connect(Socket.java:528)
	at sun.net.NetworkClient.doConnect(NetworkClient.java:180)
	at sun.net.www.http.HttpClient.openServer(HttpClient.java:432)
	at sun.net.www.http.HttpClient.openServer(HttpClient.java:527)
	at sun.net.www.http.HttpClient.<init>(HttpClient.java:211)
	at sun.net.www.http.HttpClient.New(HttpClient.java:308)
	at sun.net.www.http.HttpClient.New(HttpClient.java:326)
	at sun.net.www.protocol.http.HttpURLConnection.getNewHttpClient(HttpURLConnection.java:996)
	at sun.net.www.protocol.http.HttpURLConnection.plainConnect(HttpURLConnection.java:932)
	at sun.net.www.protocol.http.HttpURLConnection.connect(HttpURLConnection.java:850)
	at org.springframework.http.client.SimpleBufferingClientHttpRequest.executeInternal(SimpleBufferingClientHttpRequest.java:78)
	at org.springframework.http.client.AbstractBufferingClientHttpRequest.executeInternal(AbstractBufferingClientHttpRequest.java:46)
	at org.springframework.http.client.AbstractClientHttpRequest.execute(AbstractClientHttpRequest.java:52)
	at org.springframework.web.client.RestTemplate.doExecute(RestTemplate.java:527)
	... 17 more
]]>
    </failure>
  </testcase> <!-- thatOrdersCanBeAddedAndQueried -->
  <testcase name="thatOrdersCanBeAddedAndQueried" time="0.222" classname="com.sprhib.TestService"/>
  <testcase name="thatOrdersCanBeAddedAndQueried" time="0.179" classname="com.sprhib.TestService"/>
  <testcase name="thatOrdersCanBeAddedAndQueried" time="0.184" classname="com.sprhib.TestService"/>
  <testcase name="thatOrdersCanBeAddedAndQueried" time="0.258" classname="com.sprhib.TestService"/>
  <testcase name="thatOrdersCanBeAddedAndQueried" time="0.215" classname="com.sprhib.TestService"/>
  <testcase name="thatOrdersCanBeAddedAndQueried" time="0.176" classname="com.sprhib.TestService"/>
  <testcase name="thatOrdersCanBeAddedAndQueried" time="0.196" classname="com.sprhib.TestService"/>
  <testcase name="thatOrdersCanBeAddedAndQueried" time="0.194" classname="com.sprhib.TestService"/>
  <testcase name="thatOrdersCanBeAddedAndQueried" time="0.145" classname="com.sprhib.TestService"/>
  <testcase name="thatOrdersCanBeAddedAndQueried" time="0.168" classname="com.sprhib.TestService"/>
  <testcase name="thatOrdersCanBeAddedAndQueried" time="0.191" classname="com.sprhib.TestService"/>
  <testcase name="thatOrdersCanBeAddedAndQueried" time="0.167" classname="com.sprhib.TestService"/>
  <testcase name="thatOrdersCanBeAddedAndQueried" time="0.250" classname="com.sprhib.TestService"/>
  <testcase name="thatOrdersCanBeAddedAndQueried" time="0.130" classname="com.sprhib.TestService"/>
  <testcase name="thatOrdersCanBeAddedAndQueried" time="0.245" classname="com.sprhib.TestService"/>
  <testcase name="thatOrdersCanBeAddedAndQueried" time="0.260" classname="com.sprhib.TestService"/>
  <testcase name="thatOrdersCanBeAddedAndQueried" time="0.263" classname="com.sprhib.TestService"/>
  <testcase name="thatOrdersCanBeAddedAndQueried" time="0.236" classname="com.sprhib.TestService"/>
  <testcase name="thatOrdersCanBeAddedAndQueried" time="0.136" classname="com.sprhib.TestService"/>
  <testcase name="thatOrdersCanBeAddedAndQueried" time="0.185" classname="com.sprhib.TestService"/>
  <testcase name="thatOrdersCanBeAddedAndQueried" time="0.166" classname="com.sprhib.TestService"/>
  <testcase name="thatOrdersCanBeAddedAndQueried" time="0.179" classname="com.sprhib.TestService"/>
  <testcase name="thatOrdersCanBeAddedAndQueried" time="0.147" classname="com.sprhib.TestService"/>
  <testcase name="thatOrdersCanBeAddedAndQueried" time="0.211" classname="com.sprhib.TestService"/>
  <testcase name="thatOrdersCanBeAddedAndQueried" time="0.160" classname="com.sprhib.TestService"/>
  <testcase name="thatOrdersCanBeAddedAndQueried" time="0.149" classname="com.sprhib.TestService"/>
  <testcase name="thatOrdersCanBeAddedAndQueried" time="0.146" classname="com.sprhib.TestService"/>
  <testcase name="thatOrdersCanBeAddedAndQueried" time="0.137" classname="com.sprhib.TestService"/>
  <testcase name="thatOrdersCanBeAddedAndQueried" time="0.129" classname="com.sprhib.TestService"/>
  <testcase name="thatOrdersCanBeAddedAndQueried" time="0.153" classname="com.sprhib.TestService"/>
  <testcase name="thatOrdersCanBeAddedAndQueried" time="0.209" classname="com.sprhib.TestService"/>
  <testcase name="thatOrdersCanBeAddedAndQueried" time="0.120" classname="com.sprhib.TestService"/>
  <testcase name="thatOrdersCanBeAddedAndQueried" time="0.203" classname="com.sprhib.TestService"/>
  <testcase name="thatOrdersCanBeAddedAndQueried" time="0.178" classname="com.sprhib.TestService"/>
  <testcase name="thatOrdersCanBeAddedAndQueried" time="0.164" classname="com.sprhib.TestService"/>
  <testcase name="thatOrdersCanBeAddedAndQueried" time="0.185" classname="com.sprhib.TestService"/>
  <testcase name="thatOrdersCanBeAddedAndQueried" time="0.150" classname="com.sprhib.TestService"/>
  <testcase name="thatOrdersCanBeAddedAndQueried" time="0.214" classname="com.sprhib.TestService"/>
  <testcase name="thatOrdersCanBeAddedAndQueried" time="0.177" classname="com.sprhib.TestService"/>
  <testcase name="thatOrdersCanBeAddedAndQueried" time="0.833" classname="com.sprhib.TestService"/>
  <testcase name="thatOrdersCanBeAddedAndQueried" time="0.114" classname="com.sprhib.TestService"/>
  <testcase name="thatOrdersCanBeAddedAndQueried" time="0.177" classname="com.sprhib.TestService"/>
  <testcase name="thatOrdersCanBeAddedAndQueried" time="0.147" classname="com.sprhib.TestService"/>
  <testcase name="thatOrdersCanBeAddedAndQueried" time="0.160" classname="com.sprhib.TestService"/>
  <testcase name="thatOrdersCanBeAddedAndQueried" time="0.206" classname="com.sprhib.TestService"/>
  <testcase name="thatOrdersCanBeAddedAndQueried" time="0.191" classname="com.sprhib.TestService"/>
  <testcase name="thatOrdersCanBeAddedAndQueried" time="0.232" classname="com.sprhib.TestService"/>
  <testcase name="thatOrdersCanBeAddedAndQueried" time="0.457" classname="com.sprhib.TestService"/>
  <testcase name="thatOrdersCanBeAddedAndQueried" time="0.217" classname="com.sprhib.TestService"/>
  <testcase name="thatOrdersCanBeAddedAndQueried" time="0.204" classname="com.sprhib.TestService"/>
  <testcase name="thatOrdersCanBeAddedAndQueried" time="0.193" classname="com.sprhib.TestService"/>
  <testcase name="thatOrdersCanBeAddedAndQueried" time="0.156" classname="com.sprhib.TestService"/>
  <testcase name="thatOrdersCanBeAddedAndQueried" time="0.145" classname="com.sprhib.TestService"/>
  <testcase name="thatOrdersCanBeAddedAndQueried" time="0.213" classname="com.sprhib.TestService"/>
  <testcase name="thatOrdersCanBeAddedAndQueried" time="0.143" classname="com.sprhib.TestService"/>
  <testcase name="thatOrdersCanBeAddedAndQueried" time="0.199" classname="com.sprhib.TestService"/>
  <testcase name="thatOrdersCanBeAddedAndQueried" time="0.118" classname="com.sprhib.TestService"/>
  <testcase name="thatOrdersCanBeAddedAndQueried" time="0.163" classname="com.sprhib.TestService"/>
  <testcase name="thatOrdersCanBeAddedAndQueried" time="0.140" classname="com.sprhib.TestService"/>
  <testcase name="thatOrdersCanBeAddedAndQueried" time="0.151" classname="com.sprhib.TestService"/>
  <testcase name="thatOrdersCanBeAddedAndQueried" time="0.149" classname="com.sprhib.TestService"/>
  <testcase name="thatOrdersCanBeAddedAndQueried" time="0.164" classname="com.sprhib.TestService"/>
  <testcase name="thatOrdersCanBeAddedAndQueried" time="0.190" classname="com.sprhib.TestService"/>
  <testcase name="thatOrdersCanBeAddedAndQueried" time="0.180" classname="com.sprhib.TestService"/>
  <testcase name="thatOrdersCanBeAddedAndQueried" time="0.154" classname="com.sprhib.TestService"/>
  <testcase name="thatOrdersCanBeAddedAndQueried" time="0.164" classname="com.sprhib.TestService"/>
  <testcase name="thatOrdersCanBeAddedAndQueried" time="0.193" classname="com.sprhib.TestService"/>
  <testcase name="thatOrdersCanBeAddedAndQueried" time="0.179" classname="com.sprhib.TestService"/>
  <testcase name="thatOrdersCanBeAddedAndQueried" time="0.193" classname="com.sprhib.TestService"/>
  <testcase name="thatOrdersCanBeAddedAndQueried" time="0.032" classname="com.sprhib.TestService">
    <failure type="org.springframework.web.client.ResourceAccessException" message="I/O error on GET request for &quot;http://localhost:8080/spr-mvc-hib/convertation/-110/EUR/USD&quot;:No buffer space available (maximum connections reached?): connect; nested exception is java.net.SocketException: No buffer space available (maximum connections reached?): connect">
      <![CDATA[org.springframework.web.client.ResourceAccessException: I/O error on GET request for "http://localhost:8080/spr-mvc-hib/convertation/-110/EUR/USD":No buffer space available (maximum connections reached?): connect; nested exception is java.net.SocketException: No buffer space available (maximum connections reached?): connect
	at org.springframework.web.client.RestTemplate.doExecute(RestTemplate.java:543)
	at org.springframework.web.client.RestTemplate.execute(RestTemplate.java:489)
	at org.springframework.web.client.RestTemplate.getForEntity(RestTemplate.java:250)
	at com.sprhib.TestService.thatOrdersCanBeAddedAndQueried(TestService.java:26)
	at sun.reflect.GeneratedMethodAccessor3.invoke(Unknown Source)
	at sun.reflect.DelegatingMethodAccessorImpl.invoke(DelegatingMethodAccessorImpl.java:43)
	at java.lang.reflect.Method.invoke(Method.java:606)
	at org.testng.internal.MethodInvocationHelper.invokeMethod(MethodInvocationHelper.java:84)
	at org.testng.internal.Invoker.invokeMethod(Invoker.java:714)
	at org.testng.internal.Invoker.invokeTestMethod(Invoker.java:901)
	at org.testng.internal.Invoker.invokeTestMethods(Invoker.java:1231)
	at org.testng.internal.TestMethodWorker.invokeTestMethods(TestMethodWorker.java:127)
	at org.testng.internal.TestMethodWorker.run(TestMethodWorker.java:111)
	at org.testng.internal.thread.ThreadUtil$2.call(ThreadUtil.java:64)
	at java.util.concurrent.FutureTask.run(FutureTask.java:262)
	at java.util.concurrent.ThreadPoolExecutor.runWorker(ThreadPoolExecutor.java:1145)
	at java.util.concurrent.ThreadPoolExecutor$Worker.run(ThreadPoolExecutor.java:615)
	at java.lang.Thread.run(Thread.java:745)
Caused by: java.net.SocketException: No buffer space available (maximum connections reached?): connect
	at java.net.DualStackPlainSocketImpl.connect0(Native Method)
	at java.net.DualStackPlainSocketImpl.socketConnect(DualStackPlainSocketImpl.java:79)
	at java.net.AbstractPlainSocketImpl.doConnect(AbstractPlainSocketImpl.java:339)
	at java.net.AbstractPlainSocketImpl.connectToAddress(AbstractPlainSocketImpl.java:200)
	at java.net.AbstractPlainSocketImpl.connect(AbstractPlainSocketImpl.java:182)
	at java.net.PlainSocketImpl.connect(PlainSocketImpl.java:172)
	at java.net.SocksSocketImpl.connect(SocksSocketImpl.java:392)
	at java.net.Socket.connect(Socket.java:579)
	at java.net.Socket.connect(Socket.java:528)
	at sun.net.NetworkClient.doConnect(NetworkClient.java:180)
	at sun.net.www.http.HttpClient.openServer(HttpClient.java:432)
	at sun.net.www.http.HttpClient.openServer(HttpClient.java:527)
	at sun.net.www.http.HttpClient.<init>(HttpClient.java:211)
	at sun.net.www.http.HttpClient.New(HttpClient.java:308)
	at sun.net.www.http.HttpClient.New(HttpClient.java:326)
	at sun.net.www.protocol.http.HttpURLConnection.getNewHttpClient(HttpURLConnection.java:996)
	at sun.net.www.protocol.http.HttpURLConnection.plainConnect(HttpURLConnection.java:932)
	at sun.net.www.protocol.http.HttpURLConnection.connect(HttpURLConnection.java:850)
	at org.springframework.http.client.SimpleBufferingClientHttpRequest.executeInternal(SimpleBufferingClientHttpRequest.java:78)
	at org.springframework.http.client.AbstractBufferingClientHttpRequest.executeInternal(AbstractBufferingClientHttpRequest.java:46)
	at org.springframework.http.client.AbstractClientHttpRequest.execute(AbstractClientHttpRequest.java:52)
	at org.springframework.web.client.RestTemplate.doExecute(RestTemplate.java:527)
	... 17 more
]]>
    </failure>
  </testcase> <!-- thatOrdersCanBeAddedAndQueried -->
  <testcase name="thatOrdersCanBeAddedAndQueried" time="0.133" classname="com.sprhib.TestService"/>
  <testcase name="thatOrdersCanBeAddedAndQueried" time="0.180" classname="com.sprhib.TestService"/>
  <testcase name="thatOrdersCanBeAddedAndQueried" time="0.156" classname="com.sprhib.TestService"/>
  <testcase name="thatOrdersCanBeAddedAndQueried" time="0.159" classname="com.sprhib.TestService"/>
  <testcase name="thatOrdersCanBeAddedAndQueried" time="0.121" classname="com.sprhib.TestService"/>
  <testcase name="thatOrdersCanBeAddedAndQueried" time="0.027" classname="com.sprhib.TestService">
    <failure type="org.springframework.web.client.ResourceAccessException" message="I/O error on GET request for &quot;http://localhost:8080/spr-mvc-hib/convertation/-110/EUR/USD&quot;:No buffer space available (maximum connections reached?): connect; nested exception is java.net.SocketException: No buffer space available (maximum connections reached?): connect">
      <![CDATA[org.springframework.web.client.ResourceAccessException: I/O error on GET request for "http://localhost:8080/spr-mvc-hib/convertation/-110/EUR/USD":No buffer space available (maximum connections reached?): connect; nested exception is java.net.SocketException: No buffer space available (maximum connections reached?): connect
	at org.springframework.web.client.RestTemplate.doExecute(RestTemplate.java:543)
	at org.springframework.web.client.RestTemplate.execute(RestTemplate.java:489)
	at org.springframework.web.client.RestTemplate.getForEntity(RestTemplate.java:250)
	at com.sprhib.TestService.thatOrdersCanBeAddedAndQueried(TestService.java:26)
	at sun.reflect.GeneratedMethodAccessor3.invoke(Unknown Source)
	at sun.reflect.DelegatingMethodAccessorImpl.invoke(DelegatingMethodAccessorImpl.java:43)
	at java.lang.reflect.Method.invoke(Method.java:606)
	at org.testng.internal.MethodInvocationHelper.invokeMethod(MethodInvocationHelper.java:84)
	at org.testng.internal.Invoker.invokeMethod(Invoker.java:714)
	at org.testng.internal.Invoker.invokeTestMethod(Invoker.java:901)
	at org.testng.internal.Invoker.invokeTestMethods(Invoker.java:1231)
	at org.testng.internal.TestMethodWorker.invokeTestMethods(TestMethodWorker.java:127)
	at org.testng.internal.TestMethodWorker.run(TestMethodWorker.java:111)
	at org.testng.internal.thread.ThreadUtil$2.call(ThreadUtil.java:64)
	at java.util.concurrent.FutureTask.run(FutureTask.java:262)
	at java.util.concurrent.ThreadPoolExecutor.runWorker(ThreadPoolExecutor.java:1145)
	at java.util.concurrent.ThreadPoolExecutor$Worker.run(ThreadPoolExecutor.java:615)
	at java.lang.Thread.run(Thread.java:745)
Caused by: java.net.SocketException: No buffer space available (maximum connections reached?): connect
	at java.net.DualStackPlainSocketImpl.connect0(Native Method)
	at java.net.DualStackPlainSocketImpl.socketConnect(DualStackPlainSocketImpl.java:79)
	at java.net.AbstractPlainSocketImpl.doConnect(AbstractPlainSocketImpl.java:339)
	at java.net.AbstractPlainSocketImpl.connectToAddress(AbstractPlainSocketImpl.java:200)
	at java.net.AbstractPlainSocketImpl.connect(AbstractPlainSocketImpl.java:182)
	at java.net.PlainSocketImpl.connect(PlainSocketImpl.java:172)
	at java.net.SocksSocketImpl.connect(SocksSocketImpl.java:392)
	at java.net.Socket.connect(Socket.java:579)
	at java.net.Socket.connect(Socket.java:528)
	at sun.net.NetworkClient.doConnect(NetworkClient.java:180)
	at sun.net.www.http.HttpClient.openServer(HttpClient.java:432)
	at sun.net.www.http.HttpClient.openServer(HttpClient.java:527)
	at sun.net.www.http.HttpClient.<init>(HttpClient.java:211)
	at sun.net.www.http.HttpClient.New(HttpClient.java:308)
	at sun.net.www.http.HttpClient.New(HttpClient.java:326)
	at sun.net.www.protocol.http.HttpURLConnection.getNewHttpClient(HttpURLConnection.java:996)
	at sun.net.www.protocol.http.HttpURLConnection.plainConnect(HttpURLConnection.java:932)
	at sun.net.www.protocol.http.HttpURLConnection.connect(HttpURLConnection.java:850)
	at org.springframework.http.client.SimpleBufferingClientHttpRequest.executeInternal(SimpleBufferingClientHttpRequest.java:78)
	at org.springframework.http.client.AbstractBufferingClientHttpRequest.executeInternal(AbstractBufferingClientHttpRequest.java:46)
	at org.springframework.http.client.AbstractClientHttpRequest.execute(AbstractClientHttpRequest.java:52)
	at org.springframework.web.client.RestTemplate.doExecute(RestTemplate.java:527)
	... 17 more
]]>
    </failure>
  </testcase> <!-- thatOrdersCanBeAddedAndQueried -->
  <testcase name="thatOrdersCanBeAddedAndQueried" time="0.021" classname="com.sprhib.TestService">
    <failure type="org.springframework.web.client.ResourceAccessException" message="I/O error on GET request for &quot;http://localhost:8080/spr-mvc-hib/convertation/-110/EUR/USD&quot;:No buffer space available (maximum connections reached?): connect; nested exception is java.net.SocketException: No buffer space available (maximum connections reached?): connect">
      <![CDATA[org.springframework.web.client.ResourceAccessException: I/O error on GET request for "http://localhost:8080/spr-mvc-hib/convertation/-110/EUR/USD":No buffer space available (maximum connections reached?): connect; nested exception is java.net.SocketException: No buffer space available (maximum connections reached?): connect
	at org.springframework.web.client.RestTemplate.doExecute(RestTemplate.java:543)
	at org.springframework.web.client.RestTemplate.execute(RestTemplate.java:489)
	at org.springframework.web.client.RestTemplate.getForEntity(RestTemplate.java:250)
	at com.sprhib.TestService.thatOrdersCanBeAddedAndQueried(TestService.java:26)
	at sun.reflect.GeneratedMethodAccessor3.invoke(Unknown Source)
	at sun.reflect.DelegatingMethodAccessorImpl.invoke(DelegatingMethodAccessorImpl.java:43)
	at java.lang.reflect.Method.invoke(Method.java:606)
	at org.testng.internal.MethodInvocationHelper.invokeMethod(MethodInvocationHelper.java:84)
	at org.testng.internal.Invoker.invokeMethod(Invoker.java:714)
	at org.testng.internal.Invoker.invokeTestMethod(Invoker.java:901)
	at org.testng.internal.Invoker.invokeTestMethods(Invoker.java:1231)
	at org.testng.internal.TestMethodWorker.invokeTestMethods(TestMethodWorker.java:127)
	at org.testng.internal.TestMethodWorker.run(TestMethodWorker.java:111)
	at org.testng.internal.thread.ThreadUtil$2.call(ThreadUtil.java:64)
	at java.util.concurrent.FutureTask.run(FutureTask.java:262)
	at java.util.concurrent.ThreadPoolExecutor.runWorker(ThreadPoolExecutor.java:1145)
	at java.util.concurrent.ThreadPoolExecutor$Worker.run(ThreadPoolExecutor.java:615)
	at java.lang.Thread.run(Thread.java:745)
Caused by: java.net.SocketException: No buffer space available (maximum connections reached?): connect
	at java.net.DualStackPlainSocketImpl.connect0(Native Method)
	at java.net.DualStackPlainSocketImpl.socketConnect(DualStackPlainSocketImpl.java:79)
	at java.net.AbstractPlainSocketImpl.doConnect(AbstractPlainSocketImpl.java:339)
	at java.net.AbstractPlainSocketImpl.connectToAddress(AbstractPlainSocketImpl.java:200)
	at java.net.AbstractPlainSocketImpl.connect(AbstractPlainSocketImpl.java:182)
	at java.net.PlainSocketImpl.connect(PlainSocketImpl.java:172)
	at java.net.SocksSocketImpl.connect(SocksSocketImpl.java:392)
	at java.net.Socket.connect(Socket.java:579)
	at java.net.Socket.connect(Socket.java:528)
	at sun.net.NetworkClient.doConnect(NetworkClient.java:180)
	at sun.net.www.http.HttpClient.openServer(HttpClient.java:432)
	at sun.net.www.http.HttpClient.openServer(HttpClient.java:527)
	at sun.net.www.http.HttpClient.<init>(HttpClient.java:211)
	at sun.net.www.http.HttpClient.New(HttpClient.java:308)
	at sun.net.www.http.HttpClient.New(HttpClient.java:326)
	at sun.net.www.protocol.http.HttpURLConnection.getNewHttpClient(HttpURLConnection.java:996)
	at sun.net.www.protocol.http.HttpURLConnection.plainConnect(HttpURLConnection.java:932)
	at sun.net.www.protocol.http.HttpURLConnection.connect(HttpURLConnection.java:850)
	at org.springframework.http.client.SimpleBufferingClientHttpRequest.executeInternal(SimpleBufferingClientHttpRequest.java:78)
	at org.springframework.http.client.AbstractBufferingClientHttpRequest.executeInternal(AbstractBufferingClientHttpRequest.java:46)
	at org.springframework.http.client.AbstractClientHttpRequest.execute(AbstractClientHttpRequest.java:52)
	at org.springframework.web.client.RestTemplate.doExecute(RestTemplate.java:527)
	... 17 more
]]>
    </failure>
  </testcase> <!-- thatOrdersCanBeAddedAndQueried -->
  <testcase name="thatOrdersCanBeAddedAndQueried" time="0.144" classname="com.sprhib.TestService"/>
  <testcase name="thatOrdersCanBeAddedAndQueried" time="0.168" classname="com.sprhib.TestService"/>
  <testcase name="thatOrdersCanBeAddedAndQueried" time="0.183" classname="com.sprhib.TestService"/>
  <testcase name="thatOrdersCanBeAddedAndQueried" time="0.205" classname="com.sprhib.TestService"/>
  <testcase name="thatOrdersCanBeAddedAndQueried" time="0.114" classname="com.sprhib.TestService"/>
  <testcase name="thatOrdersCanBeAddedAndQueried" time="0.211" classname="com.sprhib.TestService"/>
  <testcase name="thatOrdersCanBeAddedAndQueried" time="0.283" classname="com.sprhib.TestService"/>
  <testcase name="thatOrdersCanBeAddedAndQueried" time="0.040" classname="com.sprhib.TestService">
    <failure type="org.springframework.web.client.ResourceAccessException" message="I/O error on GET request for &quot;http://localhost:8080/spr-mvc-hib/convertation/-110/EUR/USD&quot;:No buffer space available (maximum connections reached?): connect; nested exception is java.net.SocketException: No buffer space available (maximum connections reached?): connect">
      <![CDATA[org.springframework.web.client.ResourceAccessException: I/O error on GET request for "http://localhost:8080/spr-mvc-hib/convertation/-110/EUR/USD":No buffer space available (maximum connections reached?): connect; nested exception is java.net.SocketException: No buffer space available (maximum connections reached?): connect
	at org.springframework.web.client.RestTemplate.doExecute(RestTemplate.java:543)
	at org.springframework.web.client.RestTemplate.execute(RestTemplate.java:489)
	at org.springframework.web.client.RestTemplate.getForEntity(RestTemplate.java:250)
	at com.sprhib.TestService.thatOrdersCanBeAddedAndQueried(TestService.java:26)
	at sun.reflect.GeneratedMethodAccessor3.invoke(Unknown Source)
	at sun.reflect.DelegatingMethodAccessorImpl.invoke(DelegatingMethodAccessorImpl.java:43)
	at java.lang.reflect.Method.invoke(Method.java:606)
	at org.testng.internal.MethodInvocationHelper.invokeMethod(MethodInvocationHelper.java:84)
	at org.testng.internal.Invoker.invokeMethod(Invoker.java:714)
	at org.testng.internal.Invoker.invokeTestMethod(Invoker.java:901)
	at org.testng.internal.Invoker.invokeTestMethods(Invoker.java:1231)
	at org.testng.internal.TestMethodWorker.invokeTestMethods(TestMethodWorker.java:127)
	at org.testng.internal.TestMethodWorker.run(TestMethodWorker.java:111)
	at org.testng.internal.thread.ThreadUtil$2.call(ThreadUtil.java:64)
	at java.util.concurrent.FutureTask.run(FutureTask.java:262)
	at java.util.concurrent.ThreadPoolExecutor.runWorker(ThreadPoolExecutor.java:1145)
	at java.util.concurrent.ThreadPoolExecutor$Worker.run(ThreadPoolExecutor.java:615)
	at java.lang.Thread.run(Thread.java:745)
Caused by: java.net.SocketException: No buffer space available (maximum connections reached?): connect
	at java.net.DualStackPlainSocketImpl.connect0(Native Method)
	at java.net.DualStackPlainSocketImpl.socketConnect(DualStackPlainSocketImpl.java:79)
	at java.net.AbstractPlainSocketImpl.doConnect(AbstractPlainSocketImpl.java:339)
	at java.net.AbstractPlainSocketImpl.connectToAddress(AbstractPlainSocketImpl.java:200)
	at java.net.AbstractPlainSocketImpl.connect(AbstractPlainSocketImpl.java:182)
	at java.net.PlainSocketImpl.connect(PlainSocketImpl.java:172)
	at java.net.SocksSocketImpl.connect(SocksSocketImpl.java:392)
	at java.net.Socket.connect(Socket.java:579)
	at java.net.Socket.connect(Socket.java:528)
	at sun.net.NetworkClient.doConnect(NetworkClient.java:180)
	at sun.net.www.http.HttpClient.openServer(HttpClient.java:432)
	at sun.net.www.http.HttpClient.openServer(HttpClient.java:527)
	at sun.net.www.http.HttpClient.<init>(HttpClient.java:211)
	at sun.net.www.http.HttpClient.New(HttpClient.java:308)
	at sun.net.www.http.HttpClient.New(HttpClient.java:326)
	at sun.net.www.protocol.http.HttpURLConnection.getNewHttpClient(HttpURLConnection.java:996)
	at sun.net.www.protocol.http.HttpURLConnection.plainConnect(HttpURLConnection.java:932)
	at sun.net.www.protocol.http.HttpURLConnection.connect(HttpURLConnection.java:850)
	at org.springframework.http.client.SimpleBufferingClientHttpRequest.executeInternal(SimpleBufferingClientHttpRequest.java:78)
	at org.springframework.http.client.AbstractBufferingClientHttpRequest.executeInternal(AbstractBufferingClientHttpRequest.java:46)
	at org.springframework.http.client.AbstractClientHttpRequest.execute(AbstractClientHttpRequest.java:52)
	at org.springframework.web.client.RestTemplate.doExecute(RestTemplate.java:527)
	... 17 more
]]>
    </failure>
  </testcase> <!-- thatOrdersCanBeAddedAndQueried -->
  <testcase name="thatOrdersCanBeAddedAndQueried" time="0.197" classname="com.sprhib.TestService"/>
  <testcase name="thatOrdersCanBeAddedAndQueried" time="0.190" classname="com.sprhib.TestService">
    <failure type="org.springframework.web.client.HttpServerErrorException" message="500 Internal Server Error">
      <![CDATA[org.springframework.web.client.HttpServerErrorException: 500 Internal Server Error
	at org.springframework.web.client.DefaultResponseErrorHandler.handleError(DefaultResponseErrorHandler.java:94)
	at org.springframework.web.client.RestTemplate.handleResponseError(RestTemplate.java:576)
	at org.springframework.web.client.RestTemplate.doExecute(RestTemplate.java:532)
	at org.springframework.web.client.RestTemplate.execute(RestTemplate.java:489)
	at org.springframework.web.client.RestTemplate.getForEntity(RestTemplate.java:250)
	at com.sprhib.TestService.thatOrdersCanBeAddedAndQueried(TestService.java:44)
	at sun.reflect.GeneratedMethodAccessor3.invoke(Unknown Source)
	at sun.reflect.DelegatingMethodAccessorImpl.invoke(DelegatingMethodAccessorImpl.java:43)
	at java.lang.reflect.Method.invoke(Method.java:606)
	at org.testng.internal.MethodInvocationHelper.invokeMethod(MethodInvocationHelper.java:84)
	at org.testng.internal.Invoker.invokeMethod(Invoker.java:714)
	at org.testng.internal.Invoker.invokeTestMethod(Invoker.java:901)
	at org.testng.internal.Invoker.invokeTestMethods(Invoker.java:1231)
	at org.testng.internal.TestMethodWorker.invokeTestMethods(TestMethodWorker.java:127)
	at org.testng.internal.TestMethodWorker.run(TestMethodWorker.java:111)
	at org.testng.internal.thread.ThreadUtil$2.call(ThreadUtil.java:64)
	at java.util.concurrent.FutureTask.run(FutureTask.java:262)
	at java.util.concurrent.ThreadPoolExecutor.runWorker(ThreadPoolExecutor.java:1145)
	at java.util.concurrent.ThreadPoolExecutor$Worker.run(ThreadPoolExecutor.java:615)
	at java.lang.Thread.run(Thread.java:745)
]]>
    </failure>
  </testcase> <!-- thatOrdersCanBeAddedAndQueried -->
  <testcase name="thatOrdersCanBeAddedAndQueried" time="0.217" classname="com.sprhib.TestService"/>
  <testcase name="thatOrdersCanBeAddedAndQueried" time="0.219" classname="com.sprhib.TestService"/>
  <testcase name="thatOrdersCanBeAddedAndQueried" time="0.264" classname="com.sprhib.TestService"/>
  <testcase name="thatOrdersCanBeAddedAndQueried" time="0.211" classname="com.sprhib.TestService"/>
  <testcase name="thatOrdersCanBeAddedAndQueried" time="0.130" classname="com.sprhib.TestService"/>
  <testcase name="thatOrdersCanBeAddedAndQueried" time="0.248" classname="com.sprhib.TestService"/>
  <testcase name="thatOrdersCanBeAddedAndQueried" time="0.137" classname="com.sprhib.TestService"/>
  <testcase name="thatOrdersCanBeAddedAndQueried" time="0.277" classname="com.sprhib.TestService"/>
  <testcase name="thatOrdersCanBeAddedAndQueried" time="0.166" classname="com.sprhib.TestService"/>
  <testcase name="thatOrdersCanBeAddedAndQueried" time="0.141" classname="com.sprhib.TestService"/>
  <testcase name="thatOrdersCanBeAddedAndQueried" time="0.164" classname="com.sprhib.TestService"/>
  <testcase name="thatOrdersCanBeAddedAndQueried" time="0.154" classname="com.sprhib.TestService"/>
  <testcase name="thatOrdersCanBeAddedAndQueried" time="0.142" classname="com.sprhib.TestService"/>
  <testcase name="thatOrdersCanBeAddedAndQueried" time="0.178" classname="com.sprhib.TestService"/>
  <testcase name="thatOrdersCanBeAddedAndQueried" time="0.192" classname="com.sprhib.TestService"/>
  <testcase name="thatOrdersCanBeAddedAndQueried" time="0.056" classname="com.sprhib.TestService">
    <failure type="org.springframework.web.client.ResourceAccessException" message="I/O error on GET request for &quot;http://localhost:8080/spr-mvc-hib/convertation/-110/EUR/USD&quot;:No buffer space available (maximum connections reached?): connect; nested exception is java.net.SocketException: No buffer space available (maximum connections reached?): connect">
      <![CDATA[org.springframework.web.client.ResourceAccessException: I/O error on GET request for "http://localhost:8080/spr-mvc-hib/convertation/-110/EUR/USD":No buffer space available (maximum connections reached?): connect; nested exception is java.net.SocketException: No buffer space available (maximum connections reached?): connect
	at org.springframework.web.client.RestTemplate.doExecute(RestTemplate.java:543)
	at org.springframework.web.client.RestTemplate.execute(RestTemplate.java:489)
	at org.springframework.web.client.RestTemplate.getForEntity(RestTemplate.java:250)
	at com.sprhib.TestService.thatOrdersCanBeAddedAndQueried(TestService.java:26)
	at sun.reflect.GeneratedMethodAccessor3.invoke(Unknown Source)
	at sun.reflect.DelegatingMethodAccessorImpl.invoke(DelegatingMethodAccessorImpl.java:43)
	at java.lang.reflect.Method.invoke(Method.java:606)
	at org.testng.internal.MethodInvocationHelper.invokeMethod(MethodInvocationHelper.java:84)
	at org.testng.internal.Invoker.invokeMethod(Invoker.java:714)
	at org.testng.internal.Invoker.invokeTestMethod(Invoker.java:901)
	at org.testng.internal.Invoker.invokeTestMethods(Invoker.java:1231)
	at org.testng.internal.TestMethodWorker.invokeTestMethods(TestMethodWorker.java:127)
	at org.testng.internal.TestMethodWorker.run(TestMethodWorker.java:111)
	at org.testng.internal.thread.ThreadUtil$2.call(ThreadUtil.java:64)
	at java.util.concurrent.FutureTask.run(FutureTask.java:262)
	at java.util.concurrent.ThreadPoolExecutor.runWorker(ThreadPoolExecutor.java:1145)
	at java.util.concurrent.ThreadPoolExecutor$Worker.run(ThreadPoolExecutor.java:615)
	at java.lang.Thread.run(Thread.java:745)
Caused by: java.net.SocketException: No buffer space available (maximum connections reached?): connect
	at java.net.DualStackPlainSocketImpl.connect0(Native Method)
	at java.net.DualStackPlainSocketImpl.socketConnect(DualStackPlainSocketImpl.java:79)
	at java.net.AbstractPlainSocketImpl.doConnect(AbstractPlainSocketImpl.java:339)
	at java.net.AbstractPlainSocketImpl.connectToAddress(AbstractPlainSocketImpl.java:200)
	at java.net.AbstractPlainSocketImpl.connect(AbstractPlainSocketImpl.java:182)
	at java.net.PlainSocketImpl.connect(PlainSocketImpl.java:172)
	at java.net.SocksSocketImpl.connect(SocksSocketImpl.java:392)
	at java.net.Socket.connect(Socket.java:579)
	at java.net.Socket.connect(Socket.java:528)
	at sun.net.NetworkClient.doConnect(NetworkClient.java:180)
	at sun.net.www.http.HttpClient.openServer(HttpClient.java:432)
	at sun.net.www.http.HttpClient.openServer(HttpClient.java:527)
	at sun.net.www.http.HttpClient.<init>(HttpClient.java:211)
	at sun.net.www.http.HttpClient.New(HttpClient.java:308)
	at sun.net.www.http.HttpClient.New(HttpClient.java:326)
	at sun.net.www.protocol.http.HttpURLConnection.getNewHttpClient(HttpURLConnection.java:996)
	at sun.net.www.protocol.http.HttpURLConnection.plainConnect(HttpURLConnection.java:932)
	at sun.net.www.protocol.http.HttpURLConnection.connect(HttpURLConnection.java:850)
	at org.springframework.http.client.SimpleBufferingClientHttpRequest.executeInternal(SimpleBufferingClientHttpRequest.java:78)
	at org.springframework.http.client.AbstractBufferingClientHttpRequest.executeInternal(AbstractBufferingClientHttpRequest.java:46)
	at org.springframework.http.client.AbstractClientHttpRequest.execute(AbstractClientHttpRequest.java:52)
	at org.springframework.web.client.RestTemplate.doExecute(RestTemplate.java:527)
	... 17 more
]]>
    </failure>
  </testcase> <!-- thatOrdersCanBeAddedAndQueried -->
  <testcase name="thatOrdersCanBeAddedAndQueried" time="0.182" classname="com.sprhib.TestService"/>
  <testcase name="thatOrdersCanBeAddedAndQueried" time="0.138" classname="com.sprhib.TestService"/>
  <testcase name="thatOrdersCanBeAddedAndQueried" time="0.264" classname="com.sprhib.TestService"/>
  <testcase name="thatOrdersCanBeAddedAndQueried" time="0.200" classname="com.sprhib.TestService"/>
  <testcase name="thatOrdersCanBeAddedAndQueried" time="0.240" classname="com.sprhib.TestService"/>
  <testcase name="thatOrdersCanBeAddedAndQueried" time="0.155" classname="com.sprhib.TestService"/>
  <testcase name="thatOrdersCanBeAddedAndQueried" time="0.137" classname="com.sprhib.TestService"/>
  <testcase name="thatOrdersCanBeAddedAndQueried" time="0.189" classname="com.sprhib.TestService"/>
  <testcase name="thatOrdersCanBeAddedAndQueried" time="0.226" classname="com.sprhib.TestService"/>
  <testcase name="thatOrdersCanBeAddedAndQueried" time="0.286" classname="com.sprhib.TestService"/>
  <testcase name="thatOrdersCanBeAddedAndQueried" time="0.190" classname="com.sprhib.TestService"/>
  <testcase name="thatOrdersCanBeAddedAndQueried" time="0.274" classname="com.sprhib.TestService"/>
  <testcase name="thatOrdersCanBeAddedAndQueried" time="0.145" classname="com.sprhib.TestService"/>
  <testcase name="thatOrdersCanBeAddedAndQueried" time="0.242" classname="com.sprhib.TestService"/>
  <testcase name="thatOrdersCanBeAddedAndQueried" time="0.195" classname="com.sprhib.TestService"/>
  <testcase name="thatOrdersCanBeAddedAndQueried" time="0.159" classname="com.sprhib.TestService"/>
  <testcase name="thatOrdersCanBeAddedAndQueried" time="0.135" classname="com.sprhib.TestService"/>
  <testcase name="thatOrdersCanBeAddedAndQueried" time="0.299" classname="com.sprhib.TestService"/>
  <testcase name="thatOrdersCanBeAddedAndQueried" time="0.282" classname="com.sprhib.TestService"/>
  <testcase name="thatOrdersCanBeAddedAndQueried" time="0.245" classname="com.sprhib.TestService"/>
  <testcase name="thatOrdersCanBeAddedAndQueried" time="0.161" classname="com.sprhib.TestService">
    <failure type="org.springframework.web.client.HttpServerErrorException" message="500 Internal Server Error">
      <![CDATA[org.springframework.web.client.HttpServerErrorException: 500 Internal Server Error
	at org.springframework.web.client.DefaultResponseErrorHandler.handleError(DefaultResponseErrorHandler.java:94)
	at org.springframework.web.client.RestTemplate.handleResponseError(RestTemplate.java:576)
	at org.springframework.web.client.RestTemplate.doExecute(RestTemplate.java:532)
	at org.springframework.web.client.RestTemplate.execute(RestTemplate.java:489)
	at org.springframework.web.client.RestTemplate.getForEntity(RestTemplate.java:250)
	at com.sprhib.TestService.thatOrdersCanBeAddedAndQueried(TestService.java:39)
	at sun.reflect.GeneratedMethodAccessor3.invoke(Unknown Source)
	at sun.reflect.DelegatingMethodAccessorImpl.invoke(DelegatingMethodAccessorImpl.java:43)
	at java.lang.reflect.Method.invoke(Method.java:606)
	at org.testng.internal.MethodInvocationHelper.invokeMethod(MethodInvocationHelper.java:84)
	at org.testng.internal.Invoker.invokeMethod(Invoker.java:714)
	at org.testng.internal.Invoker.invokeTestMethod(Invoker.java:901)
	at org.testng.internal.Invoker.invokeTestMethods(Invoker.java:1231)
	at org.testng.internal.TestMethodWorker.invokeTestMethods(TestMethodWorker.java:127)
	at org.testng.internal.TestMethodWorker.run(TestMethodWorker.java:111)
	at org.testng.internal.thread.ThreadUtil$2.call(ThreadUtil.java:64)
	at java.util.concurrent.FutureTask.run(FutureTask.java:262)
	at java.util.concurrent.ThreadPoolExecutor.runWorker(ThreadPoolExecutor.java:1145)
	at java.util.concurrent.ThreadPoolExecutor$Worker.run(ThreadPoolExecutor.java:615)
	at java.lang.Thread.run(Thread.java:745)
]]>
    </failure>
  </testcase> <!-- thatOrdersCanBeAddedAndQueried -->
  <testcase name="thatOrdersCanBeAddedAndQueried" time="0.226" classname="com.sprhib.TestService"/>
  <testcase name="thatOrdersCanBeAddedAndQueried" time="0.170" classname="com.sprhib.TestService"/>
  <testcase name="thatOrdersCanBeAddedAndQueried" time="0.282" classname="com.sprhib.TestService"/>
  <testcase name="thatOrdersCanBeAddedAndQueried" time="0.148" classname="com.sprhib.TestService"/>
  <testcase name="thatOrdersCanBeAddedAndQueried" time="0.119" classname="com.sprhib.TestService"/>
  <testcase name="thatOrdersCanBeAddedAndQueried" time="0.191" classname="com.sprhib.TestService"/>
  <testcase name="thatOrdersCanBeAddedAndQueried" time="0.147" classname="com.sprhib.TestService"/>
  <testcase name="thatOrdersCanBeAddedAndQueried" time="0.141" classname="com.sprhib.TestService"/>
  <testcase name="thatOrdersCanBeAddedAndQueried" time="0.271" classname="com.sprhib.TestService"/>
  <testcase name="thatOrdersCanBeAddedAndQueried" time="0.278" classname="com.sprhib.TestService"/>
  <testcase name="thatOrdersCanBeAddedAndQueried" time="0.066" classname="com.sprhib.TestService">
    <failure type="org.springframework.web.client.HttpServerErrorException" message="500 Internal Server Error">
      <![CDATA[org.springframework.web.client.HttpServerErrorException: 500 Internal Server Error
	at org.springframework.web.client.DefaultResponseErrorHandler.handleError(DefaultResponseErrorHandler.java:94)
	at org.springframework.web.client.RestTemplate.handleResponseError(RestTemplate.java:576)
	at org.springframework.web.client.RestTemplate.doExecute(RestTemplate.java:532)
	at org.springframework.web.client.RestTemplate.execute(RestTemplate.java:489)
	at org.springframework.web.client.RestTemplate.getForEntity(RestTemplate.java:250)
	at com.sprhib.TestService.thatOrdersCanBeAddedAndQueried(TestService.java:39)
	at sun.reflect.GeneratedMethodAccessor3.invoke(Unknown Source)
	at sun.reflect.DelegatingMethodAccessorImpl.invoke(DelegatingMethodAccessorImpl.java:43)
	at java.lang.reflect.Method.invoke(Method.java:606)
	at org.testng.internal.MethodInvocationHelper.invokeMethod(MethodInvocationHelper.java:84)
	at org.testng.internal.Invoker.invokeMethod(Invoker.java:714)
	at org.testng.internal.Invoker.invokeTestMethod(Invoker.java:901)
	at org.testng.internal.Invoker.invokeTestMethods(Invoker.java:1231)
	at org.testng.internal.TestMethodWorker.invokeTestMethods(TestMethodWorker.java:127)
	at org.testng.internal.TestMethodWorker.run(TestMethodWorker.java:111)
	at org.testng.internal.thread.ThreadUtil$2.call(ThreadUtil.java:64)
	at java.util.concurrent.FutureTask.run(FutureTask.java:262)
	at java.util.concurrent.ThreadPoolExecutor.runWorker(ThreadPoolExecutor.java:1145)
	at java.util.concurrent.ThreadPoolExecutor$Worker.run(ThreadPoolExecutor.java:615)
	at java.lang.Thread.run(Thread.java:745)
]]>
    </failure>
  </testcase> <!-- thatOrdersCanBeAddedAndQueried -->
  <testcase name="thatOrdersCanBeAddedAndQueried" time="0.127" classname="com.sprhib.TestService"/>
  <testcase name="thatOrdersCanBeAddedAndQueried" time="0.295" classname="com.sprhib.TestService"/>
  <testcase name="thatOrdersCanBeAddedAndQueried" time="0.089" classname="com.sprhib.TestService">
    <failure type="org.springframework.web.client.ResourceAccessException" message="I/O error on GET request for &quot;http://localhost:8080/spr-mvc-hib/convertation/-110/EUR/USD&quot;:No buffer space available (maximum connections reached?): connect; nested exception is java.net.SocketException: No buffer space available (maximum connections reached?): connect">
      <![CDATA[org.springframework.web.client.ResourceAccessException: I/O error on GET request for "http://localhost:8080/spr-mvc-hib/convertation/-110/EUR/USD":No buffer space available (maximum connections reached?): connect; nested exception is java.net.SocketException: No buffer space available (maximum connections reached?): connect
	at org.springframework.web.client.RestTemplate.doExecute(RestTemplate.java:543)
	at org.springframework.web.client.RestTemplate.execute(RestTemplate.java:489)
	at org.springframework.web.client.RestTemplate.getForEntity(RestTemplate.java:250)
	at com.sprhib.TestService.thatOrdersCanBeAddedAndQueried(TestService.java:26)
	at sun.reflect.GeneratedMethodAccessor3.invoke(Unknown Source)
	at sun.reflect.DelegatingMethodAccessorImpl.invoke(DelegatingMethodAccessorImpl.java:43)
	at java.lang.reflect.Method.invoke(Method.java:606)
	at org.testng.internal.MethodInvocationHelper.invokeMethod(MethodInvocationHelper.java:84)
	at org.testng.internal.Invoker.invokeMethod(Invoker.java:714)
	at org.testng.internal.Invoker.invokeTestMethod(Invoker.java:901)
	at org.testng.internal.Invoker.invokeTestMethods(Invoker.java:1231)
	at org.testng.internal.TestMethodWorker.invokeTestMethods(TestMethodWorker.java:127)
	at org.testng.internal.TestMethodWorker.run(TestMethodWorker.java:111)
	at org.testng.internal.thread.ThreadUtil$2.call(ThreadUtil.java:64)
	at java.util.concurrent.FutureTask.run(FutureTask.java:262)
	at java.util.concurrent.ThreadPoolExecutor.runWorker(ThreadPoolExecutor.java:1145)
	at java.util.concurrent.ThreadPoolExecutor$Worker.run(ThreadPoolExecutor.java:615)
	at java.lang.Thread.run(Thread.java:745)
Caused by: java.net.SocketException: No buffer space available (maximum connections reached?): connect
	at java.net.DualStackPlainSocketImpl.connect0(Native Method)
	at java.net.DualStackPlainSocketImpl.socketConnect(DualStackPlainSocketImpl.java:79)
	at java.net.AbstractPlainSocketImpl.doConnect(AbstractPlainSocketImpl.java:339)
	at java.net.AbstractPlainSocketImpl.connectToAddress(AbstractPlainSocketImpl.java:200)
	at java.net.AbstractPlainSocketImpl.connect(AbstractPlainSocketImpl.java:182)
	at java.net.PlainSocketImpl.connect(PlainSocketImpl.java:172)
	at java.net.SocksSocketImpl.connect(SocksSocketImpl.java:392)
	at java.net.Socket.connect(Socket.java:579)
	at java.net.Socket.connect(Socket.java:528)
	at sun.net.NetworkClient.doConnect(NetworkClient.java:180)
	at sun.net.www.http.HttpClient.openServer(HttpClient.java:432)
	at sun.net.www.http.HttpClient.openServer(HttpClient.java:527)
	at sun.net.www.http.HttpClient.<init>(HttpClient.java:211)
	at sun.net.www.http.HttpClient.New(HttpClient.java:308)
	at sun.net.www.http.HttpClient.New(HttpClient.java:326)
	at sun.net.www.protocol.http.HttpURLConnection.getNewHttpClient(HttpURLConnection.java:996)
	at sun.net.www.protocol.http.HttpURLConnection.plainConnect(HttpURLConnection.java:932)
	at sun.net.www.protocol.http.HttpURLConnection.connect(HttpURLConnection.java:850)
	at org.springframework.http.client.SimpleBufferingClientHttpRequest.executeInternal(SimpleBufferingClientHttpRequest.java:78)
	at org.springframework.http.client.AbstractBufferingClientHttpRequest.executeInternal(AbstractBufferingClientHttpRequest.java:46)
	at org.springframework.http.client.AbstractClientHttpRequest.execute(AbstractClientHttpRequest.java:52)
	at org.springframework.web.client.RestTemplate.doExecute(RestTemplate.java:527)
	... 17 more
]]>
    </failure>
  </testcase> <!-- thatOrdersCanBeAddedAndQueried -->
  <testcase name="thatOrdersCanBeAddedAndQueried" time="0.153" classname="com.sprhib.TestService"/>
  <testcase name="thatOrdersCanBeAddedAndQueried" time="0.212" classname="com.sprhib.TestService"/>
  <testcase name="thatOrdersCanBeAddedAndQueried" time="0.141" classname="com.sprhib.TestService"/>
  <testcase name="thatOrdersCanBeAddedAndQueried" time="0.148" classname="com.sprhib.TestService"/>
  <testcase name="thatOrdersCanBeAddedAndQueried" time="0.278" classname="com.sprhib.TestService"/>
  <testcase name="thatOrdersCanBeAddedAndQueried" time="0.144" classname="com.sprhib.TestService"/>
  <testcase name="thatOrdersCanBeAddedAndQueried" time="0.150" classname="com.sprhib.TestService"/>
  <testcase name="thatOrdersCanBeAddedAndQueried" time="0.291" classname="com.sprhib.TestService"/>
  <testcase name="thatOrdersCanBeAddedAndQueried" time="0.185" classname="com.sprhib.TestService"/>
  <testcase name="thatOrdersCanBeAddedAndQueried" time="0.142" classname="com.sprhib.TestService"/>
  <testcase name="thatOrdersCanBeAddedAndQueried" time="0.175" classname="com.sprhib.TestService"/>
  <testcase name="thatOrdersCanBeAddedAndQueried" time="0.292" classname="com.sprhib.TestService"/>
  <testcase name="thatOrdersCanBeAddedAndQueried" time="0.325" classname="com.sprhib.TestService"/>
  <testcase name="thatOrdersCanBeAddedAndQueried" time="0.142" classname="com.sprhib.TestService"/>
  <testcase name="thatOrdersCanBeAddedAndQueried" time="0.013" classname="com.sprhib.TestService">
    <failure type="org.springframework.web.client.ResourceAccessException" message="I/O error on GET request for &quot;http://localhost:8080/spr-mvc-hib/convertation/-110/EUR/USD&quot;:No buffer space available (maximum connections reached?): connect; nested exception is java.net.SocketException: No buffer space available (maximum connections reached?): connect">
      <![CDATA[org.springframework.web.client.ResourceAccessException: I/O error on GET request for "http://localhost:8080/spr-mvc-hib/convertation/-110/EUR/USD":No buffer space available (maximum connections reached?): connect; nested exception is java.net.SocketException: No buffer space available (maximum connections reached?): connect
	at org.springframework.web.client.RestTemplate.doExecute(RestTemplate.java:543)
	at org.springframework.web.client.RestTemplate.execute(RestTemplate.java:489)
	at org.springframework.web.client.RestTemplate.getForEntity(RestTemplate.java:250)
	at com.sprhib.TestService.thatOrdersCanBeAddedAndQueried(TestService.java:26)
	at sun.reflect.GeneratedMethodAccessor3.invoke(Unknown Source)
	at sun.reflect.DelegatingMethodAccessorImpl.invoke(DelegatingMethodAccessorImpl.java:43)
	at java.lang.reflect.Method.invoke(Method.java:606)
	at org.testng.internal.MethodInvocationHelper.invokeMethod(MethodInvocationHelper.java:84)
	at org.testng.internal.Invoker.invokeMethod(Invoker.java:714)
	at org.testng.internal.Invoker.invokeTestMethod(Invoker.java:901)
	at org.testng.internal.Invoker.invokeTestMethods(Invoker.java:1231)
	at org.testng.internal.TestMethodWorker.invokeTestMethods(TestMethodWorker.java:127)
	at org.testng.internal.TestMethodWorker.run(TestMethodWorker.java:111)
	at org.testng.internal.thread.ThreadUtil$2.call(ThreadUtil.java:64)
	at java.util.concurrent.FutureTask.run(FutureTask.java:262)
	at java.util.concurrent.ThreadPoolExecutor.runWorker(ThreadPoolExecutor.java:1145)
	at java.util.concurrent.ThreadPoolExecutor$Worker.run(ThreadPoolExecutor.java:615)
	at java.lang.Thread.run(Thread.java:745)
Caused by: java.net.SocketException: No buffer space available (maximum connections reached?): connect
	at java.net.DualStackPlainSocketImpl.connect0(Native Method)
	at java.net.DualStackPlainSocketImpl.socketConnect(DualStackPlainSocketImpl.java:79)
	at java.net.AbstractPlainSocketImpl.doConnect(AbstractPlainSocketImpl.java:339)
	at java.net.AbstractPlainSocketImpl.connectToAddress(AbstractPlainSocketImpl.java:200)
	at java.net.AbstractPlainSocketImpl.connect(AbstractPlainSocketImpl.java:182)
	at java.net.PlainSocketImpl.connect(PlainSocketImpl.java:172)
	at java.net.SocksSocketImpl.connect(SocksSocketImpl.java:392)
	at java.net.Socket.connect(Socket.java:579)
	at java.net.Socket.connect(Socket.java:528)
	at sun.net.NetworkClient.doConnect(NetworkClient.java:180)
	at sun.net.www.http.HttpClient.openServer(HttpClient.java:432)
	at sun.net.www.http.HttpClient.openServer(HttpClient.java:527)
	at sun.net.www.http.HttpClient.<init>(HttpClient.java:211)
	at sun.net.www.http.HttpClient.New(HttpClient.java:308)
	at sun.net.www.http.HttpClient.New(HttpClient.java:326)
	at sun.net.www.protocol.http.HttpURLConnection.getNewHttpClient(HttpURLConnection.java:996)
	at sun.net.www.protocol.http.HttpURLConnection.plainConnect(HttpURLConnection.java:932)
	at sun.net.www.protocol.http.HttpURLConnection.connect(HttpURLConnection.java:850)
	at org.springframework.http.client.SimpleBufferingClientHttpRequest.executeInternal(SimpleBufferingClientHttpRequest.java:78)
	at org.springframework.http.client.AbstractBufferingClientHttpRequest.executeInternal(AbstractBufferingClientHttpRequest.java:46)
	at org.springframework.http.client.AbstractClientHttpRequest.execute(AbstractClientHttpRequest.java:52)
	at org.springframework.web.client.RestTemplate.doExecute(RestTemplate.java:527)
	... 17 more
]]>
    </failure>
  </testcase> <!-- thatOrdersCanBeAddedAndQueried -->
  <testcase name="thatOrdersCanBeAddedAndQueried" time="0.205" classname="com.sprhib.TestService"/>
  <testcase name="thatOrdersCanBeAddedAndQueried" time="0.250" classname="com.sprhib.TestService"/>
  <testcase name="thatOrdersCanBeAddedAndQueried" time="0.117" classname="com.sprhib.TestService"/>
  <testcase name="thatOrdersCanBeAddedAndQueried" time="0.218" classname="com.sprhib.TestService"/>
  <testcase name="thatOrdersCanBeAddedAndQueried" time="0.189" classname="com.sprhib.TestService"/>
  <testcase name="thatOrdersCanBeAddedAndQueried" time="0.143" classname="com.sprhib.TestService"/>
  <testcase name="thatOrdersCanBeAddedAndQueried" time="0.458" classname="com.sprhib.TestService"/>
  <testcase name="thatOrdersCanBeAddedAndQueried" time="0.197" classname="com.sprhib.TestService"/>
  <testcase name="thatOrdersCanBeAddedAndQueried" time="0.176" classname="com.sprhib.TestService"/>
  <testcase name="thatOrdersCanBeAddedAndQueried" time="0.153" classname="com.sprhib.TestService"/>
  <testcase name="thatOrdersCanBeAddedAndQueried" time="0.223" classname="com.sprhib.TestService"/>
  <testcase name="thatOrdersCanBeAddedAndQueried" time="0.188" classname="com.sprhib.TestService"/>
  <testcase name="thatOrdersCanBeAddedAndQueried" time="0.187" classname="com.sprhib.TestService"/>
  <testcase name="thatOrdersCanBeAddedAndQueried" time="0.263" classname="com.sprhib.TestService"/>
  <testcase name="thatOrdersCanBeAddedAndQueried" time="0.185" classname="com.sprhib.TestService"/>
  <testcase name="thatOrdersCanBeAddedAndQueried" time="0.174" classname="com.sprhib.TestService"/>
  <testcase name="thatOrdersCanBeAddedAndQueried" time="0.187" classname="com.sprhib.TestService"/>
  <testcase name="thatOrdersCanBeAddedAndQueried" time="0.142" classname="com.sprhib.TestService"/>
  <testcase name="thatOrdersCanBeAddedAndQueried" time="0.148" classname="com.sprhib.TestService"/>
  <testcase name="thatOrdersCanBeAddedAndQueried" time="0.108" classname="com.sprhib.TestService"/>
  <testcase name="thatOrdersCanBeAddedAndQueried" time="0.452" classname="com.sprhib.TestService"/>
  <testcase name="thatOrdersCanBeAddedAndQueried" time="0.169" classname="com.sprhib.TestService"/>
  <testcase name="thatOrdersCanBeAddedAndQueried" time="0.210" classname="com.sprhib.TestService"/>
  <testcase name="thatOrdersCanBeAddedAndQueried" time="0.104" classname="com.sprhib.TestService"/>
  <testcase name="thatOrdersCanBeAddedAndQueried" time="0.152" classname="com.sprhib.TestService"/>
  <testcase name="thatOrdersCanBeAddedAndQueried" time="0.277" classname="com.sprhib.TestService"/>
  <testcase name="thatOrdersCanBeAddedAndQueried" time="0.170" classname="com.sprhib.TestService"/>
  <testcase name="thatOrdersCanBeAddedAndQueried" time="0.123" classname="com.sprhib.TestService"/>
  <testcase name="thatOrdersCanBeAddedAndQueried" time="0.140" classname="com.sprhib.TestService"/>
  <testcase name="thatOrdersCanBeAddedAndQueried" time="0.185" classname="com.sprhib.TestService"/>
  <testcase name="thatOrdersCanBeAddedAndQueried" time="0.126" classname="com.sprhib.TestService"/>
  <testcase name="thatOrdersCanBeAddedAndQueried" time="0.226" classname="com.sprhib.TestService"/>
  <testcase name="thatOrdersCanBeAddedAndQueried" time="0.257" classname="com.sprhib.TestService"/>
  <testcase name="thatOrdersCanBeAddedAndQueried" time="0.182" classname="com.sprhib.TestService"/>
  <testcase name="thatOrdersCanBeAddedAndQueried" time="0.045" classname="com.sprhib.TestService">
    <failure type="org.springframework.web.client.ResourceAccessException" message="I/O error on GET request for &quot;http://localhost:8080/spr-mvc-hib/convertation/-110/EUR/USD&quot;:No buffer space available (maximum connections reached?): connect; nested exception is java.net.SocketException: No buffer space available (maximum connections reached?): connect">
      <![CDATA[org.springframework.web.client.ResourceAccessException: I/O error on GET request for "http://localhost:8080/spr-mvc-hib/convertation/-110/EUR/USD":No buffer space available (maximum connections reached?): connect; nested exception is java.net.SocketException: No buffer space available (maximum connections reached?): connect
	at org.springframework.web.client.RestTemplate.doExecute(RestTemplate.java:543)
	at org.springframework.web.client.RestTemplate.execute(RestTemplate.java:489)
	at org.springframework.web.client.RestTemplate.getForEntity(RestTemplate.java:250)
	at com.sprhib.TestService.thatOrdersCanBeAddedAndQueried(TestService.java:26)
	at sun.reflect.GeneratedMethodAccessor3.invoke(Unknown Source)
	at sun.reflect.DelegatingMethodAccessorImpl.invoke(DelegatingMethodAccessorImpl.java:43)
	at java.lang.reflect.Method.invoke(Method.java:606)
	at org.testng.internal.MethodInvocationHelper.invokeMethod(MethodInvocationHelper.java:84)
	at org.testng.internal.Invoker.invokeMethod(Invoker.java:714)
	at org.testng.internal.Invoker.invokeTestMethod(Invoker.java:901)
	at org.testng.internal.Invoker.invokeTestMethods(Invoker.java:1231)
	at org.testng.internal.TestMethodWorker.invokeTestMethods(TestMethodWorker.java:127)
	at org.testng.internal.TestMethodWorker.run(TestMethodWorker.java:111)
	at org.testng.internal.thread.ThreadUtil$2.call(ThreadUtil.java:64)
	at java.util.concurrent.FutureTask.run(FutureTask.java:262)
	at java.util.concurrent.ThreadPoolExecutor.runWorker(ThreadPoolExecutor.java:1145)
	at java.util.concurrent.ThreadPoolExecutor$Worker.run(ThreadPoolExecutor.java:615)
	at java.lang.Thread.run(Thread.java:745)
Caused by: java.net.SocketException: No buffer space available (maximum connections reached?): connect
	at java.net.DualStackPlainSocketImpl.connect0(Native Method)
	at java.net.DualStackPlainSocketImpl.socketConnect(DualStackPlainSocketImpl.java:79)
	at java.net.AbstractPlainSocketImpl.doConnect(AbstractPlainSocketImpl.java:339)
	at java.net.AbstractPlainSocketImpl.connectToAddress(AbstractPlainSocketImpl.java:200)
	at java.net.AbstractPlainSocketImpl.connect(AbstractPlainSocketImpl.java:182)
	at java.net.PlainSocketImpl.connect(PlainSocketImpl.java:172)
	at java.net.SocksSocketImpl.connect(SocksSocketImpl.java:392)
	at java.net.Socket.connect(Socket.java:579)
	at java.net.Socket.connect(Socket.java:528)
	at sun.net.NetworkClient.doConnect(NetworkClient.java:180)
	at sun.net.www.http.HttpClient.openServer(HttpClient.java:432)
	at sun.net.www.http.HttpClient.openServer(HttpClient.java:527)
	at sun.net.www.http.HttpClient.<init>(HttpClient.java:211)
	at sun.net.www.http.HttpClient.New(HttpClient.java:308)
	at sun.net.www.http.HttpClient.New(HttpClient.java:326)
	at sun.net.www.protocol.http.HttpURLConnection.getNewHttpClient(HttpURLConnection.java:996)
	at sun.net.www.protocol.http.HttpURLConnection.plainConnect(HttpURLConnection.java:932)
	at sun.net.www.protocol.http.HttpURLConnection.connect(HttpURLConnection.java:850)
	at org.springframework.http.client.SimpleBufferingClientHttpRequest.executeInternal(SimpleBufferingClientHttpRequest.java:78)
	at org.springframework.http.client.AbstractBufferingClientHttpRequest.executeInternal(AbstractBufferingClientHttpRequest.java:46)
	at org.springframework.http.client.AbstractClientHttpRequest.execute(AbstractClientHttpRequest.java:52)
	at org.springframework.web.client.RestTemplate.doExecute(RestTemplate.java:527)
	... 17 more
]]>
    </failure>
  </testcase> <!-- thatOrdersCanBeAddedAndQueried -->
  <testcase name="thatOrdersCanBeAddedAndQueried" time="0.168" classname="com.sprhib.TestService"/>
  <testcase name="thatOrdersCanBeAddedAndQueried" time="0.132" classname="com.sprhib.TestService"/>
  <testcase name="thatOrdersCanBeAddedAndQueried" time="0.132" classname="com.sprhib.TestService"/>
  <testcase name="thatOrdersCanBeAddedAndQueried" time="0.196" classname="com.sprhib.TestService"/>
  <testcase name="thatOrdersCanBeAddedAndQueried" time="0.254" classname="com.sprhib.TestService"/>
  <testcase name="thatOrdersCanBeAddedAndQueried" time="0.038" classname="com.sprhib.TestService">
    <failure type="org.springframework.web.client.ResourceAccessException" message="I/O error on GET request for &quot;http://localhost:8080/spr-mvc-hib/convertation/-110/EUR/USD&quot;:No buffer space available (maximum connections reached?): connect; nested exception is java.net.SocketException: No buffer space available (maximum connections reached?): connect">
      <![CDATA[org.springframework.web.client.ResourceAccessException: I/O error on GET request for "http://localhost:8080/spr-mvc-hib/convertation/-110/EUR/USD":No buffer space available (maximum connections reached?): connect; nested exception is java.net.SocketException: No buffer space available (maximum connections reached?): connect
	at org.springframework.web.client.RestTemplate.doExecute(RestTemplate.java:543)
	at org.springframework.web.client.RestTemplate.execute(RestTemplate.java:489)
	at org.springframework.web.client.RestTemplate.getForEntity(RestTemplate.java:250)
	at com.sprhib.TestService.thatOrdersCanBeAddedAndQueried(TestService.java:26)
	at sun.reflect.GeneratedMethodAccessor3.invoke(Unknown Source)
	at sun.reflect.DelegatingMethodAccessorImpl.invoke(DelegatingMethodAccessorImpl.java:43)
	at java.lang.reflect.Method.invoke(Method.java:606)
	at org.testng.internal.MethodInvocationHelper.invokeMethod(MethodInvocationHelper.java:84)
	at org.testng.internal.Invoker.invokeMethod(Invoker.java:714)
	at org.testng.internal.Invoker.invokeTestMethod(Invoker.java:901)
	at org.testng.internal.Invoker.invokeTestMethods(Invoker.java:1231)
	at org.testng.internal.TestMethodWorker.invokeTestMethods(TestMethodWorker.java:127)
	at org.testng.internal.TestMethodWorker.run(TestMethodWorker.java:111)
	at org.testng.internal.thread.ThreadUtil$2.call(ThreadUtil.java:64)
	at java.util.concurrent.FutureTask.run(FutureTask.java:262)
	at java.util.concurrent.ThreadPoolExecutor.runWorker(ThreadPoolExecutor.java:1145)
	at java.util.concurrent.ThreadPoolExecutor$Worker.run(ThreadPoolExecutor.java:615)
	at java.lang.Thread.run(Thread.java:745)
Caused by: java.net.SocketException: No buffer space available (maximum connections reached?): connect
	at java.net.DualStackPlainSocketImpl.connect0(Native Method)
	at java.net.DualStackPlainSocketImpl.socketConnect(DualStackPlainSocketImpl.java:79)
	at java.net.AbstractPlainSocketImpl.doConnect(AbstractPlainSocketImpl.java:339)
	at java.net.AbstractPlainSocketImpl.connectToAddress(AbstractPlainSocketImpl.java:200)
	at java.net.AbstractPlainSocketImpl.connect(AbstractPlainSocketImpl.java:182)
	at java.net.PlainSocketImpl.connect(PlainSocketImpl.java:172)
	at java.net.SocksSocketImpl.connect(SocksSocketImpl.java:392)
	at java.net.Socket.connect(Socket.java:579)
	at java.net.Socket.connect(Socket.java:528)
	at sun.net.NetworkClient.doConnect(NetworkClient.java:180)
	at sun.net.www.http.HttpClient.openServer(HttpClient.java:432)
	at sun.net.www.http.HttpClient.openServer(HttpClient.java:527)
	at sun.net.www.http.HttpClient.<init>(HttpClient.java:211)
	at sun.net.www.http.HttpClient.New(HttpClient.java:308)
	at sun.net.www.http.HttpClient.New(HttpClient.java:326)
	at sun.net.www.protocol.http.HttpURLConnection.getNewHttpClient(HttpURLConnection.java:996)
	at sun.net.www.protocol.http.HttpURLConnection.plainConnect(HttpURLConnection.java:932)
	at sun.net.www.protocol.http.HttpURLConnection.connect(HttpURLConnection.java:850)
	at org.springframework.http.client.SimpleBufferingClientHttpRequest.executeInternal(SimpleBufferingClientHttpRequest.java:78)
	at org.springframework.http.client.AbstractBufferingClientHttpRequest.executeInternal(AbstractBufferingClientHttpRequest.java:46)
	at org.springframework.http.client.AbstractClientHttpRequest.execute(AbstractClientHttpRequest.java:52)
	at org.springframework.web.client.RestTemplate.doExecute(RestTemplate.java:527)
	... 17 more
]]>
    </failure>
  </testcase> <!-- thatOrdersCanBeAddedAndQueried -->
  <testcase name="thatOrdersCanBeAddedAndQueried" time="0.222" classname="com.sprhib.TestService"/>
  <testcase name="thatOrdersCanBeAddedAndQueried" time="0.228" classname="com.sprhib.TestService"/>
  <testcase name="thatOrdersCanBeAddedAndQueried" time="0.230" classname="com.sprhib.TestService"/>
  <testcase name="thatOrdersCanBeAddedAndQueried" time="0.134" classname="com.sprhib.TestService"/>
  <testcase name="thatOrdersCanBeAddedAndQueried" time="0.162" classname="com.sprhib.TestService"/>
  <testcase name="thatOrdersCanBeAddedAndQueried" time="0.235" classname="com.sprhib.TestService"/>
  <testcase name="thatOrdersCanBeAddedAndQueried" time="0.147" classname="com.sprhib.TestService"/>
  <testcase name="thatOrdersCanBeAddedAndQueried" time="0.154" classname="com.sprhib.TestService"/>
  <testcase name="thatOrdersCanBeAddedAndQueried" time="0.206" classname="com.sprhib.TestService"/>
  <testcase name="thatOrdersCanBeAddedAndQueried" time="0.275" classname="com.sprhib.TestService"/>
  <testcase name="thatOrdersCanBeAddedAndQueried" time="0.181" classname="com.sprhib.TestService"/>
  <testcase name="thatOrdersCanBeAddedAndQueried" time="0.287" classname="com.sprhib.TestService"/>
  <testcase name="thatOrdersCanBeAddedAndQueried" time="0.027" classname="com.sprhib.TestService">
    <failure type="org.springframework.web.client.ResourceAccessException" message="I/O error on GET request for &quot;http://localhost:8080/spr-mvc-hib/convertation/-110/EUR/USD&quot;:No buffer space available (maximum connections reached?): connect; nested exception is java.net.SocketException: No buffer space available (maximum connections reached?): connect">
      <![CDATA[org.springframework.web.client.ResourceAccessException: I/O error on GET request for "http://localhost:8080/spr-mvc-hib/convertation/-110/EUR/USD":No buffer space available (maximum connections reached?): connect; nested exception is java.net.SocketException: No buffer space available (maximum connections reached?): connect
	at org.springframework.web.client.RestTemplate.doExecute(RestTemplate.java:543)
	at org.springframework.web.client.RestTemplate.execute(RestTemplate.java:489)
	at org.springframework.web.client.RestTemplate.getForEntity(RestTemplate.java:250)
	at com.sprhib.TestService.thatOrdersCanBeAddedAndQueried(TestService.java:26)
	at sun.reflect.GeneratedMethodAccessor3.invoke(Unknown Source)
	at sun.reflect.DelegatingMethodAccessorImpl.invoke(DelegatingMethodAccessorImpl.java:43)
	at java.lang.reflect.Method.invoke(Method.java:606)
	at org.testng.internal.MethodInvocationHelper.invokeMethod(MethodInvocationHelper.java:84)
	at org.testng.internal.Invoker.invokeMethod(Invoker.java:714)
	at org.testng.internal.Invoker.invokeTestMethod(Invoker.java:901)
	at org.testng.internal.Invoker.invokeTestMethods(Invoker.java:1231)
	at org.testng.internal.TestMethodWorker.invokeTestMethods(TestMethodWorker.java:127)
	at org.testng.internal.TestMethodWorker.run(TestMethodWorker.java:111)
	at org.testng.internal.thread.ThreadUtil$2.call(ThreadUtil.java:64)
	at java.util.concurrent.FutureTask.run(FutureTask.java:262)
	at java.util.concurrent.ThreadPoolExecutor.runWorker(ThreadPoolExecutor.java:1145)
	at java.util.concurrent.ThreadPoolExecutor$Worker.run(ThreadPoolExecutor.java:615)
	at java.lang.Thread.run(Thread.java:745)
Caused by: java.net.SocketException: No buffer space available (maximum connections reached?): connect
	at java.net.DualStackPlainSocketImpl.connect0(Native Method)
	at java.net.DualStackPlainSocketImpl.socketConnect(DualStackPlainSocketImpl.java:79)
	at java.net.AbstractPlainSocketImpl.doConnect(AbstractPlainSocketImpl.java:339)
	at java.net.AbstractPlainSocketImpl.connectToAddress(AbstractPlainSocketImpl.java:200)
	at java.net.AbstractPlainSocketImpl.connect(AbstractPlainSocketImpl.java:182)
	at java.net.PlainSocketImpl.connect(PlainSocketImpl.java:172)
	at java.net.SocksSocketImpl.connect(SocksSocketImpl.java:392)
	at java.net.Socket.connect(Socket.java:579)
	at java.net.Socket.connect(Socket.java:528)
	at sun.net.NetworkClient.doConnect(NetworkClient.java:180)
	at sun.net.www.http.HttpClient.openServer(HttpClient.java:432)
	at sun.net.www.http.HttpClient.openServer(HttpClient.java:527)
	at sun.net.www.http.HttpClient.<init>(HttpClient.java:211)
	at sun.net.www.http.HttpClient.New(HttpClient.java:308)
	at sun.net.www.http.HttpClient.New(HttpClient.java:326)
	at sun.net.www.protocol.http.HttpURLConnection.getNewHttpClient(HttpURLConnection.java:996)
	at sun.net.www.protocol.http.HttpURLConnection.plainConnect(HttpURLConnection.java:932)
	at sun.net.www.protocol.http.HttpURLConnection.connect(HttpURLConnection.java:850)
	at org.springframework.http.client.SimpleBufferingClientHttpRequest.executeInternal(SimpleBufferingClientHttpRequest.java:78)
	at org.springframework.http.client.AbstractBufferingClientHttpRequest.executeInternal(AbstractBufferingClientHttpRequest.java:46)
	at org.springframework.http.client.AbstractClientHttpRequest.execute(AbstractClientHttpRequest.java:52)
	at org.springframework.web.client.RestTemplate.doExecute(RestTemplate.java:527)
	... 17 more
]]>
    </failure>
  </testcase> <!-- thatOrdersCanBeAddedAndQueried -->
  <testcase name="thatOrdersCanBeAddedAndQueried" time="0.352" classname="com.sprhib.TestService"/>
  <testcase name="thatOrdersCanBeAddedAndQueried" time="0.203" classname="com.sprhib.TestService"/>
  <testcase name="thatOrdersCanBeAddedAndQueried" time="0.354" classname="com.sprhib.TestService"/>
  <testcase name="thatOrdersCanBeAddedAndQueried" time="0.155" classname="com.sprhib.TestService"/>
  <testcase name="thatOrdersCanBeAddedAndQueried" time="0.013" classname="com.sprhib.TestService">
    <failure type="org.springframework.web.client.ResourceAccessException" message="I/O error on GET request for &quot;http://localhost:8080/spr-mvc-hib/convertation/-110/EUR/USD&quot;:No buffer space available (maximum connections reached?): connect; nested exception is java.net.SocketException: No buffer space available (maximum connections reached?): connect">
      <![CDATA[org.springframework.web.client.ResourceAccessException: I/O error on GET request for "http://localhost:8080/spr-mvc-hib/convertation/-110/EUR/USD":No buffer space available (maximum connections reached?): connect; nested exception is java.net.SocketException: No buffer space available (maximum connections reached?): connect
	at org.springframework.web.client.RestTemplate.doExecute(RestTemplate.java:543)
	at org.springframework.web.client.RestTemplate.execute(RestTemplate.java:489)
	at org.springframework.web.client.RestTemplate.getForEntity(RestTemplate.java:250)
	at com.sprhib.TestService.thatOrdersCanBeAddedAndQueried(TestService.java:26)
	at sun.reflect.GeneratedMethodAccessor3.invoke(Unknown Source)
	at sun.reflect.DelegatingMethodAccessorImpl.invoke(DelegatingMethodAccessorImpl.java:43)
	at java.lang.reflect.Method.invoke(Method.java:606)
	at org.testng.internal.MethodInvocationHelper.invokeMethod(MethodInvocationHelper.java:84)
	at org.testng.internal.Invoker.invokeMethod(Invoker.java:714)
	at org.testng.internal.Invoker.invokeTestMethod(Invoker.java:901)
	at org.testng.internal.Invoker.invokeTestMethods(Invoker.java:1231)
	at org.testng.internal.TestMethodWorker.invokeTestMethods(TestMethodWorker.java:127)
	at org.testng.internal.TestMethodWorker.run(TestMethodWorker.java:111)
	at org.testng.internal.thread.ThreadUtil$2.call(ThreadUtil.java:64)
	at java.util.concurrent.FutureTask.run(FutureTask.java:262)
	at java.util.concurrent.ThreadPoolExecutor.runWorker(ThreadPoolExecutor.java:1145)
	at java.util.concurrent.ThreadPoolExecutor$Worker.run(ThreadPoolExecutor.java:615)
	at java.lang.Thread.run(Thread.java:745)
Caused by: java.net.SocketException: No buffer space available (maximum connections reached?): connect
	at java.net.DualStackPlainSocketImpl.connect0(Native Method)
	at java.net.DualStackPlainSocketImpl.socketConnect(DualStackPlainSocketImpl.java:79)
	at java.net.AbstractPlainSocketImpl.doConnect(AbstractPlainSocketImpl.java:339)
	at java.net.AbstractPlainSocketImpl.connectToAddress(AbstractPlainSocketImpl.java:200)
	at java.net.AbstractPlainSocketImpl.connect(AbstractPlainSocketImpl.java:182)
	at java.net.PlainSocketImpl.connect(PlainSocketImpl.java:172)
	at java.net.SocksSocketImpl.connect(SocksSocketImpl.java:392)
	at java.net.Socket.connect(Socket.java:579)
	at java.net.Socket.connect(Socket.java:528)
	at sun.net.NetworkClient.doConnect(NetworkClient.java:180)
	at sun.net.www.http.HttpClient.openServer(HttpClient.java:432)
	at sun.net.www.http.HttpClient.openServer(HttpClient.java:527)
	at sun.net.www.http.HttpClient.<init>(HttpClient.java:211)
	at sun.net.www.http.HttpClient.New(HttpClient.java:308)
	at sun.net.www.http.HttpClient.New(HttpClient.java:326)
	at sun.net.www.protocol.http.HttpURLConnection.getNewHttpClient(HttpURLConnection.java:996)
	at sun.net.www.protocol.http.HttpURLConnection.plainConnect(HttpURLConnection.java:932)
	at sun.net.www.protocol.http.HttpURLConnection.connect(HttpURLConnection.java:850)
	at org.springframework.http.client.SimpleBufferingClientHttpRequest.executeInternal(SimpleBufferingClientHttpRequest.java:78)
	at org.springframework.http.client.AbstractBufferingClientHttpRequest.executeInternal(AbstractBufferingClientHttpRequest.java:46)
	at org.springframework.http.client.AbstractClientHttpRequest.execute(AbstractClientHttpRequest.java:52)
	at org.springframework.web.client.RestTemplate.doExecute(RestTemplate.java:527)
	... 17 more
]]>
    </failure>
  </testcase> <!-- thatOrdersCanBeAddedAndQueried -->
  <testcase name="thatOrdersCanBeAddedAndQueried" time="0.240" classname="com.sprhib.TestService"/>
  <testcase name="thatOrdersCanBeAddedAndQueried" time="0.213" classname="com.sprhib.TestService"/>
  <testcase name="thatOrdersCanBeAddedAndQueried" time="0.186" classname="com.sprhib.TestService"/>
  <testcase name="thatOrdersCanBeAddedAndQueried" time="0.158" classname="com.sprhib.TestService"/>
  <testcase name="thatOrdersCanBeAddedAndQueried" time="0.377" classname="com.sprhib.TestService"/>
  <testcase name="thatOrdersCanBeAddedAndQueried" time="0.154" classname="com.sprhib.TestService"/>
  <testcase name="thatOrdersCanBeAddedAndQueried" time="0.172" classname="com.sprhib.TestService"/>
  <testcase name="thatOrdersCanBeAddedAndQueried" time="0.217" classname="com.sprhib.TestService"/>
  <testcase name="thatOrdersCanBeAddedAndQueried" time="0.163" classname="com.sprhib.TestService"/>
  <testcase name="thatOrdersCanBeAddedAndQueried" time="0.162" classname="com.sprhib.TestService"/>
  <testcase name="thatOrdersCanBeAddedAndQueried" time="0.250" classname="com.sprhib.TestService"/>
  <testcase name="thatOrdersCanBeAddedAndQueried" time="0.139" classname="com.sprhib.TestService"/>
  <testcase name="thatOrdersCanBeAddedAndQueried" time="0.182" classname="com.sprhib.TestService"/>
  <testcase name="thatOrdersCanBeAddedAndQueried" time="0.213" classname="com.sprhib.TestService"/>
  <testcase name="thatOrdersCanBeAddedAndQueried" time="0.138" classname="com.sprhib.TestService"/>
  <testcase name="thatOrdersCanBeAddedAndQueried" time="0.210" classname="com.sprhib.TestService"/>
  <testcase name="thatOrdersCanBeAddedAndQueried" time="0.111" classname="com.sprhib.TestService"/>
  <testcase name="thatOrdersCanBeAddedAndQueried" time="0.192" classname="com.sprhib.TestService"/>
  <testcase name="thatOrdersCanBeAddedAndQueried" time="0.156" classname="com.sprhib.TestService"/>
  <testcase name="thatOrdersCanBeAddedAndQueried" time="0.161" classname="com.sprhib.TestService"/>
  <testcase name="thatOrdersCanBeAddedAndQueried" time="0.379" classname="com.sprhib.TestService"/>
  <testcase name="thatOrdersCanBeAddedAndQueried" time="0.150" classname="com.sprhib.TestService"/>
  <testcase name="thatOrdersCanBeAddedAndQueried" time="0.192" classname="com.sprhib.TestService"/>
  <testcase name="thatOrdersCanBeAddedAndQueried" time="0.169" classname="com.sprhib.TestService"/>
  <testcase name="thatOrdersCanBeAddedAndQueried" time="0.188" classname="com.sprhib.TestService"/>
  <testcase name="thatOrdersCanBeAddedAndQueried" time="0.250" classname="com.sprhib.TestService"/>
  <testcase name="thatOrdersCanBeAddedAndQueried" time="0.287" classname="com.sprhib.TestService"/>
  <testcase name="thatOrdersCanBeAddedAndQueried" time="0.132" classname="com.sprhib.TestService"/>
  <testcase name="thatOrdersCanBeAddedAndQueried" time="0.149" classname="com.sprhib.TestService"/>
  <testcase name="thatOrdersCanBeAddedAndQueried" time="0.230" classname="com.sprhib.TestService"/>
  <testcase name="thatOrdersCanBeAddedAndQueried" time="0.210" classname="com.sprhib.TestService"/>
  <testcase name="thatOrdersCanBeAddedAndQueried" time="0.229" classname="com.sprhib.TestService"/>
  <testcase name="thatOrdersCanBeAddedAndQueried" time="0.022" classname="com.sprhib.TestService">
    <failure type="org.springframework.web.client.ResourceAccessException" message="I/O error on GET request for &quot;http://localhost:8080/spr-mvc-hib/convertation/-110/EUR/USD&quot;:No buffer space available (maximum connections reached?): connect; nested exception is java.net.SocketException: No buffer space available (maximum connections reached?): connect">
      <![CDATA[org.springframework.web.client.ResourceAccessException: I/O error on GET request for "http://localhost:8080/spr-mvc-hib/convertation/-110/EUR/USD":No buffer space available (maximum connections reached?): connect; nested exception is java.net.SocketException: No buffer space available (maximum connections reached?): connect
	at org.springframework.web.client.RestTemplate.doExecute(RestTemplate.java:543)
	at org.springframework.web.client.RestTemplate.execute(RestTemplate.java:489)
	at org.springframework.web.client.RestTemplate.getForEntity(RestTemplate.java:250)
	at com.sprhib.TestService.thatOrdersCanBeAddedAndQueried(TestService.java:26)
	at sun.reflect.GeneratedMethodAccessor3.invoke(Unknown Source)
	at sun.reflect.DelegatingMethodAccessorImpl.invoke(DelegatingMethodAccessorImpl.java:43)
	at java.lang.reflect.Method.invoke(Method.java:606)
	at org.testng.internal.MethodInvocationHelper.invokeMethod(MethodInvocationHelper.java:84)
	at org.testng.internal.Invoker.invokeMethod(Invoker.java:714)
	at org.testng.internal.Invoker.invokeTestMethod(Invoker.java:901)
	at org.testng.internal.Invoker.invokeTestMethods(Invoker.java:1231)
	at org.testng.internal.TestMethodWorker.invokeTestMethods(TestMethodWorker.java:127)
	at org.testng.internal.TestMethodWorker.run(TestMethodWorker.java:111)
	at org.testng.internal.thread.ThreadUtil$2.call(ThreadUtil.java:64)
	at java.util.concurrent.FutureTask.run(FutureTask.java:262)
	at java.util.concurrent.ThreadPoolExecutor.runWorker(ThreadPoolExecutor.java:1145)
	at java.util.concurrent.ThreadPoolExecutor$Worker.run(ThreadPoolExecutor.java:615)
	at java.lang.Thread.run(Thread.java:745)
Caused by: java.net.SocketException: No buffer space available (maximum connections reached?): connect
	at java.net.DualStackPlainSocketImpl.connect0(Native Method)
	at java.net.DualStackPlainSocketImpl.socketConnect(DualStackPlainSocketImpl.java:79)
	at java.net.AbstractPlainSocketImpl.doConnect(AbstractPlainSocketImpl.java:339)
	at java.net.AbstractPlainSocketImpl.connectToAddress(AbstractPlainSocketImpl.java:200)
	at java.net.AbstractPlainSocketImpl.connect(AbstractPlainSocketImpl.java:182)
	at java.net.PlainSocketImpl.connect(PlainSocketImpl.java:172)
	at java.net.SocksSocketImpl.connect(SocksSocketImpl.java:392)
	at java.net.Socket.connect(Socket.java:579)
	at java.net.Socket.connect(Socket.java:528)
	at sun.net.NetworkClient.doConnect(NetworkClient.java:180)
	at sun.net.www.http.HttpClient.openServer(HttpClient.java:432)
	at sun.net.www.http.HttpClient.openServer(HttpClient.java:527)
	at sun.net.www.http.HttpClient.<init>(HttpClient.java:211)
	at sun.net.www.http.HttpClient.New(HttpClient.java:308)
	at sun.net.www.http.HttpClient.New(HttpClient.java:326)
	at sun.net.www.protocol.http.HttpURLConnection.getNewHttpClient(HttpURLConnection.java:996)
	at sun.net.www.protocol.http.HttpURLConnection.plainConnect(HttpURLConnection.java:932)
	at sun.net.www.protocol.http.HttpURLConnection.connect(HttpURLConnection.java:850)
	at org.springframework.http.client.SimpleBufferingClientHttpRequest.executeInternal(SimpleBufferingClientHttpRequest.java:78)
	at org.springframework.http.client.AbstractBufferingClientHttpRequest.executeInternal(AbstractBufferingClientHttpRequest.java:46)
	at org.springframework.http.client.AbstractClientHttpRequest.execute(AbstractClientHttpRequest.java:52)
	at org.springframework.web.client.RestTemplate.doExecute(RestTemplate.java:527)
	... 17 more
]]>
    </failure>
  </testcase> <!-- thatOrdersCanBeAddedAndQueried -->
  <testcase name="thatOrdersCanBeAddedAndQueried" time="0.161" classname="com.sprhib.TestService"/>
  <testcase name="thatOrdersCanBeAddedAndQueried" time="0.350" classname="com.sprhib.TestService"/>
  <testcase name="thatOrdersCanBeAddedAndQueried" time="0.276" classname="com.sprhib.TestService"/>
  <testcase name="thatOrdersCanBeAddedAndQueried" time="0.167" classname="com.sprhib.TestService"/>
  <testcase name="thatOrdersCanBeAddedAndQueried" time="0.174" classname="com.sprhib.TestService"/>
  <testcase name="thatOrdersCanBeAddedAndQueried" time="0.028" classname="com.sprhib.TestService">
    <failure type="org.springframework.web.client.ResourceAccessException" message="I/O error on GET request for &quot;http://localhost:8080/spr-mvc-hib/convertation/-110/EUR/USD&quot;:No buffer space available (maximum connections reached?): connect; nested exception is java.net.SocketException: No buffer space available (maximum connections reached?): connect">
      <![CDATA[org.springframework.web.client.ResourceAccessException: I/O error on GET request for "http://localhost:8080/spr-mvc-hib/convertation/-110/EUR/USD":No buffer space available (maximum connections reached?): connect; nested exception is java.net.SocketException: No buffer space available (maximum connections reached?): connect
	at org.springframework.web.client.RestTemplate.doExecute(RestTemplate.java:543)
	at org.springframework.web.client.RestTemplate.execute(RestTemplate.java:489)
	at org.springframework.web.client.RestTemplate.getForEntity(RestTemplate.java:250)
	at com.sprhib.TestService.thatOrdersCanBeAddedAndQueried(TestService.java:26)
	at sun.reflect.GeneratedMethodAccessor3.invoke(Unknown Source)
	at sun.reflect.DelegatingMethodAccessorImpl.invoke(DelegatingMethodAccessorImpl.java:43)
	at java.lang.reflect.Method.invoke(Method.java:606)
	at org.testng.internal.MethodInvocationHelper.invokeMethod(MethodInvocationHelper.java:84)
	at org.testng.internal.Invoker.invokeMethod(Invoker.java:714)
	at org.testng.internal.Invoker.invokeTestMethod(Invoker.java:901)
	at org.testng.internal.Invoker.invokeTestMethods(Invoker.java:1231)
	at org.testng.internal.TestMethodWorker.invokeTestMethods(TestMethodWorker.java:127)
	at org.testng.internal.TestMethodWorker.run(TestMethodWorker.java:111)
	at org.testng.internal.thread.ThreadUtil$2.call(ThreadUtil.java:64)
	at java.util.concurrent.FutureTask.run(FutureTask.java:262)
	at java.util.concurrent.ThreadPoolExecutor.runWorker(ThreadPoolExecutor.java:1145)
	at java.util.concurrent.ThreadPoolExecutor$Worker.run(ThreadPoolExecutor.java:615)
	at java.lang.Thread.run(Thread.java:745)
Caused by: java.net.SocketException: No buffer space available (maximum connections reached?): connect
	at java.net.DualStackPlainSocketImpl.connect0(Native Method)
	at java.net.DualStackPlainSocketImpl.socketConnect(DualStackPlainSocketImpl.java:79)
	at java.net.AbstractPlainSocketImpl.doConnect(AbstractPlainSocketImpl.java:339)
	at java.net.AbstractPlainSocketImpl.connectToAddress(AbstractPlainSocketImpl.java:200)
	at java.net.AbstractPlainSocketImpl.connect(AbstractPlainSocketImpl.java:182)
	at java.net.PlainSocketImpl.connect(PlainSocketImpl.java:172)
	at java.net.SocksSocketImpl.connect(SocksSocketImpl.java:392)
	at java.net.Socket.connect(Socket.java:579)
	at java.net.Socket.connect(Socket.java:528)
	at sun.net.NetworkClient.doConnect(NetworkClient.java:180)
	at sun.net.www.http.HttpClient.openServer(HttpClient.java:432)
	at sun.net.www.http.HttpClient.openServer(HttpClient.java:527)
	at sun.net.www.http.HttpClient.<init>(HttpClient.java:211)
	at sun.net.www.http.HttpClient.New(HttpClient.java:308)
	at sun.net.www.http.HttpClient.New(HttpClient.java:326)
	at sun.net.www.protocol.http.HttpURLConnection.getNewHttpClient(HttpURLConnection.java:996)
	at sun.net.www.protocol.http.HttpURLConnection.plainConnect(HttpURLConnection.java:932)
	at sun.net.www.protocol.http.HttpURLConnection.connect(HttpURLConnection.java:850)
	at org.springframework.http.client.SimpleBufferingClientHttpRequest.executeInternal(SimpleBufferingClientHttpRequest.java:78)
	at org.springframework.http.client.AbstractBufferingClientHttpRequest.executeInternal(AbstractBufferingClientHttpRequest.java:46)
	at org.springframework.http.client.AbstractClientHttpRequest.execute(AbstractClientHttpRequest.java:52)
	at org.springframework.web.client.RestTemplate.doExecute(RestTemplate.java:527)
	... 17 more
]]>
    </failure>
  </testcase> <!-- thatOrdersCanBeAddedAndQueried -->
  <testcase name="thatOrdersCanBeAddedAndQueried" time="0.108" classname="com.sprhib.TestService"/>
  <testcase name="thatOrdersCanBeAddedAndQueried" time="1.012" classname="com.sprhib.TestService"/>
  <testcase name="thatOrdersCanBeAddedAndQueried" time="0.275" classname="com.sprhib.TestService"/>
  <testcase name="thatOrdersCanBeAddedAndQueried" time="0.143" classname="com.sprhib.TestService"/>
  <testcase name="thatOrdersCanBeAddedAndQueried" time="0.141" classname="com.sprhib.TestService"/>
  <testcase name="thatOrdersCanBeAddedAndQueried" time="0.184" classname="com.sprhib.TestService"/>
  <testcase name="thatOrdersCanBeAddedAndQueried" time="0.135" classname="com.sprhib.TestService"/>
  <testcase name="thatOrdersCanBeAddedAndQueried" time="0.170" classname="com.sprhib.TestService"/>
  <testcase name="thatOrdersCanBeAddedAndQueried" time="0.285" classname="com.sprhib.TestService"/>
  <testcase name="thatOrdersCanBeAddedAndQueried" time="0.135" classname="com.sprhib.TestService"/>
  <testcase name="thatOrdersCanBeAddedAndQueried" time="0.203" classname="com.sprhib.TestService"/>
  <testcase name="thatOrdersCanBeAddedAndQueried" time="0.528" classname="com.sprhib.TestService"/>
  <testcase name="thatOrdersCanBeAddedAndQueried" time="0.353" classname="com.sprhib.TestService"/>
  <testcase name="thatOrdersCanBeAddedAndQueried" time="0.175" classname="com.sprhib.TestService"/>
  <testcase name="thatOrdersCanBeAddedAndQueried" time="0.171" classname="com.sprhib.TestService"/>
  <testcase name="thatOrdersCanBeAddedAndQueried" time="0.184" classname="com.sprhib.TestService"/>
  <testcase name="thatOrdersCanBeAddedAndQueried" time="0.204" classname="com.sprhib.TestService"/>
  <testcase name="thatOrdersCanBeAddedAndQueried" time="0.154" classname="com.sprhib.TestService"/>
  <testcase name="thatOrdersCanBeAddedAndQueried" time="0.159" classname="com.sprhib.TestService"/>
  <testcase name="thatOrdersCanBeAddedAndQueried" time="0.162" classname="com.sprhib.TestService"/>
  <testcase name="thatOrdersCanBeAddedAndQueried" time="0.178" classname="com.sprhib.TestService"/>
  <testcase name="thatOrdersCanBeAddedAndQueried" time="0.113" classname="com.sprhib.TestService"/>
  <testcase name="thatOrdersCanBeAddedAndQueried" time="0.237" classname="com.sprhib.TestService"/>
  <testcase name="thatOrdersCanBeAddedAndQueried" time="0.022" classname="com.sprhib.TestService">
    <failure type="org.springframework.web.client.ResourceAccessException" message="I/O error on GET request for &quot;http://localhost:8080/spr-mvc-hib/convertation/-110/EUR/USD&quot;:No buffer space available (maximum connections reached?): connect; nested exception is java.net.SocketException: No buffer space available (maximum connections reached?): connect">
      <![CDATA[org.springframework.web.client.ResourceAccessException: I/O error on GET request for "http://localhost:8080/spr-mvc-hib/convertation/-110/EUR/USD":No buffer space available (maximum connections reached?): connect; nested exception is java.net.SocketException: No buffer space available (maximum connections reached?): connect
	at org.springframework.web.client.RestTemplate.doExecute(RestTemplate.java:543)
	at org.springframework.web.client.RestTemplate.execute(RestTemplate.java:489)
	at org.springframework.web.client.RestTemplate.getForEntity(RestTemplate.java:250)
	at com.sprhib.TestService.thatOrdersCanBeAddedAndQueried(TestService.java:26)
	at sun.reflect.GeneratedMethodAccessor3.invoke(Unknown Source)
	at sun.reflect.DelegatingMethodAccessorImpl.invoke(DelegatingMethodAccessorImpl.java:43)
	at java.lang.reflect.Method.invoke(Method.java:606)
	at org.testng.internal.MethodInvocationHelper.invokeMethod(MethodInvocationHelper.java:84)
	at org.testng.internal.Invoker.invokeMethod(Invoker.java:714)
	at org.testng.internal.Invoker.invokeTestMethod(Invoker.java:901)
	at org.testng.internal.Invoker.invokeTestMethods(Invoker.java:1231)
	at org.testng.internal.TestMethodWorker.invokeTestMethods(TestMethodWorker.java:127)
	at org.testng.internal.TestMethodWorker.run(TestMethodWorker.java:111)
	at org.testng.internal.thread.ThreadUtil$2.call(ThreadUtil.java:64)
	at java.util.concurrent.FutureTask.run(FutureTask.java:262)
	at java.util.concurrent.ThreadPoolExecutor.runWorker(ThreadPoolExecutor.java:1145)
	at java.util.concurrent.ThreadPoolExecutor$Worker.run(ThreadPoolExecutor.java:615)
	at java.lang.Thread.run(Thread.java:745)
Caused by: java.net.SocketException: No buffer space available (maximum connections reached?): connect
	at java.net.DualStackPlainSocketImpl.connect0(Native Method)
	at java.net.DualStackPlainSocketImpl.socketConnect(DualStackPlainSocketImpl.java:79)
	at java.net.AbstractPlainSocketImpl.doConnect(AbstractPlainSocketImpl.java:339)
	at java.net.AbstractPlainSocketImpl.connectToAddress(AbstractPlainSocketImpl.java:200)
	at java.net.AbstractPlainSocketImpl.connect(AbstractPlainSocketImpl.java:182)
	at java.net.PlainSocketImpl.connect(PlainSocketImpl.java:172)
	at java.net.SocksSocketImpl.connect(SocksSocketImpl.java:392)
	at java.net.Socket.connect(Socket.java:579)
	at java.net.Socket.connect(Socket.java:528)
	at sun.net.NetworkClient.doConnect(NetworkClient.java:180)
	at sun.net.www.http.HttpClient.openServer(HttpClient.java:432)
	at sun.net.www.http.HttpClient.openServer(HttpClient.java:527)
	at sun.net.www.http.HttpClient.<init>(HttpClient.java:211)
	at sun.net.www.http.HttpClient.New(HttpClient.java:308)
	at sun.net.www.http.HttpClient.New(HttpClient.java:326)
	at sun.net.www.protocol.http.HttpURLConnection.getNewHttpClient(HttpURLConnection.java:996)
	at sun.net.www.protocol.http.HttpURLConnection.plainConnect(HttpURLConnection.java:932)
	at sun.net.www.protocol.http.HttpURLConnection.connect(HttpURLConnection.java:850)
	at org.springframework.http.client.SimpleBufferingClientHttpRequest.executeInternal(SimpleBufferingClientHttpRequest.java:78)
	at org.springframework.http.client.AbstractBufferingClientHttpRequest.executeInternal(AbstractBufferingClientHttpRequest.java:46)
	at org.springframework.http.client.AbstractClientHttpRequest.execute(AbstractClientHttpRequest.java:52)
	at org.springframework.web.client.RestTemplate.doExecute(RestTemplate.java:527)
	... 17 more
]]>
    </failure>
  </testcase> <!-- thatOrdersCanBeAddedAndQueried -->
  <testcase name="thatOrdersCanBeAddedAndQueried" time="0.232" classname="com.sprhib.TestService"/>
  <testcase name="thatOrdersCanBeAddedAndQueried" time="0.128" classname="com.sprhib.TestService"/>
  <testcase name="thatOrdersCanBeAddedAndQueried" time="0.134" classname="com.sprhib.TestService"/>
  <testcase name="thatOrdersCanBeAddedAndQueried" time="0.176" classname="com.sprhib.TestService"/>
  <testcase name="thatOrdersCanBeAddedAndQueried" time="0.297" classname="com.sprhib.TestService"/>
  <testcase name="thatOrdersCanBeAddedAndQueried" time="0.200" classname="com.sprhib.TestService"/>
  <testcase name="thatOrdersCanBeAddedAndQueried" time="0.208" classname="com.sprhib.TestService"/>
  <testcase name="thatOrdersCanBeAddedAndQueried" time="0.189" classname="com.sprhib.TestService"/>
  <testcase name="thatOrdersCanBeAddedAndQueried" time="0.227" classname="com.sprhib.TestService"/>
  <testcase name="thatOrdersCanBeAddedAndQueried" time="0.176" classname="com.sprhib.TestService"/>
  <testcase name="thatOrdersCanBeAddedAndQueried" time="0.226" classname="com.sprhib.TestService"/>
  <testcase name="thatOrdersCanBeAddedAndQueried" time="0.190" classname="com.sprhib.TestService"/>
  <testcase name="thatOrdersCanBeAddedAndQueried" time="0.340" classname="com.sprhib.TestService"/>
  <testcase name="thatOrdersCanBeAddedAndQueried" time="0.159" classname="com.sprhib.TestService"/>
  <testcase name="thatOrdersCanBeAddedAndQueried" time="0.183" classname="com.sprhib.TestService"/>
  <testcase name="thatOrdersCanBeAddedAndQueried" time="0.195" classname="com.sprhib.TestService"/>
  <testcase name="thatOrdersCanBeAddedAndQueried" time="0.255" classname="com.sprhib.TestService"/>
  <testcase name="thatOrdersCanBeAddedAndQueried" time="0.166" classname="com.sprhib.TestService"/>
  <testcase name="thatOrdersCanBeAddedAndQueried" time="0.231" classname="com.sprhib.TestService"/>
  <testcase name="thatOrdersCanBeAddedAndQueried" time="0.184" classname="com.sprhib.TestService"/>
  <testcase name="thatOrdersCanBeAddedAndQueried" time="0.205" classname="com.sprhib.TestService"/>
  <testcase name="thatOrdersCanBeAddedAndQueried" time="0.193" classname="com.sprhib.TestService"/>
  <testcase name="thatOrdersCanBeAddedAndQueried" time="0.151" classname="com.sprhib.TestService"/>
  <testcase name="thatOrdersCanBeAddedAndQueried" time="0.169" classname="com.sprhib.TestService"/>
  <testcase name="thatOrdersCanBeAddedAndQueried" time="0.228" classname="com.sprhib.TestService"/>
  <testcase name="thatOrdersCanBeAddedAndQueried" time="0.194" classname="com.sprhib.TestService"/>
  <testcase name="thatOrdersCanBeAddedAndQueried" time="0.069" classname="com.sprhib.TestService">
    <failure type="org.springframework.web.client.ResourceAccessException" message="I/O error on GET request for &quot;http://localhost:8080/spr-mvc-hib/convertation/-110/EUR/USD&quot;:No buffer space available (maximum connections reached?): connect; nested exception is java.net.SocketException: No buffer space available (maximum connections reached?): connect">
      <![CDATA[org.springframework.web.client.ResourceAccessException: I/O error on GET request for "http://localhost:8080/spr-mvc-hib/convertation/-110/EUR/USD":No buffer space available (maximum connections reached?): connect; nested exception is java.net.SocketException: No buffer space available (maximum connections reached?): connect
	at org.springframework.web.client.RestTemplate.doExecute(RestTemplate.java:543)
	at org.springframework.web.client.RestTemplate.execute(RestTemplate.java:489)
	at org.springframework.web.client.RestTemplate.getForEntity(RestTemplate.java:250)
	at com.sprhib.TestService.thatOrdersCanBeAddedAndQueried(TestService.java:26)
	at sun.reflect.GeneratedMethodAccessor3.invoke(Unknown Source)
	at sun.reflect.DelegatingMethodAccessorImpl.invoke(DelegatingMethodAccessorImpl.java:43)
	at java.lang.reflect.Method.invoke(Method.java:606)
	at org.testng.internal.MethodInvocationHelper.invokeMethod(MethodInvocationHelper.java:84)
	at org.testng.internal.Invoker.invokeMethod(Invoker.java:714)
	at org.testng.internal.Invoker.invokeTestMethod(Invoker.java:901)
	at org.testng.internal.Invoker.invokeTestMethods(Invoker.java:1231)
	at org.testng.internal.TestMethodWorker.invokeTestMethods(TestMethodWorker.java:127)
	at org.testng.internal.TestMethodWorker.run(TestMethodWorker.java:111)
	at org.testng.internal.thread.ThreadUtil$2.call(ThreadUtil.java:64)
	at java.util.concurrent.FutureTask.run(FutureTask.java:262)
	at java.util.concurrent.ThreadPoolExecutor.runWorker(ThreadPoolExecutor.java:1145)
	at java.util.concurrent.ThreadPoolExecutor$Worker.run(ThreadPoolExecutor.java:615)
	at java.lang.Thread.run(Thread.java:745)
Caused by: java.net.SocketException: No buffer space available (maximum connections reached?): connect
	at java.net.DualStackPlainSocketImpl.connect0(Native Method)
	at java.net.DualStackPlainSocketImpl.socketConnect(DualStackPlainSocketImpl.java:79)
	at java.net.AbstractPlainSocketImpl.doConnect(AbstractPlainSocketImpl.java:339)
	at java.net.AbstractPlainSocketImpl.connectToAddress(AbstractPlainSocketImpl.java:200)
	at java.net.AbstractPlainSocketImpl.connect(AbstractPlainSocketImpl.java:182)
	at java.net.PlainSocketImpl.connect(PlainSocketImpl.java:172)
	at java.net.SocksSocketImpl.connect(SocksSocketImpl.java:392)
	at java.net.Socket.connect(Socket.java:579)
	at java.net.Socket.connect(Socket.java:528)
	at sun.net.NetworkClient.doConnect(NetworkClient.java:180)
	at sun.net.www.http.HttpClient.openServer(HttpClient.java:432)
	at sun.net.www.http.HttpClient.openServer(HttpClient.java:527)
	at sun.net.www.http.HttpClient.<init>(HttpClient.java:211)
	at sun.net.www.http.HttpClient.New(HttpClient.java:308)
	at sun.net.www.http.HttpClient.New(HttpClient.java:326)
	at sun.net.www.protocol.http.HttpURLConnection.getNewHttpClient(HttpURLConnection.java:996)
	at sun.net.www.protocol.http.HttpURLConnection.plainConnect(HttpURLConnection.java:932)
	at sun.net.www.protocol.http.HttpURLConnection.connect(HttpURLConnection.java:850)
	at org.springframework.http.client.SimpleBufferingClientHttpRequest.executeInternal(SimpleBufferingClientHttpRequest.java:78)
	at org.springframework.http.client.AbstractBufferingClientHttpRequest.executeInternal(AbstractBufferingClientHttpRequest.java:46)
	at org.springframework.http.client.AbstractClientHttpRequest.execute(AbstractClientHttpRequest.java:52)
	at org.springframework.web.client.RestTemplate.doExecute(RestTemplate.java:527)
	... 17 more
]]>
    </failure>
  </testcase> <!-- thatOrdersCanBeAddedAndQueried -->
  <testcase name="thatOrdersCanBeAddedAndQueried" time="0.149" classname="com.sprhib.TestService"/>
  <testcase name="thatOrdersCanBeAddedAndQueried" time="0.182" classname="com.sprhib.TestService"/>
  <testcase name="thatOrdersCanBeAddedAndQueried" time="0.190" classname="com.sprhib.TestService"/>
  <testcase name="thatOrdersCanBeAddedAndQueried" time="0.183" classname="com.sprhib.TestService"/>
  <testcase name="thatOrdersCanBeAddedAndQueried" time="0.112" classname="com.sprhib.TestService"/>
  <testcase name="thatOrdersCanBeAddedAndQueried" time="0.141" classname="com.sprhib.TestService"/>
  <testcase name="thatOrdersCanBeAddedAndQueried" time="0.363" classname="com.sprhib.TestService"/>
  <testcase name="thatOrdersCanBeAddedAndQueried" time="0.232" classname="com.sprhib.TestService"/>
  <testcase name="thatOrdersCanBeAddedAndQueried" time="0.175" classname="com.sprhib.TestService"/>
  <testcase name="thatOrdersCanBeAddedAndQueried" time="0.037" classname="com.sprhib.TestService">
    <failure type="org.springframework.web.client.ResourceAccessException" message="I/O error on GET request for &quot;http://localhost:8080/spr-mvc-hib/convertation/-110/EUR/USD&quot;:No buffer space available (maximum connections reached?): connect; nested exception is java.net.SocketException: No buffer space available (maximum connections reached?): connect">
      <![CDATA[org.springframework.web.client.ResourceAccessException: I/O error on GET request for "http://localhost:8080/spr-mvc-hib/convertation/-110/EUR/USD":No buffer space available (maximum connections reached?): connect; nested exception is java.net.SocketException: No buffer space available (maximum connections reached?): connect
	at org.springframework.web.client.RestTemplate.doExecute(RestTemplate.java:543)
	at org.springframework.web.client.RestTemplate.execute(RestTemplate.java:489)
	at org.springframework.web.client.RestTemplate.getForEntity(RestTemplate.java:250)
	at com.sprhib.TestService.thatOrdersCanBeAddedAndQueried(TestService.java:26)
	at sun.reflect.GeneratedMethodAccessor3.invoke(Unknown Source)
	at sun.reflect.DelegatingMethodAccessorImpl.invoke(DelegatingMethodAccessorImpl.java:43)
	at java.lang.reflect.Method.invoke(Method.java:606)
	at org.testng.internal.MethodInvocationHelper.invokeMethod(MethodInvocationHelper.java:84)
	at org.testng.internal.Invoker.invokeMethod(Invoker.java:714)
	at org.testng.internal.Invoker.invokeTestMethod(Invoker.java:901)
	at org.testng.internal.Invoker.invokeTestMethods(Invoker.java:1231)
	at org.testng.internal.TestMethodWorker.invokeTestMethods(TestMethodWorker.java:127)
	at org.testng.internal.TestMethodWorker.run(TestMethodWorker.java:111)
	at org.testng.internal.thread.ThreadUtil$2.call(ThreadUtil.java:64)
	at java.util.concurrent.FutureTask.run(FutureTask.java:262)
	at java.util.concurrent.ThreadPoolExecutor.runWorker(ThreadPoolExecutor.java:1145)
	at java.util.concurrent.ThreadPoolExecutor$Worker.run(ThreadPoolExecutor.java:615)
	at java.lang.Thread.run(Thread.java:745)
Caused by: java.net.SocketException: No buffer space available (maximum connections reached?): connect
	at java.net.DualStackPlainSocketImpl.connect0(Native Method)
	at java.net.DualStackPlainSocketImpl.socketConnect(DualStackPlainSocketImpl.java:79)
	at java.net.AbstractPlainSocketImpl.doConnect(AbstractPlainSocketImpl.java:339)
	at java.net.AbstractPlainSocketImpl.connectToAddress(AbstractPlainSocketImpl.java:200)
	at java.net.AbstractPlainSocketImpl.connect(AbstractPlainSocketImpl.java:182)
	at java.net.PlainSocketImpl.connect(PlainSocketImpl.java:172)
	at java.net.SocksSocketImpl.connect(SocksSocketImpl.java:392)
	at java.net.Socket.connect(Socket.java:579)
	at java.net.Socket.connect(Socket.java:528)
	at sun.net.NetworkClient.doConnect(NetworkClient.java:180)
	at sun.net.www.http.HttpClient.openServer(HttpClient.java:432)
	at sun.net.www.http.HttpClient.openServer(HttpClient.java:527)
	at sun.net.www.http.HttpClient.<init>(HttpClient.java:211)
	at sun.net.www.http.HttpClient.New(HttpClient.java:308)
	at sun.net.www.http.HttpClient.New(HttpClient.java:326)
	at sun.net.www.protocol.http.HttpURLConnection.getNewHttpClient(HttpURLConnection.java:996)
	at sun.net.www.protocol.http.HttpURLConnection.plainConnect(HttpURLConnection.java:932)
	at sun.net.www.protocol.http.HttpURLConnection.connect(HttpURLConnection.java:850)
	at org.springframework.http.client.SimpleBufferingClientHttpRequest.executeInternal(SimpleBufferingClientHttpRequest.java:78)
	at org.springframework.http.client.AbstractBufferingClientHttpRequest.executeInternal(AbstractBufferingClientHttpRequest.java:46)
	at org.springframework.http.client.AbstractClientHttpRequest.execute(AbstractClientHttpRequest.java:52)
	at org.springframework.web.client.RestTemplate.doExecute(RestTemplate.java:527)
	... 17 more
]]>
    </failure>
  </testcase> <!-- thatOrdersCanBeAddedAndQueried -->
  <testcase name="thatOrdersCanBeAddedAndQueried" time="0.185" classname="com.sprhib.TestService"/>
  <testcase name="thatOrdersCanBeAddedAndQueried" time="0.136" classname="com.sprhib.TestService"/>
  <testcase name="thatOrdersCanBeAddedAndQueried" time="0.178" classname="com.sprhib.TestService"/>
  <testcase name="thatOrdersCanBeAddedAndQueried" time="0.042" classname="com.sprhib.TestService">
    <failure type="org.springframework.web.client.ResourceAccessException" message="I/O error on GET request for &quot;http://localhost:8080/spr-mvc-hib/convertation/-110/EUR/USD&quot;:No buffer space available (maximum connections reached?): connect; nested exception is java.net.SocketException: No buffer space available (maximum connections reached?): connect">
      <![CDATA[org.springframework.web.client.ResourceAccessException: I/O error on GET request for "http://localhost:8080/spr-mvc-hib/convertation/-110/EUR/USD":No buffer space available (maximum connections reached?): connect; nested exception is java.net.SocketException: No buffer space available (maximum connections reached?): connect
	at org.springframework.web.client.RestTemplate.doExecute(RestTemplate.java:543)
	at org.springframework.web.client.RestTemplate.execute(RestTemplate.java:489)
	at org.springframework.web.client.RestTemplate.getForEntity(RestTemplate.java:250)
	at com.sprhib.TestService.thatOrdersCanBeAddedAndQueried(TestService.java:26)
	at sun.reflect.GeneratedMethodAccessor3.invoke(Unknown Source)
	at sun.reflect.DelegatingMethodAccessorImpl.invoke(DelegatingMethodAccessorImpl.java:43)
	at java.lang.reflect.Method.invoke(Method.java:606)
	at org.testng.internal.MethodInvocationHelper.invokeMethod(MethodInvocationHelper.java:84)
	at org.testng.internal.Invoker.invokeMethod(Invoker.java:714)
	at org.testng.internal.Invoker.invokeTestMethod(Invoker.java:901)
	at org.testng.internal.Invoker.invokeTestMethods(Invoker.java:1231)
	at org.testng.internal.TestMethodWorker.invokeTestMethods(TestMethodWorker.java:127)
	at org.testng.internal.TestMethodWorker.run(TestMethodWorker.java:111)
	at org.testng.internal.thread.ThreadUtil$2.call(ThreadUtil.java:64)
	at java.util.concurrent.FutureTask.run(FutureTask.java:262)
	at java.util.concurrent.ThreadPoolExecutor.runWorker(ThreadPoolExecutor.java:1145)
	at java.util.concurrent.ThreadPoolExecutor$Worker.run(ThreadPoolExecutor.java:615)
	at java.lang.Thread.run(Thread.java:745)
Caused by: java.net.SocketException: No buffer space available (maximum connections reached?): connect
	at java.net.DualStackPlainSocketImpl.connect0(Native Method)
	at java.net.DualStackPlainSocketImpl.socketConnect(DualStackPlainSocketImpl.java:79)
	at java.net.AbstractPlainSocketImpl.doConnect(AbstractPlainSocketImpl.java:339)
	at java.net.AbstractPlainSocketImpl.connectToAddress(AbstractPlainSocketImpl.java:200)
	at java.net.AbstractPlainSocketImpl.connect(AbstractPlainSocketImpl.java:182)
	at java.net.PlainSocketImpl.connect(PlainSocketImpl.java:172)
	at java.net.SocksSocketImpl.connect(SocksSocketImpl.java:392)
	at java.net.Socket.connect(Socket.java:579)
	at java.net.Socket.connect(Socket.java:528)
	at sun.net.NetworkClient.doConnect(NetworkClient.java:180)
	at sun.net.www.http.HttpClient.openServer(HttpClient.java:432)
	at sun.net.www.http.HttpClient.openServer(HttpClient.java:527)
	at sun.net.www.http.HttpClient.<init>(HttpClient.java:211)
	at sun.net.www.http.HttpClient.New(HttpClient.java:308)
	at sun.net.www.http.HttpClient.New(HttpClient.java:326)
	at sun.net.www.protocol.http.HttpURLConnection.getNewHttpClient(HttpURLConnection.java:996)
	at sun.net.www.protocol.http.HttpURLConnection.plainConnect(HttpURLConnection.java:932)
	at sun.net.www.protocol.http.HttpURLConnection.connect(HttpURLConnection.java:850)
	at org.springframework.http.client.SimpleBufferingClientHttpRequest.executeInternal(SimpleBufferingClientHttpRequest.java:78)
	at org.springframework.http.client.AbstractBufferingClientHttpRequest.executeInternal(AbstractBufferingClientHttpRequest.java:46)
	at org.springframework.http.client.AbstractClientHttpRequest.execute(AbstractClientHttpRequest.java:52)
	at org.springframework.web.client.RestTemplate.doExecute(RestTemplate.java:527)
	... 17 more
]]>
    </failure>
  </testcase> <!-- thatOrdersCanBeAddedAndQueried -->
  <testcase name="thatOrdersCanBeAddedAndQueried" time="0.161" classname="com.sprhib.TestService"/>
  <testcase name="thatOrdersCanBeAddedAndQueried" time="0.169" classname="com.sprhib.TestService"/>
  <testcase name="thatOrdersCanBeAddedAndQueried" time="0.194" classname="com.sprhib.TestService"/>
  <testcase name="thatOrdersCanBeAddedAndQueried" time="0.173" classname="com.sprhib.TestService"/>
  <testcase name="thatOrdersCanBeAddedAndQueried" time="0.173" classname="com.sprhib.TestService"/>
  <testcase name="thatOrdersCanBeAddedAndQueried" time="0.027" classname="com.sprhib.TestService">
    <failure type="org.springframework.web.client.ResourceAccessException" message="I/O error on GET request for &quot;http://localhost:8080/spr-mvc-hib/convertation/-110/EUR/USD&quot;:No buffer space available (maximum connections reached?): connect; nested exception is java.net.SocketException: No buffer space available (maximum connections reached?): connect">
      <![CDATA[org.springframework.web.client.ResourceAccessException: I/O error on GET request for "http://localhost:8080/spr-mvc-hib/convertation/-110/EUR/USD":No buffer space available (maximum connections reached?): connect; nested exception is java.net.SocketException: No buffer space available (maximum connections reached?): connect
	at org.springframework.web.client.RestTemplate.doExecute(RestTemplate.java:543)
	at org.springframework.web.client.RestTemplate.execute(RestTemplate.java:489)
	at org.springframework.web.client.RestTemplate.getForEntity(RestTemplate.java:250)
	at com.sprhib.TestService.thatOrdersCanBeAddedAndQueried(TestService.java:26)
	at sun.reflect.GeneratedMethodAccessor3.invoke(Unknown Source)
	at sun.reflect.DelegatingMethodAccessorImpl.invoke(DelegatingMethodAccessorImpl.java:43)
	at java.lang.reflect.Method.invoke(Method.java:606)
	at org.testng.internal.MethodInvocationHelper.invokeMethod(MethodInvocationHelper.java:84)
	at org.testng.internal.Invoker.invokeMethod(Invoker.java:714)
	at org.testng.internal.Invoker.invokeTestMethod(Invoker.java:901)
	at org.testng.internal.Invoker.invokeTestMethods(Invoker.java:1231)
	at org.testng.internal.TestMethodWorker.invokeTestMethods(TestMethodWorker.java:127)
	at org.testng.internal.TestMethodWorker.run(TestMethodWorker.java:111)
	at org.testng.internal.thread.ThreadUtil$2.call(ThreadUtil.java:64)
	at java.util.concurrent.FutureTask.run(FutureTask.java:262)
	at java.util.concurrent.ThreadPoolExecutor.runWorker(ThreadPoolExecutor.java:1145)
	at java.util.concurrent.ThreadPoolExecutor$Worker.run(ThreadPoolExecutor.java:615)
	at java.lang.Thread.run(Thread.java:745)
Caused by: java.net.SocketException: No buffer space available (maximum connections reached?): connect
	at java.net.DualStackPlainSocketImpl.connect0(Native Method)
	at java.net.DualStackPlainSocketImpl.socketConnect(DualStackPlainSocketImpl.java:79)
	at java.net.AbstractPlainSocketImpl.doConnect(AbstractPlainSocketImpl.java:339)
	at java.net.AbstractPlainSocketImpl.connectToAddress(AbstractPlainSocketImpl.java:200)
	at java.net.AbstractPlainSocketImpl.connect(AbstractPlainSocketImpl.java:182)
	at java.net.PlainSocketImpl.connect(PlainSocketImpl.java:172)
	at java.net.SocksSocketImpl.connect(SocksSocketImpl.java:392)
	at java.net.Socket.connect(Socket.java:579)
	at java.net.Socket.connect(Socket.java:528)
	at sun.net.NetworkClient.doConnect(NetworkClient.java:180)
	at sun.net.www.http.HttpClient.openServer(HttpClient.java:432)
	at sun.net.www.http.HttpClient.openServer(HttpClient.java:527)
	at sun.net.www.http.HttpClient.<init>(HttpClient.java:211)
	at sun.net.www.http.HttpClient.New(HttpClient.java:308)
	at sun.net.www.http.HttpClient.New(HttpClient.java:326)
	at sun.net.www.protocol.http.HttpURLConnection.getNewHttpClient(HttpURLConnection.java:996)
	at sun.net.www.protocol.http.HttpURLConnection.plainConnect(HttpURLConnection.java:932)
	at sun.net.www.protocol.http.HttpURLConnection.connect(HttpURLConnection.java:850)
	at org.springframework.http.client.SimpleBufferingClientHttpRequest.executeInternal(SimpleBufferingClientHttpRequest.java:78)
	at org.springframework.http.client.AbstractBufferingClientHttpRequest.executeInternal(AbstractBufferingClientHttpRequest.java:46)
	at org.springframework.http.client.AbstractClientHttpRequest.execute(AbstractClientHttpRequest.java:52)
	at org.springframework.web.client.RestTemplate.doExecute(RestTemplate.java:527)
	... 17 more
]]>
    </failure>
  </testcase> <!-- thatOrdersCanBeAddedAndQueried -->
  <testcase name="thatOrdersCanBeAddedAndQueried" time="0.269" classname="com.sprhib.TestService"/>
  <testcase name="thatOrdersCanBeAddedAndQueried" time="0.187" classname="com.sprhib.TestService"/>
  <testcase name="thatOrdersCanBeAddedAndQueried" time="0.156" classname="com.sprhib.TestService"/>
  <testcase name="thatOrdersCanBeAddedAndQueried" time="0.301" classname="com.sprhib.TestService"/>
  <testcase name="thatOrdersCanBeAddedAndQueried" time="0.194" classname="com.sprhib.TestService"/>
  <testcase name="thatOrdersCanBeAddedAndQueried" time="0.176" classname="com.sprhib.TestService"/>
  <testcase name="thatOrdersCanBeAddedAndQueried" time="0.102" classname="com.sprhib.TestService"/>
  <testcase name="thatOrdersCanBeAddedAndQueried" time="0.233" classname="com.sprhib.TestService"/>
  <testcase name="thatOrdersCanBeAddedAndQueried" time="0.139" classname="com.sprhib.TestService"/>
  <testcase name="thatOrdersCanBeAddedAndQueried" time="0.156" classname="com.sprhib.TestService"/>
  <testcase name="thatOrdersCanBeAddedAndQueried" time="0.140" classname="com.sprhib.TestService"/>
  <testcase name="thatOrdersCanBeAddedAndQueried" time="0.201" classname="com.sprhib.TestService"/>
  <testcase name="thatOrdersCanBeAddedAndQueried" time="0.055" classname="com.sprhib.TestService">
    <failure type="org.springframework.web.client.ResourceAccessException" message="I/O error on GET request for &quot;http://localhost:8080/spr-mvc-hib/convertation/-110/EUR/USD&quot;:No buffer space available (maximum connections reached?): connect; nested exception is java.net.SocketException: No buffer space available (maximum connections reached?): connect">
      <![CDATA[org.springframework.web.client.ResourceAccessException: I/O error on GET request for "http://localhost:8080/spr-mvc-hib/convertation/-110/EUR/USD":No buffer space available (maximum connections reached?): connect; nested exception is java.net.SocketException: No buffer space available (maximum connections reached?): connect
	at org.springframework.web.client.RestTemplate.doExecute(RestTemplate.java:543)
	at org.springframework.web.client.RestTemplate.execute(RestTemplate.java:489)
	at org.springframework.web.client.RestTemplate.getForEntity(RestTemplate.java:250)
	at com.sprhib.TestService.thatOrdersCanBeAddedAndQueried(TestService.java:26)
	at sun.reflect.GeneratedMethodAccessor3.invoke(Unknown Source)
	at sun.reflect.DelegatingMethodAccessorImpl.invoke(DelegatingMethodAccessorImpl.java:43)
	at java.lang.reflect.Method.invoke(Method.java:606)
	at org.testng.internal.MethodInvocationHelper.invokeMethod(MethodInvocationHelper.java:84)
	at org.testng.internal.Invoker.invokeMethod(Invoker.java:714)
	at org.testng.internal.Invoker.invokeTestMethod(Invoker.java:901)
	at org.testng.internal.Invoker.invokeTestMethods(Invoker.java:1231)
	at org.testng.internal.TestMethodWorker.invokeTestMethods(TestMethodWorker.java:127)
	at org.testng.internal.TestMethodWorker.run(TestMethodWorker.java:111)
	at org.testng.internal.thread.ThreadUtil$2.call(ThreadUtil.java:64)
	at java.util.concurrent.FutureTask.run(FutureTask.java:262)
	at java.util.concurrent.ThreadPoolExecutor.runWorker(ThreadPoolExecutor.java:1145)
	at java.util.concurrent.ThreadPoolExecutor$Worker.run(ThreadPoolExecutor.java:615)
	at java.lang.Thread.run(Thread.java:745)
Caused by: java.net.SocketException: No buffer space available (maximum connections reached?): connect
	at java.net.DualStackPlainSocketImpl.connect0(Native Method)
	at java.net.DualStackPlainSocketImpl.socketConnect(DualStackPlainSocketImpl.java:79)
	at java.net.AbstractPlainSocketImpl.doConnect(AbstractPlainSocketImpl.java:339)
	at java.net.AbstractPlainSocketImpl.connectToAddress(AbstractPlainSocketImpl.java:200)
	at java.net.AbstractPlainSocketImpl.connect(AbstractPlainSocketImpl.java:182)
	at java.net.PlainSocketImpl.connect(PlainSocketImpl.java:172)
	at java.net.SocksSocketImpl.connect(SocksSocketImpl.java:392)
	at java.net.Socket.connect(Socket.java:579)
	at java.net.Socket.connect(Socket.java:528)
	at sun.net.NetworkClient.doConnect(NetworkClient.java:180)
	at sun.net.www.http.HttpClient.openServer(HttpClient.java:432)
	at sun.net.www.http.HttpClient.openServer(HttpClient.java:527)
	at sun.net.www.http.HttpClient.<init>(HttpClient.java:211)
	at sun.net.www.http.HttpClient.New(HttpClient.java:308)
	at sun.net.www.http.HttpClient.New(HttpClient.java:326)
	at sun.net.www.protocol.http.HttpURLConnection.getNewHttpClient(HttpURLConnection.java:996)
	at sun.net.www.protocol.http.HttpURLConnection.plainConnect(HttpURLConnection.java:932)
	at sun.net.www.protocol.http.HttpURLConnection.connect(HttpURLConnection.java:850)
	at org.springframework.http.client.SimpleBufferingClientHttpRequest.executeInternal(SimpleBufferingClientHttpRequest.java:78)
	at org.springframework.http.client.AbstractBufferingClientHttpRequest.executeInternal(AbstractBufferingClientHttpRequest.java:46)
	at org.springframework.http.client.AbstractClientHttpRequest.execute(AbstractClientHttpRequest.java:52)
	at org.springframework.web.client.RestTemplate.doExecute(RestTemplate.java:527)
	... 17 more
]]>
    </failure>
  </testcase> <!-- thatOrdersCanBeAddedAndQueried -->
  <testcase name="thatOrdersCanBeAddedAndQueried" time="0.016" classname="com.sprhib.TestService">
    <failure type="org.springframework.web.client.ResourceAccessException" message="I/O error on GET request for &quot;http://localhost:8080/spr-mvc-hib/convertation/-110/EUR/USD&quot;:No buffer space available (maximum connections reached?): connect; nested exception is java.net.SocketException: No buffer space available (maximum connections reached?): connect">
      <![CDATA[org.springframework.web.client.ResourceAccessException: I/O error on GET request for "http://localhost:8080/spr-mvc-hib/convertation/-110/EUR/USD":No buffer space available (maximum connections reached?): connect; nested exception is java.net.SocketException: No buffer space available (maximum connections reached?): connect
	at org.springframework.web.client.RestTemplate.doExecute(RestTemplate.java:543)
	at org.springframework.web.client.RestTemplate.execute(RestTemplate.java:489)
	at org.springframework.web.client.RestTemplate.getForEntity(RestTemplate.java:250)
	at com.sprhib.TestService.thatOrdersCanBeAddedAndQueried(TestService.java:26)
	at sun.reflect.GeneratedMethodAccessor3.invoke(Unknown Source)
	at sun.reflect.DelegatingMethodAccessorImpl.invoke(DelegatingMethodAccessorImpl.java:43)
	at java.lang.reflect.Method.invoke(Method.java:606)
	at org.testng.internal.MethodInvocationHelper.invokeMethod(MethodInvocationHelper.java:84)
	at org.testng.internal.Invoker.invokeMethod(Invoker.java:714)
	at org.testng.internal.Invoker.invokeTestMethod(Invoker.java:901)
	at org.testng.internal.Invoker.invokeTestMethods(Invoker.java:1231)
	at org.testng.internal.TestMethodWorker.invokeTestMethods(TestMethodWorker.java:127)
	at org.testng.internal.TestMethodWorker.run(TestMethodWorker.java:111)
	at org.testng.internal.thread.ThreadUtil$2.call(ThreadUtil.java:64)
	at java.util.concurrent.FutureTask.run(FutureTask.java:262)
	at java.util.concurrent.ThreadPoolExecutor.runWorker(ThreadPoolExecutor.java:1145)
	at java.util.concurrent.ThreadPoolExecutor$Worker.run(ThreadPoolExecutor.java:615)
	at java.lang.Thread.run(Thread.java:745)
Caused by: java.net.SocketException: No buffer space available (maximum connections reached?): connect
	at java.net.DualStackPlainSocketImpl.connect0(Native Method)
	at java.net.DualStackPlainSocketImpl.socketConnect(DualStackPlainSocketImpl.java:79)
	at java.net.AbstractPlainSocketImpl.doConnect(AbstractPlainSocketImpl.java:339)
	at java.net.AbstractPlainSocketImpl.connectToAddress(AbstractPlainSocketImpl.java:200)
	at java.net.AbstractPlainSocketImpl.connect(AbstractPlainSocketImpl.java:182)
	at java.net.PlainSocketImpl.connect(PlainSocketImpl.java:172)
	at java.net.SocksSocketImpl.connect(SocksSocketImpl.java:392)
	at java.net.Socket.connect(Socket.java:579)
	at java.net.Socket.connect(Socket.java:528)
	at sun.net.NetworkClient.doConnect(NetworkClient.java:180)
	at sun.net.www.http.HttpClient.openServer(HttpClient.java:432)
	at sun.net.www.http.HttpClient.openServer(HttpClient.java:527)
	at sun.net.www.http.HttpClient.<init>(HttpClient.java:211)
	at sun.net.www.http.HttpClient.New(HttpClient.java:308)
	at sun.net.www.http.HttpClient.New(HttpClient.java:326)
	at sun.net.www.protocol.http.HttpURLConnection.getNewHttpClient(HttpURLConnection.java:996)
	at sun.net.www.protocol.http.HttpURLConnection.plainConnect(HttpURLConnection.java:932)
	at sun.net.www.protocol.http.HttpURLConnection.connect(HttpURLConnection.java:850)
	at org.springframework.http.client.SimpleBufferingClientHttpRequest.executeInternal(SimpleBufferingClientHttpRequest.java:78)
	at org.springframework.http.client.AbstractBufferingClientHttpRequest.executeInternal(AbstractBufferingClientHttpRequest.java:46)
	at org.springframework.http.client.AbstractClientHttpRequest.execute(AbstractClientHttpRequest.java:52)
	at org.springframework.web.client.RestTemplate.doExecute(RestTemplate.java:527)
	... 17 more
]]>
    </failure>
  </testcase> <!-- thatOrdersCanBeAddedAndQueried -->
  <testcase name="thatOrdersCanBeAddedAndQueried" time="0.200" classname="com.sprhib.TestService"/>
  <testcase name="thatOrdersCanBeAddedAndQueried" time="0.314" classname="com.sprhib.TestService"/>
  <testcase name="thatOrdersCanBeAddedAndQueried" time="0.189" classname="com.sprhib.TestService"/>
  <testcase name="thatOrdersCanBeAddedAndQueried" time="0.157" classname="com.sprhib.TestService"/>
  <testcase name="thatOrdersCanBeAddedAndQueried" time="0.112" classname="com.sprhib.TestService"/>
  <testcase name="thatOrdersCanBeAddedAndQueried" time="0.215" classname="com.sprhib.TestService"/>
  <testcase name="thatOrdersCanBeAddedAndQueried" time="0.205" classname="com.sprhib.TestService"/>
  <testcase name="thatOrdersCanBeAddedAndQueried" time="0.231" classname="com.sprhib.TestService"/>
  <testcase name="thatOrdersCanBeAddedAndQueried" time="0.143" classname="com.sprhib.TestService"/>
  <testcase name="thatOrdersCanBeAddedAndQueried" time="0.250" classname="com.sprhib.TestService"/>
  <testcase name="thatOrdersCanBeAddedAndQueried" time="0.173" classname="com.sprhib.TestService"/>
  <testcase name="thatOrdersCanBeAddedAndQueried" time="0.090" classname="com.sprhib.TestService">
    <failure type="org.springframework.web.client.ResourceAccessException" message="I/O error on GET request for &quot;http://localhost:8080/spr-mvc-hib/convertation/-110/EUR/USD&quot;:No buffer space available (maximum connections reached?): connect; nested exception is java.net.SocketException: No buffer space available (maximum connections reached?): connect">
      <![CDATA[org.springframework.web.client.ResourceAccessException: I/O error on GET request for "http://localhost:8080/spr-mvc-hib/convertation/-110/EUR/USD":No buffer space available (maximum connections reached?): connect; nested exception is java.net.SocketException: No buffer space available (maximum connections reached?): connect
	at org.springframework.web.client.RestTemplate.doExecute(RestTemplate.java:543)
	at org.springframework.web.client.RestTemplate.execute(RestTemplate.java:489)
	at org.springframework.web.client.RestTemplate.getForEntity(RestTemplate.java:250)
	at com.sprhib.TestService.thatOrdersCanBeAddedAndQueried(TestService.java:26)
	at sun.reflect.GeneratedMethodAccessor3.invoke(Unknown Source)
	at sun.reflect.DelegatingMethodAccessorImpl.invoke(DelegatingMethodAccessorImpl.java:43)
	at java.lang.reflect.Method.invoke(Method.java:606)
	at org.testng.internal.MethodInvocationHelper.invokeMethod(MethodInvocationHelper.java:84)
	at org.testng.internal.Invoker.invokeMethod(Invoker.java:714)
	at org.testng.internal.Invoker.invokeTestMethod(Invoker.java:901)
	at org.testng.internal.Invoker.invokeTestMethods(Invoker.java:1231)
	at org.testng.internal.TestMethodWorker.invokeTestMethods(TestMethodWorker.java:127)
	at org.testng.internal.TestMethodWorker.run(TestMethodWorker.java:111)
	at org.testng.internal.thread.ThreadUtil$2.call(ThreadUtil.java:64)
	at java.util.concurrent.FutureTask.run(FutureTask.java:262)
	at java.util.concurrent.ThreadPoolExecutor.runWorker(ThreadPoolExecutor.java:1145)
	at java.util.concurrent.ThreadPoolExecutor$Worker.run(ThreadPoolExecutor.java:615)
	at java.lang.Thread.run(Thread.java:745)
Caused by: java.net.SocketException: No buffer space available (maximum connections reached?): connect
	at java.net.DualStackPlainSocketImpl.connect0(Native Method)
	at java.net.DualStackPlainSocketImpl.socketConnect(DualStackPlainSocketImpl.java:79)
	at java.net.AbstractPlainSocketImpl.doConnect(AbstractPlainSocketImpl.java:339)
	at java.net.AbstractPlainSocketImpl.connectToAddress(AbstractPlainSocketImpl.java:200)
	at java.net.AbstractPlainSocketImpl.connect(AbstractPlainSocketImpl.java:182)
	at java.net.PlainSocketImpl.connect(PlainSocketImpl.java:172)
	at java.net.SocksSocketImpl.connect(SocksSocketImpl.java:392)
	at java.net.Socket.connect(Socket.java:579)
	at java.net.Socket.connect(Socket.java:528)
	at sun.net.NetworkClient.doConnect(NetworkClient.java:180)
	at sun.net.www.http.HttpClient.openServer(HttpClient.java:432)
	at sun.net.www.http.HttpClient.openServer(HttpClient.java:527)
	at sun.net.www.http.HttpClient.<init>(HttpClient.java:211)
	at sun.net.www.http.HttpClient.New(HttpClient.java:308)
	at sun.net.www.http.HttpClient.New(HttpClient.java:326)
	at sun.net.www.protocol.http.HttpURLConnection.getNewHttpClient(HttpURLConnection.java:996)
	at sun.net.www.protocol.http.HttpURLConnection.plainConnect(HttpURLConnection.java:932)
	at sun.net.www.protocol.http.HttpURLConnection.connect(HttpURLConnection.java:850)
	at org.springframework.http.client.SimpleBufferingClientHttpRequest.executeInternal(SimpleBufferingClientHttpRequest.java:78)
	at org.springframework.http.client.AbstractBufferingClientHttpRequest.executeInternal(AbstractBufferingClientHttpRequest.java:46)
	at org.springframework.http.client.AbstractClientHttpRequest.execute(AbstractClientHttpRequest.java:52)
	at org.springframework.web.client.RestTemplate.doExecute(RestTemplate.java:527)
	... 17 more
]]>
    </failure>
  </testcase> <!-- thatOrdersCanBeAddedAndQueried -->
  <testcase name="thatOrdersCanBeAddedAndQueried" time="0.156" classname="com.sprhib.TestService"/>
  <testcase name="thatOrdersCanBeAddedAndQueried" time="0.143" classname="com.sprhib.TestService"/>
  <testcase name="thatOrdersCanBeAddedAndQueried" time="0.234" classname="com.sprhib.TestService"/>
  <testcase name="thatOrdersCanBeAddedAndQueried" time="0.152" classname="com.sprhib.TestService"/>
  <testcase name="thatOrdersCanBeAddedAndQueried" time="0.147" classname="com.sprhib.TestService"/>
  <testcase name="thatOrdersCanBeAddedAndQueried" time="0.340" classname="com.sprhib.TestService"/>
  <testcase name="thatOrdersCanBeAddedAndQueried" time="0.288" classname="com.sprhib.TestService"/>
  <testcase name="thatOrdersCanBeAddedAndQueried" time="0.305" classname="com.sprhib.TestService"/>
  <testcase name="thatOrdersCanBeAddedAndQueried" time="0.187" classname="com.sprhib.TestService"/>
  <testcase name="thatOrdersCanBeAddedAndQueried" time="0.360" classname="com.sprhib.TestService"/>
  <testcase name="thatOrdersCanBeAddedAndQueried" time="0.040" classname="com.sprhib.TestService">
    <failure type="org.springframework.web.client.ResourceAccessException" message="I/O error on GET request for &quot;http://localhost:8080/spr-mvc-hib/convertation/-110/EUR/USD&quot;:No buffer space available (maximum connections reached?): connect; nested exception is java.net.SocketException: No buffer space available (maximum connections reached?): connect">
      <![CDATA[org.springframework.web.client.ResourceAccessException: I/O error on GET request for "http://localhost:8080/spr-mvc-hib/convertation/-110/EUR/USD":No buffer space available (maximum connections reached?): connect; nested exception is java.net.SocketException: No buffer space available (maximum connections reached?): connect
	at org.springframework.web.client.RestTemplate.doExecute(RestTemplate.java:543)
	at org.springframework.web.client.RestTemplate.execute(RestTemplate.java:489)
	at org.springframework.web.client.RestTemplate.getForEntity(RestTemplate.java:250)
	at com.sprhib.TestService.thatOrdersCanBeAddedAndQueried(TestService.java:26)
	at sun.reflect.GeneratedMethodAccessor3.invoke(Unknown Source)
	at sun.reflect.DelegatingMethodAccessorImpl.invoke(DelegatingMethodAccessorImpl.java:43)
	at java.lang.reflect.Method.invoke(Method.java:606)
	at org.testng.internal.MethodInvocationHelper.invokeMethod(MethodInvocationHelper.java:84)
	at org.testng.internal.Invoker.invokeMethod(Invoker.java:714)
	at org.testng.internal.Invoker.invokeTestMethod(Invoker.java:901)
	at org.testng.internal.Invoker.invokeTestMethods(Invoker.java:1231)
	at org.testng.internal.TestMethodWorker.invokeTestMethods(TestMethodWorker.java:127)
	at org.testng.internal.TestMethodWorker.run(TestMethodWorker.java:111)
	at org.testng.internal.thread.ThreadUtil$2.call(ThreadUtil.java:64)
	at java.util.concurrent.FutureTask.run(FutureTask.java:262)
	at java.util.concurrent.ThreadPoolExecutor.runWorker(ThreadPoolExecutor.java:1145)
	at java.util.concurrent.ThreadPoolExecutor$Worker.run(ThreadPoolExecutor.java:615)
	at java.lang.Thread.run(Thread.java:745)
Caused by: java.net.SocketException: No buffer space available (maximum connections reached?): connect
	at java.net.DualStackPlainSocketImpl.connect0(Native Method)
	at java.net.DualStackPlainSocketImpl.socketConnect(DualStackPlainSocketImpl.java:79)
	at java.net.AbstractPlainSocketImpl.doConnect(AbstractPlainSocketImpl.java:339)
	at java.net.AbstractPlainSocketImpl.connectToAddress(AbstractPlainSocketImpl.java:200)
	at java.net.AbstractPlainSocketImpl.connect(AbstractPlainSocketImpl.java:182)
	at java.net.PlainSocketImpl.connect(PlainSocketImpl.java:172)
	at java.net.SocksSocketImpl.connect(SocksSocketImpl.java:392)
	at java.net.Socket.connect(Socket.java:579)
	at java.net.Socket.connect(Socket.java:528)
	at sun.net.NetworkClient.doConnect(NetworkClient.java:180)
	at sun.net.www.http.HttpClient.openServer(HttpClient.java:432)
	at sun.net.www.http.HttpClient.openServer(HttpClient.java:527)
	at sun.net.www.http.HttpClient.<init>(HttpClient.java:211)
	at sun.net.www.http.HttpClient.New(HttpClient.java:308)
	at sun.net.www.http.HttpClient.New(HttpClient.java:326)
	at sun.net.www.protocol.http.HttpURLConnection.getNewHttpClient(HttpURLConnection.java:996)
	at sun.net.www.protocol.http.HttpURLConnection.plainConnect(HttpURLConnection.java:932)
	at sun.net.www.protocol.http.HttpURLConnection.connect(HttpURLConnection.java:850)
	at org.springframework.http.client.SimpleBufferingClientHttpRequest.executeInternal(SimpleBufferingClientHttpRequest.java:78)
	at org.springframework.http.client.AbstractBufferingClientHttpRequest.executeInternal(AbstractBufferingClientHttpRequest.java:46)
	at org.springframework.http.client.AbstractClientHttpRequest.execute(AbstractClientHttpRequest.java:52)
	at org.springframework.web.client.RestTemplate.doExecute(RestTemplate.java:527)
	... 17 more
]]>
    </failure>
  </testcase> <!-- thatOrdersCanBeAddedAndQueried -->
  <testcase name="thatOrdersCanBeAddedAndQueried" time="0.212" classname="com.sprhib.TestService"/>
  <testcase name="thatOrdersCanBeAddedAndQueried" time="0.155" classname="com.sprhib.TestService"/>
  <testcase name="thatOrdersCanBeAddedAndQueried" time="0.224" classname="com.sprhib.TestService"/>
  <testcase name="thatOrdersCanBeAddedAndQueried" time="0.110" classname="com.sprhib.TestService"/>
  <testcase name="thatOrdersCanBeAddedAndQueried" time="0.203" classname="com.sprhib.TestService"/>
  <testcase name="thatOrdersCanBeAddedAndQueried" time="0.223" classname="com.sprhib.TestService"/>
  <testcase name="thatOrdersCanBeAddedAndQueried" time="0.214" classname="com.sprhib.TestService"/>
  <testcase name="thatOrdersCanBeAddedAndQueried" time="0.161" classname="com.sprhib.TestService"/>
  <testcase name="thatOrdersCanBeAddedAndQueried" time="0.188" classname="com.sprhib.TestService"/>
  <testcase name="thatOrdersCanBeAddedAndQueried" time="0.150" classname="com.sprhib.TestService"/>
  <testcase name="thatOrdersCanBeAddedAndQueried" time="0.167" classname="com.sprhib.TestService"/>
  <testcase name="thatOrdersCanBeAddedAndQueried" time="0.184" classname="com.sprhib.TestService"/>
  <testcase name="thatOrdersCanBeAddedAndQueried" time="0.198" classname="com.sprhib.TestService"/>
  <testcase name="thatOrdersCanBeAddedAndQueried" time="0.261" classname="com.sprhib.TestService"/>
  <testcase name="thatOrdersCanBeAddedAndQueried" time="0.330" classname="com.sprhib.TestService"/>
  <testcase name="thatOrdersCanBeAddedAndQueried" time="0.323" classname="com.sprhib.TestService"/>
  <testcase name="thatOrdersCanBeAddedAndQueried" time="0.153" classname="com.sprhib.TestService"/>
  <testcase name="thatOrdersCanBeAddedAndQueried" time="0.185" classname="com.sprhib.TestService"/>
  <testcase name="thatOrdersCanBeAddedAndQueried" time="0.164" classname="com.sprhib.TestService"/>
  <testcase name="thatOrdersCanBeAddedAndQueried" time="0.143" classname="com.sprhib.TestService"/>
  <testcase name="thatOrdersCanBeAddedAndQueried" time="0.056" classname="com.sprhib.TestService">
    <failure type="org.springframework.web.client.ResourceAccessException" message="I/O error on GET request for &quot;http://localhost:8080/spr-mvc-hib/convertation/-110/EUR/USD&quot;:No buffer space available (maximum connections reached?): connect; nested exception is java.net.SocketException: No buffer space available (maximum connections reached?): connect">
      <![CDATA[org.springframework.web.client.ResourceAccessException: I/O error on GET request for "http://localhost:8080/spr-mvc-hib/convertation/-110/EUR/USD":No buffer space available (maximum connections reached?): connect; nested exception is java.net.SocketException: No buffer space available (maximum connections reached?): connect
	at org.springframework.web.client.RestTemplate.doExecute(RestTemplate.java:543)
	at org.springframework.web.client.RestTemplate.execute(RestTemplate.java:489)
	at org.springframework.web.client.RestTemplate.getForEntity(RestTemplate.java:250)
	at com.sprhib.TestService.thatOrdersCanBeAddedAndQueried(TestService.java:26)
	at sun.reflect.GeneratedMethodAccessor3.invoke(Unknown Source)
	at sun.reflect.DelegatingMethodAccessorImpl.invoke(DelegatingMethodAccessorImpl.java:43)
	at java.lang.reflect.Method.invoke(Method.java:606)
	at org.testng.internal.MethodInvocationHelper.invokeMethod(MethodInvocationHelper.java:84)
	at org.testng.internal.Invoker.invokeMethod(Invoker.java:714)
	at org.testng.internal.Invoker.invokeTestMethod(Invoker.java:901)
	at org.testng.internal.Invoker.invokeTestMethods(Invoker.java:1231)
	at org.testng.internal.TestMethodWorker.invokeTestMethods(TestMethodWorker.java:127)
	at org.testng.internal.TestMethodWorker.run(TestMethodWorker.java:111)
	at org.testng.internal.thread.ThreadUtil$2.call(ThreadUtil.java:64)
	at java.util.concurrent.FutureTask.run(FutureTask.java:262)
	at java.util.concurrent.ThreadPoolExecutor.runWorker(ThreadPoolExecutor.java:1145)
	at java.util.concurrent.ThreadPoolExecutor$Worker.run(ThreadPoolExecutor.java:615)
	at java.lang.Thread.run(Thread.java:745)
Caused by: java.net.SocketException: No buffer space available (maximum connections reached?): connect
	at java.net.DualStackPlainSocketImpl.connect0(Native Method)
	at java.net.DualStackPlainSocketImpl.socketConnect(DualStackPlainSocketImpl.java:79)
	at java.net.AbstractPlainSocketImpl.doConnect(AbstractPlainSocketImpl.java:339)
	at java.net.AbstractPlainSocketImpl.connectToAddress(AbstractPlainSocketImpl.java:200)
	at java.net.AbstractPlainSocketImpl.connect(AbstractPlainSocketImpl.java:182)
	at java.net.PlainSocketImpl.connect(PlainSocketImpl.java:172)
	at java.net.SocksSocketImpl.connect(SocksSocketImpl.java:392)
	at java.net.Socket.connect(Socket.java:579)
	at java.net.Socket.connect(Socket.java:528)
	at sun.net.NetworkClient.doConnect(NetworkClient.java:180)
	at sun.net.www.http.HttpClient.openServer(HttpClient.java:432)
	at sun.net.www.http.HttpClient.openServer(HttpClient.java:527)
	at sun.net.www.http.HttpClient.<init>(HttpClient.java:211)
	at sun.net.www.http.HttpClient.New(HttpClient.java:308)
	at sun.net.www.http.HttpClient.New(HttpClient.java:326)
	at sun.net.www.protocol.http.HttpURLConnection.getNewHttpClient(HttpURLConnection.java:996)
	at sun.net.www.protocol.http.HttpURLConnection.plainConnect(HttpURLConnection.java:932)
	at sun.net.www.protocol.http.HttpURLConnection.connect(HttpURLConnection.java:850)
	at org.springframework.http.client.SimpleBufferingClientHttpRequest.executeInternal(SimpleBufferingClientHttpRequest.java:78)
	at org.springframework.http.client.AbstractBufferingClientHttpRequest.executeInternal(AbstractBufferingClientHttpRequest.java:46)
	at org.springframework.http.client.AbstractClientHttpRequest.execute(AbstractClientHttpRequest.java:52)
	at org.springframework.web.client.RestTemplate.doExecute(RestTemplate.java:527)
	... 17 more
]]>
    </failure>
  </testcase> <!-- thatOrdersCanBeAddedAndQueried -->
  <testcase name="thatOrdersCanBeAddedAndQueried" time="0.227" classname="com.sprhib.TestService"/>
  <testcase name="thatOrdersCanBeAddedAndQueried" time="0.440" classname="com.sprhib.TestService"/>
  <testcase name="thatOrdersCanBeAddedAndQueried" time="0.240" classname="com.sprhib.TestService"/>
  <testcase name="thatOrdersCanBeAddedAndQueried" time="0.147" classname="com.sprhib.TestService"/>
  <testcase name="thatOrdersCanBeAddedAndQueried" time="0.178" classname="com.sprhib.TestService"/>
  <testcase name="thatOrdersCanBeAddedAndQueried" time="0.376" classname="com.sprhib.TestService"/>
  <testcase name="thatOrdersCanBeAddedAndQueried" time="0.168" classname="com.sprhib.TestService"/>
  <testcase name="thatOrdersCanBeAddedAndQueried" time="0.114" classname="com.sprhib.TestService"/>
  <testcase name="thatOrdersCanBeAddedAndQueried" time="0.171" classname="com.sprhib.TestService"/>
  <testcase name="thatOrdersCanBeAddedAndQueried" time="0.079" classname="com.sprhib.TestService">
    <failure type="org.springframework.web.client.ResourceAccessException" message="I/O error on GET request for &quot;http://localhost:8080/spr-mvc-hib/convertation/-110/EUR/USD&quot;:No buffer space available (maximum connections reached?): connect; nested exception is java.net.SocketException: No buffer space available (maximum connections reached?): connect">
      <![CDATA[org.springframework.web.client.ResourceAccessException: I/O error on GET request for "http://localhost:8080/spr-mvc-hib/convertation/-110/EUR/USD":No buffer space available (maximum connections reached?): connect; nested exception is java.net.SocketException: No buffer space available (maximum connections reached?): connect
	at org.springframework.web.client.RestTemplate.doExecute(RestTemplate.java:543)
	at org.springframework.web.client.RestTemplate.execute(RestTemplate.java:489)
	at org.springframework.web.client.RestTemplate.getForEntity(RestTemplate.java:250)
	at com.sprhib.TestService.thatOrdersCanBeAddedAndQueried(TestService.java:26)
	at sun.reflect.GeneratedMethodAccessor3.invoke(Unknown Source)
	at sun.reflect.DelegatingMethodAccessorImpl.invoke(DelegatingMethodAccessorImpl.java:43)
	at java.lang.reflect.Method.invoke(Method.java:606)
	at org.testng.internal.MethodInvocationHelper.invokeMethod(MethodInvocationHelper.java:84)
	at org.testng.internal.Invoker.invokeMethod(Invoker.java:714)
	at org.testng.internal.Invoker.invokeTestMethod(Invoker.java:901)
	at org.testng.internal.Invoker.invokeTestMethods(Invoker.java:1231)
	at org.testng.internal.TestMethodWorker.invokeTestMethods(TestMethodWorker.java:127)
	at org.testng.internal.TestMethodWorker.run(TestMethodWorker.java:111)
	at org.testng.internal.thread.ThreadUtil$2.call(ThreadUtil.java:64)
	at java.util.concurrent.FutureTask.run(FutureTask.java:262)
	at java.util.concurrent.ThreadPoolExecutor.runWorker(ThreadPoolExecutor.java:1145)
	at java.util.concurrent.ThreadPoolExecutor$Worker.run(ThreadPoolExecutor.java:615)
	at java.lang.Thread.run(Thread.java:745)
Caused by: java.net.SocketException: No buffer space available (maximum connections reached?): connect
	at java.net.DualStackPlainSocketImpl.connect0(Native Method)
	at java.net.DualStackPlainSocketImpl.socketConnect(DualStackPlainSocketImpl.java:79)
	at java.net.AbstractPlainSocketImpl.doConnect(AbstractPlainSocketImpl.java:339)
	at java.net.AbstractPlainSocketImpl.connectToAddress(AbstractPlainSocketImpl.java:200)
	at java.net.AbstractPlainSocketImpl.connect(AbstractPlainSocketImpl.java:182)
	at java.net.PlainSocketImpl.connect(PlainSocketImpl.java:172)
	at java.net.SocksSocketImpl.connect(SocksSocketImpl.java:392)
	at java.net.Socket.connect(Socket.java:579)
	at java.net.Socket.connect(Socket.java:528)
	at sun.net.NetworkClient.doConnect(NetworkClient.java:180)
	at sun.net.www.http.HttpClient.openServer(HttpClient.java:432)
	at sun.net.www.http.HttpClient.openServer(HttpClient.java:527)
	at sun.net.www.http.HttpClient.<init>(HttpClient.java:211)
	at sun.net.www.http.HttpClient.New(HttpClient.java:308)
	at sun.net.www.http.HttpClient.New(HttpClient.java:326)
	at sun.net.www.protocol.http.HttpURLConnection.getNewHttpClient(HttpURLConnection.java:996)
	at sun.net.www.protocol.http.HttpURLConnection.plainConnect(HttpURLConnection.java:932)
	at sun.net.www.protocol.http.HttpURLConnection.connect(HttpURLConnection.java:850)
	at org.springframework.http.client.SimpleBufferingClientHttpRequest.executeInternal(SimpleBufferingClientHttpRequest.java:78)
	at org.springframework.http.client.AbstractBufferingClientHttpRequest.executeInternal(AbstractBufferingClientHttpRequest.java:46)
	at org.springframework.http.client.AbstractClientHttpRequest.execute(AbstractClientHttpRequest.java:52)
	at org.springframework.web.client.RestTemplate.doExecute(RestTemplate.java:527)
	... 17 more
]]>
    </failure>
  </testcase> <!-- thatOrdersCanBeAddedAndQueried -->
  <testcase name="thatOrdersCanBeAddedAndQueried" time="0.157" classname="com.sprhib.TestService"/>
  <testcase name="thatOrdersCanBeAddedAndQueried" time="0.145" classname="com.sprhib.TestService"/>
  <testcase name="thatOrdersCanBeAddedAndQueried" time="0.143" classname="com.sprhib.TestService"/>
  <testcase name="thatOrdersCanBeAddedAndQueried" time="0.296" classname="com.sprhib.TestService"/>
  <testcase name="thatOrdersCanBeAddedAndQueried" time="0.304" classname="com.sprhib.TestService"/>
  <testcase name="thatOrdersCanBeAddedAndQueried" time="0.197" classname="com.sprhib.TestService"/>
  <testcase name="thatOrdersCanBeAddedAndQueried" time="0.025" classname="com.sprhib.TestService">
    <failure type="org.springframework.web.client.ResourceAccessException" message="I/O error on GET request for &quot;http://localhost:8080/spr-mvc-hib/convertation/-110/EUR/USD&quot;:No buffer space available (maximum connections reached?): connect; nested exception is java.net.SocketException: No buffer space available (maximum connections reached?): connect">
      <![CDATA[org.springframework.web.client.ResourceAccessException: I/O error on GET request for "http://localhost:8080/spr-mvc-hib/convertation/-110/EUR/USD":No buffer space available (maximum connections reached?): connect; nested exception is java.net.SocketException: No buffer space available (maximum connections reached?): connect
	at org.springframework.web.client.RestTemplate.doExecute(RestTemplate.java:543)
	at org.springframework.web.client.RestTemplate.execute(RestTemplate.java:489)
	at org.springframework.web.client.RestTemplate.getForEntity(RestTemplate.java:250)
	at com.sprhib.TestService.thatOrdersCanBeAddedAndQueried(TestService.java:26)
	at sun.reflect.GeneratedMethodAccessor3.invoke(Unknown Source)
	at sun.reflect.DelegatingMethodAccessorImpl.invoke(DelegatingMethodAccessorImpl.java:43)
	at java.lang.reflect.Method.invoke(Method.java:606)
	at org.testng.internal.MethodInvocationHelper.invokeMethod(MethodInvocationHelper.java:84)
	at org.testng.internal.Invoker.invokeMethod(Invoker.java:714)
	at org.testng.internal.Invoker.invokeTestMethod(Invoker.java:901)
	at org.testng.internal.Invoker.invokeTestMethods(Invoker.java:1231)
	at org.testng.internal.TestMethodWorker.invokeTestMethods(TestMethodWorker.java:127)
	at org.testng.internal.TestMethodWorker.run(TestMethodWorker.java:111)
	at org.testng.internal.thread.ThreadUtil$2.call(ThreadUtil.java:64)
	at java.util.concurrent.FutureTask.run(FutureTask.java:262)
	at java.util.concurrent.ThreadPoolExecutor.runWorker(ThreadPoolExecutor.java:1145)
	at java.util.concurrent.ThreadPoolExecutor$Worker.run(ThreadPoolExecutor.java:615)
	at java.lang.Thread.run(Thread.java:745)
Caused by: java.net.SocketException: No buffer space available (maximum connections reached?): connect
	at java.net.DualStackPlainSocketImpl.connect0(Native Method)
	at java.net.DualStackPlainSocketImpl.socketConnect(DualStackPlainSocketImpl.java:79)
	at java.net.AbstractPlainSocketImpl.doConnect(AbstractPlainSocketImpl.java:339)
	at java.net.AbstractPlainSocketImpl.connectToAddress(AbstractPlainSocketImpl.java:200)
	at java.net.AbstractPlainSocketImpl.connect(AbstractPlainSocketImpl.java:182)
	at java.net.PlainSocketImpl.connect(PlainSocketImpl.java:172)
	at java.net.SocksSocketImpl.connect(SocksSocketImpl.java:392)
	at java.net.Socket.connect(Socket.java:579)
	at java.net.Socket.connect(Socket.java:528)
	at sun.net.NetworkClient.doConnect(NetworkClient.java:180)
	at sun.net.www.http.HttpClient.openServer(HttpClient.java:432)
	at sun.net.www.http.HttpClient.openServer(HttpClient.java:527)
	at sun.net.www.http.HttpClient.<init>(HttpClient.java:211)
	at sun.net.www.http.HttpClient.New(HttpClient.java:308)
	at sun.net.www.http.HttpClient.New(HttpClient.java:326)
	at sun.net.www.protocol.http.HttpURLConnection.getNewHttpClient(HttpURLConnection.java:996)
	at sun.net.www.protocol.http.HttpURLConnection.plainConnect(HttpURLConnection.java:932)
	at sun.net.www.protocol.http.HttpURLConnection.connect(HttpURLConnection.java:850)
	at org.springframework.http.client.SimpleBufferingClientHttpRequest.executeInternal(SimpleBufferingClientHttpRequest.java:78)
	at org.springframework.http.client.AbstractBufferingClientHttpRequest.executeInternal(AbstractBufferingClientHttpRequest.java:46)
	at org.springframework.http.client.AbstractClientHttpRequest.execute(AbstractClientHttpRequest.java:52)
	at org.springframework.web.client.RestTemplate.doExecute(RestTemplate.java:527)
	... 17 more
]]>
    </failure>
  </testcase> <!-- thatOrdersCanBeAddedAndQueried -->
  <testcase name="thatOrdersCanBeAddedAndQueried" time="0.118" classname="com.sprhib.TestService"/>
  <testcase name="thatOrdersCanBeAddedAndQueried" time="0.147" classname="com.sprhib.TestService"/>
  <testcase name="thatOrdersCanBeAddedAndQueried" time="0.138" classname="com.sprhib.TestService"/>
  <testcase name="thatOrdersCanBeAddedAndQueried" time="0.163" classname="com.sprhib.TestService"/>
  <testcase name="thatOrdersCanBeAddedAndQueried" time="0.293" classname="com.sprhib.TestService"/>
  <testcase name="thatOrdersCanBeAddedAndQueried" time="0.152" classname="com.sprhib.TestService"/>
  <testcase name="thatOrdersCanBeAddedAndQueried" time="0.137" classname="com.sprhib.TestService"/>
  <testcase name="thatOrdersCanBeAddedAndQueried" time="0.220" classname="com.sprhib.TestService"/>
  <testcase name="thatOrdersCanBeAddedAndQueried" time="0.171" classname="com.sprhib.TestService"/>
  <testcase name="thatOrdersCanBeAddedAndQueried" time="0.160" classname="com.sprhib.TestService"/>
  <testcase name="thatOrdersCanBeAddedAndQueried" time="0.222" classname="com.sprhib.TestService"/>
  <testcase name="thatOrdersCanBeAddedAndQueried" time="0.209" classname="com.sprhib.TestService"/>
  <testcase name="thatOrdersCanBeAddedAndQueried" time="0.130" classname="com.sprhib.TestService"/>
  <testcase name="thatOrdersCanBeAddedAndQueried" time="0.194" classname="com.sprhib.TestService"/>
  <testcase name="thatOrdersCanBeAddedAndQueried" time="0.168" classname="com.sprhib.TestService"/>
  <testcase name="thatOrdersCanBeAddedAndQueried" time="0.222" classname="com.sprhib.TestService"/>
  <testcase name="thatOrdersCanBeAddedAndQueried" time="0.147" classname="com.sprhib.TestService"/>
  <testcase name="thatOrdersCanBeAddedAndQueried" time="0.141" classname="com.sprhib.TestService"/>
  <testcase name="thatOrdersCanBeAddedAndQueried" time="0.245" classname="com.sprhib.TestService"/>
  <testcase name="thatOrdersCanBeAddedAndQueried" time="0.165" classname="com.sprhib.TestService"/>
  <testcase name="thatOrdersCanBeAddedAndQueried" time="0.188" classname="com.sprhib.TestService"/>
  <testcase name="thatOrdersCanBeAddedAndQueried" time="0.137" classname="com.sprhib.TestService"/>
  <testcase name="thatOrdersCanBeAddedAndQueried" time="0.154" classname="com.sprhib.TestService"/>
  <testcase name="thatOrdersCanBeAddedAndQueried" time="0.292" classname="com.sprhib.TestService"/>
  <testcase name="thatOrdersCanBeAddedAndQueried" time="0.191" classname="com.sprhib.TestService"/>
  <testcase name="thatOrdersCanBeAddedAndQueried" time="0.210" classname="com.sprhib.TestService"/>
  <testcase name="thatOrdersCanBeAddedAndQueried" time="0.253" classname="com.sprhib.TestService"/>
  <testcase name="thatOrdersCanBeAddedAndQueried" time="0.266" classname="com.sprhib.TestService"/>
  <testcase name="thatOrdersCanBeAddedAndQueried" time="0.181" classname="com.sprhib.TestService"/>
  <testcase name="thatOrdersCanBeAddedAndQueried" time="0.204" classname="com.sprhib.TestService"/>
  <testcase name="thatOrdersCanBeAddedAndQueried" time="0.127" classname="com.sprhib.TestService"/>
  <testcase name="thatOrdersCanBeAddedAndQueried" time="0.028" classname="com.sprhib.TestService">
    <failure type="org.springframework.web.client.ResourceAccessException" message="I/O error on GET request for &quot;http://localhost:8080/spr-mvc-hib/convertation/-110/EUR/USD&quot;:No buffer space available (maximum connections reached?): connect; nested exception is java.net.SocketException: No buffer space available (maximum connections reached?): connect">
      <![CDATA[org.springframework.web.client.ResourceAccessException: I/O error on GET request for "http://localhost:8080/spr-mvc-hib/convertation/-110/EUR/USD":No buffer space available (maximum connections reached?): connect; nested exception is java.net.SocketException: No buffer space available (maximum connections reached?): connect
	at org.springframework.web.client.RestTemplate.doExecute(RestTemplate.java:543)
	at org.springframework.web.client.RestTemplate.execute(RestTemplate.java:489)
	at org.springframework.web.client.RestTemplate.getForEntity(RestTemplate.java:250)
	at com.sprhib.TestService.thatOrdersCanBeAddedAndQueried(TestService.java:26)
	at sun.reflect.GeneratedMethodAccessor3.invoke(Unknown Source)
	at sun.reflect.DelegatingMethodAccessorImpl.invoke(DelegatingMethodAccessorImpl.java:43)
	at java.lang.reflect.Method.invoke(Method.java:606)
	at org.testng.internal.MethodInvocationHelper.invokeMethod(MethodInvocationHelper.java:84)
	at org.testng.internal.Invoker.invokeMethod(Invoker.java:714)
	at org.testng.internal.Invoker.invokeTestMethod(Invoker.java:901)
	at org.testng.internal.Invoker.invokeTestMethods(Invoker.java:1231)
	at org.testng.internal.TestMethodWorker.invokeTestMethods(TestMethodWorker.java:127)
	at org.testng.internal.TestMethodWorker.run(TestMethodWorker.java:111)
	at org.testng.internal.thread.ThreadUtil$2.call(ThreadUtil.java:64)
	at java.util.concurrent.FutureTask.run(FutureTask.java:262)
	at java.util.concurrent.ThreadPoolExecutor.runWorker(ThreadPoolExecutor.java:1145)
	at java.util.concurrent.ThreadPoolExecutor$Worker.run(ThreadPoolExecutor.java:615)
	at java.lang.Thread.run(Thread.java:745)
Caused by: java.net.SocketException: No buffer space available (maximum connections reached?): connect
	at java.net.DualStackPlainSocketImpl.connect0(Native Method)
	at java.net.DualStackPlainSocketImpl.socketConnect(DualStackPlainSocketImpl.java:79)
	at java.net.AbstractPlainSocketImpl.doConnect(AbstractPlainSocketImpl.java:339)
	at java.net.AbstractPlainSocketImpl.connectToAddress(AbstractPlainSocketImpl.java:200)
	at java.net.AbstractPlainSocketImpl.connect(AbstractPlainSocketImpl.java:182)
	at java.net.PlainSocketImpl.connect(PlainSocketImpl.java:172)
	at java.net.SocksSocketImpl.connect(SocksSocketImpl.java:392)
	at java.net.Socket.connect(Socket.java:579)
	at java.net.Socket.connect(Socket.java:528)
	at sun.net.NetworkClient.doConnect(NetworkClient.java:180)
	at sun.net.www.http.HttpClient.openServer(HttpClient.java:432)
	at sun.net.www.http.HttpClient.openServer(HttpClient.java:527)
	at sun.net.www.http.HttpClient.<init>(HttpClient.java:211)
	at sun.net.www.http.HttpClient.New(HttpClient.java:308)
	at sun.net.www.http.HttpClient.New(HttpClient.java:326)
	at sun.net.www.protocol.http.HttpURLConnection.getNewHttpClient(HttpURLConnection.java:996)
	at sun.net.www.protocol.http.HttpURLConnection.plainConnect(HttpURLConnection.java:932)
	at sun.net.www.protocol.http.HttpURLConnection.connect(HttpURLConnection.java:850)
	at org.springframework.http.client.SimpleBufferingClientHttpRequest.executeInternal(SimpleBufferingClientHttpRequest.java:78)
	at org.springframework.http.client.AbstractBufferingClientHttpRequest.executeInternal(AbstractBufferingClientHttpRequest.java:46)
	at org.springframework.http.client.AbstractClientHttpRequest.execute(AbstractClientHttpRequest.java:52)
	at org.springframework.web.client.RestTemplate.doExecute(RestTemplate.java:527)
	... 17 more
]]>
    </failure>
  </testcase> <!-- thatOrdersCanBeAddedAndQueried -->
  <testcase name="thatOrdersCanBeAddedAndQueried" time="0.149" classname="com.sprhib.TestService"/>
  <testcase name="thatOrdersCanBeAddedAndQueried" time="0.107" classname="com.sprhib.TestService"/>
  <testcase name="thatOrdersCanBeAddedAndQueried" time="0.223" classname="com.sprhib.TestService"/>
  <testcase name="thatOrdersCanBeAddedAndQueried" time="0.209" classname="com.sprhib.TestService"/>
  <testcase name="thatOrdersCanBeAddedAndQueried" time="0.150" classname="com.sprhib.TestService"/>
  <testcase name="thatOrdersCanBeAddedAndQueried" time="0.212" classname="com.sprhib.TestService"/>
  <testcase name="thatOrdersCanBeAddedAndQueried" time="0.182" classname="com.sprhib.TestService"/>
  <testcase name="thatOrdersCanBeAddedAndQueried" time="0.500" classname="com.sprhib.TestService"/>
  <testcase name="thatOrdersCanBeAddedAndQueried" time="0.188" classname="com.sprhib.TestService"/>
  <testcase name="thatOrdersCanBeAddedAndQueried" time="0.152" classname="com.sprhib.TestService"/>
  <testcase name="thatOrdersCanBeAddedAndQueried" time="0.211" classname="com.sprhib.TestService"/>
  <testcase name="thatOrdersCanBeAddedAndQueried" time="0.190" classname="com.sprhib.TestService"/>
  <testcase name="thatOrdersCanBeAddedAndQueried" time="0.188" classname="com.sprhib.TestService"/>
  <testcase name="thatOrdersCanBeAddedAndQueried" time="0.134" classname="com.sprhib.TestService"/>
  <testcase name="thatOrdersCanBeAddedAndQueried" time="0.404" classname="com.sprhib.TestService"/>
  <testcase name="thatOrdersCanBeAddedAndQueried" time="0.216" classname="com.sprhib.TestService"/>
  <testcase name="thatOrdersCanBeAddedAndQueried" time="0.170" classname="com.sprhib.TestService"/>
  <testcase name="thatOrdersCanBeAddedAndQueried" time="0.184" classname="com.sprhib.TestService"/>
  <testcase name="thatOrdersCanBeAddedAndQueried" time="0.158" classname="com.sprhib.TestService"/>
  <testcase name="thatOrdersCanBeAddedAndQueried" time="0.142" classname="com.sprhib.TestService"/>
  <testcase name="thatOrdersCanBeAddedAndQueried" time="0.233" classname="com.sprhib.TestService"/>
  <testcase name="thatOrdersCanBeAddedAndQueried" time="0.150" classname="com.sprhib.TestService"/>
  <testcase name="thatOrdersCanBeAddedAndQueried" time="0.182" classname="com.sprhib.TestService"/>
  <testcase name="thatOrdersCanBeAddedAndQueried" time="0.160" classname="com.sprhib.TestService"/>
  <testcase name="thatOrdersCanBeAddedAndQueried" time="0.190" classname="com.sprhib.TestService"/>
  <testcase name="thatOrdersCanBeAddedAndQueried" time="0.158" classname="com.sprhib.TestService"/>
  <testcase name="thatOrdersCanBeAddedAndQueried" time="0.437" classname="com.sprhib.TestService"/>
  <testcase name="thatOrdersCanBeAddedAndQueried" time="0.203" classname="com.sprhib.TestService"/>
  <testcase name="thatOrdersCanBeAddedAndQueried" time="0.129" classname="com.sprhib.TestService"/>
  <testcase name="thatOrdersCanBeAddedAndQueried" time="0.207" classname="com.sprhib.TestService"/>
  <testcase name="thatOrdersCanBeAddedAndQueried" time="0.164" classname="com.sprhib.TestService"/>
  <testcase name="thatOrdersCanBeAddedAndQueried" time="0.157" classname="com.sprhib.TestService"/>
  <testcase name="thatOrdersCanBeAddedAndQueried" time="0.126" classname="com.sprhib.TestService"/>
  <testcase name="thatOrdersCanBeAddedAndQueried" time="0.243" classname="com.sprhib.TestService"/>
  <testcase name="thatOrdersCanBeAddedAndQueried" time="0.464" classname="com.sprhib.TestService"/>
  <testcase name="thatOrdersCanBeAddedAndQueried" time="0.202" classname="com.sprhib.TestService"/>
  <testcase name="thatOrdersCanBeAddedAndQueried" time="0.163" classname="com.sprhib.TestService"/>
  <testcase name="thatOrdersCanBeAddedAndQueried" time="0.410" classname="com.sprhib.TestService"/>
  <testcase name="thatOrdersCanBeAddedAndQueried" time="0.125" classname="com.sprhib.TestService"/>
  <testcase name="thatOrdersCanBeAddedAndQueried" time="0.268" classname="com.sprhib.TestService"/>
  <testcase name="thatOrdersCanBeAddedAndQueried" time="0.206" classname="com.sprhib.TestService"/>
  <testcase name="thatOrdersCanBeAddedAndQueried" time="0.111" classname="com.sprhib.TestService"/>
  <testcase name="thatOrdersCanBeAddedAndQueried" time="0.278" classname="com.sprhib.TestService"/>
  <testcase name="thatOrdersCanBeAddedAndQueried" time="0.167" classname="com.sprhib.TestService"/>
  <testcase name="thatOrdersCanBeAddedAndQueried" time="0.211" classname="com.sprhib.TestService"/>
  <testcase name="thatOrdersCanBeAddedAndQueried" time="0.233" classname="com.sprhib.TestService"/>
  <testcase name="thatOrdersCanBeAddedAndQueried" time="0.164" classname="com.sprhib.TestService"/>
  <testcase name="thatOrdersCanBeAddedAndQueried" time="0.273" classname="com.sprhib.TestService"/>
  <testcase name="thatOrdersCanBeAddedAndQueried" time="0.183" classname="com.sprhib.TestService"/>
  <testcase name="thatOrdersCanBeAddedAndQueried" time="0.295" classname="com.sprhib.TestService"/>
  <testcase name="thatOrdersCanBeAddedAndQueried" time="0.243" classname="com.sprhib.TestService"/>
  <testcase name="thatOrdersCanBeAddedAndQueried" time="0.133" classname="com.sprhib.TestService"/>
  <testcase name="thatOrdersCanBeAddedAndQueried" time="0.123" classname="com.sprhib.TestService"/>
  <testcase name="thatOrdersCanBeAddedAndQueried" time="0.139" classname="com.sprhib.TestService"/>
  <testcase name="thatOrdersCanBeAddedAndQueried" time="0.172" classname="com.sprhib.TestService"/>
  <testcase name="thatOrdersCanBeAddedAndQueried" time="0.225" classname="com.sprhib.TestService"/>
  <testcase name="thatOrdersCanBeAddedAndQueried" time="0.184" classname="com.sprhib.TestService"/>
  <testcase name="thatOrdersCanBeAddedAndQueried" time="0.216" classname="com.sprhib.TestService"/>
  <testcase name="thatOrdersCanBeAddedAndQueried" time="0.223" classname="com.sprhib.TestService"/>
  <testcase name="thatOrdersCanBeAddedAndQueried" time="0.183" classname="com.sprhib.TestService"/>
  <testcase name="thatOrdersCanBeAddedAndQueried" time="0.056" classname="com.sprhib.TestService">
    <failure type="org.springframework.web.client.ResourceAccessException" message="I/O error on GET request for &quot;http://localhost:8080/spr-mvc-hib/convertation/-110/EUR/USD&quot;:No buffer space available (maximum connections reached?): connect; nested exception is java.net.SocketException: No buffer space available (maximum connections reached?): connect">
      <![CDATA[org.springframework.web.client.ResourceAccessException: I/O error on GET request for "http://localhost:8080/spr-mvc-hib/convertation/-110/EUR/USD":No buffer space available (maximum connections reached?): connect; nested exception is java.net.SocketException: No buffer space available (maximum connections reached?): connect
	at org.springframework.web.client.RestTemplate.doExecute(RestTemplate.java:543)
	at org.springframework.web.client.RestTemplate.execute(RestTemplate.java:489)
	at org.springframework.web.client.RestTemplate.getForEntity(RestTemplate.java:250)
	at com.sprhib.TestService.thatOrdersCanBeAddedAndQueried(TestService.java:26)
	at sun.reflect.GeneratedMethodAccessor3.invoke(Unknown Source)
	at sun.reflect.DelegatingMethodAccessorImpl.invoke(DelegatingMethodAccessorImpl.java:43)
	at java.lang.reflect.Method.invoke(Method.java:606)
	at org.testng.internal.MethodInvocationHelper.invokeMethod(MethodInvocationHelper.java:84)
	at org.testng.internal.Invoker.invokeMethod(Invoker.java:714)
	at org.testng.internal.Invoker.invokeTestMethod(Invoker.java:901)
	at org.testng.internal.Invoker.invokeTestMethods(Invoker.java:1231)
	at org.testng.internal.TestMethodWorker.invokeTestMethods(TestMethodWorker.java:127)
	at org.testng.internal.TestMethodWorker.run(TestMethodWorker.java:111)
	at org.testng.internal.thread.ThreadUtil$2.call(ThreadUtil.java:64)
	at java.util.concurrent.FutureTask.run(FutureTask.java:262)
	at java.util.concurrent.ThreadPoolExecutor.runWorker(ThreadPoolExecutor.java:1145)
	at java.util.concurrent.ThreadPoolExecutor$Worker.run(ThreadPoolExecutor.java:615)
	at java.lang.Thread.run(Thread.java:745)
Caused by: java.net.SocketException: No buffer space available (maximum connections reached?): connect
	at java.net.DualStackPlainSocketImpl.connect0(Native Method)
	at java.net.DualStackPlainSocketImpl.socketConnect(DualStackPlainSocketImpl.java:79)
	at java.net.AbstractPlainSocketImpl.doConnect(AbstractPlainSocketImpl.java:339)
	at java.net.AbstractPlainSocketImpl.connectToAddress(AbstractPlainSocketImpl.java:200)
	at java.net.AbstractPlainSocketImpl.connect(AbstractPlainSocketImpl.java:182)
	at java.net.PlainSocketImpl.connect(PlainSocketImpl.java:172)
	at java.net.SocksSocketImpl.connect(SocksSocketImpl.java:392)
	at java.net.Socket.connect(Socket.java:579)
	at java.net.Socket.connect(Socket.java:528)
	at sun.net.NetworkClient.doConnect(NetworkClient.java:180)
	at sun.net.www.http.HttpClient.openServer(HttpClient.java:432)
	at sun.net.www.http.HttpClient.openServer(HttpClient.java:527)
	at sun.net.www.http.HttpClient.<init>(HttpClient.java:211)
	at sun.net.www.http.HttpClient.New(HttpClient.java:308)
	at sun.net.www.http.HttpClient.New(HttpClient.java:326)
	at sun.net.www.protocol.http.HttpURLConnection.getNewHttpClient(HttpURLConnection.java:996)
	at sun.net.www.protocol.http.HttpURLConnection.plainConnect(HttpURLConnection.java:932)
	at sun.net.www.protocol.http.HttpURLConnection.connect(HttpURLConnection.java:850)
	at org.springframework.http.client.SimpleBufferingClientHttpRequest.executeInternal(SimpleBufferingClientHttpRequest.java:78)
	at org.springframework.http.client.AbstractBufferingClientHttpRequest.executeInternal(AbstractBufferingClientHttpRequest.java:46)
	at org.springframework.http.client.AbstractClientHttpRequest.execute(AbstractClientHttpRequest.java:52)
	at org.springframework.web.client.RestTemplate.doExecute(RestTemplate.java:527)
	... 17 more
]]>
    </failure>
  </testcase> <!-- thatOrdersCanBeAddedAndQueried -->
  <testcase name="thatOrdersCanBeAddedAndQueried" time="0.175" classname="com.sprhib.TestService"/>
  <testcase name="thatOrdersCanBeAddedAndQueried" time="0.118" classname="com.sprhib.TestService"/>
  <testcase name="thatOrdersCanBeAddedAndQueried" time="0.162" classname="com.sprhib.TestService"/>
  <testcase name="thatOrdersCanBeAddedAndQueried" time="0.249" classname="com.sprhib.TestService"/>
  <testcase name="thatOrdersCanBeAddedAndQueried" time="0.190" classname="com.sprhib.TestService"/>
  <testcase name="thatOrdersCanBeAddedAndQueried" time="0.290" classname="com.sprhib.TestService"/>
  <testcase name="thatOrdersCanBeAddedAndQueried" time="0.156" classname="com.sprhib.TestService"/>
  <testcase name="thatOrdersCanBeAddedAndQueried" time="0.252" classname="com.sprhib.TestService"/>
  <testcase name="thatOrdersCanBeAddedAndQueried" time="0.037" classname="com.sprhib.TestService">
    <failure type="org.springframework.web.client.ResourceAccessException" message="I/O error on GET request for &quot;http://localhost:8080/spr-mvc-hib/convertation/-110/EUR/USD&quot;:No buffer space available (maximum connections reached?): connect; nested exception is java.net.SocketException: No buffer space available (maximum connections reached?): connect">
      <![CDATA[org.springframework.web.client.ResourceAccessException: I/O error on GET request for "http://localhost:8080/spr-mvc-hib/convertation/-110/EUR/USD":No buffer space available (maximum connections reached?): connect; nested exception is java.net.SocketException: No buffer space available (maximum connections reached?): connect
	at org.springframework.web.client.RestTemplate.doExecute(RestTemplate.java:543)
	at org.springframework.web.client.RestTemplate.execute(RestTemplate.java:489)
	at org.springframework.web.client.RestTemplate.getForEntity(RestTemplate.java:250)
	at com.sprhib.TestService.thatOrdersCanBeAddedAndQueried(TestService.java:26)
	at sun.reflect.GeneratedMethodAccessor3.invoke(Unknown Source)
	at sun.reflect.DelegatingMethodAccessorImpl.invoke(DelegatingMethodAccessorImpl.java:43)
	at java.lang.reflect.Method.invoke(Method.java:606)
	at org.testng.internal.MethodInvocationHelper.invokeMethod(MethodInvocationHelper.java:84)
	at org.testng.internal.Invoker.invokeMethod(Invoker.java:714)
	at org.testng.internal.Invoker.invokeTestMethod(Invoker.java:901)
	at org.testng.internal.Invoker.invokeTestMethods(Invoker.java:1231)
	at org.testng.internal.TestMethodWorker.invokeTestMethods(TestMethodWorker.java:127)
	at org.testng.internal.TestMethodWorker.run(TestMethodWorker.java:111)
	at org.testng.internal.thread.ThreadUtil$2.call(ThreadUtil.java:64)
	at java.util.concurrent.FutureTask.run(FutureTask.java:262)
	at java.util.concurrent.ThreadPoolExecutor.runWorker(ThreadPoolExecutor.java:1145)
	at java.util.concurrent.ThreadPoolExecutor$Worker.run(ThreadPoolExecutor.java:615)
	at java.lang.Thread.run(Thread.java:745)
Caused by: java.net.SocketException: No buffer space available (maximum connections reached?): connect
	at java.net.DualStackPlainSocketImpl.connect0(Native Method)
	at java.net.DualStackPlainSocketImpl.socketConnect(DualStackPlainSocketImpl.java:79)
	at java.net.AbstractPlainSocketImpl.doConnect(AbstractPlainSocketImpl.java:339)
	at java.net.AbstractPlainSocketImpl.connectToAddress(AbstractPlainSocketImpl.java:200)
	at java.net.AbstractPlainSocketImpl.connect(AbstractPlainSocketImpl.java:182)
	at java.net.PlainSocketImpl.connect(PlainSocketImpl.java:172)
	at java.net.SocksSocketImpl.connect(SocksSocketImpl.java:392)
	at java.net.Socket.connect(Socket.java:579)
	at java.net.Socket.connect(Socket.java:528)
	at sun.net.NetworkClient.doConnect(NetworkClient.java:180)
	at sun.net.www.http.HttpClient.openServer(HttpClient.java:432)
	at sun.net.www.http.HttpClient.openServer(HttpClient.java:527)
	at sun.net.www.http.HttpClient.<init>(HttpClient.java:211)
	at sun.net.www.http.HttpClient.New(HttpClient.java:308)
	at sun.net.www.http.HttpClient.New(HttpClient.java:326)
	at sun.net.www.protocol.http.HttpURLConnection.getNewHttpClient(HttpURLConnection.java:996)
	at sun.net.www.protocol.http.HttpURLConnection.plainConnect(HttpURLConnection.java:932)
	at sun.net.www.protocol.http.HttpURLConnection.connect(HttpURLConnection.java:850)
	at org.springframework.http.client.SimpleBufferingClientHttpRequest.executeInternal(SimpleBufferingClientHttpRequest.java:78)
	at org.springframework.http.client.AbstractBufferingClientHttpRequest.executeInternal(AbstractBufferingClientHttpRequest.java:46)
	at org.springframework.http.client.AbstractClientHttpRequest.execute(AbstractClientHttpRequest.java:52)
	at org.springframework.web.client.RestTemplate.doExecute(RestTemplate.java:527)
	... 17 more
]]>
    </failure>
  </testcase> <!-- thatOrdersCanBeAddedAndQueried -->
  <testcase name="thatOrdersCanBeAddedAndQueried" time="0.318" classname="com.sprhib.TestService"/>
  <testcase name="thatOrdersCanBeAddedAndQueried" time="0.168" classname="com.sprhib.TestService"/>
  <testcase name="thatOrdersCanBeAddedAndQueried" time="0.178" classname="com.sprhib.TestService"/>
  <testcase name="thatOrdersCanBeAddedAndQueried" time="0.190" classname="com.sprhib.TestService"/>
  <testcase name="thatOrdersCanBeAddedAndQueried" time="0.153" classname="com.sprhib.TestService"/>
  <testcase name="thatOrdersCanBeAddedAndQueried" time="0.202" classname="com.sprhib.TestService"/>
  <testcase name="thatOrdersCanBeAddedAndQueried" time="0.192" classname="com.sprhib.TestService"/>
  <testcase name="thatOrdersCanBeAddedAndQueried" time="0.163" classname="com.sprhib.TestService"/>
  <testcase name="thatOrdersCanBeAddedAndQueried" time="0.296" classname="com.sprhib.TestService"/>
  <testcase name="thatOrdersCanBeAddedAndQueried" time="0.257" classname="com.sprhib.TestService"/>
  <testcase name="thatOrdersCanBeAddedAndQueried" time="0.197" classname="com.sprhib.TestService"/>
  <testcase name="thatOrdersCanBeAddedAndQueried" time="0.149" classname="com.sprhib.TestService"/>
  <testcase name="thatOrdersCanBeAddedAndQueried" time="0.138" classname="com.sprhib.TestService"/>
  <testcase name="thatOrdersCanBeAddedAndQueried" time="0.215" classname="com.sprhib.TestService"/>
  <testcase name="thatOrdersCanBeAddedAndQueried" time="0.144" classname="com.sprhib.TestService"/>
  <testcase name="thatOrdersCanBeAddedAndQueried" time="0.221" classname="com.sprhib.TestService"/>
  <testcase name="thatOrdersCanBeAddedAndQueried" time="0.145" classname="com.sprhib.TestService"/>
  <testcase name="thatOrdersCanBeAddedAndQueried" time="0.146" classname="com.sprhib.TestService">
    <failure type="org.springframework.web.client.ResourceAccessException" message="I/O error on GET request for &quot;http://localhost:8080/spr-mvc-hib/convertation/-110/EUR/USD&quot;:No buffer space available (maximum connections reached?): connect; nested exception is java.net.SocketException: No buffer space available (maximum connections reached?): connect">
      <![CDATA[org.springframework.web.client.ResourceAccessException: I/O error on GET request for "http://localhost:8080/spr-mvc-hib/convertation/-110/EUR/USD":No buffer space available (maximum connections reached?): connect; nested exception is java.net.SocketException: No buffer space available (maximum connections reached?): connect
	at org.springframework.web.client.RestTemplate.doExecute(RestTemplate.java:543)
	at org.springframework.web.client.RestTemplate.execute(RestTemplate.java:489)
	at org.springframework.web.client.RestTemplate.getForEntity(RestTemplate.java:250)
	at com.sprhib.TestService.thatOrdersCanBeAddedAndQueried(TestService.java:26)
	at sun.reflect.GeneratedMethodAccessor3.invoke(Unknown Source)
	at sun.reflect.DelegatingMethodAccessorImpl.invoke(DelegatingMethodAccessorImpl.java:43)
	at java.lang.reflect.Method.invoke(Method.java:606)
	at org.testng.internal.MethodInvocationHelper.invokeMethod(MethodInvocationHelper.java:84)
	at org.testng.internal.Invoker.invokeMethod(Invoker.java:714)
	at org.testng.internal.Invoker.invokeTestMethod(Invoker.java:901)
	at org.testng.internal.Invoker.invokeTestMethods(Invoker.java:1231)
	at org.testng.internal.TestMethodWorker.invokeTestMethods(TestMethodWorker.java:127)
	at org.testng.internal.TestMethodWorker.run(TestMethodWorker.java:111)
	at org.testng.internal.thread.ThreadUtil$2.call(ThreadUtil.java:64)
	at java.util.concurrent.FutureTask.run(FutureTask.java:262)
	at java.util.concurrent.ThreadPoolExecutor.runWorker(ThreadPoolExecutor.java:1145)
	at java.util.concurrent.ThreadPoolExecutor$Worker.run(ThreadPoolExecutor.java:615)
	at java.lang.Thread.run(Thread.java:745)
Caused by: java.net.SocketException: No buffer space available (maximum connections reached?): connect
	at java.net.DualStackPlainSocketImpl.connect0(Native Method)
	at java.net.DualStackPlainSocketImpl.socketConnect(DualStackPlainSocketImpl.java:79)
	at java.net.AbstractPlainSocketImpl.doConnect(AbstractPlainSocketImpl.java:339)
	at java.net.AbstractPlainSocketImpl.connectToAddress(AbstractPlainSocketImpl.java:200)
	at java.net.AbstractPlainSocketImpl.connect(AbstractPlainSocketImpl.java:182)
	at java.net.PlainSocketImpl.connect(PlainSocketImpl.java:172)
	at java.net.SocksSocketImpl.connect(SocksSocketImpl.java:392)
	at java.net.Socket.connect(Socket.java:579)
	at java.net.Socket.connect(Socket.java:528)
	at sun.net.NetworkClient.doConnect(NetworkClient.java:180)
	at sun.net.www.http.HttpClient.openServer(HttpClient.java:432)
	at sun.net.www.http.HttpClient.openServer(HttpClient.java:527)
	at sun.net.www.http.HttpClient.<init>(HttpClient.java:211)
	at sun.net.www.http.HttpClient.New(HttpClient.java:308)
	at sun.net.www.http.HttpClient.New(HttpClient.java:326)
	at sun.net.www.protocol.http.HttpURLConnection.getNewHttpClient(HttpURLConnection.java:996)
	at sun.net.www.protocol.http.HttpURLConnection.plainConnect(HttpURLConnection.java:932)
	at sun.net.www.protocol.http.HttpURLConnection.connect(HttpURLConnection.java:850)
	at org.springframework.http.client.SimpleBufferingClientHttpRequest.executeInternal(SimpleBufferingClientHttpRequest.java:78)
	at org.springframework.http.client.AbstractBufferingClientHttpRequest.executeInternal(AbstractBufferingClientHttpRequest.java:46)
	at org.springframework.http.client.AbstractClientHttpRequest.execute(AbstractClientHttpRequest.java:52)
	at org.springframework.web.client.RestTemplate.doExecute(RestTemplate.java:527)
	... 17 more
]]>
    </failure>
  </testcase> <!-- thatOrdersCanBeAddedAndQueried -->
  <testcase name="thatOrdersCanBeAddedAndQueried" time="0.174" classname="com.sprhib.TestService"/>
  <testcase name="thatOrdersCanBeAddedAndQueried" time="0.176" classname="com.sprhib.TestService"/>
  <testcase name="thatOrdersCanBeAddedAndQueried" time="0.191" classname="com.sprhib.TestService"/>
  <testcase name="thatOrdersCanBeAddedAndQueried" time="0.358" classname="com.sprhib.TestService"/>
  <testcase name="thatOrdersCanBeAddedAndQueried" time="0.185" classname="com.sprhib.TestService"/>
  <testcase name="thatOrdersCanBeAddedAndQueried" time="0.147" classname="com.sprhib.TestService"/>
  <testcase name="thatOrdersCanBeAddedAndQueried" time="0.173" classname="com.sprhib.TestService"/>
  <testcase name="thatOrdersCanBeAddedAndQueried" time="0.279" classname="com.sprhib.TestService"/>
  <testcase name="thatOrdersCanBeAddedAndQueried" time="0.194" classname="com.sprhib.TestService"/>
  <testcase name="thatOrdersCanBeAddedAndQueried" time="0.209" classname="com.sprhib.TestService"/>
  <testcase name="thatOrdersCanBeAddedAndQueried" time="0.233" classname="com.sprhib.TestService"/>
  <testcase name="thatOrdersCanBeAddedAndQueried" time="0.173" classname="com.sprhib.TestService"/>
  <testcase name="thatOrdersCanBeAddedAndQueried" time="0.218" classname="com.sprhib.TestService"/>
  <testcase name="thatOrdersCanBeAddedAndQueried" time="0.396" classname="com.sprhib.TestService"/>
  <testcase name="thatOrdersCanBeAddedAndQueried" time="0.202" classname="com.sprhib.TestService"/>
  <testcase name="thatOrdersCanBeAddedAndQueried" time="0.171" classname="com.sprhib.TestService"/>
  <testcase name="thatOrdersCanBeAddedAndQueried" time="0.124" classname="com.sprhib.TestService"/>
  <testcase name="thatOrdersCanBeAddedAndQueried" time="0.193" classname="com.sprhib.TestService"/>
  <testcase name="thatOrdersCanBeAddedAndQueried" time="0.332" classname="com.sprhib.TestService"/>
  <testcase name="thatOrdersCanBeAddedAndQueried" time="0.162" classname="com.sprhib.TestService"/>
  <testcase name="thatOrdersCanBeAddedAndQueried" time="0.151" classname="com.sprhib.TestService"/>
  <testcase name="thatOrdersCanBeAddedAndQueried" time="0.197" classname="com.sprhib.TestService"/>
  <testcase name="thatOrdersCanBeAddedAndQueried" time="0.242" classname="com.sprhib.TestService"/>
  <testcase name="thatOrdersCanBeAddedAndQueried" time="0.027" classname="com.sprhib.TestService">
    <failure type="org.springframework.web.client.ResourceAccessException" message="I/O error on GET request for &quot;http://localhost:8080/spr-mvc-hib/convertation/-110/EUR/USD&quot;:No buffer space available (maximum connections reached?): connect; nested exception is java.net.SocketException: No buffer space available (maximum connections reached?): connect">
      <![CDATA[org.springframework.web.client.ResourceAccessException: I/O error on GET request for "http://localhost:8080/spr-mvc-hib/convertation/-110/EUR/USD":No buffer space available (maximum connections reached?): connect; nested exception is java.net.SocketException: No buffer space available (maximum connections reached?): connect
	at org.springframework.web.client.RestTemplate.doExecute(RestTemplate.java:543)
	at org.springframework.web.client.RestTemplate.execute(RestTemplate.java:489)
	at org.springframework.web.client.RestTemplate.getForEntity(RestTemplate.java:250)
	at com.sprhib.TestService.thatOrdersCanBeAddedAndQueried(TestService.java:26)
	at sun.reflect.GeneratedMethodAccessor3.invoke(Unknown Source)
	at sun.reflect.DelegatingMethodAccessorImpl.invoke(DelegatingMethodAccessorImpl.java:43)
	at java.lang.reflect.Method.invoke(Method.java:606)
	at org.testng.internal.MethodInvocationHelper.invokeMethod(MethodInvocationHelper.java:84)
	at org.testng.internal.Invoker.invokeMethod(Invoker.java:714)
	at org.testng.internal.Invoker.invokeTestMethod(Invoker.java:901)
	at org.testng.internal.Invoker.invokeTestMethods(Invoker.java:1231)
	at org.testng.internal.TestMethodWorker.invokeTestMethods(TestMethodWorker.java:127)
	at org.testng.internal.TestMethodWorker.run(TestMethodWorker.java:111)
	at org.testng.internal.thread.ThreadUtil$2.call(ThreadUtil.java:64)
	at java.util.concurrent.FutureTask.run(FutureTask.java:262)
	at java.util.concurrent.ThreadPoolExecutor.runWorker(ThreadPoolExecutor.java:1145)
	at java.util.concurrent.ThreadPoolExecutor$Worker.run(ThreadPoolExecutor.java:615)
	at java.lang.Thread.run(Thread.java:745)
Caused by: java.net.SocketException: No buffer space available (maximum connections reached?): connect
	at java.net.DualStackPlainSocketImpl.connect0(Native Method)
	at java.net.DualStackPlainSocketImpl.socketConnect(DualStackPlainSocketImpl.java:79)
	at java.net.AbstractPlainSocketImpl.doConnect(AbstractPlainSocketImpl.java:339)
	at java.net.AbstractPlainSocketImpl.connectToAddress(AbstractPlainSocketImpl.java:200)
	at java.net.AbstractPlainSocketImpl.connect(AbstractPlainSocketImpl.java:182)
	at java.net.PlainSocketImpl.connect(PlainSocketImpl.java:172)
	at java.net.SocksSocketImpl.connect(SocksSocketImpl.java:392)
	at java.net.Socket.connect(Socket.java:579)
	at java.net.Socket.connect(Socket.java:528)
	at sun.net.NetworkClient.doConnect(NetworkClient.java:180)
	at sun.net.www.http.HttpClient.openServer(HttpClient.java:432)
	at sun.net.www.http.HttpClient.openServer(HttpClient.java:527)
	at sun.net.www.http.HttpClient.<init>(HttpClient.java:211)
	at sun.net.www.http.HttpClient.New(HttpClient.java:308)
	at sun.net.www.http.HttpClient.New(HttpClient.java:326)
	at sun.net.www.protocol.http.HttpURLConnection.getNewHttpClient(HttpURLConnection.java:996)
	at sun.net.www.protocol.http.HttpURLConnection.plainConnect(HttpURLConnection.java:932)
	at sun.net.www.protocol.http.HttpURLConnection.connect(HttpURLConnection.java:850)
	at org.springframework.http.client.SimpleBufferingClientHttpRequest.executeInternal(SimpleBufferingClientHttpRequest.java:78)
	at org.springframework.http.client.AbstractBufferingClientHttpRequest.executeInternal(AbstractBufferingClientHttpRequest.java:46)
	at org.springframework.http.client.AbstractClientHttpRequest.execute(AbstractClientHttpRequest.java:52)
	at org.springframework.web.client.RestTemplate.doExecute(RestTemplate.java:527)
	... 17 more
]]>
    </failure>
  </testcase> <!-- thatOrdersCanBeAddedAndQueried -->
  <testcase name="thatOrdersCanBeAddedAndQueried" time="0.167" classname="com.sprhib.TestService"/>
  <testcase name="thatOrdersCanBeAddedAndQueried" time="0.290" classname="com.sprhib.TestService"/>
  <testcase name="thatOrdersCanBeAddedAndQueried" time="0.328" classname="com.sprhib.TestService"/>
  <testcase name="thatOrdersCanBeAddedAndQueried" time="0.221" classname="com.sprhib.TestService"/>
  <testcase name="thatOrdersCanBeAddedAndQueried" time="0.233" classname="com.sprhib.TestService"/>
  <testcase name="thatOrdersCanBeAddedAndQueried" time="0.189" classname="com.sprhib.TestService"/>
  <testcase name="thatOrdersCanBeAddedAndQueried" time="0.213" classname="com.sprhib.TestService"/>
  <testcase name="thatOrdersCanBeAddedAndQueried" time="0.201" classname="com.sprhib.TestService"/>
  <testcase name="thatOrdersCanBeAddedAndQueried" time="0.177" classname="com.sprhib.TestService"/>
  <testcase name="thatOrdersCanBeAddedAndQueried" time="0.314" classname="com.sprhib.TestService"/>
  <testcase name="thatOrdersCanBeAddedAndQueried" time="0.225" classname="com.sprhib.TestService"/>
  <testcase name="thatOrdersCanBeAddedAndQueried" time="0.389" classname="com.sprhib.TestService"/>
  <testcase name="thatOrdersCanBeAddedAndQueried" time="0.127" classname="com.sprhib.TestService"/>
  <testcase name="thatOrdersCanBeAddedAndQueried" time="0.032" classname="com.sprhib.TestService">
    <failure type="org.springframework.web.client.ResourceAccessException" message="I/O error on GET request for &quot;http://localhost:8080/spr-mvc-hib/convertation/-110/EUR/USD&quot;:No buffer space available (maximum connections reached?): connect; nested exception is java.net.SocketException: No buffer space available (maximum connections reached?): connect">
      <![CDATA[org.springframework.web.client.ResourceAccessException: I/O error on GET request for "http://localhost:8080/spr-mvc-hib/convertation/-110/EUR/USD":No buffer space available (maximum connections reached?): connect; nested exception is java.net.SocketException: No buffer space available (maximum connections reached?): connect
	at org.springframework.web.client.RestTemplate.doExecute(RestTemplate.java:543)
	at org.springframework.web.client.RestTemplate.execute(RestTemplate.java:489)
	at org.springframework.web.client.RestTemplate.getForEntity(RestTemplate.java:250)
	at com.sprhib.TestService.thatOrdersCanBeAddedAndQueried(TestService.java:26)
	at sun.reflect.GeneratedMethodAccessor3.invoke(Unknown Source)
	at sun.reflect.DelegatingMethodAccessorImpl.invoke(DelegatingMethodAccessorImpl.java:43)
	at java.lang.reflect.Method.invoke(Method.java:606)
	at org.testng.internal.MethodInvocationHelper.invokeMethod(MethodInvocationHelper.java:84)
	at org.testng.internal.Invoker.invokeMethod(Invoker.java:714)
	at org.testng.internal.Invoker.invokeTestMethod(Invoker.java:901)
	at org.testng.internal.Invoker.invokeTestMethods(Invoker.java:1231)
	at org.testng.internal.TestMethodWorker.invokeTestMethods(TestMethodWorker.java:127)
	at org.testng.internal.TestMethodWorker.run(TestMethodWorker.java:111)
	at org.testng.internal.thread.ThreadUtil$2.call(ThreadUtil.java:64)
	at java.util.concurrent.FutureTask.run(FutureTask.java:262)
	at java.util.concurrent.ThreadPoolExecutor.runWorker(ThreadPoolExecutor.java:1145)
	at java.util.concurrent.ThreadPoolExecutor$Worker.run(ThreadPoolExecutor.java:615)
	at java.lang.Thread.run(Thread.java:745)
Caused by: java.net.SocketException: No buffer space available (maximum connections reached?): connect
	at java.net.DualStackPlainSocketImpl.connect0(Native Method)
	at java.net.DualStackPlainSocketImpl.socketConnect(DualStackPlainSocketImpl.java:79)
	at java.net.AbstractPlainSocketImpl.doConnect(AbstractPlainSocketImpl.java:339)
	at java.net.AbstractPlainSocketImpl.connectToAddress(AbstractPlainSocketImpl.java:200)
	at java.net.AbstractPlainSocketImpl.connect(AbstractPlainSocketImpl.java:182)
	at java.net.PlainSocketImpl.connect(PlainSocketImpl.java:172)
	at java.net.SocksSocketImpl.connect(SocksSocketImpl.java:392)
	at java.net.Socket.connect(Socket.java:579)
	at java.net.Socket.connect(Socket.java:528)
	at sun.net.NetworkClient.doConnect(NetworkClient.java:180)
	at sun.net.www.http.HttpClient.openServer(HttpClient.java:432)
	at sun.net.www.http.HttpClient.openServer(HttpClient.java:527)
	at sun.net.www.http.HttpClient.<init>(HttpClient.java:211)
	at sun.net.www.http.HttpClient.New(HttpClient.java:308)
	at sun.net.www.http.HttpClient.New(HttpClient.java:326)
	at sun.net.www.protocol.http.HttpURLConnection.getNewHttpClient(HttpURLConnection.java:996)
	at sun.net.www.protocol.http.HttpURLConnection.plainConnect(HttpURLConnection.java:932)
	at sun.net.www.protocol.http.HttpURLConnection.connect(HttpURLConnection.java:850)
	at org.springframework.http.client.SimpleBufferingClientHttpRequest.executeInternal(SimpleBufferingClientHttpRequest.java:78)
	at org.springframework.http.client.AbstractBufferingClientHttpRequest.executeInternal(AbstractBufferingClientHttpRequest.java:46)
	at org.springframework.http.client.AbstractClientHttpRequest.execute(AbstractClientHttpRequest.java:52)
	at org.springframework.web.client.RestTemplate.doExecute(RestTemplate.java:527)
	... 17 more
]]>
    </failure>
  </testcase> <!-- thatOrdersCanBeAddedAndQueried -->
  <testcase name="thatOrdersCanBeAddedAndQueried" time="0.184" classname="com.sprhib.TestService"/>
  <testcase name="thatOrdersCanBeAddedAndQueried" time="0.282" classname="com.sprhib.TestService"/>
  <testcase name="thatOrdersCanBeAddedAndQueried" time="0.174" classname="com.sprhib.TestService"/>
  <testcase name="thatOrdersCanBeAddedAndQueried" time="0.124" classname="com.sprhib.TestService"/>
  <testcase name="thatOrdersCanBeAddedAndQueried" time="0.193" classname="com.sprhib.TestService"/>
  <testcase name="thatOrdersCanBeAddedAndQueried" time="0.185" classname="com.sprhib.TestService"/>
  <testcase name="thatOrdersCanBeAddedAndQueried" time="0.128" classname="com.sprhib.TestService"/>
  <testcase name="thatOrdersCanBeAddedAndQueried" time="0.170" classname="com.sprhib.TestService"/>
  <testcase name="thatOrdersCanBeAddedAndQueried" time="0.163" classname="com.sprhib.TestService"/>
  <testcase name="thatOrdersCanBeAddedAndQueried" time="0.185" classname="com.sprhib.TestService"/>
  <testcase name="thatOrdersCanBeAddedAndQueried" time="0.181" classname="com.sprhib.TestService"/>
  <testcase name="thatOrdersCanBeAddedAndQueried" time="0.234" classname="com.sprhib.TestService"/>
  <testcase name="thatOrdersCanBeAddedAndQueried" time="0.260" classname="com.sprhib.TestService"/>
  <testcase name="thatOrdersCanBeAddedAndQueried" time="0.239" classname="com.sprhib.TestService"/>
  <testcase name="thatOrdersCanBeAddedAndQueried" time="0.269" classname="com.sprhib.TestService"/>
  <testcase name="thatOrdersCanBeAddedAndQueried" time="0.231" classname="com.sprhib.TestService"/>
  <testcase name="thatOrdersCanBeAddedAndQueried" time="0.143" classname="com.sprhib.TestService"/>
  <testcase name="thatOrdersCanBeAddedAndQueried" time="0.061" classname="com.sprhib.TestService">
    <failure type="org.springframework.web.client.ResourceAccessException" message="I/O error on GET request for &quot;http://localhost:8080/spr-mvc-hib/convertation/-110/EUR/USD&quot;:No buffer space available (maximum connections reached?): connect; nested exception is java.net.SocketException: No buffer space available (maximum connections reached?): connect">
      <![CDATA[org.springframework.web.client.ResourceAccessException: I/O error on GET request for "http://localhost:8080/spr-mvc-hib/convertation/-110/EUR/USD":No buffer space available (maximum connections reached?): connect; nested exception is java.net.SocketException: No buffer space available (maximum connections reached?): connect
	at org.springframework.web.client.RestTemplate.doExecute(RestTemplate.java:543)
	at org.springframework.web.client.RestTemplate.execute(RestTemplate.java:489)
	at org.springframework.web.client.RestTemplate.getForEntity(RestTemplate.java:250)
	at com.sprhib.TestService.thatOrdersCanBeAddedAndQueried(TestService.java:26)
	at sun.reflect.GeneratedMethodAccessor3.invoke(Unknown Source)
	at sun.reflect.DelegatingMethodAccessorImpl.invoke(DelegatingMethodAccessorImpl.java:43)
	at java.lang.reflect.Method.invoke(Method.java:606)
	at org.testng.internal.MethodInvocationHelper.invokeMethod(MethodInvocationHelper.java:84)
	at org.testng.internal.Invoker.invokeMethod(Invoker.java:714)
	at org.testng.internal.Invoker.invokeTestMethod(Invoker.java:901)
	at org.testng.internal.Invoker.invokeTestMethods(Invoker.java:1231)
	at org.testng.internal.TestMethodWorker.invokeTestMethods(TestMethodWorker.java:127)
	at org.testng.internal.TestMethodWorker.run(TestMethodWorker.java:111)
	at org.testng.internal.thread.ThreadUtil$2.call(ThreadUtil.java:64)
	at java.util.concurrent.FutureTask.run(FutureTask.java:262)
	at java.util.concurrent.ThreadPoolExecutor.runWorker(ThreadPoolExecutor.java:1145)
	at java.util.concurrent.ThreadPoolExecutor$Worker.run(ThreadPoolExecutor.java:615)
	at java.lang.Thread.run(Thread.java:745)
Caused by: java.net.SocketException: No buffer space available (maximum connections reached?): connect
	at java.net.DualStackPlainSocketImpl.connect0(Native Method)
	at java.net.DualStackPlainSocketImpl.socketConnect(DualStackPlainSocketImpl.java:79)
	at java.net.AbstractPlainSocketImpl.doConnect(AbstractPlainSocketImpl.java:339)
	at java.net.AbstractPlainSocketImpl.connectToAddress(AbstractPlainSocketImpl.java:200)
	at java.net.AbstractPlainSocketImpl.connect(AbstractPlainSocketImpl.java:182)
	at java.net.PlainSocketImpl.connect(PlainSocketImpl.java:172)
	at java.net.SocksSocketImpl.connect(SocksSocketImpl.java:392)
	at java.net.Socket.connect(Socket.java:579)
	at java.net.Socket.connect(Socket.java:528)
	at sun.net.NetworkClient.doConnect(NetworkClient.java:180)
	at sun.net.www.http.HttpClient.openServer(HttpClient.java:432)
	at sun.net.www.http.HttpClient.openServer(HttpClient.java:527)
	at sun.net.www.http.HttpClient.<init>(HttpClient.java:211)
	at sun.net.www.http.HttpClient.New(HttpClient.java:308)
	at sun.net.www.http.HttpClient.New(HttpClient.java:326)
	at sun.net.www.protocol.http.HttpURLConnection.getNewHttpClient(HttpURLConnection.java:996)
	at sun.net.www.protocol.http.HttpURLConnection.plainConnect(HttpURLConnection.java:932)
	at sun.net.www.protocol.http.HttpURLConnection.connect(HttpURLConnection.java:850)
	at org.springframework.http.client.SimpleBufferingClientHttpRequest.executeInternal(SimpleBufferingClientHttpRequest.java:78)
	at org.springframework.http.client.AbstractBufferingClientHttpRequest.executeInternal(AbstractBufferingClientHttpRequest.java:46)
	at org.springframework.http.client.AbstractClientHttpRequest.execute(AbstractClientHttpRequest.java:52)
	at org.springframework.web.client.RestTemplate.doExecute(RestTemplate.java:527)
	... 17 more
]]>
    </failure>
  </testcase> <!-- thatOrdersCanBeAddedAndQueried -->
  <testcase name="thatOrdersCanBeAddedAndQueried" time="0.170" classname="com.sprhib.TestService"/>
  <testcase name="thatOrdersCanBeAddedAndQueried" time="0.222" classname="com.sprhib.TestService"/>
  <testcase name="thatOrdersCanBeAddedAndQueried" time="0.191" classname="com.sprhib.TestService"/>
  <testcase name="thatOrdersCanBeAddedAndQueried" time="0.193" classname="com.sprhib.TestService"/>
  <testcase name="thatOrdersCanBeAddedAndQueried" time="0.181" classname="com.sprhib.TestService"/>
  <testcase name="thatOrdersCanBeAddedAndQueried" time="0.381" classname="com.sprhib.TestService"/>
  <testcase name="thatOrdersCanBeAddedAndQueried" time="0.209" classname="com.sprhib.TestService"/>
  <testcase name="thatOrdersCanBeAddedAndQueried" time="0.161" classname="com.sprhib.TestService"/>
  <testcase name="thatOrdersCanBeAddedAndQueried" time="0.242" classname="com.sprhib.TestService"/>
  <testcase name="thatOrdersCanBeAddedAndQueried" time="0.109" classname="com.sprhib.TestService">
    <failure type="org.springframework.web.client.ResourceAccessException" message="I/O error on GET request for &quot;http://localhost:8080/spr-mvc-hib/convertation/-110/EUR/USD&quot;:No buffer space available (maximum connections reached?): connect; nested exception is java.net.SocketException: No buffer space available (maximum connections reached?): connect">
      <![CDATA[org.springframework.web.client.ResourceAccessException: I/O error on GET request for "http://localhost:8080/spr-mvc-hib/convertation/-110/EUR/USD":No buffer space available (maximum connections reached?): connect; nested exception is java.net.SocketException: No buffer space available (maximum connections reached?): connect
	at org.springframework.web.client.RestTemplate.doExecute(RestTemplate.java:543)
	at org.springframework.web.client.RestTemplate.execute(RestTemplate.java:489)
	at org.springframework.web.client.RestTemplate.getForEntity(RestTemplate.java:250)
	at com.sprhib.TestService.thatOrdersCanBeAddedAndQueried(TestService.java:26)
	at sun.reflect.GeneratedMethodAccessor3.invoke(Unknown Source)
	at sun.reflect.DelegatingMethodAccessorImpl.invoke(DelegatingMethodAccessorImpl.java:43)
	at java.lang.reflect.Method.invoke(Method.java:606)
	at org.testng.internal.MethodInvocationHelper.invokeMethod(MethodInvocationHelper.java:84)
	at org.testng.internal.Invoker.invokeMethod(Invoker.java:714)
	at org.testng.internal.Invoker.invokeTestMethod(Invoker.java:901)
	at org.testng.internal.Invoker.invokeTestMethods(Invoker.java:1231)
	at org.testng.internal.TestMethodWorker.invokeTestMethods(TestMethodWorker.java:127)
	at org.testng.internal.TestMethodWorker.run(TestMethodWorker.java:111)
	at org.testng.internal.thread.ThreadUtil$2.call(ThreadUtil.java:64)
	at java.util.concurrent.FutureTask.run(FutureTask.java:262)
	at java.util.concurrent.ThreadPoolExecutor.runWorker(ThreadPoolExecutor.java:1145)
	at java.util.concurrent.ThreadPoolExecutor$Worker.run(ThreadPoolExecutor.java:615)
	at java.lang.Thread.run(Thread.java:745)
Caused by: java.net.SocketException: No buffer space available (maximum connections reached?): connect
	at java.net.DualStackPlainSocketImpl.connect0(Native Method)
	at java.net.DualStackPlainSocketImpl.socketConnect(DualStackPlainSocketImpl.java:79)
	at java.net.AbstractPlainSocketImpl.doConnect(AbstractPlainSocketImpl.java:339)
	at java.net.AbstractPlainSocketImpl.connectToAddress(AbstractPlainSocketImpl.java:200)
	at java.net.AbstractPlainSocketImpl.connect(AbstractPlainSocketImpl.java:182)
	at java.net.PlainSocketImpl.connect(PlainSocketImpl.java:172)
	at java.net.SocksSocketImpl.connect(SocksSocketImpl.java:392)
	at java.net.Socket.connect(Socket.java:579)
	at java.net.Socket.connect(Socket.java:528)
	at sun.net.NetworkClient.doConnect(NetworkClient.java:180)
	at sun.net.www.http.HttpClient.openServer(HttpClient.java:432)
	at sun.net.www.http.HttpClient.openServer(HttpClient.java:527)
	at sun.net.www.http.HttpClient.<init>(HttpClient.java:211)
	at sun.net.www.http.HttpClient.New(HttpClient.java:308)
	at sun.net.www.http.HttpClient.New(HttpClient.java:326)
	at sun.net.www.protocol.http.HttpURLConnection.getNewHttpClient(HttpURLConnection.java:996)
	at sun.net.www.protocol.http.HttpURLConnection.plainConnect(HttpURLConnection.java:932)
	at sun.net.www.protocol.http.HttpURLConnection.connect(HttpURLConnection.java:850)
	at org.springframework.http.client.SimpleBufferingClientHttpRequest.executeInternal(SimpleBufferingClientHttpRequest.java:78)
	at org.springframework.http.client.AbstractBufferingClientHttpRequest.executeInternal(AbstractBufferingClientHttpRequest.java:46)
	at org.springframework.http.client.AbstractClientHttpRequest.execute(AbstractClientHttpRequest.java:52)
	at org.springframework.web.client.RestTemplate.doExecute(RestTemplate.java:527)
	... 17 more
]]>
    </failure>
  </testcase> <!-- thatOrdersCanBeAddedAndQueried -->
  <testcase name="thatOrdersCanBeAddedAndQueried" time="0.184" classname="com.sprhib.TestService"/>
  <testcase name="thatOrdersCanBeAddedAndQueried" time="0.204" classname="com.sprhib.TestService"/>
  <testcase name="thatOrdersCanBeAddedAndQueried" time="0.307" classname="com.sprhib.TestService"/>
  <testcase name="thatOrdersCanBeAddedAndQueried" time="0.165" classname="com.sprhib.TestService"/>
  <testcase name="thatOrdersCanBeAddedAndQueried" time="0.171" classname="com.sprhib.TestService"/>
  <testcase name="thatOrdersCanBeAddedAndQueried" time="0.136" classname="com.sprhib.TestService"/>
  <testcase name="thatOrdersCanBeAddedAndQueried" time="0.064" classname="com.sprhib.TestService">
    <failure type="org.springframework.web.client.ResourceAccessException" message="I/O error on GET request for &quot;http://localhost:8080/spr-mvc-hib/convertation/0/EUR/USD&quot;:No buffer space available (maximum connections reached?): connect; nested exception is java.net.SocketException: No buffer space available (maximum connections reached?): connect">
      <![CDATA[org.springframework.web.client.ResourceAccessException: I/O error on GET request for "http://localhost:8080/spr-mvc-hib/convertation/0/EUR/USD":No buffer space available (maximum connections reached?): connect; nested exception is java.net.SocketException: No buffer space available (maximum connections reached?): connect
	at org.springframework.web.client.RestTemplate.doExecute(RestTemplate.java:543)
	at org.springframework.web.client.RestTemplate.execute(RestTemplate.java:489)
	at org.springframework.web.client.RestTemplate.getForEntity(RestTemplate.java:250)
	at com.sprhib.TestService.thatOrdersCanBeAddedAndQueried(TestService.java:32)
	at sun.reflect.GeneratedMethodAccessor3.invoke(Unknown Source)
	at sun.reflect.DelegatingMethodAccessorImpl.invoke(DelegatingMethodAccessorImpl.java:43)
	at java.lang.reflect.Method.invoke(Method.java:606)
	at org.testng.internal.MethodInvocationHelper.invokeMethod(MethodInvocationHelper.java:84)
	at org.testng.internal.Invoker.invokeMethod(Invoker.java:714)
	at org.testng.internal.Invoker.invokeTestMethod(Invoker.java:901)
	at org.testng.internal.Invoker.invokeTestMethods(Invoker.java:1231)
	at org.testng.internal.TestMethodWorker.invokeTestMethods(TestMethodWorker.java:127)
	at org.testng.internal.TestMethodWorker.run(TestMethodWorker.java:111)
	at org.testng.internal.thread.ThreadUtil$2.call(ThreadUtil.java:64)
	at java.util.concurrent.FutureTask.run(FutureTask.java:262)
	at java.util.concurrent.ThreadPoolExecutor.runWorker(ThreadPoolExecutor.java:1145)
	at java.util.concurrent.ThreadPoolExecutor$Worker.run(ThreadPoolExecutor.java:615)
	at java.lang.Thread.run(Thread.java:745)
Caused by: java.net.SocketException: No buffer space available (maximum connections reached?): connect
	at java.net.DualStackPlainSocketImpl.connect0(Native Method)
	at java.net.DualStackPlainSocketImpl.socketConnect(DualStackPlainSocketImpl.java:79)
	at java.net.AbstractPlainSocketImpl.doConnect(AbstractPlainSocketImpl.java:339)
	at java.net.AbstractPlainSocketImpl.connectToAddress(AbstractPlainSocketImpl.java:200)
	at java.net.AbstractPlainSocketImpl.connect(AbstractPlainSocketImpl.java:182)
	at java.net.PlainSocketImpl.connect(PlainSocketImpl.java:172)
	at java.net.SocksSocketImpl.connect(SocksSocketImpl.java:392)
	at java.net.Socket.connect(Socket.java:579)
	at java.net.Socket.connect(Socket.java:528)
	at sun.net.NetworkClient.doConnect(NetworkClient.java:180)
	at sun.net.www.http.HttpClient.openServer(HttpClient.java:432)
	at sun.net.www.http.HttpClient.openServer(HttpClient.java:527)
	at sun.net.www.http.HttpClient.<init>(HttpClient.java:211)
	at sun.net.www.http.HttpClient.New(HttpClient.java:308)
	at sun.net.www.http.HttpClient.New(HttpClient.java:326)
	at sun.net.www.protocol.http.HttpURLConnection.getNewHttpClient(HttpURLConnection.java:996)
	at sun.net.www.protocol.http.HttpURLConnection.plainConnect(HttpURLConnection.java:932)
	at sun.net.www.protocol.http.HttpURLConnection.connect(HttpURLConnection.java:850)
	at org.springframework.http.client.SimpleBufferingClientHttpRequest.executeInternal(SimpleBufferingClientHttpRequest.java:78)
	at org.springframework.http.client.AbstractBufferingClientHttpRequest.executeInternal(AbstractBufferingClientHttpRequest.java:46)
	at org.springframework.http.client.AbstractClientHttpRequest.execute(AbstractClientHttpRequest.java:52)
	at org.springframework.web.client.RestTemplate.doExecute(RestTemplate.java:527)
	... 17 more
]]>
    </failure>
  </testcase> <!-- thatOrdersCanBeAddedAndQueried -->
  <testcase name="thatOrdersCanBeAddedAndQueried" time="0.224" classname="com.sprhib.TestService"/>
  <testcase name="thatOrdersCanBeAddedAndQueried" time="0.161" classname="com.sprhib.TestService"/>
  <testcase name="thatOrdersCanBeAddedAndQueried" time="0.134" classname="com.sprhib.TestService"/>
  <testcase name="thatOrdersCanBeAddedAndQueried" time="0.112" classname="com.sprhib.TestService"/>
  <testcase name="thatOrdersCanBeAddedAndQueried" time="0.182" classname="com.sprhib.TestService"/>
  <testcase name="thatOrdersCanBeAddedAndQueried" time="0.244" classname="com.sprhib.TestService"/>
  <testcase name="thatOrdersCanBeAddedAndQueried" time="0.128" classname="com.sprhib.TestService"/>
  <testcase name="thatOrdersCanBeAddedAndQueried" time="0.242" classname="com.sprhib.TestService"/>
  <testcase name="thatOrdersCanBeAddedAndQueried" time="0.333" classname="com.sprhib.TestService"/>
  <testcase name="thatOrdersCanBeAddedAndQueried" time="0.149" classname="com.sprhib.TestService"/>
  <testcase name="thatOrdersCanBeAddedAndQueried" time="0.207" classname="com.sprhib.TestService"/>
  <testcase name="thatOrdersCanBeAddedAndQueried" time="0.170" classname="com.sprhib.TestService"/>
  <testcase name="thatOrdersCanBeAddedAndQueried" time="0.187" classname="com.sprhib.TestService"/>
  <testcase name="thatOrdersCanBeAddedAndQueried" time="0.207" classname="com.sprhib.TestService"/>
  <testcase name="thatOrdersCanBeAddedAndQueried" time="0.164" classname="com.sprhib.TestService"/>
  <testcase name="thatOrdersCanBeAddedAndQueried" time="0.202" classname="com.sprhib.TestService"/>
  <testcase name="thatOrdersCanBeAddedAndQueried" time="0.205" classname="com.sprhib.TestService"/>
  <testcase name="thatOrdersCanBeAddedAndQueried" time="0.189" classname="com.sprhib.TestService"/>
  <testcase name="thatOrdersCanBeAddedAndQueried" time="0.182" classname="com.sprhib.TestService"/>
  <testcase name="thatOrdersCanBeAddedAndQueried" time="0.152" classname="com.sprhib.TestService"/>
  <testcase name="thatOrdersCanBeAddedAndQueried" time="0.151" classname="com.sprhib.TestService"/>
  <testcase name="thatOrdersCanBeAddedAndQueried" time="0.033" classname="com.sprhib.TestService">
    <failure type="org.springframework.web.client.ResourceAccessException" message="I/O error on GET request for &quot;http://localhost:8080/spr-mvc-hib/convertation/-110/EUR/USD&quot;:No buffer space available (maximum connections reached?): connect; nested exception is java.net.SocketException: No buffer space available (maximum connections reached?): connect">
      <![CDATA[org.springframework.web.client.ResourceAccessException: I/O error on GET request for "http://localhost:8080/spr-mvc-hib/convertation/-110/EUR/USD":No buffer space available (maximum connections reached?): connect; nested exception is java.net.SocketException: No buffer space available (maximum connections reached?): connect
	at org.springframework.web.client.RestTemplate.doExecute(RestTemplate.java:543)
	at org.springframework.web.client.RestTemplate.execute(RestTemplate.java:489)
	at org.springframework.web.client.RestTemplate.getForEntity(RestTemplate.java:250)
	at com.sprhib.TestService.thatOrdersCanBeAddedAndQueried(TestService.java:26)
	at sun.reflect.GeneratedMethodAccessor3.invoke(Unknown Source)
	at sun.reflect.DelegatingMethodAccessorImpl.invoke(DelegatingMethodAccessorImpl.java:43)
	at java.lang.reflect.Method.invoke(Method.java:606)
	at org.testng.internal.MethodInvocationHelper.invokeMethod(MethodInvocationHelper.java:84)
	at org.testng.internal.Invoker.invokeMethod(Invoker.java:714)
	at org.testng.internal.Invoker.invokeTestMethod(Invoker.java:901)
	at org.testng.internal.Invoker.invokeTestMethods(Invoker.java:1231)
	at org.testng.internal.TestMethodWorker.invokeTestMethods(TestMethodWorker.java:127)
	at org.testng.internal.TestMethodWorker.run(TestMethodWorker.java:111)
	at org.testng.internal.thread.ThreadUtil$2.call(ThreadUtil.java:64)
	at java.util.concurrent.FutureTask.run(FutureTask.java:262)
	at java.util.concurrent.ThreadPoolExecutor.runWorker(ThreadPoolExecutor.java:1145)
	at java.util.concurrent.ThreadPoolExecutor$Worker.run(ThreadPoolExecutor.java:615)
	at java.lang.Thread.run(Thread.java:745)
Caused by: java.net.SocketException: No buffer space available (maximum connections reached?): connect
	at java.net.DualStackPlainSocketImpl.connect0(Native Method)
	at java.net.DualStackPlainSocketImpl.socketConnect(DualStackPlainSocketImpl.java:79)
	at java.net.AbstractPlainSocketImpl.doConnect(AbstractPlainSocketImpl.java:339)
	at java.net.AbstractPlainSocketImpl.connectToAddress(AbstractPlainSocketImpl.java:200)
	at java.net.AbstractPlainSocketImpl.connect(AbstractPlainSocketImpl.java:182)
	at java.net.PlainSocketImpl.connect(PlainSocketImpl.java:172)
	at java.net.SocksSocketImpl.connect(SocksSocketImpl.java:392)
	at java.net.Socket.connect(Socket.java:579)
	at java.net.Socket.connect(Socket.java:528)
	at sun.net.NetworkClient.doConnect(NetworkClient.java:180)
	at sun.net.www.http.HttpClient.openServer(HttpClient.java:432)
	at sun.net.www.http.HttpClient.openServer(HttpClient.java:527)
	at sun.net.www.http.HttpClient.<init>(HttpClient.java:211)
	at sun.net.www.http.HttpClient.New(HttpClient.java:308)
	at sun.net.www.http.HttpClient.New(HttpClient.java:326)
	at sun.net.www.protocol.http.HttpURLConnection.getNewHttpClient(HttpURLConnection.java:996)
	at sun.net.www.protocol.http.HttpURLConnection.plainConnect(HttpURLConnection.java:932)
	at sun.net.www.protocol.http.HttpURLConnection.connect(HttpURLConnection.java:850)
	at org.springframework.http.client.SimpleBufferingClientHttpRequest.executeInternal(SimpleBufferingClientHttpRequest.java:78)
	at org.springframework.http.client.AbstractBufferingClientHttpRequest.executeInternal(AbstractBufferingClientHttpRequest.java:46)
	at org.springframework.http.client.AbstractClientHttpRequest.execute(AbstractClientHttpRequest.java:52)
	at org.springframework.web.client.RestTemplate.doExecute(RestTemplate.java:527)
	... 17 more
]]>
    </failure>
  </testcase> <!-- thatOrdersCanBeAddedAndQueried -->
  <testcase name="thatOrdersCanBeAddedAndQueried" time="0.208" classname="com.sprhib.TestService"/>
  <testcase name="thatOrdersCanBeAddedAndQueried" time="0.181" classname="com.sprhib.TestService"/>
  <testcase name="thatOrdersCanBeAddedAndQueried" time="0.184" classname="com.sprhib.TestService"/>
  <testcase name="thatOrdersCanBeAddedAndQueried" time="0.152" classname="com.sprhib.TestService"/>
  <testcase name="thatOrdersCanBeAddedAndQueried" time="0.167" classname="com.sprhib.TestService"/>
  <testcase name="thatOrdersCanBeAddedAndQueried" time="0.238" classname="com.sprhib.TestService"/>
  <testcase name="thatOrdersCanBeAddedAndQueried" time="0.129" classname="com.sprhib.TestService"/>
  <testcase name="thatOrdersCanBeAddedAndQueried" time="0.080" classname="com.sprhib.TestService">
    <failure type="org.springframework.web.client.ResourceAccessException" message="I/O error on GET request for &quot;http://localhost:8080/spr-mvc-hib/convertation/-110/EUR/USD&quot;:No buffer space available (maximum connections reached?): connect; nested exception is java.net.SocketException: No buffer space available (maximum connections reached?): connect">
      <![CDATA[org.springframework.web.client.ResourceAccessException: I/O error on GET request for "http://localhost:8080/spr-mvc-hib/convertation/-110/EUR/USD":No buffer space available (maximum connections reached?): connect; nested exception is java.net.SocketException: No buffer space available (maximum connections reached?): connect
	at org.springframework.web.client.RestTemplate.doExecute(RestTemplate.java:543)
	at org.springframework.web.client.RestTemplate.execute(RestTemplate.java:489)
	at org.springframework.web.client.RestTemplate.getForEntity(RestTemplate.java:250)
	at com.sprhib.TestService.thatOrdersCanBeAddedAndQueried(TestService.java:26)
	at sun.reflect.GeneratedMethodAccessor3.invoke(Unknown Source)
	at sun.reflect.DelegatingMethodAccessorImpl.invoke(DelegatingMethodAccessorImpl.java:43)
	at java.lang.reflect.Method.invoke(Method.java:606)
	at org.testng.internal.MethodInvocationHelper.invokeMethod(MethodInvocationHelper.java:84)
	at org.testng.internal.Invoker.invokeMethod(Invoker.java:714)
	at org.testng.internal.Invoker.invokeTestMethod(Invoker.java:901)
	at org.testng.internal.Invoker.invokeTestMethods(Invoker.java:1231)
	at org.testng.internal.TestMethodWorker.invokeTestMethods(TestMethodWorker.java:127)
	at org.testng.internal.TestMethodWorker.run(TestMethodWorker.java:111)
	at org.testng.internal.thread.ThreadUtil$2.call(ThreadUtil.java:64)
	at java.util.concurrent.FutureTask.run(FutureTask.java:262)
	at java.util.concurrent.ThreadPoolExecutor.runWorker(ThreadPoolExecutor.java:1145)
	at java.util.concurrent.ThreadPoolExecutor$Worker.run(ThreadPoolExecutor.java:615)
	at java.lang.Thread.run(Thread.java:745)
Caused by: java.net.SocketException: No buffer space available (maximum connections reached?): connect
	at java.net.DualStackPlainSocketImpl.connect0(Native Method)
	at java.net.DualStackPlainSocketImpl.socketConnect(DualStackPlainSocketImpl.java:79)
	at java.net.AbstractPlainSocketImpl.doConnect(AbstractPlainSocketImpl.java:339)
	at java.net.AbstractPlainSocketImpl.connectToAddress(AbstractPlainSocketImpl.java:200)
	at java.net.AbstractPlainSocketImpl.connect(AbstractPlainSocketImpl.java:182)
	at java.net.PlainSocketImpl.connect(PlainSocketImpl.java:172)
	at java.net.SocksSocketImpl.connect(SocksSocketImpl.java:392)
	at java.net.Socket.connect(Socket.java:579)
	at java.net.Socket.connect(Socket.java:528)
	at sun.net.NetworkClient.doConnect(NetworkClient.java:180)
	at sun.net.www.http.HttpClient.openServer(HttpClient.java:432)
	at sun.net.www.http.HttpClient.openServer(HttpClient.java:527)
	at sun.net.www.http.HttpClient.<init>(HttpClient.java:211)
	at sun.net.www.http.HttpClient.New(HttpClient.java:308)
	at sun.net.www.http.HttpClient.New(HttpClient.java:326)
	at sun.net.www.protocol.http.HttpURLConnection.getNewHttpClient(HttpURLConnection.java:996)
	at sun.net.www.protocol.http.HttpURLConnection.plainConnect(HttpURLConnection.java:932)
	at sun.net.www.protocol.http.HttpURLConnection.connect(HttpURLConnection.java:850)
	at org.springframework.http.client.SimpleBufferingClientHttpRequest.executeInternal(SimpleBufferingClientHttpRequest.java:78)
	at org.springframework.http.client.AbstractBufferingClientHttpRequest.executeInternal(AbstractBufferingClientHttpRequest.java:46)
	at org.springframework.http.client.AbstractClientHttpRequest.execute(AbstractClientHttpRequest.java:52)
	at org.springframework.web.client.RestTemplate.doExecute(RestTemplate.java:527)
	... 17 more
]]>
    </failure>
  </testcase> <!-- thatOrdersCanBeAddedAndQueried -->
  <testcase name="thatOrdersCanBeAddedAndQueried" time="0.147" classname="com.sprhib.TestService"/>
  <testcase name="thatOrdersCanBeAddedAndQueried" time="0.168" classname="com.sprhib.TestService"/>
  <testcase name="thatOrdersCanBeAddedAndQueried" time="0.183" classname="com.sprhib.TestService"/>
  <testcase name="thatOrdersCanBeAddedAndQueried" time="0.205" classname="com.sprhib.TestService"/>
  <testcase name="thatOrdersCanBeAddedAndQueried" time="0.143" classname="com.sprhib.TestService"/>
  <testcase name="thatOrdersCanBeAddedAndQueried" time="0.321" classname="com.sprhib.TestService"/>
  <testcase name="thatOrdersCanBeAddedAndQueried" time="0.193" classname="com.sprhib.TestService"/>
  <testcase name="thatOrdersCanBeAddedAndQueried" time="0.231" classname="com.sprhib.TestService"/>
  <testcase name="thatOrdersCanBeAddedAndQueried" time="0.148" classname="com.sprhib.TestService"/>
  <testcase name="thatOrdersCanBeAddedAndQueried" time="0.187" classname="com.sprhib.TestService"/>
  <testcase name="thatOrdersCanBeAddedAndQueried" time="0.175" classname="com.sprhib.TestService"/>
  <testcase name="thatOrdersCanBeAddedAndQueried" time="0.184" classname="com.sprhib.TestService"/>
  <testcase name="thatOrdersCanBeAddedAndQueried" time="0.153" classname="com.sprhib.TestService"/>
  <testcase name="thatOrdersCanBeAddedAndQueried" time="0.030" classname="com.sprhib.TestService">
    <failure type="org.springframework.web.client.ResourceAccessException" message="I/O error on GET request for &quot;http://localhost:8080/spr-mvc-hib/convertation/-110/EUR/USD&quot;:No buffer space available (maximum connections reached?): connect; nested exception is java.net.SocketException: No buffer space available (maximum connections reached?): connect">
      <![CDATA[org.springframework.web.client.ResourceAccessException: I/O error on GET request for "http://localhost:8080/spr-mvc-hib/convertation/-110/EUR/USD":No buffer space available (maximum connections reached?): connect; nested exception is java.net.SocketException: No buffer space available (maximum connections reached?): connect
	at org.springframework.web.client.RestTemplate.doExecute(RestTemplate.java:543)
	at org.springframework.web.client.RestTemplate.execute(RestTemplate.java:489)
	at org.springframework.web.client.RestTemplate.getForEntity(RestTemplate.java:250)
	at com.sprhib.TestService.thatOrdersCanBeAddedAndQueried(TestService.java:26)
	at sun.reflect.GeneratedMethodAccessor3.invoke(Unknown Source)
	at sun.reflect.DelegatingMethodAccessorImpl.invoke(DelegatingMethodAccessorImpl.java:43)
	at java.lang.reflect.Method.invoke(Method.java:606)
	at org.testng.internal.MethodInvocationHelper.invokeMethod(MethodInvocationHelper.java:84)
	at org.testng.internal.Invoker.invokeMethod(Invoker.java:714)
	at org.testng.internal.Invoker.invokeTestMethod(Invoker.java:901)
	at org.testng.internal.Invoker.invokeTestMethods(Invoker.java:1231)
	at org.testng.internal.TestMethodWorker.invokeTestMethods(TestMethodWorker.java:127)
	at org.testng.internal.TestMethodWorker.run(TestMethodWorker.java:111)
	at org.testng.internal.thread.ThreadUtil$2.call(ThreadUtil.java:64)
	at java.util.concurrent.FutureTask.run(FutureTask.java:262)
	at java.util.concurrent.ThreadPoolExecutor.runWorker(ThreadPoolExecutor.java:1145)
	at java.util.concurrent.ThreadPoolExecutor$Worker.run(ThreadPoolExecutor.java:615)
	at java.lang.Thread.run(Thread.java:745)
Caused by: java.net.SocketException: No buffer space available (maximum connections reached?): connect
	at java.net.DualStackPlainSocketImpl.connect0(Native Method)
	at java.net.DualStackPlainSocketImpl.socketConnect(DualStackPlainSocketImpl.java:79)
	at java.net.AbstractPlainSocketImpl.doConnect(AbstractPlainSocketImpl.java:339)
	at java.net.AbstractPlainSocketImpl.connectToAddress(AbstractPlainSocketImpl.java:200)
	at java.net.AbstractPlainSocketImpl.connect(AbstractPlainSocketImpl.java:182)
	at java.net.PlainSocketImpl.connect(PlainSocketImpl.java:172)
	at java.net.SocksSocketImpl.connect(SocksSocketImpl.java:392)
	at java.net.Socket.connect(Socket.java:579)
	at java.net.Socket.connect(Socket.java:528)
	at sun.net.NetworkClient.doConnect(NetworkClient.java:180)
	at sun.net.www.http.HttpClient.openServer(HttpClient.java:432)
	at sun.net.www.http.HttpClient.openServer(HttpClient.java:527)
	at sun.net.www.http.HttpClient.<init>(HttpClient.java:211)
	at sun.net.www.http.HttpClient.New(HttpClient.java:308)
	at sun.net.www.http.HttpClient.New(HttpClient.java:326)
	at sun.net.www.protocol.http.HttpURLConnection.getNewHttpClient(HttpURLConnection.java:996)
	at sun.net.www.protocol.http.HttpURLConnection.plainConnect(HttpURLConnection.java:932)
	at sun.net.www.protocol.http.HttpURLConnection.connect(HttpURLConnection.java:850)
	at org.springframework.http.client.SimpleBufferingClientHttpRequest.executeInternal(SimpleBufferingClientHttpRequest.java:78)
	at org.springframework.http.client.AbstractBufferingClientHttpRequest.executeInternal(AbstractBufferingClientHttpRequest.java:46)
	at org.springframework.http.client.AbstractClientHttpRequest.execute(AbstractClientHttpRequest.java:52)
	at org.springframework.web.client.RestTemplate.doExecute(RestTemplate.java:527)
	... 17 more
]]>
    </failure>
  </testcase> <!-- thatOrdersCanBeAddedAndQueried -->
  <testcase name="thatOrdersCanBeAddedAndQueried" time="0.217" classname="com.sprhib.TestService"/>
  <testcase name="thatOrdersCanBeAddedAndQueried" time="0.157" classname="com.sprhib.TestService"/>
  <testcase name="thatOrdersCanBeAddedAndQueried" time="0.021" classname="com.sprhib.TestService">
    <failure type="org.springframework.web.client.ResourceAccessException" message="I/O error on GET request for &quot;http://localhost:8080/spr-mvc-hib/convertation/-110/EUR/USD&quot;:No buffer space available (maximum connections reached?): connect; nested exception is java.net.SocketException: No buffer space available (maximum connections reached?): connect">
      <![CDATA[org.springframework.web.client.ResourceAccessException: I/O error on GET request for "http://localhost:8080/spr-mvc-hib/convertation/-110/EUR/USD":No buffer space available (maximum connections reached?): connect; nested exception is java.net.SocketException: No buffer space available (maximum connections reached?): connect
	at org.springframework.web.client.RestTemplate.doExecute(RestTemplate.java:543)
	at org.springframework.web.client.RestTemplate.execute(RestTemplate.java:489)
	at org.springframework.web.client.RestTemplate.getForEntity(RestTemplate.java:250)
	at com.sprhib.TestService.thatOrdersCanBeAddedAndQueried(TestService.java:26)
	at sun.reflect.GeneratedMethodAccessor3.invoke(Unknown Source)
	at sun.reflect.DelegatingMethodAccessorImpl.invoke(DelegatingMethodAccessorImpl.java:43)
	at java.lang.reflect.Method.invoke(Method.java:606)
	at org.testng.internal.MethodInvocationHelper.invokeMethod(MethodInvocationHelper.java:84)
	at org.testng.internal.Invoker.invokeMethod(Invoker.java:714)
	at org.testng.internal.Invoker.invokeTestMethod(Invoker.java:901)
	at org.testng.internal.Invoker.invokeTestMethods(Invoker.java:1231)
	at org.testng.internal.TestMethodWorker.invokeTestMethods(TestMethodWorker.java:127)
	at org.testng.internal.TestMethodWorker.run(TestMethodWorker.java:111)
	at org.testng.internal.thread.ThreadUtil$2.call(ThreadUtil.java:64)
	at java.util.concurrent.FutureTask.run(FutureTask.java:262)
	at java.util.concurrent.ThreadPoolExecutor.runWorker(ThreadPoolExecutor.java:1145)
	at java.util.concurrent.ThreadPoolExecutor$Worker.run(ThreadPoolExecutor.java:615)
	at java.lang.Thread.run(Thread.java:745)
Caused by: java.net.SocketException: No buffer space available (maximum connections reached?): connect
	at java.net.DualStackPlainSocketImpl.connect0(Native Method)
	at java.net.DualStackPlainSocketImpl.socketConnect(DualStackPlainSocketImpl.java:79)
	at java.net.AbstractPlainSocketImpl.doConnect(AbstractPlainSocketImpl.java:339)
	at java.net.AbstractPlainSocketImpl.connectToAddress(AbstractPlainSocketImpl.java:200)
	at java.net.AbstractPlainSocketImpl.connect(AbstractPlainSocketImpl.java:182)
	at java.net.PlainSocketImpl.connect(PlainSocketImpl.java:172)
	at java.net.SocksSocketImpl.connect(SocksSocketImpl.java:392)
	at java.net.Socket.connect(Socket.java:579)
	at java.net.Socket.connect(Socket.java:528)
	at sun.net.NetworkClient.doConnect(NetworkClient.java:180)
	at sun.net.www.http.HttpClient.openServer(HttpClient.java:432)
	at sun.net.www.http.HttpClient.openServer(HttpClient.java:527)
	at sun.net.www.http.HttpClient.<init>(HttpClient.java:211)
	at sun.net.www.http.HttpClient.New(HttpClient.java:308)
	at sun.net.www.http.HttpClient.New(HttpClient.java:326)
	at sun.net.www.protocol.http.HttpURLConnection.getNewHttpClient(HttpURLConnection.java:996)
	at sun.net.www.protocol.http.HttpURLConnection.plainConnect(HttpURLConnection.java:932)
	at sun.net.www.protocol.http.HttpURLConnection.connect(HttpURLConnection.java:850)
	at org.springframework.http.client.SimpleBufferingClientHttpRequest.executeInternal(SimpleBufferingClientHttpRequest.java:78)
	at org.springframework.http.client.AbstractBufferingClientHttpRequest.executeInternal(AbstractBufferingClientHttpRequest.java:46)
	at org.springframework.http.client.AbstractClientHttpRequest.execute(AbstractClientHttpRequest.java:52)
	at org.springframework.web.client.RestTemplate.doExecute(RestTemplate.java:527)
	... 17 more
]]>
    </failure>
  </testcase> <!-- thatOrdersCanBeAddedAndQueried -->
  <testcase name="thatOrdersCanBeAddedAndQueried" time="0.288" classname="com.sprhib.TestService"/>
  <testcase name="thatOrdersCanBeAddedAndQueried" time="0.180" classname="com.sprhib.TestService"/>
  <testcase name="thatOrdersCanBeAddedAndQueried" time="0.128" classname="com.sprhib.TestService"/>
  <testcase name="thatOrdersCanBeAddedAndQueried" time="0.155" classname="com.sprhib.TestService"/>
  <testcase name="thatOrdersCanBeAddedAndQueried" time="0.183" classname="com.sprhib.TestService"/>
  <testcase name="thatOrdersCanBeAddedAndQueried" time="0.141" classname="com.sprhib.TestService"/>
  <testcase name="thatOrdersCanBeAddedAndQueried" time="0.225" classname="com.sprhib.TestService"/>
  <testcase name="thatOrdersCanBeAddedAndQueried" time="0.223" classname="com.sprhib.TestService"/>
  <testcase name="thatOrdersCanBeAddedAndQueried" time="0.112" classname="com.sprhib.TestService"/>
  <testcase name="thatOrdersCanBeAddedAndQueried" time="0.266" classname="com.sprhib.TestService"/>
  <testcase name="thatOrdersCanBeAddedAndQueried" time="0.226" classname="com.sprhib.TestService"/>
  <testcase name="thatOrdersCanBeAddedAndQueried" time="0.198" classname="com.sprhib.TestService"/>
  <testcase name="thatOrdersCanBeAddedAndQueried" time="0.145" classname="com.sprhib.TestService"/>
  <testcase name="thatOrdersCanBeAddedAndQueried" time="0.215" classname="com.sprhib.TestService"/>
  <testcase name="thatOrdersCanBeAddedAndQueried" time="0.180" classname="com.sprhib.TestService"/>
  <testcase name="thatOrdersCanBeAddedAndQueried" time="0.188" classname="com.sprhib.TestService"/>
  <testcase name="thatOrdersCanBeAddedAndQueried" time="0.180" classname="com.sprhib.TestService"/>
  <testcase name="thatOrdersCanBeAddedAndQueried" time="0.163" classname="com.sprhib.TestService"/>
  <testcase name="thatOrdersCanBeAddedAndQueried" time="0.255" classname="com.sprhib.TestService"/>
  <testcase name="thatOrdersCanBeAddedAndQueried" time="0.176" classname="com.sprhib.TestService"/>
  <testcase name="thatOrdersCanBeAddedAndQueried" time="0.159" classname="com.sprhib.TestService"/>
  <testcase name="thatOrdersCanBeAddedAndQueried" time="0.188" classname="com.sprhib.TestService"/>
  <testcase name="thatOrdersCanBeAddedAndQueried" time="0.156" classname="com.sprhib.TestService"/>
  <testcase name="thatOrdersCanBeAddedAndQueried" time="0.194" classname="com.sprhib.TestService"/>
  <testcase name="thatOrdersCanBeAddedAndQueried" time="0.177" classname="com.sprhib.TestService"/>
  <testcase name="thatOrdersCanBeAddedAndQueried" time="0.230" classname="com.sprhib.TestService"/>
  <testcase name="thatOrdersCanBeAddedAndQueried" time="0.169" classname="com.sprhib.TestService"/>
  <testcase name="thatOrdersCanBeAddedAndQueried" time="0.244" classname="com.sprhib.TestService"/>
  <testcase name="thatOrdersCanBeAddedAndQueried" time="0.132" classname="com.sprhib.TestService"/>
  <testcase name="thatOrdersCanBeAddedAndQueried" time="0.147" classname="com.sprhib.TestService"/>
  <testcase name="thatOrdersCanBeAddedAndQueried" time="0.145" classname="com.sprhib.TestService"/>
  <testcase name="thatOrdersCanBeAddedAndQueried" time="0.157" classname="com.sprhib.TestService"/>
  <testcase name="thatOrdersCanBeAddedAndQueried" time="0.170" classname="com.sprhib.TestService"/>
  <testcase name="thatOrdersCanBeAddedAndQueried" time="0.136" classname="com.sprhib.TestService"/>
  <testcase name="thatOrdersCanBeAddedAndQueried" time="0.197" classname="com.sprhib.TestService"/>
  <testcase name="thatOrdersCanBeAddedAndQueried" time="0.134" classname="com.sprhib.TestService"/>
  <testcase name="thatOrdersCanBeAddedAndQueried" time="0.221" classname="com.sprhib.TestService"/>
  <testcase name="thatOrdersCanBeAddedAndQueried" time="0.159" classname="com.sprhib.TestService"/>
  <testcase name="thatOrdersCanBeAddedAndQueried" time="0.237" classname="com.sprhib.TestService"/>
  <testcase name="thatOrdersCanBeAddedAndQueried" time="0.206" classname="com.sprhib.TestService"/>
  <testcase name="thatOrdersCanBeAddedAndQueried" time="0.201" classname="com.sprhib.TestService"/>
  <testcase name="thatOrdersCanBeAddedAndQueried" time="0.190" classname="com.sprhib.TestService"/>
  <testcase name="thatOrdersCanBeAddedAndQueried" time="0.196" classname="com.sprhib.TestService"/>
  <testcase name="thatOrdersCanBeAddedAndQueried" time="0.160" classname="com.sprhib.TestService"/>
  <testcase name="thatOrdersCanBeAddedAndQueried" time="0.134" classname="com.sprhib.TestService"/>
  <testcase name="thatOrdersCanBeAddedAndQueried" time="0.204" classname="com.sprhib.TestService"/>
  <testcase name="thatOrdersCanBeAddedAndQueried" time="0.220" classname="com.sprhib.TestService"/>
  <testcase name="thatOrdersCanBeAddedAndQueried" time="0.322" classname="com.sprhib.TestService"/>
  <testcase name="thatOrdersCanBeAddedAndQueried" time="0.124" classname="com.sprhib.TestService"/>
  <testcase name="thatOrdersCanBeAddedAndQueried" time="0.185" classname="com.sprhib.TestService"/>
  <testcase name="thatOrdersCanBeAddedAndQueried" time="0.210" classname="com.sprhib.TestService"/>
  <testcase name="thatOrdersCanBeAddedAndQueried" time="0.139" classname="com.sprhib.TestService"/>
  <testcase name="thatOrdersCanBeAddedAndQueried" time="0.108" classname="com.sprhib.TestService"/>
  <testcase name="thatOrdersCanBeAddedAndQueried" time="0.209" classname="com.sprhib.TestService"/>
  <testcase name="thatOrdersCanBeAddedAndQueried" time="0.394" classname="com.sprhib.TestService"/>
  <testcase name="thatOrdersCanBeAddedAndQueried" time="0.543" classname="com.sprhib.TestService"/>
  <testcase name="thatOrdersCanBeAddedAndQueried" time="0.206" classname="com.sprhib.TestService"/>
  <testcase name="thatOrdersCanBeAddedAndQueried" time="0.268" classname="com.sprhib.TestService"/>
  <testcase name="thatOrdersCanBeAddedAndQueried" time="0.173" classname="com.sprhib.TestService"/>
  <testcase name="thatOrdersCanBeAddedAndQueried" time="0.186" classname="com.sprhib.TestService"/>
  <testcase name="thatOrdersCanBeAddedAndQueried" time="0.166" classname="com.sprhib.TestService"/>
  <testcase name="thatOrdersCanBeAddedAndQueried" time="0.139" classname="com.sprhib.TestService"/>
  <testcase name="thatOrdersCanBeAddedAndQueried" time="0.026" classname="com.sprhib.TestService">
    <failure type="org.springframework.web.client.ResourceAccessException" message="I/O error on GET request for &quot;http://localhost:8080/spr-mvc-hib/convertation/-110/EUR/USD&quot;:No buffer space available (maximum connections reached?): connect; nested exception is java.net.SocketException: No buffer space available (maximum connections reached?): connect">
      <![CDATA[org.springframework.web.client.ResourceAccessException: I/O error on GET request for "http://localhost:8080/spr-mvc-hib/convertation/-110/EUR/USD":No buffer space available (maximum connections reached?): connect; nested exception is java.net.SocketException: No buffer space available (maximum connections reached?): connect
	at org.springframework.web.client.RestTemplate.doExecute(RestTemplate.java:543)
	at org.springframework.web.client.RestTemplate.execute(RestTemplate.java:489)
	at org.springframework.web.client.RestTemplate.getForEntity(RestTemplate.java:250)
	at com.sprhib.TestService.thatOrdersCanBeAddedAndQueried(TestService.java:26)
	at sun.reflect.GeneratedMethodAccessor3.invoke(Unknown Source)
	at sun.reflect.DelegatingMethodAccessorImpl.invoke(DelegatingMethodAccessorImpl.java:43)
	at java.lang.reflect.Method.invoke(Method.java:606)
	at org.testng.internal.MethodInvocationHelper.invokeMethod(MethodInvocationHelper.java:84)
	at org.testng.internal.Invoker.invokeMethod(Invoker.java:714)
	at org.testng.internal.Invoker.invokeTestMethod(Invoker.java:901)
	at org.testng.internal.Invoker.invokeTestMethods(Invoker.java:1231)
	at org.testng.internal.TestMethodWorker.invokeTestMethods(TestMethodWorker.java:127)
	at org.testng.internal.TestMethodWorker.run(TestMethodWorker.java:111)
	at org.testng.internal.thread.ThreadUtil$2.call(ThreadUtil.java:64)
	at java.util.concurrent.FutureTask.run(FutureTask.java:262)
	at java.util.concurrent.ThreadPoolExecutor.runWorker(ThreadPoolExecutor.java:1145)
	at java.util.concurrent.ThreadPoolExecutor$Worker.run(ThreadPoolExecutor.java:615)
	at java.lang.Thread.run(Thread.java:745)
Caused by: java.net.SocketException: No buffer space available (maximum connections reached?): connect
	at java.net.DualStackPlainSocketImpl.connect0(Native Method)
	at java.net.DualStackPlainSocketImpl.socketConnect(DualStackPlainSocketImpl.java:79)
	at java.net.AbstractPlainSocketImpl.doConnect(AbstractPlainSocketImpl.java:339)
	at java.net.AbstractPlainSocketImpl.connectToAddress(AbstractPlainSocketImpl.java:200)
	at java.net.AbstractPlainSocketImpl.connect(AbstractPlainSocketImpl.java:182)
	at java.net.PlainSocketImpl.connect(PlainSocketImpl.java:172)
	at java.net.SocksSocketImpl.connect(SocksSocketImpl.java:392)
	at java.net.Socket.connect(Socket.java:579)
	at java.net.Socket.connect(Socket.java:528)
	at sun.net.NetworkClient.doConnect(NetworkClient.java:180)
	at sun.net.www.http.HttpClient.openServer(HttpClient.java:432)
	at sun.net.www.http.HttpClient.openServer(HttpClient.java:527)
	at sun.net.www.http.HttpClient.<init>(HttpClient.java:211)
	at sun.net.www.http.HttpClient.New(HttpClient.java:308)
	at sun.net.www.http.HttpClient.New(HttpClient.java:326)
	at sun.net.www.protocol.http.HttpURLConnection.getNewHttpClient(HttpURLConnection.java:996)
	at sun.net.www.protocol.http.HttpURLConnection.plainConnect(HttpURLConnection.java:932)
	at sun.net.www.protocol.http.HttpURLConnection.connect(HttpURLConnection.java:850)
	at org.springframework.http.client.SimpleBufferingClientHttpRequest.executeInternal(SimpleBufferingClientHttpRequest.java:78)
	at org.springframework.http.client.AbstractBufferingClientHttpRequest.executeInternal(AbstractBufferingClientHttpRequest.java:46)
	at org.springframework.http.client.AbstractClientHttpRequest.execute(AbstractClientHttpRequest.java:52)
	at org.springframework.web.client.RestTemplate.doExecute(RestTemplate.java:527)
	... 17 more
]]>
    </failure>
  </testcase> <!-- thatOrdersCanBeAddedAndQueried -->
  <testcase name="thatOrdersCanBeAddedAndQueried" time="0.138" classname="com.sprhib.TestService"/>
  <testcase name="thatOrdersCanBeAddedAndQueried" time="0.204" classname="com.sprhib.TestService"/>
  <testcase name="thatOrdersCanBeAddedAndQueried" time="0.321" classname="com.sprhib.TestService"/>
  <testcase name="thatOrdersCanBeAddedAndQueried" time="0.202" classname="com.sprhib.TestService"/>
  <testcase name="thatOrdersCanBeAddedAndQueried" time="0.153" classname="com.sprhib.TestService"/>
  <testcase name="thatOrdersCanBeAddedAndQueried" time="0.133" classname="com.sprhib.TestService"/>
  <testcase name="thatOrdersCanBeAddedAndQueried" time="0.190" classname="com.sprhib.TestService"/>
  <testcase name="thatOrdersCanBeAddedAndQueried" time="0.170" classname="com.sprhib.TestService"/>
  <testcase name="thatOrdersCanBeAddedAndQueried" time="0.258" classname="com.sprhib.TestService"/>
  <testcase name="thatOrdersCanBeAddedAndQueried" time="0.193" classname="com.sprhib.TestService"/>
  <testcase name="thatOrdersCanBeAddedAndQueried" time="0.202" classname="com.sprhib.TestService"/>
  <testcase name="thatOrdersCanBeAddedAndQueried" time="0.124" classname="com.sprhib.TestService"/>
  <testcase name="thatOrdersCanBeAddedAndQueried" time="0.240" classname="com.sprhib.TestService">
    <failure type="org.springframework.web.client.HttpServerErrorException" message="500 Internal Server Error">
      <![CDATA[org.springframework.web.client.HttpServerErrorException: 500 Internal Server Error
	at org.springframework.web.client.DefaultResponseErrorHandler.handleError(DefaultResponseErrorHandler.java:94)
	at org.springframework.web.client.RestTemplate.handleResponseError(RestTemplate.java:576)
	at org.springframework.web.client.RestTemplate.doExecute(RestTemplate.java:532)
	at org.springframework.web.client.RestTemplate.execute(RestTemplate.java:489)
	at org.springframework.web.client.RestTemplate.getForEntity(RestTemplate.java:250)
	at com.sprhib.TestService.thatOrdersCanBeAddedAndQueried(TestService.java:44)
	at sun.reflect.GeneratedMethodAccessor3.invoke(Unknown Source)
	at sun.reflect.DelegatingMethodAccessorImpl.invoke(DelegatingMethodAccessorImpl.java:43)
	at java.lang.reflect.Method.invoke(Method.java:606)
	at org.testng.internal.MethodInvocationHelper.invokeMethod(MethodInvocationHelper.java:84)
	at org.testng.internal.Invoker.invokeMethod(Invoker.java:714)
	at org.testng.internal.Invoker.invokeTestMethod(Invoker.java:901)
	at org.testng.internal.Invoker.invokeTestMethods(Invoker.java:1231)
	at org.testng.internal.TestMethodWorker.invokeTestMethods(TestMethodWorker.java:127)
	at org.testng.internal.TestMethodWorker.run(TestMethodWorker.java:111)
	at org.testng.internal.thread.ThreadUtil$2.call(ThreadUtil.java:64)
	at java.util.concurrent.FutureTask.run(FutureTask.java:262)
	at java.util.concurrent.ThreadPoolExecutor.runWorker(ThreadPoolExecutor.java:1145)
	at java.util.concurrent.ThreadPoolExecutor$Worker.run(ThreadPoolExecutor.java:615)
	at java.lang.Thread.run(Thread.java:745)
]]>
    </failure>
  </testcase> <!-- thatOrdersCanBeAddedAndQueried -->
  <testcase name="thatOrdersCanBeAddedAndQueried" time="0.285" classname="com.sprhib.TestService"/>
  <testcase name="thatOrdersCanBeAddedAndQueried" time="1.054" classname="com.sprhib.TestService"/>
  <testcase name="thatOrdersCanBeAddedAndQueried" time="0.198" classname="com.sprhib.TestService"/>
  <testcase name="thatOrdersCanBeAddedAndQueried" time="0.200" classname="com.sprhib.TestService"/>
  <testcase name="thatOrdersCanBeAddedAndQueried" time="0.154" classname="com.sprhib.TestService"/>
  <testcase name="thatOrdersCanBeAddedAndQueried" time="0.242" classname="com.sprhib.TestService"/>
  <testcase name="thatOrdersCanBeAddedAndQueried" time="0.268" classname="com.sprhib.TestService"/>
  <testcase name="thatOrdersCanBeAddedAndQueried" time="0.244" classname="com.sprhib.TestService"/>
  <testcase name="thatOrdersCanBeAddedAndQueried" time="0.171" classname="com.sprhib.TestService"/>
  <testcase name="thatOrdersCanBeAddedAndQueried" time="0.147" classname="com.sprhib.TestService"/>
  <testcase name="thatOrdersCanBeAddedAndQueried" time="0.225" classname="com.sprhib.TestService"/>
  <testcase name="thatOrdersCanBeAddedAndQueried" time="0.168" classname="com.sprhib.TestService"/>
  <testcase name="thatOrdersCanBeAddedAndQueried" time="0.308" classname="com.sprhib.TestService"/>
  <testcase name="thatOrdersCanBeAddedAndQueried" time="0.133" classname="com.sprhib.TestService"/>
  <testcase name="thatOrdersCanBeAddedAndQueried" time="0.247" classname="com.sprhib.TestService"/>
  <testcase name="thatOrdersCanBeAddedAndQueried" time="0.234" classname="com.sprhib.TestService"/>
  <testcase name="thatOrdersCanBeAddedAndQueried" time="0.141" classname="com.sprhib.TestService"/>
  <testcase name="thatOrdersCanBeAddedAndQueried" time="0.112" classname="com.sprhib.TestService"/>
  <testcase name="thatOrdersCanBeAddedAndQueried" time="0.217" classname="com.sprhib.TestService"/>
  <testcase name="thatOrdersCanBeAddedAndQueried" time="0.114" classname="com.sprhib.TestService"/>
  <testcase name="thatOrdersCanBeAddedAndQueried" time="0.163" classname="com.sprhib.TestService"/>
  <testcase name="thatOrdersCanBeAddedAndQueried" time="0.192" classname="com.sprhib.TestService"/>
  <testcase name="thatOrdersCanBeAddedAndQueried" time="0.292" classname="com.sprhib.TestService"/>
  <testcase name="thatOrdersCanBeAddedAndQueried" time="0.230" classname="com.sprhib.TestService"/>
  <testcase name="thatOrdersCanBeAddedAndQueried" time="0.181" classname="com.sprhib.TestService"/>
  <testcase name="thatOrdersCanBeAddedAndQueried" time="0.168" classname="com.sprhib.TestService"/>
  <testcase name="thatOrdersCanBeAddedAndQueried" time="0.162" classname="com.sprhib.TestService"/>
  <testcase name="thatOrdersCanBeAddedAndQueried" time="0.147" classname="com.sprhib.TestService"/>
  <testcase name="thatOrdersCanBeAddedAndQueried" time="0.165" classname="com.sprhib.TestService"/>
  <testcase name="thatOrdersCanBeAddedAndQueried" time="0.367" classname="com.sprhib.TestService"/>
  <testcase name="thatOrdersCanBeAddedAndQueried" time="0.141" classname="com.sprhib.TestService"/>
  <testcase name="thatOrdersCanBeAddedAndQueried" time="0.216" classname="com.sprhib.TestService"/>
  <testcase name="thatOrdersCanBeAddedAndQueried" time="0.177" classname="com.sprhib.TestService">
    <failure type="org.springframework.web.client.HttpServerErrorException" message="500 Internal Server Error">
      <![CDATA[org.springframework.web.client.HttpServerErrorException: 500 Internal Server Error
	at org.springframework.web.client.DefaultResponseErrorHandler.handleError(DefaultResponseErrorHandler.java:94)
	at org.springframework.web.client.RestTemplate.handleResponseError(RestTemplate.java:576)
	at org.springframework.web.client.RestTemplate.doExecute(RestTemplate.java:532)
	at org.springframework.web.client.RestTemplate.execute(RestTemplate.java:489)
	at org.springframework.web.client.RestTemplate.getForEntity(RestTemplate.java:250)
	at com.sprhib.TestService.thatOrdersCanBeAddedAndQueried(TestService.java:44)
	at sun.reflect.GeneratedMethodAccessor3.invoke(Unknown Source)
	at sun.reflect.DelegatingMethodAccessorImpl.invoke(DelegatingMethodAccessorImpl.java:43)
	at java.lang.reflect.Method.invoke(Method.java:606)
	at org.testng.internal.MethodInvocationHelper.invokeMethod(MethodInvocationHelper.java:84)
	at org.testng.internal.Invoker.invokeMethod(Invoker.java:714)
	at org.testng.internal.Invoker.invokeTestMethod(Invoker.java:901)
	at org.testng.internal.Invoker.invokeTestMethods(Invoker.java:1231)
	at org.testng.internal.TestMethodWorker.invokeTestMethods(TestMethodWorker.java:127)
	at org.testng.internal.TestMethodWorker.run(TestMethodWorker.java:111)
	at org.testng.internal.thread.ThreadUtil$2.call(ThreadUtil.java:64)
	at java.util.concurrent.FutureTask.run(FutureTask.java:262)
	at java.util.concurrent.ThreadPoolExecutor.runWorker(ThreadPoolExecutor.java:1145)
	at java.util.concurrent.ThreadPoolExecutor$Worker.run(ThreadPoolExecutor.java:615)
	at java.lang.Thread.run(Thread.java:745)
]]>
    </failure>
  </testcase> <!-- thatOrdersCanBeAddedAndQueried -->
  <testcase name="thatOrdersCanBeAddedAndQueried" time="0.158" classname="com.sprhib.TestService"/>
  <testcase name="thatOrdersCanBeAddedAndQueried" time="0.152" classname="com.sprhib.TestService"/>
  <testcase name="thatOrdersCanBeAddedAndQueried" time="0.234" classname="com.sprhib.TestService"/>
  <testcase name="thatOrdersCanBeAddedAndQueried" time="0.484" classname="com.sprhib.TestService"/>
  <testcase name="thatOrdersCanBeAddedAndQueried" time="0.139" classname="com.sprhib.TestService"/>
  <testcase name="thatOrdersCanBeAddedAndQueried" time="0.141" classname="com.sprhib.TestService"/>
  <testcase name="thatOrdersCanBeAddedAndQueried" time="0.152" classname="com.sprhib.TestService"/>
  <testcase name="thatOrdersCanBeAddedAndQueried" time="0.194" classname="com.sprhib.TestService"/>
  <testcase name="thatOrdersCanBeAddedAndQueried" time="0.197" classname="com.sprhib.TestService"/>
  <testcase name="thatOrdersCanBeAddedAndQueried" time="0.289" classname="com.sprhib.TestService"/>
  <testcase name="thatOrdersCanBeAddedAndQueried" time="0.293" classname="com.sprhib.TestService"/>
  <testcase name="thatOrdersCanBeAddedAndQueried" time="0.237" classname="com.sprhib.TestService"/>
  <testcase name="thatOrdersCanBeAddedAndQueried" time="0.140" classname="com.sprhib.TestService"/>
  <testcase name="thatOrdersCanBeAddedAndQueried" time="0.183" classname="com.sprhib.TestService"/>
  <testcase name="thatOrdersCanBeAddedAndQueried" time="0.291" classname="com.sprhib.TestService"/>
  <testcase name="thatOrdersCanBeAddedAndQueried" time="0.261" classname="com.sprhib.TestService"/>
  <testcase name="thatOrdersCanBeAddedAndQueried" time="0.155" classname="com.sprhib.TestService"/>
  <testcase name="thatOrdersCanBeAddedAndQueried" time="0.147" classname="com.sprhib.TestService"/>
  <testcase name="thatOrdersCanBeAddedAndQueried" time="0.336" classname="com.sprhib.TestService"/>
  <testcase name="thatOrdersCanBeAddedAndQueried" time="0.154" classname="com.sprhib.TestService"/>
  <testcase name="thatOrdersCanBeAddedAndQueried" time="0.095" classname="com.sprhib.TestService">
    <failure type="org.springframework.web.client.ResourceAccessException" message="I/O error on GET request for &quot;http://localhost:8080/spr-mvc-hib/convertation/-110/EUR/USD&quot;:No buffer space available (maximum connections reached?): connect; nested exception is java.net.SocketException: No buffer space available (maximum connections reached?): connect">
      <![CDATA[org.springframework.web.client.ResourceAccessException: I/O error on GET request for "http://localhost:8080/spr-mvc-hib/convertation/-110/EUR/USD":No buffer space available (maximum connections reached?): connect; nested exception is java.net.SocketException: No buffer space available (maximum connections reached?): connect
	at org.springframework.web.client.RestTemplate.doExecute(RestTemplate.java:543)
	at org.springframework.web.client.RestTemplate.execute(RestTemplate.java:489)
	at org.springframework.web.client.RestTemplate.getForEntity(RestTemplate.java:250)
	at com.sprhib.TestService.thatOrdersCanBeAddedAndQueried(TestService.java:26)
	at sun.reflect.GeneratedMethodAccessor3.invoke(Unknown Source)
	at sun.reflect.DelegatingMethodAccessorImpl.invoke(DelegatingMethodAccessorImpl.java:43)
	at java.lang.reflect.Method.invoke(Method.java:606)
	at org.testng.internal.MethodInvocationHelper.invokeMethod(MethodInvocationHelper.java:84)
	at org.testng.internal.Invoker.invokeMethod(Invoker.java:714)
	at org.testng.internal.Invoker.invokeTestMethod(Invoker.java:901)
	at org.testng.internal.Invoker.invokeTestMethods(Invoker.java:1231)
	at org.testng.internal.TestMethodWorker.invokeTestMethods(TestMethodWorker.java:127)
	at org.testng.internal.TestMethodWorker.run(TestMethodWorker.java:111)
	at org.testng.internal.thread.ThreadUtil$2.call(ThreadUtil.java:64)
	at java.util.concurrent.FutureTask.run(FutureTask.java:262)
	at java.util.concurrent.ThreadPoolExecutor.runWorker(ThreadPoolExecutor.java:1145)
	at java.util.concurrent.ThreadPoolExecutor$Worker.run(ThreadPoolExecutor.java:615)
	at java.lang.Thread.run(Thread.java:745)
Caused by: java.net.SocketException: No buffer space available (maximum connections reached?): connect
	at java.net.DualStackPlainSocketImpl.connect0(Native Method)
	at java.net.DualStackPlainSocketImpl.socketConnect(DualStackPlainSocketImpl.java:79)
	at java.net.AbstractPlainSocketImpl.doConnect(AbstractPlainSocketImpl.java:339)
	at java.net.AbstractPlainSocketImpl.connectToAddress(AbstractPlainSocketImpl.java:200)
	at java.net.AbstractPlainSocketImpl.connect(AbstractPlainSocketImpl.java:182)
	at java.net.PlainSocketImpl.connect(PlainSocketImpl.java:172)
	at java.net.SocksSocketImpl.connect(SocksSocketImpl.java:392)
	at java.net.Socket.connect(Socket.java:579)
	at java.net.Socket.connect(Socket.java:528)
	at sun.net.NetworkClient.doConnect(NetworkClient.java:180)
	at sun.net.www.http.HttpClient.openServer(HttpClient.java:432)
	at sun.net.www.http.HttpClient.openServer(HttpClient.java:527)
	at sun.net.www.http.HttpClient.<init>(HttpClient.java:211)
	at sun.net.www.http.HttpClient.New(HttpClient.java:308)
	at sun.net.www.http.HttpClient.New(HttpClient.java:326)
	at sun.net.www.protocol.http.HttpURLConnection.getNewHttpClient(HttpURLConnection.java:996)
	at sun.net.www.protocol.http.HttpURLConnection.plainConnect(HttpURLConnection.java:932)
	at sun.net.www.protocol.http.HttpURLConnection.connect(HttpURLConnection.java:850)
	at org.springframework.http.client.SimpleBufferingClientHttpRequest.executeInternal(SimpleBufferingClientHttpRequest.java:78)
	at org.springframework.http.client.AbstractBufferingClientHttpRequest.executeInternal(AbstractBufferingClientHttpRequest.java:46)
	at org.springframework.http.client.AbstractClientHttpRequest.execute(AbstractClientHttpRequest.java:52)
	at org.springframework.web.client.RestTemplate.doExecute(RestTemplate.java:527)
	... 17 more
]]>
    </failure>
  </testcase> <!-- thatOrdersCanBeAddedAndQueried -->
  <testcase name="thatOrdersCanBeAddedAndQueried" time="0.181" classname="com.sprhib.TestService"/>
  <testcase name="thatOrdersCanBeAddedAndQueried" time="0.151" classname="com.sprhib.TestService"/>
  <testcase name="thatOrdersCanBeAddedAndQueried" time="0.243" classname="com.sprhib.TestService"/>
  <testcase name="thatOrdersCanBeAddedAndQueried" time="0.217" classname="com.sprhib.TestService"/>
  <testcase name="thatOrdersCanBeAddedAndQueried" time="0.197" classname="com.sprhib.TestService"/>
  <testcase name="thatOrdersCanBeAddedAndQueried" time="0.146" classname="com.sprhib.TestService"/>
  <testcase name="thatOrdersCanBeAddedAndQueried" time="0.080" classname="com.sprhib.TestService">
    <failure type="org.springframework.web.client.HttpServerErrorException" message="500 Internal Server Error">
      <![CDATA[org.springframework.web.client.HttpServerErrorException: 500 Internal Server Error
	at org.springframework.web.client.DefaultResponseErrorHandler.handleError(DefaultResponseErrorHandler.java:94)
	at org.springframework.web.client.RestTemplate.handleResponseError(RestTemplate.java:576)
	at org.springframework.web.client.RestTemplate.doExecute(RestTemplate.java:532)
	at org.springframework.web.client.RestTemplate.execute(RestTemplate.java:489)
	at org.springframework.web.client.RestTemplate.getForEntity(RestTemplate.java:250)
	at com.sprhib.TestService.thatOrdersCanBeAddedAndQueried(TestService.java:44)
	at sun.reflect.GeneratedMethodAccessor3.invoke(Unknown Source)
	at sun.reflect.DelegatingMethodAccessorImpl.invoke(DelegatingMethodAccessorImpl.java:43)
	at java.lang.reflect.Method.invoke(Method.java:606)
	at org.testng.internal.MethodInvocationHelper.invokeMethod(MethodInvocationHelper.java:84)
	at org.testng.internal.Invoker.invokeMethod(Invoker.java:714)
	at org.testng.internal.Invoker.invokeTestMethod(Invoker.java:901)
	at org.testng.internal.Invoker.invokeTestMethods(Invoker.java:1231)
	at org.testng.internal.TestMethodWorker.invokeTestMethods(TestMethodWorker.java:127)
	at org.testng.internal.TestMethodWorker.run(TestMethodWorker.java:111)
	at org.testng.internal.thread.ThreadUtil$2.call(ThreadUtil.java:64)
	at java.util.concurrent.FutureTask.run(FutureTask.java:262)
	at java.util.concurrent.ThreadPoolExecutor.runWorker(ThreadPoolExecutor.java:1145)
	at java.util.concurrent.ThreadPoolExecutor$Worker.run(ThreadPoolExecutor.java:615)
	at java.lang.Thread.run(Thread.java:745)
]]>
    </failure>
  </testcase> <!-- thatOrdersCanBeAddedAndQueried -->
  <testcase name="thatOrdersCanBeAddedAndQueried" time="0.166" classname="com.sprhib.TestService"/>
  <testcase name="thatOrdersCanBeAddedAndQueried" time="0.183" classname="com.sprhib.TestService"/>
  <testcase name="thatOrdersCanBeAddedAndQueried" time="0.235" classname="com.sprhib.TestService"/>
  <testcase name="thatOrdersCanBeAddedAndQueried" time="0.225" classname="com.sprhib.TestService"/>
  <testcase name="thatOrdersCanBeAddedAndQueried" time="0.136" classname="com.sprhib.TestService"/>
  <testcase name="thatOrdersCanBeAddedAndQueried" time="0.136" classname="com.sprhib.TestService"/>
  <testcase name="thatOrdersCanBeAddedAndQueried" time="0.177" classname="com.sprhib.TestService"/>
  <testcase name="thatOrdersCanBeAddedAndQueried" time="0.341" classname="com.sprhib.TestService"/>
  <testcase name="thatOrdersCanBeAddedAndQueried" time="0.178" classname="com.sprhib.TestService"/>
  <testcase name="thatOrdersCanBeAddedAndQueried" time="0.242" classname="com.sprhib.TestService"/>
  <testcase name="thatOrdersCanBeAddedAndQueried" time="0.170" classname="com.sprhib.TestService"/>
  <testcase name="thatOrdersCanBeAddedAndQueried" time="0.166" classname="com.sprhib.TestService"/>
  <testcase name="thatOrdersCanBeAddedAndQueried" time="0.141" classname="com.sprhib.TestService"/>
  <testcase name="thatOrdersCanBeAddedAndQueried" time="0.137" classname="com.sprhib.TestService"/>
  <testcase name="thatOrdersCanBeAddedAndQueried" time="0.183" classname="com.sprhib.TestService"/>
  <testcase name="thatOrdersCanBeAddedAndQueried" time="0.040" classname="com.sprhib.TestService">
    <failure type="org.springframework.web.client.ResourceAccessException" message="I/O error on GET request for &quot;http://localhost:8080/spr-mvc-hib/convertation/-110/EUR/USD&quot;:No buffer space available (maximum connections reached?): connect; nested exception is java.net.SocketException: No buffer space available (maximum connections reached?): connect">
      <![CDATA[org.springframework.web.client.ResourceAccessException: I/O error on GET request for "http://localhost:8080/spr-mvc-hib/convertation/-110/EUR/USD":No buffer space available (maximum connections reached?): connect; nested exception is java.net.SocketException: No buffer space available (maximum connections reached?): connect
	at org.springframework.web.client.RestTemplate.doExecute(RestTemplate.java:543)
	at org.springframework.web.client.RestTemplate.execute(RestTemplate.java:489)
	at org.springframework.web.client.RestTemplate.getForEntity(RestTemplate.java:250)
	at com.sprhib.TestService.thatOrdersCanBeAddedAndQueried(TestService.java:26)
	at sun.reflect.GeneratedMethodAccessor3.invoke(Unknown Source)
	at sun.reflect.DelegatingMethodAccessorImpl.invoke(DelegatingMethodAccessorImpl.java:43)
	at java.lang.reflect.Method.invoke(Method.java:606)
	at org.testng.internal.MethodInvocationHelper.invokeMethod(MethodInvocationHelper.java:84)
	at org.testng.internal.Invoker.invokeMethod(Invoker.java:714)
	at org.testng.internal.Invoker.invokeTestMethod(Invoker.java:901)
	at org.testng.internal.Invoker.invokeTestMethods(Invoker.java:1231)
	at org.testng.internal.TestMethodWorker.invokeTestMethods(TestMethodWorker.java:127)
	at org.testng.internal.TestMethodWorker.run(TestMethodWorker.java:111)
	at org.testng.internal.thread.ThreadUtil$2.call(ThreadUtil.java:64)
	at java.util.concurrent.FutureTask.run(FutureTask.java:262)
	at java.util.concurrent.ThreadPoolExecutor.runWorker(ThreadPoolExecutor.java:1145)
	at java.util.concurrent.ThreadPoolExecutor$Worker.run(ThreadPoolExecutor.java:615)
	at java.lang.Thread.run(Thread.java:745)
Caused by: java.net.SocketException: No buffer space available (maximum connections reached?): connect
	at java.net.DualStackPlainSocketImpl.connect0(Native Method)
	at java.net.DualStackPlainSocketImpl.socketConnect(DualStackPlainSocketImpl.java:79)
	at java.net.AbstractPlainSocketImpl.doConnect(AbstractPlainSocketImpl.java:339)
	at java.net.AbstractPlainSocketImpl.connectToAddress(AbstractPlainSocketImpl.java:200)
	at java.net.AbstractPlainSocketImpl.connect(AbstractPlainSocketImpl.java:182)
	at java.net.PlainSocketImpl.connect(PlainSocketImpl.java:172)
	at java.net.SocksSocketImpl.connect(SocksSocketImpl.java:392)
	at java.net.Socket.connect(Socket.java:579)
	at java.net.Socket.connect(Socket.java:528)
	at sun.net.NetworkClient.doConnect(NetworkClient.java:180)
	at sun.net.www.http.HttpClient.openServer(HttpClient.java:432)
	at sun.net.www.http.HttpClient.openServer(HttpClient.java:527)
	at sun.net.www.http.HttpClient.<init>(HttpClient.java:211)
	at sun.net.www.http.HttpClient.New(HttpClient.java:308)
	at sun.net.www.http.HttpClient.New(HttpClient.java:326)
	at sun.net.www.protocol.http.HttpURLConnection.getNewHttpClient(HttpURLConnection.java:996)
	at sun.net.www.protocol.http.HttpURLConnection.plainConnect(HttpURLConnection.java:932)
	at sun.net.www.protocol.http.HttpURLConnection.connect(HttpURLConnection.java:850)
	at org.springframework.http.client.SimpleBufferingClientHttpRequest.executeInternal(SimpleBufferingClientHttpRequest.java:78)
	at org.springframework.http.client.AbstractBufferingClientHttpRequest.executeInternal(AbstractBufferingClientHttpRequest.java:46)
	at org.springframework.http.client.AbstractClientHttpRequest.execute(AbstractClientHttpRequest.java:52)
	at org.springframework.web.client.RestTemplate.doExecute(RestTemplate.java:527)
	... 17 more
]]>
    </failure>
  </testcase> <!-- thatOrdersCanBeAddedAndQueried -->
  <testcase name="thatOrdersCanBeAddedAndQueried" time="0.125" classname="com.sprhib.TestService">
    <failure type="org.springframework.web.client.HttpServerErrorException" message="500 Internal Server Error">
      <![CDATA[org.springframework.web.client.HttpServerErrorException: 500 Internal Server Error
	at org.springframework.web.client.DefaultResponseErrorHandler.handleError(DefaultResponseErrorHandler.java:94)
	at org.springframework.web.client.RestTemplate.handleResponseError(RestTemplate.java:576)
	at org.springframework.web.client.RestTemplate.doExecute(RestTemplate.java:532)
	at org.springframework.web.client.RestTemplate.execute(RestTemplate.java:489)
	at org.springframework.web.client.RestTemplate.getForEntity(RestTemplate.java:250)
	at com.sprhib.TestService.thatOrdersCanBeAddedAndQueried(TestService.java:39)
	at sun.reflect.GeneratedMethodAccessor3.invoke(Unknown Source)
	at sun.reflect.DelegatingMethodAccessorImpl.invoke(DelegatingMethodAccessorImpl.java:43)
	at java.lang.reflect.Method.invoke(Method.java:606)
	at org.testng.internal.MethodInvocationHelper.invokeMethod(MethodInvocationHelper.java:84)
	at org.testng.internal.Invoker.invokeMethod(Invoker.java:714)
	at org.testng.internal.Invoker.invokeTestMethod(Invoker.java:901)
	at org.testng.internal.Invoker.invokeTestMethods(Invoker.java:1231)
	at org.testng.internal.TestMethodWorker.invokeTestMethods(TestMethodWorker.java:127)
	at org.testng.internal.TestMethodWorker.run(TestMethodWorker.java:111)
	at org.testng.internal.thread.ThreadUtil$2.call(ThreadUtil.java:64)
	at java.util.concurrent.FutureTask.run(FutureTask.java:262)
	at java.util.concurrent.ThreadPoolExecutor.runWorker(ThreadPoolExecutor.java:1145)
	at java.util.concurrent.ThreadPoolExecutor$Worker.run(ThreadPoolExecutor.java:615)
	at java.lang.Thread.run(Thread.java:745)
]]>
    </failure>
  </testcase> <!-- thatOrdersCanBeAddedAndQueried -->
  <testcase name="thatOrdersCanBeAddedAndQueried" time="0.138" classname="com.sprhib.TestService"/>
  <testcase name="thatOrdersCanBeAddedAndQueried" time="0.194" classname="com.sprhib.TestService"/>
  <testcase name="thatOrdersCanBeAddedAndQueried" time="0.167" classname="com.sprhib.TestService"/>
  <testcase name="thatOrdersCanBeAddedAndQueried" time="0.161" classname="com.sprhib.TestService"/>
  <testcase name="thatOrdersCanBeAddedAndQueried" time="0.172" classname="com.sprhib.TestService"/>
  <testcase name="thatOrdersCanBeAddedAndQueried" time="0.184" classname="com.sprhib.TestService"/>
  <testcase name="thatOrdersCanBeAddedAndQueried" time="0.292" classname="com.sprhib.TestService"/>
  <testcase name="thatOrdersCanBeAddedAndQueried" time="0.157" classname="com.sprhib.TestService"/>
  <testcase name="thatOrdersCanBeAddedAndQueried" time="0.158" classname="com.sprhib.TestService"/>
  <testcase name="thatOrdersCanBeAddedAndQueried" time="0.231" classname="com.sprhib.TestService"/>
  <testcase name="thatOrdersCanBeAddedAndQueried" time="0.286" classname="com.sprhib.TestService"/>
  <testcase name="thatOrdersCanBeAddedAndQueried" time="0.252" classname="com.sprhib.TestService"/>
  <testcase name="thatOrdersCanBeAddedAndQueried" time="0.308" classname="com.sprhib.TestService"/>
  <testcase name="thatOrdersCanBeAddedAndQueried" time="0.262" classname="com.sprhib.TestService"/>
  <testcase name="thatOrdersCanBeAddedAndQueried" time="0.158" classname="com.sprhib.TestService"/>
  <testcase name="thatOrdersCanBeAddedAndQueried" time="0.208" classname="com.sprhib.TestService"/>
  <testcase name="thatOrdersCanBeAddedAndQueried" time="0.162" classname="com.sprhib.TestService"/>
  <testcase name="thatOrdersCanBeAddedAndQueried" time="0.157" classname="com.sprhib.TestService"/>
  <testcase name="thatOrdersCanBeAddedAndQueried" time="0.201" classname="com.sprhib.TestService"/>
  <testcase name="thatOrdersCanBeAddedAndQueried" time="0.183" classname="com.sprhib.TestService"/>
  <testcase name="thatOrdersCanBeAddedAndQueried" time="0.159" classname="com.sprhib.TestService"/>
  <testcase name="thatOrdersCanBeAddedAndQueried" time="0.143" classname="com.sprhib.TestService"/>
  <testcase name="thatOrdersCanBeAddedAndQueried" time="0.296" classname="com.sprhib.TestService"/>
  <testcase name="thatOrdersCanBeAddedAndQueried" time="0.119" classname="com.sprhib.TestService"/>
  <testcase name="thatOrdersCanBeAddedAndQueried" time="0.151" classname="com.sprhib.TestService"/>
  <testcase name="thatOrdersCanBeAddedAndQueried" time="0.206" classname="com.sprhib.TestService"/>
  <testcase name="thatOrdersCanBeAddedAndQueried" time="0.021" classname="com.sprhib.TestService">
    <failure type="org.springframework.web.client.ResourceAccessException" message="I/O error on GET request for &quot;http://localhost:8080/spr-mvc-hib/convertation/-110/EUR/USD&quot;:No buffer space available (maximum connections reached?): connect; nested exception is java.net.SocketException: No buffer space available (maximum connections reached?): connect">
      <![CDATA[org.springframework.web.client.ResourceAccessException: I/O error on GET request for "http://localhost:8080/spr-mvc-hib/convertation/-110/EUR/USD":No buffer space available (maximum connections reached?): connect; nested exception is java.net.SocketException: No buffer space available (maximum connections reached?): connect
	at org.springframework.web.client.RestTemplate.doExecute(RestTemplate.java:543)
	at org.springframework.web.client.RestTemplate.execute(RestTemplate.java:489)
	at org.springframework.web.client.RestTemplate.getForEntity(RestTemplate.java:250)
	at com.sprhib.TestService.thatOrdersCanBeAddedAndQueried(TestService.java:26)
	at sun.reflect.GeneratedMethodAccessor3.invoke(Unknown Source)
	at sun.reflect.DelegatingMethodAccessorImpl.invoke(DelegatingMethodAccessorImpl.java:43)
	at java.lang.reflect.Method.invoke(Method.java:606)
	at org.testng.internal.MethodInvocationHelper.invokeMethod(MethodInvocationHelper.java:84)
	at org.testng.internal.Invoker.invokeMethod(Invoker.java:714)
	at org.testng.internal.Invoker.invokeTestMethod(Invoker.java:901)
	at org.testng.internal.Invoker.invokeTestMethods(Invoker.java:1231)
	at org.testng.internal.TestMethodWorker.invokeTestMethods(TestMethodWorker.java:127)
	at org.testng.internal.TestMethodWorker.run(TestMethodWorker.java:111)
	at org.testng.internal.thread.ThreadUtil$2.call(ThreadUtil.java:64)
	at java.util.concurrent.FutureTask.run(FutureTask.java:262)
	at java.util.concurrent.ThreadPoolExecutor.runWorker(ThreadPoolExecutor.java:1145)
	at java.util.concurrent.ThreadPoolExecutor$Worker.run(ThreadPoolExecutor.java:615)
	at java.lang.Thread.run(Thread.java:745)
Caused by: java.net.SocketException: No buffer space available (maximum connections reached?): connect
	at java.net.DualStackPlainSocketImpl.connect0(Native Method)
	at java.net.DualStackPlainSocketImpl.socketConnect(DualStackPlainSocketImpl.java:79)
	at java.net.AbstractPlainSocketImpl.doConnect(AbstractPlainSocketImpl.java:339)
	at java.net.AbstractPlainSocketImpl.connectToAddress(AbstractPlainSocketImpl.java:200)
	at java.net.AbstractPlainSocketImpl.connect(AbstractPlainSocketImpl.java:182)
	at java.net.PlainSocketImpl.connect(PlainSocketImpl.java:172)
	at java.net.SocksSocketImpl.connect(SocksSocketImpl.java:392)
	at java.net.Socket.connect(Socket.java:579)
	at java.net.Socket.connect(Socket.java:528)
	at sun.net.NetworkClient.doConnect(NetworkClient.java:180)
	at sun.net.www.http.HttpClient.openServer(HttpClient.java:432)
	at sun.net.www.http.HttpClient.openServer(HttpClient.java:527)
	at sun.net.www.http.HttpClient.<init>(HttpClient.java:211)
	at sun.net.www.http.HttpClient.New(HttpClient.java:308)
	at sun.net.www.http.HttpClient.New(HttpClient.java:326)
	at sun.net.www.protocol.http.HttpURLConnection.getNewHttpClient(HttpURLConnection.java:996)
	at sun.net.www.protocol.http.HttpURLConnection.plainConnect(HttpURLConnection.java:932)
	at sun.net.www.protocol.http.HttpURLConnection.connect(HttpURLConnection.java:850)
	at org.springframework.http.client.SimpleBufferingClientHttpRequest.executeInternal(SimpleBufferingClientHttpRequest.java:78)
	at org.springframework.http.client.AbstractBufferingClientHttpRequest.executeInternal(AbstractBufferingClientHttpRequest.java:46)
	at org.springframework.http.client.AbstractClientHttpRequest.execute(AbstractClientHttpRequest.java:52)
	at org.springframework.web.client.RestTemplate.doExecute(RestTemplate.java:527)
	... 17 more
]]>
    </failure>
  </testcase> <!-- thatOrdersCanBeAddedAndQueried -->
  <testcase name="thatOrdersCanBeAddedAndQueried" time="0.216" classname="com.sprhib.TestService"/>
  <testcase name="thatOrdersCanBeAddedAndQueried" time="0.224" classname="com.sprhib.TestService"/>
  <testcase name="thatOrdersCanBeAddedAndQueried" time="0.168" classname="com.sprhib.TestService"/>
  <testcase name="thatOrdersCanBeAddedAndQueried" time="0.227" classname="com.sprhib.TestService"/>
  <testcase name="thatOrdersCanBeAddedAndQueried" time="0.481" classname="com.sprhib.TestService"/>
  <testcase name="thatOrdersCanBeAddedAndQueried" time="0.275" classname="com.sprhib.TestService"/>
  <testcase name="thatOrdersCanBeAddedAndQueried" time="0.264" classname="com.sprhib.TestService"/>
  <testcase name="thatOrdersCanBeAddedAndQueried" time="0.362" classname="com.sprhib.TestService"/>
  <testcase name="thatOrdersCanBeAddedAndQueried" time="0.264" classname="com.sprhib.TestService"/>
  <testcase name="thatOrdersCanBeAddedAndQueried" time="0.161" classname="com.sprhib.TestService"/>
  <testcase name="thatOrdersCanBeAddedAndQueried" time="0.229" classname="com.sprhib.TestService"/>
  <testcase name="thatOrdersCanBeAddedAndQueried" time="0.173" classname="com.sprhib.TestService"/>
  <testcase name="thatOrdersCanBeAddedAndQueried" time="0.140" classname="com.sprhib.TestService"/>
  <testcase name="thatOrdersCanBeAddedAndQueried" time="0.131" classname="com.sprhib.TestService"/>
  <testcase name="thatOrdersCanBeAddedAndQueried" time="0.133" classname="com.sprhib.TestService"/>
  <testcase name="thatOrdersCanBeAddedAndQueried" time="0.168" classname="com.sprhib.TestService"/>
  <testcase name="thatOrdersCanBeAddedAndQueried" time="0.276" classname="com.sprhib.TestService"/>
  <testcase name="thatOrdersCanBeAddedAndQueried" time="0.117" classname="com.sprhib.TestService"/>
  <testcase name="thatOrdersCanBeAddedAndQueried" time="0.162" classname="com.sprhib.TestService"/>
  <testcase name="thatOrdersCanBeAddedAndQueried" time="0.172" classname="com.sprhib.TestService"/>
  <testcase name="thatOrdersCanBeAddedAndQueried" time="0.179" classname="com.sprhib.TestService"/>
  <testcase name="thatOrdersCanBeAddedAndQueried" time="0.242" classname="com.sprhib.TestService"/>
  <testcase name="thatOrdersCanBeAddedAndQueried" time="0.143" classname="com.sprhib.TestService"/>
  <testcase name="thatOrdersCanBeAddedAndQueried" time="0.155" classname="com.sprhib.TestService"/>
  <testcase name="thatOrdersCanBeAddedAndQueried" time="0.230" classname="com.sprhib.TestService"/>
  <testcase name="thatOrdersCanBeAddedAndQueried" time="0.251" classname="com.sprhib.TestService"/>
  <testcase name="thatOrdersCanBeAddedAndQueried" time="0.152" classname="com.sprhib.TestService"/>
  <testcase name="thatOrdersCanBeAddedAndQueried" time="0.193" classname="com.sprhib.TestService"/>
  <testcase name="thatOrdersCanBeAddedAndQueried" time="0.168" classname="com.sprhib.TestService"/>
  <testcase name="thatOrdersCanBeAddedAndQueried" time="0.201" classname="com.sprhib.TestService"/>
  <testcase name="thatOrdersCanBeAddedAndQueried" time="0.249" classname="com.sprhib.TestService"/>
  <testcase name="thatOrdersCanBeAddedAndQueried" time="0.013" classname="com.sprhib.TestService">
    <failure type="org.springframework.web.client.ResourceAccessException" message="I/O error on GET request for &quot;http://localhost:8080/spr-mvc-hib/convertation/-110/EUR/USD&quot;:No buffer space available (maximum connections reached?): connect; nested exception is java.net.SocketException: No buffer space available (maximum connections reached?): connect">
      <![CDATA[org.springframework.web.client.ResourceAccessException: I/O error on GET request for "http://localhost:8080/spr-mvc-hib/convertation/-110/EUR/USD":No buffer space available (maximum connections reached?): connect; nested exception is java.net.SocketException: No buffer space available (maximum connections reached?): connect
	at org.springframework.web.client.RestTemplate.doExecute(RestTemplate.java:543)
	at org.springframework.web.client.RestTemplate.execute(RestTemplate.java:489)
	at org.springframework.web.client.RestTemplate.getForEntity(RestTemplate.java:250)
	at com.sprhib.TestService.thatOrdersCanBeAddedAndQueried(TestService.java:26)
	at sun.reflect.GeneratedMethodAccessor3.invoke(Unknown Source)
	at sun.reflect.DelegatingMethodAccessorImpl.invoke(DelegatingMethodAccessorImpl.java:43)
	at java.lang.reflect.Method.invoke(Method.java:606)
	at org.testng.internal.MethodInvocationHelper.invokeMethod(MethodInvocationHelper.java:84)
	at org.testng.internal.Invoker.invokeMethod(Invoker.java:714)
	at org.testng.internal.Invoker.invokeTestMethod(Invoker.java:901)
	at org.testng.internal.Invoker.invokeTestMethods(Invoker.java:1231)
	at org.testng.internal.TestMethodWorker.invokeTestMethods(TestMethodWorker.java:127)
	at org.testng.internal.TestMethodWorker.run(TestMethodWorker.java:111)
	at org.testng.internal.thread.ThreadUtil$2.call(ThreadUtil.java:64)
	at java.util.concurrent.FutureTask.run(FutureTask.java:262)
	at java.util.concurrent.ThreadPoolExecutor.runWorker(ThreadPoolExecutor.java:1145)
	at java.util.concurrent.ThreadPoolExecutor$Worker.run(ThreadPoolExecutor.java:615)
	at java.lang.Thread.run(Thread.java:745)
Caused by: java.net.SocketException: No buffer space available (maximum connections reached?): connect
	at java.net.DualStackPlainSocketImpl.connect0(Native Method)
	at java.net.DualStackPlainSocketImpl.socketConnect(DualStackPlainSocketImpl.java:79)
	at java.net.AbstractPlainSocketImpl.doConnect(AbstractPlainSocketImpl.java:339)
	at java.net.AbstractPlainSocketImpl.connectToAddress(AbstractPlainSocketImpl.java:200)
	at java.net.AbstractPlainSocketImpl.connect(AbstractPlainSocketImpl.java:182)
	at java.net.PlainSocketImpl.connect(PlainSocketImpl.java:172)
	at java.net.SocksSocketImpl.connect(SocksSocketImpl.java:392)
	at java.net.Socket.connect(Socket.java:579)
	at java.net.Socket.connect(Socket.java:528)
	at sun.net.NetworkClient.doConnect(NetworkClient.java:180)
	at sun.net.www.http.HttpClient.openServer(HttpClient.java:432)
	at sun.net.www.http.HttpClient.openServer(HttpClient.java:527)
	at sun.net.www.http.HttpClient.<init>(HttpClient.java:211)
	at sun.net.www.http.HttpClient.New(HttpClient.java:308)
	at sun.net.www.http.HttpClient.New(HttpClient.java:326)
	at sun.net.www.protocol.http.HttpURLConnection.getNewHttpClient(HttpURLConnection.java:996)
	at sun.net.www.protocol.http.HttpURLConnection.plainConnect(HttpURLConnection.java:932)
	at sun.net.www.protocol.http.HttpURLConnection.connect(HttpURLConnection.java:850)
	at org.springframework.http.client.SimpleBufferingClientHttpRequest.executeInternal(SimpleBufferingClientHttpRequest.java:78)
	at org.springframework.http.client.AbstractBufferingClientHttpRequest.executeInternal(AbstractBufferingClientHttpRequest.java:46)
	at org.springframework.http.client.AbstractClientHttpRequest.execute(AbstractClientHttpRequest.java:52)
	at org.springframework.web.client.RestTemplate.doExecute(RestTemplate.java:527)
	... 17 more
]]>
    </failure>
  </testcase> <!-- thatOrdersCanBeAddedAndQueried -->
  <testcase name="thatOrdersCanBeAddedAndQueried" time="0.214" classname="com.sprhib.TestService"/>
  <testcase name="thatOrdersCanBeAddedAndQueried" time="0.247" classname="com.sprhib.TestService"/>
  <testcase name="thatOrdersCanBeAddedAndQueried" time="0.110" classname="com.sprhib.TestService"/>
  <testcase name="thatOrdersCanBeAddedAndQueried" time="0.182" classname="com.sprhib.TestService"/>
  <testcase name="thatOrdersCanBeAddedAndQueried" time="0.219" classname="com.sprhib.TestService"/>
  <testcase name="thatOrdersCanBeAddedAndQueried" time="0.312" classname="com.sprhib.TestService"/>
  <testcase name="thatOrdersCanBeAddedAndQueried" time="0.201" classname="com.sprhib.TestService"/>
  <testcase name="thatOrdersCanBeAddedAndQueried" time="0.172" classname="com.sprhib.TestService"/>
  <testcase name="thatOrdersCanBeAddedAndQueried" time="0.160" classname="com.sprhib.TestService"/>
  <testcase name="thatOrdersCanBeAddedAndQueried" time="0.195" classname="com.sprhib.TestService"/>
  <testcase name="thatOrdersCanBeAddedAndQueried" time="0.180" classname="com.sprhib.TestService"/>
  <testcase name="thatOrdersCanBeAddedAndQueried" time="0.022" classname="com.sprhib.TestService">
    <failure type="org.springframework.web.client.ResourceAccessException" message="I/O error on GET request for &quot;http://localhost:8080/spr-mvc-hib/convertation/-110/EUR/USD&quot;:No buffer space available (maximum connections reached?): connect; nested exception is java.net.SocketException: No buffer space available (maximum connections reached?): connect">
      <![CDATA[org.springframework.web.client.ResourceAccessException: I/O error on GET request for "http://localhost:8080/spr-mvc-hib/convertation/-110/EUR/USD":No buffer space available (maximum connections reached?): connect; nested exception is java.net.SocketException: No buffer space available (maximum connections reached?): connect
	at org.springframework.web.client.RestTemplate.doExecute(RestTemplate.java:543)
	at org.springframework.web.client.RestTemplate.execute(RestTemplate.java:489)
	at org.springframework.web.client.RestTemplate.getForEntity(RestTemplate.java:250)
	at com.sprhib.TestService.thatOrdersCanBeAddedAndQueried(TestService.java:26)
	at sun.reflect.GeneratedMethodAccessor3.invoke(Unknown Source)
	at sun.reflect.DelegatingMethodAccessorImpl.invoke(DelegatingMethodAccessorImpl.java:43)
	at java.lang.reflect.Method.invoke(Method.java:606)
	at org.testng.internal.MethodInvocationHelper.invokeMethod(MethodInvocationHelper.java:84)
	at org.testng.internal.Invoker.invokeMethod(Invoker.java:714)
	at org.testng.internal.Invoker.invokeTestMethod(Invoker.java:901)
	at org.testng.internal.Invoker.invokeTestMethods(Invoker.java:1231)
	at org.testng.internal.TestMethodWorker.invokeTestMethods(TestMethodWorker.java:127)
	at org.testng.internal.TestMethodWorker.run(TestMethodWorker.java:111)
	at org.testng.internal.thread.ThreadUtil$2.call(ThreadUtil.java:64)
	at java.util.concurrent.FutureTask.run(FutureTask.java:262)
	at java.util.concurrent.ThreadPoolExecutor.runWorker(ThreadPoolExecutor.java:1145)
	at java.util.concurrent.ThreadPoolExecutor$Worker.run(ThreadPoolExecutor.java:615)
	at java.lang.Thread.run(Thread.java:745)
Caused by: java.net.SocketException: No buffer space available (maximum connections reached?): connect
	at java.net.DualStackPlainSocketImpl.connect0(Native Method)
	at java.net.DualStackPlainSocketImpl.socketConnect(DualStackPlainSocketImpl.java:79)
	at java.net.AbstractPlainSocketImpl.doConnect(AbstractPlainSocketImpl.java:339)
	at java.net.AbstractPlainSocketImpl.connectToAddress(AbstractPlainSocketImpl.java:200)
	at java.net.AbstractPlainSocketImpl.connect(AbstractPlainSocketImpl.java:182)
	at java.net.PlainSocketImpl.connect(PlainSocketImpl.java:172)
	at java.net.SocksSocketImpl.connect(SocksSocketImpl.java:392)
	at java.net.Socket.connect(Socket.java:579)
	at java.net.Socket.connect(Socket.java:528)
	at sun.net.NetworkClient.doConnect(NetworkClient.java:180)
	at sun.net.www.http.HttpClient.openServer(HttpClient.java:432)
	at sun.net.www.http.HttpClient.openServer(HttpClient.java:527)
	at sun.net.www.http.HttpClient.<init>(HttpClient.java:211)
	at sun.net.www.http.HttpClient.New(HttpClient.java:308)
	at sun.net.www.http.HttpClient.New(HttpClient.java:326)
	at sun.net.www.protocol.http.HttpURLConnection.getNewHttpClient(HttpURLConnection.java:996)
	at sun.net.www.protocol.http.HttpURLConnection.plainConnect(HttpURLConnection.java:932)
	at sun.net.www.protocol.http.HttpURLConnection.connect(HttpURLConnection.java:850)
	at org.springframework.http.client.SimpleBufferingClientHttpRequest.executeInternal(SimpleBufferingClientHttpRequest.java:78)
	at org.springframework.http.client.AbstractBufferingClientHttpRequest.executeInternal(AbstractBufferingClientHttpRequest.java:46)
	at org.springframework.http.client.AbstractClientHttpRequest.execute(AbstractClientHttpRequest.java:52)
	at org.springframework.web.client.RestTemplate.doExecute(RestTemplate.java:527)
	... 17 more
]]>
    </failure>
  </testcase> <!-- thatOrdersCanBeAddedAndQueried -->
  <testcase name="thatOrdersCanBeAddedAndQueried" time="0.134" classname="com.sprhib.TestService"/>
  <testcase name="thatOrdersCanBeAddedAndQueried" time="0.130" classname="com.sprhib.TestService">
    <failure type="org.springframework.web.client.ResourceAccessException" message="I/O error on GET request for &quot;http://localhost:8080/spr-mvc-hib/convertation/-110/EUR/USD&quot;:No buffer space available (maximum connections reached?): connect; nested exception is java.net.SocketException: No buffer space available (maximum connections reached?): connect">
      <![CDATA[org.springframework.web.client.ResourceAccessException: I/O error on GET request for "http://localhost:8080/spr-mvc-hib/convertation/-110/EUR/USD":No buffer space available (maximum connections reached?): connect; nested exception is java.net.SocketException: No buffer space available (maximum connections reached?): connect
	at org.springframework.web.client.RestTemplate.doExecute(RestTemplate.java:543)
	at org.springframework.web.client.RestTemplate.execute(RestTemplate.java:489)
	at org.springframework.web.client.RestTemplate.getForEntity(RestTemplate.java:250)
	at com.sprhib.TestService.thatOrdersCanBeAddedAndQueried(TestService.java:26)
	at sun.reflect.GeneratedMethodAccessor3.invoke(Unknown Source)
	at sun.reflect.DelegatingMethodAccessorImpl.invoke(DelegatingMethodAccessorImpl.java:43)
	at java.lang.reflect.Method.invoke(Method.java:606)
	at org.testng.internal.MethodInvocationHelper.invokeMethod(MethodInvocationHelper.java:84)
	at org.testng.internal.Invoker.invokeMethod(Invoker.java:714)
	at org.testng.internal.Invoker.invokeTestMethod(Invoker.java:901)
	at org.testng.internal.Invoker.invokeTestMethods(Invoker.java:1231)
	at org.testng.internal.TestMethodWorker.invokeTestMethods(TestMethodWorker.java:127)
	at org.testng.internal.TestMethodWorker.run(TestMethodWorker.java:111)
	at org.testng.internal.thread.ThreadUtil$2.call(ThreadUtil.java:64)
	at java.util.concurrent.FutureTask.run(FutureTask.java:262)
	at java.util.concurrent.ThreadPoolExecutor.runWorker(ThreadPoolExecutor.java:1145)
	at java.util.concurrent.ThreadPoolExecutor$Worker.run(ThreadPoolExecutor.java:615)
	at java.lang.Thread.run(Thread.java:745)
Caused by: java.net.SocketException: No buffer space available (maximum connections reached?): connect
	at java.net.DualStackPlainSocketImpl.connect0(Native Method)
	at java.net.DualStackPlainSocketImpl.socketConnect(DualStackPlainSocketImpl.java:79)
	at java.net.AbstractPlainSocketImpl.doConnect(AbstractPlainSocketImpl.java:339)
	at java.net.AbstractPlainSocketImpl.connectToAddress(AbstractPlainSocketImpl.java:200)
	at java.net.AbstractPlainSocketImpl.connect(AbstractPlainSocketImpl.java:182)
	at java.net.PlainSocketImpl.connect(PlainSocketImpl.java:172)
	at java.net.SocksSocketImpl.connect(SocksSocketImpl.java:392)
	at java.net.Socket.connect(Socket.java:579)
	at java.net.Socket.connect(Socket.java:528)
	at sun.net.NetworkClient.doConnect(NetworkClient.java:180)
	at sun.net.www.http.HttpClient.openServer(HttpClient.java:432)
	at sun.net.www.http.HttpClient.openServer(HttpClient.java:527)
	at sun.net.www.http.HttpClient.<init>(HttpClient.java:211)
	at sun.net.www.http.HttpClient.New(HttpClient.java:308)
	at sun.net.www.http.HttpClient.New(HttpClient.java:326)
	at sun.net.www.protocol.http.HttpURLConnection.getNewHttpClient(HttpURLConnection.java:996)
	at sun.net.www.protocol.http.HttpURLConnection.plainConnect(HttpURLConnection.java:932)
	at sun.net.www.protocol.http.HttpURLConnection.connect(HttpURLConnection.java:850)
	at org.springframework.http.client.SimpleBufferingClientHttpRequest.executeInternal(SimpleBufferingClientHttpRequest.java:78)
	at org.springframework.http.client.AbstractBufferingClientHttpRequest.executeInternal(AbstractBufferingClientHttpRequest.java:46)
	at org.springframework.http.client.AbstractClientHttpRequest.execute(AbstractClientHttpRequest.java:52)
	at org.springframework.web.client.RestTemplate.doExecute(RestTemplate.java:527)
	... 17 more
]]>
    </failure>
  </testcase> <!-- thatOrdersCanBeAddedAndQueried -->
  <testcase name="thatOrdersCanBeAddedAndQueried" time="0.216" classname="com.sprhib.TestService"/>
  <testcase name="thatOrdersCanBeAddedAndQueried" time="0.155" classname="com.sprhib.TestService"/>
  <testcase name="thatOrdersCanBeAddedAndQueried" time="0.169" classname="com.sprhib.TestService"/>
  <testcase name="thatOrdersCanBeAddedAndQueried" time="0.167" classname="com.sprhib.TestService"/>
  <testcase name="thatOrdersCanBeAddedAndQueried" time="0.183" classname="com.sprhib.TestService"/>
  <testcase name="thatOrdersCanBeAddedAndQueried" time="0.194" classname="com.sprhib.TestService"/>
  <testcase name="thatOrdersCanBeAddedAndQueried" time="0.195" classname="com.sprhib.TestService"/>
  <testcase name="thatOrdersCanBeAddedAndQueried" time="0.138" classname="com.sprhib.TestService"/>
  <testcase name="thatOrdersCanBeAddedAndQueried" time="0.167" classname="com.sprhib.TestService"/>
  <testcase name="thatOrdersCanBeAddedAndQueried" time="0.182" classname="com.sprhib.TestService"/>
  <testcase name="thatOrdersCanBeAddedAndQueried" time="0.271" classname="com.sprhib.TestService"/>
  <testcase name="thatOrdersCanBeAddedAndQueried" time="0.296" classname="com.sprhib.TestService"/>
  <testcase name="thatOrdersCanBeAddedAndQueried" time="0.035" classname="com.sprhib.TestService">
    <failure type="org.springframework.web.client.ResourceAccessException" message="I/O error on GET request for &quot;http://localhost:8080/spr-mvc-hib/convertation/-110/EUR/USD&quot;:No buffer space available (maximum connections reached?): connect; nested exception is java.net.SocketException: No buffer space available (maximum connections reached?): connect">
      <![CDATA[org.springframework.web.client.ResourceAccessException: I/O error on GET request for "http://localhost:8080/spr-mvc-hib/convertation/-110/EUR/USD":No buffer space available (maximum connections reached?): connect; nested exception is java.net.SocketException: No buffer space available (maximum connections reached?): connect
	at org.springframework.web.client.RestTemplate.doExecute(RestTemplate.java:543)
	at org.springframework.web.client.RestTemplate.execute(RestTemplate.java:489)
	at org.springframework.web.client.RestTemplate.getForEntity(RestTemplate.java:250)
	at com.sprhib.TestService.thatOrdersCanBeAddedAndQueried(TestService.java:26)
	at sun.reflect.GeneratedMethodAccessor3.invoke(Unknown Source)
	at sun.reflect.DelegatingMethodAccessorImpl.invoke(DelegatingMethodAccessorImpl.java:43)
	at java.lang.reflect.Method.invoke(Method.java:606)
	at org.testng.internal.MethodInvocationHelper.invokeMethod(MethodInvocationHelper.java:84)
	at org.testng.internal.Invoker.invokeMethod(Invoker.java:714)
	at org.testng.internal.Invoker.invokeTestMethod(Invoker.java:901)
	at org.testng.internal.Invoker.invokeTestMethods(Invoker.java:1231)
	at org.testng.internal.TestMethodWorker.invokeTestMethods(TestMethodWorker.java:127)
	at org.testng.internal.TestMethodWorker.run(TestMethodWorker.java:111)
	at org.testng.internal.thread.ThreadUtil$2.call(ThreadUtil.java:64)
	at java.util.concurrent.FutureTask.run(FutureTask.java:262)
	at java.util.concurrent.ThreadPoolExecutor.runWorker(ThreadPoolExecutor.java:1145)
	at java.util.concurrent.ThreadPoolExecutor$Worker.run(ThreadPoolExecutor.java:615)
	at java.lang.Thread.run(Thread.java:745)
Caused by: java.net.SocketException: No buffer space available (maximum connections reached?): connect
	at java.net.DualStackPlainSocketImpl.connect0(Native Method)
	at java.net.DualStackPlainSocketImpl.socketConnect(DualStackPlainSocketImpl.java:79)
	at java.net.AbstractPlainSocketImpl.doConnect(AbstractPlainSocketImpl.java:339)
	at java.net.AbstractPlainSocketImpl.connectToAddress(AbstractPlainSocketImpl.java:200)
	at java.net.AbstractPlainSocketImpl.connect(AbstractPlainSocketImpl.java:182)
	at java.net.PlainSocketImpl.connect(PlainSocketImpl.java:172)
	at java.net.SocksSocketImpl.connect(SocksSocketImpl.java:392)
	at java.net.Socket.connect(Socket.java:579)
	at java.net.Socket.connect(Socket.java:528)
	at sun.net.NetworkClient.doConnect(NetworkClient.java:180)
	at sun.net.www.http.HttpClient.openServer(HttpClient.java:432)
	at sun.net.www.http.HttpClient.openServer(HttpClient.java:527)
	at sun.net.www.http.HttpClient.<init>(HttpClient.java:211)
	at sun.net.www.http.HttpClient.New(HttpClient.java:308)
	at sun.net.www.http.HttpClient.New(HttpClient.java:326)
	at sun.net.www.protocol.http.HttpURLConnection.getNewHttpClient(HttpURLConnection.java:996)
	at sun.net.www.protocol.http.HttpURLConnection.plainConnect(HttpURLConnection.java:932)
	at sun.net.www.protocol.http.HttpURLConnection.connect(HttpURLConnection.java:850)
	at org.springframework.http.client.SimpleBufferingClientHttpRequest.executeInternal(SimpleBufferingClientHttpRequest.java:78)
	at org.springframework.http.client.AbstractBufferingClientHttpRequest.executeInternal(AbstractBufferingClientHttpRequest.java:46)
	at org.springframework.http.client.AbstractClientHttpRequest.execute(AbstractClientHttpRequest.java:52)
	at org.springframework.web.client.RestTemplate.doExecute(RestTemplate.java:527)
	... 17 more
]]>
    </failure>
  </testcase> <!-- thatOrdersCanBeAddedAndQueried -->
  <testcase name="thatOrdersCanBeAddedAndQueried" time="0.179" classname="com.sprhib.TestService"/>
  <testcase name="thatOrdersCanBeAddedAndQueried" time="0.124" classname="com.sprhib.TestService"/>
  <testcase name="thatOrdersCanBeAddedAndQueried" time="0.140" classname="com.sprhib.TestService"/>
  <testcase name="thatOrdersCanBeAddedAndQueried" time="0.225" classname="com.sprhib.TestService"/>
  <testcase name="thatOrdersCanBeAddedAndQueried" time="0.140" classname="com.sprhib.TestService"/>
  <testcase name="thatOrdersCanBeAddedAndQueried" time="0.165" classname="com.sprhib.TestService"/>
  <testcase name="thatOrdersCanBeAddedAndQueried" time="0.140" classname="com.sprhib.TestService"/>
  <testcase name="thatOrdersCanBeAddedAndQueried" time="0.273" classname="com.sprhib.TestService"/>
  <testcase name="thatOrdersCanBeAddedAndQueried" time="0.152" classname="com.sprhib.TestService"/>
  <testcase name="thatOrdersCanBeAddedAndQueried" time="0.012" classname="com.sprhib.TestService">
    <failure type="org.springframework.web.client.ResourceAccessException" message="I/O error on GET request for &quot;http://localhost:8080/spr-mvc-hib/convertation/-110/EUR/USD&quot;:No buffer space available (maximum connections reached?): connect; nested exception is java.net.SocketException: No buffer space available (maximum connections reached?): connect">
      <![CDATA[org.springframework.web.client.ResourceAccessException: I/O error on GET request for "http://localhost:8080/spr-mvc-hib/convertation/-110/EUR/USD":No buffer space available (maximum connections reached?): connect; nested exception is java.net.SocketException: No buffer space available (maximum connections reached?): connect
	at org.springframework.web.client.RestTemplate.doExecute(RestTemplate.java:543)
	at org.springframework.web.client.RestTemplate.execute(RestTemplate.java:489)
	at org.springframework.web.client.RestTemplate.getForEntity(RestTemplate.java:250)
	at com.sprhib.TestService.thatOrdersCanBeAddedAndQueried(TestService.java:26)
	at sun.reflect.GeneratedMethodAccessor3.invoke(Unknown Source)
	at sun.reflect.DelegatingMethodAccessorImpl.invoke(DelegatingMethodAccessorImpl.java:43)
	at java.lang.reflect.Method.invoke(Method.java:606)
	at org.testng.internal.MethodInvocationHelper.invokeMethod(MethodInvocationHelper.java:84)
	at org.testng.internal.Invoker.invokeMethod(Invoker.java:714)
	at org.testng.internal.Invoker.invokeTestMethod(Invoker.java:901)
	at org.testng.internal.Invoker.invokeTestMethods(Invoker.java:1231)
	at org.testng.internal.TestMethodWorker.invokeTestMethods(TestMethodWorker.java:127)
	at org.testng.internal.TestMethodWorker.run(TestMethodWorker.java:111)
	at org.testng.internal.thread.ThreadUtil$2.call(ThreadUtil.java:64)
	at java.util.concurrent.FutureTask.run(FutureTask.java:262)
	at java.util.concurrent.ThreadPoolExecutor.runWorker(ThreadPoolExecutor.java:1145)
	at java.util.concurrent.ThreadPoolExecutor$Worker.run(ThreadPoolExecutor.java:615)
	at java.lang.Thread.run(Thread.java:745)
Caused by: java.net.SocketException: No buffer space available (maximum connections reached?): connect
	at java.net.DualStackPlainSocketImpl.connect0(Native Method)
	at java.net.DualStackPlainSocketImpl.socketConnect(DualStackPlainSocketImpl.java:79)
	at java.net.AbstractPlainSocketImpl.doConnect(AbstractPlainSocketImpl.java:339)
	at java.net.AbstractPlainSocketImpl.connectToAddress(AbstractPlainSocketImpl.java:200)
	at java.net.AbstractPlainSocketImpl.connect(AbstractPlainSocketImpl.java:182)
	at java.net.PlainSocketImpl.connect(PlainSocketImpl.java:172)
	at java.net.SocksSocketImpl.connect(SocksSocketImpl.java:392)
	at java.net.Socket.connect(Socket.java:579)
	at java.net.Socket.connect(Socket.java:528)
	at sun.net.NetworkClient.doConnect(NetworkClient.java:180)
	at sun.net.www.http.HttpClient.openServer(HttpClient.java:432)
	at sun.net.www.http.HttpClient.openServer(HttpClient.java:527)
	at sun.net.www.http.HttpClient.<init>(HttpClient.java:211)
	at sun.net.www.http.HttpClient.New(HttpClient.java:308)
	at sun.net.www.http.HttpClient.New(HttpClient.java:326)
	at sun.net.www.protocol.http.HttpURLConnection.getNewHttpClient(HttpURLConnection.java:996)
	at sun.net.www.protocol.http.HttpURLConnection.plainConnect(HttpURLConnection.java:932)
	at sun.net.www.protocol.http.HttpURLConnection.connect(HttpURLConnection.java:850)
	at org.springframework.http.client.SimpleBufferingClientHttpRequest.executeInternal(SimpleBufferingClientHttpRequest.java:78)
	at org.springframework.http.client.AbstractBufferingClientHttpRequest.executeInternal(AbstractBufferingClientHttpRequest.java:46)
	at org.springframework.http.client.AbstractClientHttpRequest.execute(AbstractClientHttpRequest.java:52)
	at org.springframework.web.client.RestTemplate.doExecute(RestTemplate.java:527)
	... 17 more
]]>
    </failure>
  </testcase> <!-- thatOrdersCanBeAddedAndQueried -->
  <testcase name="thatOrdersCanBeAddedAndQueried" time="0.339" classname="com.sprhib.TestService"/>
  <testcase name="thatOrdersCanBeAddedAndQueried" time="0.206" classname="com.sprhib.TestService"/>
  <testcase name="thatOrdersCanBeAddedAndQueried" time="0.038" classname="com.sprhib.TestService">
    <failure type="org.springframework.web.client.ResourceAccessException" message="I/O error on GET request for &quot;http://localhost:8080/spr-mvc-hib/convertation/-110/EUR/USD&quot;:No buffer space available (maximum connections reached?): connect; nested exception is java.net.SocketException: No buffer space available (maximum connections reached?): connect">
      <![CDATA[org.springframework.web.client.ResourceAccessException: I/O error on GET request for "http://localhost:8080/spr-mvc-hib/convertation/-110/EUR/USD":No buffer space available (maximum connections reached?): connect; nested exception is java.net.SocketException: No buffer space available (maximum connections reached?): connect
	at org.springframework.web.client.RestTemplate.doExecute(RestTemplate.java:543)
	at org.springframework.web.client.RestTemplate.execute(RestTemplate.java:489)
	at org.springframework.web.client.RestTemplate.getForEntity(RestTemplate.java:250)
	at com.sprhib.TestService.thatOrdersCanBeAddedAndQueried(TestService.java:26)
	at sun.reflect.GeneratedMethodAccessor3.invoke(Unknown Source)
	at sun.reflect.DelegatingMethodAccessorImpl.invoke(DelegatingMethodAccessorImpl.java:43)
	at java.lang.reflect.Method.invoke(Method.java:606)
	at org.testng.internal.MethodInvocationHelper.invokeMethod(MethodInvocationHelper.java:84)
	at org.testng.internal.Invoker.invokeMethod(Invoker.java:714)
	at org.testng.internal.Invoker.invokeTestMethod(Invoker.java:901)
	at org.testng.internal.Invoker.invokeTestMethods(Invoker.java:1231)
	at org.testng.internal.TestMethodWorker.invokeTestMethods(TestMethodWorker.java:127)
	at org.testng.internal.TestMethodWorker.run(TestMethodWorker.java:111)
	at org.testng.internal.thread.ThreadUtil$2.call(ThreadUtil.java:64)
	at java.util.concurrent.FutureTask.run(FutureTask.java:262)
	at java.util.concurrent.ThreadPoolExecutor.runWorker(ThreadPoolExecutor.java:1145)
	at java.util.concurrent.ThreadPoolExecutor$Worker.run(ThreadPoolExecutor.java:615)
	at java.lang.Thread.run(Thread.java:745)
Caused by: java.net.SocketException: No buffer space available (maximum connections reached?): connect
	at java.net.DualStackPlainSocketImpl.connect0(Native Method)
	at java.net.DualStackPlainSocketImpl.socketConnect(DualStackPlainSocketImpl.java:79)
	at java.net.AbstractPlainSocketImpl.doConnect(AbstractPlainSocketImpl.java:339)
	at java.net.AbstractPlainSocketImpl.connectToAddress(AbstractPlainSocketImpl.java:200)
	at java.net.AbstractPlainSocketImpl.connect(AbstractPlainSocketImpl.java:182)
	at java.net.PlainSocketImpl.connect(PlainSocketImpl.java:172)
	at java.net.SocksSocketImpl.connect(SocksSocketImpl.java:392)
	at java.net.Socket.connect(Socket.java:579)
	at java.net.Socket.connect(Socket.java:528)
	at sun.net.NetworkClient.doConnect(NetworkClient.java:180)
	at sun.net.www.http.HttpClient.openServer(HttpClient.java:432)
	at sun.net.www.http.HttpClient.openServer(HttpClient.java:527)
	at sun.net.www.http.HttpClient.<init>(HttpClient.java:211)
	at sun.net.www.http.HttpClient.New(HttpClient.java:308)
	at sun.net.www.http.HttpClient.New(HttpClient.java:326)
	at sun.net.www.protocol.http.HttpURLConnection.getNewHttpClient(HttpURLConnection.java:996)
	at sun.net.www.protocol.http.HttpURLConnection.plainConnect(HttpURLConnection.java:932)
	at sun.net.www.protocol.http.HttpURLConnection.connect(HttpURLConnection.java:850)
	at org.springframework.http.client.SimpleBufferingClientHttpRequest.executeInternal(SimpleBufferingClientHttpRequest.java:78)
	at org.springframework.http.client.AbstractBufferingClientHttpRequest.executeInternal(AbstractBufferingClientHttpRequest.java:46)
	at org.springframework.http.client.AbstractClientHttpRequest.execute(AbstractClientHttpRequest.java:52)
	at org.springframework.web.client.RestTemplate.doExecute(RestTemplate.java:527)
	... 17 more
]]>
    </failure>
  </testcase> <!-- thatOrdersCanBeAddedAndQueried -->
  <testcase name="thatOrdersCanBeAddedAndQueried" time="0.251" classname="com.sprhib.TestService"/>
  <testcase name="thatOrdersCanBeAddedAndQueried" time="0.157" classname="com.sprhib.TestService"/>
  <testcase name="thatOrdersCanBeAddedAndQueried" time="0.199" classname="com.sprhib.TestService"/>
  <testcase name="thatOrdersCanBeAddedAndQueried" time="0.151" classname="com.sprhib.TestService"/>
  <testcase name="thatOrdersCanBeAddedAndQueried" time="0.140" classname="com.sprhib.TestService"/>
  <testcase name="thatOrdersCanBeAddedAndQueried" time="0.195" classname="com.sprhib.TestService"/>
  <testcase name="thatOrdersCanBeAddedAndQueried" time="0.339" classname="com.sprhib.TestService"/>
  <testcase name="thatOrdersCanBeAddedAndQueried" time="0.265" classname="com.sprhib.TestService"/>
  <testcase name="thatOrdersCanBeAddedAndQueried" time="0.279" classname="com.sprhib.TestService"/>
  <testcase name="thatOrdersCanBeAddedAndQueried" time="0.302" classname="com.sprhib.TestService"/>
  <testcase name="thatOrdersCanBeAddedAndQueried" time="0.239" classname="com.sprhib.TestService"/>
  <testcase name="thatOrdersCanBeAddedAndQueried" time="0.149" classname="com.sprhib.TestService"/>
  <testcase name="thatOrdersCanBeAddedAndQueried" time="0.127" classname="com.sprhib.TestService"/>
  <testcase name="thatOrdersCanBeAddedAndQueried" time="0.177" classname="com.sprhib.TestService"/>
  <testcase name="thatOrdersCanBeAddedAndQueried" time="0.147" classname="com.sprhib.TestService"/>
  <testcase name="thatOrdersCanBeAddedAndQueried" time="0.176" classname="com.sprhib.TestService"/>
  <testcase name="thatOrdersCanBeAddedAndQueried" time="0.018" classname="com.sprhib.TestService">
    <failure type="org.springframework.web.client.ResourceAccessException" message="I/O error on GET request for &quot;http://localhost:8080/spr-mvc-hib/convertation/-110/EUR/USD&quot;:No buffer space available (maximum connections reached?): connect; nested exception is java.net.SocketException: No buffer space available (maximum connections reached?): connect">
      <![CDATA[org.springframework.web.client.ResourceAccessException: I/O error on GET request for "http://localhost:8080/spr-mvc-hib/convertation/-110/EUR/USD":No buffer space available (maximum connections reached?): connect; nested exception is java.net.SocketException: No buffer space available (maximum connections reached?): connect
	at org.springframework.web.client.RestTemplate.doExecute(RestTemplate.java:543)
	at org.springframework.web.client.RestTemplate.execute(RestTemplate.java:489)
	at org.springframework.web.client.RestTemplate.getForEntity(RestTemplate.java:250)
	at com.sprhib.TestService.thatOrdersCanBeAddedAndQueried(TestService.java:26)
	at sun.reflect.GeneratedMethodAccessor3.invoke(Unknown Source)
	at sun.reflect.DelegatingMethodAccessorImpl.invoke(DelegatingMethodAccessorImpl.java:43)
	at java.lang.reflect.Method.invoke(Method.java:606)
	at org.testng.internal.MethodInvocationHelper.invokeMethod(MethodInvocationHelper.java:84)
	at org.testng.internal.Invoker.invokeMethod(Invoker.java:714)
	at org.testng.internal.Invoker.invokeTestMethod(Invoker.java:901)
	at org.testng.internal.Invoker.invokeTestMethods(Invoker.java:1231)
	at org.testng.internal.TestMethodWorker.invokeTestMethods(TestMethodWorker.java:127)
	at org.testng.internal.TestMethodWorker.run(TestMethodWorker.java:111)
	at org.testng.internal.thread.ThreadUtil$2.call(ThreadUtil.java:64)
	at java.util.concurrent.FutureTask.run(FutureTask.java:262)
	at java.util.concurrent.ThreadPoolExecutor.runWorker(ThreadPoolExecutor.java:1145)
	at java.util.concurrent.ThreadPoolExecutor$Worker.run(ThreadPoolExecutor.java:615)
	at java.lang.Thread.run(Thread.java:745)
Caused by: java.net.SocketException: No buffer space available (maximum connections reached?): connect
	at java.net.DualStackPlainSocketImpl.connect0(Native Method)
	at java.net.DualStackPlainSocketImpl.socketConnect(DualStackPlainSocketImpl.java:79)
	at java.net.AbstractPlainSocketImpl.doConnect(AbstractPlainSocketImpl.java:339)
	at java.net.AbstractPlainSocketImpl.connectToAddress(AbstractPlainSocketImpl.java:200)
	at java.net.AbstractPlainSocketImpl.connect(AbstractPlainSocketImpl.java:182)
	at java.net.PlainSocketImpl.connect(PlainSocketImpl.java:172)
	at java.net.SocksSocketImpl.connect(SocksSocketImpl.java:392)
	at java.net.Socket.connect(Socket.java:579)
	at java.net.Socket.connect(Socket.java:528)
	at sun.net.NetworkClient.doConnect(NetworkClient.java:180)
	at sun.net.www.http.HttpClient.openServer(HttpClient.java:432)
	at sun.net.www.http.HttpClient.openServer(HttpClient.java:527)
	at sun.net.www.http.HttpClient.<init>(HttpClient.java:211)
	at sun.net.www.http.HttpClient.New(HttpClient.java:308)
	at sun.net.www.http.HttpClient.New(HttpClient.java:326)
	at sun.net.www.protocol.http.HttpURLConnection.getNewHttpClient(HttpURLConnection.java:996)
	at sun.net.www.protocol.http.HttpURLConnection.plainConnect(HttpURLConnection.java:932)
	at sun.net.www.protocol.http.HttpURLConnection.connect(HttpURLConnection.java:850)
	at org.springframework.http.client.SimpleBufferingClientHttpRequest.executeInternal(SimpleBufferingClientHttpRequest.java:78)
	at org.springframework.http.client.AbstractBufferingClientHttpRequest.executeInternal(AbstractBufferingClientHttpRequest.java:46)
	at org.springframework.http.client.AbstractClientHttpRequest.execute(AbstractClientHttpRequest.java:52)
	at org.springframework.web.client.RestTemplate.doExecute(RestTemplate.java:527)
	... 17 more
]]>
    </failure>
  </testcase> <!-- thatOrdersCanBeAddedAndQueried -->
  <testcase name="thatOrdersCanBeAddedAndQueried" time="0.182" classname="com.sprhib.TestService"/>
  <testcase name="thatOrdersCanBeAddedAndQueried" time="0.226" classname="com.sprhib.TestService"/>
  <testcase name="thatOrdersCanBeAddedAndQueried" time="1.047" classname="com.sprhib.TestService"/>
  <testcase name="thatOrdersCanBeAddedAndQueried" time="0.168" classname="com.sprhib.TestService"/>
  <testcase name="thatOrdersCanBeAddedAndQueried" time="0.144" classname="com.sprhib.TestService"/>
  <testcase name="thatOrdersCanBeAddedAndQueried" time="0.147" classname="com.sprhib.TestService"/>
  <testcase name="thatOrdersCanBeAddedAndQueried" time="0.170" classname="com.sprhib.TestService"/>
  <testcase name="thatOrdersCanBeAddedAndQueried" time="0.159" classname="com.sprhib.TestService"/>
  <testcase name="thatOrdersCanBeAddedAndQueried" time="0.199" classname="com.sprhib.TestService"/>
  <testcase name="thatOrdersCanBeAddedAndQueried" time="0.304" classname="com.sprhib.TestService"/>
  <testcase name="thatOrdersCanBeAddedAndQueried" time="0.216" classname="com.sprhib.TestService">
    <failure type="org.springframework.web.client.HttpServerErrorException" message="500 Internal Server Error">
      <![CDATA[org.springframework.web.client.HttpServerErrorException: 500 Internal Server Error
	at org.springframework.web.client.DefaultResponseErrorHandler.handleError(DefaultResponseErrorHandler.java:94)
	at org.springframework.web.client.RestTemplate.handleResponseError(RestTemplate.java:576)
	at org.springframework.web.client.RestTemplate.doExecute(RestTemplate.java:532)
	at org.springframework.web.client.RestTemplate.execute(RestTemplate.java:489)
	at org.springframework.web.client.RestTemplate.getForEntity(RestTemplate.java:250)
	at com.sprhib.TestService.thatOrdersCanBeAddedAndQueried(TestService.java:39)
	at sun.reflect.GeneratedMethodAccessor3.invoke(Unknown Source)
	at sun.reflect.DelegatingMethodAccessorImpl.invoke(DelegatingMethodAccessorImpl.java:43)
	at java.lang.reflect.Method.invoke(Method.java:606)
	at org.testng.internal.MethodInvocationHelper.invokeMethod(MethodInvocationHelper.java:84)
	at org.testng.internal.Invoker.invokeMethod(Invoker.java:714)
	at org.testng.internal.Invoker.invokeTestMethod(Invoker.java:901)
	at org.testng.internal.Invoker.invokeTestMethods(Invoker.java:1231)
	at org.testng.internal.TestMethodWorker.invokeTestMethods(TestMethodWorker.java:127)
	at org.testng.internal.TestMethodWorker.run(TestMethodWorker.java:111)
	at org.testng.internal.thread.ThreadUtil$2.call(ThreadUtil.java:64)
	at java.util.concurrent.FutureTask.run(FutureTask.java:262)
	at java.util.concurrent.ThreadPoolExecutor.runWorker(ThreadPoolExecutor.java:1145)
	at java.util.concurrent.ThreadPoolExecutor$Worker.run(ThreadPoolExecutor.java:615)
	at java.lang.Thread.run(Thread.java:745)
]]>
    </failure>
  </testcase> <!-- thatOrdersCanBeAddedAndQueried -->
  <testcase name="thatOrdersCanBeAddedAndQueried" time="0.181" classname="com.sprhib.TestService"/>
  <testcase name="thatOrdersCanBeAddedAndQueried" time="0.203" classname="com.sprhib.TestService"/>
  <testcase name="thatOrdersCanBeAddedAndQueried" time="0.179" classname="com.sprhib.TestService"/>
  <testcase name="thatOrdersCanBeAddedAndQueried" time="0.138" classname="com.sprhib.TestService"/>
  <testcase name="thatOrdersCanBeAddedAndQueried" time="0.167" classname="com.sprhib.TestService"/>
  <testcase name="thatOrdersCanBeAddedAndQueried" time="0.119" classname="com.sprhib.TestService"/>
  <testcase name="thatOrdersCanBeAddedAndQueried" time="0.131" classname="com.sprhib.TestService"/>
  <testcase name="thatOrdersCanBeAddedAndQueried" time="0.128" classname="com.sprhib.TestService"/>
  <testcase name="thatOrdersCanBeAddedAndQueried" time="0.407" classname="com.sprhib.TestService"/>
  <testcase name="thatOrdersCanBeAddedAndQueried" time="0.175" classname="com.sprhib.TestService"/>
  <testcase name="thatOrdersCanBeAddedAndQueried" time="0.270" classname="com.sprhib.TestService"/>
  <testcase name="thatOrdersCanBeAddedAndQueried" time="0.141" classname="com.sprhib.TestService"/>
  <testcase name="thatOrdersCanBeAddedAndQueried" time="0.246" classname="com.sprhib.TestService"/>
  <testcase name="thatOrdersCanBeAddedAndQueried" time="0.144" classname="com.sprhib.TestService"/>
  <testcase name="thatOrdersCanBeAddedAndQueried" time="0.134" classname="com.sprhib.TestService"/>
  <testcase name="thatOrdersCanBeAddedAndQueried" time="0.214" classname="com.sprhib.TestService"/>
  <testcase name="thatOrdersCanBeAddedAndQueried" time="0.191" classname="com.sprhib.TestService"/>
  <testcase name="thatOrdersCanBeAddedAndQueried" time="0.204" classname="com.sprhib.TestService"/>
  <testcase name="thatOrdersCanBeAddedAndQueried" time="0.193" classname="com.sprhib.TestService"/>
  <testcase name="thatOrdersCanBeAddedAndQueried" time="0.042" classname="com.sprhib.TestService">
    <failure type="org.springframework.web.client.ResourceAccessException" message="I/O error on GET request for &quot;http://localhost:8080/spr-mvc-hib/convertation/-110/EUR/USD&quot;:No buffer space available (maximum connections reached?): connect; nested exception is java.net.SocketException: No buffer space available (maximum connections reached?): connect">
      <![CDATA[org.springframework.web.client.ResourceAccessException: I/O error on GET request for "http://localhost:8080/spr-mvc-hib/convertation/-110/EUR/USD":No buffer space available (maximum connections reached?): connect; nested exception is java.net.SocketException: No buffer space available (maximum connections reached?): connect
	at org.springframework.web.client.RestTemplate.doExecute(RestTemplate.java:543)
	at org.springframework.web.client.RestTemplate.execute(RestTemplate.java:489)
	at org.springframework.web.client.RestTemplate.getForEntity(RestTemplate.java:250)
	at com.sprhib.TestService.thatOrdersCanBeAddedAndQueried(TestService.java:26)
	at sun.reflect.GeneratedMethodAccessor3.invoke(Unknown Source)
	at sun.reflect.DelegatingMethodAccessorImpl.invoke(DelegatingMethodAccessorImpl.java:43)
	at java.lang.reflect.Method.invoke(Method.java:606)
	at org.testng.internal.MethodInvocationHelper.invokeMethod(MethodInvocationHelper.java:84)
	at org.testng.internal.Invoker.invokeMethod(Invoker.java:714)
	at org.testng.internal.Invoker.invokeTestMethod(Invoker.java:901)
	at org.testng.internal.Invoker.invokeTestMethods(Invoker.java:1231)
	at org.testng.internal.TestMethodWorker.invokeTestMethods(TestMethodWorker.java:127)
	at org.testng.internal.TestMethodWorker.run(TestMethodWorker.java:111)
	at org.testng.internal.thread.ThreadUtil$2.call(ThreadUtil.java:64)
	at java.util.concurrent.FutureTask.run(FutureTask.java:262)
	at java.util.concurrent.ThreadPoolExecutor.runWorker(ThreadPoolExecutor.java:1145)
	at java.util.concurrent.ThreadPoolExecutor$Worker.run(ThreadPoolExecutor.java:615)
	at java.lang.Thread.run(Thread.java:745)
Caused by: java.net.SocketException: No buffer space available (maximum connections reached?): connect
	at java.net.DualStackPlainSocketImpl.connect0(Native Method)
	at java.net.DualStackPlainSocketImpl.socketConnect(DualStackPlainSocketImpl.java:79)
	at java.net.AbstractPlainSocketImpl.doConnect(AbstractPlainSocketImpl.java:339)
	at java.net.AbstractPlainSocketImpl.connectToAddress(AbstractPlainSocketImpl.java:200)
	at java.net.AbstractPlainSocketImpl.connect(AbstractPlainSocketImpl.java:182)
	at java.net.PlainSocketImpl.connect(PlainSocketImpl.java:172)
	at java.net.SocksSocketImpl.connect(SocksSocketImpl.java:392)
	at java.net.Socket.connect(Socket.java:579)
	at java.net.Socket.connect(Socket.java:528)
	at sun.net.NetworkClient.doConnect(NetworkClient.java:180)
	at sun.net.www.http.HttpClient.openServer(HttpClient.java:432)
	at sun.net.www.http.HttpClient.openServer(HttpClient.java:527)
	at sun.net.www.http.HttpClient.<init>(HttpClient.java:211)
	at sun.net.www.http.HttpClient.New(HttpClient.java:308)
	at sun.net.www.http.HttpClient.New(HttpClient.java:326)
	at sun.net.www.protocol.http.HttpURLConnection.getNewHttpClient(HttpURLConnection.java:996)
	at sun.net.www.protocol.http.HttpURLConnection.plainConnect(HttpURLConnection.java:932)
	at sun.net.www.protocol.http.HttpURLConnection.connect(HttpURLConnection.java:850)
	at org.springframework.http.client.SimpleBufferingClientHttpRequest.executeInternal(SimpleBufferingClientHttpRequest.java:78)
	at org.springframework.http.client.AbstractBufferingClientHttpRequest.executeInternal(AbstractBufferingClientHttpRequest.java:46)
	at org.springframework.http.client.AbstractClientHttpRequest.execute(AbstractClientHttpRequest.java:52)
	at org.springframework.web.client.RestTemplate.doExecute(RestTemplate.java:527)
	... 17 more
]]>
    </failure>
  </testcase> <!-- thatOrdersCanBeAddedAndQueried -->
  <testcase name="thatOrdersCanBeAddedAndQueried" time="0.131" classname="com.sprhib.TestService"/>
  <testcase name="thatOrdersCanBeAddedAndQueried" time="0.381" classname="com.sprhib.TestService"/>
  <testcase name="thatOrdersCanBeAddedAndQueried" time="0.165" classname="com.sprhib.TestService"/>
  <testcase name="thatOrdersCanBeAddedAndQueried" time="0.187" classname="com.sprhib.TestService"/>
  <testcase name="thatOrdersCanBeAddedAndQueried" time="0.203" classname="com.sprhib.TestService"/>
  <testcase name="thatOrdersCanBeAddedAndQueried" time="0.273" classname="com.sprhib.TestService"/>
  <testcase name="thatOrdersCanBeAddedAndQueried" time="0.172" classname="com.sprhib.TestService"/>
  <testcase name="thatOrdersCanBeAddedAndQueried" time="0.168" classname="com.sprhib.TestService"/>
  <testcase name="thatOrdersCanBeAddedAndQueried" time="0.172" classname="com.sprhib.TestService"/>
  <testcase name="thatOrdersCanBeAddedAndQueried" time="0.142" classname="com.sprhib.TestService"/>
  <testcase name="thatOrdersCanBeAddedAndQueried" time="0.219" classname="com.sprhib.TestService"/>
  <testcase name="thatOrdersCanBeAddedAndQueried" time="0.206" classname="com.sprhib.TestService"/>
  <testcase name="thatOrdersCanBeAddedAndQueried" time="0.187" classname="com.sprhib.TestService"/>
  <testcase name="thatOrdersCanBeAddedAndQueried" time="0.180" classname="com.sprhib.TestService"/>
  <testcase name="thatOrdersCanBeAddedAndQueried" time="0.142" classname="com.sprhib.TestService"/>
  <testcase name="thatOrdersCanBeAddedAndQueried" time="0.213" classname="com.sprhib.TestService"/>
  <testcase name="thatOrdersCanBeAddedAndQueried" time="0.291" classname="com.sprhib.TestService"/>
  <testcase name="thatOrdersCanBeAddedAndQueried" time="0.250" classname="com.sprhib.TestService"/>
  <testcase name="thatOrdersCanBeAddedAndQueried" time="0.220" classname="com.sprhib.TestService"/>
  <testcase name="thatOrdersCanBeAddedAndQueried" time="0.065" classname="com.sprhib.TestService">
    <failure type="org.springframework.web.client.ResourceAccessException" message="I/O error on GET request for &quot;http://localhost:8080/spr-mvc-hib/convertation/-110/EUR/USD&quot;:No buffer space available (maximum connections reached?): connect; nested exception is java.net.SocketException: No buffer space available (maximum connections reached?): connect">
      <![CDATA[org.springframework.web.client.ResourceAccessException: I/O error on GET request for "http://localhost:8080/spr-mvc-hib/convertation/-110/EUR/USD":No buffer space available (maximum connections reached?): connect; nested exception is java.net.SocketException: No buffer space available (maximum connections reached?): connect
	at org.springframework.web.client.RestTemplate.doExecute(RestTemplate.java:543)
	at org.springframework.web.client.RestTemplate.execute(RestTemplate.java:489)
	at org.springframework.web.client.RestTemplate.getForEntity(RestTemplate.java:250)
	at com.sprhib.TestService.thatOrdersCanBeAddedAndQueried(TestService.java:26)
	at sun.reflect.GeneratedMethodAccessor3.invoke(Unknown Source)
	at sun.reflect.DelegatingMethodAccessorImpl.invoke(DelegatingMethodAccessorImpl.java:43)
	at java.lang.reflect.Method.invoke(Method.java:606)
	at org.testng.internal.MethodInvocationHelper.invokeMethod(MethodInvocationHelper.java:84)
	at org.testng.internal.Invoker.invokeMethod(Invoker.java:714)
	at org.testng.internal.Invoker.invokeTestMethod(Invoker.java:901)
	at org.testng.internal.Invoker.invokeTestMethods(Invoker.java:1231)
	at org.testng.internal.TestMethodWorker.invokeTestMethods(TestMethodWorker.java:127)
	at org.testng.internal.TestMethodWorker.run(TestMethodWorker.java:111)
	at org.testng.internal.thread.ThreadUtil$2.call(ThreadUtil.java:64)
	at java.util.concurrent.FutureTask.run(FutureTask.java:262)
	at java.util.concurrent.ThreadPoolExecutor.runWorker(ThreadPoolExecutor.java:1145)
	at java.util.concurrent.ThreadPoolExecutor$Worker.run(ThreadPoolExecutor.java:615)
	at java.lang.Thread.run(Thread.java:745)
Caused by: java.net.SocketException: No buffer space available (maximum connections reached?): connect
	at java.net.DualStackPlainSocketImpl.connect0(Native Method)
	at java.net.DualStackPlainSocketImpl.socketConnect(DualStackPlainSocketImpl.java:79)
	at java.net.AbstractPlainSocketImpl.doConnect(AbstractPlainSocketImpl.java:339)
	at java.net.AbstractPlainSocketImpl.connectToAddress(AbstractPlainSocketImpl.java:200)
	at java.net.AbstractPlainSocketImpl.connect(AbstractPlainSocketImpl.java:182)
	at java.net.PlainSocketImpl.connect(PlainSocketImpl.java:172)
	at java.net.SocksSocketImpl.connect(SocksSocketImpl.java:392)
	at java.net.Socket.connect(Socket.java:579)
	at java.net.Socket.connect(Socket.java:528)
	at sun.net.NetworkClient.doConnect(NetworkClient.java:180)
	at sun.net.www.http.HttpClient.openServer(HttpClient.java:432)
	at sun.net.www.http.HttpClient.openServer(HttpClient.java:527)
	at sun.net.www.http.HttpClient.<init>(HttpClient.java:211)
	at sun.net.www.http.HttpClient.New(HttpClient.java:308)
	at sun.net.www.http.HttpClient.New(HttpClient.java:326)
	at sun.net.www.protocol.http.HttpURLConnection.getNewHttpClient(HttpURLConnection.java:996)
	at sun.net.www.protocol.http.HttpURLConnection.plainConnect(HttpURLConnection.java:932)
	at sun.net.www.protocol.http.HttpURLConnection.connect(HttpURLConnection.java:850)
	at org.springframework.http.client.SimpleBufferingClientHttpRequest.executeInternal(SimpleBufferingClientHttpRequest.java:78)
	at org.springframework.http.client.AbstractBufferingClientHttpRequest.executeInternal(AbstractBufferingClientHttpRequest.java:46)
	at org.springframework.http.client.AbstractClientHttpRequest.execute(AbstractClientHttpRequest.java:52)
	at org.springframework.web.client.RestTemplate.doExecute(RestTemplate.java:527)
	... 17 more
]]>
    </failure>
  </testcase> <!-- thatOrdersCanBeAddedAndQueried -->
  <testcase name="thatOrdersCanBeAddedAndQueried" time="0.178" classname="com.sprhib.TestService"/>
  <testcase name="thatOrdersCanBeAddedAndQueried" time="0.176" classname="com.sprhib.TestService"/>
  <testcase name="thatOrdersCanBeAddedAndQueried" time="0.248" classname="com.sprhib.TestService"/>
  <testcase name="thatOrdersCanBeAddedAndQueried" time="0.229" classname="com.sprhib.TestService"/>
  <testcase name="thatOrdersCanBeAddedAndQueried" time="0.142" classname="com.sprhib.TestService"/>
  <testcase name="thatOrdersCanBeAddedAndQueried" time="0.146" classname="com.sprhib.TestService"/>
  <testcase name="thatOrdersCanBeAddedAndQueried" time="0.170" classname="com.sprhib.TestService"/>
  <testcase name="thatOrdersCanBeAddedAndQueried" time="0.180" classname="com.sprhib.TestService"/>
  <testcase name="thatOrdersCanBeAddedAndQueried" time="0.174" classname="com.sprhib.TestService"/>
  <testcase name="thatOrdersCanBeAddedAndQueried" time="0.112" classname="com.sprhib.TestService">
    <failure type="org.springframework.web.client.ResourceAccessException" message="I/O error on GET request for &quot;http://localhost:8080/spr-mvc-hib/convertation/-110/EUR/USD&quot;:No buffer space available (maximum connections reached?): connect; nested exception is java.net.SocketException: No buffer space available (maximum connections reached?): connect">
      <![CDATA[org.springframework.web.client.ResourceAccessException: I/O error on GET request for "http://localhost:8080/spr-mvc-hib/convertation/-110/EUR/USD":No buffer space available (maximum connections reached?): connect; nested exception is java.net.SocketException: No buffer space available (maximum connections reached?): connect
	at org.springframework.web.client.RestTemplate.doExecute(RestTemplate.java:543)
	at org.springframework.web.client.RestTemplate.execute(RestTemplate.java:489)
	at org.springframework.web.client.RestTemplate.getForEntity(RestTemplate.java:250)
	at com.sprhib.TestService.thatOrdersCanBeAddedAndQueried(TestService.java:26)
	at sun.reflect.GeneratedMethodAccessor3.invoke(Unknown Source)
	at sun.reflect.DelegatingMethodAccessorImpl.invoke(DelegatingMethodAccessorImpl.java:43)
	at java.lang.reflect.Method.invoke(Method.java:606)
	at org.testng.internal.MethodInvocationHelper.invokeMethod(MethodInvocationHelper.java:84)
	at org.testng.internal.Invoker.invokeMethod(Invoker.java:714)
	at org.testng.internal.Invoker.invokeTestMethod(Invoker.java:901)
	at org.testng.internal.Invoker.invokeTestMethods(Invoker.java:1231)
	at org.testng.internal.TestMethodWorker.invokeTestMethods(TestMethodWorker.java:127)
	at org.testng.internal.TestMethodWorker.run(TestMethodWorker.java:111)
	at org.testng.internal.thread.ThreadUtil$2.call(ThreadUtil.java:64)
	at java.util.concurrent.FutureTask.run(FutureTask.java:262)
	at java.util.concurrent.ThreadPoolExecutor.runWorker(ThreadPoolExecutor.java:1145)
	at java.util.concurrent.ThreadPoolExecutor$Worker.run(ThreadPoolExecutor.java:615)
	at java.lang.Thread.run(Thread.java:745)
Caused by: java.net.SocketException: No buffer space available (maximum connections reached?): connect
	at java.net.DualStackPlainSocketImpl.connect0(Native Method)
	at java.net.DualStackPlainSocketImpl.socketConnect(DualStackPlainSocketImpl.java:79)
	at java.net.AbstractPlainSocketImpl.doConnect(AbstractPlainSocketImpl.java:339)
	at java.net.AbstractPlainSocketImpl.connectToAddress(AbstractPlainSocketImpl.java:200)
	at java.net.AbstractPlainSocketImpl.connect(AbstractPlainSocketImpl.java:182)
	at java.net.PlainSocketImpl.connect(PlainSocketImpl.java:172)
	at java.net.SocksSocketImpl.connect(SocksSocketImpl.java:392)
	at java.net.Socket.connect(Socket.java:579)
	at java.net.Socket.connect(Socket.java:528)
	at sun.net.NetworkClient.doConnect(NetworkClient.java:180)
	at sun.net.www.http.HttpClient.openServer(HttpClient.java:432)
	at sun.net.www.http.HttpClient.openServer(HttpClient.java:527)
	at sun.net.www.http.HttpClient.<init>(HttpClient.java:211)
	at sun.net.www.http.HttpClient.New(HttpClient.java:308)
	at sun.net.www.http.HttpClient.New(HttpClient.java:326)
	at sun.net.www.protocol.http.HttpURLConnection.getNewHttpClient(HttpURLConnection.java:996)
	at sun.net.www.protocol.http.HttpURLConnection.plainConnect(HttpURLConnection.java:932)
	at sun.net.www.protocol.http.HttpURLConnection.connect(HttpURLConnection.java:850)
	at org.springframework.http.client.SimpleBufferingClientHttpRequest.executeInternal(SimpleBufferingClientHttpRequest.java:78)
	at org.springframework.http.client.AbstractBufferingClientHttpRequest.executeInternal(AbstractBufferingClientHttpRequest.java:46)
	at org.springframework.http.client.AbstractClientHttpRequest.execute(AbstractClientHttpRequest.java:52)
	at org.springframework.web.client.RestTemplate.doExecute(RestTemplate.java:527)
	... 17 more
]]>
    </failure>
  </testcase> <!-- thatOrdersCanBeAddedAndQueried -->
  <testcase name="thatOrdersCanBeAddedAndQueried" time="0.229" classname="com.sprhib.TestService"/>
  <testcase name="thatOrdersCanBeAddedAndQueried" time="0.213" classname="com.sprhib.TestService"/>
  <testcase name="thatOrdersCanBeAddedAndQueried" time="0.222" classname="com.sprhib.TestService"/>
  <testcase name="thatOrdersCanBeAddedAndQueried" time="0.192" classname="com.sprhib.TestService"/>
  <testcase name="thatOrdersCanBeAddedAndQueried" time="0.165" classname="com.sprhib.TestService"/>
  <testcase name="thatOrdersCanBeAddedAndQueried" time="0.202" classname="com.sprhib.TestService"/>
  <testcase name="thatOrdersCanBeAddedAndQueried" time="0.138" classname="com.sprhib.TestService"/>
  <testcase name="thatOrdersCanBeAddedAndQueried" time="0.164" classname="com.sprhib.TestService"/>
  <testcase name="thatOrdersCanBeAddedAndQueried" time="0.018" classname="com.sprhib.TestService">
    <failure type="org.springframework.web.client.ResourceAccessException" message="I/O error on GET request for &quot;http://localhost:8080/spr-mvc-hib/convertation/-110/EUR/USD&quot;:No buffer space available (maximum connections reached?): connect; nested exception is java.net.SocketException: No buffer space available (maximum connections reached?): connect">
      <![CDATA[org.springframework.web.client.ResourceAccessException: I/O error on GET request for "http://localhost:8080/spr-mvc-hib/convertation/-110/EUR/USD":No buffer space available (maximum connections reached?): connect; nested exception is java.net.SocketException: No buffer space available (maximum connections reached?): connect
	at org.springframework.web.client.RestTemplate.doExecute(RestTemplate.java:543)
	at org.springframework.web.client.RestTemplate.execute(RestTemplate.java:489)
	at org.springframework.web.client.RestTemplate.getForEntity(RestTemplate.java:250)
	at com.sprhib.TestService.thatOrdersCanBeAddedAndQueried(TestService.java:26)
	at sun.reflect.GeneratedMethodAccessor3.invoke(Unknown Source)
	at sun.reflect.DelegatingMethodAccessorImpl.invoke(DelegatingMethodAccessorImpl.java:43)
	at java.lang.reflect.Method.invoke(Method.java:606)
	at org.testng.internal.MethodInvocationHelper.invokeMethod(MethodInvocationHelper.java:84)
	at org.testng.internal.Invoker.invokeMethod(Invoker.java:714)
	at org.testng.internal.Invoker.invokeTestMethod(Invoker.java:901)
	at org.testng.internal.Invoker.invokeTestMethods(Invoker.java:1231)
	at org.testng.internal.TestMethodWorker.invokeTestMethods(TestMethodWorker.java:127)
	at org.testng.internal.TestMethodWorker.run(TestMethodWorker.java:111)
	at org.testng.internal.thread.ThreadUtil$2.call(ThreadUtil.java:64)
	at java.util.concurrent.FutureTask.run(FutureTask.java:262)
	at java.util.concurrent.ThreadPoolExecutor.runWorker(ThreadPoolExecutor.java:1145)
	at java.util.concurrent.ThreadPoolExecutor$Worker.run(ThreadPoolExecutor.java:615)
	at java.lang.Thread.run(Thread.java:745)
Caused by: java.net.SocketException: No buffer space available (maximum connections reached?): connect
	at java.net.DualStackPlainSocketImpl.connect0(Native Method)
	at java.net.DualStackPlainSocketImpl.socketConnect(DualStackPlainSocketImpl.java:79)
	at java.net.AbstractPlainSocketImpl.doConnect(AbstractPlainSocketImpl.java:339)
	at java.net.AbstractPlainSocketImpl.connectToAddress(AbstractPlainSocketImpl.java:200)
	at java.net.AbstractPlainSocketImpl.connect(AbstractPlainSocketImpl.java:182)
	at java.net.PlainSocketImpl.connect(PlainSocketImpl.java:172)
	at java.net.SocksSocketImpl.connect(SocksSocketImpl.java:392)
	at java.net.Socket.connect(Socket.java:579)
	at java.net.Socket.connect(Socket.java:528)
	at sun.net.NetworkClient.doConnect(NetworkClient.java:180)
	at sun.net.www.http.HttpClient.openServer(HttpClient.java:432)
	at sun.net.www.http.HttpClient.openServer(HttpClient.java:527)
	at sun.net.www.http.HttpClient.<init>(HttpClient.java:211)
	at sun.net.www.http.HttpClient.New(HttpClient.java:308)
	at sun.net.www.http.HttpClient.New(HttpClient.java:326)
	at sun.net.www.protocol.http.HttpURLConnection.getNewHttpClient(HttpURLConnection.java:996)
	at sun.net.www.protocol.http.HttpURLConnection.plainConnect(HttpURLConnection.java:932)
	at sun.net.www.protocol.http.HttpURLConnection.connect(HttpURLConnection.java:850)
	at org.springframework.http.client.SimpleBufferingClientHttpRequest.executeInternal(SimpleBufferingClientHttpRequest.java:78)
	at org.springframework.http.client.AbstractBufferingClientHttpRequest.executeInternal(AbstractBufferingClientHttpRequest.java:46)
	at org.springframework.http.client.AbstractClientHttpRequest.execute(AbstractClientHttpRequest.java:52)
	at org.springframework.web.client.RestTemplate.doExecute(RestTemplate.java:527)
	... 17 more
]]>
    </failure>
  </testcase> <!-- thatOrdersCanBeAddedAndQueried -->
  <testcase name="thatOrdersCanBeAddedAndQueried" time="0.215" classname="com.sprhib.TestService"/>
  <testcase name="thatOrdersCanBeAddedAndQueried" time="0.153" classname="com.sprhib.TestService"/>
  <testcase name="thatOrdersCanBeAddedAndQueried" time="0.172" classname="com.sprhib.TestService"/>
  <testcase name="thatOrdersCanBeAddedAndQueried" time="0.203" classname="com.sprhib.TestService"/>
  <testcase name="thatOrdersCanBeAddedAndQueried" time="0.173" classname="com.sprhib.TestService"/>
  <testcase name="thatOrdersCanBeAddedAndQueried" time="0.244" classname="com.sprhib.TestService"/>
  <testcase name="thatOrdersCanBeAddedAndQueried" time="0.205" classname="com.sprhib.TestService"/>
  <testcase name="thatOrdersCanBeAddedAndQueried" time="0.196" classname="com.sprhib.TestService"/>
  <testcase name="thatOrdersCanBeAddedAndQueried" time="0.154" classname="com.sprhib.TestService"/>
  <testcase name="thatOrdersCanBeAddedAndQueried" time="0.014" classname="com.sprhib.TestService">
    <failure type="org.springframework.web.client.ResourceAccessException" message="I/O error on GET request for &quot;http://localhost:8080/spr-mvc-hib/convertation/-110/EUR/USD&quot;:No buffer space available (maximum connections reached?): connect; nested exception is java.net.SocketException: No buffer space available (maximum connections reached?): connect">
      <![CDATA[org.springframework.web.client.ResourceAccessException: I/O error on GET request for "http://localhost:8080/spr-mvc-hib/convertation/-110/EUR/USD":No buffer space available (maximum connections reached?): connect; nested exception is java.net.SocketException: No buffer space available (maximum connections reached?): connect
	at org.springframework.web.client.RestTemplate.doExecute(RestTemplate.java:543)
	at org.springframework.web.client.RestTemplate.execute(RestTemplate.java:489)
	at org.springframework.web.client.RestTemplate.getForEntity(RestTemplate.java:250)
	at com.sprhib.TestService.thatOrdersCanBeAddedAndQueried(TestService.java:26)
	at sun.reflect.GeneratedMethodAccessor3.invoke(Unknown Source)
	at sun.reflect.DelegatingMethodAccessorImpl.invoke(DelegatingMethodAccessorImpl.java:43)
	at java.lang.reflect.Method.invoke(Method.java:606)
	at org.testng.internal.MethodInvocationHelper.invokeMethod(MethodInvocationHelper.java:84)
	at org.testng.internal.Invoker.invokeMethod(Invoker.java:714)
	at org.testng.internal.Invoker.invokeTestMethod(Invoker.java:901)
	at org.testng.internal.Invoker.invokeTestMethods(Invoker.java:1231)
	at org.testng.internal.TestMethodWorker.invokeTestMethods(TestMethodWorker.java:127)
	at org.testng.internal.TestMethodWorker.run(TestMethodWorker.java:111)
	at org.testng.internal.thread.ThreadUtil$2.call(ThreadUtil.java:64)
	at java.util.concurrent.FutureTask.run(FutureTask.java:262)
	at java.util.concurrent.ThreadPoolExecutor.runWorker(ThreadPoolExecutor.java:1145)
	at java.util.concurrent.ThreadPoolExecutor$Worker.run(ThreadPoolExecutor.java:615)
	at java.lang.Thread.run(Thread.java:745)
Caused by: java.net.SocketException: No buffer space available (maximum connections reached?): connect
	at java.net.DualStackPlainSocketImpl.connect0(Native Method)
	at java.net.DualStackPlainSocketImpl.socketConnect(DualStackPlainSocketImpl.java:79)
	at java.net.AbstractPlainSocketImpl.doConnect(AbstractPlainSocketImpl.java:339)
	at java.net.AbstractPlainSocketImpl.connectToAddress(AbstractPlainSocketImpl.java:200)
	at java.net.AbstractPlainSocketImpl.connect(AbstractPlainSocketImpl.java:182)
	at java.net.PlainSocketImpl.connect(PlainSocketImpl.java:172)
	at java.net.SocksSocketImpl.connect(SocksSocketImpl.java:392)
	at java.net.Socket.connect(Socket.java:579)
	at java.net.Socket.connect(Socket.java:528)
	at sun.net.NetworkClient.doConnect(NetworkClient.java:180)
	at sun.net.www.http.HttpClient.openServer(HttpClient.java:432)
	at sun.net.www.http.HttpClient.openServer(HttpClient.java:527)
	at sun.net.www.http.HttpClient.<init>(HttpClient.java:211)
	at sun.net.www.http.HttpClient.New(HttpClient.java:308)
	at sun.net.www.http.HttpClient.New(HttpClient.java:326)
	at sun.net.www.protocol.http.HttpURLConnection.getNewHttpClient(HttpURLConnection.java:996)
	at sun.net.www.protocol.http.HttpURLConnection.plainConnect(HttpURLConnection.java:932)
	at sun.net.www.protocol.http.HttpURLConnection.connect(HttpURLConnection.java:850)
	at org.springframework.http.client.SimpleBufferingClientHttpRequest.executeInternal(SimpleBufferingClientHttpRequest.java:78)
	at org.springframework.http.client.AbstractBufferingClientHttpRequest.executeInternal(AbstractBufferingClientHttpRequest.java:46)
	at org.springframework.http.client.AbstractClientHttpRequest.execute(AbstractClientHttpRequest.java:52)
	at org.springframework.web.client.RestTemplate.doExecute(RestTemplate.java:527)
	... 17 more
]]>
    </failure>
  </testcase> <!-- thatOrdersCanBeAddedAndQueried -->
  <testcase name="thatOrdersCanBeAddedAndQueried" time="0.021" classname="com.sprhib.TestService">
    <failure type="org.springframework.web.client.ResourceAccessException" message="I/O error on GET request for &quot;http://localhost:8080/spr-mvc-hib/convertation/-110/EUR/USD&quot;:No buffer space available (maximum connections reached?): connect; nested exception is java.net.SocketException: No buffer space available (maximum connections reached?): connect">
      <![CDATA[org.springframework.web.client.ResourceAccessException: I/O error on GET request for "http://localhost:8080/spr-mvc-hib/convertation/-110/EUR/USD":No buffer space available (maximum connections reached?): connect; nested exception is java.net.SocketException: No buffer space available (maximum connections reached?): connect
	at org.springframework.web.client.RestTemplate.doExecute(RestTemplate.java:543)
	at org.springframework.web.client.RestTemplate.execute(RestTemplate.java:489)
	at org.springframework.web.client.RestTemplate.getForEntity(RestTemplate.java:250)
	at com.sprhib.TestService.thatOrdersCanBeAddedAndQueried(TestService.java:26)
	at sun.reflect.GeneratedMethodAccessor3.invoke(Unknown Source)
	at sun.reflect.DelegatingMethodAccessorImpl.invoke(DelegatingMethodAccessorImpl.java:43)
	at java.lang.reflect.Method.invoke(Method.java:606)
	at org.testng.internal.MethodInvocationHelper.invokeMethod(MethodInvocationHelper.java:84)
	at org.testng.internal.Invoker.invokeMethod(Invoker.java:714)
	at org.testng.internal.Invoker.invokeTestMethod(Invoker.java:901)
	at org.testng.internal.Invoker.invokeTestMethods(Invoker.java:1231)
	at org.testng.internal.TestMethodWorker.invokeTestMethods(TestMethodWorker.java:127)
	at org.testng.internal.TestMethodWorker.run(TestMethodWorker.java:111)
	at org.testng.internal.thread.ThreadUtil$2.call(ThreadUtil.java:64)
	at java.util.concurrent.FutureTask.run(FutureTask.java:262)
	at java.util.concurrent.ThreadPoolExecutor.runWorker(ThreadPoolExecutor.java:1145)
	at java.util.concurrent.ThreadPoolExecutor$Worker.run(ThreadPoolExecutor.java:615)
	at java.lang.Thread.run(Thread.java:745)
Caused by: java.net.SocketException: No buffer space available (maximum connections reached?): connect
	at java.net.DualStackPlainSocketImpl.connect0(Native Method)
	at java.net.DualStackPlainSocketImpl.socketConnect(DualStackPlainSocketImpl.java:79)
	at java.net.AbstractPlainSocketImpl.doConnect(AbstractPlainSocketImpl.java:339)
	at java.net.AbstractPlainSocketImpl.connectToAddress(AbstractPlainSocketImpl.java:200)
	at java.net.AbstractPlainSocketImpl.connect(AbstractPlainSocketImpl.java:182)
	at java.net.PlainSocketImpl.connect(PlainSocketImpl.java:172)
	at java.net.SocksSocketImpl.connect(SocksSocketImpl.java:392)
	at java.net.Socket.connect(Socket.java:579)
	at java.net.Socket.connect(Socket.java:528)
	at sun.net.NetworkClient.doConnect(NetworkClient.java:180)
	at sun.net.www.http.HttpClient.openServer(HttpClient.java:432)
	at sun.net.www.http.HttpClient.openServer(HttpClient.java:527)
	at sun.net.www.http.HttpClient.<init>(HttpClient.java:211)
	at sun.net.www.http.HttpClient.New(HttpClient.java:308)
	at sun.net.www.http.HttpClient.New(HttpClient.java:326)
	at sun.net.www.protocol.http.HttpURLConnection.getNewHttpClient(HttpURLConnection.java:996)
	at sun.net.www.protocol.http.HttpURLConnection.plainConnect(HttpURLConnection.java:932)
	at sun.net.www.protocol.http.HttpURLConnection.connect(HttpURLConnection.java:850)
	at org.springframework.http.client.SimpleBufferingClientHttpRequest.executeInternal(SimpleBufferingClientHttpRequest.java:78)
	at org.springframework.http.client.AbstractBufferingClientHttpRequest.executeInternal(AbstractBufferingClientHttpRequest.java:46)
	at org.springframework.http.client.AbstractClientHttpRequest.execute(AbstractClientHttpRequest.java:52)
	at org.springframework.web.client.RestTemplate.doExecute(RestTemplate.java:527)
	... 17 more
]]>
    </failure>
  </testcase> <!-- thatOrdersCanBeAddedAndQueried -->
  <testcase name="thatOrdersCanBeAddedAndQueried" time="0.177" classname="com.sprhib.TestService"/>
  <testcase name="thatOrdersCanBeAddedAndQueried" time="0.163" classname="com.sprhib.TestService"/>
  <testcase name="thatOrdersCanBeAddedAndQueried" time="0.130" classname="com.sprhib.TestService"/>
  <testcase name="thatOrdersCanBeAddedAndQueried" time="0.164" classname="com.sprhib.TestService"/>
  <testcase name="thatOrdersCanBeAddedAndQueried" time="0.302" classname="com.sprhib.TestService"/>
  <testcase name="thatOrdersCanBeAddedAndQueried" time="0.148" classname="com.sprhib.TestService"/>
  <testcase name="thatOrdersCanBeAddedAndQueried" time="0.125" classname="com.sprhib.TestService"/>
  <testcase name="thatOrdersCanBeAddedAndQueried" time="0.235" classname="com.sprhib.TestService"/>
  <testcase name="thatOrdersCanBeAddedAndQueried" time="0.163" classname="com.sprhib.TestService"/>
  <testcase name="thatOrdersCanBeAddedAndQueried" time="0.176" classname="com.sprhib.TestService"/>
  <testcase name="thatOrdersCanBeAddedAndQueried" time="0.138" classname="com.sprhib.TestService"/>
  <testcase name="thatOrdersCanBeAddedAndQueried" time="0.131" classname="com.sprhib.TestService"/>
  <testcase name="thatOrdersCanBeAddedAndQueried" time="0.153" classname="com.sprhib.TestService"/>
  <testcase name="thatOrdersCanBeAddedAndQueried" time="0.234" classname="com.sprhib.TestService"/>
  <testcase name="thatOrdersCanBeAddedAndQueried" time="0.145" classname="com.sprhib.TestService"/>
  <testcase name="thatOrdersCanBeAddedAndQueried" time="0.258" classname="com.sprhib.TestService"/>
  <testcase name="thatOrdersCanBeAddedAndQueried" time="0.241" classname="com.sprhib.TestService"/>
  <testcase name="thatOrdersCanBeAddedAndQueried" time="0.190" classname="com.sprhib.TestService"/>
  <testcase name="thatOrdersCanBeAddedAndQueried" time="0.161" classname="com.sprhib.TestService"/>
  <testcase name="thatOrdersCanBeAddedAndQueried" time="0.132" classname="com.sprhib.TestService"/>
  <testcase name="thatOrdersCanBeAddedAndQueried" time="0.204" classname="com.sprhib.TestService"/>
  <testcase name="thatOrdersCanBeAddedAndQueried" time="0.132" classname="com.sprhib.TestService"/>
  <testcase name="thatOrdersCanBeAddedAndQueried" time="0.182" classname="com.sprhib.TestService"/>
  <testcase name="thatOrdersCanBeAddedAndQueried" time="0.258" classname="com.sprhib.TestService"/>
  <testcase name="thatOrdersCanBeAddedAndQueried" time="0.146" classname="com.sprhib.TestService"/>
  <testcase name="thatOrdersCanBeAddedAndQueried" time="0.181" classname="com.sprhib.TestService"/>
  <testcase name="thatOrdersCanBeAddedAndQueried" time="0.283" classname="com.sprhib.TestService"/>
  <testcase name="thatOrdersCanBeAddedAndQueried" time="0.310" classname="com.sprhib.TestService"/>
  <testcase name="thatOrdersCanBeAddedAndQueried" time="0.045" classname="com.sprhib.TestService">
    <failure type="org.springframework.web.client.ResourceAccessException" message="I/O error on GET request for &quot;http://localhost:8080/spr-mvc-hib/convertation/-110/EUR/USD&quot;:No buffer space available (maximum connections reached?): connect; nested exception is java.net.SocketException: No buffer space available (maximum connections reached?): connect">
      <![CDATA[org.springframework.web.client.ResourceAccessException: I/O error on GET request for "http://localhost:8080/spr-mvc-hib/convertation/-110/EUR/USD":No buffer space available (maximum connections reached?): connect; nested exception is java.net.SocketException: No buffer space available (maximum connections reached?): connect
	at org.springframework.web.client.RestTemplate.doExecute(RestTemplate.java:543)
	at org.springframework.web.client.RestTemplate.execute(RestTemplate.java:489)
	at org.springframework.web.client.RestTemplate.getForEntity(RestTemplate.java:250)
	at com.sprhib.TestService.thatOrdersCanBeAddedAndQueried(TestService.java:26)
	at sun.reflect.GeneratedMethodAccessor3.invoke(Unknown Source)
	at sun.reflect.DelegatingMethodAccessorImpl.invoke(DelegatingMethodAccessorImpl.java:43)
	at java.lang.reflect.Method.invoke(Method.java:606)
	at org.testng.internal.MethodInvocationHelper.invokeMethod(MethodInvocationHelper.java:84)
	at org.testng.internal.Invoker.invokeMethod(Invoker.java:714)
	at org.testng.internal.Invoker.invokeTestMethod(Invoker.java:901)
	at org.testng.internal.Invoker.invokeTestMethods(Invoker.java:1231)
	at org.testng.internal.TestMethodWorker.invokeTestMethods(TestMethodWorker.java:127)
	at org.testng.internal.TestMethodWorker.run(TestMethodWorker.java:111)
	at org.testng.internal.thread.ThreadUtil$2.call(ThreadUtil.java:64)
	at java.util.concurrent.FutureTask.run(FutureTask.java:262)
	at java.util.concurrent.ThreadPoolExecutor.runWorker(ThreadPoolExecutor.java:1145)
	at java.util.concurrent.ThreadPoolExecutor$Worker.run(ThreadPoolExecutor.java:615)
	at java.lang.Thread.run(Thread.java:745)
Caused by: java.net.SocketException: No buffer space available (maximum connections reached?): connect
	at java.net.DualStackPlainSocketImpl.connect0(Native Method)
	at java.net.DualStackPlainSocketImpl.socketConnect(DualStackPlainSocketImpl.java:79)
	at java.net.AbstractPlainSocketImpl.doConnect(AbstractPlainSocketImpl.java:339)
	at java.net.AbstractPlainSocketImpl.connectToAddress(AbstractPlainSocketImpl.java:200)
	at java.net.AbstractPlainSocketImpl.connect(AbstractPlainSocketImpl.java:182)
	at java.net.PlainSocketImpl.connect(PlainSocketImpl.java:172)
	at java.net.SocksSocketImpl.connect(SocksSocketImpl.java:392)
	at java.net.Socket.connect(Socket.java:579)
	at java.net.Socket.connect(Socket.java:528)
	at sun.net.NetworkClient.doConnect(NetworkClient.java:180)
	at sun.net.www.http.HttpClient.openServer(HttpClient.java:432)
	at sun.net.www.http.HttpClient.openServer(HttpClient.java:527)
	at sun.net.www.http.HttpClient.<init>(HttpClient.java:211)
	at sun.net.www.http.HttpClient.New(HttpClient.java:308)
	at sun.net.www.http.HttpClient.New(HttpClient.java:326)
	at sun.net.www.protocol.http.HttpURLConnection.getNewHttpClient(HttpURLConnection.java:996)
	at sun.net.www.protocol.http.HttpURLConnection.plainConnect(HttpURLConnection.java:932)
	at sun.net.www.protocol.http.HttpURLConnection.connect(HttpURLConnection.java:850)
	at org.springframework.http.client.SimpleBufferingClientHttpRequest.executeInternal(SimpleBufferingClientHttpRequest.java:78)
	at org.springframework.http.client.AbstractBufferingClientHttpRequest.executeInternal(AbstractBufferingClientHttpRequest.java:46)
	at org.springframework.http.client.AbstractClientHttpRequest.execute(AbstractClientHttpRequest.java:52)
	at org.springframework.web.client.RestTemplate.doExecute(RestTemplate.java:527)
	... 17 more
]]>
    </failure>
  </testcase> <!-- thatOrdersCanBeAddedAndQueried -->
  <testcase name="thatOrdersCanBeAddedAndQueried" time="0.140" classname="com.sprhib.TestService"/>
  <testcase name="thatOrdersCanBeAddedAndQueried" time="0.242" classname="com.sprhib.TestService"/>
  <testcase name="thatOrdersCanBeAddedAndQueried" time="0.233" classname="com.sprhib.TestService"/>
  <testcase name="thatOrdersCanBeAddedAndQueried" time="0.236" classname="com.sprhib.TestService"/>
  <testcase name="thatOrdersCanBeAddedAndQueried" time="0.146" classname="com.sprhib.TestService"/>
  <testcase name="thatOrdersCanBeAddedAndQueried" time="0.174" classname="com.sprhib.TestService"/>
  <testcase name="thatOrdersCanBeAddedAndQueried" time="0.316" classname="com.sprhib.TestService"/>
  <testcase name="thatOrdersCanBeAddedAndQueried" time="0.129" classname="com.sprhib.TestService"/>
  <testcase name="thatOrdersCanBeAddedAndQueried" time="0.225" classname="com.sprhib.TestService"/>
  <testcase name="thatOrdersCanBeAddedAndQueried" time="0.170" classname="com.sprhib.TestService"/>
  <testcase name="thatOrdersCanBeAddedAndQueried" time="0.184" classname="com.sprhib.TestService">
    <failure type="org.springframework.web.client.HttpServerErrorException" message="500 Internal Server Error">
      <![CDATA[org.springframework.web.client.HttpServerErrorException: 500 Internal Server Error
	at org.springframework.web.client.DefaultResponseErrorHandler.handleError(DefaultResponseErrorHandler.java:94)
	at org.springframework.web.client.RestTemplate.handleResponseError(RestTemplate.java:576)
	at org.springframework.web.client.RestTemplate.doExecute(RestTemplate.java:532)
	at org.springframework.web.client.RestTemplate.execute(RestTemplate.java:489)
	at org.springframework.web.client.RestTemplate.getForEntity(RestTemplate.java:250)
	at com.sprhib.TestService.thatOrdersCanBeAddedAndQueried(TestService.java:44)
	at sun.reflect.GeneratedMethodAccessor3.invoke(Unknown Source)
	at sun.reflect.DelegatingMethodAccessorImpl.invoke(DelegatingMethodAccessorImpl.java:43)
	at java.lang.reflect.Method.invoke(Method.java:606)
	at org.testng.internal.MethodInvocationHelper.invokeMethod(MethodInvocationHelper.java:84)
	at org.testng.internal.Invoker.invokeMethod(Invoker.java:714)
	at org.testng.internal.Invoker.invokeTestMethod(Invoker.java:901)
	at org.testng.internal.Invoker.invokeTestMethods(Invoker.java:1231)
	at org.testng.internal.TestMethodWorker.invokeTestMethods(TestMethodWorker.java:127)
	at org.testng.internal.TestMethodWorker.run(TestMethodWorker.java:111)
	at org.testng.internal.thread.ThreadUtil$2.call(ThreadUtil.java:64)
	at java.util.concurrent.FutureTask.run(FutureTask.java:262)
	at java.util.concurrent.ThreadPoolExecutor.runWorker(ThreadPoolExecutor.java:1145)
	at java.util.concurrent.ThreadPoolExecutor$Worker.run(ThreadPoolExecutor.java:615)
	at java.lang.Thread.run(Thread.java:745)
]]>
    </failure>
  </testcase> <!-- thatOrdersCanBeAddedAndQueried -->
  <testcase name="thatOrdersCanBeAddedAndQueried" time="0.166" classname="com.sprhib.TestService"/>
  <testcase name="thatOrdersCanBeAddedAndQueried" time="0.177" classname="com.sprhib.TestService"/>
  <testcase name="thatOrdersCanBeAddedAndQueried" time="0.207" classname="com.sprhib.TestService"/>
  <testcase name="thatOrdersCanBeAddedAndQueried" time="0.141" classname="com.sprhib.TestService"/>
  <testcase name="thatOrdersCanBeAddedAndQueried" time="0.154" classname="com.sprhib.TestService"/>
  <testcase name="thatOrdersCanBeAddedAndQueried" time="0.209" classname="com.sprhib.TestService"/>
  <testcase name="thatOrdersCanBeAddedAndQueried" time="0.121" classname="com.sprhib.TestService"/>
  <testcase name="thatOrdersCanBeAddedAndQueried" time="0.211" classname="com.sprhib.TestService"/>
  <testcase name="thatOrdersCanBeAddedAndQueried" time="0.173" classname="com.sprhib.TestService"/>
  <testcase name="thatOrdersCanBeAddedAndQueried" time="0.245" classname="com.sprhib.TestService"/>
  <testcase name="thatOrdersCanBeAddedAndQueried" time="0.144" classname="com.sprhib.TestService"/>
  <testcase name="thatOrdersCanBeAddedAndQueried" time="0.215" classname="com.sprhib.TestService"/>
  <testcase name="thatOrdersCanBeAddedAndQueried" time="0.169" classname="com.sprhib.TestService"/>
  <testcase name="thatOrdersCanBeAddedAndQueried" time="0.189" classname="com.sprhib.TestService"/>
  <testcase name="thatOrdersCanBeAddedAndQueried" time="0.226" classname="com.sprhib.TestService"/>
  <testcase name="thatOrdersCanBeAddedAndQueried" time="0.146" classname="com.sprhib.TestService"/>
  <testcase name="thatOrdersCanBeAddedAndQueried" time="0.122" classname="com.sprhib.TestService"/>
  <testcase name="thatOrdersCanBeAddedAndQueried" time="0.195" classname="com.sprhib.TestService"/>
  <testcase name="thatOrdersCanBeAddedAndQueried" time="0.216" classname="com.sprhib.TestService"/>
  <testcase name="thatOrdersCanBeAddedAndQueried" time="0.130" classname="com.sprhib.TestService"/>
  <testcase name="thatOrdersCanBeAddedAndQueried" time="0.226" classname="com.sprhib.TestService"/>
  <testcase name="thatOrdersCanBeAddedAndQueried" time="0.023" classname="com.sprhib.TestService">
    <failure type="org.springframework.web.client.ResourceAccessException" message="I/O error on GET request for &quot;http://localhost:8080/spr-mvc-hib/convertation/-110/EUR/USD&quot;:No buffer space available (maximum connections reached?): connect; nested exception is java.net.SocketException: No buffer space available (maximum connections reached?): connect">
      <![CDATA[org.springframework.web.client.ResourceAccessException: I/O error on GET request for "http://localhost:8080/spr-mvc-hib/convertation/-110/EUR/USD":No buffer space available (maximum connections reached?): connect; nested exception is java.net.SocketException: No buffer space available (maximum connections reached?): connect
	at org.springframework.web.client.RestTemplate.doExecute(RestTemplate.java:543)
	at org.springframework.web.client.RestTemplate.execute(RestTemplate.java:489)
	at org.springframework.web.client.RestTemplate.getForEntity(RestTemplate.java:250)
	at com.sprhib.TestService.thatOrdersCanBeAddedAndQueried(TestService.java:26)
	at sun.reflect.GeneratedMethodAccessor3.invoke(Unknown Source)
	at sun.reflect.DelegatingMethodAccessorImpl.invoke(DelegatingMethodAccessorImpl.java:43)
	at java.lang.reflect.Method.invoke(Method.java:606)
	at org.testng.internal.MethodInvocationHelper.invokeMethod(MethodInvocationHelper.java:84)
	at org.testng.internal.Invoker.invokeMethod(Invoker.java:714)
	at org.testng.internal.Invoker.invokeTestMethod(Invoker.java:901)
	at org.testng.internal.Invoker.invokeTestMethods(Invoker.java:1231)
	at org.testng.internal.TestMethodWorker.invokeTestMethods(TestMethodWorker.java:127)
	at org.testng.internal.TestMethodWorker.run(TestMethodWorker.java:111)
	at org.testng.internal.thread.ThreadUtil$2.call(ThreadUtil.java:64)
	at java.util.concurrent.FutureTask.run(FutureTask.java:262)
	at java.util.concurrent.ThreadPoolExecutor.runWorker(ThreadPoolExecutor.java:1145)
	at java.util.concurrent.ThreadPoolExecutor$Worker.run(ThreadPoolExecutor.java:615)
	at java.lang.Thread.run(Thread.java:745)
Caused by: java.net.SocketException: No buffer space available (maximum connections reached?): connect
	at java.net.DualStackPlainSocketImpl.connect0(Native Method)
	at java.net.DualStackPlainSocketImpl.socketConnect(DualStackPlainSocketImpl.java:79)
	at java.net.AbstractPlainSocketImpl.doConnect(AbstractPlainSocketImpl.java:339)
	at java.net.AbstractPlainSocketImpl.connectToAddress(AbstractPlainSocketImpl.java:200)
	at java.net.AbstractPlainSocketImpl.connect(AbstractPlainSocketImpl.java:182)
	at java.net.PlainSocketImpl.connect(PlainSocketImpl.java:172)
	at java.net.SocksSocketImpl.connect(SocksSocketImpl.java:392)
	at java.net.Socket.connect(Socket.java:579)
	at java.net.Socket.connect(Socket.java:528)
	at sun.net.NetworkClient.doConnect(NetworkClient.java:180)
	at sun.net.www.http.HttpClient.openServer(HttpClient.java:432)
	at sun.net.www.http.HttpClient.openServer(HttpClient.java:527)
	at sun.net.www.http.HttpClient.<init>(HttpClient.java:211)
	at sun.net.www.http.HttpClient.New(HttpClient.java:308)
	at sun.net.www.http.HttpClient.New(HttpClient.java:326)
	at sun.net.www.protocol.http.HttpURLConnection.getNewHttpClient(HttpURLConnection.java:996)
	at sun.net.www.protocol.http.HttpURLConnection.plainConnect(HttpURLConnection.java:932)
	at sun.net.www.protocol.http.HttpURLConnection.connect(HttpURLConnection.java:850)
	at org.springframework.http.client.SimpleBufferingClientHttpRequest.executeInternal(SimpleBufferingClientHttpRequest.java:78)
	at org.springframework.http.client.AbstractBufferingClientHttpRequest.executeInternal(AbstractBufferingClientHttpRequest.java:46)
	at org.springframework.http.client.AbstractClientHttpRequest.execute(AbstractClientHttpRequest.java:52)
	at org.springframework.web.client.RestTemplate.doExecute(RestTemplate.java:527)
	... 17 more
]]>
    </failure>
  </testcase> <!-- thatOrdersCanBeAddedAndQueried -->
  <testcase name="thatOrdersCanBeAddedAndQueried" time="0.140" classname="com.sprhib.TestService"/>
  <testcase name="thatOrdersCanBeAddedAndQueried" time="0.185" classname="com.sprhib.TestService"/>
  <testcase name="thatOrdersCanBeAddedAndQueried" time="0.229" classname="com.sprhib.TestService"/>
  <testcase name="thatOrdersCanBeAddedAndQueried" time="0.274" classname="com.sprhib.TestService"/>
  <testcase name="thatOrdersCanBeAddedAndQueried" time="0.020" classname="com.sprhib.TestService">
    <failure type="org.springframework.web.client.ResourceAccessException" message="I/O error on GET request for &quot;http://localhost:8080/spr-mvc-hib/convertation/-110/EUR/USD&quot;:No buffer space available (maximum connections reached?): connect; nested exception is java.net.SocketException: No buffer space available (maximum connections reached?): connect">
      <![CDATA[org.springframework.web.client.ResourceAccessException: I/O error on GET request for "http://localhost:8080/spr-mvc-hib/convertation/-110/EUR/USD":No buffer space available (maximum connections reached?): connect; nested exception is java.net.SocketException: No buffer space available (maximum connections reached?): connect
	at org.springframework.web.client.RestTemplate.doExecute(RestTemplate.java:543)
	at org.springframework.web.client.RestTemplate.execute(RestTemplate.java:489)
	at org.springframework.web.client.RestTemplate.getForEntity(RestTemplate.java:250)
	at com.sprhib.TestService.thatOrdersCanBeAddedAndQueried(TestService.java:26)
	at sun.reflect.GeneratedMethodAccessor3.invoke(Unknown Source)
	at sun.reflect.DelegatingMethodAccessorImpl.invoke(DelegatingMethodAccessorImpl.java:43)
	at java.lang.reflect.Method.invoke(Method.java:606)
	at org.testng.internal.MethodInvocationHelper.invokeMethod(MethodInvocationHelper.java:84)
	at org.testng.internal.Invoker.invokeMethod(Invoker.java:714)
	at org.testng.internal.Invoker.invokeTestMethod(Invoker.java:901)
	at org.testng.internal.Invoker.invokeTestMethods(Invoker.java:1231)
	at org.testng.internal.TestMethodWorker.invokeTestMethods(TestMethodWorker.java:127)
	at org.testng.internal.TestMethodWorker.run(TestMethodWorker.java:111)
	at org.testng.internal.thread.ThreadUtil$2.call(ThreadUtil.java:64)
	at java.util.concurrent.FutureTask.run(FutureTask.java:262)
	at java.util.concurrent.ThreadPoolExecutor.runWorker(ThreadPoolExecutor.java:1145)
	at java.util.concurrent.ThreadPoolExecutor$Worker.run(ThreadPoolExecutor.java:615)
	at java.lang.Thread.run(Thread.java:745)
Caused by: java.net.SocketException: No buffer space available (maximum connections reached?): connect
	at java.net.DualStackPlainSocketImpl.connect0(Native Method)
	at java.net.DualStackPlainSocketImpl.socketConnect(DualStackPlainSocketImpl.java:79)
	at java.net.AbstractPlainSocketImpl.doConnect(AbstractPlainSocketImpl.java:339)
	at java.net.AbstractPlainSocketImpl.connectToAddress(AbstractPlainSocketImpl.java:200)
	at java.net.AbstractPlainSocketImpl.connect(AbstractPlainSocketImpl.java:182)
	at java.net.PlainSocketImpl.connect(PlainSocketImpl.java:172)
	at java.net.SocksSocketImpl.connect(SocksSocketImpl.java:392)
	at java.net.Socket.connect(Socket.java:579)
	at java.net.Socket.connect(Socket.java:528)
	at sun.net.NetworkClient.doConnect(NetworkClient.java:180)
	at sun.net.www.http.HttpClient.openServer(HttpClient.java:432)
	at sun.net.www.http.HttpClient.openServer(HttpClient.java:527)
	at sun.net.www.http.HttpClient.<init>(HttpClient.java:211)
	at sun.net.www.http.HttpClient.New(HttpClient.java:308)
	at sun.net.www.http.HttpClient.New(HttpClient.java:326)
	at sun.net.www.protocol.http.HttpURLConnection.getNewHttpClient(HttpURLConnection.java:996)
	at sun.net.www.protocol.http.HttpURLConnection.plainConnect(HttpURLConnection.java:932)
	at sun.net.www.protocol.http.HttpURLConnection.connect(HttpURLConnection.java:850)
	at org.springframework.http.client.SimpleBufferingClientHttpRequest.executeInternal(SimpleBufferingClientHttpRequest.java:78)
	at org.springframework.http.client.AbstractBufferingClientHttpRequest.executeInternal(AbstractBufferingClientHttpRequest.java:46)
	at org.springframework.http.client.AbstractClientHttpRequest.execute(AbstractClientHttpRequest.java:52)
	at org.springframework.web.client.RestTemplate.doExecute(RestTemplate.java:527)
	... 17 more
]]>
    </failure>
  </testcase> <!-- thatOrdersCanBeAddedAndQueried -->
  <testcase name="thatOrdersCanBeAddedAndQueried" time="0.216" classname="com.sprhib.TestService"/>
  <testcase name="thatOrdersCanBeAddedAndQueried" time="0.231" classname="com.sprhib.TestService"/>
  <testcase name="thatOrdersCanBeAddedAndQueried" time="0.160" classname="com.sprhib.TestService"/>
  <testcase name="thatOrdersCanBeAddedAndQueried" time="0.028" classname="com.sprhib.TestService">
    <failure type="org.springframework.web.client.ResourceAccessException" message="I/O error on GET request for &quot;http://localhost:8080/spr-mvc-hib/convertation/-110/EUR/USD&quot;:No buffer space available (maximum connections reached?): connect; nested exception is java.net.SocketException: No buffer space available (maximum connections reached?): connect">
      <![CDATA[org.springframework.web.client.ResourceAccessException: I/O error on GET request for "http://localhost:8080/spr-mvc-hib/convertation/-110/EUR/USD":No buffer space available (maximum connections reached?): connect; nested exception is java.net.SocketException: No buffer space available (maximum connections reached?): connect
	at org.springframework.web.client.RestTemplate.doExecute(RestTemplate.java:543)
	at org.springframework.web.client.RestTemplate.execute(RestTemplate.java:489)
	at org.springframework.web.client.RestTemplate.getForEntity(RestTemplate.java:250)
	at com.sprhib.TestService.thatOrdersCanBeAddedAndQueried(TestService.java:26)
	at sun.reflect.GeneratedMethodAccessor3.invoke(Unknown Source)
	at sun.reflect.DelegatingMethodAccessorImpl.invoke(DelegatingMethodAccessorImpl.java:43)
	at java.lang.reflect.Method.invoke(Method.java:606)
	at org.testng.internal.MethodInvocationHelper.invokeMethod(MethodInvocationHelper.java:84)
	at org.testng.internal.Invoker.invokeMethod(Invoker.java:714)
	at org.testng.internal.Invoker.invokeTestMethod(Invoker.java:901)
	at org.testng.internal.Invoker.invokeTestMethods(Invoker.java:1231)
	at org.testng.internal.TestMethodWorker.invokeTestMethods(TestMethodWorker.java:127)
	at org.testng.internal.TestMethodWorker.run(TestMethodWorker.java:111)
	at org.testng.internal.thread.ThreadUtil$2.call(ThreadUtil.java:64)
	at java.util.concurrent.FutureTask.run(FutureTask.java:262)
	at java.util.concurrent.ThreadPoolExecutor.runWorker(ThreadPoolExecutor.java:1145)
	at java.util.concurrent.ThreadPoolExecutor$Worker.run(ThreadPoolExecutor.java:615)
	at java.lang.Thread.run(Thread.java:745)
Caused by: java.net.SocketException: No buffer space available (maximum connections reached?): connect
	at java.net.DualStackPlainSocketImpl.connect0(Native Method)
	at java.net.DualStackPlainSocketImpl.socketConnect(DualStackPlainSocketImpl.java:79)
	at java.net.AbstractPlainSocketImpl.doConnect(AbstractPlainSocketImpl.java:339)
	at java.net.AbstractPlainSocketImpl.connectToAddress(AbstractPlainSocketImpl.java:200)
	at java.net.AbstractPlainSocketImpl.connect(AbstractPlainSocketImpl.java:182)
	at java.net.PlainSocketImpl.connect(PlainSocketImpl.java:172)
	at java.net.SocksSocketImpl.connect(SocksSocketImpl.java:392)
	at java.net.Socket.connect(Socket.java:579)
	at java.net.Socket.connect(Socket.java:528)
	at sun.net.NetworkClient.doConnect(NetworkClient.java:180)
	at sun.net.www.http.HttpClient.openServer(HttpClient.java:432)
	at sun.net.www.http.HttpClient.openServer(HttpClient.java:527)
	at sun.net.www.http.HttpClient.<init>(HttpClient.java:211)
	at sun.net.www.http.HttpClient.New(HttpClient.java:308)
	at sun.net.www.http.HttpClient.New(HttpClient.java:326)
	at sun.net.www.protocol.http.HttpURLConnection.getNewHttpClient(HttpURLConnection.java:996)
	at sun.net.www.protocol.http.HttpURLConnection.plainConnect(HttpURLConnection.java:932)
	at sun.net.www.protocol.http.HttpURLConnection.connect(HttpURLConnection.java:850)
	at org.springframework.http.client.SimpleBufferingClientHttpRequest.executeInternal(SimpleBufferingClientHttpRequest.java:78)
	at org.springframework.http.client.AbstractBufferingClientHttpRequest.executeInternal(AbstractBufferingClientHttpRequest.java:46)
	at org.springframework.http.client.AbstractClientHttpRequest.execute(AbstractClientHttpRequest.java:52)
	at org.springframework.web.client.RestTemplate.doExecute(RestTemplate.java:527)
	... 17 more
]]>
    </failure>
  </testcase> <!-- thatOrdersCanBeAddedAndQueried -->
  <testcase name="thatOrdersCanBeAddedAndQueried" time="0.245" classname="com.sprhib.TestService"/>
  <testcase name="thatOrdersCanBeAddedAndQueried" time="0.173" classname="com.sprhib.TestService"/>
  <testcase name="thatOrdersCanBeAddedAndQueried" time="0.122" classname="com.sprhib.TestService"/>
  <testcase name="thatOrdersCanBeAddedAndQueried" time="0.141" classname="com.sprhib.TestService"/>
  <testcase name="thatOrdersCanBeAddedAndQueried" time="0.113" classname="com.sprhib.TestService"/>
  <testcase name="thatOrdersCanBeAddedAndQueried" time="0.248" classname="com.sprhib.TestService"/>
  <testcase name="thatOrdersCanBeAddedAndQueried" time="0.125" classname="com.sprhib.TestService"/>
  <testcase name="thatOrdersCanBeAddedAndQueried" time="0.086" classname="com.sprhib.TestService">
    <failure type="org.springframework.web.client.HttpServerErrorException" message="500 Internal Server Error">
      <![CDATA[org.springframework.web.client.HttpServerErrorException: 500 Internal Server Error
	at org.springframework.web.client.DefaultResponseErrorHandler.handleError(DefaultResponseErrorHandler.java:94)
	at org.springframework.web.client.RestTemplate.handleResponseError(RestTemplate.java:576)
	at org.springframework.web.client.RestTemplate.doExecute(RestTemplate.java:532)
	at org.springframework.web.client.RestTemplate.execute(RestTemplate.java:489)
	at org.springframework.web.client.RestTemplate.getForEntity(RestTemplate.java:250)
	at com.sprhib.TestService.thatOrdersCanBeAddedAndQueried(TestService.java:39)
	at sun.reflect.GeneratedMethodAccessor3.invoke(Unknown Source)
	at sun.reflect.DelegatingMethodAccessorImpl.invoke(DelegatingMethodAccessorImpl.java:43)
	at java.lang.reflect.Method.invoke(Method.java:606)
	at org.testng.internal.MethodInvocationHelper.invokeMethod(MethodInvocationHelper.java:84)
	at org.testng.internal.Invoker.invokeMethod(Invoker.java:714)
	at org.testng.internal.Invoker.invokeTestMethod(Invoker.java:901)
	at org.testng.internal.Invoker.invokeTestMethods(Invoker.java:1231)
	at org.testng.internal.TestMethodWorker.invokeTestMethods(TestMethodWorker.java:127)
	at org.testng.internal.TestMethodWorker.run(TestMethodWorker.java:111)
	at org.testng.internal.thread.ThreadUtil$2.call(ThreadUtil.java:64)
	at java.util.concurrent.FutureTask.run(FutureTask.java:262)
	at java.util.concurrent.ThreadPoolExecutor.runWorker(ThreadPoolExecutor.java:1145)
	at java.util.concurrent.ThreadPoolExecutor$Worker.run(ThreadPoolExecutor.java:615)
	at java.lang.Thread.run(Thread.java:745)
]]>
    </failure>
  </testcase> <!-- thatOrdersCanBeAddedAndQueried -->
  <testcase name="thatOrdersCanBeAddedAndQueried" time="0.094" classname="com.sprhib.TestService"/>
  <testcase name="thatOrdersCanBeAddedAndQueried" time="0.186" classname="com.sprhib.TestService"/>
  <testcase name="thatOrdersCanBeAddedAndQueried" time="0.209" classname="com.sprhib.TestService"/>
  <testcase name="thatOrdersCanBeAddedAndQueried" time="0.217" classname="com.sprhib.TestService"/>
  <testcase name="thatOrdersCanBeAddedAndQueried" time="0.189" classname="com.sprhib.TestService"/>
  <testcase name="thatOrdersCanBeAddedAndQueried" time="0.193" classname="com.sprhib.TestService">
    <failure type="org.springframework.web.client.ResourceAccessException" message="I/O error on GET request for &quot;http://localhost:8080/spr-mvc-hib/convertation/-110/EUR/USD&quot;:No buffer space available (maximum connections reached?): connect; nested exception is java.net.SocketException: No buffer space available (maximum connections reached?): connect">
      <![CDATA[org.springframework.web.client.ResourceAccessException: I/O error on GET request for "http://localhost:8080/spr-mvc-hib/convertation/-110/EUR/USD":No buffer space available (maximum connections reached?): connect; nested exception is java.net.SocketException: No buffer space available (maximum connections reached?): connect
	at org.springframework.web.client.RestTemplate.doExecute(RestTemplate.java:543)
	at org.springframework.web.client.RestTemplate.execute(RestTemplate.java:489)
	at org.springframework.web.client.RestTemplate.getForEntity(RestTemplate.java:250)
	at com.sprhib.TestService.thatOrdersCanBeAddedAndQueried(TestService.java:26)
	at sun.reflect.GeneratedMethodAccessor3.invoke(Unknown Source)
	at sun.reflect.DelegatingMethodAccessorImpl.invoke(DelegatingMethodAccessorImpl.java:43)
	at java.lang.reflect.Method.invoke(Method.java:606)
	at org.testng.internal.MethodInvocationHelper.invokeMethod(MethodInvocationHelper.java:84)
	at org.testng.internal.Invoker.invokeMethod(Invoker.java:714)
	at org.testng.internal.Invoker.invokeTestMethod(Invoker.java:901)
	at org.testng.internal.Invoker.invokeTestMethods(Invoker.java:1231)
	at org.testng.internal.TestMethodWorker.invokeTestMethods(TestMethodWorker.java:127)
	at org.testng.internal.TestMethodWorker.run(TestMethodWorker.java:111)
	at org.testng.internal.thread.ThreadUtil$2.call(ThreadUtil.java:64)
	at java.util.concurrent.FutureTask.run(FutureTask.java:262)
	at java.util.concurrent.ThreadPoolExecutor.runWorker(ThreadPoolExecutor.java:1145)
	at java.util.concurrent.ThreadPoolExecutor$Worker.run(ThreadPoolExecutor.java:615)
	at java.lang.Thread.run(Thread.java:745)
Caused by: java.net.SocketException: No buffer space available (maximum connections reached?): connect
	at java.net.DualStackPlainSocketImpl.connect0(Native Method)
	at java.net.DualStackPlainSocketImpl.socketConnect(DualStackPlainSocketImpl.java:79)
	at java.net.AbstractPlainSocketImpl.doConnect(AbstractPlainSocketImpl.java:339)
	at java.net.AbstractPlainSocketImpl.connectToAddress(AbstractPlainSocketImpl.java:200)
	at java.net.AbstractPlainSocketImpl.connect(AbstractPlainSocketImpl.java:182)
	at java.net.PlainSocketImpl.connect(PlainSocketImpl.java:172)
	at java.net.SocksSocketImpl.connect(SocksSocketImpl.java:392)
	at java.net.Socket.connect(Socket.java:579)
	at java.net.Socket.connect(Socket.java:528)
	at sun.net.NetworkClient.doConnect(NetworkClient.java:180)
	at sun.net.www.http.HttpClient.openServer(HttpClient.java:432)
	at sun.net.www.http.HttpClient.openServer(HttpClient.java:527)
	at sun.net.www.http.HttpClient.<init>(HttpClient.java:211)
	at sun.net.www.http.HttpClient.New(HttpClient.java:308)
	at sun.net.www.http.HttpClient.New(HttpClient.java:326)
	at sun.net.www.protocol.http.HttpURLConnection.getNewHttpClient(HttpURLConnection.java:996)
	at sun.net.www.protocol.http.HttpURLConnection.plainConnect(HttpURLConnection.java:932)
	at sun.net.www.protocol.http.HttpURLConnection.connect(HttpURLConnection.java:850)
	at org.springframework.http.client.SimpleBufferingClientHttpRequest.executeInternal(SimpleBufferingClientHttpRequest.java:78)
	at org.springframework.http.client.AbstractBufferingClientHttpRequest.executeInternal(AbstractBufferingClientHttpRequest.java:46)
	at org.springframework.http.client.AbstractClientHttpRequest.execute(AbstractClientHttpRequest.java:52)
	at org.springframework.web.client.RestTemplate.doExecute(RestTemplate.java:527)
	... 17 more
]]>
    </failure>
  </testcase> <!-- thatOrdersCanBeAddedAndQueried -->
  <testcase name="thatOrdersCanBeAddedAndQueried" time="0.216" classname="com.sprhib.TestService"/>
  <testcase name="thatOrdersCanBeAddedAndQueried" time="0.187" classname="com.sprhib.TestService"/>
  <testcase name="thatOrdersCanBeAddedAndQueried" time="0.261" classname="com.sprhib.TestService"/>
  <testcase name="thatOrdersCanBeAddedAndQueried" time="0.158" classname="com.sprhib.TestService"/>
  <testcase name="thatOrdersCanBeAddedAndQueried" time="0.032" classname="com.sprhib.TestService">
    <failure type="org.springframework.web.client.ResourceAccessException" message="I/O error on GET request for &quot;http://localhost:8080/spr-mvc-hib/convertation/-110/EUR/USD&quot;:No buffer space available (maximum connections reached?): connect; nested exception is java.net.SocketException: No buffer space available (maximum connections reached?): connect">
      <![CDATA[org.springframework.web.client.ResourceAccessException: I/O error on GET request for "http://localhost:8080/spr-mvc-hib/convertation/-110/EUR/USD":No buffer space available (maximum connections reached?): connect; nested exception is java.net.SocketException: No buffer space available (maximum connections reached?): connect
	at org.springframework.web.client.RestTemplate.doExecute(RestTemplate.java:543)
	at org.springframework.web.client.RestTemplate.execute(RestTemplate.java:489)
	at org.springframework.web.client.RestTemplate.getForEntity(RestTemplate.java:250)
	at com.sprhib.TestService.thatOrdersCanBeAddedAndQueried(TestService.java:26)
	at sun.reflect.GeneratedMethodAccessor3.invoke(Unknown Source)
	at sun.reflect.DelegatingMethodAccessorImpl.invoke(DelegatingMethodAccessorImpl.java:43)
	at java.lang.reflect.Method.invoke(Method.java:606)
	at org.testng.internal.MethodInvocationHelper.invokeMethod(MethodInvocationHelper.java:84)
	at org.testng.internal.Invoker.invokeMethod(Invoker.java:714)
	at org.testng.internal.Invoker.invokeTestMethod(Invoker.java:901)
	at org.testng.internal.Invoker.invokeTestMethods(Invoker.java:1231)
	at org.testng.internal.TestMethodWorker.invokeTestMethods(TestMethodWorker.java:127)
	at org.testng.internal.TestMethodWorker.run(TestMethodWorker.java:111)
	at org.testng.internal.thread.ThreadUtil$2.call(ThreadUtil.java:64)
	at java.util.concurrent.FutureTask.run(FutureTask.java:262)
	at java.util.concurrent.ThreadPoolExecutor.runWorker(ThreadPoolExecutor.java:1145)
	at java.util.concurrent.ThreadPoolExecutor$Worker.run(ThreadPoolExecutor.java:615)
	at java.lang.Thread.run(Thread.java:745)
Caused by: java.net.SocketException: No buffer space available (maximum connections reached?): connect
	at java.net.DualStackPlainSocketImpl.connect0(Native Method)
	at java.net.DualStackPlainSocketImpl.socketConnect(DualStackPlainSocketImpl.java:79)
	at java.net.AbstractPlainSocketImpl.doConnect(AbstractPlainSocketImpl.java:339)
	at java.net.AbstractPlainSocketImpl.connectToAddress(AbstractPlainSocketImpl.java:200)
	at java.net.AbstractPlainSocketImpl.connect(AbstractPlainSocketImpl.java:182)
	at java.net.PlainSocketImpl.connect(PlainSocketImpl.java:172)
	at java.net.SocksSocketImpl.connect(SocksSocketImpl.java:392)
	at java.net.Socket.connect(Socket.java:579)
	at java.net.Socket.connect(Socket.java:528)
	at sun.net.NetworkClient.doConnect(NetworkClient.java:180)
	at sun.net.www.http.HttpClient.openServer(HttpClient.java:432)
	at sun.net.www.http.HttpClient.openServer(HttpClient.java:527)
	at sun.net.www.http.HttpClient.<init>(HttpClient.java:211)
	at sun.net.www.http.HttpClient.New(HttpClient.java:308)
	at sun.net.www.http.HttpClient.New(HttpClient.java:326)
	at sun.net.www.protocol.http.HttpURLConnection.getNewHttpClient(HttpURLConnection.java:996)
	at sun.net.www.protocol.http.HttpURLConnection.plainConnect(HttpURLConnection.java:932)
	at sun.net.www.protocol.http.HttpURLConnection.connect(HttpURLConnection.java:850)
	at org.springframework.http.client.SimpleBufferingClientHttpRequest.executeInternal(SimpleBufferingClientHttpRequest.java:78)
	at org.springframework.http.client.AbstractBufferingClientHttpRequest.executeInternal(AbstractBufferingClientHttpRequest.java:46)
	at org.springframework.http.client.AbstractClientHttpRequest.execute(AbstractClientHttpRequest.java:52)
	at org.springframework.web.client.RestTemplate.doExecute(RestTemplate.java:527)
	... 17 more
]]>
    </failure>
  </testcase> <!-- thatOrdersCanBeAddedAndQueried -->
  <testcase name="thatOrdersCanBeAddedAndQueried" time="0.172" classname="com.sprhib.TestService"/>
  <testcase name="thatOrdersCanBeAddedAndQueried" time="0.443" classname="com.sprhib.TestService"/>
  <testcase name="thatOrdersCanBeAddedAndQueried" time="0.245" classname="com.sprhib.TestService"/>
  <testcase name="thatOrdersCanBeAddedAndQueried" time="0.194" classname="com.sprhib.TestService"/>
  <testcase name="thatOrdersCanBeAddedAndQueried" time="0.240" classname="com.sprhib.TestService"/>
  <testcase name="thatOrdersCanBeAddedAndQueried" time="0.184" classname="com.sprhib.TestService"/>
  <testcase name="thatOrdersCanBeAddedAndQueried" time="0.012" classname="com.sprhib.TestService">
    <failure type="org.springframework.web.client.ResourceAccessException" message="I/O error on GET request for &quot;http://localhost:8080/spr-mvc-hib/convertation/-110/EUR/USD&quot;:No buffer space available (maximum connections reached?): connect; nested exception is java.net.SocketException: No buffer space available (maximum connections reached?): connect">
      <![CDATA[org.springframework.web.client.ResourceAccessException: I/O error on GET request for "http://localhost:8080/spr-mvc-hib/convertation/-110/EUR/USD":No buffer space available (maximum connections reached?): connect; nested exception is java.net.SocketException: No buffer space available (maximum connections reached?): connect
	at org.springframework.web.client.RestTemplate.doExecute(RestTemplate.java:543)
	at org.springframework.web.client.RestTemplate.execute(RestTemplate.java:489)
	at org.springframework.web.client.RestTemplate.getForEntity(RestTemplate.java:250)
	at com.sprhib.TestService.thatOrdersCanBeAddedAndQueried(TestService.java:26)
	at sun.reflect.GeneratedMethodAccessor3.invoke(Unknown Source)
	at sun.reflect.DelegatingMethodAccessorImpl.invoke(DelegatingMethodAccessorImpl.java:43)
	at java.lang.reflect.Method.invoke(Method.java:606)
	at org.testng.internal.MethodInvocationHelper.invokeMethod(MethodInvocationHelper.java:84)
	at org.testng.internal.Invoker.invokeMethod(Invoker.java:714)
	at org.testng.internal.Invoker.invokeTestMethod(Invoker.java:901)
	at org.testng.internal.Invoker.invokeTestMethods(Invoker.java:1231)
	at org.testng.internal.TestMethodWorker.invokeTestMethods(TestMethodWorker.java:127)
	at org.testng.internal.TestMethodWorker.run(TestMethodWorker.java:111)
	at org.testng.internal.thread.ThreadUtil$2.call(ThreadUtil.java:64)
	at java.util.concurrent.FutureTask.run(FutureTask.java:262)
	at java.util.concurrent.ThreadPoolExecutor.runWorker(ThreadPoolExecutor.java:1145)
	at java.util.concurrent.ThreadPoolExecutor$Worker.run(ThreadPoolExecutor.java:615)
	at java.lang.Thread.run(Thread.java:745)
Caused by: java.net.SocketException: No buffer space available (maximum connections reached?): connect
	at java.net.DualStackPlainSocketImpl.connect0(Native Method)
	at java.net.DualStackPlainSocketImpl.socketConnect(DualStackPlainSocketImpl.java:79)
	at java.net.AbstractPlainSocketImpl.doConnect(AbstractPlainSocketImpl.java:339)
	at java.net.AbstractPlainSocketImpl.connectToAddress(AbstractPlainSocketImpl.java:200)
	at java.net.AbstractPlainSocketImpl.connect(AbstractPlainSocketImpl.java:182)
	at java.net.PlainSocketImpl.connect(PlainSocketImpl.java:172)
	at java.net.SocksSocketImpl.connect(SocksSocketImpl.java:392)
	at java.net.Socket.connect(Socket.java:579)
	at java.net.Socket.connect(Socket.java:528)
	at sun.net.NetworkClient.doConnect(NetworkClient.java:180)
	at sun.net.www.http.HttpClient.openServer(HttpClient.java:432)
	at sun.net.www.http.HttpClient.openServer(HttpClient.java:527)
	at sun.net.www.http.HttpClient.<init>(HttpClient.java:211)
	at sun.net.www.http.HttpClient.New(HttpClient.java:308)
	at sun.net.www.http.HttpClient.New(HttpClient.java:326)
	at sun.net.www.protocol.http.HttpURLConnection.getNewHttpClient(HttpURLConnection.java:996)
	at sun.net.www.protocol.http.HttpURLConnection.plainConnect(HttpURLConnection.java:932)
	at sun.net.www.protocol.http.HttpURLConnection.connect(HttpURLConnection.java:850)
	at org.springframework.http.client.SimpleBufferingClientHttpRequest.executeInternal(SimpleBufferingClientHttpRequest.java:78)
	at org.springframework.http.client.AbstractBufferingClientHttpRequest.executeInternal(AbstractBufferingClientHttpRequest.java:46)
	at org.springframework.http.client.AbstractClientHttpRequest.execute(AbstractClientHttpRequest.java:52)
	at org.springframework.web.client.RestTemplate.doExecute(RestTemplate.java:527)
	... 17 more
]]>
    </failure>
  </testcase> <!-- thatOrdersCanBeAddedAndQueried -->
  <testcase name="thatOrdersCanBeAddedAndQueried" time="0.252" classname="com.sprhib.TestService"/>
  <testcase name="thatOrdersCanBeAddedAndQueried" time="0.114" classname="com.sprhib.TestService"/>
  <testcase name="thatOrdersCanBeAddedAndQueried" time="0.183" classname="com.sprhib.TestService"/>
  <testcase name="thatOrdersCanBeAddedAndQueried" time="0.184" classname="com.sprhib.TestService"/>
  <testcase name="thatOrdersCanBeAddedAndQueried" time="0.165" classname="com.sprhib.TestService"/>
  <testcase name="thatOrdersCanBeAddedAndQueried" time="0.220" classname="com.sprhib.TestService"/>
  <testcase name="thatOrdersCanBeAddedAndQueried" time="0.177" classname="com.sprhib.TestService"/>
  <testcase name="thatOrdersCanBeAddedAndQueried" time="0.143" classname="com.sprhib.TestService"/>
  <testcase name="thatOrdersCanBeAddedAndQueried" time="0.295" classname="com.sprhib.TestService"/>
  <testcase name="thatOrdersCanBeAddedAndQueried" time="0.244" classname="com.sprhib.TestService"/>
  <testcase name="thatOrdersCanBeAddedAndQueried" time="0.307" classname="com.sprhib.TestService"/>
  <testcase name="thatOrdersCanBeAddedAndQueried" time="0.163" classname="com.sprhib.TestService"/>
  <testcase name="thatOrdersCanBeAddedAndQueried" time="0.181" classname="com.sprhib.TestService"/>
  <testcase name="thatOrdersCanBeAddedAndQueried" time="0.433" classname="com.sprhib.TestService"/>
  <testcase name="thatOrdersCanBeAddedAndQueried" time="0.168" classname="com.sprhib.TestService"/>
  <testcase name="thatOrdersCanBeAddedAndQueried" time="0.219" classname="com.sprhib.TestService"/>
  <testcase name="thatOrdersCanBeAddedAndQueried" time="0.263" classname="com.sprhib.TestService"/>
  <testcase name="thatOrdersCanBeAddedAndQueried" time="0.152" classname="com.sprhib.TestService"/>
  <testcase name="thatOrdersCanBeAddedAndQueried" time="0.097" classname="com.sprhib.TestService"/>
  <testcase name="thatOrdersCanBeAddedAndQueried" time="0.135" classname="com.sprhib.TestService"/>
  <testcase name="thatOrdersCanBeAddedAndQueried" time="0.165" classname="com.sprhib.TestService"/>
  <testcase name="thatOrdersCanBeAddedAndQueried" time="0.192" classname="com.sprhib.TestService"/>
  <testcase name="thatOrdersCanBeAddedAndQueried" time="0.141" classname="com.sprhib.TestService"/>
  <testcase name="thatOrdersCanBeAddedAndQueried" time="0.153" classname="com.sprhib.TestService"/>
  <testcase name="thatOrdersCanBeAddedAndQueried" time="0.144" classname="com.sprhib.TestService"/>
  <testcase name="thatOrdersCanBeAddedAndQueried" time="0.177" classname="com.sprhib.TestService"/>
  <testcase name="thatOrdersCanBeAddedAndQueried" time="0.169" classname="com.sprhib.TestService"/>
  <testcase name="thatOrdersCanBeAddedAndQueried" time="0.244" classname="com.sprhib.TestService"/>
  <testcase name="thatOrdersCanBeAddedAndQueried" time="0.178" classname="com.sprhib.TestService"/>
  <testcase name="thatOrdersCanBeAddedAndQueried" time="0.174" classname="com.sprhib.TestService"/>
  <testcase name="thatOrdersCanBeAddedAndQueried" time="0.191" classname="com.sprhib.TestService"/>
  <testcase name="thatOrdersCanBeAddedAndQueried" time="0.114" classname="com.sprhib.TestService"/>
  <testcase name="thatOrdersCanBeAddedAndQueried" time="0.153" classname="com.sprhib.TestService"/>
  <testcase name="thatOrdersCanBeAddedAndQueried" time="0.269" classname="com.sprhib.TestService"/>
  <testcase name="thatOrdersCanBeAddedAndQueried" time="0.088" classname="com.sprhib.TestService">
    <failure type="org.springframework.web.client.ResourceAccessException" message="I/O error on GET request for &quot;http://localhost:8080/spr-mvc-hib/convertation/-110/EUR/USD&quot;:No buffer space available (maximum connections reached?): connect; nested exception is java.net.SocketException: No buffer space available (maximum connections reached?): connect">
      <![CDATA[org.springframework.web.client.ResourceAccessException: I/O error on GET request for "http://localhost:8080/spr-mvc-hib/convertation/-110/EUR/USD":No buffer space available (maximum connections reached?): connect; nested exception is java.net.SocketException: No buffer space available (maximum connections reached?): connect
	at org.springframework.web.client.RestTemplate.doExecute(RestTemplate.java:543)
	at org.springframework.web.client.RestTemplate.execute(RestTemplate.java:489)
	at org.springframework.web.client.RestTemplate.getForEntity(RestTemplate.java:250)
	at com.sprhib.TestService.thatOrdersCanBeAddedAndQueried(TestService.java:26)
	at sun.reflect.GeneratedMethodAccessor3.invoke(Unknown Source)
	at sun.reflect.DelegatingMethodAccessorImpl.invoke(DelegatingMethodAccessorImpl.java:43)
	at java.lang.reflect.Method.invoke(Method.java:606)
	at org.testng.internal.MethodInvocationHelper.invokeMethod(MethodInvocationHelper.java:84)
	at org.testng.internal.Invoker.invokeMethod(Invoker.java:714)
	at org.testng.internal.Invoker.invokeTestMethod(Invoker.java:901)
	at org.testng.internal.Invoker.invokeTestMethods(Invoker.java:1231)
	at org.testng.internal.TestMethodWorker.invokeTestMethods(TestMethodWorker.java:127)
	at org.testng.internal.TestMethodWorker.run(TestMethodWorker.java:111)
	at org.testng.internal.thread.ThreadUtil$2.call(ThreadUtil.java:64)
	at java.util.concurrent.FutureTask.run(FutureTask.java:262)
	at java.util.concurrent.ThreadPoolExecutor.runWorker(ThreadPoolExecutor.java:1145)
	at java.util.concurrent.ThreadPoolExecutor$Worker.run(ThreadPoolExecutor.java:615)
	at java.lang.Thread.run(Thread.java:745)
Caused by: java.net.SocketException: No buffer space available (maximum connections reached?): connect
	at java.net.DualStackPlainSocketImpl.connect0(Native Method)
	at java.net.DualStackPlainSocketImpl.socketConnect(DualStackPlainSocketImpl.java:79)
	at java.net.AbstractPlainSocketImpl.doConnect(AbstractPlainSocketImpl.java:339)
	at java.net.AbstractPlainSocketImpl.connectToAddress(AbstractPlainSocketImpl.java:200)
	at java.net.AbstractPlainSocketImpl.connect(AbstractPlainSocketImpl.java:182)
	at java.net.PlainSocketImpl.connect(PlainSocketImpl.java:172)
	at java.net.SocksSocketImpl.connect(SocksSocketImpl.java:392)
	at java.net.Socket.connect(Socket.java:579)
	at java.net.Socket.connect(Socket.java:528)
	at sun.net.NetworkClient.doConnect(NetworkClient.java:180)
	at sun.net.www.http.HttpClient.openServer(HttpClient.java:432)
	at sun.net.www.http.HttpClient.openServer(HttpClient.java:527)
	at sun.net.www.http.HttpClient.<init>(HttpClient.java:211)
	at sun.net.www.http.HttpClient.New(HttpClient.java:308)
	at sun.net.www.http.HttpClient.New(HttpClient.java:326)
	at sun.net.www.protocol.http.HttpURLConnection.getNewHttpClient(HttpURLConnection.java:996)
	at sun.net.www.protocol.http.HttpURLConnection.plainConnect(HttpURLConnection.java:932)
	at sun.net.www.protocol.http.HttpURLConnection.connect(HttpURLConnection.java:850)
	at org.springframework.http.client.SimpleBufferingClientHttpRequest.executeInternal(SimpleBufferingClientHttpRequest.java:78)
	at org.springframework.http.client.AbstractBufferingClientHttpRequest.executeInternal(AbstractBufferingClientHttpRequest.java:46)
	at org.springframework.http.client.AbstractClientHttpRequest.execute(AbstractClientHttpRequest.java:52)
	at org.springframework.web.client.RestTemplate.doExecute(RestTemplate.java:527)
	... 17 more
]]>
    </failure>
  </testcase> <!-- thatOrdersCanBeAddedAndQueried -->
  <testcase name="thatOrdersCanBeAddedAndQueried" time="0.196" classname="com.sprhib.TestService"/>
  <testcase name="thatOrdersCanBeAddedAndQueried" time="0.128" classname="com.sprhib.TestService"/>
  <testcase name="thatOrdersCanBeAddedAndQueried" time="0.132" classname="com.sprhib.TestService"/>
  <testcase name="thatOrdersCanBeAddedAndQueried" time="0.172" classname="com.sprhib.TestService"/>
  <testcase name="thatOrdersCanBeAddedAndQueried" time="0.292" classname="com.sprhib.TestService"/>
  <testcase name="thatOrdersCanBeAddedAndQueried" time="0.189" classname="com.sprhib.TestService"/>
  <testcase name="thatOrdersCanBeAddedAndQueried" time="0.171" classname="com.sprhib.TestService"/>
  <testcase name="thatOrdersCanBeAddedAndQueried" time="0.169" classname="com.sprhib.TestService"/>
  <testcase name="thatOrdersCanBeAddedAndQueried" time="0.108" classname="com.sprhib.TestService">
    <failure type="org.springframework.web.client.ResourceAccessException" message="I/O error on GET request for &quot;http://localhost:8080/spr-mvc-hib/convertation/-110/EUR/USD&quot;:No buffer space available (maximum connections reached?): connect; nested exception is java.net.SocketException: No buffer space available (maximum connections reached?): connect">
      <![CDATA[org.springframework.web.client.ResourceAccessException: I/O error on GET request for "http://localhost:8080/spr-mvc-hib/convertation/-110/EUR/USD":No buffer space available (maximum connections reached?): connect; nested exception is java.net.SocketException: No buffer space available (maximum connections reached?): connect
	at org.springframework.web.client.RestTemplate.doExecute(RestTemplate.java:543)
	at org.springframework.web.client.RestTemplate.execute(RestTemplate.java:489)
	at org.springframework.web.client.RestTemplate.getForEntity(RestTemplate.java:250)
	at com.sprhib.TestService.thatOrdersCanBeAddedAndQueried(TestService.java:26)
	at sun.reflect.GeneratedMethodAccessor3.invoke(Unknown Source)
	at sun.reflect.DelegatingMethodAccessorImpl.invoke(DelegatingMethodAccessorImpl.java:43)
	at java.lang.reflect.Method.invoke(Method.java:606)
	at org.testng.internal.MethodInvocationHelper.invokeMethod(MethodInvocationHelper.java:84)
	at org.testng.internal.Invoker.invokeMethod(Invoker.java:714)
	at org.testng.internal.Invoker.invokeTestMethod(Invoker.java:901)
	at org.testng.internal.Invoker.invokeTestMethods(Invoker.java:1231)
	at org.testng.internal.TestMethodWorker.invokeTestMethods(TestMethodWorker.java:127)
	at org.testng.internal.TestMethodWorker.run(TestMethodWorker.java:111)
	at org.testng.internal.thread.ThreadUtil$2.call(ThreadUtil.java:64)
	at java.util.concurrent.FutureTask.run(FutureTask.java:262)
	at java.util.concurrent.ThreadPoolExecutor.runWorker(ThreadPoolExecutor.java:1145)
	at java.util.concurrent.ThreadPoolExecutor$Worker.run(ThreadPoolExecutor.java:615)
	at java.lang.Thread.run(Thread.java:745)
Caused by: java.net.SocketException: No buffer space available (maximum connections reached?): connect
	at java.net.DualStackPlainSocketImpl.connect0(Native Method)
	at java.net.DualStackPlainSocketImpl.socketConnect(DualStackPlainSocketImpl.java:79)
	at java.net.AbstractPlainSocketImpl.doConnect(AbstractPlainSocketImpl.java:339)
	at java.net.AbstractPlainSocketImpl.connectToAddress(AbstractPlainSocketImpl.java:200)
	at java.net.AbstractPlainSocketImpl.connect(AbstractPlainSocketImpl.java:182)
	at java.net.PlainSocketImpl.connect(PlainSocketImpl.java:172)
	at java.net.SocksSocketImpl.connect(SocksSocketImpl.java:392)
	at java.net.Socket.connect(Socket.java:579)
	at java.net.Socket.connect(Socket.java:528)
	at sun.net.NetworkClient.doConnect(NetworkClient.java:180)
	at sun.net.www.http.HttpClient.openServer(HttpClient.java:432)
	at sun.net.www.http.HttpClient.openServer(HttpClient.java:527)
	at sun.net.www.http.HttpClient.<init>(HttpClient.java:211)
	at sun.net.www.http.HttpClient.New(HttpClient.java:308)
	at sun.net.www.http.HttpClient.New(HttpClient.java:326)
	at sun.net.www.protocol.http.HttpURLConnection.getNewHttpClient(HttpURLConnection.java:996)
	at sun.net.www.protocol.http.HttpURLConnection.plainConnect(HttpURLConnection.java:932)
	at sun.net.www.protocol.http.HttpURLConnection.connect(HttpURLConnection.java:850)
	at org.springframework.http.client.SimpleBufferingClientHttpRequest.executeInternal(SimpleBufferingClientHttpRequest.java:78)
	at org.springframework.http.client.AbstractBufferingClientHttpRequest.executeInternal(AbstractBufferingClientHttpRequest.java:46)
	at org.springframework.http.client.AbstractClientHttpRequest.execute(AbstractClientHttpRequest.java:52)
	at org.springframework.web.client.RestTemplate.doExecute(RestTemplate.java:527)
	... 17 more
]]>
    </failure>
  </testcase> <!-- thatOrdersCanBeAddedAndQueried -->
  <testcase name="thatOrdersCanBeAddedAndQueried" time="0.160" classname="com.sprhib.TestService"/>
  <testcase name="thatOrdersCanBeAddedAndQueried" time="0.221" classname="com.sprhib.TestService"/>
  <testcase name="thatOrdersCanBeAddedAndQueried" time="0.142" classname="com.sprhib.TestService"/>
  <testcase name="thatOrdersCanBeAddedAndQueried" time="0.190" classname="com.sprhib.TestService"/>
  <testcase name="thatOrdersCanBeAddedAndQueried" time="0.309" classname="com.sprhib.TestService"/>
  <testcase name="thatOrdersCanBeAddedAndQueried" time="0.108" classname="com.sprhib.TestService"/>
  <testcase name="thatOrdersCanBeAddedAndQueried" time="0.168" classname="com.sprhib.TestService"/>
  <testcase name="thatOrdersCanBeAddedAndQueried" time="0.226" classname="com.sprhib.TestService"/>
  <testcase name="thatOrdersCanBeAddedAndQueried" time="0.248" classname="com.sprhib.TestService"/>
  <testcase name="thatOrdersCanBeAddedAndQueried" time="0.158" classname="com.sprhib.TestService"/>
  <testcase name="thatOrdersCanBeAddedAndQueried" time="0.179" classname="com.sprhib.TestService"/>
  <testcase name="thatOrdersCanBeAddedAndQueried" time="0.242" classname="com.sprhib.TestService"/>
  <testcase name="thatOrdersCanBeAddedAndQueried" time="0.181" classname="com.sprhib.TestService"/>
  <testcase name="thatOrdersCanBeAddedAndQueried" time="0.127" classname="com.sprhib.TestService"/>
  <testcase name="thatOrdersCanBeAddedAndQueried" time="0.270" classname="com.sprhib.TestService"/>
  <testcase name="thatOrdersCanBeAddedAndQueried" time="0.257" classname="com.sprhib.TestService"/>
  <testcase name="thatOrdersCanBeAddedAndQueried" time="0.142" classname="com.sprhib.TestService"/>
  <testcase name="thatOrdersCanBeAddedAndQueried" time="0.182" classname="com.sprhib.TestService"/>
  <testcase name="thatOrdersCanBeAddedAndQueried" time="0.127" classname="com.sprhib.TestService"/>
  <testcase name="thatOrdersCanBeAddedAndQueried" time="0.358" classname="com.sprhib.TestService"/>
  <testcase name="thatOrdersCanBeAddedAndQueried" time="0.150" classname="com.sprhib.TestService"/>
  <testcase name="thatOrdersCanBeAddedAndQueried" time="0.121" classname="com.sprhib.TestService"/>
  <testcase name="thatOrdersCanBeAddedAndQueried" time="0.200" classname="com.sprhib.TestService"/>
  <testcase name="thatOrdersCanBeAddedAndQueried" time="0.170" classname="com.sprhib.TestService"/>
  <testcase name="thatOrdersCanBeAddedAndQueried" time="0.336" classname="com.sprhib.TestService"/>
  <testcase name="thatOrdersCanBeAddedAndQueried" time="0.174" classname="com.sprhib.TestService"/>
  <testcase name="thatOrdersCanBeAddedAndQueried" time="0.137" classname="com.sprhib.TestService"/>
  <testcase name="thatOrdersCanBeAddedAndQueried" time="0.198" classname="com.sprhib.TestService"/>
  <testcase name="thatOrdersCanBeAddedAndQueried" time="0.290" classname="com.sprhib.TestService"/>
  <testcase name="thatOrdersCanBeAddedAndQueried" time="0.123" classname="com.sprhib.TestService"/>
  <testcase name="thatOrdersCanBeAddedAndQueried" time="0.160" classname="com.sprhib.TestService"/>
  <testcase name="thatOrdersCanBeAddedAndQueried" time="0.012" classname="com.sprhib.TestService">
    <failure type="org.springframework.web.client.ResourceAccessException" message="I/O error on GET request for &quot;http://localhost:8080/spr-mvc-hib/convertation/-110/EUR/USD&quot;:No buffer space available (maximum connections reached?): connect; nested exception is java.net.SocketException: No buffer space available (maximum connections reached?): connect">
      <![CDATA[org.springframework.web.client.ResourceAccessException: I/O error on GET request for "http://localhost:8080/spr-mvc-hib/convertation/-110/EUR/USD":No buffer space available (maximum connections reached?): connect; nested exception is java.net.SocketException: No buffer space available (maximum connections reached?): connect
	at org.springframework.web.client.RestTemplate.doExecute(RestTemplate.java:543)
	at org.springframework.web.client.RestTemplate.execute(RestTemplate.java:489)
	at org.springframework.web.client.RestTemplate.getForEntity(RestTemplate.java:250)
	at com.sprhib.TestService.thatOrdersCanBeAddedAndQueried(TestService.java:26)
	at sun.reflect.GeneratedMethodAccessor3.invoke(Unknown Source)
	at sun.reflect.DelegatingMethodAccessorImpl.invoke(DelegatingMethodAccessorImpl.java:43)
	at java.lang.reflect.Method.invoke(Method.java:606)
	at org.testng.internal.MethodInvocationHelper.invokeMethod(MethodInvocationHelper.java:84)
	at org.testng.internal.Invoker.invokeMethod(Invoker.java:714)
	at org.testng.internal.Invoker.invokeTestMethod(Invoker.java:901)
	at org.testng.internal.Invoker.invokeTestMethods(Invoker.java:1231)
	at org.testng.internal.TestMethodWorker.invokeTestMethods(TestMethodWorker.java:127)
	at org.testng.internal.TestMethodWorker.run(TestMethodWorker.java:111)
	at org.testng.internal.thread.ThreadUtil$2.call(ThreadUtil.java:64)
	at java.util.concurrent.FutureTask.run(FutureTask.java:262)
	at java.util.concurrent.ThreadPoolExecutor.runWorker(ThreadPoolExecutor.java:1145)
	at java.util.concurrent.ThreadPoolExecutor$Worker.run(ThreadPoolExecutor.java:615)
	at java.lang.Thread.run(Thread.java:745)
Caused by: java.net.SocketException: No buffer space available (maximum connections reached?): connect
	at java.net.DualStackPlainSocketImpl.connect0(Native Method)
	at java.net.DualStackPlainSocketImpl.socketConnect(DualStackPlainSocketImpl.java:79)
	at java.net.AbstractPlainSocketImpl.doConnect(AbstractPlainSocketImpl.java:339)
	at java.net.AbstractPlainSocketImpl.connectToAddress(AbstractPlainSocketImpl.java:200)
	at java.net.AbstractPlainSocketImpl.connect(AbstractPlainSocketImpl.java:182)
	at java.net.PlainSocketImpl.connect(PlainSocketImpl.java:172)
	at java.net.SocksSocketImpl.connect(SocksSocketImpl.java:392)
	at java.net.Socket.connect(Socket.java:579)
	at java.net.Socket.connect(Socket.java:528)
	at sun.net.NetworkClient.doConnect(NetworkClient.java:180)
	at sun.net.www.http.HttpClient.openServer(HttpClient.java:432)
	at sun.net.www.http.HttpClient.openServer(HttpClient.java:527)
	at sun.net.www.http.HttpClient.<init>(HttpClient.java:211)
	at sun.net.www.http.HttpClient.New(HttpClient.java:308)
	at sun.net.www.http.HttpClient.New(HttpClient.java:326)
	at sun.net.www.protocol.http.HttpURLConnection.getNewHttpClient(HttpURLConnection.java:996)
	at sun.net.www.protocol.http.HttpURLConnection.plainConnect(HttpURLConnection.java:932)
	at sun.net.www.protocol.http.HttpURLConnection.connect(HttpURLConnection.java:850)
	at org.springframework.http.client.SimpleBufferingClientHttpRequest.executeInternal(SimpleBufferingClientHttpRequest.java:78)
	at org.springframework.http.client.AbstractBufferingClientHttpRequest.executeInternal(AbstractBufferingClientHttpRequest.java:46)
	at org.springframework.http.client.AbstractClientHttpRequest.execute(AbstractClientHttpRequest.java:52)
	at org.springframework.web.client.RestTemplate.doExecute(RestTemplate.java:527)
	... 17 more
]]>
    </failure>
  </testcase> <!-- thatOrdersCanBeAddedAndQueried -->
  <testcase name="thatOrdersCanBeAddedAndQueried" time="0.200" classname="com.sprhib.TestService"/>
  <testcase name="thatOrdersCanBeAddedAndQueried" time="0.137" classname="com.sprhib.TestService"/>
  <testcase name="thatOrdersCanBeAddedAndQueried" time="0.137" classname="com.sprhib.TestService"/>
  <testcase name="thatOrdersCanBeAddedAndQueried" time="0.030" classname="com.sprhib.TestService">
    <failure type="org.springframework.web.client.ResourceAccessException" message="I/O error on GET request for &quot;http://localhost:8080/spr-mvc-hib/convertation/-110/EUR/USD&quot;:No buffer space available (maximum connections reached?): connect; nested exception is java.net.SocketException: No buffer space available (maximum connections reached?): connect">
      <![CDATA[org.springframework.web.client.ResourceAccessException: I/O error on GET request for "http://localhost:8080/spr-mvc-hib/convertation/-110/EUR/USD":No buffer space available (maximum connections reached?): connect; nested exception is java.net.SocketException: No buffer space available (maximum connections reached?): connect
	at org.springframework.web.client.RestTemplate.doExecute(RestTemplate.java:543)
	at org.springframework.web.client.RestTemplate.execute(RestTemplate.java:489)
	at org.springframework.web.client.RestTemplate.getForEntity(RestTemplate.java:250)
	at com.sprhib.TestService.thatOrdersCanBeAddedAndQueried(TestService.java:26)
	at sun.reflect.GeneratedMethodAccessor3.invoke(Unknown Source)
	at sun.reflect.DelegatingMethodAccessorImpl.invoke(DelegatingMethodAccessorImpl.java:43)
	at java.lang.reflect.Method.invoke(Method.java:606)
	at org.testng.internal.MethodInvocationHelper.invokeMethod(MethodInvocationHelper.java:84)
	at org.testng.internal.Invoker.invokeMethod(Invoker.java:714)
	at org.testng.internal.Invoker.invokeTestMethod(Invoker.java:901)
	at org.testng.internal.Invoker.invokeTestMethods(Invoker.java:1231)
	at org.testng.internal.TestMethodWorker.invokeTestMethods(TestMethodWorker.java:127)
	at org.testng.internal.TestMethodWorker.run(TestMethodWorker.java:111)
	at org.testng.internal.thread.ThreadUtil$2.call(ThreadUtil.java:64)
	at java.util.concurrent.FutureTask.run(FutureTask.java:262)
	at java.util.concurrent.ThreadPoolExecutor.runWorker(ThreadPoolExecutor.java:1145)
	at java.util.concurrent.ThreadPoolExecutor$Worker.run(ThreadPoolExecutor.java:615)
	at java.lang.Thread.run(Thread.java:745)
Caused by: java.net.SocketException: No buffer space available (maximum connections reached?): connect
	at java.net.DualStackPlainSocketImpl.connect0(Native Method)
	at java.net.DualStackPlainSocketImpl.socketConnect(DualStackPlainSocketImpl.java:79)
	at java.net.AbstractPlainSocketImpl.doConnect(AbstractPlainSocketImpl.java:339)
	at java.net.AbstractPlainSocketImpl.connectToAddress(AbstractPlainSocketImpl.java:200)
	at java.net.AbstractPlainSocketImpl.connect(AbstractPlainSocketImpl.java:182)
	at java.net.PlainSocketImpl.connect(PlainSocketImpl.java:172)
	at java.net.SocksSocketImpl.connect(SocksSocketImpl.java:392)
	at java.net.Socket.connect(Socket.java:579)
	at java.net.Socket.connect(Socket.java:528)
	at sun.net.NetworkClient.doConnect(NetworkClient.java:180)
	at sun.net.www.http.HttpClient.openServer(HttpClient.java:432)
	at sun.net.www.http.HttpClient.openServer(HttpClient.java:527)
	at sun.net.www.http.HttpClient.<init>(HttpClient.java:211)
	at sun.net.www.http.HttpClient.New(HttpClient.java:308)
	at sun.net.www.http.HttpClient.New(HttpClient.java:326)
	at sun.net.www.protocol.http.HttpURLConnection.getNewHttpClient(HttpURLConnection.java:996)
	at sun.net.www.protocol.http.HttpURLConnection.plainConnect(HttpURLConnection.java:932)
	at sun.net.www.protocol.http.HttpURLConnection.connect(HttpURLConnection.java:850)
	at org.springframework.http.client.SimpleBufferingClientHttpRequest.executeInternal(SimpleBufferingClientHttpRequest.java:78)
	at org.springframework.http.client.AbstractBufferingClientHttpRequest.executeInternal(AbstractBufferingClientHttpRequest.java:46)
	at org.springframework.http.client.AbstractClientHttpRequest.execute(AbstractClientHttpRequest.java:52)
	at org.springframework.web.client.RestTemplate.doExecute(RestTemplate.java:527)
	... 17 more
]]>
    </failure>
  </testcase> <!-- thatOrdersCanBeAddedAndQueried -->
  <testcase name="thatOrdersCanBeAddedAndQueried" time="0.189" classname="com.sprhib.TestService"/>
  <testcase name="thatOrdersCanBeAddedAndQueried" time="0.149" classname="com.sprhib.TestService"/>
  <testcase name="thatOrdersCanBeAddedAndQueried" time="0.125" classname="com.sprhib.TestService"/>
  <testcase name="thatOrdersCanBeAddedAndQueried" time="0.242" classname="com.sprhib.TestService"/>
  <testcase name="thatOrdersCanBeAddedAndQueried" time="0.250" classname="com.sprhib.TestService"/>
  <testcase name="thatOrdersCanBeAddedAndQueried" time="0.215" classname="com.sprhib.TestService"/>
  <testcase name="thatOrdersCanBeAddedAndQueried" time="0.177" classname="com.sprhib.TestService"/>
  <testcase name="thatOrdersCanBeAddedAndQueried" time="0.082" classname="com.sprhib.TestService">
    <failure type="org.springframework.web.client.ResourceAccessException" message="I/O error on GET request for &quot;http://localhost:8080/spr-mvc-hib/convertation/-110/EUR/USD&quot;:No buffer space available (maximum connections reached?): connect; nested exception is java.net.SocketException: No buffer space available (maximum connections reached?): connect">
      <![CDATA[org.springframework.web.client.ResourceAccessException: I/O error on GET request for "http://localhost:8080/spr-mvc-hib/convertation/-110/EUR/USD":No buffer space available (maximum connections reached?): connect; nested exception is java.net.SocketException: No buffer space available (maximum connections reached?): connect
	at org.springframework.web.client.RestTemplate.doExecute(RestTemplate.java:543)
	at org.springframework.web.client.RestTemplate.execute(RestTemplate.java:489)
	at org.springframework.web.client.RestTemplate.getForEntity(RestTemplate.java:250)
	at com.sprhib.TestService.thatOrdersCanBeAddedAndQueried(TestService.java:26)
	at sun.reflect.GeneratedMethodAccessor3.invoke(Unknown Source)
	at sun.reflect.DelegatingMethodAccessorImpl.invoke(DelegatingMethodAccessorImpl.java:43)
	at java.lang.reflect.Method.invoke(Method.java:606)
	at org.testng.internal.MethodInvocationHelper.invokeMethod(MethodInvocationHelper.java:84)
	at org.testng.internal.Invoker.invokeMethod(Invoker.java:714)
	at org.testng.internal.Invoker.invokeTestMethod(Invoker.java:901)
	at org.testng.internal.Invoker.invokeTestMethods(Invoker.java:1231)
	at org.testng.internal.TestMethodWorker.invokeTestMethods(TestMethodWorker.java:127)
	at org.testng.internal.TestMethodWorker.run(TestMethodWorker.java:111)
	at org.testng.internal.thread.ThreadUtil$2.call(ThreadUtil.java:64)
	at java.util.concurrent.FutureTask.run(FutureTask.java:262)
	at java.util.concurrent.ThreadPoolExecutor.runWorker(ThreadPoolExecutor.java:1145)
	at java.util.concurrent.ThreadPoolExecutor$Worker.run(ThreadPoolExecutor.java:615)
	at java.lang.Thread.run(Thread.java:745)
Caused by: java.net.SocketException: No buffer space available (maximum connections reached?): connect
	at java.net.DualStackPlainSocketImpl.connect0(Native Method)
	at java.net.DualStackPlainSocketImpl.socketConnect(DualStackPlainSocketImpl.java:79)
	at java.net.AbstractPlainSocketImpl.doConnect(AbstractPlainSocketImpl.java:339)
	at java.net.AbstractPlainSocketImpl.connectToAddress(AbstractPlainSocketImpl.java:200)
	at java.net.AbstractPlainSocketImpl.connect(AbstractPlainSocketImpl.java:182)
	at java.net.PlainSocketImpl.connect(PlainSocketImpl.java:172)
	at java.net.SocksSocketImpl.connect(SocksSocketImpl.java:392)
	at java.net.Socket.connect(Socket.java:579)
	at java.net.Socket.connect(Socket.java:528)
	at sun.net.NetworkClient.doConnect(NetworkClient.java:180)
	at sun.net.www.http.HttpClient.openServer(HttpClient.java:432)
	at sun.net.www.http.HttpClient.openServer(HttpClient.java:527)
	at sun.net.www.http.HttpClient.<init>(HttpClient.java:211)
	at sun.net.www.http.HttpClient.New(HttpClient.java:308)
	at sun.net.www.http.HttpClient.New(HttpClient.java:326)
	at sun.net.www.protocol.http.HttpURLConnection.getNewHttpClient(HttpURLConnection.java:996)
	at sun.net.www.protocol.http.HttpURLConnection.plainConnect(HttpURLConnection.java:932)
	at sun.net.www.protocol.http.HttpURLConnection.connect(HttpURLConnection.java:850)
	at org.springframework.http.client.SimpleBufferingClientHttpRequest.executeInternal(SimpleBufferingClientHttpRequest.java:78)
	at org.springframework.http.client.AbstractBufferingClientHttpRequest.executeInternal(AbstractBufferingClientHttpRequest.java:46)
	at org.springframework.http.client.AbstractClientHttpRequest.execute(AbstractClientHttpRequest.java:52)
	at org.springframework.web.client.RestTemplate.doExecute(RestTemplate.java:527)
	... 17 more
]]>
    </failure>
  </testcase> <!-- thatOrdersCanBeAddedAndQueried -->
  <testcase name="thatOrdersCanBeAddedAndQueried" time="0.145" classname="com.sprhib.TestService"/>
  <testcase name="thatOrdersCanBeAddedAndQueried" time="0.217" classname="com.sprhib.TestService"/>
  <testcase name="thatOrdersCanBeAddedAndQueried" time="0.221" classname="com.sprhib.TestService"/>
  <testcase name="thatOrdersCanBeAddedAndQueried" time="0.135" classname="com.sprhib.TestService"/>
  <testcase name="thatOrdersCanBeAddedAndQueried" time="0.162" classname="com.sprhib.TestService"/>
  <testcase name="thatOrdersCanBeAddedAndQueried" time="0.167" classname="com.sprhib.TestService"/>
  <testcase name="thatOrdersCanBeAddedAndQueried" time="0.194" classname="com.sprhib.TestService"/>
  <testcase name="thatOrdersCanBeAddedAndQueried" time="0.458" classname="com.sprhib.TestService"/>
  <testcase name="thatOrdersCanBeAddedAndQueried" time="0.134" classname="com.sprhib.TestService"/>
  <testcase name="thatOrdersCanBeAddedAndQueried" time="0.211" classname="com.sprhib.TestService"/>
  <testcase name="thatOrdersCanBeAddedAndQueried" time="0.136" classname="com.sprhib.TestService"/>
  <testcase name="thatOrdersCanBeAddedAndQueried" time="0.206" classname="com.sprhib.TestService"/>
  <testcase name="thatOrdersCanBeAddedAndQueried" time="0.031" classname="com.sprhib.TestService">
    <failure type="org.springframework.web.client.ResourceAccessException" message="I/O error on GET request for &quot;http://localhost:8080/spr-mvc-hib/convertation/-110/EUR/USD&quot;:No buffer space available (maximum connections reached?): connect; nested exception is java.net.SocketException: No buffer space available (maximum connections reached?): connect">
      <![CDATA[org.springframework.web.client.ResourceAccessException: I/O error on GET request for "http://localhost:8080/spr-mvc-hib/convertation/-110/EUR/USD":No buffer space available (maximum connections reached?): connect; nested exception is java.net.SocketException: No buffer space available (maximum connections reached?): connect
	at org.springframework.web.client.RestTemplate.doExecute(RestTemplate.java:543)
	at org.springframework.web.client.RestTemplate.execute(RestTemplate.java:489)
	at org.springframework.web.client.RestTemplate.getForEntity(RestTemplate.java:250)
	at com.sprhib.TestService.thatOrdersCanBeAddedAndQueried(TestService.java:26)
	at sun.reflect.GeneratedMethodAccessor3.invoke(Unknown Source)
	at sun.reflect.DelegatingMethodAccessorImpl.invoke(DelegatingMethodAccessorImpl.java:43)
	at java.lang.reflect.Method.invoke(Method.java:606)
	at org.testng.internal.MethodInvocationHelper.invokeMethod(MethodInvocationHelper.java:84)
	at org.testng.internal.Invoker.invokeMethod(Invoker.java:714)
	at org.testng.internal.Invoker.invokeTestMethod(Invoker.java:901)
	at org.testng.internal.Invoker.invokeTestMethods(Invoker.java:1231)
	at org.testng.internal.TestMethodWorker.invokeTestMethods(TestMethodWorker.java:127)
	at org.testng.internal.TestMethodWorker.run(TestMethodWorker.java:111)
	at org.testng.internal.thread.ThreadUtil$2.call(ThreadUtil.java:64)
	at java.util.concurrent.FutureTask.run(FutureTask.java:262)
	at java.util.concurrent.ThreadPoolExecutor.runWorker(ThreadPoolExecutor.java:1145)
	at java.util.concurrent.ThreadPoolExecutor$Worker.run(ThreadPoolExecutor.java:615)
	at java.lang.Thread.run(Thread.java:745)
Caused by: java.net.SocketException: No buffer space available (maximum connections reached?): connect
	at java.net.DualStackPlainSocketImpl.connect0(Native Method)
	at java.net.DualStackPlainSocketImpl.socketConnect(DualStackPlainSocketImpl.java:79)
	at java.net.AbstractPlainSocketImpl.doConnect(AbstractPlainSocketImpl.java:339)
	at java.net.AbstractPlainSocketImpl.connectToAddress(AbstractPlainSocketImpl.java:200)
	at java.net.AbstractPlainSocketImpl.connect(AbstractPlainSocketImpl.java:182)
	at java.net.PlainSocketImpl.connect(PlainSocketImpl.java:172)
	at java.net.SocksSocketImpl.connect(SocksSocketImpl.java:392)
	at java.net.Socket.connect(Socket.java:579)
	at java.net.Socket.connect(Socket.java:528)
	at sun.net.NetworkClient.doConnect(NetworkClient.java:180)
	at sun.net.www.http.HttpClient.openServer(HttpClient.java:432)
	at sun.net.www.http.HttpClient.openServer(HttpClient.java:527)
	at sun.net.www.http.HttpClient.<init>(HttpClient.java:211)
	at sun.net.www.http.HttpClient.New(HttpClient.java:308)
	at sun.net.www.http.HttpClient.New(HttpClient.java:326)
	at sun.net.www.protocol.http.HttpURLConnection.getNewHttpClient(HttpURLConnection.java:996)
	at sun.net.www.protocol.http.HttpURLConnection.plainConnect(HttpURLConnection.java:932)
	at sun.net.www.protocol.http.HttpURLConnection.connect(HttpURLConnection.java:850)
	at org.springframework.http.client.SimpleBufferingClientHttpRequest.executeInternal(SimpleBufferingClientHttpRequest.java:78)
	at org.springframework.http.client.AbstractBufferingClientHttpRequest.executeInternal(AbstractBufferingClientHttpRequest.java:46)
	at org.springframework.http.client.AbstractClientHttpRequest.execute(AbstractClientHttpRequest.java:52)
	at org.springframework.web.client.RestTemplate.doExecute(RestTemplate.java:527)
	... 17 more
]]>
    </failure>
  </testcase> <!-- thatOrdersCanBeAddedAndQueried -->
  <testcase name="thatOrdersCanBeAddedAndQueried" time="0.147" classname="com.sprhib.TestService"/>
  <testcase name="thatOrdersCanBeAddedAndQueried" time="0.175" classname="com.sprhib.TestService"/>
  <testcase name="thatOrdersCanBeAddedAndQueried" time="0.142" classname="com.sprhib.TestService"/>
  <testcase name="thatOrdersCanBeAddedAndQueried" time="0.144" classname="com.sprhib.TestService"/>
  <testcase name="thatOrdersCanBeAddedAndQueried" time="0.128" classname="com.sprhib.TestService"/>
  <testcase name="thatOrdersCanBeAddedAndQueried" time="0.108" classname="com.sprhib.TestService"/>
  <testcase name="thatOrdersCanBeAddedAndQueried" time="0.142" classname="com.sprhib.TestService"/>
  <testcase name="thatOrdersCanBeAddedAndQueried" time="0.218" classname="com.sprhib.TestService"/>
  <testcase name="thatOrdersCanBeAddedAndQueried" time="0.138" classname="com.sprhib.TestService"/>
  <testcase name="thatOrdersCanBeAddedAndQueried" time="0.164" classname="com.sprhib.TestService"/>
  <testcase name="thatOrdersCanBeAddedAndQueried" time="0.221" classname="com.sprhib.TestService"/>
  <testcase name="thatOrdersCanBeAddedAndQueried" time="0.150" classname="com.sprhib.TestService"/>
  <testcase name="thatOrdersCanBeAddedAndQueried" time="0.430" classname="com.sprhib.TestService"/>
  <testcase name="thatOrdersCanBeAddedAndQueried" time="0.199" classname="com.sprhib.TestService"/>
  <testcase name="thatOrdersCanBeAddedAndQueried" time="0.210" classname="com.sprhib.TestService"/>
  <testcase name="thatOrdersCanBeAddedAndQueried" time="0.479" classname="com.sprhib.TestService"/>
  <testcase name="thatOrdersCanBeAddedAndQueried" time="0.192" classname="com.sprhib.TestService">
    <failure type="org.springframework.web.client.HttpServerErrorException" message="500 Internal Server Error">
      <![CDATA[org.springframework.web.client.HttpServerErrorException: 500 Internal Server Error
	at org.springframework.web.client.DefaultResponseErrorHandler.handleError(DefaultResponseErrorHandler.java:94)
	at org.springframework.web.client.RestTemplate.handleResponseError(RestTemplate.java:576)
	at org.springframework.web.client.RestTemplate.doExecute(RestTemplate.java:532)
	at org.springframework.web.client.RestTemplate.execute(RestTemplate.java:489)
	at org.springframework.web.client.RestTemplate.getForEntity(RestTemplate.java:250)
	at com.sprhib.TestService.thatOrdersCanBeAddedAndQueried(TestService.java:39)
	at sun.reflect.GeneratedMethodAccessor3.invoke(Unknown Source)
	at sun.reflect.DelegatingMethodAccessorImpl.invoke(DelegatingMethodAccessorImpl.java:43)
	at java.lang.reflect.Method.invoke(Method.java:606)
	at org.testng.internal.MethodInvocationHelper.invokeMethod(MethodInvocationHelper.java:84)
	at org.testng.internal.Invoker.invokeMethod(Invoker.java:714)
	at org.testng.internal.Invoker.invokeTestMethod(Invoker.java:901)
	at org.testng.internal.Invoker.invokeTestMethods(Invoker.java:1231)
	at org.testng.internal.TestMethodWorker.invokeTestMethods(TestMethodWorker.java:127)
	at org.testng.internal.TestMethodWorker.run(TestMethodWorker.java:111)
	at org.testng.internal.thread.ThreadUtil$2.call(ThreadUtil.java:64)
	at java.util.concurrent.FutureTask.run(FutureTask.java:262)
	at java.util.concurrent.ThreadPoolExecutor.runWorker(ThreadPoolExecutor.java:1145)
	at java.util.concurrent.ThreadPoolExecutor$Worker.run(ThreadPoolExecutor.java:615)
	at java.lang.Thread.run(Thread.java:745)
]]>
    </failure>
  </testcase> <!-- thatOrdersCanBeAddedAndQueried -->
  <testcase name="thatOrdersCanBeAddedAndQueried" time="0.130" classname="com.sprhib.TestService"/>
  <testcase name="thatOrdersCanBeAddedAndQueried" time="0.352" classname="com.sprhib.TestService"/>
  <testcase name="thatOrdersCanBeAddedAndQueried" time="0.224" classname="com.sprhib.TestService"/>
  <testcase name="thatOrdersCanBeAddedAndQueried" time="0.292" classname="com.sprhib.TestService">
    <failure type="org.springframework.web.client.HttpServerErrorException" message="500 Internal Server Error">
      <![CDATA[org.springframework.web.client.HttpServerErrorException: 500 Internal Server Error
	at org.springframework.web.client.DefaultResponseErrorHandler.handleError(DefaultResponseErrorHandler.java:94)
	at org.springframework.web.client.RestTemplate.handleResponseError(RestTemplate.java:576)
	at org.springframework.web.client.RestTemplate.doExecute(RestTemplate.java:532)
	at org.springframework.web.client.RestTemplate.execute(RestTemplate.java:489)
	at org.springframework.web.client.RestTemplate.getForEntity(RestTemplate.java:250)
	at com.sprhib.TestService.thatOrdersCanBeAddedAndQueried(TestService.java:39)
	at sun.reflect.GeneratedMethodAccessor3.invoke(Unknown Source)
	at sun.reflect.DelegatingMethodAccessorImpl.invoke(DelegatingMethodAccessorImpl.java:43)
	at java.lang.reflect.Method.invoke(Method.java:606)
	at org.testng.internal.MethodInvocationHelper.invokeMethod(MethodInvocationHelper.java:84)
	at org.testng.internal.Invoker.invokeMethod(Invoker.java:714)
	at org.testng.internal.Invoker.invokeTestMethod(Invoker.java:901)
	at org.testng.internal.Invoker.invokeTestMethods(Invoker.java:1231)
	at org.testng.internal.TestMethodWorker.invokeTestMethods(TestMethodWorker.java:127)
	at org.testng.internal.TestMethodWorker.run(TestMethodWorker.java:111)
	at org.testng.internal.thread.ThreadUtil$2.call(ThreadUtil.java:64)
	at java.util.concurrent.FutureTask.run(FutureTask.java:262)
	at java.util.concurrent.ThreadPoolExecutor.runWorker(ThreadPoolExecutor.java:1145)
	at java.util.concurrent.ThreadPoolExecutor$Worker.run(ThreadPoolExecutor.java:615)
	at java.lang.Thread.run(Thread.java:745)
]]>
    </failure>
  </testcase> <!-- thatOrdersCanBeAddedAndQueried -->
  <testcase name="thatOrdersCanBeAddedAndQueried" time="0.227" classname="com.sprhib.TestService"/>
  <testcase name="thatOrdersCanBeAddedAndQueried" time="0.229" classname="com.sprhib.TestService"/>
  <testcase name="thatOrdersCanBeAddedAndQueried" time="0.219" classname="com.sprhib.TestService"/>
  <testcase name="thatOrdersCanBeAddedAndQueried" time="0.332" classname="com.sprhib.TestService"/>
  <testcase name="thatOrdersCanBeAddedAndQueried" time="0.196" classname="com.sprhib.TestService"/>
  <testcase name="thatOrdersCanBeAddedAndQueried" time="0.178" classname="com.sprhib.TestService"/>
  <testcase name="thatOrdersCanBeAddedAndQueried" time="0.167" classname="com.sprhib.TestService"/>
  <testcase name="thatOrdersCanBeAddedAndQueried" time="0.163" classname="com.sprhib.TestService"/>
  <testcase name="thatOrdersCanBeAddedAndQueried" time="0.193" classname="com.sprhib.TestService">
    <failure type="org.springframework.web.client.HttpServerErrorException" message="500 Internal Server Error">
      <![CDATA[org.springframework.web.client.HttpServerErrorException: 500 Internal Server Error
	at org.springframework.web.client.DefaultResponseErrorHandler.handleError(DefaultResponseErrorHandler.java:94)
	at org.springframework.web.client.RestTemplate.handleResponseError(RestTemplate.java:576)
	at org.springframework.web.client.RestTemplate.doExecute(RestTemplate.java:532)
	at org.springframework.web.client.RestTemplate.execute(RestTemplate.java:489)
	at org.springframework.web.client.RestTemplate.getForEntity(RestTemplate.java:250)
	at com.sprhib.TestService.thatOrdersCanBeAddedAndQueried(TestService.java:39)
	at sun.reflect.GeneratedMethodAccessor3.invoke(Unknown Source)
	at sun.reflect.DelegatingMethodAccessorImpl.invoke(DelegatingMethodAccessorImpl.java:43)
	at java.lang.reflect.Method.invoke(Method.java:606)
	at org.testng.internal.MethodInvocationHelper.invokeMethod(MethodInvocationHelper.java:84)
	at org.testng.internal.Invoker.invokeMethod(Invoker.java:714)
	at org.testng.internal.Invoker.invokeTestMethod(Invoker.java:901)
	at org.testng.internal.Invoker.invokeTestMethods(Invoker.java:1231)
	at org.testng.internal.TestMethodWorker.invokeTestMethods(TestMethodWorker.java:127)
	at org.testng.internal.TestMethodWorker.run(TestMethodWorker.java:111)
	at org.testng.internal.thread.ThreadUtil$2.call(ThreadUtil.java:64)
	at java.util.concurrent.FutureTask.run(FutureTask.java:262)
	at java.util.concurrent.ThreadPoolExecutor.runWorker(ThreadPoolExecutor.java:1145)
	at java.util.concurrent.ThreadPoolExecutor$Worker.run(ThreadPoolExecutor.java:615)
	at java.lang.Thread.run(Thread.java:745)
]]>
    </failure>
  </testcase> <!-- thatOrdersCanBeAddedAndQueried -->
  <testcase name="thatOrdersCanBeAddedAndQueried" time="0.185" classname="com.sprhib.TestService"/>
  <testcase name="thatOrdersCanBeAddedAndQueried" time="0.140" classname="com.sprhib.TestService"/>
  <testcase name="thatOrdersCanBeAddedAndQueried" time="0.267" classname="com.sprhib.TestService"/>
  <testcase name="thatOrdersCanBeAddedAndQueried" time="0.181" classname="com.sprhib.TestService"/>
  <testcase name="thatOrdersCanBeAddedAndQueried" time="0.163" classname="com.sprhib.TestService"/>
  <testcase name="thatOrdersCanBeAddedAndQueried" time="0.213" classname="com.sprhib.TestService"/>
  <testcase name="thatOrdersCanBeAddedAndQueried" time="0.147" classname="com.sprhib.TestService"/>
  <testcase name="thatOrdersCanBeAddedAndQueried" time="0.124" classname="com.sprhib.TestService"/>
  <testcase name="thatOrdersCanBeAddedAndQueried" time="0.153" classname="com.sprhib.TestService"/>
  <testcase name="thatOrdersCanBeAddedAndQueried" time="0.210" classname="com.sprhib.TestService"/>
  <testcase name="thatOrdersCanBeAddedAndQueried" time="0.168" classname="com.sprhib.TestService"/>
  <testcase name="thatOrdersCanBeAddedAndQueried" time="0.334" classname="com.sprhib.TestService"/>
  <testcase name="thatOrdersCanBeAddedAndQueried" time="0.163" classname="com.sprhib.TestService"/>
  <testcase name="thatOrdersCanBeAddedAndQueried" time="0.218" classname="com.sprhib.TestService"/>
  <testcase name="thatOrdersCanBeAddedAndQueried" time="0.165" classname="com.sprhib.TestService"/>
  <testcase name="thatOrdersCanBeAddedAndQueried" time="0.152" classname="com.sprhib.TestService"/>
  <testcase name="thatOrdersCanBeAddedAndQueried" time="0.131" classname="com.sprhib.TestService"/>
  <testcase name="thatOrdersCanBeAddedAndQueried" time="0.179" classname="com.sprhib.TestService"/>
  <testcase name="thatOrdersCanBeAddedAndQueried" time="0.215" classname="com.sprhib.TestService"/>
  <testcase name="thatOrdersCanBeAddedAndQueried" time="0.278" classname="com.sprhib.TestService"/>
  <testcase name="thatOrdersCanBeAddedAndQueried" time="0.186" classname="com.sprhib.TestService"/>
  <testcase name="thatOrdersCanBeAddedAndQueried" time="0.027" classname="com.sprhib.TestService">
    <failure type="org.springframework.web.client.ResourceAccessException" message="I/O error on GET request for &quot;http://localhost:8080/spr-mvc-hib/convertation/-110/EUR/USD&quot;:No buffer space available (maximum connections reached?): connect; nested exception is java.net.SocketException: No buffer space available (maximum connections reached?): connect">
      <![CDATA[org.springframework.web.client.ResourceAccessException: I/O error on GET request for "http://localhost:8080/spr-mvc-hib/convertation/-110/EUR/USD":No buffer space available (maximum connections reached?): connect; nested exception is java.net.SocketException: No buffer space available (maximum connections reached?): connect
	at org.springframework.web.client.RestTemplate.doExecute(RestTemplate.java:543)
	at org.springframework.web.client.RestTemplate.execute(RestTemplate.java:489)
	at org.springframework.web.client.RestTemplate.getForEntity(RestTemplate.java:250)
	at com.sprhib.TestService.thatOrdersCanBeAddedAndQueried(TestService.java:26)
	at sun.reflect.GeneratedMethodAccessor3.invoke(Unknown Source)
	at sun.reflect.DelegatingMethodAccessorImpl.invoke(DelegatingMethodAccessorImpl.java:43)
	at java.lang.reflect.Method.invoke(Method.java:606)
	at org.testng.internal.MethodInvocationHelper.invokeMethod(MethodInvocationHelper.java:84)
	at org.testng.internal.Invoker.invokeMethod(Invoker.java:714)
	at org.testng.internal.Invoker.invokeTestMethod(Invoker.java:901)
	at org.testng.internal.Invoker.invokeTestMethods(Invoker.java:1231)
	at org.testng.internal.TestMethodWorker.invokeTestMethods(TestMethodWorker.java:127)
	at org.testng.internal.TestMethodWorker.run(TestMethodWorker.java:111)
	at org.testng.internal.thread.ThreadUtil$2.call(ThreadUtil.java:64)
	at java.util.concurrent.FutureTask.run(FutureTask.java:262)
	at java.util.concurrent.ThreadPoolExecutor.runWorker(ThreadPoolExecutor.java:1145)
	at java.util.concurrent.ThreadPoolExecutor$Worker.run(ThreadPoolExecutor.java:615)
	at java.lang.Thread.run(Thread.java:745)
Caused by: java.net.SocketException: No buffer space available (maximum connections reached?): connect
	at java.net.DualStackPlainSocketImpl.connect0(Native Method)
	at java.net.DualStackPlainSocketImpl.socketConnect(DualStackPlainSocketImpl.java:79)
	at java.net.AbstractPlainSocketImpl.doConnect(AbstractPlainSocketImpl.java:339)
	at java.net.AbstractPlainSocketImpl.connectToAddress(AbstractPlainSocketImpl.java:200)
	at java.net.AbstractPlainSocketImpl.connect(AbstractPlainSocketImpl.java:182)
	at java.net.PlainSocketImpl.connect(PlainSocketImpl.java:172)
	at java.net.SocksSocketImpl.connect(SocksSocketImpl.java:392)
	at java.net.Socket.connect(Socket.java:579)
	at java.net.Socket.connect(Socket.java:528)
	at sun.net.NetworkClient.doConnect(NetworkClient.java:180)
	at sun.net.www.http.HttpClient.openServer(HttpClient.java:432)
	at sun.net.www.http.HttpClient.openServer(HttpClient.java:527)
	at sun.net.www.http.HttpClient.<init>(HttpClient.java:211)
	at sun.net.www.http.HttpClient.New(HttpClient.java:308)
	at sun.net.www.http.HttpClient.New(HttpClient.java:326)
	at sun.net.www.protocol.http.HttpURLConnection.getNewHttpClient(HttpURLConnection.java:996)
	at sun.net.www.protocol.http.HttpURLConnection.plainConnect(HttpURLConnection.java:932)
	at sun.net.www.protocol.http.HttpURLConnection.connect(HttpURLConnection.java:850)
	at org.springframework.http.client.SimpleBufferingClientHttpRequest.executeInternal(SimpleBufferingClientHttpRequest.java:78)
	at org.springframework.http.client.AbstractBufferingClientHttpRequest.executeInternal(AbstractBufferingClientHttpRequest.java:46)
	at org.springframework.http.client.AbstractClientHttpRequest.execute(AbstractClientHttpRequest.java:52)
	at org.springframework.web.client.RestTemplate.doExecute(RestTemplate.java:527)
	... 17 more
]]>
    </failure>
  </testcase> <!-- thatOrdersCanBeAddedAndQueried -->
  <testcase name="thatOrdersCanBeAddedAndQueried" time="0.312" classname="com.sprhib.TestService"/>
  <testcase name="thatOrdersCanBeAddedAndQueried" time="0.202" classname="com.sprhib.TestService"/>
  <testcase name="thatOrdersCanBeAddedAndQueried" time="0.205" classname="com.sprhib.TestService"/>
  <testcase name="thatOrdersCanBeAddedAndQueried" time="0.139" classname="com.sprhib.TestService"/>
  <testcase name="thatOrdersCanBeAddedAndQueried" time="0.066" classname="com.sprhib.TestService">
    <failure type="org.springframework.web.client.ResourceAccessException" message="I/O error on GET request for &quot;http://localhost:8080/spr-mvc-hib/convertation/-110/EUR/USD&quot;:No buffer space available (maximum connections reached?): connect; nested exception is java.net.SocketException: No buffer space available (maximum connections reached?): connect">
      <![CDATA[org.springframework.web.client.ResourceAccessException: I/O error on GET request for "http://localhost:8080/spr-mvc-hib/convertation/-110/EUR/USD":No buffer space available (maximum connections reached?): connect; nested exception is java.net.SocketException: No buffer space available (maximum connections reached?): connect
	at org.springframework.web.client.RestTemplate.doExecute(RestTemplate.java:543)
	at org.springframework.web.client.RestTemplate.execute(RestTemplate.java:489)
	at org.springframework.web.client.RestTemplate.getForEntity(RestTemplate.java:250)
	at com.sprhib.TestService.thatOrdersCanBeAddedAndQueried(TestService.java:26)
	at sun.reflect.GeneratedMethodAccessor3.invoke(Unknown Source)
	at sun.reflect.DelegatingMethodAccessorImpl.invoke(DelegatingMethodAccessorImpl.java:43)
	at java.lang.reflect.Method.invoke(Method.java:606)
	at org.testng.internal.MethodInvocationHelper.invokeMethod(MethodInvocationHelper.java:84)
	at org.testng.internal.Invoker.invokeMethod(Invoker.java:714)
	at org.testng.internal.Invoker.invokeTestMethod(Invoker.java:901)
	at org.testng.internal.Invoker.invokeTestMethods(Invoker.java:1231)
	at org.testng.internal.TestMethodWorker.invokeTestMethods(TestMethodWorker.java:127)
	at org.testng.internal.TestMethodWorker.run(TestMethodWorker.java:111)
	at org.testng.internal.thread.ThreadUtil$2.call(ThreadUtil.java:64)
	at java.util.concurrent.FutureTask.run(FutureTask.java:262)
	at java.util.concurrent.ThreadPoolExecutor.runWorker(ThreadPoolExecutor.java:1145)
	at java.util.concurrent.ThreadPoolExecutor$Worker.run(ThreadPoolExecutor.java:615)
	at java.lang.Thread.run(Thread.java:745)
Caused by: java.net.SocketException: No buffer space available (maximum connections reached?): connect
	at java.net.DualStackPlainSocketImpl.connect0(Native Method)
	at java.net.DualStackPlainSocketImpl.socketConnect(DualStackPlainSocketImpl.java:79)
	at java.net.AbstractPlainSocketImpl.doConnect(AbstractPlainSocketImpl.java:339)
	at java.net.AbstractPlainSocketImpl.connectToAddress(AbstractPlainSocketImpl.java:200)
	at java.net.AbstractPlainSocketImpl.connect(AbstractPlainSocketImpl.java:182)
	at java.net.PlainSocketImpl.connect(PlainSocketImpl.java:172)
	at java.net.SocksSocketImpl.connect(SocksSocketImpl.java:392)
	at java.net.Socket.connect(Socket.java:579)
	at java.net.Socket.connect(Socket.java:528)
	at sun.net.NetworkClient.doConnect(NetworkClient.java:180)
	at sun.net.www.http.HttpClient.openServer(HttpClient.java:432)
	at sun.net.www.http.HttpClient.openServer(HttpClient.java:527)
	at sun.net.www.http.HttpClient.<init>(HttpClient.java:211)
	at sun.net.www.http.HttpClient.New(HttpClient.java:308)
	at sun.net.www.http.HttpClient.New(HttpClient.java:326)
	at sun.net.www.protocol.http.HttpURLConnection.getNewHttpClient(HttpURLConnection.java:996)
	at sun.net.www.protocol.http.HttpURLConnection.plainConnect(HttpURLConnection.java:932)
	at sun.net.www.protocol.http.HttpURLConnection.connect(HttpURLConnection.java:850)
	at org.springframework.http.client.SimpleBufferingClientHttpRequest.executeInternal(SimpleBufferingClientHttpRequest.java:78)
	at org.springframework.http.client.AbstractBufferingClientHttpRequest.executeInternal(AbstractBufferingClientHttpRequest.java:46)
	at org.springframework.http.client.AbstractClientHttpRequest.execute(AbstractClientHttpRequest.java:52)
	at org.springframework.web.client.RestTemplate.doExecute(RestTemplate.java:527)
	... 17 more
]]>
    </failure>
  </testcase> <!-- thatOrdersCanBeAddedAndQueried -->
  <testcase name="thatOrdersCanBeAddedAndQueried" time="0.231" classname="com.sprhib.TestService"/>
  <testcase name="thatOrdersCanBeAddedAndQueried" time="0.176" classname="com.sprhib.TestService"/>
  <testcase name="thatOrdersCanBeAddedAndQueried" time="0.094" classname="com.sprhib.TestService"/>
  <testcase name="thatOrdersCanBeAddedAndQueried" time="0.158" classname="com.sprhib.TestService"/>
  <testcase name="thatOrdersCanBeAddedAndQueried" time="0.197" classname="com.sprhib.TestService"/>
  <testcase name="thatOrdersCanBeAddedAndQueried" time="0.142" classname="com.sprhib.TestService"/>
  <testcase name="thatOrdersCanBeAddedAndQueried" time="0.181" classname="com.sprhib.TestService"/>
  <testcase name="thatOrdersCanBeAddedAndQueried" time="0.177" classname="com.sprhib.TestService"/>
  <testcase name="thatOrdersCanBeAddedAndQueried" time="0.203" classname="com.sprhib.TestService"/>
  <testcase name="thatOrdersCanBeAddedAndQueried" time="0.161" classname="com.sprhib.TestService"/>
  <testcase name="thatOrdersCanBeAddedAndQueried" time="0.026" classname="com.sprhib.TestService">
    <failure type="org.springframework.web.client.ResourceAccessException" message="I/O error on GET request for &quot;http://localhost:8080/spr-mvc-hib/convertation/-110/EUR/USD&quot;:No buffer space available (maximum connections reached?): connect; nested exception is java.net.SocketException: No buffer space available (maximum connections reached?): connect">
      <![CDATA[org.springframework.web.client.ResourceAccessException: I/O error on GET request for "http://localhost:8080/spr-mvc-hib/convertation/-110/EUR/USD":No buffer space available (maximum connections reached?): connect; nested exception is java.net.SocketException: No buffer space available (maximum connections reached?): connect
	at org.springframework.web.client.RestTemplate.doExecute(RestTemplate.java:543)
	at org.springframework.web.client.RestTemplate.execute(RestTemplate.java:489)
	at org.springframework.web.client.RestTemplate.getForEntity(RestTemplate.java:250)
	at com.sprhib.TestService.thatOrdersCanBeAddedAndQueried(TestService.java:26)
	at sun.reflect.GeneratedMethodAccessor3.invoke(Unknown Source)
	at sun.reflect.DelegatingMethodAccessorImpl.invoke(DelegatingMethodAccessorImpl.java:43)
	at java.lang.reflect.Method.invoke(Method.java:606)
	at org.testng.internal.MethodInvocationHelper.invokeMethod(MethodInvocationHelper.java:84)
	at org.testng.internal.Invoker.invokeMethod(Invoker.java:714)
	at org.testng.internal.Invoker.invokeTestMethod(Invoker.java:901)
	at org.testng.internal.Invoker.invokeTestMethods(Invoker.java:1231)
	at org.testng.internal.TestMethodWorker.invokeTestMethods(TestMethodWorker.java:127)
	at org.testng.internal.TestMethodWorker.run(TestMethodWorker.java:111)
	at org.testng.internal.thread.ThreadUtil$2.call(ThreadUtil.java:64)
	at java.util.concurrent.FutureTask.run(FutureTask.java:262)
	at java.util.concurrent.ThreadPoolExecutor.runWorker(ThreadPoolExecutor.java:1145)
	at java.util.concurrent.ThreadPoolExecutor$Worker.run(ThreadPoolExecutor.java:615)
	at java.lang.Thread.run(Thread.java:745)
Caused by: java.net.SocketException: No buffer space available (maximum connections reached?): connect
	at java.net.DualStackPlainSocketImpl.connect0(Native Method)
	at java.net.DualStackPlainSocketImpl.socketConnect(DualStackPlainSocketImpl.java:79)
	at java.net.AbstractPlainSocketImpl.doConnect(AbstractPlainSocketImpl.java:339)
	at java.net.AbstractPlainSocketImpl.connectToAddress(AbstractPlainSocketImpl.java:200)
	at java.net.AbstractPlainSocketImpl.connect(AbstractPlainSocketImpl.java:182)
	at java.net.PlainSocketImpl.connect(PlainSocketImpl.java:172)
	at java.net.SocksSocketImpl.connect(SocksSocketImpl.java:392)
	at java.net.Socket.connect(Socket.java:579)
	at java.net.Socket.connect(Socket.java:528)
	at sun.net.NetworkClient.doConnect(NetworkClient.java:180)
	at sun.net.www.http.HttpClient.openServer(HttpClient.java:432)
	at sun.net.www.http.HttpClient.openServer(HttpClient.java:527)
	at sun.net.www.http.HttpClient.<init>(HttpClient.java:211)
	at sun.net.www.http.HttpClient.New(HttpClient.java:308)
	at sun.net.www.http.HttpClient.New(HttpClient.java:326)
	at sun.net.www.protocol.http.HttpURLConnection.getNewHttpClient(HttpURLConnection.java:996)
	at sun.net.www.protocol.http.HttpURLConnection.plainConnect(HttpURLConnection.java:932)
	at sun.net.www.protocol.http.HttpURLConnection.connect(HttpURLConnection.java:850)
	at org.springframework.http.client.SimpleBufferingClientHttpRequest.executeInternal(SimpleBufferingClientHttpRequest.java:78)
	at org.springframework.http.client.AbstractBufferingClientHttpRequest.executeInternal(AbstractBufferingClientHttpRequest.java:46)
	at org.springframework.http.client.AbstractClientHttpRequest.execute(AbstractClientHttpRequest.java:52)
	at org.springframework.web.client.RestTemplate.doExecute(RestTemplate.java:527)
	... 17 more
]]>
    </failure>
  </testcase> <!-- thatOrdersCanBeAddedAndQueried -->
  <testcase name="thatOrdersCanBeAddedAndQueried" time="0.191" classname="com.sprhib.TestService"/>
  <testcase name="thatOrdersCanBeAddedAndQueried" time="0.227" classname="com.sprhib.TestService"/>
  <testcase name="thatOrdersCanBeAddedAndQueried" time="0.150" classname="com.sprhib.TestService"/>
  <testcase name="thatOrdersCanBeAddedAndQueried" time="0.244" classname="com.sprhib.TestService"/>
  <testcase name="thatOrdersCanBeAddedAndQueried" time="0.163" classname="com.sprhib.TestService"/>
  <testcase name="thatOrdersCanBeAddedAndQueried" time="0.171" classname="com.sprhib.TestService"/>
  <testcase name="thatOrdersCanBeAddedAndQueried" time="0.258" classname="com.sprhib.TestService"/>
  <testcase name="thatOrdersCanBeAddedAndQueried" time="0.173" classname="com.sprhib.TestService"/>
  <testcase name="thatOrdersCanBeAddedAndQueried" time="0.160" classname="com.sprhib.TestService"/>
  <testcase name="thatOrdersCanBeAddedAndQueried" time="0.174" classname="com.sprhib.TestService"/>
  <testcase name="thatOrdersCanBeAddedAndQueried" time="0.077" classname="com.sprhib.TestService">
    <failure type="org.springframework.web.client.ResourceAccessException" message="I/O error on GET request for &quot;http://localhost:8080/spr-mvc-hib/convertation/-110/EUR/USD&quot;:No buffer space available (maximum connections reached?): connect; nested exception is java.net.SocketException: No buffer space available (maximum connections reached?): connect">
      <![CDATA[org.springframework.web.client.ResourceAccessException: I/O error on GET request for "http://localhost:8080/spr-mvc-hib/convertation/-110/EUR/USD":No buffer space available (maximum connections reached?): connect; nested exception is java.net.SocketException: No buffer space available (maximum connections reached?): connect
	at org.springframework.web.client.RestTemplate.doExecute(RestTemplate.java:543)
	at org.springframework.web.client.RestTemplate.execute(RestTemplate.java:489)
	at org.springframework.web.client.RestTemplate.getForEntity(RestTemplate.java:250)
	at com.sprhib.TestService.thatOrdersCanBeAddedAndQueried(TestService.java:26)
	at sun.reflect.GeneratedMethodAccessor3.invoke(Unknown Source)
	at sun.reflect.DelegatingMethodAccessorImpl.invoke(DelegatingMethodAccessorImpl.java:43)
	at java.lang.reflect.Method.invoke(Method.java:606)
	at org.testng.internal.MethodInvocationHelper.invokeMethod(MethodInvocationHelper.java:84)
	at org.testng.internal.Invoker.invokeMethod(Invoker.java:714)
	at org.testng.internal.Invoker.invokeTestMethod(Invoker.java:901)
	at org.testng.internal.Invoker.invokeTestMethods(Invoker.java:1231)
	at org.testng.internal.TestMethodWorker.invokeTestMethods(TestMethodWorker.java:127)
	at org.testng.internal.TestMethodWorker.run(TestMethodWorker.java:111)
	at org.testng.internal.thread.ThreadUtil$2.call(ThreadUtil.java:64)
	at java.util.concurrent.FutureTask.run(FutureTask.java:262)
	at java.util.concurrent.ThreadPoolExecutor.runWorker(ThreadPoolExecutor.java:1145)
	at java.util.concurrent.ThreadPoolExecutor$Worker.run(ThreadPoolExecutor.java:615)
	at java.lang.Thread.run(Thread.java:745)
Caused by: java.net.SocketException: No buffer space available (maximum connections reached?): connect
	at java.net.DualStackPlainSocketImpl.connect0(Native Method)
	at java.net.DualStackPlainSocketImpl.socketConnect(DualStackPlainSocketImpl.java:79)
	at java.net.AbstractPlainSocketImpl.doConnect(AbstractPlainSocketImpl.java:339)
	at java.net.AbstractPlainSocketImpl.connectToAddress(AbstractPlainSocketImpl.java:200)
	at java.net.AbstractPlainSocketImpl.connect(AbstractPlainSocketImpl.java:182)
	at java.net.PlainSocketImpl.connect(PlainSocketImpl.java:172)
	at java.net.SocksSocketImpl.connect(SocksSocketImpl.java:392)
	at java.net.Socket.connect(Socket.java:579)
	at java.net.Socket.connect(Socket.java:528)
	at sun.net.NetworkClient.doConnect(NetworkClient.java:180)
	at sun.net.www.http.HttpClient.openServer(HttpClient.java:432)
	at sun.net.www.http.HttpClient.openServer(HttpClient.java:527)
	at sun.net.www.http.HttpClient.<init>(HttpClient.java:211)
	at sun.net.www.http.HttpClient.New(HttpClient.java:308)
	at sun.net.www.http.HttpClient.New(HttpClient.java:326)
	at sun.net.www.protocol.http.HttpURLConnection.getNewHttpClient(HttpURLConnection.java:996)
	at sun.net.www.protocol.http.HttpURLConnection.plainConnect(HttpURLConnection.java:932)
	at sun.net.www.protocol.http.HttpURLConnection.connect(HttpURLConnection.java:850)
	at org.springframework.http.client.SimpleBufferingClientHttpRequest.executeInternal(SimpleBufferingClientHttpRequest.java:78)
	at org.springframework.http.client.AbstractBufferingClientHttpRequest.executeInternal(AbstractBufferingClientHttpRequest.java:46)
	at org.springframework.http.client.AbstractClientHttpRequest.execute(AbstractClientHttpRequest.java:52)
	at org.springframework.web.client.RestTemplate.doExecute(RestTemplate.java:527)
	... 17 more
]]>
    </failure>
  </testcase> <!-- thatOrdersCanBeAddedAndQueried -->
  <testcase name="thatOrdersCanBeAddedAndQueried" time="0.248" classname="com.sprhib.TestService"/>
  <testcase name="thatOrdersCanBeAddedAndQueried" time="0.136" classname="com.sprhib.TestService"/>
  <testcase name="thatOrdersCanBeAddedAndQueried" time="0.124" classname="com.sprhib.TestService"/>
  <testcase name="thatOrdersCanBeAddedAndQueried" time="0.173" classname="com.sprhib.TestService"/>
  <testcase name="thatOrdersCanBeAddedAndQueried" time="0.238" classname="com.sprhib.TestService"/>
  <testcase name="thatOrdersCanBeAddedAndQueried" time="0.280" classname="com.sprhib.TestService"/>
  <testcase name="thatOrdersCanBeAddedAndQueried" time="0.112" classname="com.sprhib.TestService"/>
  <testcase name="thatOrdersCanBeAddedAndQueried" time="0.035" classname="com.sprhib.TestService">
    <failure type="org.springframework.web.client.ResourceAccessException" message="I/O error on GET request for &quot;http://localhost:8080/spr-mvc-hib/convertation/-110/EUR/USD&quot;:No buffer space available (maximum connections reached?): connect; nested exception is java.net.SocketException: No buffer space available (maximum connections reached?): connect">
      <![CDATA[org.springframework.web.client.ResourceAccessException: I/O error on GET request for "http://localhost:8080/spr-mvc-hib/convertation/-110/EUR/USD":No buffer space available (maximum connections reached?): connect; nested exception is java.net.SocketException: No buffer space available (maximum connections reached?): connect
	at org.springframework.web.client.RestTemplate.doExecute(RestTemplate.java:543)
	at org.springframework.web.client.RestTemplate.execute(RestTemplate.java:489)
	at org.springframework.web.client.RestTemplate.getForEntity(RestTemplate.java:250)
	at com.sprhib.TestService.thatOrdersCanBeAddedAndQueried(TestService.java:26)
	at sun.reflect.GeneratedMethodAccessor3.invoke(Unknown Source)
	at sun.reflect.DelegatingMethodAccessorImpl.invoke(DelegatingMethodAccessorImpl.java:43)
	at java.lang.reflect.Method.invoke(Method.java:606)
	at org.testng.internal.MethodInvocationHelper.invokeMethod(MethodInvocationHelper.java:84)
	at org.testng.internal.Invoker.invokeMethod(Invoker.java:714)
	at org.testng.internal.Invoker.invokeTestMethod(Invoker.java:901)
	at org.testng.internal.Invoker.invokeTestMethods(Invoker.java:1231)
	at org.testng.internal.TestMethodWorker.invokeTestMethods(TestMethodWorker.java:127)
	at org.testng.internal.TestMethodWorker.run(TestMethodWorker.java:111)
	at org.testng.internal.thread.ThreadUtil$2.call(ThreadUtil.java:64)
	at java.util.concurrent.FutureTask.run(FutureTask.java:262)
	at java.util.concurrent.ThreadPoolExecutor.runWorker(ThreadPoolExecutor.java:1145)
	at java.util.concurrent.ThreadPoolExecutor$Worker.run(ThreadPoolExecutor.java:615)
	at java.lang.Thread.run(Thread.java:745)
Caused by: java.net.SocketException: No buffer space available (maximum connections reached?): connect
	at java.net.DualStackPlainSocketImpl.connect0(Native Method)
	at java.net.DualStackPlainSocketImpl.socketConnect(DualStackPlainSocketImpl.java:79)
	at java.net.AbstractPlainSocketImpl.doConnect(AbstractPlainSocketImpl.java:339)
	at java.net.AbstractPlainSocketImpl.connectToAddress(AbstractPlainSocketImpl.java:200)
	at java.net.AbstractPlainSocketImpl.connect(AbstractPlainSocketImpl.java:182)
	at java.net.PlainSocketImpl.connect(PlainSocketImpl.java:172)
	at java.net.SocksSocketImpl.connect(SocksSocketImpl.java:392)
	at java.net.Socket.connect(Socket.java:579)
	at java.net.Socket.connect(Socket.java:528)
	at sun.net.NetworkClient.doConnect(NetworkClient.java:180)
	at sun.net.www.http.HttpClient.openServer(HttpClient.java:432)
	at sun.net.www.http.HttpClient.openServer(HttpClient.java:527)
	at sun.net.www.http.HttpClient.<init>(HttpClient.java:211)
	at sun.net.www.http.HttpClient.New(HttpClient.java:308)
	at sun.net.www.http.HttpClient.New(HttpClient.java:326)
	at sun.net.www.protocol.http.HttpURLConnection.getNewHttpClient(HttpURLConnection.java:996)
	at sun.net.www.protocol.http.HttpURLConnection.plainConnect(HttpURLConnection.java:932)
	at sun.net.www.protocol.http.HttpURLConnection.connect(HttpURLConnection.java:850)
	at org.springframework.http.client.SimpleBufferingClientHttpRequest.executeInternal(SimpleBufferingClientHttpRequest.java:78)
	at org.springframework.http.client.AbstractBufferingClientHttpRequest.executeInternal(AbstractBufferingClientHttpRequest.java:46)
	at org.springframework.http.client.AbstractClientHttpRequest.execute(AbstractClientHttpRequest.java:52)
	at org.springframework.web.client.RestTemplate.doExecute(RestTemplate.java:527)
	... 17 more
]]>
    </failure>
  </testcase> <!-- thatOrdersCanBeAddedAndQueried -->
  <testcase name="thatOrdersCanBeAddedAndQueried" time="0.222" classname="com.sprhib.TestService"/>
  <testcase name="thatOrdersCanBeAddedAndQueried" time="0.142" classname="com.sprhib.TestService"/>
  <testcase name="thatOrdersCanBeAddedAndQueried" time="0.193" classname="com.sprhib.TestService"/>
  <testcase name="thatOrdersCanBeAddedAndQueried" time="0.112" classname="com.sprhib.TestService"/>
  <testcase name="thatOrdersCanBeAddedAndQueried" time="0.025" classname="com.sprhib.TestService">
    <failure type="org.springframework.web.client.ResourceAccessException" message="I/O error on GET request for &quot;http://localhost:8080/spr-mvc-hib/convertation/-110/EUR/USD&quot;:No buffer space available (maximum connections reached?): connect; nested exception is java.net.SocketException: No buffer space available (maximum connections reached?): connect">
      <![CDATA[org.springframework.web.client.ResourceAccessException: I/O error on GET request for "http://localhost:8080/spr-mvc-hib/convertation/-110/EUR/USD":No buffer space available (maximum connections reached?): connect; nested exception is java.net.SocketException: No buffer space available (maximum connections reached?): connect
	at org.springframework.web.client.RestTemplate.doExecute(RestTemplate.java:543)
	at org.springframework.web.client.RestTemplate.execute(RestTemplate.java:489)
	at org.springframework.web.client.RestTemplate.getForEntity(RestTemplate.java:250)
	at com.sprhib.TestService.thatOrdersCanBeAddedAndQueried(TestService.java:26)
	at sun.reflect.GeneratedMethodAccessor3.invoke(Unknown Source)
	at sun.reflect.DelegatingMethodAccessorImpl.invoke(DelegatingMethodAccessorImpl.java:43)
	at java.lang.reflect.Method.invoke(Method.java:606)
	at org.testng.internal.MethodInvocationHelper.invokeMethod(MethodInvocationHelper.java:84)
	at org.testng.internal.Invoker.invokeMethod(Invoker.java:714)
	at org.testng.internal.Invoker.invokeTestMethod(Invoker.java:901)
	at org.testng.internal.Invoker.invokeTestMethods(Invoker.java:1231)
	at org.testng.internal.TestMethodWorker.invokeTestMethods(TestMethodWorker.java:127)
	at org.testng.internal.TestMethodWorker.run(TestMethodWorker.java:111)
	at org.testng.internal.thread.ThreadUtil$2.call(ThreadUtil.java:64)
	at java.util.concurrent.FutureTask.run(FutureTask.java:262)
	at java.util.concurrent.ThreadPoolExecutor.runWorker(ThreadPoolExecutor.java:1145)
	at java.util.concurrent.ThreadPoolExecutor$Worker.run(ThreadPoolExecutor.java:615)
	at java.lang.Thread.run(Thread.java:745)
Caused by: java.net.SocketException: No buffer space available (maximum connections reached?): connect
	at java.net.DualStackPlainSocketImpl.connect0(Native Method)
	at java.net.DualStackPlainSocketImpl.socketConnect(DualStackPlainSocketImpl.java:79)
	at java.net.AbstractPlainSocketImpl.doConnect(AbstractPlainSocketImpl.java:339)
	at java.net.AbstractPlainSocketImpl.connectToAddress(AbstractPlainSocketImpl.java:200)
	at java.net.AbstractPlainSocketImpl.connect(AbstractPlainSocketImpl.java:182)
	at java.net.PlainSocketImpl.connect(PlainSocketImpl.java:172)
	at java.net.SocksSocketImpl.connect(SocksSocketImpl.java:392)
	at java.net.Socket.connect(Socket.java:579)
	at java.net.Socket.connect(Socket.java:528)
	at sun.net.NetworkClient.doConnect(NetworkClient.java:180)
	at sun.net.www.http.HttpClient.openServer(HttpClient.java:432)
	at sun.net.www.http.HttpClient.openServer(HttpClient.java:527)
	at sun.net.www.http.HttpClient.<init>(HttpClient.java:211)
	at sun.net.www.http.HttpClient.New(HttpClient.java:308)
	at sun.net.www.http.HttpClient.New(HttpClient.java:326)
	at sun.net.www.protocol.http.HttpURLConnection.getNewHttpClient(HttpURLConnection.java:996)
	at sun.net.www.protocol.http.HttpURLConnection.plainConnect(HttpURLConnection.java:932)
	at sun.net.www.protocol.http.HttpURLConnection.connect(HttpURLConnection.java:850)
	at org.springframework.http.client.SimpleBufferingClientHttpRequest.executeInternal(SimpleBufferingClientHttpRequest.java:78)
	at org.springframework.http.client.AbstractBufferingClientHttpRequest.executeInternal(AbstractBufferingClientHttpRequest.java:46)
	at org.springframework.http.client.AbstractClientHttpRequest.execute(AbstractClientHttpRequest.java:52)
	at org.springframework.web.client.RestTemplate.doExecute(RestTemplate.java:527)
	... 17 more
]]>
    </failure>
  </testcase> <!-- thatOrdersCanBeAddedAndQueried -->
  <testcase name="thatOrdersCanBeAddedAndQueried" time="0.133" classname="com.sprhib.TestService"/>
  <testcase name="thatOrdersCanBeAddedAndQueried" time="0.138" classname="com.sprhib.TestService"/>
  <testcase name="thatOrdersCanBeAddedAndQueried" time="0.090" classname="com.sprhib.TestService"/>
  <testcase name="thatOrdersCanBeAddedAndQueried" time="0.149" classname="com.sprhib.TestService"/>
  <testcase name="thatOrdersCanBeAddedAndQueried" time="0.147" classname="com.sprhib.TestService"/>
  <testcase name="thatOrdersCanBeAddedAndQueried" time="0.193" classname="com.sprhib.TestService"/>
  <testcase name="thatOrdersCanBeAddedAndQueried" time="0.170" classname="com.sprhib.TestService"/>
  <testcase name="thatOrdersCanBeAddedAndQueried" time="0.081" classname="com.sprhib.TestService">
    <failure type="org.springframework.web.client.ResourceAccessException" message="I/O error on GET request for &quot;http://localhost:8080/spr-mvc-hib/convertation/-110/EUR/USD&quot;:No buffer space available (maximum connections reached?): connect; nested exception is java.net.SocketException: No buffer space available (maximum connections reached?): connect">
      <![CDATA[org.springframework.web.client.ResourceAccessException: I/O error on GET request for "http://localhost:8080/spr-mvc-hib/convertation/-110/EUR/USD":No buffer space available (maximum connections reached?): connect; nested exception is java.net.SocketException: No buffer space available (maximum connections reached?): connect
	at org.springframework.web.client.RestTemplate.doExecute(RestTemplate.java:543)
	at org.springframework.web.client.RestTemplate.execute(RestTemplate.java:489)
	at org.springframework.web.client.RestTemplate.getForEntity(RestTemplate.java:250)
	at com.sprhib.TestService.thatOrdersCanBeAddedAndQueried(TestService.java:26)
	at sun.reflect.GeneratedMethodAccessor3.invoke(Unknown Source)
	at sun.reflect.DelegatingMethodAccessorImpl.invoke(DelegatingMethodAccessorImpl.java:43)
	at java.lang.reflect.Method.invoke(Method.java:606)
	at org.testng.internal.MethodInvocationHelper.invokeMethod(MethodInvocationHelper.java:84)
	at org.testng.internal.Invoker.invokeMethod(Invoker.java:714)
	at org.testng.internal.Invoker.invokeTestMethod(Invoker.java:901)
	at org.testng.internal.Invoker.invokeTestMethods(Invoker.java:1231)
	at org.testng.internal.TestMethodWorker.invokeTestMethods(TestMethodWorker.java:127)
	at org.testng.internal.TestMethodWorker.run(TestMethodWorker.java:111)
	at org.testng.internal.thread.ThreadUtil$2.call(ThreadUtil.java:64)
	at java.util.concurrent.FutureTask.run(FutureTask.java:262)
	at java.util.concurrent.ThreadPoolExecutor.runWorker(ThreadPoolExecutor.java:1145)
	at java.util.concurrent.ThreadPoolExecutor$Worker.run(ThreadPoolExecutor.java:615)
	at java.lang.Thread.run(Thread.java:745)
Caused by: java.net.SocketException: No buffer space available (maximum connections reached?): connect
	at java.net.DualStackPlainSocketImpl.connect0(Native Method)
	at java.net.DualStackPlainSocketImpl.socketConnect(DualStackPlainSocketImpl.java:79)
	at java.net.AbstractPlainSocketImpl.doConnect(AbstractPlainSocketImpl.java:339)
	at java.net.AbstractPlainSocketImpl.connectToAddress(AbstractPlainSocketImpl.java:200)
	at java.net.AbstractPlainSocketImpl.connect(AbstractPlainSocketImpl.java:182)
	at java.net.PlainSocketImpl.connect(PlainSocketImpl.java:172)
	at java.net.SocksSocketImpl.connect(SocksSocketImpl.java:392)
	at java.net.Socket.connect(Socket.java:579)
	at java.net.Socket.connect(Socket.java:528)
	at sun.net.NetworkClient.doConnect(NetworkClient.java:180)
	at sun.net.www.http.HttpClient.openServer(HttpClient.java:432)
	at sun.net.www.http.HttpClient.openServer(HttpClient.java:527)
	at sun.net.www.http.HttpClient.<init>(HttpClient.java:211)
	at sun.net.www.http.HttpClient.New(HttpClient.java:308)
	at sun.net.www.http.HttpClient.New(HttpClient.java:326)
	at sun.net.www.protocol.http.HttpURLConnection.getNewHttpClient(HttpURLConnection.java:996)
	at sun.net.www.protocol.http.HttpURLConnection.plainConnect(HttpURLConnection.java:932)
	at sun.net.www.protocol.http.HttpURLConnection.connect(HttpURLConnection.java:850)
	at org.springframework.http.client.SimpleBufferingClientHttpRequest.executeInternal(SimpleBufferingClientHttpRequest.java:78)
	at org.springframework.http.client.AbstractBufferingClientHttpRequest.executeInternal(AbstractBufferingClientHttpRequest.java:46)
	at org.springframework.http.client.AbstractClientHttpRequest.execute(AbstractClientHttpRequest.java:52)
	at org.springframework.web.client.RestTemplate.doExecute(RestTemplate.java:527)
	... 17 more
]]>
    </failure>
  </testcase> <!-- thatOrdersCanBeAddedAndQueried -->
  <testcase name="thatOrdersCanBeAddedAndQueried" time="0.203" classname="com.sprhib.TestService"/>
  <testcase name="thatOrdersCanBeAddedAndQueried" time="0.213" classname="com.sprhib.TestService"/>
  <testcase name="thatOrdersCanBeAddedAndQueried" time="0.146" classname="com.sprhib.TestService"/>
  <testcase name="thatOrdersCanBeAddedAndQueried" time="0.249" classname="com.sprhib.TestService"/>
  <testcase name="thatOrdersCanBeAddedAndQueried" time="0.270" classname="com.sprhib.TestService"/>
  <testcase name="thatOrdersCanBeAddedAndQueried" time="0.113" classname="com.sprhib.TestService"/>
  <testcase name="thatOrdersCanBeAddedAndQueried" time="0.129" classname="com.sprhib.TestService"/>
  <testcase name="thatOrdersCanBeAddedAndQueried" time="0.172" classname="com.sprhib.TestService"/>
  <testcase name="thatOrdersCanBeAddedAndQueried" time="0.128" classname="com.sprhib.TestService"/>
  <testcase name="thatOrdersCanBeAddedAndQueried" time="0.083" classname="com.sprhib.TestService">
    <failure type="org.springframework.web.client.ResourceAccessException" message="I/O error on GET request for &quot;http://localhost:8080/spr-mvc-hib/convertation/-110/EUR/USD&quot;:No buffer space available (maximum connections reached?): connect; nested exception is java.net.SocketException: No buffer space available (maximum connections reached?): connect">
      <![CDATA[org.springframework.web.client.ResourceAccessException: I/O error on GET request for "http://localhost:8080/spr-mvc-hib/convertation/-110/EUR/USD":No buffer space available (maximum connections reached?): connect; nested exception is java.net.SocketException: No buffer space available (maximum connections reached?): connect
	at org.springframework.web.client.RestTemplate.doExecute(RestTemplate.java:543)
	at org.springframework.web.client.RestTemplate.execute(RestTemplate.java:489)
	at org.springframework.web.client.RestTemplate.getForEntity(RestTemplate.java:250)
	at com.sprhib.TestService.thatOrdersCanBeAddedAndQueried(TestService.java:26)
	at sun.reflect.GeneratedMethodAccessor3.invoke(Unknown Source)
	at sun.reflect.DelegatingMethodAccessorImpl.invoke(DelegatingMethodAccessorImpl.java:43)
	at java.lang.reflect.Method.invoke(Method.java:606)
	at org.testng.internal.MethodInvocationHelper.invokeMethod(MethodInvocationHelper.java:84)
	at org.testng.internal.Invoker.invokeMethod(Invoker.java:714)
	at org.testng.internal.Invoker.invokeTestMethod(Invoker.java:901)
	at org.testng.internal.Invoker.invokeTestMethods(Invoker.java:1231)
	at org.testng.internal.TestMethodWorker.invokeTestMethods(TestMethodWorker.java:127)
	at org.testng.internal.TestMethodWorker.run(TestMethodWorker.java:111)
	at org.testng.internal.thread.ThreadUtil$2.call(ThreadUtil.java:64)
	at java.util.concurrent.FutureTask.run(FutureTask.java:262)
	at java.util.concurrent.ThreadPoolExecutor.runWorker(ThreadPoolExecutor.java:1145)
	at java.util.concurrent.ThreadPoolExecutor$Worker.run(ThreadPoolExecutor.java:615)
	at java.lang.Thread.run(Thread.java:745)
Caused by: java.net.SocketException: No buffer space available (maximum connections reached?): connect
	at java.net.DualStackPlainSocketImpl.connect0(Native Method)
	at java.net.DualStackPlainSocketImpl.socketConnect(DualStackPlainSocketImpl.java:79)
	at java.net.AbstractPlainSocketImpl.doConnect(AbstractPlainSocketImpl.java:339)
	at java.net.AbstractPlainSocketImpl.connectToAddress(AbstractPlainSocketImpl.java:200)
	at java.net.AbstractPlainSocketImpl.connect(AbstractPlainSocketImpl.java:182)
	at java.net.PlainSocketImpl.connect(PlainSocketImpl.java:172)
	at java.net.SocksSocketImpl.connect(SocksSocketImpl.java:392)
	at java.net.Socket.connect(Socket.java:579)
	at java.net.Socket.connect(Socket.java:528)
	at sun.net.NetworkClient.doConnect(NetworkClient.java:180)
	at sun.net.www.http.HttpClient.openServer(HttpClient.java:432)
	at sun.net.www.http.HttpClient.openServer(HttpClient.java:527)
	at sun.net.www.http.HttpClient.<init>(HttpClient.java:211)
	at sun.net.www.http.HttpClient.New(HttpClient.java:308)
	at sun.net.www.http.HttpClient.New(HttpClient.java:326)
	at sun.net.www.protocol.http.HttpURLConnection.getNewHttpClient(HttpURLConnection.java:996)
	at sun.net.www.protocol.http.HttpURLConnection.plainConnect(HttpURLConnection.java:932)
	at sun.net.www.protocol.http.HttpURLConnection.connect(HttpURLConnection.java:850)
	at org.springframework.http.client.SimpleBufferingClientHttpRequest.executeInternal(SimpleBufferingClientHttpRequest.java:78)
	at org.springframework.http.client.AbstractBufferingClientHttpRequest.executeInternal(AbstractBufferingClientHttpRequest.java:46)
	at org.springframework.http.client.AbstractClientHttpRequest.execute(AbstractClientHttpRequest.java:52)
	at org.springframework.web.client.RestTemplate.doExecute(RestTemplate.java:527)
	... 17 more
]]>
    </failure>
  </testcase> <!-- thatOrdersCanBeAddedAndQueried -->
  <testcase name="thatOrdersCanBeAddedAndQueried" time="0.158" classname="com.sprhib.TestService"/>
  <testcase name="thatOrdersCanBeAddedAndQueried" time="0.217" classname="com.sprhib.TestService"/>
  <testcase name="thatOrdersCanBeAddedAndQueried" time="0.130" classname="com.sprhib.TestService"/>
  <testcase name="thatOrdersCanBeAddedAndQueried" time="0.124" classname="com.sprhib.TestService"/>
  <testcase name="thatOrdersCanBeAddedAndQueried" time="0.247" classname="com.sprhib.TestService"/>
  <testcase name="thatOrdersCanBeAddedAndQueried" time="0.184" classname="com.sprhib.TestService"/>
  <testcase name="thatOrdersCanBeAddedAndQueried" time="0.314" classname="com.sprhib.TestService"/>
  <testcase name="thatOrdersCanBeAddedAndQueried" time="0.423" classname="com.sprhib.TestService"/>
  <testcase name="thatOrdersCanBeAddedAndQueried" time="0.020" classname="com.sprhib.TestService">
    <failure type="org.springframework.web.client.ResourceAccessException" message="I/O error on GET request for &quot;http://localhost:8080/spr-mvc-hib/convertation/-110/EUR/USD&quot;:No buffer space available (maximum connections reached?): connect; nested exception is java.net.SocketException: No buffer space available (maximum connections reached?): connect">
      <![CDATA[org.springframework.web.client.ResourceAccessException: I/O error on GET request for "http://localhost:8080/spr-mvc-hib/convertation/-110/EUR/USD":No buffer space available (maximum connections reached?): connect; nested exception is java.net.SocketException: No buffer space available (maximum connections reached?): connect
	at org.springframework.web.client.RestTemplate.doExecute(RestTemplate.java:543)
	at org.springframework.web.client.RestTemplate.execute(RestTemplate.java:489)
	at org.springframework.web.client.RestTemplate.getForEntity(RestTemplate.java:250)
	at com.sprhib.TestService.thatOrdersCanBeAddedAndQueried(TestService.java:26)
	at sun.reflect.GeneratedMethodAccessor3.invoke(Unknown Source)
	at sun.reflect.DelegatingMethodAccessorImpl.invoke(DelegatingMethodAccessorImpl.java:43)
	at java.lang.reflect.Method.invoke(Method.java:606)
	at org.testng.internal.MethodInvocationHelper.invokeMethod(MethodInvocationHelper.java:84)
	at org.testng.internal.Invoker.invokeMethod(Invoker.java:714)
	at org.testng.internal.Invoker.invokeTestMethod(Invoker.java:901)
	at org.testng.internal.Invoker.invokeTestMethods(Invoker.java:1231)
	at org.testng.internal.TestMethodWorker.invokeTestMethods(TestMethodWorker.java:127)
	at org.testng.internal.TestMethodWorker.run(TestMethodWorker.java:111)
	at org.testng.internal.thread.ThreadUtil$2.call(ThreadUtil.java:64)
	at java.util.concurrent.FutureTask.run(FutureTask.java:262)
	at java.util.concurrent.ThreadPoolExecutor.runWorker(ThreadPoolExecutor.java:1145)
	at java.util.concurrent.ThreadPoolExecutor$Worker.run(ThreadPoolExecutor.java:615)
	at java.lang.Thread.run(Thread.java:745)
Caused by: java.net.SocketException: No buffer space available (maximum connections reached?): connect
	at java.net.DualStackPlainSocketImpl.connect0(Native Method)
	at java.net.DualStackPlainSocketImpl.socketConnect(DualStackPlainSocketImpl.java:79)
	at java.net.AbstractPlainSocketImpl.doConnect(AbstractPlainSocketImpl.java:339)
	at java.net.AbstractPlainSocketImpl.connectToAddress(AbstractPlainSocketImpl.java:200)
	at java.net.AbstractPlainSocketImpl.connect(AbstractPlainSocketImpl.java:182)
	at java.net.PlainSocketImpl.connect(PlainSocketImpl.java:172)
	at java.net.SocksSocketImpl.connect(SocksSocketImpl.java:392)
	at java.net.Socket.connect(Socket.java:579)
	at java.net.Socket.connect(Socket.java:528)
	at sun.net.NetworkClient.doConnect(NetworkClient.java:180)
	at sun.net.www.http.HttpClient.openServer(HttpClient.java:432)
	at sun.net.www.http.HttpClient.openServer(HttpClient.java:527)
	at sun.net.www.http.HttpClient.<init>(HttpClient.java:211)
	at sun.net.www.http.HttpClient.New(HttpClient.java:308)
	at sun.net.www.http.HttpClient.New(HttpClient.java:326)
	at sun.net.www.protocol.http.HttpURLConnection.getNewHttpClient(HttpURLConnection.java:996)
	at sun.net.www.protocol.http.HttpURLConnection.plainConnect(HttpURLConnection.java:932)
	at sun.net.www.protocol.http.HttpURLConnection.connect(HttpURLConnection.java:850)
	at org.springframework.http.client.SimpleBufferingClientHttpRequest.executeInternal(SimpleBufferingClientHttpRequest.java:78)
	at org.springframework.http.client.AbstractBufferingClientHttpRequest.executeInternal(AbstractBufferingClientHttpRequest.java:46)
	at org.springframework.http.client.AbstractClientHttpRequest.execute(AbstractClientHttpRequest.java:52)
	at org.springframework.web.client.RestTemplate.doExecute(RestTemplate.java:527)
	... 17 more
]]>
    </failure>
  </testcase> <!-- thatOrdersCanBeAddedAndQueried -->
  <testcase name="thatOrdersCanBeAddedAndQueried" time="0.203" classname="com.sprhib.TestService"/>
  <testcase name="thatOrdersCanBeAddedAndQueried" time="0.162" classname="com.sprhib.TestService"/>
  <testcase name="thatOrdersCanBeAddedAndQueried" time="0.221" classname="com.sprhib.TestService"/>
  <testcase name="thatOrdersCanBeAddedAndQueried" time="0.199" classname="com.sprhib.TestService"/>
  <testcase name="thatOrdersCanBeAddedAndQueried" time="0.204" classname="com.sprhib.TestService"/>
  <testcase name="thatOrdersCanBeAddedAndQueried" time="0.139" classname="com.sprhib.TestService"/>
  <testcase name="thatOrdersCanBeAddedAndQueried" time="0.012" classname="com.sprhib.TestService">
    <failure type="org.springframework.web.client.ResourceAccessException" message="I/O error on GET request for &quot;http://localhost:8080/spr-mvc-hib/convertation/-110/EUR/USD&quot;:No buffer space available (maximum connections reached?): connect; nested exception is java.net.SocketException: No buffer space available (maximum connections reached?): connect">
      <![CDATA[org.springframework.web.client.ResourceAccessException: I/O error on GET request for "http://localhost:8080/spr-mvc-hib/convertation/-110/EUR/USD":No buffer space available (maximum connections reached?): connect; nested exception is java.net.SocketException: No buffer space available (maximum connections reached?): connect
	at org.springframework.web.client.RestTemplate.doExecute(RestTemplate.java:543)
	at org.springframework.web.client.RestTemplate.execute(RestTemplate.java:489)
	at org.springframework.web.client.RestTemplate.getForEntity(RestTemplate.java:250)
	at com.sprhib.TestService.thatOrdersCanBeAddedAndQueried(TestService.java:26)
	at sun.reflect.GeneratedMethodAccessor3.invoke(Unknown Source)
	at sun.reflect.DelegatingMethodAccessorImpl.invoke(DelegatingMethodAccessorImpl.java:43)
	at java.lang.reflect.Method.invoke(Method.java:606)
	at org.testng.internal.MethodInvocationHelper.invokeMethod(MethodInvocationHelper.java:84)
	at org.testng.internal.Invoker.invokeMethod(Invoker.java:714)
	at org.testng.internal.Invoker.invokeTestMethod(Invoker.java:901)
	at org.testng.internal.Invoker.invokeTestMethods(Invoker.java:1231)
	at org.testng.internal.TestMethodWorker.invokeTestMethods(TestMethodWorker.java:127)
	at org.testng.internal.TestMethodWorker.run(TestMethodWorker.java:111)
	at org.testng.internal.thread.ThreadUtil$2.call(ThreadUtil.java:64)
	at java.util.concurrent.FutureTask.run(FutureTask.java:262)
	at java.util.concurrent.ThreadPoolExecutor.runWorker(ThreadPoolExecutor.java:1145)
	at java.util.concurrent.ThreadPoolExecutor$Worker.run(ThreadPoolExecutor.java:615)
	at java.lang.Thread.run(Thread.java:745)
Caused by: java.net.SocketException: No buffer space available (maximum connections reached?): connect
	at java.net.DualStackPlainSocketImpl.connect0(Native Method)
	at java.net.DualStackPlainSocketImpl.socketConnect(DualStackPlainSocketImpl.java:79)
	at java.net.AbstractPlainSocketImpl.doConnect(AbstractPlainSocketImpl.java:339)
	at java.net.AbstractPlainSocketImpl.connectToAddress(AbstractPlainSocketImpl.java:200)
	at java.net.AbstractPlainSocketImpl.connect(AbstractPlainSocketImpl.java:182)
	at java.net.PlainSocketImpl.connect(PlainSocketImpl.java:172)
	at java.net.SocksSocketImpl.connect(SocksSocketImpl.java:392)
	at java.net.Socket.connect(Socket.java:579)
	at java.net.Socket.connect(Socket.java:528)
	at sun.net.NetworkClient.doConnect(NetworkClient.java:180)
	at sun.net.www.http.HttpClient.openServer(HttpClient.java:432)
	at sun.net.www.http.HttpClient.openServer(HttpClient.java:527)
	at sun.net.www.http.HttpClient.<init>(HttpClient.java:211)
	at sun.net.www.http.HttpClient.New(HttpClient.java:308)
	at sun.net.www.http.HttpClient.New(HttpClient.java:326)
	at sun.net.www.protocol.http.HttpURLConnection.getNewHttpClient(HttpURLConnection.java:996)
	at sun.net.www.protocol.http.HttpURLConnection.plainConnect(HttpURLConnection.java:932)
	at sun.net.www.protocol.http.HttpURLConnection.connect(HttpURLConnection.java:850)
	at org.springframework.http.client.SimpleBufferingClientHttpRequest.executeInternal(SimpleBufferingClientHttpRequest.java:78)
	at org.springframework.http.client.AbstractBufferingClientHttpRequest.executeInternal(AbstractBufferingClientHttpRequest.java:46)
	at org.springframework.http.client.AbstractClientHttpRequest.execute(AbstractClientHttpRequest.java:52)
	at org.springframework.web.client.RestTemplate.doExecute(RestTemplate.java:527)
	... 17 more
]]>
    </failure>
  </testcase> <!-- thatOrdersCanBeAddedAndQueried -->
  <testcase name="thatOrdersCanBeAddedAndQueried" time="0.188" classname="com.sprhib.TestService"/>
  <testcase name="thatOrdersCanBeAddedAndQueried" time="0.158" classname="com.sprhib.TestService"/>
  <testcase name="thatOrdersCanBeAddedAndQueried" time="0.226" classname="com.sprhib.TestService"/>
  <testcase name="thatOrdersCanBeAddedAndQueried" time="0.181" classname="com.sprhib.TestService"/>
  <testcase name="thatOrdersCanBeAddedAndQueried" time="0.174" classname="com.sprhib.TestService"/>
  <testcase name="thatOrdersCanBeAddedAndQueried" time="0.138" classname="com.sprhib.TestService"/>
  <testcase name="thatOrdersCanBeAddedAndQueried" time="0.120" classname="com.sprhib.TestService"/>
  <testcase name="thatOrdersCanBeAddedAndQueried" time="0.314" classname="com.sprhib.TestService"/>
  <testcase name="thatOrdersCanBeAddedAndQueried" time="0.160" classname="com.sprhib.TestService"/>
  <testcase name="thatOrdersCanBeAddedAndQueried" time="0.170" classname="com.sprhib.TestService"/>
  <testcase name="thatOrdersCanBeAddedAndQueried" time="0.150" classname="com.sprhib.TestService"/>
  <testcase name="thatOrdersCanBeAddedAndQueried" time="0.172" classname="com.sprhib.TestService"/>
  <testcase name="thatOrdersCanBeAddedAndQueried" time="0.319" classname="com.sprhib.TestService"/>
  <testcase name="thatOrdersCanBeAddedAndQueried" time="0.193" classname="com.sprhib.TestService"/>
  <testcase name="thatOrdersCanBeAddedAndQueried" time="0.271" classname="com.sprhib.TestService">
    <failure type="org.springframework.web.client.HttpServerErrorException" message="500 Internal Server Error">
      <![CDATA[org.springframework.web.client.HttpServerErrorException: 500 Internal Server Error
	at org.springframework.web.client.DefaultResponseErrorHandler.handleError(DefaultResponseErrorHandler.java:94)
	at org.springframework.web.client.RestTemplate.handleResponseError(RestTemplate.java:576)
	at org.springframework.web.client.RestTemplate.doExecute(RestTemplate.java:532)
	at org.springframework.web.client.RestTemplate.execute(RestTemplate.java:489)
	at org.springframework.web.client.RestTemplate.getForEntity(RestTemplate.java:250)
	at com.sprhib.TestService.thatOrdersCanBeAddedAndQueried(TestService.java:44)
	at sun.reflect.GeneratedMethodAccessor3.invoke(Unknown Source)
	at sun.reflect.DelegatingMethodAccessorImpl.invoke(DelegatingMethodAccessorImpl.java:43)
	at java.lang.reflect.Method.invoke(Method.java:606)
	at org.testng.internal.MethodInvocationHelper.invokeMethod(MethodInvocationHelper.java:84)
	at org.testng.internal.Invoker.invokeMethod(Invoker.java:714)
	at org.testng.internal.Invoker.invokeTestMethod(Invoker.java:901)
	at org.testng.internal.Invoker.invokeTestMethods(Invoker.java:1231)
	at org.testng.internal.TestMethodWorker.invokeTestMethods(TestMethodWorker.java:127)
	at org.testng.internal.TestMethodWorker.run(TestMethodWorker.java:111)
	at org.testng.internal.thread.ThreadUtil$2.call(ThreadUtil.java:64)
	at java.util.concurrent.FutureTask.run(FutureTask.java:262)
	at java.util.concurrent.ThreadPoolExecutor.runWorker(ThreadPoolExecutor.java:1145)
	at java.util.concurrent.ThreadPoolExecutor$Worker.run(ThreadPoolExecutor.java:615)
	at java.lang.Thread.run(Thread.java:745)
]]>
    </failure>
  </testcase> <!-- thatOrdersCanBeAddedAndQueried -->
  <testcase name="thatOrdersCanBeAddedAndQueried" time="0.494" classname="com.sprhib.TestService"/>
  <testcase name="thatOrdersCanBeAddedAndQueried" time="0.148" classname="com.sprhib.TestService"/>
  <testcase name="thatOrdersCanBeAddedAndQueried" time="0.274" classname="com.sprhib.TestService"/>
  <testcase name="thatOrdersCanBeAddedAndQueried" time="0.145" classname="com.sprhib.TestService"/>
  <testcase name="thatOrdersCanBeAddedAndQueried" time="0.177" classname="com.sprhib.TestService"/>
  <testcase name="thatOrdersCanBeAddedAndQueried" time="0.196" classname="com.sprhib.TestService"/>
  <testcase name="thatOrdersCanBeAddedAndQueried" time="0.192" classname="com.sprhib.TestService"/>
  <testcase name="thatOrdersCanBeAddedAndQueried" time="0.024" classname="com.sprhib.TestService">
    <failure type="org.springframework.web.client.ResourceAccessException" message="I/O error on GET request for &quot;http://localhost:8080/spr-mvc-hib/convertation/-110/EUR/USD&quot;:No buffer space available (maximum connections reached?): connect; nested exception is java.net.SocketException: No buffer space available (maximum connections reached?): connect">
      <![CDATA[org.springframework.web.client.ResourceAccessException: I/O error on GET request for "http://localhost:8080/spr-mvc-hib/convertation/-110/EUR/USD":No buffer space available (maximum connections reached?): connect; nested exception is java.net.SocketException: No buffer space available (maximum connections reached?): connect
	at org.springframework.web.client.RestTemplate.doExecute(RestTemplate.java:543)
	at org.springframework.web.client.RestTemplate.execute(RestTemplate.java:489)
	at org.springframework.web.client.RestTemplate.getForEntity(RestTemplate.java:250)
	at com.sprhib.TestService.thatOrdersCanBeAddedAndQueried(TestService.java:26)
	at sun.reflect.GeneratedMethodAccessor3.invoke(Unknown Source)
	at sun.reflect.DelegatingMethodAccessorImpl.invoke(DelegatingMethodAccessorImpl.java:43)
	at java.lang.reflect.Method.invoke(Method.java:606)
	at org.testng.internal.MethodInvocationHelper.invokeMethod(MethodInvocationHelper.java:84)
	at org.testng.internal.Invoker.invokeMethod(Invoker.java:714)
	at org.testng.internal.Invoker.invokeTestMethod(Invoker.java:901)
	at org.testng.internal.Invoker.invokeTestMethods(Invoker.java:1231)
	at org.testng.internal.TestMethodWorker.invokeTestMethods(TestMethodWorker.java:127)
	at org.testng.internal.TestMethodWorker.run(TestMethodWorker.java:111)
	at org.testng.internal.thread.ThreadUtil$2.call(ThreadUtil.java:64)
	at java.util.concurrent.FutureTask.run(FutureTask.java:262)
	at java.util.concurrent.ThreadPoolExecutor.runWorker(ThreadPoolExecutor.java:1145)
	at java.util.concurrent.ThreadPoolExecutor$Worker.run(ThreadPoolExecutor.java:615)
	at java.lang.Thread.run(Thread.java:745)
Caused by: java.net.SocketException: No buffer space available (maximum connections reached?): connect
	at java.net.DualStackPlainSocketImpl.connect0(Native Method)
	at java.net.DualStackPlainSocketImpl.socketConnect(DualStackPlainSocketImpl.java:79)
	at java.net.AbstractPlainSocketImpl.doConnect(AbstractPlainSocketImpl.java:339)
	at java.net.AbstractPlainSocketImpl.connectToAddress(AbstractPlainSocketImpl.java:200)
	at java.net.AbstractPlainSocketImpl.connect(AbstractPlainSocketImpl.java:182)
	at java.net.PlainSocketImpl.connect(PlainSocketImpl.java:172)
	at java.net.SocksSocketImpl.connect(SocksSocketImpl.java:392)
	at java.net.Socket.connect(Socket.java:579)
	at java.net.Socket.connect(Socket.java:528)
	at sun.net.NetworkClient.doConnect(NetworkClient.java:180)
	at sun.net.www.http.HttpClient.openServer(HttpClient.java:432)
	at sun.net.www.http.HttpClient.openServer(HttpClient.java:527)
	at sun.net.www.http.HttpClient.<init>(HttpClient.java:211)
	at sun.net.www.http.HttpClient.New(HttpClient.java:308)
	at sun.net.www.http.HttpClient.New(HttpClient.java:326)
	at sun.net.www.protocol.http.HttpURLConnection.getNewHttpClient(HttpURLConnection.java:996)
	at sun.net.www.protocol.http.HttpURLConnection.plainConnect(HttpURLConnection.java:932)
	at sun.net.www.protocol.http.HttpURLConnection.connect(HttpURLConnection.java:850)
	at org.springframework.http.client.SimpleBufferingClientHttpRequest.executeInternal(SimpleBufferingClientHttpRequest.java:78)
	at org.springframework.http.client.AbstractBufferingClientHttpRequest.executeInternal(AbstractBufferingClientHttpRequest.java:46)
	at org.springframework.http.client.AbstractClientHttpRequest.execute(AbstractClientHttpRequest.java:52)
	at org.springframework.web.client.RestTemplate.doExecute(RestTemplate.java:527)
	... 17 more
]]>
    </failure>
  </testcase> <!-- thatOrdersCanBeAddedAndQueried -->
  <testcase name="thatOrdersCanBeAddedAndQueried" time="0.244" classname="com.sprhib.TestService"/>
  <testcase name="thatOrdersCanBeAddedAndQueried" time="0.240" classname="com.sprhib.TestService"/>
  <testcase name="thatOrdersCanBeAddedAndQueried" time="0.160" classname="com.sprhib.TestService"/>
  <testcase name="thatOrdersCanBeAddedAndQueried" time="0.159" classname="com.sprhib.TestService"/>
  <testcase name="thatOrdersCanBeAddedAndQueried" time="0.183" classname="com.sprhib.TestService"/>
  <testcase name="thatOrdersCanBeAddedAndQueried" time="0.239" classname="com.sprhib.TestService"/>
  <testcase name="thatOrdersCanBeAddedAndQueried" time="0.155" classname="com.sprhib.TestService"/>
  <testcase name="thatOrdersCanBeAddedAndQueried" time="0.187" classname="com.sprhib.TestService"/>
  <testcase name="thatOrdersCanBeAddedAndQueried" time="0.186" classname="com.sprhib.TestService"/>
  <testcase name="thatOrdersCanBeAddedAndQueried" time="0.173" classname="com.sprhib.TestService"/>
  <testcase name="thatOrdersCanBeAddedAndQueried" time="0.640" classname="com.sprhib.TestService"/>
  <testcase name="thatOrdersCanBeAddedAndQueried" time="0.232" classname="com.sprhib.TestService"/>
  <testcase name="thatOrdersCanBeAddedAndQueried" time="0.177" classname="com.sprhib.TestService"/>
  <testcase name="thatOrdersCanBeAddedAndQueried" time="0.297" classname="com.sprhib.TestService"/>
  <testcase name="thatOrdersCanBeAddedAndQueried" time="0.219" classname="com.sprhib.TestService"/>
  <testcase name="thatOrdersCanBeAddedAndQueried" time="0.176" classname="com.sprhib.TestService"/>
  <testcase name="thatOrdersCanBeAddedAndQueried" time="0.296" classname="com.sprhib.TestService"/>
  <testcase name="thatOrdersCanBeAddedAndQueried" time="0.189" classname="com.sprhib.TestService"/>
  <testcase name="thatOrdersCanBeAddedAndQueried" time="0.167" classname="com.sprhib.TestService"/>
  <testcase name="thatOrdersCanBeAddedAndQueried" time="0.132" classname="com.sprhib.TestService"/>
  <testcase name="thatOrdersCanBeAddedAndQueried" time="0.220" classname="com.sprhib.TestService"/>
  <testcase name="thatOrdersCanBeAddedAndQueried" time="0.271" classname="com.sprhib.TestService"/>
  <testcase name="thatOrdersCanBeAddedAndQueried" time="0.191" classname="com.sprhib.TestService"/>
  <testcase name="thatOrdersCanBeAddedAndQueried" time="0.249" classname="com.sprhib.TestService"/>
  <testcase name="thatOrdersCanBeAddedAndQueried" time="0.149" classname="com.sprhib.TestService"/>
  <testcase name="thatOrdersCanBeAddedAndQueried" time="0.145" classname="com.sprhib.TestService"/>
  <testcase name="thatOrdersCanBeAddedAndQueried" time="0.174" classname="com.sprhib.TestService"/>
  <testcase name="thatOrdersCanBeAddedAndQueried" time="0.157" classname="com.sprhib.TestService"/>
  <testcase name="thatOrdersCanBeAddedAndQueried" time="0.149" classname="com.sprhib.TestService"/>
  <testcase name="thatOrdersCanBeAddedAndQueried" time="0.265" classname="com.sprhib.TestService"/>
  <testcase name="thatOrdersCanBeAddedAndQueried" time="0.405" classname="com.sprhib.TestService">
    <failure type="org.springframework.web.client.HttpServerErrorException" message="500 Internal Server Error">
      <![CDATA[org.springframework.web.client.HttpServerErrorException: 500 Internal Server Error
	at org.springframework.web.client.DefaultResponseErrorHandler.handleError(DefaultResponseErrorHandler.java:94)
	at org.springframework.web.client.RestTemplate.handleResponseError(RestTemplate.java:576)
	at org.springframework.web.client.RestTemplate.doExecute(RestTemplate.java:532)
	at org.springframework.web.client.RestTemplate.execute(RestTemplate.java:489)
	at org.springframework.web.client.RestTemplate.getForEntity(RestTemplate.java:250)
	at com.sprhib.TestService.thatOrdersCanBeAddedAndQueried(TestService.java:44)
	at sun.reflect.GeneratedMethodAccessor3.invoke(Unknown Source)
	at sun.reflect.DelegatingMethodAccessorImpl.invoke(DelegatingMethodAccessorImpl.java:43)
	at java.lang.reflect.Method.invoke(Method.java:606)
	at org.testng.internal.MethodInvocationHelper.invokeMethod(MethodInvocationHelper.java:84)
	at org.testng.internal.Invoker.invokeMethod(Invoker.java:714)
	at org.testng.internal.Invoker.invokeTestMethod(Invoker.java:901)
	at org.testng.internal.Invoker.invokeTestMethods(Invoker.java:1231)
	at org.testng.internal.TestMethodWorker.invokeTestMethods(TestMethodWorker.java:127)
	at org.testng.internal.TestMethodWorker.run(TestMethodWorker.java:111)
	at org.testng.internal.thread.ThreadUtil$2.call(ThreadUtil.java:64)
	at java.util.concurrent.FutureTask.run(FutureTask.java:262)
	at java.util.concurrent.ThreadPoolExecutor.runWorker(ThreadPoolExecutor.java:1145)
	at java.util.concurrent.ThreadPoolExecutor$Worker.run(ThreadPoolExecutor.java:615)
	at java.lang.Thread.run(Thread.java:745)
]]>
    </failure>
  </testcase> <!-- thatOrdersCanBeAddedAndQueried -->
  <testcase name="thatOrdersCanBeAddedAndQueried" time="0.244" classname="com.sprhib.TestService"/>
  <testcase name="thatOrdersCanBeAddedAndQueried" time="0.212" classname="com.sprhib.TestService"/>
  <testcase name="thatOrdersCanBeAddedAndQueried" time="0.045" classname="com.sprhib.TestService">
    <failure type="org.springframework.web.client.ResourceAccessException" message="I/O error on GET request for &quot;http://localhost:8080/spr-mvc-hib/convertation/-110/EUR/USD&quot;:No buffer space available (maximum connections reached?): connect; nested exception is java.net.SocketException: No buffer space available (maximum connections reached?): connect">
      <![CDATA[org.springframework.web.client.ResourceAccessException: I/O error on GET request for "http://localhost:8080/spr-mvc-hib/convertation/-110/EUR/USD":No buffer space available (maximum connections reached?): connect; nested exception is java.net.SocketException: No buffer space available (maximum connections reached?): connect
	at org.springframework.web.client.RestTemplate.doExecute(RestTemplate.java:543)
	at org.springframework.web.client.RestTemplate.execute(RestTemplate.java:489)
	at org.springframework.web.client.RestTemplate.getForEntity(RestTemplate.java:250)
	at com.sprhib.TestService.thatOrdersCanBeAddedAndQueried(TestService.java:26)
	at sun.reflect.GeneratedMethodAccessor3.invoke(Unknown Source)
	at sun.reflect.DelegatingMethodAccessorImpl.invoke(DelegatingMethodAccessorImpl.java:43)
	at java.lang.reflect.Method.invoke(Method.java:606)
	at org.testng.internal.MethodInvocationHelper.invokeMethod(MethodInvocationHelper.java:84)
	at org.testng.internal.Invoker.invokeMethod(Invoker.java:714)
	at org.testng.internal.Invoker.invokeTestMethod(Invoker.java:901)
	at org.testng.internal.Invoker.invokeTestMethods(Invoker.java:1231)
	at org.testng.internal.TestMethodWorker.invokeTestMethods(TestMethodWorker.java:127)
	at org.testng.internal.TestMethodWorker.run(TestMethodWorker.java:111)
	at org.testng.internal.thread.ThreadUtil$2.call(ThreadUtil.java:64)
	at java.util.concurrent.FutureTask.run(FutureTask.java:262)
	at java.util.concurrent.ThreadPoolExecutor.runWorker(ThreadPoolExecutor.java:1145)
	at java.util.concurrent.ThreadPoolExecutor$Worker.run(ThreadPoolExecutor.java:615)
	at java.lang.Thread.run(Thread.java:745)
Caused by: java.net.SocketException: No buffer space available (maximum connections reached?): connect
	at java.net.DualStackPlainSocketImpl.connect0(Native Method)
	at java.net.DualStackPlainSocketImpl.socketConnect(DualStackPlainSocketImpl.java:79)
	at java.net.AbstractPlainSocketImpl.doConnect(AbstractPlainSocketImpl.java:339)
	at java.net.AbstractPlainSocketImpl.connectToAddress(AbstractPlainSocketImpl.java:200)
	at java.net.AbstractPlainSocketImpl.connect(AbstractPlainSocketImpl.java:182)
	at java.net.PlainSocketImpl.connect(PlainSocketImpl.java:172)
	at java.net.SocksSocketImpl.connect(SocksSocketImpl.java:392)
	at java.net.Socket.connect(Socket.java:579)
	at java.net.Socket.connect(Socket.java:528)
	at sun.net.NetworkClient.doConnect(NetworkClient.java:180)
	at sun.net.www.http.HttpClient.openServer(HttpClient.java:432)
	at sun.net.www.http.HttpClient.openServer(HttpClient.java:527)
	at sun.net.www.http.HttpClient.<init>(HttpClient.java:211)
	at sun.net.www.http.HttpClient.New(HttpClient.java:308)
	at sun.net.www.http.HttpClient.New(HttpClient.java:326)
	at sun.net.www.protocol.http.HttpURLConnection.getNewHttpClient(HttpURLConnection.java:996)
	at sun.net.www.protocol.http.HttpURLConnection.plainConnect(HttpURLConnection.java:932)
	at sun.net.www.protocol.http.HttpURLConnection.connect(HttpURLConnection.java:850)
	at org.springframework.http.client.SimpleBufferingClientHttpRequest.executeInternal(SimpleBufferingClientHttpRequest.java:78)
	at org.springframework.http.client.AbstractBufferingClientHttpRequest.executeInternal(AbstractBufferingClientHttpRequest.java:46)
	at org.springframework.http.client.AbstractClientHttpRequest.execute(AbstractClientHttpRequest.java:52)
	at org.springframework.web.client.RestTemplate.doExecute(RestTemplate.java:527)
	... 17 more
]]>
    </failure>
  </testcase> <!-- thatOrdersCanBeAddedAndQueried -->
  <testcase name="thatOrdersCanBeAddedAndQueried" time="0.317" classname="com.sprhib.TestService"/>
  <testcase name="thatOrdersCanBeAddedAndQueried" time="0.138" classname="com.sprhib.TestService"/>
  <testcase name="thatOrdersCanBeAddedAndQueried" time="0.222" classname="com.sprhib.TestService"/>
  <testcase name="thatOrdersCanBeAddedAndQueried" time="0.251" classname="com.sprhib.TestService"/>
  <testcase name="thatOrdersCanBeAddedAndQueried" time="0.147" classname="com.sprhib.TestService"/>
  <testcase name="thatOrdersCanBeAddedAndQueried" time="0.239" classname="com.sprhib.TestService"/>
  <testcase name="thatOrdersCanBeAddedAndQueried" time="0.155" classname="com.sprhib.TestService"/>
  <testcase name="thatOrdersCanBeAddedAndQueried" time="0.210" classname="com.sprhib.TestService"/>
  <testcase name="thatOrdersCanBeAddedAndQueried" time="0.129" classname="com.sprhib.TestService"/>
  <testcase name="thatOrdersCanBeAddedAndQueried" time="0.205" classname="com.sprhib.TestService"/>
  <testcase name="thatOrdersCanBeAddedAndQueried" time="0.215" classname="com.sprhib.TestService"/>
  <testcase name="thatOrdersCanBeAddedAndQueried" time="0.189" classname="com.sprhib.TestService"/>
  <testcase name="thatOrdersCanBeAddedAndQueried" time="0.369" classname="com.sprhib.TestService"/>
  <testcase name="thatOrdersCanBeAddedAndQueried" time="0.175" classname="com.sprhib.TestService"/>
  <testcase name="thatOrdersCanBeAddedAndQueried" time="0.188" classname="com.sprhib.TestService"/>
  <testcase name="thatOrdersCanBeAddedAndQueried" time="0.133" classname="com.sprhib.TestService"/>
  <testcase name="thatOrdersCanBeAddedAndQueried" time="0.263" classname="com.sprhib.TestService"/>
  <testcase name="thatOrdersCanBeAddedAndQueried" time="0.149" classname="com.sprhib.TestService"/>
  <testcase name="thatOrdersCanBeAddedAndQueried" time="0.218" classname="com.sprhib.TestService"/>
  <testcase name="thatOrdersCanBeAddedAndQueried" time="0.167" classname="com.sprhib.TestService"/>
  <testcase name="thatOrdersCanBeAddedAndQueried" time="0.126" classname="com.sprhib.TestService"/>
  <testcase name="thatOrdersCanBeAddedAndQueried" time="0.171" classname="com.sprhib.TestService"/>
  <testcase name="thatOrdersCanBeAddedAndQueried" time="0.149" classname="com.sprhib.TestService"/>
  <testcase name="thatOrdersCanBeAddedAndQueried" time="0.126" classname="com.sprhib.TestService"/>
  <testcase name="thatOrdersCanBeAddedAndQueried" time="0.231" classname="com.sprhib.TestService"/>
  <testcase name="thatOrdersCanBeAddedAndQueried" time="0.210" classname="com.sprhib.TestService"/>
  <testcase name="thatOrdersCanBeAddedAndQueried" time="0.232" classname="com.sprhib.TestService"/>
  <testcase name="thatOrdersCanBeAddedAndQueried" time="0.133" classname="com.sprhib.TestService"/>
  <testcase name="thatOrdersCanBeAddedAndQueried" time="0.161" classname="com.sprhib.TestService"/>
  <testcase name="thatOrdersCanBeAddedAndQueried" time="0.178" classname="com.sprhib.TestService"/>
  <testcase name="thatOrdersCanBeAddedAndQueried" time="0.162" classname="com.sprhib.TestService"/>
  <testcase name="thatOrdersCanBeAddedAndQueried" time="0.151" classname="com.sprhib.TestService"/>
  <testcase name="thatOrdersCanBeAddedAndQueried" time="0.212" classname="com.sprhib.TestService"/>
  <testcase name="thatOrdersCanBeAddedAndQueried" time="0.158" classname="com.sprhib.TestService"/>
  <testcase name="thatOrdersCanBeAddedAndQueried" time="0.164" classname="com.sprhib.TestService"/>
  <testcase name="thatOrdersCanBeAddedAndQueried" time="0.129" classname="com.sprhib.TestService"/>
  <testcase name="thatOrdersCanBeAddedAndQueried" time="0.207" classname="com.sprhib.TestService"/>
  <testcase name="thatOrdersCanBeAddedAndQueried" time="0.171" classname="com.sprhib.TestService"/>
  <testcase name="thatOrdersCanBeAddedAndQueried" time="0.220" classname="com.sprhib.TestService"/>
  <testcase name="thatOrdersCanBeAddedAndQueried" time="0.197" classname="com.sprhib.TestService"/>
  <testcase name="thatOrdersCanBeAddedAndQueried" time="0.145" classname="com.sprhib.TestService"/>
  <testcase name="thatOrdersCanBeAddedAndQueried" time="0.147" classname="com.sprhib.TestService"/>
  <testcase name="thatOrdersCanBeAddedAndQueried" time="0.209" classname="com.sprhib.TestService"/>
  <testcase name="thatOrdersCanBeAddedAndQueried" time="0.146" classname="com.sprhib.TestService"/>
  <testcase name="thatOrdersCanBeAddedAndQueried" time="0.123" classname="com.sprhib.TestService"/>
  <testcase name="thatOrdersCanBeAddedAndQueried" time="0.222" classname="com.sprhib.TestService"/>
  <testcase name="thatOrdersCanBeAddedAndQueried" time="0.334" classname="com.sprhib.TestService"/>
  <testcase name="thatOrdersCanBeAddedAndQueried" time="0.261" classname="com.sprhib.TestService"/>
  <testcase name="thatOrdersCanBeAddedAndQueried" time="0.228" classname="com.sprhib.TestService"/>
  <testcase name="thatOrdersCanBeAddedAndQueried" time="0.185" classname="com.sprhib.TestService"/>
  <testcase name="thatOrdersCanBeAddedAndQueried" time="0.145" classname="com.sprhib.TestService"/>
  <testcase name="thatOrdersCanBeAddedAndQueried" time="0.139" classname="com.sprhib.TestService"/>
  <testcase name="thatOrdersCanBeAddedAndQueried" time="0.332" classname="com.sprhib.TestService"/>
  <testcase name="thatOrdersCanBeAddedAndQueried" time="0.124" classname="com.sprhib.TestService"/>
  <testcase name="thatOrdersCanBeAddedAndQueried" time="0.335" classname="com.sprhib.TestService"/>
  <testcase name="thatOrdersCanBeAddedAndQueried" time="0.243" classname="com.sprhib.TestService"/>
  <testcase name="thatOrdersCanBeAddedAndQueried" time="0.232" classname="com.sprhib.TestService"/>
  <testcase name="thatOrdersCanBeAddedAndQueried" time="0.272" classname="com.sprhib.TestService"/>
  <testcase name="thatOrdersCanBeAddedAndQueried" time="0.209" classname="com.sprhib.TestService"/>
  <testcase name="thatOrdersCanBeAddedAndQueried" time="0.238" classname="com.sprhib.TestService"/>
  <testcase name="thatOrdersCanBeAddedAndQueried" time="0.147" classname="com.sprhib.TestService"/>
  <testcase name="thatOrdersCanBeAddedAndQueried" time="0.266" classname="com.sprhib.TestService"/>
  <testcase name="thatOrdersCanBeAddedAndQueried" time="0.151" classname="com.sprhib.TestService"/>
  <testcase name="thatOrdersCanBeAddedAndQueried" time="0.232" classname="com.sprhib.TestService"/>
  <testcase name="thatOrdersCanBeAddedAndQueried" time="0.155" classname="com.sprhib.TestService"/>
  <testcase name="thatOrdersCanBeAddedAndQueried" time="0.253" classname="com.sprhib.TestService"/>
  <testcase name="thatOrdersCanBeAddedAndQueried" time="0.190" classname="com.sprhib.TestService"/>
  <testcase name="thatOrdersCanBeAddedAndQueried" time="0.238" classname="com.sprhib.TestService"/>
  <testcase name="thatOrdersCanBeAddedAndQueried" time="0.182" classname="com.sprhib.TestService"/>
  <testcase name="thatOrdersCanBeAddedAndQueried" time="0.167" classname="com.sprhib.TestService"/>
  <testcase name="thatOrdersCanBeAddedAndQueried" time="0.124" classname="com.sprhib.TestService"/>
  <testcase name="thatOrdersCanBeAddedAndQueried" time="0.133" classname="com.sprhib.TestService"/>
  <testcase name="thatOrdersCanBeAddedAndQueried" time="0.144" classname="com.sprhib.TestService"/>
  <testcase name="thatOrdersCanBeAddedAndQueried" time="0.145" classname="com.sprhib.TestService"/>
  <testcase name="thatOrdersCanBeAddedAndQueried" time="0.255" classname="com.sprhib.TestService"/>
  <testcase name="thatOrdersCanBeAddedAndQueried" time="0.151" classname="com.sprhib.TestService"/>
  <testcase name="thatOrdersCanBeAddedAndQueried" time="0.023" classname="com.sprhib.TestService">
    <failure type="org.springframework.web.client.ResourceAccessException" message="I/O error on GET request for &quot;http://localhost:8080/spr-mvc-hib/convertation/-110/EUR/USD&quot;:No buffer space available (maximum connections reached?): connect; nested exception is java.net.SocketException: No buffer space available (maximum connections reached?): connect">
      <![CDATA[org.springframework.web.client.ResourceAccessException: I/O error on GET request for "http://localhost:8080/spr-mvc-hib/convertation/-110/EUR/USD":No buffer space available (maximum connections reached?): connect; nested exception is java.net.SocketException: No buffer space available (maximum connections reached?): connect
	at org.springframework.web.client.RestTemplate.doExecute(RestTemplate.java:543)
	at org.springframework.web.client.RestTemplate.execute(RestTemplate.java:489)
	at org.springframework.web.client.RestTemplate.getForEntity(RestTemplate.java:250)
	at com.sprhib.TestService.thatOrdersCanBeAddedAndQueried(TestService.java:26)
	at sun.reflect.GeneratedMethodAccessor3.invoke(Unknown Source)
	at sun.reflect.DelegatingMethodAccessorImpl.invoke(DelegatingMethodAccessorImpl.java:43)
	at java.lang.reflect.Method.invoke(Method.java:606)
	at org.testng.internal.MethodInvocationHelper.invokeMethod(MethodInvocationHelper.java:84)
	at org.testng.internal.Invoker.invokeMethod(Invoker.java:714)
	at org.testng.internal.Invoker.invokeTestMethod(Invoker.java:901)
	at org.testng.internal.Invoker.invokeTestMethods(Invoker.java:1231)
	at org.testng.internal.TestMethodWorker.invokeTestMethods(TestMethodWorker.java:127)
	at org.testng.internal.TestMethodWorker.run(TestMethodWorker.java:111)
	at org.testng.internal.thread.ThreadUtil$2.call(ThreadUtil.java:64)
	at java.util.concurrent.FutureTask.run(FutureTask.java:262)
	at java.util.concurrent.ThreadPoolExecutor.runWorker(ThreadPoolExecutor.java:1145)
	at java.util.concurrent.ThreadPoolExecutor$Worker.run(ThreadPoolExecutor.java:615)
	at java.lang.Thread.run(Thread.java:745)
Caused by: java.net.SocketException: No buffer space available (maximum connections reached?): connect
	at java.net.DualStackPlainSocketImpl.connect0(Native Method)
	at java.net.DualStackPlainSocketImpl.socketConnect(DualStackPlainSocketImpl.java:79)
	at java.net.AbstractPlainSocketImpl.doConnect(AbstractPlainSocketImpl.java:339)
	at java.net.AbstractPlainSocketImpl.connectToAddress(AbstractPlainSocketImpl.java:200)
	at java.net.AbstractPlainSocketImpl.connect(AbstractPlainSocketImpl.java:182)
	at java.net.PlainSocketImpl.connect(PlainSocketImpl.java:172)
	at java.net.SocksSocketImpl.connect(SocksSocketImpl.java:392)
	at java.net.Socket.connect(Socket.java:579)
	at java.net.Socket.connect(Socket.java:528)
	at sun.net.NetworkClient.doConnect(NetworkClient.java:180)
	at sun.net.www.http.HttpClient.openServer(HttpClient.java:432)
	at sun.net.www.http.HttpClient.openServer(HttpClient.java:527)
	at sun.net.www.http.HttpClient.<init>(HttpClient.java:211)
	at sun.net.www.http.HttpClient.New(HttpClient.java:308)
	at sun.net.www.http.HttpClient.New(HttpClient.java:326)
	at sun.net.www.protocol.http.HttpURLConnection.getNewHttpClient(HttpURLConnection.java:996)
	at sun.net.www.protocol.http.HttpURLConnection.plainConnect(HttpURLConnection.java:932)
	at sun.net.www.protocol.http.HttpURLConnection.connect(HttpURLConnection.java:850)
	at org.springframework.http.client.SimpleBufferingClientHttpRequest.executeInternal(SimpleBufferingClientHttpRequest.java:78)
	at org.springframework.http.client.AbstractBufferingClientHttpRequest.executeInternal(AbstractBufferingClientHttpRequest.java:46)
	at org.springframework.http.client.AbstractClientHttpRequest.execute(AbstractClientHttpRequest.java:52)
	at org.springframework.web.client.RestTemplate.doExecute(RestTemplate.java:527)
	... 17 more
]]>
    </failure>
  </testcase> <!-- thatOrdersCanBeAddedAndQueried -->
  <testcase name="thatOrdersCanBeAddedAndQueried" time="0.187" classname="com.sprhib.TestService"/>
  <testcase name="thatOrdersCanBeAddedAndQueried" time="0.203" classname="com.sprhib.TestService"/>
  <testcase name="thatOrdersCanBeAddedAndQueried" time="0.137" classname="com.sprhib.TestService"/>
  <testcase name="thatOrdersCanBeAddedAndQueried" time="0.147" classname="com.sprhib.TestService"/>
  <testcase name="thatOrdersCanBeAddedAndQueried" time="0.146" classname="com.sprhib.TestService"/>
  <testcase name="thatOrdersCanBeAddedAndQueried" time="0.250" classname="com.sprhib.TestService"/>
  <testcase name="thatOrdersCanBeAddedAndQueried" time="0.041" classname="com.sprhib.TestService">
    <failure type="org.springframework.web.client.ResourceAccessException" message="I/O error on GET request for &quot;http://localhost:8080/spr-mvc-hib/convertation/110/EUR111/USD&quot;:No buffer space available (maximum connections reached?): connect; nested exception is java.net.SocketException: No buffer space available (maximum connections reached?): connect">
      <![CDATA[org.springframework.web.client.ResourceAccessException: I/O error on GET request for "http://localhost:8080/spr-mvc-hib/convertation/110/EUR111/USD":No buffer space available (maximum connections reached?): connect; nested exception is java.net.SocketException: No buffer space available (maximum connections reached?): connect
	at org.springframework.web.client.RestTemplate.doExecute(RestTemplate.java:543)
	at org.springframework.web.client.RestTemplate.execute(RestTemplate.java:489)
	at org.springframework.web.client.RestTemplate.getForEntity(RestTemplate.java:250)
	at com.sprhib.TestService.thatOrdersCanBeAddedAndQueried(TestService.java:39)
	at sun.reflect.GeneratedMethodAccessor3.invoke(Unknown Source)
	at sun.reflect.DelegatingMethodAccessorImpl.invoke(DelegatingMethodAccessorImpl.java:43)
	at java.lang.reflect.Method.invoke(Method.java:606)
	at org.testng.internal.MethodInvocationHelper.invokeMethod(MethodInvocationHelper.java:84)
	at org.testng.internal.Invoker.invokeMethod(Invoker.java:714)
	at org.testng.internal.Invoker.invokeTestMethod(Invoker.java:901)
	at org.testng.internal.Invoker.invokeTestMethods(Invoker.java:1231)
	at org.testng.internal.TestMethodWorker.invokeTestMethods(TestMethodWorker.java:127)
	at org.testng.internal.TestMethodWorker.run(TestMethodWorker.java:111)
	at org.testng.internal.thread.ThreadUtil$2.call(ThreadUtil.java:64)
	at java.util.concurrent.FutureTask.run(FutureTask.java:262)
	at java.util.concurrent.ThreadPoolExecutor.runWorker(ThreadPoolExecutor.java:1145)
	at java.util.concurrent.ThreadPoolExecutor$Worker.run(ThreadPoolExecutor.java:615)
	at java.lang.Thread.run(Thread.java:745)
Caused by: java.net.SocketException: No buffer space available (maximum connections reached?): connect
	at java.net.DualStackPlainSocketImpl.connect0(Native Method)
	at java.net.DualStackPlainSocketImpl.socketConnect(DualStackPlainSocketImpl.java:79)
	at java.net.AbstractPlainSocketImpl.doConnect(AbstractPlainSocketImpl.java:339)
	at java.net.AbstractPlainSocketImpl.connectToAddress(AbstractPlainSocketImpl.java:200)
	at java.net.AbstractPlainSocketImpl.connect(AbstractPlainSocketImpl.java:182)
	at java.net.PlainSocketImpl.connect(PlainSocketImpl.java:172)
	at java.net.SocksSocketImpl.connect(SocksSocketImpl.java:392)
	at java.net.Socket.connect(Socket.java:579)
	at java.net.Socket.connect(Socket.java:528)
	at sun.net.NetworkClient.doConnect(NetworkClient.java:180)
	at sun.net.www.http.HttpClient.openServer(HttpClient.java:432)
	at sun.net.www.http.HttpClient.openServer(HttpClient.java:527)
	at sun.net.www.http.HttpClient.<init>(HttpClient.java:211)
	at sun.net.www.http.HttpClient.New(HttpClient.java:308)
	at sun.net.www.http.HttpClient.New(HttpClient.java:326)
	at sun.net.www.protocol.http.HttpURLConnection.getNewHttpClient(HttpURLConnection.java:996)
	at sun.net.www.protocol.http.HttpURLConnection.plainConnect(HttpURLConnection.java:932)
	at sun.net.www.protocol.http.HttpURLConnection.connect(HttpURLConnection.java:850)
	at org.springframework.http.client.SimpleBufferingClientHttpRequest.executeInternal(SimpleBufferingClientHttpRequest.java:78)
	at org.springframework.http.client.AbstractBufferingClientHttpRequest.executeInternal(AbstractBufferingClientHttpRequest.java:46)
	at org.springframework.http.client.AbstractClientHttpRequest.execute(AbstractClientHttpRequest.java:52)
	at org.springframework.web.client.RestTemplate.doExecute(RestTemplate.java:527)
	... 17 more
]]>
    </failure>
  </testcase> <!-- thatOrdersCanBeAddedAndQueried -->
  <testcase name="thatOrdersCanBeAddedAndQueried" time="0.156" classname="com.sprhib.TestService"/>
  <testcase name="thatOrdersCanBeAddedAndQueried" time="0.467" classname="com.sprhib.TestService"/>
  <testcase name="thatOrdersCanBeAddedAndQueried" time="0.199" classname="com.sprhib.TestService"/>
  <testcase name="thatOrdersCanBeAddedAndQueried" time="0.173" classname="com.sprhib.TestService"/>
  <testcase name="thatOrdersCanBeAddedAndQueried" time="0.217" classname="com.sprhib.TestService"/>
  <testcase name="thatOrdersCanBeAddedAndQueried" time="0.207" classname="com.sprhib.TestService"/>
  <testcase name="thatOrdersCanBeAddedAndQueried" time="0.112" classname="com.sprhib.TestService"/>
  <testcase name="thatOrdersCanBeAddedAndQueried" time="0.204" classname="com.sprhib.TestService"/>
  <testcase name="thatOrdersCanBeAddedAndQueried" time="0.217" classname="com.sprhib.TestService"/>
  <testcase name="thatOrdersCanBeAddedAndQueried" time="0.028" classname="com.sprhib.TestService">
    <failure type="org.springframework.web.client.ResourceAccessException" message="I/O error on GET request for &quot;http://localhost:8080/spr-mvc-hib/convertation/-110/EUR/USD&quot;:No buffer space available (maximum connections reached?): connect; nested exception is java.net.SocketException: No buffer space available (maximum connections reached?): connect">
      <![CDATA[org.springframework.web.client.ResourceAccessException: I/O error on GET request for "http://localhost:8080/spr-mvc-hib/convertation/-110/EUR/USD":No buffer space available (maximum connections reached?): connect; nested exception is java.net.SocketException: No buffer space available (maximum connections reached?): connect
	at org.springframework.web.client.RestTemplate.doExecute(RestTemplate.java:543)
	at org.springframework.web.client.RestTemplate.execute(RestTemplate.java:489)
	at org.springframework.web.client.RestTemplate.getForEntity(RestTemplate.java:250)
	at com.sprhib.TestService.thatOrdersCanBeAddedAndQueried(TestService.java:26)
	at sun.reflect.GeneratedMethodAccessor3.invoke(Unknown Source)
	at sun.reflect.DelegatingMethodAccessorImpl.invoke(DelegatingMethodAccessorImpl.java:43)
	at java.lang.reflect.Method.invoke(Method.java:606)
	at org.testng.internal.MethodInvocationHelper.invokeMethod(MethodInvocationHelper.java:84)
	at org.testng.internal.Invoker.invokeMethod(Invoker.java:714)
	at org.testng.internal.Invoker.invokeTestMethod(Invoker.java:901)
	at org.testng.internal.Invoker.invokeTestMethods(Invoker.java:1231)
	at org.testng.internal.TestMethodWorker.invokeTestMethods(TestMethodWorker.java:127)
	at org.testng.internal.TestMethodWorker.run(TestMethodWorker.java:111)
	at org.testng.internal.thread.ThreadUtil$2.call(ThreadUtil.java:64)
	at java.util.concurrent.FutureTask.run(FutureTask.java:262)
	at java.util.concurrent.ThreadPoolExecutor.runWorker(ThreadPoolExecutor.java:1145)
	at java.util.concurrent.ThreadPoolExecutor$Worker.run(ThreadPoolExecutor.java:615)
	at java.lang.Thread.run(Thread.java:745)
Caused by: java.net.SocketException: No buffer space available (maximum connections reached?): connect
	at java.net.DualStackPlainSocketImpl.connect0(Native Method)
	at java.net.DualStackPlainSocketImpl.socketConnect(DualStackPlainSocketImpl.java:79)
	at java.net.AbstractPlainSocketImpl.doConnect(AbstractPlainSocketImpl.java:339)
	at java.net.AbstractPlainSocketImpl.connectToAddress(AbstractPlainSocketImpl.java:200)
	at java.net.AbstractPlainSocketImpl.connect(AbstractPlainSocketImpl.java:182)
	at java.net.PlainSocketImpl.connect(PlainSocketImpl.java:172)
	at java.net.SocksSocketImpl.connect(SocksSocketImpl.java:392)
	at java.net.Socket.connect(Socket.java:579)
	at java.net.Socket.connect(Socket.java:528)
	at sun.net.NetworkClient.doConnect(NetworkClient.java:180)
	at sun.net.www.http.HttpClient.openServer(HttpClient.java:432)
	at sun.net.www.http.HttpClient.openServer(HttpClient.java:527)
	at sun.net.www.http.HttpClient.<init>(HttpClient.java:211)
	at sun.net.www.http.HttpClient.New(HttpClient.java:308)
	at sun.net.www.http.HttpClient.New(HttpClient.java:326)
	at sun.net.www.protocol.http.HttpURLConnection.getNewHttpClient(HttpURLConnection.java:996)
	at sun.net.www.protocol.http.HttpURLConnection.plainConnect(HttpURLConnection.java:932)
	at sun.net.www.protocol.http.HttpURLConnection.connect(HttpURLConnection.java:850)
	at org.springframework.http.client.SimpleBufferingClientHttpRequest.executeInternal(SimpleBufferingClientHttpRequest.java:78)
	at org.springframework.http.client.AbstractBufferingClientHttpRequest.executeInternal(AbstractBufferingClientHttpRequest.java:46)
	at org.springframework.http.client.AbstractClientHttpRequest.execute(AbstractClientHttpRequest.java:52)
	at org.springframework.web.client.RestTemplate.doExecute(RestTemplate.java:527)
	... 17 more
]]>
    </failure>
  </testcase> <!-- thatOrdersCanBeAddedAndQueried -->
  <testcase name="thatOrdersCanBeAddedAndQueried" time="0.273" classname="com.sprhib.TestService"/>
  <testcase name="thatOrdersCanBeAddedAndQueried" time="0.201" classname="com.sprhib.TestService"/>
  <testcase name="thatOrdersCanBeAddedAndQueried" time="0.244" classname="com.sprhib.TestService"/>
  <testcase name="thatOrdersCanBeAddedAndQueried" time="0.165" classname="com.sprhib.TestService"/>
  <testcase name="thatOrdersCanBeAddedAndQueried" time="0.222" classname="com.sprhib.TestService"/>
  <testcase name="thatOrdersCanBeAddedAndQueried" time="0.193" classname="com.sprhib.TestService"/>
  <testcase name="thatOrdersCanBeAddedAndQueried" time="0.131" classname="com.sprhib.TestService"/>
  <testcase name="thatOrdersCanBeAddedAndQueried" time="0.100" classname="com.sprhib.TestService"/>
  <testcase name="thatOrdersCanBeAddedAndQueried" time="0.149" classname="com.sprhib.TestService"/>
  <testcase name="thatOrdersCanBeAddedAndQueried" time="0.148" classname="com.sprhib.TestService"/>
  <testcase name="thatOrdersCanBeAddedAndQueried" time="0.233" classname="com.sprhib.TestService"/>
  <testcase name="thatOrdersCanBeAddedAndQueried" time="0.148" classname="com.sprhib.TestService"/>
  <testcase name="thatOrdersCanBeAddedAndQueried" time="0.245" classname="com.sprhib.TestService"/>
  <testcase name="thatOrdersCanBeAddedAndQueried" time="0.176" classname="com.sprhib.TestService"/>
  <testcase name="thatOrdersCanBeAddedAndQueried" time="0.131" classname="com.sprhib.TestService"/>
  <testcase name="thatOrdersCanBeAddedAndQueried" time="0.295" classname="com.sprhib.TestService"/>
  <testcase name="thatOrdersCanBeAddedAndQueried" time="0.247" classname="com.sprhib.TestService"/>
  <testcase name="thatOrdersCanBeAddedAndQueried" time="0.212" classname="com.sprhib.TestService"/>
  <testcase name="thatOrdersCanBeAddedAndQueried" time="0.207" classname="com.sprhib.TestService"/>
  <testcase name="thatOrdersCanBeAddedAndQueried" time="0.178" classname="com.sprhib.TestService"/>
  <testcase name="thatOrdersCanBeAddedAndQueried" time="0.193" classname="com.sprhib.TestService"/>
  <testcase name="thatOrdersCanBeAddedAndQueried" time="0.204" classname="com.sprhib.TestService"/>
  <testcase name="thatOrdersCanBeAddedAndQueried" time="0.226" classname="com.sprhib.TestService"/>
  <testcase name="thatOrdersCanBeAddedAndQueried" time="0.120" classname="com.sprhib.TestService"/>
  <testcase name="thatOrdersCanBeAddedAndQueried" time="0.153" classname="com.sprhib.TestService">
    <failure type="org.springframework.web.client.HttpServerErrorException" message="500 Internal Server Error">
      <![CDATA[org.springframework.web.client.HttpServerErrorException: 500 Internal Server Error
	at org.springframework.web.client.DefaultResponseErrorHandler.handleError(DefaultResponseErrorHandler.java:94)
	at org.springframework.web.client.RestTemplate.handleResponseError(RestTemplate.java:576)
	at org.springframework.web.client.RestTemplate.doExecute(RestTemplate.java:532)
	at org.springframework.web.client.RestTemplate.execute(RestTemplate.java:489)
	at org.springframework.web.client.RestTemplate.getForEntity(RestTemplate.java:250)
	at com.sprhib.TestService.thatOrdersCanBeAddedAndQueried(TestService.java:39)
	at sun.reflect.GeneratedMethodAccessor3.invoke(Unknown Source)
	at sun.reflect.DelegatingMethodAccessorImpl.invoke(DelegatingMethodAccessorImpl.java:43)
	at java.lang.reflect.Method.invoke(Method.java:606)
	at org.testng.internal.MethodInvocationHelper.invokeMethod(MethodInvocationHelper.java:84)
	at org.testng.internal.Invoker.invokeMethod(Invoker.java:714)
	at org.testng.internal.Invoker.invokeTestMethod(Invoker.java:901)
	at org.testng.internal.Invoker.invokeTestMethods(Invoker.java:1231)
	at org.testng.internal.TestMethodWorker.invokeTestMethods(TestMethodWorker.java:127)
	at org.testng.internal.TestMethodWorker.run(TestMethodWorker.java:111)
	at org.testng.internal.thread.ThreadUtil$2.call(ThreadUtil.java:64)
	at java.util.concurrent.FutureTask.run(FutureTask.java:262)
	at java.util.concurrent.ThreadPoolExecutor.runWorker(ThreadPoolExecutor.java:1145)
	at java.util.concurrent.ThreadPoolExecutor$Worker.run(ThreadPoolExecutor.java:615)
	at java.lang.Thread.run(Thread.java:745)
]]>
    </failure>
  </testcase> <!-- thatOrdersCanBeAddedAndQueried -->
  <testcase name="thatOrdersCanBeAddedAndQueried" time="0.198" classname="com.sprhib.TestService"/>
  <testcase name="thatOrdersCanBeAddedAndQueried" time="0.109" classname="com.sprhib.TestService"/>
  <testcase name="thatOrdersCanBeAddedAndQueried" time="0.156" classname="com.sprhib.TestService"/>
  <testcase name="thatOrdersCanBeAddedAndQueried" time="0.164" classname="com.sprhib.TestService"/>
  <testcase name="thatOrdersCanBeAddedAndQueried" time="0.138" classname="com.sprhib.TestService"/>
  <testcase name="thatOrdersCanBeAddedAndQueried" time="0.161" classname="com.sprhib.TestService"/>
  <testcase name="thatOrdersCanBeAddedAndQueried" time="0.190" classname="com.sprhib.TestService"/>
  <testcase name="thatOrdersCanBeAddedAndQueried" time="0.243" classname="com.sprhib.TestService"/>
  <testcase name="thatOrdersCanBeAddedAndQueried" time="0.260" classname="com.sprhib.TestService"/>
  <testcase name="thatOrdersCanBeAddedAndQueried" time="0.127" classname="com.sprhib.TestService"/>
  <testcase name="thatOrdersCanBeAddedAndQueried" time="0.213" classname="com.sprhib.TestService"/>
  <testcase name="thatOrdersCanBeAddedAndQueried" time="0.255" classname="com.sprhib.TestService"/>
  <testcase name="thatOrdersCanBeAddedAndQueried" time="0.123" classname="com.sprhib.TestService"/>
  <testcase name="thatOrdersCanBeAddedAndQueried" time="0.153" classname="com.sprhib.TestService"/>
  <testcase name="thatOrdersCanBeAddedAndQueried" time="0.164" classname="com.sprhib.TestService"/>
  <testcase name="thatOrdersCanBeAddedAndQueried" time="0.270" classname="com.sprhib.TestService"/>
  <testcase name="thatOrdersCanBeAddedAndQueried" time="0.142" classname="com.sprhib.TestService"/>
  <testcase name="thatOrdersCanBeAddedAndQueried" time="0.168" classname="com.sprhib.TestService"/>
  <testcase name="thatOrdersCanBeAddedAndQueried" time="0.172" classname="com.sprhib.TestService"/>
  <testcase name="thatOrdersCanBeAddedAndQueried" time="0.111" classname="com.sprhib.TestService">
    <failure type="org.springframework.web.client.HttpServerErrorException" message="500 Internal Server Error">
      <![CDATA[org.springframework.web.client.HttpServerErrorException: 500 Internal Server Error
	at org.springframework.web.client.DefaultResponseErrorHandler.handleError(DefaultResponseErrorHandler.java:94)
	at org.springframework.web.client.RestTemplate.handleResponseError(RestTemplate.java:576)
	at org.springframework.web.client.RestTemplate.doExecute(RestTemplate.java:532)
	at org.springframework.web.client.RestTemplate.execute(RestTemplate.java:489)
	at org.springframework.web.client.RestTemplate.getForEntity(RestTemplate.java:250)
	at com.sprhib.TestService.thatOrdersCanBeAddedAndQueried(TestService.java:39)
	at sun.reflect.GeneratedMethodAccessor3.invoke(Unknown Source)
	at sun.reflect.DelegatingMethodAccessorImpl.invoke(DelegatingMethodAccessorImpl.java:43)
	at java.lang.reflect.Method.invoke(Method.java:606)
	at org.testng.internal.MethodInvocationHelper.invokeMethod(MethodInvocationHelper.java:84)
	at org.testng.internal.Invoker.invokeMethod(Invoker.java:714)
	at org.testng.internal.Invoker.invokeTestMethod(Invoker.java:901)
	at org.testng.internal.Invoker.invokeTestMethods(Invoker.java:1231)
	at org.testng.internal.TestMethodWorker.invokeTestMethods(TestMethodWorker.java:127)
	at org.testng.internal.TestMethodWorker.run(TestMethodWorker.java:111)
	at org.testng.internal.thread.ThreadUtil$2.call(ThreadUtil.java:64)
	at java.util.concurrent.FutureTask.run(FutureTask.java:262)
	at java.util.concurrent.ThreadPoolExecutor.runWorker(ThreadPoolExecutor.java:1145)
	at java.util.concurrent.ThreadPoolExecutor$Worker.run(ThreadPoolExecutor.java:615)
	at java.lang.Thread.run(Thread.java:745)
]]>
    </failure>
  </testcase> <!-- thatOrdersCanBeAddedAndQueried -->
  <testcase name="thatOrdersCanBeAddedAndQueried" time="0.226" classname="com.sprhib.TestService"/>
  <testcase name="thatOrdersCanBeAddedAndQueried" time="0.225" classname="com.sprhib.TestService"/>
  <testcase name="thatOrdersCanBeAddedAndQueried" time="0.122" classname="com.sprhib.TestService"/>
  <testcase name="thatOrdersCanBeAddedAndQueried" time="0.247" classname="com.sprhib.TestService"/>
  <testcase name="thatOrdersCanBeAddedAndQueried" time="0.206" classname="com.sprhib.TestService"/>
  <testcase name="thatOrdersCanBeAddedAndQueried" time="0.145" classname="com.sprhib.TestService"/>
  <testcase name="thatOrdersCanBeAddedAndQueried" time="0.173" classname="com.sprhib.TestService"/>
  <testcase name="thatOrdersCanBeAddedAndQueried" time="0.126" classname="com.sprhib.TestService"/>
  <testcase name="thatOrdersCanBeAddedAndQueried" time="0.223" classname="com.sprhib.TestService"/>
  <testcase name="thatOrdersCanBeAddedAndQueried" time="0.159" classname="com.sprhib.TestService"/>
  <testcase name="thatOrdersCanBeAddedAndQueried" time="0.118" classname="com.sprhib.TestService"/>
  <testcase name="thatOrdersCanBeAddedAndQueried" time="0.201" classname="com.sprhib.TestService"/>
  <testcase name="thatOrdersCanBeAddedAndQueried" time="0.146" classname="com.sprhib.TestService"/>
  <testcase name="thatOrdersCanBeAddedAndQueried" time="0.171" classname="com.sprhib.TestService"/>
  <testcase name="thatOrdersCanBeAddedAndQueried" time="0.238" classname="com.sprhib.TestService"/>
  <testcase name="thatOrdersCanBeAddedAndQueried" time="0.126" classname="com.sprhib.TestService"/>
  <testcase name="thatOrdersCanBeAddedAndQueried" time="0.172" classname="com.sprhib.TestService"/>
  <testcase name="thatOrdersCanBeAddedAndQueried" time="0.148" classname="com.sprhib.TestService"/>
  <testcase name="thatOrdersCanBeAddedAndQueried" time="0.142" classname="com.sprhib.TestService"/>
  <testcase name="thatOrdersCanBeAddedAndQueried" time="0.132" classname="com.sprhib.TestService"/>
  <testcase name="thatOrdersCanBeAddedAndQueried" time="0.292" classname="com.sprhib.TestService"/>
  <testcase name="thatOrdersCanBeAddedAndQueried" time="0.203" classname="com.sprhib.TestService"/>
  <testcase name="thatOrdersCanBeAddedAndQueried" time="0.162" classname="com.sprhib.TestService"/>
  <testcase name="thatOrdersCanBeAddedAndQueried" time="0.277" classname="com.sprhib.TestService"/>
  <testcase name="thatOrdersCanBeAddedAndQueried" time="0.210" classname="com.sprhib.TestService"/>
  <testcase name="thatOrdersCanBeAddedAndQueried" time="0.145" classname="com.sprhib.TestService"/>
  <testcase name="thatOrdersCanBeAddedAndQueried" time="0.469" classname="com.sprhib.TestService"/>
  <testcase name="thatOrdersCanBeAddedAndQueried" time="0.137" classname="com.sprhib.TestService"/>
  <testcase name="thatOrdersCanBeAddedAndQueried" time="0.136" classname="com.sprhib.TestService"/>
  <testcase name="thatOrdersCanBeAddedAndQueried" time="0.139" classname="com.sprhib.TestService"/>
  <testcase name="thatOrdersCanBeAddedAndQueried" time="0.132" classname="com.sprhib.TestService"/>
  <testcase name="thatOrdersCanBeAddedAndQueried" time="0.156" classname="com.sprhib.TestService"/>
  <testcase name="thatOrdersCanBeAddedAndQueried" time="0.194" classname="com.sprhib.TestService"/>
  <testcase name="thatOrdersCanBeAddedAndQueried" time="0.235" classname="com.sprhib.TestService"/>
  <testcase name="thatOrdersCanBeAddedAndQueried" time="0.170" classname="com.sprhib.TestService"/>
  <testcase name="thatOrdersCanBeAddedAndQueried" time="0.257" classname="com.sprhib.TestService"/>
  <testcase name="thatOrdersCanBeAddedAndQueried" time="0.152" classname="com.sprhib.TestService"/>
  <testcase name="thatOrdersCanBeAddedAndQueried" time="0.112" classname="com.sprhib.TestService"/>
  <testcase name="thatOrdersCanBeAddedAndQueried" time="0.228" classname="com.sprhib.TestService"/>
  <testcase name="thatOrdersCanBeAddedAndQueried" time="0.236" classname="com.sprhib.TestService"/>
  <testcase name="thatOrdersCanBeAddedAndQueried" time="0.168" classname="com.sprhib.TestService"/>
  <testcase name="thatOrdersCanBeAddedAndQueried" time="0.175" classname="com.sprhib.TestService"/>
  <testcase name="thatOrdersCanBeAddedAndQueried" time="0.197" classname="com.sprhib.TestService"/>
  <testcase name="thatOrdersCanBeAddedAndQueried" time="0.162" classname="com.sprhib.TestService"/>
  <testcase name="thatOrdersCanBeAddedAndQueried" time="0.320" classname="com.sprhib.TestService"/>
  <testcase name="thatOrdersCanBeAddedAndQueried" time="0.192" classname="com.sprhib.TestService"/>
  <testcase name="thatOrdersCanBeAddedAndQueried" time="0.143" classname="com.sprhib.TestService"/>
  <testcase name="thatOrdersCanBeAddedAndQueried" time="0.193" classname="com.sprhib.TestService">
    <failure type="org.springframework.web.client.HttpServerErrorException" message="500 Internal Server Error">
      <![CDATA[org.springframework.web.client.HttpServerErrorException: 500 Internal Server Error
	at org.springframework.web.client.DefaultResponseErrorHandler.handleError(DefaultResponseErrorHandler.java:94)
	at org.springframework.web.client.RestTemplate.handleResponseError(RestTemplate.java:576)
	at org.springframework.web.client.RestTemplate.doExecute(RestTemplate.java:532)
	at org.springframework.web.client.RestTemplate.execute(RestTemplate.java:489)
	at org.springframework.web.client.RestTemplate.getForEntity(RestTemplate.java:250)
	at com.sprhib.TestService.thatOrdersCanBeAddedAndQueried(TestService.java:44)
	at sun.reflect.GeneratedMethodAccessor3.invoke(Unknown Source)
	at sun.reflect.DelegatingMethodAccessorImpl.invoke(DelegatingMethodAccessorImpl.java:43)
	at java.lang.reflect.Method.invoke(Method.java:606)
	at org.testng.internal.MethodInvocationHelper.invokeMethod(MethodInvocationHelper.java:84)
	at org.testng.internal.Invoker.invokeMethod(Invoker.java:714)
	at org.testng.internal.Invoker.invokeTestMethod(Invoker.java:901)
	at org.testng.internal.Invoker.invokeTestMethods(Invoker.java:1231)
	at org.testng.internal.TestMethodWorker.invokeTestMethods(TestMethodWorker.java:127)
	at org.testng.internal.TestMethodWorker.run(TestMethodWorker.java:111)
	at org.testng.internal.thread.ThreadUtil$2.call(ThreadUtil.java:64)
	at java.util.concurrent.FutureTask.run(FutureTask.java:262)
	at java.util.concurrent.ThreadPoolExecutor.runWorker(ThreadPoolExecutor.java:1145)
	at java.util.concurrent.ThreadPoolExecutor$Worker.run(ThreadPoolExecutor.java:615)
	at java.lang.Thread.run(Thread.java:745)
]]>
    </failure>
  </testcase> <!-- thatOrdersCanBeAddedAndQueried -->
  <testcase name="thatOrdersCanBeAddedAndQueried" time="0.152" classname="com.sprhib.TestService"/>
  <testcase name="thatOrdersCanBeAddedAndQueried" time="0.208" classname="com.sprhib.TestService"/>
  <testcase name="thatOrdersCanBeAddedAndQueried" time="0.235" classname="com.sprhib.TestService"/>
  <testcase name="thatOrdersCanBeAddedAndQueried" time="0.573" classname="com.sprhib.TestService"/>
  <testcase name="thatOrdersCanBeAddedAndQueried" time="0.164" classname="com.sprhib.TestService"/>
  <testcase name="thatOrdersCanBeAddedAndQueried" time="0.171" classname="com.sprhib.TestService"/>
  <testcase name="thatOrdersCanBeAddedAndQueried" time="0.270" classname="com.sprhib.TestService"/>
  <testcase name="thatOrdersCanBeAddedAndQueried" time="0.190" classname="com.sprhib.TestService"/>
  <testcase name="thatOrdersCanBeAddedAndQueried" time="0.112" classname="com.sprhib.TestService"/>
  <testcase name="thatOrdersCanBeAddedAndQueried" time="0.195" classname="com.sprhib.TestService"/>
  <testcase name="thatOrdersCanBeAddedAndQueried" time="0.237" classname="com.sprhib.TestService"/>
  <testcase name="thatOrdersCanBeAddedAndQueried" time="0.242" classname="com.sprhib.TestService"/>
  <testcase name="thatOrdersCanBeAddedAndQueried" time="0.303" classname="com.sprhib.TestService"/>
  <testcase name="thatOrdersCanBeAddedAndQueried" time="0.252" classname="com.sprhib.TestService"/>
  <testcase name="thatOrdersCanBeAddedAndQueried" time="0.099" classname="com.sprhib.TestService"/>
  <testcase name="thatOrdersCanBeAddedAndQueried" time="0.202" classname="com.sprhib.TestService"/>
  <testcase name="thatOrdersCanBeAddedAndQueried" time="0.161" classname="com.sprhib.TestService"/>
  <testcase name="thatOrdersCanBeAddedAndQueried" time="0.173" classname="com.sprhib.TestService"/>
  <testcase name="thatOrdersCanBeAddedAndQueried" time="0.154" classname="com.sprhib.TestService"/>
  <testcase name="thatOrdersCanBeAddedAndQueried" time="0.161" classname="com.sprhib.TestService"/>
  <testcase name="thatOrdersCanBeAddedAndQueried" time="0.224" classname="com.sprhib.TestService"/>
  <testcase name="thatOrdersCanBeAddedAndQueried" time="0.236" classname="com.sprhib.TestService"/>
  <testcase name="thatOrdersCanBeAddedAndQueried" time="0.127" classname="com.sprhib.TestService"/>
  <testcase name="thatOrdersCanBeAddedAndQueried" time="0.157" classname="com.sprhib.TestService"/>
  <testcase name="thatOrdersCanBeAddedAndQueried" time="0.173" classname="com.sprhib.TestService"/>
  <testcase name="thatOrdersCanBeAddedAndQueried" time="0.049" classname="com.sprhib.TestService">
    <failure type="org.springframework.web.client.ResourceAccessException" message="I/O error on GET request for &quot;http://localhost:8080/spr-mvc-hib/convertation/-110/EUR/USD&quot;:No buffer space available (maximum connections reached?): connect; nested exception is java.net.SocketException: No buffer space available (maximum connections reached?): connect">
      <![CDATA[org.springframework.web.client.ResourceAccessException: I/O error on GET request for "http://localhost:8080/spr-mvc-hib/convertation/-110/EUR/USD":No buffer space available (maximum connections reached?): connect; nested exception is java.net.SocketException: No buffer space available (maximum connections reached?): connect
	at org.springframework.web.client.RestTemplate.doExecute(RestTemplate.java:543)
	at org.springframework.web.client.RestTemplate.execute(RestTemplate.java:489)
	at org.springframework.web.client.RestTemplate.getForEntity(RestTemplate.java:250)
	at com.sprhib.TestService.thatOrdersCanBeAddedAndQueried(TestService.java:26)
	at sun.reflect.GeneratedMethodAccessor3.invoke(Unknown Source)
	at sun.reflect.DelegatingMethodAccessorImpl.invoke(DelegatingMethodAccessorImpl.java:43)
	at java.lang.reflect.Method.invoke(Method.java:606)
	at org.testng.internal.MethodInvocationHelper.invokeMethod(MethodInvocationHelper.java:84)
	at org.testng.internal.Invoker.invokeMethod(Invoker.java:714)
	at org.testng.internal.Invoker.invokeTestMethod(Invoker.java:901)
	at org.testng.internal.Invoker.invokeTestMethods(Invoker.java:1231)
	at org.testng.internal.TestMethodWorker.invokeTestMethods(TestMethodWorker.java:127)
	at org.testng.internal.TestMethodWorker.run(TestMethodWorker.java:111)
	at org.testng.internal.thread.ThreadUtil$2.call(ThreadUtil.java:64)
	at java.util.concurrent.FutureTask.run(FutureTask.java:262)
	at java.util.concurrent.ThreadPoolExecutor.runWorker(ThreadPoolExecutor.java:1145)
	at java.util.concurrent.ThreadPoolExecutor$Worker.run(ThreadPoolExecutor.java:615)
	at java.lang.Thread.run(Thread.java:745)
Caused by: java.net.SocketException: No buffer space available (maximum connections reached?): connect
	at java.net.DualStackPlainSocketImpl.connect0(Native Method)
	at java.net.DualStackPlainSocketImpl.socketConnect(DualStackPlainSocketImpl.java:79)
	at java.net.AbstractPlainSocketImpl.doConnect(AbstractPlainSocketImpl.java:339)
	at java.net.AbstractPlainSocketImpl.connectToAddress(AbstractPlainSocketImpl.java:200)
	at java.net.AbstractPlainSocketImpl.connect(AbstractPlainSocketImpl.java:182)
	at java.net.PlainSocketImpl.connect(PlainSocketImpl.java:172)
	at java.net.SocksSocketImpl.connect(SocksSocketImpl.java:392)
	at java.net.Socket.connect(Socket.java:579)
	at java.net.Socket.connect(Socket.java:528)
	at sun.net.NetworkClient.doConnect(NetworkClient.java:180)
	at sun.net.www.http.HttpClient.openServer(HttpClient.java:432)
	at sun.net.www.http.HttpClient.openServer(HttpClient.java:527)
	at sun.net.www.http.HttpClient.<init>(HttpClient.java:211)
	at sun.net.www.http.HttpClient.New(HttpClient.java:308)
	at sun.net.www.http.HttpClient.New(HttpClient.java:326)
	at sun.net.www.protocol.http.HttpURLConnection.getNewHttpClient(HttpURLConnection.java:996)
	at sun.net.www.protocol.http.HttpURLConnection.plainConnect(HttpURLConnection.java:932)
	at sun.net.www.protocol.http.HttpURLConnection.connect(HttpURLConnection.java:850)
	at org.springframework.http.client.SimpleBufferingClientHttpRequest.executeInternal(SimpleBufferingClientHttpRequest.java:78)
	at org.springframework.http.client.AbstractBufferingClientHttpRequest.executeInternal(AbstractBufferingClientHttpRequest.java:46)
	at org.springframework.http.client.AbstractClientHttpRequest.execute(AbstractClientHttpRequest.java:52)
	at org.springframework.web.client.RestTemplate.doExecute(RestTemplate.java:527)
	... 17 more
]]>
    </failure>
  </testcase> <!-- thatOrdersCanBeAddedAndQueried -->
  <testcase name="thatOrdersCanBeAddedAndQueried" time="0.179" classname="com.sprhib.TestService"/>
  <testcase name="thatOrdersCanBeAddedAndQueried" time="0.236" classname="com.sprhib.TestService"/>
  <testcase name="thatOrdersCanBeAddedAndQueried" time="0.178" classname="com.sprhib.TestService"/>
  <testcase name="thatOrdersCanBeAddedAndQueried" time="0.158" classname="com.sprhib.TestService"/>
  <testcase name="thatOrdersCanBeAddedAndQueried" time="0.200" classname="com.sprhib.TestService"/>
  <testcase name="thatOrdersCanBeAddedAndQueried" time="0.193" classname="com.sprhib.TestService">
    <failure type="org.springframework.web.client.HttpServerErrorException" message="500 Internal Server Error">
      <![CDATA[org.springframework.web.client.HttpServerErrorException: 500 Internal Server Error
	at org.springframework.web.client.DefaultResponseErrorHandler.handleError(DefaultResponseErrorHandler.java:94)
	at org.springframework.web.client.RestTemplate.handleResponseError(RestTemplate.java:576)
	at org.springframework.web.client.RestTemplate.doExecute(RestTemplate.java:532)
	at org.springframework.web.client.RestTemplate.execute(RestTemplate.java:489)
	at org.springframework.web.client.RestTemplate.getForEntity(RestTemplate.java:250)
	at com.sprhib.TestService.thatOrdersCanBeAddedAndQueried(TestService.java:39)
	at sun.reflect.GeneratedMethodAccessor3.invoke(Unknown Source)
	at sun.reflect.DelegatingMethodAccessorImpl.invoke(DelegatingMethodAccessorImpl.java:43)
	at java.lang.reflect.Method.invoke(Method.java:606)
	at org.testng.internal.MethodInvocationHelper.invokeMethod(MethodInvocationHelper.java:84)
	at org.testng.internal.Invoker.invokeMethod(Invoker.java:714)
	at org.testng.internal.Invoker.invokeTestMethod(Invoker.java:901)
	at org.testng.internal.Invoker.invokeTestMethods(Invoker.java:1231)
	at org.testng.internal.TestMethodWorker.invokeTestMethods(TestMethodWorker.java:127)
	at org.testng.internal.TestMethodWorker.run(TestMethodWorker.java:111)
	at org.testng.internal.thread.ThreadUtil$2.call(ThreadUtil.java:64)
	at java.util.concurrent.FutureTask.run(FutureTask.java:262)
	at java.util.concurrent.ThreadPoolExecutor.runWorker(ThreadPoolExecutor.java:1145)
	at java.util.concurrent.ThreadPoolExecutor$Worker.run(ThreadPoolExecutor.java:615)
	at java.lang.Thread.run(Thread.java:745)
]]>
    </failure>
  </testcase> <!-- thatOrdersCanBeAddedAndQueried -->
  <testcase name="thatOrdersCanBeAddedAndQueried" time="0.213" classname="com.sprhib.TestService"/>
  <testcase name="thatOrdersCanBeAddedAndQueried" time="0.137" classname="com.sprhib.TestService"/>
  <testcase name="thatOrdersCanBeAddedAndQueried" time="0.177" classname="com.sprhib.TestService"/>
  <testcase name="thatOrdersCanBeAddedAndQueried" time="0.128" classname="com.sprhib.TestService"/>
  <testcase name="thatOrdersCanBeAddedAndQueried" time="0.135" classname="com.sprhib.TestService"/>
  <testcase name="thatOrdersCanBeAddedAndQueried" time="0.215" classname="com.sprhib.TestService"/>
  <testcase name="thatOrdersCanBeAddedAndQueried" time="0.152" classname="com.sprhib.TestService"/>
  <testcase name="thatOrdersCanBeAddedAndQueried" time="0.161" classname="com.sprhib.TestService"/>
  <testcase name="thatOrdersCanBeAddedAndQueried" time="0.180" classname="com.sprhib.TestService"/>
  <testcase name="thatOrdersCanBeAddedAndQueried" time="0.201" classname="com.sprhib.TestService"/>
  <testcase name="thatOrdersCanBeAddedAndQueried" time="0.222" classname="com.sprhib.TestService"/>
  <testcase name="thatOrdersCanBeAddedAndQueried" time="0.149" classname="com.sprhib.TestService"/>
  <testcase name="thatOrdersCanBeAddedAndQueried" time="0.154" classname="com.sprhib.TestService"/>
  <testcase name="thatOrdersCanBeAddedAndQueried" time="0.475" classname="com.sprhib.TestService"/>
  <testcase name="thatOrdersCanBeAddedAndQueried" time="0.230" classname="com.sprhib.TestService"/>
  <testcase name="thatOrdersCanBeAddedAndQueried" time="0.221" classname="com.sprhib.TestService"/>
  <testcase name="thatOrdersCanBeAddedAndQueried" time="0.163" classname="com.sprhib.TestService"/>
  <testcase name="thatOrdersCanBeAddedAndQueried" time="0.170" classname="com.sprhib.TestService"/>
  <testcase name="thatOrdersCanBeAddedAndQueried" time="0.137" classname="com.sprhib.TestService"/>
  <testcase name="thatOrdersCanBeAddedAndQueried" time="0.237" classname="com.sprhib.TestService"/>
  <testcase name="thatOrdersCanBeAddedAndQueried" time="0.033" classname="com.sprhib.TestService">
    <failure type="org.springframework.web.client.ResourceAccessException" message="I/O error on GET request for &quot;http://localhost:8080/spr-mvc-hib/convertation/-110/EUR/USD&quot;:No buffer space available (maximum connections reached?): connect; nested exception is java.net.SocketException: No buffer space available (maximum connections reached?): connect">
      <![CDATA[org.springframework.web.client.ResourceAccessException: I/O error on GET request for "http://localhost:8080/spr-mvc-hib/convertation/-110/EUR/USD":No buffer space available (maximum connections reached?): connect; nested exception is java.net.SocketException: No buffer space available (maximum connections reached?): connect
	at org.springframework.web.client.RestTemplate.doExecute(RestTemplate.java:543)
	at org.springframework.web.client.RestTemplate.execute(RestTemplate.java:489)
	at org.springframework.web.client.RestTemplate.getForEntity(RestTemplate.java:250)
	at com.sprhib.TestService.thatOrdersCanBeAddedAndQueried(TestService.java:26)
	at sun.reflect.GeneratedMethodAccessor3.invoke(Unknown Source)
	at sun.reflect.DelegatingMethodAccessorImpl.invoke(DelegatingMethodAccessorImpl.java:43)
	at java.lang.reflect.Method.invoke(Method.java:606)
	at org.testng.internal.MethodInvocationHelper.invokeMethod(MethodInvocationHelper.java:84)
	at org.testng.internal.Invoker.invokeMethod(Invoker.java:714)
	at org.testng.internal.Invoker.invokeTestMethod(Invoker.java:901)
	at org.testng.internal.Invoker.invokeTestMethods(Invoker.java:1231)
	at org.testng.internal.TestMethodWorker.invokeTestMethods(TestMethodWorker.java:127)
	at org.testng.internal.TestMethodWorker.run(TestMethodWorker.java:111)
	at org.testng.internal.thread.ThreadUtil$2.call(ThreadUtil.java:64)
	at java.util.concurrent.FutureTask.run(FutureTask.java:262)
	at java.util.concurrent.ThreadPoolExecutor.runWorker(ThreadPoolExecutor.java:1145)
	at java.util.concurrent.ThreadPoolExecutor$Worker.run(ThreadPoolExecutor.java:615)
	at java.lang.Thread.run(Thread.java:745)
Caused by: java.net.SocketException: No buffer space available (maximum connections reached?): connect
	at java.net.DualStackPlainSocketImpl.connect0(Native Method)
	at java.net.DualStackPlainSocketImpl.socketConnect(DualStackPlainSocketImpl.java:79)
	at java.net.AbstractPlainSocketImpl.doConnect(AbstractPlainSocketImpl.java:339)
	at java.net.AbstractPlainSocketImpl.connectToAddress(AbstractPlainSocketImpl.java:200)
	at java.net.AbstractPlainSocketImpl.connect(AbstractPlainSocketImpl.java:182)
	at java.net.PlainSocketImpl.connect(PlainSocketImpl.java:172)
	at java.net.SocksSocketImpl.connect(SocksSocketImpl.java:392)
	at java.net.Socket.connect(Socket.java:579)
	at java.net.Socket.connect(Socket.java:528)
	at sun.net.NetworkClient.doConnect(NetworkClient.java:180)
	at sun.net.www.http.HttpClient.openServer(HttpClient.java:432)
	at sun.net.www.http.HttpClient.openServer(HttpClient.java:527)
	at sun.net.www.http.HttpClient.<init>(HttpClient.java:211)
	at sun.net.www.http.HttpClient.New(HttpClient.java:308)
	at sun.net.www.http.HttpClient.New(HttpClient.java:326)
	at sun.net.www.protocol.http.HttpURLConnection.getNewHttpClient(HttpURLConnection.java:996)
	at sun.net.www.protocol.http.HttpURLConnection.plainConnect(HttpURLConnection.java:932)
	at sun.net.www.protocol.http.HttpURLConnection.connect(HttpURLConnection.java:850)
	at org.springframework.http.client.SimpleBufferingClientHttpRequest.executeInternal(SimpleBufferingClientHttpRequest.java:78)
	at org.springframework.http.client.AbstractBufferingClientHttpRequest.executeInternal(AbstractBufferingClientHttpRequest.java:46)
	at org.springframework.http.client.AbstractClientHttpRequest.execute(AbstractClientHttpRequest.java:52)
	at org.springframework.web.client.RestTemplate.doExecute(RestTemplate.java:527)
	... 17 more
]]>
    </failure>
  </testcase> <!-- thatOrdersCanBeAddedAndQueried -->
  <testcase name="thatOrdersCanBeAddedAndQueried" time="0.215" classname="com.sprhib.TestService"/>
  <testcase name="thatOrdersCanBeAddedAndQueried" time="0.195" classname="com.sprhib.TestService"/>
  <testcase name="thatOrdersCanBeAddedAndQueried" time="0.342" classname="com.sprhib.TestService"/>
  <testcase name="thatOrdersCanBeAddedAndQueried" time="0.157" classname="com.sprhib.TestService"/>
  <testcase name="thatOrdersCanBeAddedAndQueried" time="0.176" classname="com.sprhib.TestService"/>
  <testcase name="thatOrdersCanBeAddedAndQueried" time="0.409" classname="com.sprhib.TestService"/>
  <testcase name="thatOrdersCanBeAddedAndQueried" time="0.274" classname="com.sprhib.TestService"/>
  <testcase name="thatOrdersCanBeAddedAndQueried" time="0.146" classname="com.sprhib.TestService"/>
  <testcase name="thatOrdersCanBeAddedAndQueried" time="0.239" classname="com.sprhib.TestService"/>
  <testcase name="thatOrdersCanBeAddedAndQueried" time="0.154" classname="com.sprhib.TestService"/>
  <testcase name="thatOrdersCanBeAddedAndQueried" time="0.166" classname="com.sprhib.TestService"/>
  <testcase name="thatOrdersCanBeAddedAndQueried" time="0.296" classname="com.sprhib.TestService"/>
  <testcase name="thatOrdersCanBeAddedAndQueried" time="0.208" classname="com.sprhib.TestService"/>
  <testcase name="thatOrdersCanBeAddedAndQueried" time="0.172" classname="com.sprhib.TestService"/>
  <testcase name="thatOrdersCanBeAddedAndQueried" time="0.200" classname="com.sprhib.TestService"/>
  <testcase name="thatOrdersCanBeAddedAndQueried" time="0.187" classname="com.sprhib.TestService"/>
  <testcase name="thatOrdersCanBeAddedAndQueried" time="0.371" classname="com.sprhib.TestService"/>
  <testcase name="thatOrdersCanBeAddedAndQueried" time="0.148" classname="com.sprhib.TestService"/>
  <testcase name="thatOrdersCanBeAddedAndQueried" time="0.248" classname="com.sprhib.TestService"/>
  <testcase name="thatOrdersCanBeAddedAndQueried" time="0.142" classname="com.sprhib.TestService"/>
  <testcase name="thatOrdersCanBeAddedAndQueried" time="0.144" classname="com.sprhib.TestService"/>
  <testcase name="thatOrdersCanBeAddedAndQueried" time="0.148" classname="com.sprhib.TestService"/>
  <testcase name="thatOrdersCanBeAddedAndQueried" time="0.152" classname="com.sprhib.TestService"/>
  <testcase name="thatOrdersCanBeAddedAndQueried" time="0.176" classname="com.sprhib.TestService"/>
  <testcase name="thatOrdersCanBeAddedAndQueried" time="0.147" classname="com.sprhib.TestService"/>
  <testcase name="thatOrdersCanBeAddedAndQueried" time="0.326" classname="com.sprhib.TestService"/>
  <testcase name="thatOrdersCanBeAddedAndQueried" time="0.228" classname="com.sprhib.TestService"/>
  <testcase name="thatOrdersCanBeAddedAndQueried" time="0.140" classname="com.sprhib.TestService"/>
  <testcase name="thatOrdersCanBeAddedAndQueried" time="0.163" classname="com.sprhib.TestService"/>
  <testcase name="thatOrdersCanBeAddedAndQueried" time="0.154" classname="com.sprhib.TestService"/>
  <testcase name="thatOrdersCanBeAddedAndQueried" time="0.168" classname="com.sprhib.TestService"/>
  <testcase name="thatOrdersCanBeAddedAndQueried" time="0.190" classname="com.sprhib.TestService"/>
  <testcase name="thatOrdersCanBeAddedAndQueried" time="0.184" classname="com.sprhib.TestService"/>
  <testcase name="thatOrdersCanBeAddedAndQueried" time="0.148" classname="com.sprhib.TestService"/>
  <testcase name="thatOrdersCanBeAddedAndQueried" time="0.206" classname="com.sprhib.TestService"/>
  <testcase name="thatOrdersCanBeAddedAndQueried" time="0.240" classname="com.sprhib.TestService"/>
  <testcase name="thatOrdersCanBeAddedAndQueried" time="0.099" classname="com.sprhib.TestService"/>
  <testcase name="thatOrdersCanBeAddedAndQueried" time="0.158" classname="com.sprhib.TestService"/>
  <testcase name="thatOrdersCanBeAddedAndQueried" time="0.294" classname="com.sprhib.TestService"/>
  <testcase name="thatOrdersCanBeAddedAndQueried" time="0.242" classname="com.sprhib.TestService"/>
  <testcase name="thatOrdersCanBeAddedAndQueried" time="0.161" classname="com.sprhib.TestService"/>
  <testcase name="thatOrdersCanBeAddedAndQueried" time="0.133" classname="com.sprhib.TestService"/>
  <testcase name="thatOrdersCanBeAddedAndQueried" time="0.155" classname="com.sprhib.TestService"/>
  <testcase name="thatOrdersCanBeAddedAndQueried" time="0.186" classname="com.sprhib.TestService"/>
  <testcase name="thatOrdersCanBeAddedAndQueried" time="0.124" classname="com.sprhib.TestService"/>
  <testcase name="thatOrdersCanBeAddedAndQueried" time="0.258" classname="com.sprhib.TestService"/>
  <testcase name="thatOrdersCanBeAddedAndQueried" time="0.153" classname="com.sprhib.TestService"/>
  <testcase name="thatOrdersCanBeAddedAndQueried" time="0.171" classname="com.sprhib.TestService"/>
  <testcase name="thatOrdersCanBeAddedAndQueried" time="0.249" classname="com.sprhib.TestService"/>
  <testcase name="thatOrdersCanBeAddedAndQueried" time="0.106" classname="com.sprhib.TestService"/>
  <testcase name="thatOrdersCanBeAddedAndQueried" time="0.236" classname="com.sprhib.TestService"/>
  <testcase name="thatOrdersCanBeAddedAndQueried" time="0.181" classname="com.sprhib.TestService"/>
  <testcase name="thatOrdersCanBeAddedAndQueried" time="0.287" classname="com.sprhib.TestService"/>
  <testcase name="thatOrdersCanBeAddedAndQueried" time="0.182" classname="com.sprhib.TestService"/>
  <testcase name="thatOrdersCanBeAddedAndQueried" time="0.013" classname="com.sprhib.TestService">
    <failure type="org.springframework.web.client.ResourceAccessException" message="I/O error on GET request for &quot;http://localhost:8080/spr-mvc-hib/convertation/-110/EUR/USD&quot;:No buffer space available (maximum connections reached?): connect; nested exception is java.net.SocketException: No buffer space available (maximum connections reached?): connect">
      <![CDATA[org.springframework.web.client.ResourceAccessException: I/O error on GET request for "http://localhost:8080/spr-mvc-hib/convertation/-110/EUR/USD":No buffer space available (maximum connections reached?): connect; nested exception is java.net.SocketException: No buffer space available (maximum connections reached?): connect
	at org.springframework.web.client.RestTemplate.doExecute(RestTemplate.java:543)
	at org.springframework.web.client.RestTemplate.execute(RestTemplate.java:489)
	at org.springframework.web.client.RestTemplate.getForEntity(RestTemplate.java:250)
	at com.sprhib.TestService.thatOrdersCanBeAddedAndQueried(TestService.java:26)
	at sun.reflect.GeneratedMethodAccessor3.invoke(Unknown Source)
	at sun.reflect.DelegatingMethodAccessorImpl.invoke(DelegatingMethodAccessorImpl.java:43)
	at java.lang.reflect.Method.invoke(Method.java:606)
	at org.testng.internal.MethodInvocationHelper.invokeMethod(MethodInvocationHelper.java:84)
	at org.testng.internal.Invoker.invokeMethod(Invoker.java:714)
	at org.testng.internal.Invoker.invokeTestMethod(Invoker.java:901)
	at org.testng.internal.Invoker.invokeTestMethods(Invoker.java:1231)
	at org.testng.internal.TestMethodWorker.invokeTestMethods(TestMethodWorker.java:127)
	at org.testng.internal.TestMethodWorker.run(TestMethodWorker.java:111)
	at org.testng.internal.thread.ThreadUtil$2.call(ThreadUtil.java:64)
	at java.util.concurrent.FutureTask.run(FutureTask.java:262)
	at java.util.concurrent.ThreadPoolExecutor.runWorker(ThreadPoolExecutor.java:1145)
	at java.util.concurrent.ThreadPoolExecutor$Worker.run(ThreadPoolExecutor.java:615)
	at java.lang.Thread.run(Thread.java:745)
Caused by: java.net.SocketException: No buffer space available (maximum connections reached?): connect
	at java.net.DualStackPlainSocketImpl.connect0(Native Method)
	at java.net.DualStackPlainSocketImpl.socketConnect(DualStackPlainSocketImpl.java:79)
	at java.net.AbstractPlainSocketImpl.doConnect(AbstractPlainSocketImpl.java:339)
	at java.net.AbstractPlainSocketImpl.connectToAddress(AbstractPlainSocketImpl.java:200)
	at java.net.AbstractPlainSocketImpl.connect(AbstractPlainSocketImpl.java:182)
	at java.net.PlainSocketImpl.connect(PlainSocketImpl.java:172)
	at java.net.SocksSocketImpl.connect(SocksSocketImpl.java:392)
	at java.net.Socket.connect(Socket.java:579)
	at java.net.Socket.connect(Socket.java:528)
	at sun.net.NetworkClient.doConnect(NetworkClient.java:180)
	at sun.net.www.http.HttpClient.openServer(HttpClient.java:432)
	at sun.net.www.http.HttpClient.openServer(HttpClient.java:527)
	at sun.net.www.http.HttpClient.<init>(HttpClient.java:211)
	at sun.net.www.http.HttpClient.New(HttpClient.java:308)
	at sun.net.www.http.HttpClient.New(HttpClient.java:326)
	at sun.net.www.protocol.http.HttpURLConnection.getNewHttpClient(HttpURLConnection.java:996)
	at sun.net.www.protocol.http.HttpURLConnection.plainConnect(HttpURLConnection.java:932)
	at sun.net.www.protocol.http.HttpURLConnection.connect(HttpURLConnection.java:850)
	at org.springframework.http.client.SimpleBufferingClientHttpRequest.executeInternal(SimpleBufferingClientHttpRequest.java:78)
	at org.springframework.http.client.AbstractBufferingClientHttpRequest.executeInternal(AbstractBufferingClientHttpRequest.java:46)
	at org.springframework.http.client.AbstractClientHttpRequest.execute(AbstractClientHttpRequest.java:52)
	at org.springframework.web.client.RestTemplate.doExecute(RestTemplate.java:527)
	... 17 more
]]>
    </failure>
  </testcase> <!-- thatOrdersCanBeAddedAndQueried -->
  <testcase name="thatOrdersCanBeAddedAndQueried" time="0.144" classname="com.sprhib.TestService"/>
  <testcase name="thatOrdersCanBeAddedAndQueried" time="0.300" classname="com.sprhib.TestService"/>
  <testcase name="thatOrdersCanBeAddedAndQueried" time="0.261" classname="com.sprhib.TestService">
    <failure type="org.springframework.web.client.HttpServerErrorException" message="500 Internal Server Error">
      <![CDATA[org.springframework.web.client.HttpServerErrorException: 500 Internal Server Error
	at org.springframework.web.client.DefaultResponseErrorHandler.handleError(DefaultResponseErrorHandler.java:94)
	at org.springframework.web.client.RestTemplate.handleResponseError(RestTemplate.java:576)
	at org.springframework.web.client.RestTemplate.doExecute(RestTemplate.java:532)
	at org.springframework.web.client.RestTemplate.execute(RestTemplate.java:489)
	at org.springframework.web.client.RestTemplate.getForEntity(RestTemplate.java:250)
	at com.sprhib.TestService.thatOrdersCanBeAddedAndQueried(TestService.java:44)
	at sun.reflect.GeneratedMethodAccessor3.invoke(Unknown Source)
	at sun.reflect.DelegatingMethodAccessorImpl.invoke(DelegatingMethodAccessorImpl.java:43)
	at java.lang.reflect.Method.invoke(Method.java:606)
	at org.testng.internal.MethodInvocationHelper.invokeMethod(MethodInvocationHelper.java:84)
	at org.testng.internal.Invoker.invokeMethod(Invoker.java:714)
	at org.testng.internal.Invoker.invokeTestMethod(Invoker.java:901)
	at org.testng.internal.Invoker.invokeTestMethods(Invoker.java:1231)
	at org.testng.internal.TestMethodWorker.invokeTestMethods(TestMethodWorker.java:127)
	at org.testng.internal.TestMethodWorker.run(TestMethodWorker.java:111)
	at org.testng.internal.thread.ThreadUtil$2.call(ThreadUtil.java:64)
	at java.util.concurrent.FutureTask.run(FutureTask.java:262)
	at java.util.concurrent.ThreadPoolExecutor.runWorker(ThreadPoolExecutor.java:1145)
	at java.util.concurrent.ThreadPoolExecutor$Worker.run(ThreadPoolExecutor.java:615)
	at java.lang.Thread.run(Thread.java:745)
]]>
    </failure>
  </testcase> <!-- thatOrdersCanBeAddedAndQueried -->
  <testcase name="thatOrdersCanBeAddedAndQueried" time="0.110" classname="com.sprhib.TestService">
    <failure type="org.springframework.web.client.HttpServerErrorException" message="500 Internal Server Error">
      <![CDATA[org.springframework.web.client.HttpServerErrorException: 500 Internal Server Error
	at org.springframework.web.client.DefaultResponseErrorHandler.handleError(DefaultResponseErrorHandler.java:94)
	at org.springframework.web.client.RestTemplate.handleResponseError(RestTemplate.java:576)
	at org.springframework.web.client.RestTemplate.doExecute(RestTemplate.java:532)
	at org.springframework.web.client.RestTemplate.execute(RestTemplate.java:489)
	at org.springframework.web.client.RestTemplate.getForEntity(RestTemplate.java:250)
	at com.sprhib.TestService.thatOrdersCanBeAddedAndQueried(TestService.java:39)
	at sun.reflect.GeneratedMethodAccessor3.invoke(Unknown Source)
	at sun.reflect.DelegatingMethodAccessorImpl.invoke(DelegatingMethodAccessorImpl.java:43)
	at java.lang.reflect.Method.invoke(Method.java:606)
	at org.testng.internal.MethodInvocationHelper.invokeMethod(MethodInvocationHelper.java:84)
	at org.testng.internal.Invoker.invokeMethod(Invoker.java:714)
	at org.testng.internal.Invoker.invokeTestMethod(Invoker.java:901)
	at org.testng.internal.Invoker.invokeTestMethods(Invoker.java:1231)
	at org.testng.internal.TestMethodWorker.invokeTestMethods(TestMethodWorker.java:127)
	at org.testng.internal.TestMethodWorker.run(TestMethodWorker.java:111)
	at org.testng.internal.thread.ThreadUtil$2.call(ThreadUtil.java:64)
	at java.util.concurrent.FutureTask.run(FutureTask.java:262)
	at java.util.concurrent.ThreadPoolExecutor.runWorker(ThreadPoolExecutor.java:1145)
	at java.util.concurrent.ThreadPoolExecutor$Worker.run(ThreadPoolExecutor.java:615)
	at java.lang.Thread.run(Thread.java:745)
]]>
    </failure>
  </testcase> <!-- thatOrdersCanBeAddedAndQueried -->
  <testcase name="thatOrdersCanBeAddedAndQueried" time="0.111" classname="com.sprhib.TestService"/>
  <testcase name="thatOrdersCanBeAddedAndQueried" time="0.162" classname="com.sprhib.TestService"/>
  <testcase name="thatOrdersCanBeAddedAndQueried" time="0.188" classname="com.sprhib.TestService"/>
  <testcase name="thatOrdersCanBeAddedAndQueried" time="0.135" classname="com.sprhib.TestService"/>
  <testcase name="thatOrdersCanBeAddedAndQueried" time="0.139" classname="com.sprhib.TestService"/>
  <testcase name="thatOrdersCanBeAddedAndQueried" time="0.188" classname="com.sprhib.TestService"/>
  <testcase name="thatOrdersCanBeAddedAndQueried" time="0.209" classname="com.sprhib.TestService"/>
  <testcase name="thatOrdersCanBeAddedAndQueried" time="0.021" classname="com.sprhib.TestService">
    <failure type="org.springframework.web.client.ResourceAccessException" message="I/O error on GET request for &quot;http://localhost:8080/spr-mvc-hib/convertation/-110/EUR/USD&quot;:No buffer space available (maximum connections reached?): connect; nested exception is java.net.SocketException: No buffer space available (maximum connections reached?): connect">
      <![CDATA[org.springframework.web.client.ResourceAccessException: I/O error on GET request for "http://localhost:8080/spr-mvc-hib/convertation/-110/EUR/USD":No buffer space available (maximum connections reached?): connect; nested exception is java.net.SocketException: No buffer space available (maximum connections reached?): connect
	at org.springframework.web.client.RestTemplate.doExecute(RestTemplate.java:543)
	at org.springframework.web.client.RestTemplate.execute(RestTemplate.java:489)
	at org.springframework.web.client.RestTemplate.getForEntity(RestTemplate.java:250)
	at com.sprhib.TestService.thatOrdersCanBeAddedAndQueried(TestService.java:26)
	at sun.reflect.GeneratedMethodAccessor3.invoke(Unknown Source)
	at sun.reflect.DelegatingMethodAccessorImpl.invoke(DelegatingMethodAccessorImpl.java:43)
	at java.lang.reflect.Method.invoke(Method.java:606)
	at org.testng.internal.MethodInvocationHelper.invokeMethod(MethodInvocationHelper.java:84)
	at org.testng.internal.Invoker.invokeMethod(Invoker.java:714)
	at org.testng.internal.Invoker.invokeTestMethod(Invoker.java:901)
	at org.testng.internal.Invoker.invokeTestMethods(Invoker.java:1231)
	at org.testng.internal.TestMethodWorker.invokeTestMethods(TestMethodWorker.java:127)
	at org.testng.internal.TestMethodWorker.run(TestMethodWorker.java:111)
	at org.testng.internal.thread.ThreadUtil$2.call(ThreadUtil.java:64)
	at java.util.concurrent.FutureTask.run(FutureTask.java:262)
	at java.util.concurrent.ThreadPoolExecutor.runWorker(ThreadPoolExecutor.java:1145)
	at java.util.concurrent.ThreadPoolExecutor$Worker.run(ThreadPoolExecutor.java:615)
	at java.lang.Thread.run(Thread.java:745)
Caused by: java.net.SocketException: No buffer space available (maximum connections reached?): connect
	at java.net.DualStackPlainSocketImpl.connect0(Native Method)
	at java.net.DualStackPlainSocketImpl.socketConnect(DualStackPlainSocketImpl.java:79)
	at java.net.AbstractPlainSocketImpl.doConnect(AbstractPlainSocketImpl.java:339)
	at java.net.AbstractPlainSocketImpl.connectToAddress(AbstractPlainSocketImpl.java:200)
	at java.net.AbstractPlainSocketImpl.connect(AbstractPlainSocketImpl.java:182)
	at java.net.PlainSocketImpl.connect(PlainSocketImpl.java:172)
	at java.net.SocksSocketImpl.connect(SocksSocketImpl.java:392)
	at java.net.Socket.connect(Socket.java:579)
	at java.net.Socket.connect(Socket.java:528)
	at sun.net.NetworkClient.doConnect(NetworkClient.java:180)
	at sun.net.www.http.HttpClient.openServer(HttpClient.java:432)
	at sun.net.www.http.HttpClient.openServer(HttpClient.java:527)
	at sun.net.www.http.HttpClient.<init>(HttpClient.java:211)
	at sun.net.www.http.HttpClient.New(HttpClient.java:308)
	at sun.net.www.http.HttpClient.New(HttpClient.java:326)
	at sun.net.www.protocol.http.HttpURLConnection.getNewHttpClient(HttpURLConnection.java:996)
	at sun.net.www.protocol.http.HttpURLConnection.plainConnect(HttpURLConnection.java:932)
	at sun.net.www.protocol.http.HttpURLConnection.connect(HttpURLConnection.java:850)
	at org.springframework.http.client.SimpleBufferingClientHttpRequest.executeInternal(SimpleBufferingClientHttpRequest.java:78)
	at org.springframework.http.client.AbstractBufferingClientHttpRequest.executeInternal(AbstractBufferingClientHttpRequest.java:46)
	at org.springframework.http.client.AbstractClientHttpRequest.execute(AbstractClientHttpRequest.java:52)
	at org.springframework.web.client.RestTemplate.doExecute(RestTemplate.java:527)
	... 17 more
]]>
    </failure>
  </testcase> <!-- thatOrdersCanBeAddedAndQueried -->
  <testcase name="thatOrdersCanBeAddedAndQueried" time="0.171" classname="com.sprhib.TestService"/>
  <testcase name="thatOrdersCanBeAddedAndQueried" time="0.200" classname="com.sprhib.TestService"/>
  <testcase name="thatOrdersCanBeAddedAndQueried" time="0.193" classname="com.sprhib.TestService"/>
  <testcase name="thatOrdersCanBeAddedAndQueried" time="0.144" classname="com.sprhib.TestService"/>
  <testcase name="thatOrdersCanBeAddedAndQueried" time="0.174" classname="com.sprhib.TestService"/>
  <testcase name="thatOrdersCanBeAddedAndQueried" time="0.218" classname="com.sprhib.TestService"/>
  <testcase name="thatOrdersCanBeAddedAndQueried" time="0.165" classname="com.sprhib.TestService"/>
  <testcase name="thatOrdersCanBeAddedAndQueried" time="0.200" classname="com.sprhib.TestService"/>
  <testcase name="thatOrdersCanBeAddedAndQueried" time="0.117" classname="com.sprhib.TestService"/>
  <testcase name="thatOrdersCanBeAddedAndQueried" time="0.192" classname="com.sprhib.TestService"/>
  <testcase name="thatOrdersCanBeAddedAndQueried" time="0.163" classname="com.sprhib.TestService"/>
  <testcase name="thatOrdersCanBeAddedAndQueried" time="0.129" classname="com.sprhib.TestService">
    <failure type="org.springframework.web.client.HttpServerErrorException" message="500 Internal Server Error">
      <![CDATA[org.springframework.web.client.HttpServerErrorException: 500 Internal Server Error
	at org.springframework.web.client.DefaultResponseErrorHandler.handleError(DefaultResponseErrorHandler.java:94)
	at org.springframework.web.client.RestTemplate.handleResponseError(RestTemplate.java:576)
	at org.springframework.web.client.RestTemplate.doExecute(RestTemplate.java:532)
	at org.springframework.web.client.RestTemplate.execute(RestTemplate.java:489)
	at org.springframework.web.client.RestTemplate.getForEntity(RestTemplate.java:250)
	at com.sprhib.TestService.thatOrdersCanBeAddedAndQueried(TestService.java:39)
	at sun.reflect.GeneratedMethodAccessor3.invoke(Unknown Source)
	at sun.reflect.DelegatingMethodAccessorImpl.invoke(DelegatingMethodAccessorImpl.java:43)
	at java.lang.reflect.Method.invoke(Method.java:606)
	at org.testng.internal.MethodInvocationHelper.invokeMethod(MethodInvocationHelper.java:84)
	at org.testng.internal.Invoker.invokeMethod(Invoker.java:714)
	at org.testng.internal.Invoker.invokeTestMethod(Invoker.java:901)
	at org.testng.internal.Invoker.invokeTestMethods(Invoker.java:1231)
	at org.testng.internal.TestMethodWorker.invokeTestMethods(TestMethodWorker.java:127)
	at org.testng.internal.TestMethodWorker.run(TestMethodWorker.java:111)
	at org.testng.internal.thread.ThreadUtil$2.call(ThreadUtil.java:64)
	at java.util.concurrent.FutureTask.run(FutureTask.java:262)
	at java.util.concurrent.ThreadPoolExecutor.runWorker(ThreadPoolExecutor.java:1145)
	at java.util.concurrent.ThreadPoolExecutor$Worker.run(ThreadPoolExecutor.java:615)
	at java.lang.Thread.run(Thread.java:745)
]]>
    </failure>
  </testcase> <!-- thatOrdersCanBeAddedAndQueried -->
  <testcase name="thatOrdersCanBeAddedAndQueried" time="0.161" classname="com.sprhib.TestService"/>
  <testcase name="thatOrdersCanBeAddedAndQueried" time="0.106" classname="com.sprhib.TestService">
    <failure type="org.springframework.web.client.HttpServerErrorException" message="500 Internal Server Error">
      <![CDATA[org.springframework.web.client.HttpServerErrorException: 500 Internal Server Error
	at org.springframework.web.client.DefaultResponseErrorHandler.handleError(DefaultResponseErrorHandler.java:94)
	at org.springframework.web.client.RestTemplate.handleResponseError(RestTemplate.java:576)
	at org.springframework.web.client.RestTemplate.doExecute(RestTemplate.java:532)
	at org.springframework.web.client.RestTemplate.execute(RestTemplate.java:489)
	at org.springframework.web.client.RestTemplate.getForEntity(RestTemplate.java:250)
	at com.sprhib.TestService.thatOrdersCanBeAddedAndQueried(TestService.java:39)
	at sun.reflect.GeneratedMethodAccessor3.invoke(Unknown Source)
	at sun.reflect.DelegatingMethodAccessorImpl.invoke(DelegatingMethodAccessorImpl.java:43)
	at java.lang.reflect.Method.invoke(Method.java:606)
	at org.testng.internal.MethodInvocationHelper.invokeMethod(MethodInvocationHelper.java:84)
	at org.testng.internal.Invoker.invokeMethod(Invoker.java:714)
	at org.testng.internal.Invoker.invokeTestMethod(Invoker.java:901)
	at org.testng.internal.Invoker.invokeTestMethods(Invoker.java:1231)
	at org.testng.internal.TestMethodWorker.invokeTestMethods(TestMethodWorker.java:127)
	at org.testng.internal.TestMethodWorker.run(TestMethodWorker.java:111)
	at org.testng.internal.thread.ThreadUtil$2.call(ThreadUtil.java:64)
	at java.util.concurrent.FutureTask.run(FutureTask.java:262)
	at java.util.concurrent.ThreadPoolExecutor.runWorker(ThreadPoolExecutor.java:1145)
	at java.util.concurrent.ThreadPoolExecutor$Worker.run(ThreadPoolExecutor.java:615)
	at java.lang.Thread.run(Thread.java:745)
]]>
    </failure>
  </testcase> <!-- thatOrdersCanBeAddedAndQueried -->
  <testcase name="thatOrdersCanBeAddedAndQueried" time="0.153" classname="com.sprhib.TestService"/>
  <testcase name="thatOrdersCanBeAddedAndQueried" time="0.131" classname="com.sprhib.TestService"/>
  <testcase name="thatOrdersCanBeAddedAndQueried" time="0.339" classname="com.sprhib.TestService"/>
  <testcase name="thatOrdersCanBeAddedAndQueried" time="0.205" classname="com.sprhib.TestService"/>
  <testcase name="thatOrdersCanBeAddedAndQueried" time="0.207" classname="com.sprhib.TestService"/>
  <testcase name="thatOrdersCanBeAddedAndQueried" time="0.164" classname="com.sprhib.TestService"/>
  <testcase name="thatOrdersCanBeAddedAndQueried" time="0.052" classname="com.sprhib.TestService">
    <failure type="org.springframework.web.client.ResourceAccessException" message="I/O error on GET request for &quot;http://localhost:8080/spr-mvc-hib/convertation/-110/EUR/USD&quot;:No buffer space available (maximum connections reached?): connect; nested exception is java.net.SocketException: No buffer space available (maximum connections reached?): connect">
      <![CDATA[org.springframework.web.client.ResourceAccessException: I/O error on GET request for "http://localhost:8080/spr-mvc-hib/convertation/-110/EUR/USD":No buffer space available (maximum connections reached?): connect; nested exception is java.net.SocketException: No buffer space available (maximum connections reached?): connect
	at org.springframework.web.client.RestTemplate.doExecute(RestTemplate.java:543)
	at org.springframework.web.client.RestTemplate.execute(RestTemplate.java:489)
	at org.springframework.web.client.RestTemplate.getForEntity(RestTemplate.java:250)
	at com.sprhib.TestService.thatOrdersCanBeAddedAndQueried(TestService.java:26)
	at sun.reflect.GeneratedMethodAccessor3.invoke(Unknown Source)
	at sun.reflect.DelegatingMethodAccessorImpl.invoke(DelegatingMethodAccessorImpl.java:43)
	at java.lang.reflect.Method.invoke(Method.java:606)
	at org.testng.internal.MethodInvocationHelper.invokeMethod(MethodInvocationHelper.java:84)
	at org.testng.internal.Invoker.invokeMethod(Invoker.java:714)
	at org.testng.internal.Invoker.invokeTestMethod(Invoker.java:901)
	at org.testng.internal.Invoker.invokeTestMethods(Invoker.java:1231)
	at org.testng.internal.TestMethodWorker.invokeTestMethods(TestMethodWorker.java:127)
	at org.testng.internal.TestMethodWorker.run(TestMethodWorker.java:111)
	at org.testng.internal.thread.ThreadUtil$2.call(ThreadUtil.java:64)
	at java.util.concurrent.FutureTask.run(FutureTask.java:262)
	at java.util.concurrent.ThreadPoolExecutor.runWorker(ThreadPoolExecutor.java:1145)
	at java.util.concurrent.ThreadPoolExecutor$Worker.run(ThreadPoolExecutor.java:615)
	at java.lang.Thread.run(Thread.java:745)
Caused by: java.net.SocketException: No buffer space available (maximum connections reached?): connect
	at java.net.DualStackPlainSocketImpl.connect0(Native Method)
	at java.net.DualStackPlainSocketImpl.socketConnect(DualStackPlainSocketImpl.java:79)
	at java.net.AbstractPlainSocketImpl.doConnect(AbstractPlainSocketImpl.java:339)
	at java.net.AbstractPlainSocketImpl.connectToAddress(AbstractPlainSocketImpl.java:200)
	at java.net.AbstractPlainSocketImpl.connect(AbstractPlainSocketImpl.java:182)
	at java.net.PlainSocketImpl.connect(PlainSocketImpl.java:172)
	at java.net.SocksSocketImpl.connect(SocksSocketImpl.java:392)
	at java.net.Socket.connect(Socket.java:579)
	at java.net.Socket.connect(Socket.java:528)
	at sun.net.NetworkClient.doConnect(NetworkClient.java:180)
	at sun.net.www.http.HttpClient.openServer(HttpClient.java:432)
	at sun.net.www.http.HttpClient.openServer(HttpClient.java:527)
	at sun.net.www.http.HttpClient.<init>(HttpClient.java:211)
	at sun.net.www.http.HttpClient.New(HttpClient.java:308)
	at sun.net.www.http.HttpClient.New(HttpClient.java:326)
	at sun.net.www.protocol.http.HttpURLConnection.getNewHttpClient(HttpURLConnection.java:996)
	at sun.net.www.protocol.http.HttpURLConnection.plainConnect(HttpURLConnection.java:932)
	at sun.net.www.protocol.http.HttpURLConnection.connect(HttpURLConnection.java:850)
	at org.springframework.http.client.SimpleBufferingClientHttpRequest.executeInternal(SimpleBufferingClientHttpRequest.java:78)
	at org.springframework.http.client.AbstractBufferingClientHttpRequest.executeInternal(AbstractBufferingClientHttpRequest.java:46)
	at org.springframework.http.client.AbstractClientHttpRequest.execute(AbstractClientHttpRequest.java:52)
	at org.springframework.web.client.RestTemplate.doExecute(RestTemplate.java:527)
	... 17 more
]]>
    </failure>
  </testcase> <!-- thatOrdersCanBeAddedAndQueried -->
  <testcase name="thatOrdersCanBeAddedAndQueried" time="0.252" classname="com.sprhib.TestService"/>
  <testcase name="thatOrdersCanBeAddedAndQueried" time="0.164" classname="com.sprhib.TestService"/>
  <testcase name="thatOrdersCanBeAddedAndQueried" time="0.106" classname="com.sprhib.TestService"/>
  <testcase name="thatOrdersCanBeAddedAndQueried" time="0.188" classname="com.sprhib.TestService"/>
  <testcase name="thatOrdersCanBeAddedAndQueried" time="0.300" classname="com.sprhib.TestService"/>
  <testcase name="thatOrdersCanBeAddedAndQueried" time="0.188" classname="com.sprhib.TestService"/>
  <testcase name="thatOrdersCanBeAddedAndQueried" time="0.250" classname="com.sprhib.TestService"/>
  <testcase name="thatOrdersCanBeAddedAndQueried" time="0.158" classname="com.sprhib.TestService"/>
  <testcase name="thatOrdersCanBeAddedAndQueried" time="0.128" classname="com.sprhib.TestService"/>
  <testcase name="thatOrdersCanBeAddedAndQueried" time="0.127" classname="com.sprhib.TestService"/>
  <testcase name="thatOrdersCanBeAddedAndQueried" time="0.268" classname="com.sprhib.TestService"/>
  <testcase name="thatOrdersCanBeAddedAndQueried" time="0.268" classname="com.sprhib.TestService"/>
  <testcase name="thatOrdersCanBeAddedAndQueried" time="0.243" classname="com.sprhib.TestService"/>
  <testcase name="thatOrdersCanBeAddedAndQueried" time="0.150" classname="com.sprhib.TestService"/>
  <testcase name="thatOrdersCanBeAddedAndQueried" time="0.189" classname="com.sprhib.TestService"/>
  <testcase name="thatOrdersCanBeAddedAndQueried" time="0.195" classname="com.sprhib.TestService"/>
  <testcase name="thatOrdersCanBeAddedAndQueried" time="0.246" classname="com.sprhib.TestService"/>
  <testcase name="thatOrdersCanBeAddedAndQueried" time="0.391" classname="com.sprhib.TestService"/>
  <testcase name="thatOrdersCanBeAddedAndQueried" time="0.178" classname="com.sprhib.TestService"/>
  <testcase name="thatOrdersCanBeAddedAndQueried" time="0.218" classname="com.sprhib.TestService"/>
  <testcase name="thatOrdersCanBeAddedAndQueried" time="0.111" classname="com.sprhib.TestService"/>
  <testcase name="thatOrdersCanBeAddedAndQueried" time="0.158" classname="com.sprhib.TestService"/>
  <testcase name="thatOrdersCanBeAddedAndQueried" time="0.205" classname="com.sprhib.TestService"/>
  <testcase name="thatOrdersCanBeAddedAndQueried" time="0.158" classname="com.sprhib.TestService"/>
  <testcase name="thatOrdersCanBeAddedAndQueried" time="0.181" classname="com.sprhib.TestService"/>
  <testcase name="thatOrdersCanBeAddedAndQueried" time="0.145" classname="com.sprhib.TestService"/>
  <testcase name="thatOrdersCanBeAddedAndQueried" time="0.219" classname="com.sprhib.TestService"/>
  <testcase name="thatOrdersCanBeAddedAndQueried" time="0.164" classname="com.sprhib.TestService"/>
  <testcase name="thatOrdersCanBeAddedAndQueried" time="0.178" classname="com.sprhib.TestService"/>
  <testcase name="thatOrdersCanBeAddedAndQueried" time="0.163" classname="com.sprhib.TestService"/>
  <testcase name="thatOrdersCanBeAddedAndQueried" time="0.025" classname="com.sprhib.TestService">
    <failure type="org.springframework.web.client.ResourceAccessException" message="I/O error on GET request for &quot;http://localhost:8080/spr-mvc-hib/convertation/-110/EUR/USD&quot;:No buffer space available (maximum connections reached?): connect; nested exception is java.net.SocketException: No buffer space available (maximum connections reached?): connect">
      <![CDATA[org.springframework.web.client.ResourceAccessException: I/O error on GET request for "http://localhost:8080/spr-mvc-hib/convertation/-110/EUR/USD":No buffer space available (maximum connections reached?): connect; nested exception is java.net.SocketException: No buffer space available (maximum connections reached?): connect
	at org.springframework.web.client.RestTemplate.doExecute(RestTemplate.java:543)
	at org.springframework.web.client.RestTemplate.execute(RestTemplate.java:489)
	at org.springframework.web.client.RestTemplate.getForEntity(RestTemplate.java:250)
	at com.sprhib.TestService.thatOrdersCanBeAddedAndQueried(TestService.java:26)
	at sun.reflect.GeneratedMethodAccessor3.invoke(Unknown Source)
	at sun.reflect.DelegatingMethodAccessorImpl.invoke(DelegatingMethodAccessorImpl.java:43)
	at java.lang.reflect.Method.invoke(Method.java:606)
	at org.testng.internal.MethodInvocationHelper.invokeMethod(MethodInvocationHelper.java:84)
	at org.testng.internal.Invoker.invokeMethod(Invoker.java:714)
	at org.testng.internal.Invoker.invokeTestMethod(Invoker.java:901)
	at org.testng.internal.Invoker.invokeTestMethods(Invoker.java:1231)
	at org.testng.internal.TestMethodWorker.invokeTestMethods(TestMethodWorker.java:127)
	at org.testng.internal.TestMethodWorker.run(TestMethodWorker.java:111)
	at org.testng.internal.thread.ThreadUtil$2.call(ThreadUtil.java:64)
	at java.util.concurrent.FutureTask.run(FutureTask.java:262)
	at java.util.concurrent.ThreadPoolExecutor.runWorker(ThreadPoolExecutor.java:1145)
	at java.util.concurrent.ThreadPoolExecutor$Worker.run(ThreadPoolExecutor.java:615)
	at java.lang.Thread.run(Thread.java:745)
Caused by: java.net.SocketException: No buffer space available (maximum connections reached?): connect
	at java.net.DualStackPlainSocketImpl.connect0(Native Method)
	at java.net.DualStackPlainSocketImpl.socketConnect(DualStackPlainSocketImpl.java:79)
	at java.net.AbstractPlainSocketImpl.doConnect(AbstractPlainSocketImpl.java:339)
	at java.net.AbstractPlainSocketImpl.connectToAddress(AbstractPlainSocketImpl.java:200)
	at java.net.AbstractPlainSocketImpl.connect(AbstractPlainSocketImpl.java:182)
	at java.net.PlainSocketImpl.connect(PlainSocketImpl.java:172)
	at java.net.SocksSocketImpl.connect(SocksSocketImpl.java:392)
	at java.net.Socket.connect(Socket.java:579)
	at java.net.Socket.connect(Socket.java:528)
	at sun.net.NetworkClient.doConnect(NetworkClient.java:180)
	at sun.net.www.http.HttpClient.openServer(HttpClient.java:432)
	at sun.net.www.http.HttpClient.openServer(HttpClient.java:527)
	at sun.net.www.http.HttpClient.<init>(HttpClient.java:211)
	at sun.net.www.http.HttpClient.New(HttpClient.java:308)
	at sun.net.www.http.HttpClient.New(HttpClient.java:326)
	at sun.net.www.protocol.http.HttpURLConnection.getNewHttpClient(HttpURLConnection.java:996)
	at sun.net.www.protocol.http.HttpURLConnection.plainConnect(HttpURLConnection.java:932)
	at sun.net.www.protocol.http.HttpURLConnection.connect(HttpURLConnection.java:850)
	at org.springframework.http.client.SimpleBufferingClientHttpRequest.executeInternal(SimpleBufferingClientHttpRequest.java:78)
	at org.springframework.http.client.AbstractBufferingClientHttpRequest.executeInternal(AbstractBufferingClientHttpRequest.java:46)
	at org.springframework.http.client.AbstractClientHttpRequest.execute(AbstractClientHttpRequest.java:52)
	at org.springframework.web.client.RestTemplate.doExecute(RestTemplate.java:527)
	... 17 more
]]>
    </failure>
  </testcase> <!-- thatOrdersCanBeAddedAndQueried -->
  <testcase name="thatOrdersCanBeAddedAndQueried" time="0.123" classname="com.sprhib.TestService"/>
  <testcase name="thatOrdersCanBeAddedAndQueried" time="0.158" classname="com.sprhib.TestService"/>
  <testcase name="thatOrdersCanBeAddedAndQueried" time="0.154" classname="com.sprhib.TestService"/>
  <testcase name="thatOrdersCanBeAddedAndQueried" time="0.175" classname="com.sprhib.TestService"/>
  <testcase name="thatOrdersCanBeAddedAndQueried" time="0.195" classname="com.sprhib.TestService"/>
  <testcase name="thatOrdersCanBeAddedAndQueried" time="0.197" classname="com.sprhib.TestService"/>
  <testcase name="thatOrdersCanBeAddedAndQueried" time="0.113" classname="com.sprhib.TestService"/>
  <testcase name="thatOrdersCanBeAddedAndQueried" time="0.194" classname="com.sprhib.TestService"/>
  <testcase name="thatOrdersCanBeAddedAndQueried" time="0.208" classname="com.sprhib.TestService"/>
  <testcase name="thatOrdersCanBeAddedAndQueried" time="0.195" classname="com.sprhib.TestService"/>
  <testcase name="thatOrdersCanBeAddedAndQueried" time="0.225" classname="com.sprhib.TestService"/>
  <testcase name="thatOrdersCanBeAddedAndQueried" time="0.245" classname="com.sprhib.TestService"/>
  <testcase name="thatOrdersCanBeAddedAndQueried" time="0.221" classname="com.sprhib.TestService"/>
  <testcase name="thatOrdersCanBeAddedAndQueried" time="0.368" classname="com.sprhib.TestService"/>
  <testcase name="thatOrdersCanBeAddedAndQueried" time="0.205" classname="com.sprhib.TestService"/>
  <testcase name="thatOrdersCanBeAddedAndQueried" time="0.159" classname="com.sprhib.TestService"/>
  <testcase name="thatOrdersCanBeAddedAndQueried" time="0.299" classname="com.sprhib.TestService"/>
  <testcase name="thatOrdersCanBeAddedAndQueried" time="0.192" classname="com.sprhib.TestService"/>
  <testcase name="thatOrdersCanBeAddedAndQueried" time="0.213" classname="com.sprhib.TestService"/>
  <testcase name="thatOrdersCanBeAddedAndQueried" time="0.159" classname="com.sprhib.TestService"/>
  <testcase name="thatOrdersCanBeAddedAndQueried" time="0.192" classname="com.sprhib.TestService"/>
  <testcase name="thatOrdersCanBeAddedAndQueried" time="0.168" classname="com.sprhib.TestService"/>
  <testcase name="thatOrdersCanBeAddedAndQueried" time="0.438" classname="com.sprhib.TestService"/>
  <testcase name="thatOrdersCanBeAddedAndQueried" time="0.199" classname="com.sprhib.TestService"/>
  <testcase name="thatOrdersCanBeAddedAndQueried" time="0.217" classname="com.sprhib.TestService"/>
  <testcase name="thatOrdersCanBeAddedAndQueried" time="0.249" classname="com.sprhib.TestService"/>
  <testcase name="thatOrdersCanBeAddedAndQueried" time="0.215" classname="com.sprhib.TestService"/>
  <testcase name="thatOrdersCanBeAddedAndQueried" time="0.154" classname="com.sprhib.TestService"/>
  <testcase name="thatOrdersCanBeAddedAndQueried" time="0.092" classname="com.sprhib.TestService"/>
  <testcase name="thatOrdersCanBeAddedAndQueried" time="0.171" classname="com.sprhib.TestService"/>
  <testcase name="thatOrdersCanBeAddedAndQueried" time="0.136" classname="com.sprhib.TestService">
    <failure type="org.springframework.web.client.ResourceAccessException" message="I/O error on GET request for &quot;http://localhost:8080/spr-mvc-hib/convertation/-110/EUR/USD&quot;:No buffer space available (maximum connections reached?): connect; nested exception is java.net.SocketException: No buffer space available (maximum connections reached?): connect">
      <![CDATA[org.springframework.web.client.ResourceAccessException: I/O error on GET request for "http://localhost:8080/spr-mvc-hib/convertation/-110/EUR/USD":No buffer space available (maximum connections reached?): connect; nested exception is java.net.SocketException: No buffer space available (maximum connections reached?): connect
	at org.springframework.web.client.RestTemplate.doExecute(RestTemplate.java:543)
	at org.springframework.web.client.RestTemplate.execute(RestTemplate.java:489)
	at org.springframework.web.client.RestTemplate.getForEntity(RestTemplate.java:250)
	at com.sprhib.TestService.thatOrdersCanBeAddedAndQueried(TestService.java:26)
	at sun.reflect.GeneratedMethodAccessor3.invoke(Unknown Source)
	at sun.reflect.DelegatingMethodAccessorImpl.invoke(DelegatingMethodAccessorImpl.java:43)
	at java.lang.reflect.Method.invoke(Method.java:606)
	at org.testng.internal.MethodInvocationHelper.invokeMethod(MethodInvocationHelper.java:84)
	at org.testng.internal.Invoker.invokeMethod(Invoker.java:714)
	at org.testng.internal.Invoker.invokeTestMethod(Invoker.java:901)
	at org.testng.internal.Invoker.invokeTestMethods(Invoker.java:1231)
	at org.testng.internal.TestMethodWorker.invokeTestMethods(TestMethodWorker.java:127)
	at org.testng.internal.TestMethodWorker.run(TestMethodWorker.java:111)
	at org.testng.internal.thread.ThreadUtil$2.call(ThreadUtil.java:64)
	at java.util.concurrent.FutureTask.run(FutureTask.java:262)
	at java.util.concurrent.ThreadPoolExecutor.runWorker(ThreadPoolExecutor.java:1145)
	at java.util.concurrent.ThreadPoolExecutor$Worker.run(ThreadPoolExecutor.java:615)
	at java.lang.Thread.run(Thread.java:745)
Caused by: java.net.SocketException: No buffer space available (maximum connections reached?): connect
	at java.net.DualStackPlainSocketImpl.connect0(Native Method)
	at java.net.DualStackPlainSocketImpl.socketConnect(DualStackPlainSocketImpl.java:79)
	at java.net.AbstractPlainSocketImpl.doConnect(AbstractPlainSocketImpl.java:339)
	at java.net.AbstractPlainSocketImpl.connectToAddress(AbstractPlainSocketImpl.java:200)
	at java.net.AbstractPlainSocketImpl.connect(AbstractPlainSocketImpl.java:182)
	at java.net.PlainSocketImpl.connect(PlainSocketImpl.java:172)
	at java.net.SocksSocketImpl.connect(SocksSocketImpl.java:392)
	at java.net.Socket.connect(Socket.java:579)
	at java.net.Socket.connect(Socket.java:528)
	at sun.net.NetworkClient.doConnect(NetworkClient.java:180)
	at sun.net.www.http.HttpClient.openServer(HttpClient.java:432)
	at sun.net.www.http.HttpClient.openServer(HttpClient.java:527)
	at sun.net.www.http.HttpClient.<init>(HttpClient.java:211)
	at sun.net.www.http.HttpClient.New(HttpClient.java:308)
	at sun.net.www.http.HttpClient.New(HttpClient.java:326)
	at sun.net.www.protocol.http.HttpURLConnection.getNewHttpClient(HttpURLConnection.java:996)
	at sun.net.www.protocol.http.HttpURLConnection.plainConnect(HttpURLConnection.java:932)
	at sun.net.www.protocol.http.HttpURLConnection.connect(HttpURLConnection.java:850)
	at org.springframework.http.client.SimpleBufferingClientHttpRequest.executeInternal(SimpleBufferingClientHttpRequest.java:78)
	at org.springframework.http.client.AbstractBufferingClientHttpRequest.executeInternal(AbstractBufferingClientHttpRequest.java:46)
	at org.springframework.http.client.AbstractClientHttpRequest.execute(AbstractClientHttpRequest.java:52)
	at org.springframework.web.client.RestTemplate.doExecute(RestTemplate.java:527)
	... 17 more
]]>
    </failure>
  </testcase> <!-- thatOrdersCanBeAddedAndQueried -->
  <testcase name="thatOrdersCanBeAddedAndQueried" time="0.260" classname="com.sprhib.TestService"/>
  <testcase name="thatOrdersCanBeAddedAndQueried" time="0.151" classname="com.sprhib.TestService"/>
  <testcase name="thatOrdersCanBeAddedAndQueried" time="0.135" classname="com.sprhib.TestService"/>
  <testcase name="thatOrdersCanBeAddedAndQueried" time="0.149" classname="com.sprhib.TestService"/>
  <testcase name="thatOrdersCanBeAddedAndQueried" time="0.331" classname="com.sprhib.TestService"/>
  <testcase name="thatOrdersCanBeAddedAndQueried" time="0.172" classname="com.sprhib.TestService"/>
  <testcase name="thatOrdersCanBeAddedAndQueried" time="0.162" classname="com.sprhib.TestService"/>
  <testcase name="thatOrdersCanBeAddedAndQueried" time="0.126" classname="com.sprhib.TestService"/>
  <testcase name="thatOrdersCanBeAddedAndQueried" time="0.091" classname="com.sprhib.TestService"/>
  <testcase name="thatOrdersCanBeAddedAndQueried" time="0.175" classname="com.sprhib.TestService"/>
  <testcase name="thatOrdersCanBeAddedAndQueried" time="0.187" classname="com.sprhib.TestService"/>
  <testcase name="thatOrdersCanBeAddedAndQueried" time="0.189" classname="com.sprhib.TestService"/>
  <testcase name="thatOrdersCanBeAddedAndQueried" time="0.153" classname="com.sprhib.TestService"/>
  <testcase name="thatOrdersCanBeAddedAndQueried" time="0.016" classname="com.sprhib.TestService">
    <failure type="org.springframework.web.client.ResourceAccessException" message="I/O error on GET request for &quot;http://localhost:8080/spr-mvc-hib/convertation/-110/EUR/USD&quot;:No buffer space available (maximum connections reached?): connect; nested exception is java.net.SocketException: No buffer space available (maximum connections reached?): connect">
      <![CDATA[org.springframework.web.client.ResourceAccessException: I/O error on GET request for "http://localhost:8080/spr-mvc-hib/convertation/-110/EUR/USD":No buffer space available (maximum connections reached?): connect; nested exception is java.net.SocketException: No buffer space available (maximum connections reached?): connect
	at org.springframework.web.client.RestTemplate.doExecute(RestTemplate.java:543)
	at org.springframework.web.client.RestTemplate.execute(RestTemplate.java:489)
	at org.springframework.web.client.RestTemplate.getForEntity(RestTemplate.java:250)
	at com.sprhib.TestService.thatOrdersCanBeAddedAndQueried(TestService.java:26)
	at sun.reflect.GeneratedMethodAccessor3.invoke(Unknown Source)
	at sun.reflect.DelegatingMethodAccessorImpl.invoke(DelegatingMethodAccessorImpl.java:43)
	at java.lang.reflect.Method.invoke(Method.java:606)
	at org.testng.internal.MethodInvocationHelper.invokeMethod(MethodInvocationHelper.java:84)
	at org.testng.internal.Invoker.invokeMethod(Invoker.java:714)
	at org.testng.internal.Invoker.invokeTestMethod(Invoker.java:901)
	at org.testng.internal.Invoker.invokeTestMethods(Invoker.java:1231)
	at org.testng.internal.TestMethodWorker.invokeTestMethods(TestMethodWorker.java:127)
	at org.testng.internal.TestMethodWorker.run(TestMethodWorker.java:111)
	at org.testng.internal.thread.ThreadUtil$2.call(ThreadUtil.java:64)
	at java.util.concurrent.FutureTask.run(FutureTask.java:262)
	at java.util.concurrent.ThreadPoolExecutor.runWorker(ThreadPoolExecutor.java:1145)
	at java.util.concurrent.ThreadPoolExecutor$Worker.run(ThreadPoolExecutor.java:615)
	at java.lang.Thread.run(Thread.java:745)
Caused by: java.net.SocketException: No buffer space available (maximum connections reached?): connect
	at java.net.DualStackPlainSocketImpl.connect0(Native Method)
	at java.net.DualStackPlainSocketImpl.socketConnect(DualStackPlainSocketImpl.java:79)
	at java.net.AbstractPlainSocketImpl.doConnect(AbstractPlainSocketImpl.java:339)
	at java.net.AbstractPlainSocketImpl.connectToAddress(AbstractPlainSocketImpl.java:200)
	at java.net.AbstractPlainSocketImpl.connect(AbstractPlainSocketImpl.java:182)
	at java.net.PlainSocketImpl.connect(PlainSocketImpl.java:172)
	at java.net.SocksSocketImpl.connect(SocksSocketImpl.java:392)
	at java.net.Socket.connect(Socket.java:579)
	at java.net.Socket.connect(Socket.java:528)
	at sun.net.NetworkClient.doConnect(NetworkClient.java:180)
	at sun.net.www.http.HttpClient.openServer(HttpClient.java:432)
	at sun.net.www.http.HttpClient.openServer(HttpClient.java:527)
	at sun.net.www.http.HttpClient.<init>(HttpClient.java:211)
	at sun.net.www.http.HttpClient.New(HttpClient.java:308)
	at sun.net.www.http.HttpClient.New(HttpClient.java:326)
	at sun.net.www.protocol.http.HttpURLConnection.getNewHttpClient(HttpURLConnection.java:996)
	at sun.net.www.protocol.http.HttpURLConnection.plainConnect(HttpURLConnection.java:932)
	at sun.net.www.protocol.http.HttpURLConnection.connect(HttpURLConnection.java:850)
	at org.springframework.http.client.SimpleBufferingClientHttpRequest.executeInternal(SimpleBufferingClientHttpRequest.java:78)
	at org.springframework.http.client.AbstractBufferingClientHttpRequest.executeInternal(AbstractBufferingClientHttpRequest.java:46)
	at org.springframework.http.client.AbstractClientHttpRequest.execute(AbstractClientHttpRequest.java:52)
	at org.springframework.web.client.RestTemplate.doExecute(RestTemplate.java:527)
	... 17 more
]]>
    </failure>
  </testcase> <!-- thatOrdersCanBeAddedAndQueried -->
  <testcase name="thatOrdersCanBeAddedAndQueried" time="0.217" classname="com.sprhib.TestService"/>
  <testcase name="thatOrdersCanBeAddedAndQueried" time="0.015" classname="com.sprhib.TestService">
    <failure type="org.springframework.web.client.ResourceAccessException" message="I/O error on GET request for &quot;http://localhost:8080/spr-mvc-hib/convertation/-110/EUR/USD&quot;:No buffer space available (maximum connections reached?): connect; nested exception is java.net.SocketException: No buffer space available (maximum connections reached?): connect">
      <![CDATA[org.springframework.web.client.ResourceAccessException: I/O error on GET request for "http://localhost:8080/spr-mvc-hib/convertation/-110/EUR/USD":No buffer space available (maximum connections reached?): connect; nested exception is java.net.SocketException: No buffer space available (maximum connections reached?): connect
	at org.springframework.web.client.RestTemplate.doExecute(RestTemplate.java:543)
	at org.springframework.web.client.RestTemplate.execute(RestTemplate.java:489)
	at org.springframework.web.client.RestTemplate.getForEntity(RestTemplate.java:250)
	at com.sprhib.TestService.thatOrdersCanBeAddedAndQueried(TestService.java:26)
	at sun.reflect.GeneratedMethodAccessor3.invoke(Unknown Source)
	at sun.reflect.DelegatingMethodAccessorImpl.invoke(DelegatingMethodAccessorImpl.java:43)
	at java.lang.reflect.Method.invoke(Method.java:606)
	at org.testng.internal.MethodInvocationHelper.invokeMethod(MethodInvocationHelper.java:84)
	at org.testng.internal.Invoker.invokeMethod(Invoker.java:714)
	at org.testng.internal.Invoker.invokeTestMethod(Invoker.java:901)
	at org.testng.internal.Invoker.invokeTestMethods(Invoker.java:1231)
	at org.testng.internal.TestMethodWorker.invokeTestMethods(TestMethodWorker.java:127)
	at org.testng.internal.TestMethodWorker.run(TestMethodWorker.java:111)
	at org.testng.internal.thread.ThreadUtil$2.call(ThreadUtil.java:64)
	at java.util.concurrent.FutureTask.run(FutureTask.java:262)
	at java.util.concurrent.ThreadPoolExecutor.runWorker(ThreadPoolExecutor.java:1145)
	at java.util.concurrent.ThreadPoolExecutor$Worker.run(ThreadPoolExecutor.java:615)
	at java.lang.Thread.run(Thread.java:745)
Caused by: java.net.SocketException: No buffer space available (maximum connections reached?): connect
	at java.net.DualStackPlainSocketImpl.connect0(Native Method)
	at java.net.DualStackPlainSocketImpl.socketConnect(DualStackPlainSocketImpl.java:79)
	at java.net.AbstractPlainSocketImpl.doConnect(AbstractPlainSocketImpl.java:339)
	at java.net.AbstractPlainSocketImpl.connectToAddress(AbstractPlainSocketImpl.java:200)
	at java.net.AbstractPlainSocketImpl.connect(AbstractPlainSocketImpl.java:182)
	at java.net.PlainSocketImpl.connect(PlainSocketImpl.java:172)
	at java.net.SocksSocketImpl.connect(SocksSocketImpl.java:392)
	at java.net.Socket.connect(Socket.java:579)
	at java.net.Socket.connect(Socket.java:528)
	at sun.net.NetworkClient.doConnect(NetworkClient.java:180)
	at sun.net.www.http.HttpClient.openServer(HttpClient.java:432)
	at sun.net.www.http.HttpClient.openServer(HttpClient.java:527)
	at sun.net.www.http.HttpClient.<init>(HttpClient.java:211)
	at sun.net.www.http.HttpClient.New(HttpClient.java:308)
	at sun.net.www.http.HttpClient.New(HttpClient.java:326)
	at sun.net.www.protocol.http.HttpURLConnection.getNewHttpClient(HttpURLConnection.java:996)
	at sun.net.www.protocol.http.HttpURLConnection.plainConnect(HttpURLConnection.java:932)
	at sun.net.www.protocol.http.HttpURLConnection.connect(HttpURLConnection.java:850)
	at org.springframework.http.client.SimpleBufferingClientHttpRequest.executeInternal(SimpleBufferingClientHttpRequest.java:78)
	at org.springframework.http.client.AbstractBufferingClientHttpRequest.executeInternal(AbstractBufferingClientHttpRequest.java:46)
	at org.springframework.http.client.AbstractClientHttpRequest.execute(AbstractClientHttpRequest.java:52)
	at org.springframework.web.client.RestTemplate.doExecute(RestTemplate.java:527)
	... 17 more
]]>
    </failure>
  </testcase> <!-- thatOrdersCanBeAddedAndQueried -->
  <testcase name="thatOrdersCanBeAddedAndQueried" time="0.166" classname="com.sprhib.TestService"/>
  <testcase name="thatOrdersCanBeAddedAndQueried" time="0.162" classname="com.sprhib.TestService"/>
  <testcase name="thatOrdersCanBeAddedAndQueried" time="0.167" classname="com.sprhib.TestService"/>
  <testcase name="thatOrdersCanBeAddedAndQueried" time="0.306" classname="com.sprhib.TestService"/>
  <testcase name="thatOrdersCanBeAddedAndQueried" time="0.115" classname="com.sprhib.TestService"/>
  <testcase name="thatOrdersCanBeAddedAndQueried" time="0.316" classname="com.sprhib.TestService"/>
  <testcase name="thatOrdersCanBeAddedAndQueried" time="0.174" classname="com.sprhib.TestService"/>
  <testcase name="thatOrdersCanBeAddedAndQueried" time="0.208" classname="com.sprhib.TestService"/>
  <testcase name="thatOrdersCanBeAddedAndQueried" time="0.043" classname="com.sprhib.TestService">
    <failure type="org.springframework.web.client.ResourceAccessException" message="I/O error on GET request for &quot;http://localhost:8080/spr-mvc-hib/convertation/-110/EUR/USD&quot;:No buffer space available (maximum connections reached?): connect; nested exception is java.net.SocketException: No buffer space available (maximum connections reached?): connect">
      <![CDATA[org.springframework.web.client.ResourceAccessException: I/O error on GET request for "http://localhost:8080/spr-mvc-hib/convertation/-110/EUR/USD":No buffer space available (maximum connections reached?): connect; nested exception is java.net.SocketException: No buffer space available (maximum connections reached?): connect
	at org.springframework.web.client.RestTemplate.doExecute(RestTemplate.java:543)
	at org.springframework.web.client.RestTemplate.execute(RestTemplate.java:489)
	at org.springframework.web.client.RestTemplate.getForEntity(RestTemplate.java:250)
	at com.sprhib.TestService.thatOrdersCanBeAddedAndQueried(TestService.java:26)
	at sun.reflect.GeneratedMethodAccessor3.invoke(Unknown Source)
	at sun.reflect.DelegatingMethodAccessorImpl.invoke(DelegatingMethodAccessorImpl.java:43)
	at java.lang.reflect.Method.invoke(Method.java:606)
	at org.testng.internal.MethodInvocationHelper.invokeMethod(MethodInvocationHelper.java:84)
	at org.testng.internal.Invoker.invokeMethod(Invoker.java:714)
	at org.testng.internal.Invoker.invokeTestMethod(Invoker.java:901)
	at org.testng.internal.Invoker.invokeTestMethods(Invoker.java:1231)
	at org.testng.internal.TestMethodWorker.invokeTestMethods(TestMethodWorker.java:127)
	at org.testng.internal.TestMethodWorker.run(TestMethodWorker.java:111)
	at org.testng.internal.thread.ThreadUtil$2.call(ThreadUtil.java:64)
	at java.util.concurrent.FutureTask.run(FutureTask.java:262)
	at java.util.concurrent.ThreadPoolExecutor.runWorker(ThreadPoolExecutor.java:1145)
	at java.util.concurrent.ThreadPoolExecutor$Worker.run(ThreadPoolExecutor.java:615)
	at java.lang.Thread.run(Thread.java:745)
Caused by: java.net.SocketException: No buffer space available (maximum connections reached?): connect
	at java.net.DualStackPlainSocketImpl.connect0(Native Method)
	at java.net.DualStackPlainSocketImpl.socketConnect(DualStackPlainSocketImpl.java:79)
	at java.net.AbstractPlainSocketImpl.doConnect(AbstractPlainSocketImpl.java:339)
	at java.net.AbstractPlainSocketImpl.connectToAddress(AbstractPlainSocketImpl.java:200)
	at java.net.AbstractPlainSocketImpl.connect(AbstractPlainSocketImpl.java:182)
	at java.net.PlainSocketImpl.connect(PlainSocketImpl.java:172)
	at java.net.SocksSocketImpl.connect(SocksSocketImpl.java:392)
	at java.net.Socket.connect(Socket.java:579)
	at java.net.Socket.connect(Socket.java:528)
	at sun.net.NetworkClient.doConnect(NetworkClient.java:180)
	at sun.net.www.http.HttpClient.openServer(HttpClient.java:432)
	at sun.net.www.http.HttpClient.openServer(HttpClient.java:527)
	at sun.net.www.http.HttpClient.<init>(HttpClient.java:211)
	at sun.net.www.http.HttpClient.New(HttpClient.java:308)
	at sun.net.www.http.HttpClient.New(HttpClient.java:326)
	at sun.net.www.protocol.http.HttpURLConnection.getNewHttpClient(HttpURLConnection.java:996)
	at sun.net.www.protocol.http.HttpURLConnection.plainConnect(HttpURLConnection.java:932)
	at sun.net.www.protocol.http.HttpURLConnection.connect(HttpURLConnection.java:850)
	at org.springframework.http.client.SimpleBufferingClientHttpRequest.executeInternal(SimpleBufferingClientHttpRequest.java:78)
	at org.springframework.http.client.AbstractBufferingClientHttpRequest.executeInternal(AbstractBufferingClientHttpRequest.java:46)
	at org.springframework.http.client.AbstractClientHttpRequest.execute(AbstractClientHttpRequest.java:52)
	at org.springframework.web.client.RestTemplate.doExecute(RestTemplate.java:527)
	... 17 more
]]>
    </failure>
  </testcase> <!-- thatOrdersCanBeAddedAndQueried -->
  <testcase name="thatOrdersCanBeAddedAndQueried" time="0.142" classname="com.sprhib.TestService"/>
  <testcase name="thatOrdersCanBeAddedAndQueried" time="0.185" classname="com.sprhib.TestService"/>
  <testcase name="thatOrdersCanBeAddedAndQueried" time="0.155" classname="com.sprhib.TestService"/>
  <testcase name="thatOrdersCanBeAddedAndQueried" time="0.223" classname="com.sprhib.TestService"/>
  <testcase name="thatOrdersCanBeAddedAndQueried" time="0.188" classname="com.sprhib.TestService"/>
  <testcase name="thatOrdersCanBeAddedAndQueried" time="0.221" classname="com.sprhib.TestService"/>
  <testcase name="thatOrdersCanBeAddedAndQueried" time="0.172" classname="com.sprhib.TestService"/>
  <testcase name="thatOrdersCanBeAddedAndQueried" time="0.180" classname="com.sprhib.TestService"/>
  <testcase name="thatOrdersCanBeAddedAndQueried" time="0.173" classname="com.sprhib.TestService"/>
  <testcase name="thatOrdersCanBeAddedAndQueried" time="0.023" classname="com.sprhib.TestService">
    <failure type="org.springframework.web.client.ResourceAccessException" message="I/O error on GET request for &quot;http://localhost:8080/spr-mvc-hib/convertation/-110/EUR/USD&quot;:No buffer space available (maximum connections reached?): connect; nested exception is java.net.SocketException: No buffer space available (maximum connections reached?): connect">
      <![CDATA[org.springframework.web.client.ResourceAccessException: I/O error on GET request for "http://localhost:8080/spr-mvc-hib/convertation/-110/EUR/USD":No buffer space available (maximum connections reached?): connect; nested exception is java.net.SocketException: No buffer space available (maximum connections reached?): connect
	at org.springframework.web.client.RestTemplate.doExecute(RestTemplate.java:543)
	at org.springframework.web.client.RestTemplate.execute(RestTemplate.java:489)
	at org.springframework.web.client.RestTemplate.getForEntity(RestTemplate.java:250)
	at com.sprhib.TestService.thatOrdersCanBeAddedAndQueried(TestService.java:26)
	at sun.reflect.GeneratedMethodAccessor3.invoke(Unknown Source)
	at sun.reflect.DelegatingMethodAccessorImpl.invoke(DelegatingMethodAccessorImpl.java:43)
	at java.lang.reflect.Method.invoke(Method.java:606)
	at org.testng.internal.MethodInvocationHelper.invokeMethod(MethodInvocationHelper.java:84)
	at org.testng.internal.Invoker.invokeMethod(Invoker.java:714)
	at org.testng.internal.Invoker.invokeTestMethod(Invoker.java:901)
	at org.testng.internal.Invoker.invokeTestMethods(Invoker.java:1231)
	at org.testng.internal.TestMethodWorker.invokeTestMethods(TestMethodWorker.java:127)
	at org.testng.internal.TestMethodWorker.run(TestMethodWorker.java:111)
	at org.testng.internal.thread.ThreadUtil$2.call(ThreadUtil.java:64)
	at java.util.concurrent.FutureTask.run(FutureTask.java:262)
	at java.util.concurrent.ThreadPoolExecutor.runWorker(ThreadPoolExecutor.java:1145)
	at java.util.concurrent.ThreadPoolExecutor$Worker.run(ThreadPoolExecutor.java:615)
	at java.lang.Thread.run(Thread.java:745)
Caused by: java.net.SocketException: No buffer space available (maximum connections reached?): connect
	at java.net.DualStackPlainSocketImpl.connect0(Native Method)
	at java.net.DualStackPlainSocketImpl.socketConnect(DualStackPlainSocketImpl.java:79)
	at java.net.AbstractPlainSocketImpl.doConnect(AbstractPlainSocketImpl.java:339)
	at java.net.AbstractPlainSocketImpl.connectToAddress(AbstractPlainSocketImpl.java:200)
	at java.net.AbstractPlainSocketImpl.connect(AbstractPlainSocketImpl.java:182)
	at java.net.PlainSocketImpl.connect(PlainSocketImpl.java:172)
	at java.net.SocksSocketImpl.connect(SocksSocketImpl.java:392)
	at java.net.Socket.connect(Socket.java:579)
	at java.net.Socket.connect(Socket.java:528)
	at sun.net.NetworkClient.doConnect(NetworkClient.java:180)
	at sun.net.www.http.HttpClient.openServer(HttpClient.java:432)
	at sun.net.www.http.HttpClient.openServer(HttpClient.java:527)
	at sun.net.www.http.HttpClient.<init>(HttpClient.java:211)
	at sun.net.www.http.HttpClient.New(HttpClient.java:308)
	at sun.net.www.http.HttpClient.New(HttpClient.java:326)
	at sun.net.www.protocol.http.HttpURLConnection.getNewHttpClient(HttpURLConnection.java:996)
	at sun.net.www.protocol.http.HttpURLConnection.plainConnect(HttpURLConnection.java:932)
	at sun.net.www.protocol.http.HttpURLConnection.connect(HttpURLConnection.java:850)
	at org.springframework.http.client.SimpleBufferingClientHttpRequest.executeInternal(SimpleBufferingClientHttpRequest.java:78)
	at org.springframework.http.client.AbstractBufferingClientHttpRequest.executeInternal(AbstractBufferingClientHttpRequest.java:46)
	at org.springframework.http.client.AbstractClientHttpRequest.execute(AbstractClientHttpRequest.java:52)
	at org.springframework.web.client.RestTemplate.doExecute(RestTemplate.java:527)
	... 17 more
]]>
    </failure>
  </testcase> <!-- thatOrdersCanBeAddedAndQueried -->
  <testcase name="thatOrdersCanBeAddedAndQueried" time="0.265" classname="com.sprhib.TestService"/>
  <testcase name="thatOrdersCanBeAddedAndQueried" time="0.319" classname="com.sprhib.TestService"/>
  <testcase name="thatOrdersCanBeAddedAndQueried" time="0.213" classname="com.sprhib.TestService"/>
  <testcase name="thatOrdersCanBeAddedAndQueried" time="0.170" classname="com.sprhib.TestService"/>
  <testcase name="thatOrdersCanBeAddedAndQueried" time="0.105" classname="com.sprhib.TestService"/>
  <testcase name="thatOrdersCanBeAddedAndQueried" time="0.143" classname="com.sprhib.TestService"/>
  <testcase name="thatOrdersCanBeAddedAndQueried" time="0.194" classname="com.sprhib.TestService"/>
  <testcase name="thatOrdersCanBeAddedAndQueried" time="0.208" classname="com.sprhib.TestService"/>
  <testcase name="thatOrdersCanBeAddedAndQueried" time="0.180" classname="com.sprhib.TestService"/>
  <testcase name="thatOrdersCanBeAddedAndQueried" time="0.119" classname="com.sprhib.TestService"/>
  <testcase name="thatOrdersCanBeAddedAndQueried" time="0.165" classname="com.sprhib.TestService"/>
  <testcase name="thatOrdersCanBeAddedAndQueried" time="0.140" classname="com.sprhib.TestService"/>
  <testcase name="thatOrdersCanBeAddedAndQueried" time="0.230" classname="com.sprhib.TestService"/>
  <testcase name="thatOrdersCanBeAddedAndQueried" time="0.174" classname="com.sprhib.TestService"/>
  <testcase name="thatOrdersCanBeAddedAndQueried" time="0.149" classname="com.sprhib.TestService"/>
  <testcase name="thatOrdersCanBeAddedAndQueried" time="0.246" classname="com.sprhib.TestService"/>
  <testcase name="thatOrdersCanBeAddedAndQueried" time="0.505" classname="com.sprhib.TestService"/>
  <testcase name="thatOrdersCanBeAddedAndQueried" time="0.182" classname="com.sprhib.TestService"/>
  <testcase name="thatOrdersCanBeAddedAndQueried" time="0.192" classname="com.sprhib.TestService"/>
  <testcase name="thatOrdersCanBeAddedAndQueried" time="0.204" classname="com.sprhib.TestService"/>
  <testcase name="thatOrdersCanBeAddedAndQueried" time="0.233" classname="com.sprhib.TestService"/>
  <testcase name="thatOrdersCanBeAddedAndQueried" time="0.171" classname="com.sprhib.TestService"/>
  <testcase name="thatOrdersCanBeAddedAndQueried" time="0.173" classname="com.sprhib.TestService"/>
  <testcase name="thatOrdersCanBeAddedAndQueried" time="0.211" classname="com.sprhib.TestService"/>
  <testcase name="thatOrdersCanBeAddedAndQueried" time="0.186" classname="com.sprhib.TestService"/>
  <testcase name="thatOrdersCanBeAddedAndQueried" time="0.169" classname="com.sprhib.TestService"/>
  <testcase name="thatOrdersCanBeAddedAndQueried" time="0.165" classname="com.sprhib.TestService"/>
  <testcase name="thatOrdersCanBeAddedAndQueried" time="0.145" classname="com.sprhib.TestService"/>
  <testcase name="thatOrdersCanBeAddedAndQueried" time="0.224" classname="com.sprhib.TestService"/>
  <testcase name="thatOrdersCanBeAddedAndQueried" time="0.142" classname="com.sprhib.TestService"/>
  <testcase name="thatOrdersCanBeAddedAndQueried" time="0.140" classname="com.sprhib.TestService"/>
  <testcase name="thatOrdersCanBeAddedAndQueried" time="1.075" classname="com.sprhib.TestService"/>
  <testcase name="thatOrdersCanBeAddedAndQueried" time="0.193" classname="com.sprhib.TestService"/>
  <testcase name="thatOrdersCanBeAddedAndQueried" time="0.164" classname="com.sprhib.TestService"/>
  <testcase name="thatOrdersCanBeAddedAndQueried" time="0.180" classname="com.sprhib.TestService"/>
  <testcase name="thatOrdersCanBeAddedAndQueried" time="0.185" classname="com.sprhib.TestService"/>
  <testcase name="thatOrdersCanBeAddedAndQueried" time="0.142" classname="com.sprhib.TestService"/>
  <testcase name="thatOrdersCanBeAddedAndQueried" time="0.202" classname="com.sprhib.TestService"/>
  <testcase name="thatOrdersCanBeAddedAndQueried" time="0.117" classname="com.sprhib.TestService"/>
  <testcase name="thatOrdersCanBeAddedAndQueried" time="0.191" classname="com.sprhib.TestService"/>
  <testcase name="thatOrdersCanBeAddedAndQueried" time="0.014" classname="com.sprhib.TestService">
    <failure type="org.springframework.web.client.ResourceAccessException" message="I/O error on GET request for &quot;http://localhost:8080/spr-mvc-hib/convertation/-110/EUR/USD&quot;:No buffer space available (maximum connections reached?): connect; nested exception is java.net.SocketException: No buffer space available (maximum connections reached?): connect">
      <![CDATA[org.springframework.web.client.ResourceAccessException: I/O error on GET request for "http://localhost:8080/spr-mvc-hib/convertation/-110/EUR/USD":No buffer space available (maximum connections reached?): connect; nested exception is java.net.SocketException: No buffer space available (maximum connections reached?): connect
	at org.springframework.web.client.RestTemplate.doExecute(RestTemplate.java:543)
	at org.springframework.web.client.RestTemplate.execute(RestTemplate.java:489)
	at org.springframework.web.client.RestTemplate.getForEntity(RestTemplate.java:250)
	at com.sprhib.TestService.thatOrdersCanBeAddedAndQueried(TestService.java:26)
	at sun.reflect.GeneratedMethodAccessor3.invoke(Unknown Source)
	at sun.reflect.DelegatingMethodAccessorImpl.invoke(DelegatingMethodAccessorImpl.java:43)
	at java.lang.reflect.Method.invoke(Method.java:606)
	at org.testng.internal.MethodInvocationHelper.invokeMethod(MethodInvocationHelper.java:84)
	at org.testng.internal.Invoker.invokeMethod(Invoker.java:714)
	at org.testng.internal.Invoker.invokeTestMethod(Invoker.java:901)
	at org.testng.internal.Invoker.invokeTestMethods(Invoker.java:1231)
	at org.testng.internal.TestMethodWorker.invokeTestMethods(TestMethodWorker.java:127)
	at org.testng.internal.TestMethodWorker.run(TestMethodWorker.java:111)
	at org.testng.internal.thread.ThreadUtil$2.call(ThreadUtil.java:64)
	at java.util.concurrent.FutureTask.run(FutureTask.java:262)
	at java.util.concurrent.ThreadPoolExecutor.runWorker(ThreadPoolExecutor.java:1145)
	at java.util.concurrent.ThreadPoolExecutor$Worker.run(ThreadPoolExecutor.java:615)
	at java.lang.Thread.run(Thread.java:745)
Caused by: java.net.SocketException: No buffer space available (maximum connections reached?): connect
	at java.net.DualStackPlainSocketImpl.connect0(Native Method)
	at java.net.DualStackPlainSocketImpl.socketConnect(DualStackPlainSocketImpl.java:79)
	at java.net.AbstractPlainSocketImpl.doConnect(AbstractPlainSocketImpl.java:339)
	at java.net.AbstractPlainSocketImpl.connectToAddress(AbstractPlainSocketImpl.java:200)
	at java.net.AbstractPlainSocketImpl.connect(AbstractPlainSocketImpl.java:182)
	at java.net.PlainSocketImpl.connect(PlainSocketImpl.java:172)
	at java.net.SocksSocketImpl.connect(SocksSocketImpl.java:392)
	at java.net.Socket.connect(Socket.java:579)
	at java.net.Socket.connect(Socket.java:528)
	at sun.net.NetworkClient.doConnect(NetworkClient.java:180)
	at sun.net.www.http.HttpClient.openServer(HttpClient.java:432)
	at sun.net.www.http.HttpClient.openServer(HttpClient.java:527)
	at sun.net.www.http.HttpClient.<init>(HttpClient.java:211)
	at sun.net.www.http.HttpClient.New(HttpClient.java:308)
	at sun.net.www.http.HttpClient.New(HttpClient.java:326)
	at sun.net.www.protocol.http.HttpURLConnection.getNewHttpClient(HttpURLConnection.java:996)
	at sun.net.www.protocol.http.HttpURLConnection.plainConnect(HttpURLConnection.java:932)
	at sun.net.www.protocol.http.HttpURLConnection.connect(HttpURLConnection.java:850)
	at org.springframework.http.client.SimpleBufferingClientHttpRequest.executeInternal(SimpleBufferingClientHttpRequest.java:78)
	at org.springframework.http.client.AbstractBufferingClientHttpRequest.executeInternal(AbstractBufferingClientHttpRequest.java:46)
	at org.springframework.http.client.AbstractClientHttpRequest.execute(AbstractClientHttpRequest.java:52)
	at org.springframework.web.client.RestTemplate.doExecute(RestTemplate.java:527)
	... 17 more
]]>
    </failure>
  </testcase> <!-- thatOrdersCanBeAddedAndQueried -->
  <testcase name="thatOrdersCanBeAddedAndQueried" time="0.167" classname="com.sprhib.TestService"/>
  <testcase name="thatOrdersCanBeAddedAndQueried" time="0.230" classname="com.sprhib.TestService"/>
  <testcase name="thatOrdersCanBeAddedAndQueried" time="0.135" classname="com.sprhib.TestService"/>
  <testcase name="thatOrdersCanBeAddedAndQueried" time="0.156" classname="com.sprhib.TestService"/>
  <testcase name="thatOrdersCanBeAddedAndQueried" time="0.232" classname="com.sprhib.TestService"/>
  <testcase name="thatOrdersCanBeAddedAndQueried" time="0.183" classname="com.sprhib.TestService"/>
  <testcase name="thatOrdersCanBeAddedAndQueried" time="0.188" classname="com.sprhib.TestService"/>
  <testcase name="thatOrdersCanBeAddedAndQueried" time="0.182" classname="com.sprhib.TestService"/>
  <testcase name="thatOrdersCanBeAddedAndQueried" time="0.128" classname="com.sprhib.TestService"/>
  <testcase name="thatOrdersCanBeAddedAndQueried" time="0.192" classname="com.sprhib.TestService"/>
  <testcase name="thatOrdersCanBeAddedAndQueried" time="0.032" classname="com.sprhib.TestService">
    <failure type="org.springframework.web.client.ResourceAccessException" message="I/O error on GET request for &quot;http://localhost:8080/spr-mvc-hib/convertation/-110/EUR/USD&quot;:No buffer space available (maximum connections reached?): connect; nested exception is java.net.SocketException: No buffer space available (maximum connections reached?): connect">
      <![CDATA[org.springframework.web.client.ResourceAccessException: I/O error on GET request for "http://localhost:8080/spr-mvc-hib/convertation/-110/EUR/USD":No buffer space available (maximum connections reached?): connect; nested exception is java.net.SocketException: No buffer space available (maximum connections reached?): connect
	at org.springframework.web.client.RestTemplate.doExecute(RestTemplate.java:543)
	at org.springframework.web.client.RestTemplate.execute(RestTemplate.java:489)
	at org.springframework.web.client.RestTemplate.getForEntity(RestTemplate.java:250)
	at com.sprhib.TestService.thatOrdersCanBeAddedAndQueried(TestService.java:26)
	at sun.reflect.GeneratedMethodAccessor3.invoke(Unknown Source)
	at sun.reflect.DelegatingMethodAccessorImpl.invoke(DelegatingMethodAccessorImpl.java:43)
	at java.lang.reflect.Method.invoke(Method.java:606)
	at org.testng.internal.MethodInvocationHelper.invokeMethod(MethodInvocationHelper.java:84)
	at org.testng.internal.Invoker.invokeMethod(Invoker.java:714)
	at org.testng.internal.Invoker.invokeTestMethod(Invoker.java:901)
	at org.testng.internal.Invoker.invokeTestMethods(Invoker.java:1231)
	at org.testng.internal.TestMethodWorker.invokeTestMethods(TestMethodWorker.java:127)
	at org.testng.internal.TestMethodWorker.run(TestMethodWorker.java:111)
	at org.testng.internal.thread.ThreadUtil$2.call(ThreadUtil.java:64)
	at java.util.concurrent.FutureTask.run(FutureTask.java:262)
	at java.util.concurrent.ThreadPoolExecutor.runWorker(ThreadPoolExecutor.java:1145)
	at java.util.concurrent.ThreadPoolExecutor$Worker.run(ThreadPoolExecutor.java:615)
	at java.lang.Thread.run(Thread.java:745)
Caused by: java.net.SocketException: No buffer space available (maximum connections reached?): connect
	at java.net.DualStackPlainSocketImpl.connect0(Native Method)
	at java.net.DualStackPlainSocketImpl.socketConnect(DualStackPlainSocketImpl.java:79)
	at java.net.AbstractPlainSocketImpl.doConnect(AbstractPlainSocketImpl.java:339)
	at java.net.AbstractPlainSocketImpl.connectToAddress(AbstractPlainSocketImpl.java:200)
	at java.net.AbstractPlainSocketImpl.connect(AbstractPlainSocketImpl.java:182)
	at java.net.PlainSocketImpl.connect(PlainSocketImpl.java:172)
	at java.net.SocksSocketImpl.connect(SocksSocketImpl.java:392)
	at java.net.Socket.connect(Socket.java:579)
	at java.net.Socket.connect(Socket.java:528)
	at sun.net.NetworkClient.doConnect(NetworkClient.java:180)
	at sun.net.www.http.HttpClient.openServer(HttpClient.java:432)
	at sun.net.www.http.HttpClient.openServer(HttpClient.java:527)
	at sun.net.www.http.HttpClient.<init>(HttpClient.java:211)
	at sun.net.www.http.HttpClient.New(HttpClient.java:308)
	at sun.net.www.http.HttpClient.New(HttpClient.java:326)
	at sun.net.www.protocol.http.HttpURLConnection.getNewHttpClient(HttpURLConnection.java:996)
	at sun.net.www.protocol.http.HttpURLConnection.plainConnect(HttpURLConnection.java:932)
	at sun.net.www.protocol.http.HttpURLConnection.connect(HttpURLConnection.java:850)
	at org.springframework.http.client.SimpleBufferingClientHttpRequest.executeInternal(SimpleBufferingClientHttpRequest.java:78)
	at org.springframework.http.client.AbstractBufferingClientHttpRequest.executeInternal(AbstractBufferingClientHttpRequest.java:46)
	at org.springframework.http.client.AbstractClientHttpRequest.execute(AbstractClientHttpRequest.java:52)
	at org.springframework.web.client.RestTemplate.doExecute(RestTemplate.java:527)
	... 17 more
]]>
    </failure>
  </testcase> <!-- thatOrdersCanBeAddedAndQueried -->
  <testcase name="thatOrdersCanBeAddedAndQueried" time="0.200" classname="com.sprhib.TestService"/>
  <testcase name="thatOrdersCanBeAddedAndQueried" time="0.229" classname="com.sprhib.TestService"/>
  <testcase name="thatOrdersCanBeAddedAndQueried" time="0.193" classname="com.sprhib.TestService"/>
  <testcase name="thatOrdersCanBeAddedAndQueried" time="0.182" classname="com.sprhib.TestService"/>
  <testcase name="thatOrdersCanBeAddedAndQueried" time="0.188" classname="com.sprhib.TestService"/>
  <testcase name="thatOrdersCanBeAddedAndQueried" time="0.110" classname="com.sprhib.TestService"/>
  <testcase name="thatOrdersCanBeAddedAndQueried" time="0.199" classname="com.sprhib.TestService"/>
  <testcase name="thatOrdersCanBeAddedAndQueried" time="0.161" classname="com.sprhib.TestService"/>
  <testcase name="thatOrdersCanBeAddedAndQueried" time="0.187" classname="com.sprhib.TestService"/>
  <testcase name="thatOrdersCanBeAddedAndQueried" time="0.202" classname="com.sprhib.TestService"/>
  <testcase name="thatOrdersCanBeAddedAndQueried" time="0.216" classname="com.sprhib.TestService"/>
  <testcase name="thatOrdersCanBeAddedAndQueried" time="0.190" classname="com.sprhib.TestService"/>
  <testcase name="thatOrdersCanBeAddedAndQueried" time="0.205" classname="com.sprhib.TestService"/>
  <testcase name="thatOrdersCanBeAddedAndQueried" time="0.145" classname="com.sprhib.TestService"/>
  <testcase name="thatOrdersCanBeAddedAndQueried" time="0.290" classname="com.sprhib.TestService"/>
  <testcase name="thatOrdersCanBeAddedAndQueried" time="0.241" classname="com.sprhib.TestService"/>
  <testcase name="thatOrdersCanBeAddedAndQueried" time="0.142" classname="com.sprhib.TestService"/>
  <testcase name="thatOrdersCanBeAddedAndQueried" time="0.188" classname="com.sprhib.TestService"/>
  <testcase name="thatOrdersCanBeAddedAndQueried" time="0.322" classname="com.sprhib.TestService"/>
  <testcase name="thatOrdersCanBeAddedAndQueried" time="0.371" classname="com.sprhib.TestService"/>
  <testcase name="thatOrdersCanBeAddedAndQueried" time="0.130" classname="com.sprhib.TestService"/>
  <testcase name="thatOrdersCanBeAddedAndQueried" time="0.118" classname="com.sprhib.TestService"/>
  <testcase name="thatOrdersCanBeAddedAndQueried" time="0.132" classname="com.sprhib.TestService"/>
  <testcase name="thatOrdersCanBeAddedAndQueried" time="0.144" classname="com.sprhib.TestService"/>
  <testcase name="thatOrdersCanBeAddedAndQueried" time="0.122" classname="com.sprhib.TestService">
    <failure type="org.springframework.web.client.HttpServerErrorException" message="500 Internal Server Error">
      <![CDATA[org.springframework.web.client.HttpServerErrorException: 500 Internal Server Error
	at org.springframework.web.client.DefaultResponseErrorHandler.handleError(DefaultResponseErrorHandler.java:94)
	at org.springframework.web.client.RestTemplate.handleResponseError(RestTemplate.java:576)
	at org.springframework.web.client.RestTemplate.doExecute(RestTemplate.java:532)
	at org.springframework.web.client.RestTemplate.execute(RestTemplate.java:489)
	at org.springframework.web.client.RestTemplate.getForEntity(RestTemplate.java:250)
	at com.sprhib.TestService.thatOrdersCanBeAddedAndQueried(TestService.java:39)
	at sun.reflect.GeneratedMethodAccessor3.invoke(Unknown Source)
	at sun.reflect.DelegatingMethodAccessorImpl.invoke(DelegatingMethodAccessorImpl.java:43)
	at java.lang.reflect.Method.invoke(Method.java:606)
	at org.testng.internal.MethodInvocationHelper.invokeMethod(MethodInvocationHelper.java:84)
	at org.testng.internal.Invoker.invokeMethod(Invoker.java:714)
	at org.testng.internal.Invoker.invokeTestMethod(Invoker.java:901)
	at org.testng.internal.Invoker.invokeTestMethods(Invoker.java:1231)
	at org.testng.internal.TestMethodWorker.invokeTestMethods(TestMethodWorker.java:127)
	at org.testng.internal.TestMethodWorker.run(TestMethodWorker.java:111)
	at org.testng.internal.thread.ThreadUtil$2.call(ThreadUtil.java:64)
	at java.util.concurrent.FutureTask.run(FutureTask.java:262)
	at java.util.concurrent.ThreadPoolExecutor.runWorker(ThreadPoolExecutor.java:1145)
	at java.util.concurrent.ThreadPoolExecutor$Worker.run(ThreadPoolExecutor.java:615)
	at java.lang.Thread.run(Thread.java:745)
]]>
    </failure>
  </testcase> <!-- thatOrdersCanBeAddedAndQueried -->
  <testcase name="thatOrdersCanBeAddedAndQueried" time="0.196" classname="com.sprhib.TestService"/>
  <testcase name="thatOrdersCanBeAddedAndQueried" time="0.239" classname="com.sprhib.TestService"/>
  <testcase name="thatOrdersCanBeAddedAndQueried" time="0.188" classname="com.sprhib.TestService"/>
  <testcase name="thatOrdersCanBeAddedAndQueried" time="0.136" classname="com.sprhib.TestService"/>
  <testcase name="thatOrdersCanBeAddedAndQueried" time="0.174" classname="com.sprhib.TestService"/>
  <testcase name="thatOrdersCanBeAddedAndQueried" time="0.159" classname="com.sprhib.TestService"/>
  <testcase name="thatOrdersCanBeAddedAndQueried" time="0.193" classname="com.sprhib.TestService"/>
  <testcase name="thatOrdersCanBeAddedAndQueried" time="0.169" classname="com.sprhib.TestService"/>
  <testcase name="thatOrdersCanBeAddedAndQueried" time="0.169" classname="com.sprhib.TestService"/>
  <testcase name="thatOrdersCanBeAddedAndQueried" time="0.150" classname="com.sprhib.TestService"/>
  <testcase name="thatOrdersCanBeAddedAndQueried" time="0.185" classname="com.sprhib.TestService"/>
  <testcase name="thatOrdersCanBeAddedAndQueried" time="0.115" classname="com.sprhib.TestService"/>
  <testcase name="thatOrdersCanBeAddedAndQueried" time="0.189" classname="com.sprhib.TestService"/>
  <testcase name="thatOrdersCanBeAddedAndQueried" time="0.163" classname="com.sprhib.TestService"/>
  <testcase name="thatOrdersCanBeAddedAndQueried" time="0.172" classname="com.sprhib.TestService"/>
  <testcase name="thatOrdersCanBeAddedAndQueried" time="0.156" classname="com.sprhib.TestService"/>
  <testcase name="thatOrdersCanBeAddedAndQueried" time="0.260" classname="com.sprhib.TestService"/>
  <testcase name="thatOrdersCanBeAddedAndQueried" time="0.108" classname="com.sprhib.TestService"/>
  <testcase name="thatOrdersCanBeAddedAndQueried" time="0.207" classname="com.sprhib.TestService"/>
  <testcase name="thatOrdersCanBeAddedAndQueried" time="0.153" classname="com.sprhib.TestService"/>
  <testcase name="thatOrdersCanBeAddedAndQueried" time="0.175" classname="com.sprhib.TestService"/>
  <testcase name="thatOrdersCanBeAddedAndQueried" time="0.332" classname="com.sprhib.TestService"/>
  <testcase name="thatOrdersCanBeAddedAndQueried" time="0.213" classname="com.sprhib.TestService"/>
  <testcase name="thatOrdersCanBeAddedAndQueried" time="0.130" classname="com.sprhib.TestService"/>
  <testcase name="thatOrdersCanBeAddedAndQueried" time="0.034" classname="com.sprhib.TestService">
    <failure type="org.springframework.web.client.ResourceAccessException" message="I/O error on GET request for &quot;http://localhost:8080/spr-mvc-hib/convertation/-110/EUR/USD&quot;:No buffer space available (maximum connections reached?): connect; nested exception is java.net.SocketException: No buffer space available (maximum connections reached?): connect">
      <![CDATA[org.springframework.web.client.ResourceAccessException: I/O error on GET request for "http://localhost:8080/spr-mvc-hib/convertation/-110/EUR/USD":No buffer space available (maximum connections reached?): connect; nested exception is java.net.SocketException: No buffer space available (maximum connections reached?): connect
	at org.springframework.web.client.RestTemplate.doExecute(RestTemplate.java:543)
	at org.springframework.web.client.RestTemplate.execute(RestTemplate.java:489)
	at org.springframework.web.client.RestTemplate.getForEntity(RestTemplate.java:250)
	at com.sprhib.TestService.thatOrdersCanBeAddedAndQueried(TestService.java:26)
	at sun.reflect.GeneratedMethodAccessor3.invoke(Unknown Source)
	at sun.reflect.DelegatingMethodAccessorImpl.invoke(DelegatingMethodAccessorImpl.java:43)
	at java.lang.reflect.Method.invoke(Method.java:606)
	at org.testng.internal.MethodInvocationHelper.invokeMethod(MethodInvocationHelper.java:84)
	at org.testng.internal.Invoker.invokeMethod(Invoker.java:714)
	at org.testng.internal.Invoker.invokeTestMethod(Invoker.java:901)
	at org.testng.internal.Invoker.invokeTestMethods(Invoker.java:1231)
	at org.testng.internal.TestMethodWorker.invokeTestMethods(TestMethodWorker.java:127)
	at org.testng.internal.TestMethodWorker.run(TestMethodWorker.java:111)
	at org.testng.internal.thread.ThreadUtil$2.call(ThreadUtil.java:64)
	at java.util.concurrent.FutureTask.run(FutureTask.java:262)
	at java.util.concurrent.ThreadPoolExecutor.runWorker(ThreadPoolExecutor.java:1145)
	at java.util.concurrent.ThreadPoolExecutor$Worker.run(ThreadPoolExecutor.java:615)
	at java.lang.Thread.run(Thread.java:745)
Caused by: java.net.SocketException: No buffer space available (maximum connections reached?): connect
	at java.net.DualStackPlainSocketImpl.connect0(Native Method)
	at java.net.DualStackPlainSocketImpl.socketConnect(DualStackPlainSocketImpl.java:79)
	at java.net.AbstractPlainSocketImpl.doConnect(AbstractPlainSocketImpl.java:339)
	at java.net.AbstractPlainSocketImpl.connectToAddress(AbstractPlainSocketImpl.java:200)
	at java.net.AbstractPlainSocketImpl.connect(AbstractPlainSocketImpl.java:182)
	at java.net.PlainSocketImpl.connect(PlainSocketImpl.java:172)
	at java.net.SocksSocketImpl.connect(SocksSocketImpl.java:392)
	at java.net.Socket.connect(Socket.java:579)
	at java.net.Socket.connect(Socket.java:528)
	at sun.net.NetworkClient.doConnect(NetworkClient.java:180)
	at sun.net.www.http.HttpClient.openServer(HttpClient.java:432)
	at sun.net.www.http.HttpClient.openServer(HttpClient.java:527)
	at sun.net.www.http.HttpClient.<init>(HttpClient.java:211)
	at sun.net.www.http.HttpClient.New(HttpClient.java:308)
	at sun.net.www.http.HttpClient.New(HttpClient.java:326)
	at sun.net.www.protocol.http.HttpURLConnection.getNewHttpClient(HttpURLConnection.java:996)
	at sun.net.www.protocol.http.HttpURLConnection.plainConnect(HttpURLConnection.java:932)
	at sun.net.www.protocol.http.HttpURLConnection.connect(HttpURLConnection.java:850)
	at org.springframework.http.client.SimpleBufferingClientHttpRequest.executeInternal(SimpleBufferingClientHttpRequest.java:78)
	at org.springframework.http.client.AbstractBufferingClientHttpRequest.executeInternal(AbstractBufferingClientHttpRequest.java:46)
	at org.springframework.http.client.AbstractClientHttpRequest.execute(AbstractClientHttpRequest.java:52)
	at org.springframework.web.client.RestTemplate.doExecute(RestTemplate.java:527)
	... 17 more
]]>
    </failure>
  </testcase> <!-- thatOrdersCanBeAddedAndQueried -->
  <testcase name="thatOrdersCanBeAddedAndQueried" time="0.195" classname="com.sprhib.TestService"/>
  <testcase name="thatOrdersCanBeAddedAndQueried" time="0.158" classname="com.sprhib.TestService"/>
  <testcase name="thatOrdersCanBeAddedAndQueried" time="0.141" classname="com.sprhib.TestService"/>
  <testcase name="thatOrdersCanBeAddedAndQueried" time="0.133" classname="com.sprhib.TestService"/>
  <testcase name="thatOrdersCanBeAddedAndQueried" time="0.192" classname="com.sprhib.TestService"/>
  <testcase name="thatOrdersCanBeAddedAndQueried" time="0.530" classname="com.sprhib.TestService"/>
  <testcase name="thatOrdersCanBeAddedAndQueried" time="0.109" classname="com.sprhib.TestService"/>
  <testcase name="thatOrdersCanBeAddedAndQueried" time="0.194" classname="com.sprhib.TestService"/>
  <testcase name="thatOrdersCanBeAddedAndQueried" time="0.194" classname="com.sprhib.TestService"/>
  <testcase name="thatOrdersCanBeAddedAndQueried" time="0.169" classname="com.sprhib.TestService"/>
  <testcase name="thatOrdersCanBeAddedAndQueried" time="0.240" classname="com.sprhib.TestService"/>
  <testcase name="thatOrdersCanBeAddedAndQueried" time="0.176" classname="com.sprhib.TestService"/>
  <testcase name="thatOrdersCanBeAddedAndQueried" time="0.161" classname="com.sprhib.TestService"/>
  <testcase name="thatOrdersCanBeAddedAndQueried" time="0.126" classname="com.sprhib.TestService"/>
  <testcase name="thatOrdersCanBeAddedAndQueried" time="0.183" classname="com.sprhib.TestService"/>
  <testcase name="thatOrdersCanBeAddedAndQueried" time="0.153" classname="com.sprhib.TestService"/>
  <testcase name="thatOrdersCanBeAddedAndQueried" time="0.152" classname="com.sprhib.TestService"/>
  <testcase name="thatOrdersCanBeAddedAndQueried" time="0.183" classname="com.sprhib.TestService"/>
  <testcase name="thatOrdersCanBeAddedAndQueried" time="0.212" classname="com.sprhib.TestService"/>
  <testcase name="thatOrdersCanBeAddedAndQueried" time="0.223" classname="com.sprhib.TestService"/>
  <testcase name="thatOrdersCanBeAddedAndQueried" time="0.160" classname="com.sprhib.TestService"/>
  <testcase name="thatOrdersCanBeAddedAndQueried" time="0.143" classname="com.sprhib.TestService"/>
  <testcase name="thatOrdersCanBeAddedAndQueried" time="0.181" classname="com.sprhib.TestService"/>
  <testcase name="thatOrdersCanBeAddedAndQueried" time="0.225" classname="com.sprhib.TestService"/>
  <testcase name="thatOrdersCanBeAddedAndQueried" time="0.243" classname="com.sprhib.TestService">
    <failure type="org.springframework.web.client.HttpServerErrorException" message="500 Internal Server Error">
      <![CDATA[org.springframework.web.client.HttpServerErrorException: 500 Internal Server Error
	at org.springframework.web.client.DefaultResponseErrorHandler.handleError(DefaultResponseErrorHandler.java:94)
	at org.springframework.web.client.RestTemplate.handleResponseError(RestTemplate.java:576)
	at org.springframework.web.client.RestTemplate.doExecute(RestTemplate.java:532)
	at org.springframework.web.client.RestTemplate.execute(RestTemplate.java:489)
	at org.springframework.web.client.RestTemplate.getForEntity(RestTemplate.java:250)
	at com.sprhib.TestService.thatOrdersCanBeAddedAndQueried(TestService.java:39)
	at sun.reflect.GeneratedMethodAccessor3.invoke(Unknown Source)
	at sun.reflect.DelegatingMethodAccessorImpl.invoke(DelegatingMethodAccessorImpl.java:43)
	at java.lang.reflect.Method.invoke(Method.java:606)
	at org.testng.internal.MethodInvocationHelper.invokeMethod(MethodInvocationHelper.java:84)
	at org.testng.internal.Invoker.invokeMethod(Invoker.java:714)
	at org.testng.internal.Invoker.invokeTestMethod(Invoker.java:901)
	at org.testng.internal.Invoker.invokeTestMethods(Invoker.java:1231)
	at org.testng.internal.TestMethodWorker.invokeTestMethods(TestMethodWorker.java:127)
	at org.testng.internal.TestMethodWorker.run(TestMethodWorker.java:111)
	at org.testng.internal.thread.ThreadUtil$2.call(ThreadUtil.java:64)
	at java.util.concurrent.FutureTask.run(FutureTask.java:262)
	at java.util.concurrent.ThreadPoolExecutor.runWorker(ThreadPoolExecutor.java:1145)
	at java.util.concurrent.ThreadPoolExecutor$Worker.run(ThreadPoolExecutor.java:615)
	at java.lang.Thread.run(Thread.java:745)
]]>
    </failure>
  </testcase> <!-- thatOrdersCanBeAddedAndQueried -->
  <testcase name="thatOrdersCanBeAddedAndQueried" time="0.150" classname="com.sprhib.TestService"/>
  <testcase name="thatOrdersCanBeAddedAndQueried" time="0.130" classname="com.sprhib.TestService">
    <failure type="org.springframework.web.client.ResourceAccessException" message="I/O error on GET request for &quot;http://localhost:8080/spr-mvc-hib/convertation/-110/EUR/USD&quot;:No buffer space available (maximum connections reached?): connect; nested exception is java.net.SocketException: No buffer space available (maximum connections reached?): connect">
      <![CDATA[org.springframework.web.client.ResourceAccessException: I/O error on GET request for "http://localhost:8080/spr-mvc-hib/convertation/-110/EUR/USD":No buffer space available (maximum connections reached?): connect; nested exception is java.net.SocketException: No buffer space available (maximum connections reached?): connect
	at org.springframework.web.client.RestTemplate.doExecute(RestTemplate.java:543)
	at org.springframework.web.client.RestTemplate.execute(RestTemplate.java:489)
	at org.springframework.web.client.RestTemplate.getForEntity(RestTemplate.java:250)
	at com.sprhib.TestService.thatOrdersCanBeAddedAndQueried(TestService.java:26)
	at sun.reflect.GeneratedMethodAccessor3.invoke(Unknown Source)
	at sun.reflect.DelegatingMethodAccessorImpl.invoke(DelegatingMethodAccessorImpl.java:43)
	at java.lang.reflect.Method.invoke(Method.java:606)
	at org.testng.internal.MethodInvocationHelper.invokeMethod(MethodInvocationHelper.java:84)
	at org.testng.internal.Invoker.invokeMethod(Invoker.java:714)
	at org.testng.internal.Invoker.invokeTestMethod(Invoker.java:901)
	at org.testng.internal.Invoker.invokeTestMethods(Invoker.java:1231)
	at org.testng.internal.TestMethodWorker.invokeTestMethods(TestMethodWorker.java:127)
	at org.testng.internal.TestMethodWorker.run(TestMethodWorker.java:111)
	at org.testng.internal.thread.ThreadUtil$2.call(ThreadUtil.java:64)
	at java.util.concurrent.FutureTask.run(FutureTask.java:262)
	at java.util.concurrent.ThreadPoolExecutor.runWorker(ThreadPoolExecutor.java:1145)
	at java.util.concurrent.ThreadPoolExecutor$Worker.run(ThreadPoolExecutor.java:615)
	at java.lang.Thread.run(Thread.java:745)
Caused by: java.net.SocketException: No buffer space available (maximum connections reached?): connect
	at java.net.DualStackPlainSocketImpl.connect0(Native Method)
	at java.net.DualStackPlainSocketImpl.socketConnect(DualStackPlainSocketImpl.java:79)
	at java.net.AbstractPlainSocketImpl.doConnect(AbstractPlainSocketImpl.java:339)
	at java.net.AbstractPlainSocketImpl.connectToAddress(AbstractPlainSocketImpl.java:200)
	at java.net.AbstractPlainSocketImpl.connect(AbstractPlainSocketImpl.java:182)
	at java.net.PlainSocketImpl.connect(PlainSocketImpl.java:172)
	at java.net.SocksSocketImpl.connect(SocksSocketImpl.java:392)
	at java.net.Socket.connect(Socket.java:579)
	at java.net.Socket.connect(Socket.java:528)
	at sun.net.NetworkClient.doConnect(NetworkClient.java:180)
	at sun.net.www.http.HttpClient.openServer(HttpClient.java:432)
	at sun.net.www.http.HttpClient.openServer(HttpClient.java:527)
	at sun.net.www.http.HttpClient.<init>(HttpClient.java:211)
	at sun.net.www.http.HttpClient.New(HttpClient.java:308)
	at sun.net.www.http.HttpClient.New(HttpClient.java:326)
	at sun.net.www.protocol.http.HttpURLConnection.getNewHttpClient(HttpURLConnection.java:996)
	at sun.net.www.protocol.http.HttpURLConnection.plainConnect(HttpURLConnection.java:932)
	at sun.net.www.protocol.http.HttpURLConnection.connect(HttpURLConnection.java:850)
	at org.springframework.http.client.SimpleBufferingClientHttpRequest.executeInternal(SimpleBufferingClientHttpRequest.java:78)
	at org.springframework.http.client.AbstractBufferingClientHttpRequest.executeInternal(AbstractBufferingClientHttpRequest.java:46)
	at org.springframework.http.client.AbstractClientHttpRequest.execute(AbstractClientHttpRequest.java:52)
	at org.springframework.web.client.RestTemplate.doExecute(RestTemplate.java:527)
	... 17 more
]]>
    </failure>
  </testcase> <!-- thatOrdersCanBeAddedAndQueried -->
  <testcase name="thatOrdersCanBeAddedAndQueried" time="0.121" classname="com.sprhib.TestService"/>
  <testcase name="thatOrdersCanBeAddedAndQueried" time="0.233" classname="com.sprhib.TestService"/>
  <testcase name="thatOrdersCanBeAddedAndQueried" time="0.258" classname="com.sprhib.TestService"/>
  <testcase name="thatOrdersCanBeAddedAndQueried" time="0.092" classname="com.sprhib.TestService">
    <failure type="org.springframework.web.client.ResourceAccessException" message="I/O error on GET request for &quot;http://localhost:8080/spr-mvc-hib/convertation/-110/EUR/USD&quot;:No buffer space available (maximum connections reached?): connect; nested exception is java.net.SocketException: No buffer space available (maximum connections reached?): connect">
      <![CDATA[org.springframework.web.client.ResourceAccessException: I/O error on GET request for "http://localhost:8080/spr-mvc-hib/convertation/-110/EUR/USD":No buffer space available (maximum connections reached?): connect; nested exception is java.net.SocketException: No buffer space available (maximum connections reached?): connect
	at org.springframework.web.client.RestTemplate.doExecute(RestTemplate.java:543)
	at org.springframework.web.client.RestTemplate.execute(RestTemplate.java:489)
	at org.springframework.web.client.RestTemplate.getForEntity(RestTemplate.java:250)
	at com.sprhib.TestService.thatOrdersCanBeAddedAndQueried(TestService.java:26)
	at sun.reflect.GeneratedMethodAccessor3.invoke(Unknown Source)
	at sun.reflect.DelegatingMethodAccessorImpl.invoke(DelegatingMethodAccessorImpl.java:43)
	at java.lang.reflect.Method.invoke(Method.java:606)
	at org.testng.internal.MethodInvocationHelper.invokeMethod(MethodInvocationHelper.java:84)
	at org.testng.internal.Invoker.invokeMethod(Invoker.java:714)
	at org.testng.internal.Invoker.invokeTestMethod(Invoker.java:901)
	at org.testng.internal.Invoker.invokeTestMethods(Invoker.java:1231)
	at org.testng.internal.TestMethodWorker.invokeTestMethods(TestMethodWorker.java:127)
	at org.testng.internal.TestMethodWorker.run(TestMethodWorker.java:111)
	at org.testng.internal.thread.ThreadUtil$2.call(ThreadUtil.java:64)
	at java.util.concurrent.FutureTask.run(FutureTask.java:262)
	at java.util.concurrent.ThreadPoolExecutor.runWorker(ThreadPoolExecutor.java:1145)
	at java.util.concurrent.ThreadPoolExecutor$Worker.run(ThreadPoolExecutor.java:615)
	at java.lang.Thread.run(Thread.java:745)
Caused by: java.net.SocketException: No buffer space available (maximum connections reached?): connect
	at java.net.DualStackPlainSocketImpl.connect0(Native Method)
	at java.net.DualStackPlainSocketImpl.socketConnect(DualStackPlainSocketImpl.java:79)
	at java.net.AbstractPlainSocketImpl.doConnect(AbstractPlainSocketImpl.java:339)
	at java.net.AbstractPlainSocketImpl.connectToAddress(AbstractPlainSocketImpl.java:200)
	at java.net.AbstractPlainSocketImpl.connect(AbstractPlainSocketImpl.java:182)
	at java.net.PlainSocketImpl.connect(PlainSocketImpl.java:172)
	at java.net.SocksSocketImpl.connect(SocksSocketImpl.java:392)
	at java.net.Socket.connect(Socket.java:579)
	at java.net.Socket.connect(Socket.java:528)
	at sun.net.NetworkClient.doConnect(NetworkClient.java:180)
	at sun.net.www.http.HttpClient.openServer(HttpClient.java:432)
	at sun.net.www.http.HttpClient.openServer(HttpClient.java:527)
	at sun.net.www.http.HttpClient.<init>(HttpClient.java:211)
	at sun.net.www.http.HttpClient.New(HttpClient.java:308)
	at sun.net.www.http.HttpClient.New(HttpClient.java:326)
	at sun.net.www.protocol.http.HttpURLConnection.getNewHttpClient(HttpURLConnection.java:996)
	at sun.net.www.protocol.http.HttpURLConnection.plainConnect(HttpURLConnection.java:932)
	at sun.net.www.protocol.http.HttpURLConnection.connect(HttpURLConnection.java:850)
	at org.springframework.http.client.SimpleBufferingClientHttpRequest.executeInternal(SimpleBufferingClientHttpRequest.java:78)
	at org.springframework.http.client.AbstractBufferingClientHttpRequest.executeInternal(AbstractBufferingClientHttpRequest.java:46)
	at org.springframework.http.client.AbstractClientHttpRequest.execute(AbstractClientHttpRequest.java:52)
	at org.springframework.web.client.RestTemplate.doExecute(RestTemplate.java:527)
	... 17 more
]]>
    </failure>
  </testcase> <!-- thatOrdersCanBeAddedAndQueried -->
  <testcase name="thatOrdersCanBeAddedAndQueried" time="0.176" classname="com.sprhib.TestService"/>
  <testcase name="thatOrdersCanBeAddedAndQueried" time="0.175" classname="com.sprhib.TestService"/>
  <testcase name="thatOrdersCanBeAddedAndQueried" time="0.188" classname="com.sprhib.TestService"/>
  <testcase name="thatOrdersCanBeAddedAndQueried" time="0.318" classname="com.sprhib.TestService"/>
  <testcase name="thatOrdersCanBeAddedAndQueried" time="0.272" classname="com.sprhib.TestService"/>
  <testcase name="thatOrdersCanBeAddedAndQueried" time="0.223" classname="com.sprhib.TestService"/>
  <testcase name="thatOrdersCanBeAddedAndQueried" time="0.151" classname="com.sprhib.TestService"/>
  <testcase name="thatOrdersCanBeAddedAndQueried" time="1.110" classname="com.sprhib.TestService"/>
  <testcase name="thatOrdersCanBeAddedAndQueried" time="0.176" classname="com.sprhib.TestService"/>
  <testcase name="thatOrdersCanBeAddedAndQueried" time="0.205" classname="com.sprhib.TestService"/>
  <testcase name="thatOrdersCanBeAddedAndQueried" time="0.127" classname="com.sprhib.TestService"/>
  <testcase name="thatOrdersCanBeAddedAndQueried" time="0.137" classname="com.sprhib.TestService"/>
  <testcase name="thatOrdersCanBeAddedAndQueried" time="0.196" classname="com.sprhib.TestService"/>
  <testcase name="thatOrdersCanBeAddedAndQueried" time="0.182" classname="com.sprhib.TestService"/>
  <testcase name="thatOrdersCanBeAddedAndQueried" time="0.174" classname="com.sprhib.TestService"/>
  <testcase name="thatOrdersCanBeAddedAndQueried" time="0.171" classname="com.sprhib.TestService"/>
  <testcase name="thatOrdersCanBeAddedAndQueried" time="0.149" classname="com.sprhib.TestService"/>
  <testcase name="thatOrdersCanBeAddedAndQueried" time="0.155" classname="com.sprhib.TestService"/>
  <testcase name="thatOrdersCanBeAddedAndQueried" time="0.283" classname="com.sprhib.TestService"/>
  <testcase name="thatOrdersCanBeAddedAndQueried" time="0.137" classname="com.sprhib.TestService"/>
  <testcase name="thatOrdersCanBeAddedAndQueried" time="0.170" classname="com.sprhib.TestService"/>
  <testcase name="thatOrdersCanBeAddedAndQueried" time="0.340" classname="com.sprhib.TestService"/>
  <testcase name="thatOrdersCanBeAddedAndQueried" time="0.212" classname="com.sprhib.TestService"/>
  <testcase name="thatOrdersCanBeAddedAndQueried" time="0.267" classname="com.sprhib.TestService"/>
  <testcase name="thatOrdersCanBeAddedAndQueried" time="0.043" classname="com.sprhib.TestService">
    <failure type="org.springframework.web.client.ResourceAccessException" message="I/O error on GET request for &quot;http://localhost:8080/spr-mvc-hib/convertation/-110/EUR/USD&quot;:No buffer space available (maximum connections reached?): connect; nested exception is java.net.SocketException: No buffer space available (maximum connections reached?): connect">
      <![CDATA[org.springframework.web.client.ResourceAccessException: I/O error on GET request for "http://localhost:8080/spr-mvc-hib/convertation/-110/EUR/USD":No buffer space available (maximum connections reached?): connect; nested exception is java.net.SocketException: No buffer space available (maximum connections reached?): connect
	at org.springframework.web.client.RestTemplate.doExecute(RestTemplate.java:543)
	at org.springframework.web.client.RestTemplate.execute(RestTemplate.java:489)
	at org.springframework.web.client.RestTemplate.getForEntity(RestTemplate.java:250)
	at com.sprhib.TestService.thatOrdersCanBeAddedAndQueried(TestService.java:26)
	at sun.reflect.GeneratedMethodAccessor3.invoke(Unknown Source)
	at sun.reflect.DelegatingMethodAccessorImpl.invoke(DelegatingMethodAccessorImpl.java:43)
	at java.lang.reflect.Method.invoke(Method.java:606)
	at org.testng.internal.MethodInvocationHelper.invokeMethod(MethodInvocationHelper.java:84)
	at org.testng.internal.Invoker.invokeMethod(Invoker.java:714)
	at org.testng.internal.Invoker.invokeTestMethod(Invoker.java:901)
	at org.testng.internal.Invoker.invokeTestMethods(Invoker.java:1231)
	at org.testng.internal.TestMethodWorker.invokeTestMethods(TestMethodWorker.java:127)
	at org.testng.internal.TestMethodWorker.run(TestMethodWorker.java:111)
	at org.testng.internal.thread.ThreadUtil$2.call(ThreadUtil.java:64)
	at java.util.concurrent.FutureTask.run(FutureTask.java:262)
	at java.util.concurrent.ThreadPoolExecutor.runWorker(ThreadPoolExecutor.java:1145)
	at java.util.concurrent.ThreadPoolExecutor$Worker.run(ThreadPoolExecutor.java:615)
	at java.lang.Thread.run(Thread.java:745)
Caused by: java.net.SocketException: No buffer space available (maximum connections reached?): connect
	at java.net.DualStackPlainSocketImpl.connect0(Native Method)
	at java.net.DualStackPlainSocketImpl.socketConnect(DualStackPlainSocketImpl.java:79)
	at java.net.AbstractPlainSocketImpl.doConnect(AbstractPlainSocketImpl.java:339)
	at java.net.AbstractPlainSocketImpl.connectToAddress(AbstractPlainSocketImpl.java:200)
	at java.net.AbstractPlainSocketImpl.connect(AbstractPlainSocketImpl.java:182)
	at java.net.PlainSocketImpl.connect(PlainSocketImpl.java:172)
	at java.net.SocksSocketImpl.connect(SocksSocketImpl.java:392)
	at java.net.Socket.connect(Socket.java:579)
	at java.net.Socket.connect(Socket.java:528)
	at sun.net.NetworkClient.doConnect(NetworkClient.java:180)
	at sun.net.www.http.HttpClient.openServer(HttpClient.java:432)
	at sun.net.www.http.HttpClient.openServer(HttpClient.java:527)
	at sun.net.www.http.HttpClient.<init>(HttpClient.java:211)
	at sun.net.www.http.HttpClient.New(HttpClient.java:308)
	at sun.net.www.http.HttpClient.New(HttpClient.java:326)
	at sun.net.www.protocol.http.HttpURLConnection.getNewHttpClient(HttpURLConnection.java:996)
	at sun.net.www.protocol.http.HttpURLConnection.plainConnect(HttpURLConnection.java:932)
	at sun.net.www.protocol.http.HttpURLConnection.connect(HttpURLConnection.java:850)
	at org.springframework.http.client.SimpleBufferingClientHttpRequest.executeInternal(SimpleBufferingClientHttpRequest.java:78)
	at org.springframework.http.client.AbstractBufferingClientHttpRequest.executeInternal(AbstractBufferingClientHttpRequest.java:46)
	at org.springframework.http.client.AbstractClientHttpRequest.execute(AbstractClientHttpRequest.java:52)
	at org.springframework.web.client.RestTemplate.doExecute(RestTemplate.java:527)
	... 17 more
]]>
    </failure>
  </testcase> <!-- thatOrdersCanBeAddedAndQueried -->
  <testcase name="thatOrdersCanBeAddedAndQueried" time="0.194" classname="com.sprhib.TestService"/>
  <testcase name="thatOrdersCanBeAddedAndQueried" time="0.185" classname="com.sprhib.TestService"/>
  <testcase name="thatOrdersCanBeAddedAndQueried" time="0.182" classname="com.sprhib.TestService"/>
  <testcase name="thatOrdersCanBeAddedAndQueried" time="0.179" classname="com.sprhib.TestService"/>
  <testcase name="thatOrdersCanBeAddedAndQueried" time="0.169" classname="com.sprhib.TestService"/>
  <testcase name="thatOrdersCanBeAddedAndQueried" time="0.181" classname="com.sprhib.TestService"/>
  <testcase name="thatOrdersCanBeAddedAndQueried" time="0.158" classname="com.sprhib.TestService"/>
  <testcase name="thatOrdersCanBeAddedAndQueried" time="0.255" classname="com.sprhib.TestService"/>
  <testcase name="thatOrdersCanBeAddedAndQueried" time="0.241" classname="com.sprhib.TestService"/>
  <testcase name="thatOrdersCanBeAddedAndQueried" time="0.194" classname="com.sprhib.TestService"/>
  <testcase name="thatOrdersCanBeAddedAndQueried" time="0.183" classname="com.sprhib.TestService"/>
  <testcase name="thatOrdersCanBeAddedAndQueried" time="0.173" classname="com.sprhib.TestService"/>
  <testcase name="thatOrdersCanBeAddedAndQueried" time="0.181" classname="com.sprhib.TestService"/>
  <testcase name="thatOrdersCanBeAddedAndQueried" time="0.310" classname="com.sprhib.TestService"/>
  <testcase name="thatOrdersCanBeAddedAndQueried" time="0.160" classname="com.sprhib.TestService"/>
  <testcase name="thatOrdersCanBeAddedAndQueried" time="0.165" classname="com.sprhib.TestService"/>
  <testcase name="thatOrdersCanBeAddedAndQueried" time="0.184" classname="com.sprhib.TestService"/>
  <testcase name="thatOrdersCanBeAddedAndQueried" time="0.183" classname="com.sprhib.TestService"/>
  <testcase name="thatOrdersCanBeAddedAndQueried" time="0.128" classname="com.sprhib.TestService"/>
  <testcase name="thatOrdersCanBeAddedAndQueried" time="0.193" classname="com.sprhib.TestService"/>
  <testcase name="thatOrdersCanBeAddedAndQueried" time="0.278" classname="com.sprhib.TestService"/>
  <testcase name="thatOrdersCanBeAddedAndQueried" time="0.237" classname="com.sprhib.TestService"/>
  <testcase name="thatOrdersCanBeAddedAndQueried" time="0.254" classname="com.sprhib.TestService"/>
  <testcase name="thatOrdersCanBeAddedAndQueried" time="0.249" classname="com.sprhib.TestService"/>
  <testcase name="thatOrdersCanBeAddedAndQueried" time="0.240" classname="com.sprhib.TestService"/>
  <testcase name="thatOrdersCanBeAddedAndQueried" time="0.258" classname="com.sprhib.TestService"/>
  <testcase name="thatOrdersCanBeAddedAndQueried" time="0.180" classname="com.sprhib.TestService"/>
  <testcase name="thatOrdersCanBeAddedAndQueried" time="0.161" classname="com.sprhib.TestService"/>
  <testcase name="thatOrdersCanBeAddedAndQueried" time="0.150" classname="com.sprhib.TestService"/>
  <testcase name="thatOrdersCanBeAddedAndQueried" time="0.135" classname="com.sprhib.TestService"/>
  <testcase name="thatOrdersCanBeAddedAndQueried" time="0.146" classname="com.sprhib.TestService"/>
  <testcase name="thatOrdersCanBeAddedAndQueried" time="0.267" classname="com.sprhib.TestService"/>
  <testcase name="thatOrdersCanBeAddedAndQueried" time="0.109" classname="com.sprhib.TestService"/>
  <testcase name="thatOrdersCanBeAddedAndQueried" time="0.137" classname="com.sprhib.TestService"/>
  <testcase name="thatOrdersCanBeAddedAndQueried" time="0.163" classname="com.sprhib.TestService"/>
  <testcase name="thatOrdersCanBeAddedAndQueried" time="0.188" classname="com.sprhib.TestService"/>
  <testcase name="thatOrdersCanBeAddedAndQueried" time="0.196" classname="com.sprhib.TestService"/>
  <testcase name="thatOrdersCanBeAddedAndQueried" time="0.167" classname="com.sprhib.TestService"/>
  <testcase name="thatOrdersCanBeAddedAndQueried" time="0.158" classname="com.sprhib.TestService"/>
  <testcase name="thatOrdersCanBeAddedAndQueried" time="0.173" classname="com.sprhib.TestService"/>
  <testcase name="thatOrdersCanBeAddedAndQueried" time="0.135" classname="com.sprhib.TestService"/>
  <testcase name="thatOrdersCanBeAddedAndQueried" time="0.166" classname="com.sprhib.TestService"/>
  <testcase name="thatOrdersCanBeAddedAndQueried" time="0.150" classname="com.sprhib.TestService"/>
  <testcase name="thatOrdersCanBeAddedAndQueried" time="0.201" classname="com.sprhib.TestService"/>
  <testcase name="thatOrdersCanBeAddedAndQueried" time="0.314" classname="com.sprhib.TestService"/>
  <testcase name="thatOrdersCanBeAddedAndQueried" time="0.169" classname="com.sprhib.TestService"/>
  <testcase name="thatOrdersCanBeAddedAndQueried" time="0.253" classname="com.sprhib.TestService"/>
  <testcase name="thatOrdersCanBeAddedAndQueried" time="0.280" classname="com.sprhib.TestService"/>
  <testcase name="thatOrdersCanBeAddedAndQueried" time="0.139" classname="com.sprhib.TestService"/>
  <testcase name="thatOrdersCanBeAddedAndQueried" time="0.098" classname="com.sprhib.TestService"/>
  <testcase name="thatOrdersCanBeAddedAndQueried" time="0.027" classname="com.sprhib.TestService">
    <failure type="org.springframework.web.client.ResourceAccessException" message="I/O error on GET request for &quot;http://localhost:8080/spr-mvc-hib/convertation/-110/EUR/USD&quot;:No buffer space available (maximum connections reached?): connect; nested exception is java.net.SocketException: No buffer space available (maximum connections reached?): connect">
      <![CDATA[org.springframework.web.client.ResourceAccessException: I/O error on GET request for "http://localhost:8080/spr-mvc-hib/convertation/-110/EUR/USD":No buffer space available (maximum connections reached?): connect; nested exception is java.net.SocketException: No buffer space available (maximum connections reached?): connect
	at org.springframework.web.client.RestTemplate.doExecute(RestTemplate.java:543)
	at org.springframework.web.client.RestTemplate.execute(RestTemplate.java:489)
	at org.springframework.web.client.RestTemplate.getForEntity(RestTemplate.java:250)
	at com.sprhib.TestService.thatOrdersCanBeAddedAndQueried(TestService.java:26)
	at sun.reflect.GeneratedMethodAccessor3.invoke(Unknown Source)
	at sun.reflect.DelegatingMethodAccessorImpl.invoke(DelegatingMethodAccessorImpl.java:43)
	at java.lang.reflect.Method.invoke(Method.java:606)
	at org.testng.internal.MethodInvocationHelper.invokeMethod(MethodInvocationHelper.java:84)
	at org.testng.internal.Invoker.invokeMethod(Invoker.java:714)
	at org.testng.internal.Invoker.invokeTestMethod(Invoker.java:901)
	at org.testng.internal.Invoker.invokeTestMethods(Invoker.java:1231)
	at org.testng.internal.TestMethodWorker.invokeTestMethods(TestMethodWorker.java:127)
	at org.testng.internal.TestMethodWorker.run(TestMethodWorker.java:111)
	at org.testng.internal.thread.ThreadUtil$2.call(ThreadUtil.java:64)
	at java.util.concurrent.FutureTask.run(FutureTask.java:262)
	at java.util.concurrent.ThreadPoolExecutor.runWorker(ThreadPoolExecutor.java:1145)
	at java.util.concurrent.ThreadPoolExecutor$Worker.run(ThreadPoolExecutor.java:615)
	at java.lang.Thread.run(Thread.java:745)
Caused by: java.net.SocketException: No buffer space available (maximum connections reached?): connect
	at java.net.DualStackPlainSocketImpl.connect0(Native Method)
	at java.net.DualStackPlainSocketImpl.socketConnect(DualStackPlainSocketImpl.java:79)
	at java.net.AbstractPlainSocketImpl.doConnect(AbstractPlainSocketImpl.java:339)
	at java.net.AbstractPlainSocketImpl.connectToAddress(AbstractPlainSocketImpl.java:200)
	at java.net.AbstractPlainSocketImpl.connect(AbstractPlainSocketImpl.java:182)
	at java.net.PlainSocketImpl.connect(PlainSocketImpl.java:172)
	at java.net.SocksSocketImpl.connect(SocksSocketImpl.java:392)
	at java.net.Socket.connect(Socket.java:579)
	at java.net.Socket.connect(Socket.java:528)
	at sun.net.NetworkClient.doConnect(NetworkClient.java:180)
	at sun.net.www.http.HttpClient.openServer(HttpClient.java:432)
	at sun.net.www.http.HttpClient.openServer(HttpClient.java:527)
	at sun.net.www.http.HttpClient.<init>(HttpClient.java:211)
	at sun.net.www.http.HttpClient.New(HttpClient.java:308)
	at sun.net.www.http.HttpClient.New(HttpClient.java:326)
	at sun.net.www.protocol.http.HttpURLConnection.getNewHttpClient(HttpURLConnection.java:996)
	at sun.net.www.protocol.http.HttpURLConnection.plainConnect(HttpURLConnection.java:932)
	at sun.net.www.protocol.http.HttpURLConnection.connect(HttpURLConnection.java:850)
	at org.springframework.http.client.SimpleBufferingClientHttpRequest.executeInternal(SimpleBufferingClientHttpRequest.java:78)
	at org.springframework.http.client.AbstractBufferingClientHttpRequest.executeInternal(AbstractBufferingClientHttpRequest.java:46)
	at org.springframework.http.client.AbstractClientHttpRequest.execute(AbstractClientHttpRequest.java:52)
	at org.springframework.web.client.RestTemplate.doExecute(RestTemplate.java:527)
	... 17 more
]]>
    </failure>
  </testcase> <!-- thatOrdersCanBeAddedAndQueried -->
  <testcase name="thatOrdersCanBeAddedAndQueried" time="0.184" classname="com.sprhib.TestService"/>
  <testcase name="thatOrdersCanBeAddedAndQueried" time="0.236" classname="com.sprhib.TestService"/>
  <testcase name="thatOrdersCanBeAddedAndQueried" time="0.197" classname="com.sprhib.TestService"/>
  <testcase name="thatOrdersCanBeAddedAndQueried" time="0.162" classname="com.sprhib.TestService"/>
  <testcase name="thatOrdersCanBeAddedAndQueried" time="0.197" classname="com.sprhib.TestService"/>
  <testcase name="thatOrdersCanBeAddedAndQueried" time="0.235" classname="com.sprhib.TestService"/>
  <testcase name="thatOrdersCanBeAddedAndQueried" time="0.190" classname="com.sprhib.TestService"/>
  <testcase name="thatOrdersCanBeAddedAndQueried" time="0.193" classname="com.sprhib.TestService"/>
  <testcase name="thatOrdersCanBeAddedAndQueried" time="0.156" classname="com.sprhib.TestService"/>
  <testcase name="thatOrdersCanBeAddedAndQueried" time="0.145" classname="com.sprhib.TestService"/>
  <testcase name="thatOrdersCanBeAddedAndQueried" time="0.131" classname="com.sprhib.TestService"/>
  <testcase name="thatOrdersCanBeAddedAndQueried" time="0.198" classname="com.sprhib.TestService"/>
  <testcase name="thatOrdersCanBeAddedAndQueried" time="0.197" classname="com.sprhib.TestService"/>
  <testcase name="thatOrdersCanBeAddedAndQueried" time="0.157" classname="com.sprhib.TestService"/>
  <testcase name="thatOrdersCanBeAddedAndQueried" time="0.223" classname="com.sprhib.TestService"/>
  <testcase name="thatOrdersCanBeAddedAndQueried" time="0.265" classname="com.sprhib.TestService"/>
  <testcase name="thatOrdersCanBeAddedAndQueried" time="0.178" classname="com.sprhib.TestService"/>
  <testcase name="thatOrdersCanBeAddedAndQueried" time="0.202" classname="com.sprhib.TestService"/>
  <testcase name="thatOrdersCanBeAddedAndQueried" time="0.171" classname="com.sprhib.TestService"/>
  <testcase name="thatOrdersCanBeAddedAndQueried" time="0.201" classname="com.sprhib.TestService"/>
  <testcase name="thatOrdersCanBeAddedAndQueried" time="0.208" classname="com.sprhib.TestService"/>
  <testcase name="thatOrdersCanBeAddedAndQueried" time="0.179" classname="com.sprhib.TestService"/>
  <testcase name="thatOrdersCanBeAddedAndQueried" time="0.208" classname="com.sprhib.TestService"/>
  <testcase name="thatOrdersCanBeAddedAndQueried" time="0.144" classname="com.sprhib.TestService"/>
  <testcase name="thatOrdersCanBeAddedAndQueried" time="0.205" classname="com.sprhib.TestService"/>
  <testcase name="thatOrdersCanBeAddedAndQueried" time="0.171" classname="com.sprhib.TestService"/>
  <testcase name="thatOrdersCanBeAddedAndQueried" time="0.187" classname="com.sprhib.TestService"/>
  <testcase name="thatOrdersCanBeAddedAndQueried" time="0.068" classname="com.sprhib.TestService">
    <failure type="org.springframework.web.client.ResourceAccessException" message="I/O error on GET request for &quot;http://localhost:8080/spr-mvc-hib/convertation/-110/EUR/USD&quot;:No buffer space available (maximum connections reached?): connect; nested exception is java.net.SocketException: No buffer space available (maximum connections reached?): connect">
      <![CDATA[org.springframework.web.client.ResourceAccessException: I/O error on GET request for "http://localhost:8080/spr-mvc-hib/convertation/-110/EUR/USD":No buffer space available (maximum connections reached?): connect; nested exception is java.net.SocketException: No buffer space available (maximum connections reached?): connect
	at org.springframework.web.client.RestTemplate.doExecute(RestTemplate.java:543)
	at org.springframework.web.client.RestTemplate.execute(RestTemplate.java:489)
	at org.springframework.web.client.RestTemplate.getForEntity(RestTemplate.java:250)
	at com.sprhib.TestService.thatOrdersCanBeAddedAndQueried(TestService.java:26)
	at sun.reflect.GeneratedMethodAccessor3.invoke(Unknown Source)
	at sun.reflect.DelegatingMethodAccessorImpl.invoke(DelegatingMethodAccessorImpl.java:43)
	at java.lang.reflect.Method.invoke(Method.java:606)
	at org.testng.internal.MethodInvocationHelper.invokeMethod(MethodInvocationHelper.java:84)
	at org.testng.internal.Invoker.invokeMethod(Invoker.java:714)
	at org.testng.internal.Invoker.invokeTestMethod(Invoker.java:901)
	at org.testng.internal.Invoker.invokeTestMethods(Invoker.java:1231)
	at org.testng.internal.TestMethodWorker.invokeTestMethods(TestMethodWorker.java:127)
	at org.testng.internal.TestMethodWorker.run(TestMethodWorker.java:111)
	at org.testng.internal.thread.ThreadUtil$2.call(ThreadUtil.java:64)
	at java.util.concurrent.FutureTask.run(FutureTask.java:262)
	at java.util.concurrent.ThreadPoolExecutor.runWorker(ThreadPoolExecutor.java:1145)
	at java.util.concurrent.ThreadPoolExecutor$Worker.run(ThreadPoolExecutor.java:615)
	at java.lang.Thread.run(Thread.java:745)
Caused by: java.net.SocketException: No buffer space available (maximum connections reached?): connect
	at java.net.DualStackPlainSocketImpl.connect0(Native Method)
	at java.net.DualStackPlainSocketImpl.socketConnect(DualStackPlainSocketImpl.java:79)
	at java.net.AbstractPlainSocketImpl.doConnect(AbstractPlainSocketImpl.java:339)
	at java.net.AbstractPlainSocketImpl.connectToAddress(AbstractPlainSocketImpl.java:200)
	at java.net.AbstractPlainSocketImpl.connect(AbstractPlainSocketImpl.java:182)
	at java.net.PlainSocketImpl.connect(PlainSocketImpl.java:172)
	at java.net.SocksSocketImpl.connect(SocksSocketImpl.java:392)
	at java.net.Socket.connect(Socket.java:579)
	at java.net.Socket.connect(Socket.java:528)
	at sun.net.NetworkClient.doConnect(NetworkClient.java:180)
	at sun.net.www.http.HttpClient.openServer(HttpClient.java:432)
	at sun.net.www.http.HttpClient.openServer(HttpClient.java:527)
	at sun.net.www.http.HttpClient.<init>(HttpClient.java:211)
	at sun.net.www.http.HttpClient.New(HttpClient.java:308)
	at sun.net.www.http.HttpClient.New(HttpClient.java:326)
	at sun.net.www.protocol.http.HttpURLConnection.getNewHttpClient(HttpURLConnection.java:996)
	at sun.net.www.protocol.http.HttpURLConnection.plainConnect(HttpURLConnection.java:932)
	at sun.net.www.protocol.http.HttpURLConnection.connect(HttpURLConnection.java:850)
	at org.springframework.http.client.SimpleBufferingClientHttpRequest.executeInternal(SimpleBufferingClientHttpRequest.java:78)
	at org.springframework.http.client.AbstractBufferingClientHttpRequest.executeInternal(AbstractBufferingClientHttpRequest.java:46)
	at org.springframework.http.client.AbstractClientHttpRequest.execute(AbstractClientHttpRequest.java:52)
	at org.springframework.web.client.RestTemplate.doExecute(RestTemplate.java:527)
	... 17 more
]]>
    </failure>
  </testcase> <!-- thatOrdersCanBeAddedAndQueried -->
  <testcase name="thatOrdersCanBeAddedAndQueried" time="0.379" classname="com.sprhib.TestService"/>
  <testcase name="thatOrdersCanBeAddedAndQueried" time="0.149" classname="com.sprhib.TestService"/>
  <testcase name="thatOrdersCanBeAddedAndQueried" time="0.150" classname="com.sprhib.TestService"/>
  <testcase name="thatOrdersCanBeAddedAndQueried" time="0.128" classname="com.sprhib.TestService"/>
  <testcase name="thatOrdersCanBeAddedAndQueried" time="0.130" classname="com.sprhib.TestService"/>
  <testcase name="thatOrdersCanBeAddedAndQueried" time="0.206" classname="com.sprhib.TestService"/>
  <testcase name="thatOrdersCanBeAddedAndQueried" time="0.168" classname="com.sprhib.TestService"/>
  <testcase name="thatOrdersCanBeAddedAndQueried" time="0.111" classname="com.sprhib.TestService">
    <failure type="org.springframework.web.client.HttpServerErrorException" message="500 Internal Server Error">
      <![CDATA[org.springframework.web.client.HttpServerErrorException: 500 Internal Server Error
	at org.springframework.web.client.DefaultResponseErrorHandler.handleError(DefaultResponseErrorHandler.java:94)
	at org.springframework.web.client.RestTemplate.handleResponseError(RestTemplate.java:576)
	at org.springframework.web.client.RestTemplate.doExecute(RestTemplate.java:532)
	at org.springframework.web.client.RestTemplate.execute(RestTemplate.java:489)
	at org.springframework.web.client.RestTemplate.getForEntity(RestTemplate.java:250)
	at com.sprhib.TestService.thatOrdersCanBeAddedAndQueried(TestService.java:39)
	at sun.reflect.GeneratedMethodAccessor3.invoke(Unknown Source)
	at sun.reflect.DelegatingMethodAccessorImpl.invoke(DelegatingMethodAccessorImpl.java:43)
	at java.lang.reflect.Method.invoke(Method.java:606)
	at org.testng.internal.MethodInvocationHelper.invokeMethod(MethodInvocationHelper.java:84)
	at org.testng.internal.Invoker.invokeMethod(Invoker.java:714)
	at org.testng.internal.Invoker.invokeTestMethod(Invoker.java:901)
	at org.testng.internal.Invoker.invokeTestMethods(Invoker.java:1231)
	at org.testng.internal.TestMethodWorker.invokeTestMethods(TestMethodWorker.java:127)
	at org.testng.internal.TestMethodWorker.run(TestMethodWorker.java:111)
	at org.testng.internal.thread.ThreadUtil$2.call(ThreadUtil.java:64)
	at java.util.concurrent.FutureTask.run(FutureTask.java:262)
	at java.util.concurrent.ThreadPoolExecutor.runWorker(ThreadPoolExecutor.java:1145)
	at java.util.concurrent.ThreadPoolExecutor$Worker.run(ThreadPoolExecutor.java:615)
	at java.lang.Thread.run(Thread.java:745)
]]>
    </failure>
  </testcase> <!-- thatOrdersCanBeAddedAndQueried -->
  <testcase name="thatOrdersCanBeAddedAndQueried" time="0.098" classname="com.sprhib.TestService"/>
  <testcase name="thatOrdersCanBeAddedAndQueried" time="0.226" classname="com.sprhib.TestService"/>
  <testcase name="thatOrdersCanBeAddedAndQueried" time="0.022" classname="com.sprhib.TestService">
    <failure type="org.springframework.web.client.ResourceAccessException" message="I/O error on GET request for &quot;http://localhost:8080/spr-mvc-hib/convertation/-110/EUR/USD&quot;:No buffer space available (maximum connections reached?): connect; nested exception is java.net.SocketException: No buffer space available (maximum connections reached?): connect">
      <![CDATA[org.springframework.web.client.ResourceAccessException: I/O error on GET request for "http://localhost:8080/spr-mvc-hib/convertation/-110/EUR/USD":No buffer space available (maximum connections reached?): connect; nested exception is java.net.SocketException: No buffer space available (maximum connections reached?): connect
	at org.springframework.web.client.RestTemplate.doExecute(RestTemplate.java:543)
	at org.springframework.web.client.RestTemplate.execute(RestTemplate.java:489)
	at org.springframework.web.client.RestTemplate.getForEntity(RestTemplate.java:250)
	at com.sprhib.TestService.thatOrdersCanBeAddedAndQueried(TestService.java:26)
	at sun.reflect.GeneratedMethodAccessor3.invoke(Unknown Source)
	at sun.reflect.DelegatingMethodAccessorImpl.invoke(DelegatingMethodAccessorImpl.java:43)
	at java.lang.reflect.Method.invoke(Method.java:606)
	at org.testng.internal.MethodInvocationHelper.invokeMethod(MethodInvocationHelper.java:84)
	at org.testng.internal.Invoker.invokeMethod(Invoker.java:714)
	at org.testng.internal.Invoker.invokeTestMethod(Invoker.java:901)
	at org.testng.internal.Invoker.invokeTestMethods(Invoker.java:1231)
	at org.testng.internal.TestMethodWorker.invokeTestMethods(TestMethodWorker.java:127)
	at org.testng.internal.TestMethodWorker.run(TestMethodWorker.java:111)
	at org.testng.internal.thread.ThreadUtil$2.call(ThreadUtil.java:64)
	at java.util.concurrent.FutureTask.run(FutureTask.java:262)
	at java.util.concurrent.ThreadPoolExecutor.runWorker(ThreadPoolExecutor.java:1145)
	at java.util.concurrent.ThreadPoolExecutor$Worker.run(ThreadPoolExecutor.java:615)
	at java.lang.Thread.run(Thread.java:745)
Caused by: java.net.SocketException: No buffer space available (maximum connections reached?): connect
	at java.net.DualStackPlainSocketImpl.connect0(Native Method)
	at java.net.DualStackPlainSocketImpl.socketConnect(DualStackPlainSocketImpl.java:79)
	at java.net.AbstractPlainSocketImpl.doConnect(AbstractPlainSocketImpl.java:339)
	at java.net.AbstractPlainSocketImpl.connectToAddress(AbstractPlainSocketImpl.java:200)
	at java.net.AbstractPlainSocketImpl.connect(AbstractPlainSocketImpl.java:182)
	at java.net.PlainSocketImpl.connect(PlainSocketImpl.java:172)
	at java.net.SocksSocketImpl.connect(SocksSocketImpl.java:392)
	at java.net.Socket.connect(Socket.java:579)
	at java.net.Socket.connect(Socket.java:528)
	at sun.net.NetworkClient.doConnect(NetworkClient.java:180)
	at sun.net.www.http.HttpClient.openServer(HttpClient.java:432)
	at sun.net.www.http.HttpClient.openServer(HttpClient.java:527)
	at sun.net.www.http.HttpClient.<init>(HttpClient.java:211)
	at sun.net.www.http.HttpClient.New(HttpClient.java:308)
	at sun.net.www.http.HttpClient.New(HttpClient.java:326)
	at sun.net.www.protocol.http.HttpURLConnection.getNewHttpClient(HttpURLConnection.java:996)
	at sun.net.www.protocol.http.HttpURLConnection.plainConnect(HttpURLConnection.java:932)
	at sun.net.www.protocol.http.HttpURLConnection.connect(HttpURLConnection.java:850)
	at org.springframework.http.client.SimpleBufferingClientHttpRequest.executeInternal(SimpleBufferingClientHttpRequest.java:78)
	at org.springframework.http.client.AbstractBufferingClientHttpRequest.executeInternal(AbstractBufferingClientHttpRequest.java:46)
	at org.springframework.http.client.AbstractClientHttpRequest.execute(AbstractClientHttpRequest.java:52)
	at org.springframework.web.client.RestTemplate.doExecute(RestTemplate.java:527)
	... 17 more
]]>
    </failure>
  </testcase> <!-- thatOrdersCanBeAddedAndQueried -->
  <testcase name="thatOrdersCanBeAddedAndQueried" time="0.206" classname="com.sprhib.TestService"/>
  <testcase name="thatOrdersCanBeAddedAndQueried" time="0.162" classname="com.sprhib.TestService"/>
  <testcase name="thatOrdersCanBeAddedAndQueried" time="0.128" classname="com.sprhib.TestService"/>
  <testcase name="thatOrdersCanBeAddedAndQueried" time="0.123" classname="com.sprhib.TestService"/>
  <testcase name="thatOrdersCanBeAddedAndQueried" time="0.153" classname="com.sprhib.TestService"/>
  <testcase name="thatOrdersCanBeAddedAndQueried" time="0.114" classname="com.sprhib.TestService"/>
  <testcase name="thatOrdersCanBeAddedAndQueried" time="0.163" classname="com.sprhib.TestService"/>
  <testcase name="thatOrdersCanBeAddedAndQueried" time="0.167" classname="com.sprhib.TestService"/>
  <testcase name="thatOrdersCanBeAddedAndQueried" time="0.182" classname="com.sprhib.TestService"/>
  <testcase name="thatOrdersCanBeAddedAndQueried" time="0.428" classname="com.sprhib.TestService"/>
  <testcase name="thatOrdersCanBeAddedAndQueried" time="0.218" classname="com.sprhib.TestService"/>
  <testcase name="thatOrdersCanBeAddedAndQueried" time="0.165" classname="com.sprhib.TestService"/>
  <testcase name="thatOrdersCanBeAddedAndQueried" time="0.254" classname="com.sprhib.TestService"/>
  <testcase name="thatOrdersCanBeAddedAndQueried" time="0.165" classname="com.sprhib.TestService"/>
  <testcase name="thatOrdersCanBeAddedAndQueried" time="0.142" classname="com.sprhib.TestService"/>
  <testcase name="thatOrdersCanBeAddedAndQueried" time="0.284" classname="com.sprhib.TestService"/>
  <testcase name="thatOrdersCanBeAddedAndQueried" time="0.162" classname="com.sprhib.TestService"/>
  <testcase name="thatOrdersCanBeAddedAndQueried" time="0.166" classname="com.sprhib.TestService"/>
  <testcase name="thatOrdersCanBeAddedAndQueried" time="0.105" classname="com.sprhib.TestService"/>
  <testcase name="thatOrdersCanBeAddedAndQueried" time="0.214" classname="com.sprhib.TestService"/>
  <testcase name="thatOrdersCanBeAddedAndQueried" time="0.211" classname="com.sprhib.TestService"/>
  <testcase name="thatOrdersCanBeAddedAndQueried" time="0.205" classname="com.sprhib.TestService"/>
  <testcase name="thatOrdersCanBeAddedAndQueried" time="0.161" classname="com.sprhib.TestService"/>
  <testcase name="thatOrdersCanBeAddedAndQueried" time="0.155" classname="com.sprhib.TestService">
    <failure type="org.springframework.web.client.HttpServerErrorException" message="500 Internal Server Error">
      <![CDATA[org.springframework.web.client.HttpServerErrorException: 500 Internal Server Error
	at org.springframework.web.client.DefaultResponseErrorHandler.handleError(DefaultResponseErrorHandler.java:94)
	at org.springframework.web.client.RestTemplate.handleResponseError(RestTemplate.java:576)
	at org.springframework.web.client.RestTemplate.doExecute(RestTemplate.java:532)
	at org.springframework.web.client.RestTemplate.execute(RestTemplate.java:489)
	at org.springframework.web.client.RestTemplate.getForEntity(RestTemplate.java:250)
	at com.sprhib.TestService.thatOrdersCanBeAddedAndQueried(TestService.java:44)
	at sun.reflect.GeneratedMethodAccessor3.invoke(Unknown Source)
	at sun.reflect.DelegatingMethodAccessorImpl.invoke(DelegatingMethodAccessorImpl.java:43)
	at java.lang.reflect.Method.invoke(Method.java:606)
	at org.testng.internal.MethodInvocationHelper.invokeMethod(MethodInvocationHelper.java:84)
	at org.testng.internal.Invoker.invokeMethod(Invoker.java:714)
	at org.testng.internal.Invoker.invokeTestMethod(Invoker.java:901)
	at org.testng.internal.Invoker.invokeTestMethods(Invoker.java:1231)
	at org.testng.internal.TestMethodWorker.invokeTestMethods(TestMethodWorker.java:127)
	at org.testng.internal.TestMethodWorker.run(TestMethodWorker.java:111)
	at org.testng.internal.thread.ThreadUtil$2.call(ThreadUtil.java:64)
	at java.util.concurrent.FutureTask.run(FutureTask.java:262)
	at java.util.concurrent.ThreadPoolExecutor.runWorker(ThreadPoolExecutor.java:1145)
	at java.util.concurrent.ThreadPoolExecutor$Worker.run(ThreadPoolExecutor.java:615)
	at java.lang.Thread.run(Thread.java:745)
]]>
    </failure>
  </testcase> <!-- thatOrdersCanBeAddedAndQueried -->
  <testcase name="thatOrdersCanBeAddedAndQueried" time="0.254" classname="com.sprhib.TestService"/>
  <testcase name="thatOrdersCanBeAddedAndQueried" time="0.317" classname="com.sprhib.TestService"/>
  <testcase name="thatOrdersCanBeAddedAndQueried" time="0.185" classname="com.sprhib.TestService"/>
  <testcase name="thatOrdersCanBeAddedAndQueried" time="0.206" classname="com.sprhib.TestService"/>
  <testcase name="thatOrdersCanBeAddedAndQueried" time="0.085" classname="com.sprhib.TestService"/>
  <testcase name="thatOrdersCanBeAddedAndQueried" time="0.162" classname="com.sprhib.TestService"/>
  <testcase name="thatOrdersCanBeAddedAndQueried" time="0.200" classname="com.sprhib.TestService"/>
  <testcase name="thatOrdersCanBeAddedAndQueried" time="0.171" classname="com.sprhib.TestService"/>
  <testcase name="thatOrdersCanBeAddedAndQueried" time="0.147" classname="com.sprhib.TestService"/>
  <testcase name="thatOrdersCanBeAddedAndQueried" time="0.118" classname="com.sprhib.TestService"/>
  <testcase name="thatOrdersCanBeAddedAndQueried" time="0.268" classname="com.sprhib.TestService"/>
  <testcase name="thatOrdersCanBeAddedAndQueried" time="0.119" classname="com.sprhib.TestService"/>
  <testcase name="thatOrdersCanBeAddedAndQueried" time="0.332" classname="com.sprhib.TestService"/>
  <testcase name="thatOrdersCanBeAddedAndQueried" time="0.045" classname="com.sprhib.TestService">
    <failure type="org.springframework.web.client.ResourceAccessException" message="I/O error on GET request for &quot;http://localhost:8080/spr-mvc-hib/convertation/-110/EUR/USD&quot;:No buffer space available (maximum connections reached?): connect; nested exception is java.net.SocketException: No buffer space available (maximum connections reached?): connect">
      <![CDATA[org.springframework.web.client.ResourceAccessException: I/O error on GET request for "http://localhost:8080/spr-mvc-hib/convertation/-110/EUR/USD":No buffer space available (maximum connections reached?): connect; nested exception is java.net.SocketException: No buffer space available (maximum connections reached?): connect
	at org.springframework.web.client.RestTemplate.doExecute(RestTemplate.java:543)
	at org.springframework.web.client.RestTemplate.execute(RestTemplate.java:489)
	at org.springframework.web.client.RestTemplate.getForEntity(RestTemplate.java:250)
	at com.sprhib.TestService.thatOrdersCanBeAddedAndQueried(TestService.java:26)
	at sun.reflect.GeneratedMethodAccessor3.invoke(Unknown Source)
	at sun.reflect.DelegatingMethodAccessorImpl.invoke(DelegatingMethodAccessorImpl.java:43)
	at java.lang.reflect.Method.invoke(Method.java:606)
	at org.testng.internal.MethodInvocationHelper.invokeMethod(MethodInvocationHelper.java:84)
	at org.testng.internal.Invoker.invokeMethod(Invoker.java:714)
	at org.testng.internal.Invoker.invokeTestMethod(Invoker.java:901)
	at org.testng.internal.Invoker.invokeTestMethods(Invoker.java:1231)
	at org.testng.internal.TestMethodWorker.invokeTestMethods(TestMethodWorker.java:127)
	at org.testng.internal.TestMethodWorker.run(TestMethodWorker.java:111)
	at org.testng.internal.thread.ThreadUtil$2.call(ThreadUtil.java:64)
	at java.util.concurrent.FutureTask.run(FutureTask.java:262)
	at java.util.concurrent.ThreadPoolExecutor.runWorker(ThreadPoolExecutor.java:1145)
	at java.util.concurrent.ThreadPoolExecutor$Worker.run(ThreadPoolExecutor.java:615)
	at java.lang.Thread.run(Thread.java:745)
Caused by: java.net.SocketException: No buffer space available (maximum connections reached?): connect
	at java.net.DualStackPlainSocketImpl.connect0(Native Method)
	at java.net.DualStackPlainSocketImpl.socketConnect(DualStackPlainSocketImpl.java:79)
	at java.net.AbstractPlainSocketImpl.doConnect(AbstractPlainSocketImpl.java:339)
	at java.net.AbstractPlainSocketImpl.connectToAddress(AbstractPlainSocketImpl.java:200)
	at java.net.AbstractPlainSocketImpl.connect(AbstractPlainSocketImpl.java:182)
	at java.net.PlainSocketImpl.connect(PlainSocketImpl.java:172)
	at java.net.SocksSocketImpl.connect(SocksSocketImpl.java:392)
	at java.net.Socket.connect(Socket.java:579)
	at java.net.Socket.connect(Socket.java:528)
	at sun.net.NetworkClient.doConnect(NetworkClient.java:180)
	at sun.net.www.http.HttpClient.openServer(HttpClient.java:432)
	at sun.net.www.http.HttpClient.openServer(HttpClient.java:527)
	at sun.net.www.http.HttpClient.<init>(HttpClient.java:211)
	at sun.net.www.http.HttpClient.New(HttpClient.java:308)
	at sun.net.www.http.HttpClient.New(HttpClient.java:326)
	at sun.net.www.protocol.http.HttpURLConnection.getNewHttpClient(HttpURLConnection.java:996)
	at sun.net.www.protocol.http.HttpURLConnection.plainConnect(HttpURLConnection.java:932)
	at sun.net.www.protocol.http.HttpURLConnection.connect(HttpURLConnection.java:850)
	at org.springframework.http.client.SimpleBufferingClientHttpRequest.executeInternal(SimpleBufferingClientHttpRequest.java:78)
	at org.springframework.http.client.AbstractBufferingClientHttpRequest.executeInternal(AbstractBufferingClientHttpRequest.java:46)
	at org.springframework.http.client.AbstractClientHttpRequest.execute(AbstractClientHttpRequest.java:52)
	at org.springframework.web.client.RestTemplate.doExecute(RestTemplate.java:527)
	... 17 more
]]>
    </failure>
  </testcase> <!-- thatOrdersCanBeAddedAndQueried -->
  <testcase name="thatOrdersCanBeAddedAndQueried" time="0.168" classname="com.sprhib.TestService"/>
  <testcase name="thatOrdersCanBeAddedAndQueried" time="0.125" classname="com.sprhib.TestService"/>
  <testcase name="thatOrdersCanBeAddedAndQueried" time="0.083" classname="com.sprhib.TestService">
    <failure type="org.springframework.web.client.HttpServerErrorException" message="500 Internal Server Error">
      <![CDATA[org.springframework.web.client.HttpServerErrorException: 500 Internal Server Error
	at org.springframework.web.client.DefaultResponseErrorHandler.handleError(DefaultResponseErrorHandler.java:94)
	at org.springframework.web.client.RestTemplate.handleResponseError(RestTemplate.java:576)
	at org.springframework.web.client.RestTemplate.doExecute(RestTemplate.java:532)
	at org.springframework.web.client.RestTemplate.execute(RestTemplate.java:489)
	at org.springframework.web.client.RestTemplate.getForEntity(RestTemplate.java:250)
	at com.sprhib.TestService.thatOrdersCanBeAddedAndQueried(TestService.java:39)
	at sun.reflect.GeneratedMethodAccessor3.invoke(Unknown Source)
	at sun.reflect.DelegatingMethodAccessorImpl.invoke(DelegatingMethodAccessorImpl.java:43)
	at java.lang.reflect.Method.invoke(Method.java:606)
	at org.testng.internal.MethodInvocationHelper.invokeMethod(MethodInvocationHelper.java:84)
	at org.testng.internal.Invoker.invokeMethod(Invoker.java:714)
	at org.testng.internal.Invoker.invokeTestMethod(Invoker.java:901)
	at org.testng.internal.Invoker.invokeTestMethods(Invoker.java:1231)
	at org.testng.internal.TestMethodWorker.invokeTestMethods(TestMethodWorker.java:127)
	at org.testng.internal.TestMethodWorker.run(TestMethodWorker.java:111)
	at org.testng.internal.thread.ThreadUtil$2.call(ThreadUtil.java:64)
	at java.util.concurrent.FutureTask.run(FutureTask.java:262)
	at java.util.concurrent.ThreadPoolExecutor.runWorker(ThreadPoolExecutor.java:1145)
	at java.util.concurrent.ThreadPoolExecutor$Worker.run(ThreadPoolExecutor.java:615)
	at java.lang.Thread.run(Thread.java:745)
]]>
    </failure>
  </testcase> <!-- thatOrdersCanBeAddedAndQueried -->
  <testcase name="thatOrdersCanBeAddedAndQueried" time="0.234" classname="com.sprhib.TestService"/>
  <testcase name="thatOrdersCanBeAddedAndQueried" time="0.015" classname="com.sprhib.TestService">
    <failure type="org.springframework.web.client.ResourceAccessException" message="I/O error on GET request for &quot;http://localhost:8080/spr-mvc-hib/convertation/-110/EUR/USD&quot;:No buffer space available (maximum connections reached?): connect; nested exception is java.net.SocketException: No buffer space available (maximum connections reached?): connect">
      <![CDATA[org.springframework.web.client.ResourceAccessException: I/O error on GET request for "http://localhost:8080/spr-mvc-hib/convertation/-110/EUR/USD":No buffer space available (maximum connections reached?): connect; nested exception is java.net.SocketException: No buffer space available (maximum connections reached?): connect
	at org.springframework.web.client.RestTemplate.doExecute(RestTemplate.java:543)
	at org.springframework.web.client.RestTemplate.execute(RestTemplate.java:489)
	at org.springframework.web.client.RestTemplate.getForEntity(RestTemplate.java:250)
	at com.sprhib.TestService.thatOrdersCanBeAddedAndQueried(TestService.java:26)
	at sun.reflect.GeneratedMethodAccessor3.invoke(Unknown Source)
	at sun.reflect.DelegatingMethodAccessorImpl.invoke(DelegatingMethodAccessorImpl.java:43)
	at java.lang.reflect.Method.invoke(Method.java:606)
	at org.testng.internal.MethodInvocationHelper.invokeMethod(MethodInvocationHelper.java:84)
	at org.testng.internal.Invoker.invokeMethod(Invoker.java:714)
	at org.testng.internal.Invoker.invokeTestMethod(Invoker.java:901)
	at org.testng.internal.Invoker.invokeTestMethods(Invoker.java:1231)
	at org.testng.internal.TestMethodWorker.invokeTestMethods(TestMethodWorker.java:127)
	at org.testng.internal.TestMethodWorker.run(TestMethodWorker.java:111)
	at org.testng.internal.thread.ThreadUtil$2.call(ThreadUtil.java:64)
	at java.util.concurrent.FutureTask.run(FutureTask.java:262)
	at java.util.concurrent.ThreadPoolExecutor.runWorker(ThreadPoolExecutor.java:1145)
	at java.util.concurrent.ThreadPoolExecutor$Worker.run(ThreadPoolExecutor.java:615)
	at java.lang.Thread.run(Thread.java:745)
Caused by: java.net.SocketException: No buffer space available (maximum connections reached?): connect
	at java.net.DualStackPlainSocketImpl.connect0(Native Method)
	at java.net.DualStackPlainSocketImpl.socketConnect(DualStackPlainSocketImpl.java:79)
	at java.net.AbstractPlainSocketImpl.doConnect(AbstractPlainSocketImpl.java:339)
	at java.net.AbstractPlainSocketImpl.connectToAddress(AbstractPlainSocketImpl.java:200)
	at java.net.AbstractPlainSocketImpl.connect(AbstractPlainSocketImpl.java:182)
	at java.net.PlainSocketImpl.connect(PlainSocketImpl.java:172)
	at java.net.SocksSocketImpl.connect(SocksSocketImpl.java:392)
	at java.net.Socket.connect(Socket.java:579)
	at java.net.Socket.connect(Socket.java:528)
	at sun.net.NetworkClient.doConnect(NetworkClient.java:180)
	at sun.net.www.http.HttpClient.openServer(HttpClient.java:432)
	at sun.net.www.http.HttpClient.openServer(HttpClient.java:527)
	at sun.net.www.http.HttpClient.<init>(HttpClient.java:211)
	at sun.net.www.http.HttpClient.New(HttpClient.java:308)
	at sun.net.www.http.HttpClient.New(HttpClient.java:326)
	at sun.net.www.protocol.http.HttpURLConnection.getNewHttpClient(HttpURLConnection.java:996)
	at sun.net.www.protocol.http.HttpURLConnection.plainConnect(HttpURLConnection.java:932)
	at sun.net.www.protocol.http.HttpURLConnection.connect(HttpURLConnection.java:850)
	at org.springframework.http.client.SimpleBufferingClientHttpRequest.executeInternal(SimpleBufferingClientHttpRequest.java:78)
	at org.springframework.http.client.AbstractBufferingClientHttpRequest.executeInternal(AbstractBufferingClientHttpRequest.java:46)
	at org.springframework.http.client.AbstractClientHttpRequest.execute(AbstractClientHttpRequest.java:52)
	at org.springframework.web.client.RestTemplate.doExecute(RestTemplate.java:527)
	... 17 more
]]>
    </failure>
  </testcase> <!-- thatOrdersCanBeAddedAndQueried -->
  <testcase name="thatOrdersCanBeAddedAndQueried" time="0.011" classname="com.sprhib.TestService">
    <failure type="org.springframework.web.client.ResourceAccessException" message="I/O error on GET request for &quot;http://localhost:8080/spr-mvc-hib/convertation/-110/EUR/USD&quot;:No buffer space available (maximum connections reached?): connect; nested exception is java.net.SocketException: No buffer space available (maximum connections reached?): connect">
      <![CDATA[org.springframework.web.client.ResourceAccessException: I/O error on GET request for "http://localhost:8080/spr-mvc-hib/convertation/-110/EUR/USD":No buffer space available (maximum connections reached?): connect; nested exception is java.net.SocketException: No buffer space available (maximum connections reached?): connect
	at org.springframework.web.client.RestTemplate.doExecute(RestTemplate.java:543)
	at org.springframework.web.client.RestTemplate.execute(RestTemplate.java:489)
	at org.springframework.web.client.RestTemplate.getForEntity(RestTemplate.java:250)
	at com.sprhib.TestService.thatOrdersCanBeAddedAndQueried(TestService.java:26)
	at sun.reflect.GeneratedMethodAccessor3.invoke(Unknown Source)
	at sun.reflect.DelegatingMethodAccessorImpl.invoke(DelegatingMethodAccessorImpl.java:43)
	at java.lang.reflect.Method.invoke(Method.java:606)
	at org.testng.internal.MethodInvocationHelper.invokeMethod(MethodInvocationHelper.java:84)
	at org.testng.internal.Invoker.invokeMethod(Invoker.java:714)
	at org.testng.internal.Invoker.invokeTestMethod(Invoker.java:901)
	at org.testng.internal.Invoker.invokeTestMethods(Invoker.java:1231)
	at org.testng.internal.TestMethodWorker.invokeTestMethods(TestMethodWorker.java:127)
	at org.testng.internal.TestMethodWorker.run(TestMethodWorker.java:111)
	at org.testng.internal.thread.ThreadUtil$2.call(ThreadUtil.java:64)
	at java.util.concurrent.FutureTask.run(FutureTask.java:262)
	at java.util.concurrent.ThreadPoolExecutor.runWorker(ThreadPoolExecutor.java:1145)
	at java.util.concurrent.ThreadPoolExecutor$Worker.run(ThreadPoolExecutor.java:615)
	at java.lang.Thread.run(Thread.java:745)
Caused by: java.net.SocketException: No buffer space available (maximum connections reached?): connect
	at java.net.DualStackPlainSocketImpl.connect0(Native Method)
	at java.net.DualStackPlainSocketImpl.socketConnect(DualStackPlainSocketImpl.java:79)
	at java.net.AbstractPlainSocketImpl.doConnect(AbstractPlainSocketImpl.java:339)
	at java.net.AbstractPlainSocketImpl.connectToAddress(AbstractPlainSocketImpl.java:200)
	at java.net.AbstractPlainSocketImpl.connect(AbstractPlainSocketImpl.java:182)
	at java.net.PlainSocketImpl.connect(PlainSocketImpl.java:172)
	at java.net.SocksSocketImpl.connect(SocksSocketImpl.java:392)
	at java.net.Socket.connect(Socket.java:579)
	at java.net.Socket.connect(Socket.java:528)
	at sun.net.NetworkClient.doConnect(NetworkClient.java:180)
	at sun.net.www.http.HttpClient.openServer(HttpClient.java:432)
	at sun.net.www.http.HttpClient.openServer(HttpClient.java:527)
	at sun.net.www.http.HttpClient.<init>(HttpClient.java:211)
	at sun.net.www.http.HttpClient.New(HttpClient.java:308)
	at sun.net.www.http.HttpClient.New(HttpClient.java:326)
	at sun.net.www.protocol.http.HttpURLConnection.getNewHttpClient(HttpURLConnection.java:996)
	at sun.net.www.protocol.http.HttpURLConnection.plainConnect(HttpURLConnection.java:932)
	at sun.net.www.protocol.http.HttpURLConnection.connect(HttpURLConnection.java:850)
	at org.springframework.http.client.SimpleBufferingClientHttpRequest.executeInternal(SimpleBufferingClientHttpRequest.java:78)
	at org.springframework.http.client.AbstractBufferingClientHttpRequest.executeInternal(AbstractBufferingClientHttpRequest.java:46)
	at org.springframework.http.client.AbstractClientHttpRequest.execute(AbstractClientHttpRequest.java:52)
	at org.springframework.web.client.RestTemplate.doExecute(RestTemplate.java:527)
	... 17 more
]]>
    </failure>
  </testcase> <!-- thatOrdersCanBeAddedAndQueried -->
  <testcase name="thatOrdersCanBeAddedAndQueried" time="0.197" classname="com.sprhib.TestService"/>
  <testcase name="thatOrdersCanBeAddedAndQueried" time="0.140" classname="com.sprhib.TestService"/>
  <testcase name="thatOrdersCanBeAddedAndQueried" time="0.173" classname="com.sprhib.TestService"/>
  <testcase name="thatOrdersCanBeAddedAndQueried" time="0.143" classname="com.sprhib.TestService"/>
  <testcase name="thatOrdersCanBeAddedAndQueried" time="0.139" classname="com.sprhib.TestService"/>
  <testcase name="thatOrdersCanBeAddedAndQueried" time="0.141" classname="com.sprhib.TestService"/>
  <testcase name="thatOrdersCanBeAddedAndQueried" time="0.142" classname="com.sprhib.TestService"/>
  <testcase name="thatOrdersCanBeAddedAndQueried" time="0.185" classname="com.sprhib.TestService"/>
  <testcase name="thatOrdersCanBeAddedAndQueried" time="0.178" classname="com.sprhib.TestService"/>
  <testcase name="thatOrdersCanBeAddedAndQueried" time="0.166" classname="com.sprhib.TestService"/>
  <testcase name="thatOrdersCanBeAddedAndQueried" time="0.214" classname="com.sprhib.TestService"/>
  <testcase name="thatOrdersCanBeAddedAndQueried" time="0.199" classname="com.sprhib.TestService"/>
  <testcase name="thatOrdersCanBeAddedAndQueried" time="0.143" classname="com.sprhib.TestService"/>
  <testcase name="thatOrdersCanBeAddedAndQueried" time="0.136" classname="com.sprhib.TestService"/>
  <testcase name="thatOrdersCanBeAddedAndQueried" time="0.188" classname="com.sprhib.TestService"/>
  <testcase name="thatOrdersCanBeAddedAndQueried" time="0.242" classname="com.sprhib.TestService"/>
  <testcase name="thatOrdersCanBeAddedAndQueried" time="0.126" classname="com.sprhib.TestService"/>
  <testcase name="thatOrdersCanBeAddedAndQueried" time="0.158" classname="com.sprhib.TestService"/>
  <testcase name="thatOrdersCanBeAddedAndQueried" time="0.049" classname="com.sprhib.TestService">
    <failure type="org.springframework.web.client.ResourceAccessException" message="I/O error on GET request for &quot;http://localhost:8080/spr-mvc-hib/convertation/-110/EUR/USD&quot;:No buffer space available (maximum connections reached?): connect; nested exception is java.net.SocketException: No buffer space available (maximum connections reached?): connect">
      <![CDATA[org.springframework.web.client.ResourceAccessException: I/O error on GET request for "http://localhost:8080/spr-mvc-hib/convertation/-110/EUR/USD":No buffer space available (maximum connections reached?): connect; nested exception is java.net.SocketException: No buffer space available (maximum connections reached?): connect
	at org.springframework.web.client.RestTemplate.doExecute(RestTemplate.java:543)
	at org.springframework.web.client.RestTemplate.execute(RestTemplate.java:489)
	at org.springframework.web.client.RestTemplate.getForEntity(RestTemplate.java:250)
	at com.sprhib.TestService.thatOrdersCanBeAddedAndQueried(TestService.java:26)
	at sun.reflect.GeneratedMethodAccessor3.invoke(Unknown Source)
	at sun.reflect.DelegatingMethodAccessorImpl.invoke(DelegatingMethodAccessorImpl.java:43)
	at java.lang.reflect.Method.invoke(Method.java:606)
	at org.testng.internal.MethodInvocationHelper.invokeMethod(MethodInvocationHelper.java:84)
	at org.testng.internal.Invoker.invokeMethod(Invoker.java:714)
	at org.testng.internal.Invoker.invokeTestMethod(Invoker.java:901)
	at org.testng.internal.Invoker.invokeTestMethods(Invoker.java:1231)
	at org.testng.internal.TestMethodWorker.invokeTestMethods(TestMethodWorker.java:127)
	at org.testng.internal.TestMethodWorker.run(TestMethodWorker.java:111)
	at org.testng.internal.thread.ThreadUtil$2.call(ThreadUtil.java:64)
	at java.util.concurrent.FutureTask.run(FutureTask.java:262)
	at java.util.concurrent.ThreadPoolExecutor.runWorker(ThreadPoolExecutor.java:1145)
	at java.util.concurrent.ThreadPoolExecutor$Worker.run(ThreadPoolExecutor.java:615)
	at java.lang.Thread.run(Thread.java:745)
Caused by: java.net.SocketException: No buffer space available (maximum connections reached?): connect
	at java.net.DualStackPlainSocketImpl.connect0(Native Method)
	at java.net.DualStackPlainSocketImpl.socketConnect(DualStackPlainSocketImpl.java:79)
	at java.net.AbstractPlainSocketImpl.doConnect(AbstractPlainSocketImpl.java:339)
	at java.net.AbstractPlainSocketImpl.connectToAddress(AbstractPlainSocketImpl.java:200)
	at java.net.AbstractPlainSocketImpl.connect(AbstractPlainSocketImpl.java:182)
	at java.net.PlainSocketImpl.connect(PlainSocketImpl.java:172)
	at java.net.SocksSocketImpl.connect(SocksSocketImpl.java:392)
	at java.net.Socket.connect(Socket.java:579)
	at java.net.Socket.connect(Socket.java:528)
	at sun.net.NetworkClient.doConnect(NetworkClient.java:180)
	at sun.net.www.http.HttpClient.openServer(HttpClient.java:432)
	at sun.net.www.http.HttpClient.openServer(HttpClient.java:527)
	at sun.net.www.http.HttpClient.<init>(HttpClient.java:211)
	at sun.net.www.http.HttpClient.New(HttpClient.java:308)
	at sun.net.www.http.HttpClient.New(HttpClient.java:326)
	at sun.net.www.protocol.http.HttpURLConnection.getNewHttpClient(HttpURLConnection.java:996)
	at sun.net.www.protocol.http.HttpURLConnection.plainConnect(HttpURLConnection.java:932)
	at sun.net.www.protocol.http.HttpURLConnection.connect(HttpURLConnection.java:850)
	at org.springframework.http.client.SimpleBufferingClientHttpRequest.executeInternal(SimpleBufferingClientHttpRequest.java:78)
	at org.springframework.http.client.AbstractBufferingClientHttpRequest.executeInternal(AbstractBufferingClientHttpRequest.java:46)
	at org.springframework.http.client.AbstractClientHttpRequest.execute(AbstractClientHttpRequest.java:52)
	at org.springframework.web.client.RestTemplate.doExecute(RestTemplate.java:527)
	... 17 more
]]>
    </failure>
  </testcase> <!-- thatOrdersCanBeAddedAndQueried -->
  <testcase name="thatOrdersCanBeAddedAndQueried" time="0.048" classname="com.sprhib.TestService">
    <failure type="org.springframework.web.client.ResourceAccessException" message="I/O error on GET request for &quot;http://localhost:8080/spr-mvc-hib/convertation/-110/EUR/USD&quot;:No buffer space available (maximum connections reached?): connect; nested exception is java.net.SocketException: No buffer space available (maximum connections reached?): connect">
      <![CDATA[org.springframework.web.client.ResourceAccessException: I/O error on GET request for "http://localhost:8080/spr-mvc-hib/convertation/-110/EUR/USD":No buffer space available (maximum connections reached?): connect; nested exception is java.net.SocketException: No buffer space available (maximum connections reached?): connect
	at org.springframework.web.client.RestTemplate.doExecute(RestTemplate.java:543)
	at org.springframework.web.client.RestTemplate.execute(RestTemplate.java:489)
	at org.springframework.web.client.RestTemplate.getForEntity(RestTemplate.java:250)
	at com.sprhib.TestService.thatOrdersCanBeAddedAndQueried(TestService.java:26)
	at sun.reflect.GeneratedMethodAccessor3.invoke(Unknown Source)
	at sun.reflect.DelegatingMethodAccessorImpl.invoke(DelegatingMethodAccessorImpl.java:43)
	at java.lang.reflect.Method.invoke(Method.java:606)
	at org.testng.internal.MethodInvocationHelper.invokeMethod(MethodInvocationHelper.java:84)
	at org.testng.internal.Invoker.invokeMethod(Invoker.java:714)
	at org.testng.internal.Invoker.invokeTestMethod(Invoker.java:901)
	at org.testng.internal.Invoker.invokeTestMethods(Invoker.java:1231)
	at org.testng.internal.TestMethodWorker.invokeTestMethods(TestMethodWorker.java:127)
	at org.testng.internal.TestMethodWorker.run(TestMethodWorker.java:111)
	at org.testng.internal.thread.ThreadUtil$2.call(ThreadUtil.java:64)
	at java.util.concurrent.FutureTask.run(FutureTask.java:262)
	at java.util.concurrent.ThreadPoolExecutor.runWorker(ThreadPoolExecutor.java:1145)
	at java.util.concurrent.ThreadPoolExecutor$Worker.run(ThreadPoolExecutor.java:615)
	at java.lang.Thread.run(Thread.java:745)
Caused by: java.net.SocketException: No buffer space available (maximum connections reached?): connect
	at java.net.DualStackPlainSocketImpl.connect0(Native Method)
	at java.net.DualStackPlainSocketImpl.socketConnect(DualStackPlainSocketImpl.java:79)
	at java.net.AbstractPlainSocketImpl.doConnect(AbstractPlainSocketImpl.java:339)
	at java.net.AbstractPlainSocketImpl.connectToAddress(AbstractPlainSocketImpl.java:200)
	at java.net.AbstractPlainSocketImpl.connect(AbstractPlainSocketImpl.java:182)
	at java.net.PlainSocketImpl.connect(PlainSocketImpl.java:172)
	at java.net.SocksSocketImpl.connect(SocksSocketImpl.java:392)
	at java.net.Socket.connect(Socket.java:579)
	at java.net.Socket.connect(Socket.java:528)
	at sun.net.NetworkClient.doConnect(NetworkClient.java:180)
	at sun.net.www.http.HttpClient.openServer(HttpClient.java:432)
	at sun.net.www.http.HttpClient.openServer(HttpClient.java:527)
	at sun.net.www.http.HttpClient.<init>(HttpClient.java:211)
	at sun.net.www.http.HttpClient.New(HttpClient.java:308)
	at sun.net.www.http.HttpClient.New(HttpClient.java:326)
	at sun.net.www.protocol.http.HttpURLConnection.getNewHttpClient(HttpURLConnection.java:996)
	at sun.net.www.protocol.http.HttpURLConnection.plainConnect(HttpURLConnection.java:932)
	at sun.net.www.protocol.http.HttpURLConnection.connect(HttpURLConnection.java:850)
	at org.springframework.http.client.SimpleBufferingClientHttpRequest.executeInternal(SimpleBufferingClientHttpRequest.java:78)
	at org.springframework.http.client.AbstractBufferingClientHttpRequest.executeInternal(AbstractBufferingClientHttpRequest.java:46)
	at org.springframework.http.client.AbstractClientHttpRequest.execute(AbstractClientHttpRequest.java:52)
	at org.springframework.web.client.RestTemplate.doExecute(RestTemplate.java:527)
	... 17 more
]]>
    </failure>
  </testcase> <!-- thatOrdersCanBeAddedAndQueried -->
  <testcase name="thatOrdersCanBeAddedAndQueried" time="0.163" classname="com.sprhib.TestService"/>
  <testcase name="thatOrdersCanBeAddedAndQueried" time="0.156" classname="com.sprhib.TestService"/>
  <testcase name="thatOrdersCanBeAddedAndQueried" time="0.234" classname="com.sprhib.TestService"/>
  <testcase name="thatOrdersCanBeAddedAndQueried" time="0.166" classname="com.sprhib.TestService"/>
  <testcase name="thatOrdersCanBeAddedAndQueried" time="0.162" classname="com.sprhib.TestService"/>
  <testcase name="thatOrdersCanBeAddedAndQueried" time="0.187" classname="com.sprhib.TestService"/>
  <testcase name="thatOrdersCanBeAddedAndQueried" time="0.140" classname="com.sprhib.TestService"/>
  <testcase name="thatOrdersCanBeAddedAndQueried" time="0.188" classname="com.sprhib.TestService"/>
  <testcase name="thatOrdersCanBeAddedAndQueried" time="0.249" classname="com.sprhib.TestService"/>
  <testcase name="thatOrdersCanBeAddedAndQueried" time="0.224" classname="com.sprhib.TestService"/>
  <testcase name="thatOrdersCanBeAddedAndQueried" time="0.241" classname="com.sprhib.TestService"/>
  <testcase name="thatOrdersCanBeAddedAndQueried" time="0.159" classname="com.sprhib.TestService"/>
  <testcase name="thatOrdersCanBeAddedAndQueried" time="0.257" classname="com.sprhib.TestService"/>
  <testcase name="thatOrdersCanBeAddedAndQueried" time="0.116" classname="com.sprhib.TestService"/>
  <testcase name="thatOrdersCanBeAddedAndQueried" time="0.227" classname="com.sprhib.TestService"/>
  <testcase name="thatOrdersCanBeAddedAndQueried" time="0.212" classname="com.sprhib.TestService"/>
  <testcase name="thatOrdersCanBeAddedAndQueried" time="0.156" classname="com.sprhib.TestService"/>
  <testcase name="thatOrdersCanBeAddedAndQueried" time="0.120" classname="com.sprhib.TestService"/>
  <testcase name="thatOrdersCanBeAddedAndQueried" time="0.216" classname="com.sprhib.TestService"/>
  <testcase name="thatOrdersCanBeAddedAndQueried" time="0.183" classname="com.sprhib.TestService"/>
  <testcase name="thatOrdersCanBeAddedAndQueried" time="0.392" classname="com.sprhib.TestService"/>
  <testcase name="thatOrdersCanBeAddedAndQueried" time="0.135" classname="com.sprhib.TestService"/>
  <testcase name="thatOrdersCanBeAddedAndQueried" time="0.128" classname="com.sprhib.TestService"/>
  <testcase name="thatOrdersCanBeAddedAndQueried" time="0.231" classname="com.sprhib.TestService"/>
  <testcase name="thatOrdersCanBeAddedAndQueried" time="0.170" classname="com.sprhib.TestService"/>
  <testcase name="thatOrdersCanBeAddedAndQueried" time="0.237" classname="com.sprhib.TestService"/>
  <testcase name="thatOrdersCanBeAddedAndQueried" time="0.273" classname="com.sprhib.TestService"/>
  <testcase name="thatOrdersCanBeAddedAndQueried" time="0.290" classname="com.sprhib.TestService"/>
  <testcase name="thatOrdersCanBeAddedAndQueried" time="0.256" classname="com.sprhib.TestService"/>
  <testcase name="thatOrdersCanBeAddedAndQueried" time="0.141" classname="com.sprhib.TestService">
    <failure type="org.springframework.web.client.HttpServerErrorException" message="500 Internal Server Error">
      <![CDATA[org.springframework.web.client.HttpServerErrorException: 500 Internal Server Error
	at org.springframework.web.client.DefaultResponseErrorHandler.handleError(DefaultResponseErrorHandler.java:94)
	at org.springframework.web.client.RestTemplate.handleResponseError(RestTemplate.java:576)
	at org.springframework.web.client.RestTemplate.doExecute(RestTemplate.java:532)
	at org.springframework.web.client.RestTemplate.execute(RestTemplate.java:489)
	at org.springframework.web.client.RestTemplate.getForEntity(RestTemplate.java:250)
	at com.sprhib.TestService.thatOrdersCanBeAddedAndQueried(TestService.java:39)
	at sun.reflect.GeneratedMethodAccessor3.invoke(Unknown Source)
	at sun.reflect.DelegatingMethodAccessorImpl.invoke(DelegatingMethodAccessorImpl.java:43)
	at java.lang.reflect.Method.invoke(Method.java:606)
	at org.testng.internal.MethodInvocationHelper.invokeMethod(MethodInvocationHelper.java:84)
	at org.testng.internal.Invoker.invokeMethod(Invoker.java:714)
	at org.testng.internal.Invoker.invokeTestMethod(Invoker.java:901)
	at org.testng.internal.Invoker.invokeTestMethods(Invoker.java:1231)
	at org.testng.internal.TestMethodWorker.invokeTestMethods(TestMethodWorker.java:127)
	at org.testng.internal.TestMethodWorker.run(TestMethodWorker.java:111)
	at org.testng.internal.thread.ThreadUtil$2.call(ThreadUtil.java:64)
	at java.util.concurrent.FutureTask.run(FutureTask.java:262)
	at java.util.concurrent.ThreadPoolExecutor.runWorker(ThreadPoolExecutor.java:1145)
	at java.util.concurrent.ThreadPoolExecutor$Worker.run(ThreadPoolExecutor.java:615)
	at java.lang.Thread.run(Thread.java:745)
]]>
    </failure>
  </testcase> <!-- thatOrdersCanBeAddedAndQueried -->
  <testcase name="thatOrdersCanBeAddedAndQueried" time="0.197" classname="com.sprhib.TestService"/>
  <testcase name="thatOrdersCanBeAddedAndQueried" time="0.257" classname="com.sprhib.TestService"/>
  <testcase name="thatOrdersCanBeAddedAndQueried" time="0.580" classname="com.sprhib.TestService"/>
  <testcase name="thatOrdersCanBeAddedAndQueried" time="0.298" classname="com.sprhib.TestService"/>
  <testcase name="thatOrdersCanBeAddedAndQueried" time="0.263" classname="com.sprhib.TestService"/>
  <testcase name="thatOrdersCanBeAddedAndQueried" time="0.145" classname="com.sprhib.TestService"/>
  <testcase name="thatOrdersCanBeAddedAndQueried" time="0.373" classname="com.sprhib.TestService"/>
  <testcase name="thatOrdersCanBeAddedAndQueried" time="0.155" classname="com.sprhib.TestService"/>
  <testcase name="thatOrdersCanBeAddedAndQueried" time="0.141" classname="com.sprhib.TestService"/>
  <testcase name="thatOrdersCanBeAddedAndQueried" time="0.154" classname="com.sprhib.TestService"/>
  <testcase name="thatOrdersCanBeAddedAndQueried" time="0.209" classname="com.sprhib.TestService"/>
  <testcase name="thatOrdersCanBeAddedAndQueried" time="0.077" classname="com.sprhib.TestService">
    <failure type="org.springframework.web.client.HttpServerErrorException" message="500 Internal Server Error">
      <![CDATA[org.springframework.web.client.HttpServerErrorException: 500 Internal Server Error
	at org.springframework.web.client.DefaultResponseErrorHandler.handleError(DefaultResponseErrorHandler.java:94)
	at org.springframework.web.client.RestTemplate.handleResponseError(RestTemplate.java:576)
	at org.springframework.web.client.RestTemplate.doExecute(RestTemplate.java:532)
	at org.springframework.web.client.RestTemplate.execute(RestTemplate.java:489)
	at org.springframework.web.client.RestTemplate.getForEntity(RestTemplate.java:250)
	at com.sprhib.TestService.thatOrdersCanBeAddedAndQueried(TestService.java:39)
	at sun.reflect.GeneratedMethodAccessor3.invoke(Unknown Source)
	at sun.reflect.DelegatingMethodAccessorImpl.invoke(DelegatingMethodAccessorImpl.java:43)
	at java.lang.reflect.Method.invoke(Method.java:606)
	at org.testng.internal.MethodInvocationHelper.invokeMethod(MethodInvocationHelper.java:84)
	at org.testng.internal.Invoker.invokeMethod(Invoker.java:714)
	at org.testng.internal.Invoker.invokeTestMethod(Invoker.java:901)
	at org.testng.internal.Invoker.invokeTestMethods(Invoker.java:1231)
	at org.testng.internal.TestMethodWorker.invokeTestMethods(TestMethodWorker.java:127)
	at org.testng.internal.TestMethodWorker.run(TestMethodWorker.java:111)
	at org.testng.internal.thread.ThreadUtil$2.call(ThreadUtil.java:64)
	at java.util.concurrent.FutureTask.run(FutureTask.java:262)
	at java.util.concurrent.ThreadPoolExecutor.runWorker(ThreadPoolExecutor.java:1145)
	at java.util.concurrent.ThreadPoolExecutor$Worker.run(ThreadPoolExecutor.java:615)
	at java.lang.Thread.run(Thread.java:745)
]]>
    </failure>
  </testcase> <!-- thatOrdersCanBeAddedAndQueried -->
  <testcase name="thatOrdersCanBeAddedAndQueried" time="0.248" classname="com.sprhib.TestService"/>
  <testcase name="thatOrdersCanBeAddedAndQueried" time="0.131" classname="com.sprhib.TestService"/>
  <testcase name="thatOrdersCanBeAddedAndQueried" time="0.398" classname="com.sprhib.TestService"/>
  <testcase name="thatOrdersCanBeAddedAndQueried" time="0.150" classname="com.sprhib.TestService"/>
  <testcase name="thatOrdersCanBeAddedAndQueried" time="0.189" classname="com.sprhib.TestService"/>
  <testcase name="thatOrdersCanBeAddedAndQueried" time="0.186" classname="com.sprhib.TestService"/>
  <testcase name="thatOrdersCanBeAddedAndQueried" time="0.161" classname="com.sprhib.TestService"/>
  <testcase name="thatOrdersCanBeAddedAndQueried" time="0.280" classname="com.sprhib.TestService"/>
  <testcase name="thatOrdersCanBeAddedAndQueried" time="0.112" classname="com.sprhib.TestService"/>
  <testcase name="thatOrdersCanBeAddedAndQueried" time="0.211" classname="com.sprhib.TestService"/>
  <testcase name="thatOrdersCanBeAddedAndQueried" time="0.242" classname="com.sprhib.TestService"/>
  <testcase name="thatOrdersCanBeAddedAndQueried" time="0.262" classname="com.sprhib.TestService"/>
  <testcase name="thatOrdersCanBeAddedAndQueried" time="0.197" classname="com.sprhib.TestService"/>
  <testcase name="thatOrdersCanBeAddedAndQueried" time="0.020" classname="com.sprhib.TestService">
    <failure type="org.springframework.web.client.ResourceAccessException" message="I/O error on GET request for &quot;http://localhost:8080/spr-mvc-hib/convertation/-110/EUR/USD&quot;:No buffer space available (maximum connections reached?): connect; nested exception is java.net.SocketException: No buffer space available (maximum connections reached?): connect">
      <![CDATA[org.springframework.web.client.ResourceAccessException: I/O error on GET request for "http://localhost:8080/spr-mvc-hib/convertation/-110/EUR/USD":No buffer space available (maximum connections reached?): connect; nested exception is java.net.SocketException: No buffer space available (maximum connections reached?): connect
	at org.springframework.web.client.RestTemplate.doExecute(RestTemplate.java:543)
	at org.springframework.web.client.RestTemplate.execute(RestTemplate.java:489)
	at org.springframework.web.client.RestTemplate.getForEntity(RestTemplate.java:250)
	at com.sprhib.TestService.thatOrdersCanBeAddedAndQueried(TestService.java:26)
	at sun.reflect.GeneratedMethodAccessor3.invoke(Unknown Source)
	at sun.reflect.DelegatingMethodAccessorImpl.invoke(DelegatingMethodAccessorImpl.java:43)
	at java.lang.reflect.Method.invoke(Method.java:606)
	at org.testng.internal.MethodInvocationHelper.invokeMethod(MethodInvocationHelper.java:84)
	at org.testng.internal.Invoker.invokeMethod(Invoker.java:714)
	at org.testng.internal.Invoker.invokeTestMethod(Invoker.java:901)
	at org.testng.internal.Invoker.invokeTestMethods(Invoker.java:1231)
	at org.testng.internal.TestMethodWorker.invokeTestMethods(TestMethodWorker.java:127)
	at org.testng.internal.TestMethodWorker.run(TestMethodWorker.java:111)
	at org.testng.internal.thread.ThreadUtil$2.call(ThreadUtil.java:64)
	at java.util.concurrent.FutureTask.run(FutureTask.java:262)
	at java.util.concurrent.ThreadPoolExecutor.runWorker(ThreadPoolExecutor.java:1145)
	at java.util.concurrent.ThreadPoolExecutor$Worker.run(ThreadPoolExecutor.java:615)
	at java.lang.Thread.run(Thread.java:745)
Caused by: java.net.SocketException: No buffer space available (maximum connections reached?): connect
	at java.net.DualStackPlainSocketImpl.connect0(Native Method)
	at java.net.DualStackPlainSocketImpl.socketConnect(DualStackPlainSocketImpl.java:79)
	at java.net.AbstractPlainSocketImpl.doConnect(AbstractPlainSocketImpl.java:339)
	at java.net.AbstractPlainSocketImpl.connectToAddress(AbstractPlainSocketImpl.java:200)
	at java.net.AbstractPlainSocketImpl.connect(AbstractPlainSocketImpl.java:182)
	at java.net.PlainSocketImpl.connect(PlainSocketImpl.java:172)
	at java.net.SocksSocketImpl.connect(SocksSocketImpl.java:392)
	at java.net.Socket.connect(Socket.java:579)
	at java.net.Socket.connect(Socket.java:528)
	at sun.net.NetworkClient.doConnect(NetworkClient.java:180)
	at sun.net.www.http.HttpClient.openServer(HttpClient.java:432)
	at sun.net.www.http.HttpClient.openServer(HttpClient.java:527)
	at sun.net.www.http.HttpClient.<init>(HttpClient.java:211)
	at sun.net.www.http.HttpClient.New(HttpClient.java:308)
	at sun.net.www.http.HttpClient.New(HttpClient.java:326)
	at sun.net.www.protocol.http.HttpURLConnection.getNewHttpClient(HttpURLConnection.java:996)
	at sun.net.www.protocol.http.HttpURLConnection.plainConnect(HttpURLConnection.java:932)
	at sun.net.www.protocol.http.HttpURLConnection.connect(HttpURLConnection.java:850)
	at org.springframework.http.client.SimpleBufferingClientHttpRequest.executeInternal(SimpleBufferingClientHttpRequest.java:78)
	at org.springframework.http.client.AbstractBufferingClientHttpRequest.executeInternal(AbstractBufferingClientHttpRequest.java:46)
	at org.springframework.http.client.AbstractClientHttpRequest.execute(AbstractClientHttpRequest.java:52)
	at org.springframework.web.client.RestTemplate.doExecute(RestTemplate.java:527)
	... 17 more
]]>
    </failure>
  </testcase> <!-- thatOrdersCanBeAddedAndQueried -->
  <testcase name="thatOrdersCanBeAddedAndQueried" time="0.120" classname="com.sprhib.TestService"/>
  <testcase name="thatOrdersCanBeAddedAndQueried" time="0.133" classname="com.sprhib.TestService"/>
  <testcase name="thatOrdersCanBeAddedAndQueried" time="0.261" classname="com.sprhib.TestService"/>
  <testcase name="thatOrdersCanBeAddedAndQueried" time="0.113" classname="com.sprhib.TestService"/>
  <testcase name="thatOrdersCanBeAddedAndQueried" time="0.174" classname="com.sprhib.TestService"/>
  <testcase name="thatOrdersCanBeAddedAndQueried" time="0.189" classname="com.sprhib.TestService"/>
  <testcase name="thatOrdersCanBeAddedAndQueried" time="0.236" classname="com.sprhib.TestService"/>
  <testcase name="thatOrdersCanBeAddedAndQueried" time="0.230" classname="com.sprhib.TestService"/>
  <testcase name="thatOrdersCanBeAddedAndQueried" time="0.228" classname="com.sprhib.TestService"/>
  <testcase name="thatOrdersCanBeAddedAndQueried" time="0.222" classname="com.sprhib.TestService"/>
  <testcase name="thatOrdersCanBeAddedAndQueried" time="0.150" classname="com.sprhib.TestService"/>
  <testcase name="thatOrdersCanBeAddedAndQueried" time="0.126" classname="com.sprhib.TestService"/>
  <testcase name="thatOrdersCanBeAddedAndQueried" time="0.027" classname="com.sprhib.TestService">
    <failure type="org.springframework.web.client.ResourceAccessException" message="I/O error on GET request for &quot;http://localhost:8080/spr-mvc-hib/convertation/-110/EUR/USD&quot;:No buffer space available (maximum connections reached?): connect; nested exception is java.net.SocketException: No buffer space available (maximum connections reached?): connect">
      <![CDATA[org.springframework.web.client.ResourceAccessException: I/O error on GET request for "http://localhost:8080/spr-mvc-hib/convertation/-110/EUR/USD":No buffer space available (maximum connections reached?): connect; nested exception is java.net.SocketException: No buffer space available (maximum connections reached?): connect
	at org.springframework.web.client.RestTemplate.doExecute(RestTemplate.java:543)
	at org.springframework.web.client.RestTemplate.execute(RestTemplate.java:489)
	at org.springframework.web.client.RestTemplate.getForEntity(RestTemplate.java:250)
	at com.sprhib.TestService.thatOrdersCanBeAddedAndQueried(TestService.java:26)
	at sun.reflect.GeneratedMethodAccessor3.invoke(Unknown Source)
	at sun.reflect.DelegatingMethodAccessorImpl.invoke(DelegatingMethodAccessorImpl.java:43)
	at java.lang.reflect.Method.invoke(Method.java:606)
	at org.testng.internal.MethodInvocationHelper.invokeMethod(MethodInvocationHelper.java:84)
	at org.testng.internal.Invoker.invokeMethod(Invoker.java:714)
	at org.testng.internal.Invoker.invokeTestMethod(Invoker.java:901)
	at org.testng.internal.Invoker.invokeTestMethods(Invoker.java:1231)
	at org.testng.internal.TestMethodWorker.invokeTestMethods(TestMethodWorker.java:127)
	at org.testng.internal.TestMethodWorker.run(TestMethodWorker.java:111)
	at org.testng.internal.thread.ThreadUtil$2.call(ThreadUtil.java:64)
	at java.util.concurrent.FutureTask.run(FutureTask.java:262)
	at java.util.concurrent.ThreadPoolExecutor.runWorker(ThreadPoolExecutor.java:1145)
	at java.util.concurrent.ThreadPoolExecutor$Worker.run(ThreadPoolExecutor.java:615)
	at java.lang.Thread.run(Thread.java:745)
Caused by: java.net.SocketException: No buffer space available (maximum connections reached?): connect
	at java.net.DualStackPlainSocketImpl.connect0(Native Method)
	at java.net.DualStackPlainSocketImpl.socketConnect(DualStackPlainSocketImpl.java:79)
	at java.net.AbstractPlainSocketImpl.doConnect(AbstractPlainSocketImpl.java:339)
	at java.net.AbstractPlainSocketImpl.connectToAddress(AbstractPlainSocketImpl.java:200)
	at java.net.AbstractPlainSocketImpl.connect(AbstractPlainSocketImpl.java:182)
	at java.net.PlainSocketImpl.connect(PlainSocketImpl.java:172)
	at java.net.SocksSocketImpl.connect(SocksSocketImpl.java:392)
	at java.net.Socket.connect(Socket.java:579)
	at java.net.Socket.connect(Socket.java:528)
	at sun.net.NetworkClient.doConnect(NetworkClient.java:180)
	at sun.net.www.http.HttpClient.openServer(HttpClient.java:432)
	at sun.net.www.http.HttpClient.openServer(HttpClient.java:527)
	at sun.net.www.http.HttpClient.<init>(HttpClient.java:211)
	at sun.net.www.http.HttpClient.New(HttpClient.java:308)
	at sun.net.www.http.HttpClient.New(HttpClient.java:326)
	at sun.net.www.protocol.http.HttpURLConnection.getNewHttpClient(HttpURLConnection.java:996)
	at sun.net.www.protocol.http.HttpURLConnection.plainConnect(HttpURLConnection.java:932)
	at sun.net.www.protocol.http.HttpURLConnection.connect(HttpURLConnection.java:850)
	at org.springframework.http.client.SimpleBufferingClientHttpRequest.executeInternal(SimpleBufferingClientHttpRequest.java:78)
	at org.springframework.http.client.AbstractBufferingClientHttpRequest.executeInternal(AbstractBufferingClientHttpRequest.java:46)
	at org.springframework.http.client.AbstractClientHttpRequest.execute(AbstractClientHttpRequest.java:52)
	at org.springframework.web.client.RestTemplate.doExecute(RestTemplate.java:527)
	... 17 more
]]>
    </failure>
  </testcase> <!-- thatOrdersCanBeAddedAndQueried -->
  <testcase name="thatOrdersCanBeAddedAndQueried" time="0.187" classname="com.sprhib.TestService"/>
  <testcase name="thatOrdersCanBeAddedAndQueried" time="0.240" classname="com.sprhib.TestService"/>
  <testcase name="thatOrdersCanBeAddedAndQueried" time="0.116" classname="com.sprhib.TestService"/>
  <testcase name="thatOrdersCanBeAddedAndQueried" time="0.196" classname="com.sprhib.TestService"/>
  <testcase name="thatOrdersCanBeAddedAndQueried" time="0.165" classname="com.sprhib.TestService"/>
  <testcase name="thatOrdersCanBeAddedAndQueried" time="0.160" classname="com.sprhib.TestService"/>
  <testcase name="thatOrdersCanBeAddedAndQueried" time="0.230" classname="com.sprhib.TestService"/>
  <testcase name="thatOrdersCanBeAddedAndQueried" time="0.249" classname="com.sprhib.TestService"/>
  <testcase name="thatOrdersCanBeAddedAndQueried" time="0.173" classname="com.sprhib.TestService"/>
  <testcase name="thatOrdersCanBeAddedAndQueried" time="0.148" classname="com.sprhib.TestService"/>
  <testcase name="thatOrdersCanBeAddedAndQueried" time="0.212" classname="com.sprhib.TestService"/>
  <testcase name="thatOrdersCanBeAddedAndQueried" time="0.297" classname="com.sprhib.TestService"/>
  <testcase name="thatOrdersCanBeAddedAndQueried" time="0.234" classname="com.sprhib.TestService"/>
  <testcase name="thatOrdersCanBeAddedAndQueried" time="0.024" classname="com.sprhib.TestService">
    <failure type="org.springframework.web.client.ResourceAccessException" message="I/O error on GET request for &quot;http://localhost:8080/spr-mvc-hib/convertation/-110/EUR/USD&quot;:No buffer space available (maximum connections reached?): connect; nested exception is java.net.SocketException: No buffer space available (maximum connections reached?): connect">
      <![CDATA[org.springframework.web.client.ResourceAccessException: I/O error on GET request for "http://localhost:8080/spr-mvc-hib/convertation/-110/EUR/USD":No buffer space available (maximum connections reached?): connect; nested exception is java.net.SocketException: No buffer space available (maximum connections reached?): connect
	at org.springframework.web.client.RestTemplate.doExecute(RestTemplate.java:543)
	at org.springframework.web.client.RestTemplate.execute(RestTemplate.java:489)
	at org.springframework.web.client.RestTemplate.getForEntity(RestTemplate.java:250)
	at com.sprhib.TestService.thatOrdersCanBeAddedAndQueried(TestService.java:26)
	at sun.reflect.GeneratedMethodAccessor3.invoke(Unknown Source)
	at sun.reflect.DelegatingMethodAccessorImpl.invoke(DelegatingMethodAccessorImpl.java:43)
	at java.lang.reflect.Method.invoke(Method.java:606)
	at org.testng.internal.MethodInvocationHelper.invokeMethod(MethodInvocationHelper.java:84)
	at org.testng.internal.Invoker.invokeMethod(Invoker.java:714)
	at org.testng.internal.Invoker.invokeTestMethod(Invoker.java:901)
	at org.testng.internal.Invoker.invokeTestMethods(Invoker.java:1231)
	at org.testng.internal.TestMethodWorker.invokeTestMethods(TestMethodWorker.java:127)
	at org.testng.internal.TestMethodWorker.run(TestMethodWorker.java:111)
	at org.testng.internal.thread.ThreadUtil$2.call(ThreadUtil.java:64)
	at java.util.concurrent.FutureTask.run(FutureTask.java:262)
	at java.util.concurrent.ThreadPoolExecutor.runWorker(ThreadPoolExecutor.java:1145)
	at java.util.concurrent.ThreadPoolExecutor$Worker.run(ThreadPoolExecutor.java:615)
	at java.lang.Thread.run(Thread.java:745)
Caused by: java.net.SocketException: No buffer space available (maximum connections reached?): connect
	at java.net.DualStackPlainSocketImpl.connect0(Native Method)
	at java.net.DualStackPlainSocketImpl.socketConnect(DualStackPlainSocketImpl.java:79)
	at java.net.AbstractPlainSocketImpl.doConnect(AbstractPlainSocketImpl.java:339)
	at java.net.AbstractPlainSocketImpl.connectToAddress(AbstractPlainSocketImpl.java:200)
	at java.net.AbstractPlainSocketImpl.connect(AbstractPlainSocketImpl.java:182)
	at java.net.PlainSocketImpl.connect(PlainSocketImpl.java:172)
	at java.net.SocksSocketImpl.connect(SocksSocketImpl.java:392)
	at java.net.Socket.connect(Socket.java:579)
	at java.net.Socket.connect(Socket.java:528)
	at sun.net.NetworkClient.doConnect(NetworkClient.java:180)
	at sun.net.www.http.HttpClient.openServer(HttpClient.java:432)
	at sun.net.www.http.HttpClient.openServer(HttpClient.java:527)
	at sun.net.www.http.HttpClient.<init>(HttpClient.java:211)
	at sun.net.www.http.HttpClient.New(HttpClient.java:308)
	at sun.net.www.http.HttpClient.New(HttpClient.java:326)
	at sun.net.www.protocol.http.HttpURLConnection.getNewHttpClient(HttpURLConnection.java:996)
	at sun.net.www.protocol.http.HttpURLConnection.plainConnect(HttpURLConnection.java:932)
	at sun.net.www.protocol.http.HttpURLConnection.connect(HttpURLConnection.java:850)
	at org.springframework.http.client.SimpleBufferingClientHttpRequest.executeInternal(SimpleBufferingClientHttpRequest.java:78)
	at org.springframework.http.client.AbstractBufferingClientHttpRequest.executeInternal(AbstractBufferingClientHttpRequest.java:46)
	at org.springframework.http.client.AbstractClientHttpRequest.execute(AbstractClientHttpRequest.java:52)
	at org.springframework.web.client.RestTemplate.doExecute(RestTemplate.java:527)
	... 17 more
]]>
    </failure>
  </testcase> <!-- thatOrdersCanBeAddedAndQueried -->
  <testcase name="thatOrdersCanBeAddedAndQueried" time="0.246" classname="com.sprhib.TestService"/>
  <testcase name="thatOrdersCanBeAddedAndQueried" time="0.188" classname="com.sprhib.TestService"/>
  <testcase name="thatOrdersCanBeAddedAndQueried" time="0.132" classname="com.sprhib.TestService"/>
  <testcase name="thatOrdersCanBeAddedAndQueried" time="0.229" classname="com.sprhib.TestService"/>
  <testcase name="thatOrdersCanBeAddedAndQueried" time="0.219" classname="com.sprhib.TestService"/>
  <testcase name="thatOrdersCanBeAddedAndQueried" time="0.166" classname="com.sprhib.TestService"/>
  <testcase name="thatOrdersCanBeAddedAndQueried" time="0.210" classname="com.sprhib.TestService"/>
  <testcase name="thatOrdersCanBeAddedAndQueried" time="0.267" classname="com.sprhib.TestService"/>
  <testcase name="thatOrdersCanBeAddedAndQueried" time="0.089" classname="com.sprhib.TestService"/>
  <testcase name="thatOrdersCanBeAddedAndQueried" time="0.188" classname="com.sprhib.TestService"/>
  <testcase name="thatOrdersCanBeAddedAndQueried" time="0.163" classname="com.sprhib.TestService"/>
  <testcase name="thatOrdersCanBeAddedAndQueried" time="0.287" classname="com.sprhib.TestService"/>
  <testcase name="thatOrdersCanBeAddedAndQueried" time="0.179" classname="com.sprhib.TestService"/>
  <testcase name="thatOrdersCanBeAddedAndQueried" time="0.119" classname="com.sprhib.TestService"/>
  <testcase name="thatOrdersCanBeAddedAndQueried" time="0.282" classname="com.sprhib.TestService"/>
  <testcase name="thatOrdersCanBeAddedAndQueried" time="0.021" classname="com.sprhib.TestService">
    <failure type="org.springframework.web.client.ResourceAccessException" message="I/O error on GET request for &quot;http://localhost:8080/spr-mvc-hib/convertation/-110/EUR/USD&quot;:No buffer space available (maximum connections reached?): connect; nested exception is java.net.SocketException: No buffer space available (maximum connections reached?): connect">
      <![CDATA[org.springframework.web.client.ResourceAccessException: I/O error on GET request for "http://localhost:8080/spr-mvc-hib/convertation/-110/EUR/USD":No buffer space available (maximum connections reached?): connect; nested exception is java.net.SocketException: No buffer space available (maximum connections reached?): connect
	at org.springframework.web.client.RestTemplate.doExecute(RestTemplate.java:543)
	at org.springframework.web.client.RestTemplate.execute(RestTemplate.java:489)
	at org.springframework.web.client.RestTemplate.getForEntity(RestTemplate.java:250)
	at com.sprhib.TestService.thatOrdersCanBeAddedAndQueried(TestService.java:26)
	at sun.reflect.GeneratedMethodAccessor3.invoke(Unknown Source)
	at sun.reflect.DelegatingMethodAccessorImpl.invoke(DelegatingMethodAccessorImpl.java:43)
	at java.lang.reflect.Method.invoke(Method.java:606)
	at org.testng.internal.MethodInvocationHelper.invokeMethod(MethodInvocationHelper.java:84)
	at org.testng.internal.Invoker.invokeMethod(Invoker.java:714)
	at org.testng.internal.Invoker.invokeTestMethod(Invoker.java:901)
	at org.testng.internal.Invoker.invokeTestMethods(Invoker.java:1231)
	at org.testng.internal.TestMethodWorker.invokeTestMethods(TestMethodWorker.java:127)
	at org.testng.internal.TestMethodWorker.run(TestMethodWorker.java:111)
	at org.testng.internal.thread.ThreadUtil$2.call(ThreadUtil.java:64)
	at java.util.concurrent.FutureTask.run(FutureTask.java:262)
	at java.util.concurrent.ThreadPoolExecutor.runWorker(ThreadPoolExecutor.java:1145)
	at java.util.concurrent.ThreadPoolExecutor$Worker.run(ThreadPoolExecutor.java:615)
	at java.lang.Thread.run(Thread.java:745)
Caused by: java.net.SocketException: No buffer space available (maximum connections reached?): connect
	at java.net.DualStackPlainSocketImpl.connect0(Native Method)
	at java.net.DualStackPlainSocketImpl.socketConnect(DualStackPlainSocketImpl.java:79)
	at java.net.AbstractPlainSocketImpl.doConnect(AbstractPlainSocketImpl.java:339)
	at java.net.AbstractPlainSocketImpl.connectToAddress(AbstractPlainSocketImpl.java:200)
	at java.net.AbstractPlainSocketImpl.connect(AbstractPlainSocketImpl.java:182)
	at java.net.PlainSocketImpl.connect(PlainSocketImpl.java:172)
	at java.net.SocksSocketImpl.connect(SocksSocketImpl.java:392)
	at java.net.Socket.connect(Socket.java:579)
	at java.net.Socket.connect(Socket.java:528)
	at sun.net.NetworkClient.doConnect(NetworkClient.java:180)
	at sun.net.www.http.HttpClient.openServer(HttpClient.java:432)
	at sun.net.www.http.HttpClient.openServer(HttpClient.java:527)
	at sun.net.www.http.HttpClient.<init>(HttpClient.java:211)
	at sun.net.www.http.HttpClient.New(HttpClient.java:308)
	at sun.net.www.http.HttpClient.New(HttpClient.java:326)
	at sun.net.www.protocol.http.HttpURLConnection.getNewHttpClient(HttpURLConnection.java:996)
	at sun.net.www.protocol.http.HttpURLConnection.plainConnect(HttpURLConnection.java:932)
	at sun.net.www.protocol.http.HttpURLConnection.connect(HttpURLConnection.java:850)
	at org.springframework.http.client.SimpleBufferingClientHttpRequest.executeInternal(SimpleBufferingClientHttpRequest.java:78)
	at org.springframework.http.client.AbstractBufferingClientHttpRequest.executeInternal(AbstractBufferingClientHttpRequest.java:46)
	at org.springframework.http.client.AbstractClientHttpRequest.execute(AbstractClientHttpRequest.java:52)
	at org.springframework.web.client.RestTemplate.doExecute(RestTemplate.java:527)
	... 17 more
]]>
    </failure>
  </testcase> <!-- thatOrdersCanBeAddedAndQueried -->
  <testcase name="thatOrdersCanBeAddedAndQueried" time="0.158" classname="com.sprhib.TestService"/>
  <testcase name="thatOrdersCanBeAddedAndQueried" time="0.146" classname="com.sprhib.TestService"/>
  <testcase name="thatOrdersCanBeAddedAndQueried" time="0.159" classname="com.sprhib.TestService"/>
  <testcase name="thatOrdersCanBeAddedAndQueried" time="0.154" classname="com.sprhib.TestService"/>
  <testcase name="thatOrdersCanBeAddedAndQueried" time="0.109" classname="com.sprhib.TestService"/>
  <testcase name="thatOrdersCanBeAddedAndQueried" time="0.141" classname="com.sprhib.TestService"/>
  <testcase name="thatOrdersCanBeAddedAndQueried" time="0.122" classname="com.sprhib.TestService"/>
  <testcase name="thatOrdersCanBeAddedAndQueried" time="0.209" classname="com.sprhib.TestService"/>
  <testcase name="thatOrdersCanBeAddedAndQueried" time="0.163" classname="com.sprhib.TestService"/>
  <testcase name="thatOrdersCanBeAddedAndQueried" time="0.129" classname="com.sprhib.TestService"/>
  <testcase name="thatOrdersCanBeAddedAndQueried" time="0.135" classname="com.sprhib.TestService"/>
  <testcase name="thatOrdersCanBeAddedAndQueried" time="0.163" classname="com.sprhib.TestService"/>
  <testcase name="thatOrdersCanBeAddedAndQueried" time="0.192" classname="com.sprhib.TestService"/>
  <testcase name="thatOrdersCanBeAddedAndQueried" time="0.228" classname="com.sprhib.TestService"/>
  <testcase name="thatOrdersCanBeAddedAndQueried" time="0.161" classname="com.sprhib.TestService"/>
  <testcase name="thatOrdersCanBeAddedAndQueried" time="0.181" classname="com.sprhib.TestService"/>
  <testcase name="thatOrdersCanBeAddedAndQueried" time="0.192" classname="com.sprhib.TestService"/>
  <testcase name="thatOrdersCanBeAddedAndQueried" time="0.116" classname="com.sprhib.TestService"/>
  <testcase name="thatOrdersCanBeAddedAndQueried" time="0.134" classname="com.sprhib.TestService"/>
  <testcase name="thatOrdersCanBeAddedAndQueried" time="0.189" classname="com.sprhib.TestService"/>
  <testcase name="thatOrdersCanBeAddedAndQueried" time="0.226" classname="com.sprhib.TestService"/>
  <testcase name="thatOrdersCanBeAddedAndQueried" time="0.265" classname="com.sprhib.TestService"/>
  <testcase name="thatOrdersCanBeAddedAndQueried" time="0.191" classname="com.sprhib.TestService"/>
  <testcase name="thatOrdersCanBeAddedAndQueried" time="0.209" classname="com.sprhib.TestService"/>
  <testcase name="thatOrdersCanBeAddedAndQueried" time="0.139" classname="com.sprhib.TestService"/>
  <testcase name="thatOrdersCanBeAddedAndQueried" time="0.186" classname="com.sprhib.TestService"/>
  <testcase name="thatOrdersCanBeAddedAndQueried" time="0.163" classname="com.sprhib.TestService"/>
  <testcase name="thatOrdersCanBeAddedAndQueried" time="0.141" classname="com.sprhib.TestService"/>
  <testcase name="thatOrdersCanBeAddedAndQueried" time="0.281" classname="com.sprhib.TestService"/>
  <testcase name="thatOrdersCanBeAddedAndQueried" time="0.228" classname="com.sprhib.TestService"/>
  <testcase name="thatOrdersCanBeAddedAndQueried" time="0.152" classname="com.sprhib.TestService"/>
  <testcase name="thatOrdersCanBeAddedAndQueried" time="0.135" classname="com.sprhib.TestService"/>
  <testcase name="thatOrdersCanBeAddedAndQueried" time="0.215" classname="com.sprhib.TestService"/>
  <testcase name="thatOrdersCanBeAddedAndQueried" time="0.285" classname="com.sprhib.TestService"/>
  <testcase name="thatOrdersCanBeAddedAndQueried" time="0.203" classname="com.sprhib.TestService"/>
  <testcase name="thatOrdersCanBeAddedAndQueried" time="0.177" classname="com.sprhib.TestService"/>
  <testcase name="thatOrdersCanBeAddedAndQueried" time="0.135" classname="com.sprhib.TestService"/>
  <testcase name="thatOrdersCanBeAddedAndQueried" time="0.202" classname="com.sprhib.TestService">
    <failure type="org.springframework.web.client.HttpServerErrorException" message="500 Internal Server Error">
      <![CDATA[org.springframework.web.client.HttpServerErrorException: 500 Internal Server Error
	at org.springframework.web.client.DefaultResponseErrorHandler.handleError(DefaultResponseErrorHandler.java:94)
	at org.springframework.web.client.RestTemplate.handleResponseError(RestTemplate.java:576)
	at org.springframework.web.client.RestTemplate.doExecute(RestTemplate.java:532)
	at org.springframework.web.client.RestTemplate.execute(RestTemplate.java:489)
	at org.springframework.web.client.RestTemplate.getForEntity(RestTemplate.java:250)
	at com.sprhib.TestService.thatOrdersCanBeAddedAndQueried(TestService.java:39)
	at sun.reflect.GeneratedMethodAccessor3.invoke(Unknown Source)
	at sun.reflect.DelegatingMethodAccessorImpl.invoke(DelegatingMethodAccessorImpl.java:43)
	at java.lang.reflect.Method.invoke(Method.java:606)
	at org.testng.internal.MethodInvocationHelper.invokeMethod(MethodInvocationHelper.java:84)
	at org.testng.internal.Invoker.invokeMethod(Invoker.java:714)
	at org.testng.internal.Invoker.invokeTestMethod(Invoker.java:901)
	at org.testng.internal.Invoker.invokeTestMethods(Invoker.java:1231)
	at org.testng.internal.TestMethodWorker.invokeTestMethods(TestMethodWorker.java:127)
	at org.testng.internal.TestMethodWorker.run(TestMethodWorker.java:111)
	at org.testng.internal.thread.ThreadUtil$2.call(ThreadUtil.java:64)
	at java.util.concurrent.FutureTask.run(FutureTask.java:262)
	at java.util.concurrent.ThreadPoolExecutor.runWorker(ThreadPoolExecutor.java:1145)
	at java.util.concurrent.ThreadPoolExecutor$Worker.run(ThreadPoolExecutor.java:615)
	at java.lang.Thread.run(Thread.java:745)
]]>
    </failure>
  </testcase> <!-- thatOrdersCanBeAddedAndQueried -->
  <testcase name="thatOrdersCanBeAddedAndQueried" time="0.314" classname="com.sprhib.TestService"/>
  <testcase name="thatOrdersCanBeAddedAndQueried" time="0.175" classname="com.sprhib.TestService"/>
  <testcase name="thatOrdersCanBeAddedAndQueried" time="0.125" classname="com.sprhib.TestService"/>
  <testcase name="thatOrdersCanBeAddedAndQueried" time="0.215" classname="com.sprhib.TestService"/>
  <testcase name="thatOrdersCanBeAddedAndQueried" time="0.159" classname="com.sprhib.TestService"/>
  <testcase name="thatOrdersCanBeAddedAndQueried" time="0.227" classname="com.sprhib.TestService"/>
  <testcase name="thatOrdersCanBeAddedAndQueried" time="0.217" classname="com.sprhib.TestService"/>
  <testcase name="thatOrdersCanBeAddedAndQueried" time="0.182" classname="com.sprhib.TestService"/>
  <testcase name="thatOrdersCanBeAddedAndQueried" time="0.201" classname="com.sprhib.TestService"/>
  <testcase name="thatOrdersCanBeAddedAndQueried" time="0.207" classname="com.sprhib.TestService"/>
  <testcase name="thatOrdersCanBeAddedAndQueried" time="0.211" classname="com.sprhib.TestService"/>
  <testcase name="thatOrdersCanBeAddedAndQueried" time="0.150" classname="com.sprhib.TestService"/>
  <testcase name="thatOrdersCanBeAddedAndQueried" time="0.184" classname="com.sprhib.TestService"/>
  <testcase name="thatOrdersCanBeAddedAndQueried" time="0.128" classname="com.sprhib.TestService"/>
  <testcase name="thatOrdersCanBeAddedAndQueried" time="0.162" classname="com.sprhib.TestService"/>
  <testcase name="thatOrdersCanBeAddedAndQueried" time="0.266" classname="com.sprhib.TestService"/>
  <testcase name="thatOrdersCanBeAddedAndQueried" time="0.344" classname="com.sprhib.TestService"/>
  <testcase name="thatOrdersCanBeAddedAndQueried" time="0.132" classname="com.sprhib.TestService"/>
  <testcase name="thatOrdersCanBeAddedAndQueried" time="0.261" classname="com.sprhib.TestService"/>
  <testcase name="thatOrdersCanBeAddedAndQueried" time="0.198" classname="com.sprhib.TestService"/>
  <testcase name="thatOrdersCanBeAddedAndQueried" time="0.168" classname="com.sprhib.TestService"/>
  <testcase name="thatOrdersCanBeAddedAndQueried" time="0.192" classname="com.sprhib.TestService"/>
  <testcase name="thatOrdersCanBeAddedAndQueried" time="0.240" classname="com.sprhib.TestService"/>
  <testcase name="thatOrdersCanBeAddedAndQueried" time="0.012" classname="com.sprhib.TestService">
    <failure type="org.springframework.web.client.ResourceAccessException" message="I/O error on GET request for &quot;http://localhost:8080/spr-mvc-hib/convertation/-110/EUR/USD&quot;:No buffer space available (maximum connections reached?): connect; nested exception is java.net.SocketException: No buffer space available (maximum connections reached?): connect">
      <![CDATA[org.springframework.web.client.ResourceAccessException: I/O error on GET request for "http://localhost:8080/spr-mvc-hib/convertation/-110/EUR/USD":No buffer space available (maximum connections reached?): connect; nested exception is java.net.SocketException: No buffer space available (maximum connections reached?): connect
	at org.springframework.web.client.RestTemplate.doExecute(RestTemplate.java:543)
	at org.springframework.web.client.RestTemplate.execute(RestTemplate.java:489)
	at org.springframework.web.client.RestTemplate.getForEntity(RestTemplate.java:250)
	at com.sprhib.TestService.thatOrdersCanBeAddedAndQueried(TestService.java:26)
	at sun.reflect.GeneratedMethodAccessor3.invoke(Unknown Source)
	at sun.reflect.DelegatingMethodAccessorImpl.invoke(DelegatingMethodAccessorImpl.java:43)
	at java.lang.reflect.Method.invoke(Method.java:606)
	at org.testng.internal.MethodInvocationHelper.invokeMethod(MethodInvocationHelper.java:84)
	at org.testng.internal.Invoker.invokeMethod(Invoker.java:714)
	at org.testng.internal.Invoker.invokeTestMethod(Invoker.java:901)
	at org.testng.internal.Invoker.invokeTestMethods(Invoker.java:1231)
	at org.testng.internal.TestMethodWorker.invokeTestMethods(TestMethodWorker.java:127)
	at org.testng.internal.TestMethodWorker.run(TestMethodWorker.java:111)
	at org.testng.internal.thread.ThreadUtil$2.call(ThreadUtil.java:64)
	at java.util.concurrent.FutureTask.run(FutureTask.java:262)
	at java.util.concurrent.ThreadPoolExecutor.runWorker(ThreadPoolExecutor.java:1145)
	at java.util.concurrent.ThreadPoolExecutor$Worker.run(ThreadPoolExecutor.java:615)
	at java.lang.Thread.run(Thread.java:745)
Caused by: java.net.SocketException: No buffer space available (maximum connections reached?): connect
	at java.net.DualStackPlainSocketImpl.connect0(Native Method)
	at java.net.DualStackPlainSocketImpl.socketConnect(DualStackPlainSocketImpl.java:79)
	at java.net.AbstractPlainSocketImpl.doConnect(AbstractPlainSocketImpl.java:339)
	at java.net.AbstractPlainSocketImpl.connectToAddress(AbstractPlainSocketImpl.java:200)
	at java.net.AbstractPlainSocketImpl.connect(AbstractPlainSocketImpl.java:182)
	at java.net.PlainSocketImpl.connect(PlainSocketImpl.java:172)
	at java.net.SocksSocketImpl.connect(SocksSocketImpl.java:392)
	at java.net.Socket.connect(Socket.java:579)
	at java.net.Socket.connect(Socket.java:528)
	at sun.net.NetworkClient.doConnect(NetworkClient.java:180)
	at sun.net.www.http.HttpClient.openServer(HttpClient.java:432)
	at sun.net.www.http.HttpClient.openServer(HttpClient.java:527)
	at sun.net.www.http.HttpClient.<init>(HttpClient.java:211)
	at sun.net.www.http.HttpClient.New(HttpClient.java:308)
	at sun.net.www.http.HttpClient.New(HttpClient.java:326)
	at sun.net.www.protocol.http.HttpURLConnection.getNewHttpClient(HttpURLConnection.java:996)
	at sun.net.www.protocol.http.HttpURLConnection.plainConnect(HttpURLConnection.java:932)
	at sun.net.www.protocol.http.HttpURLConnection.connect(HttpURLConnection.java:850)
	at org.springframework.http.client.SimpleBufferingClientHttpRequest.executeInternal(SimpleBufferingClientHttpRequest.java:78)
	at org.springframework.http.client.AbstractBufferingClientHttpRequest.executeInternal(AbstractBufferingClientHttpRequest.java:46)
	at org.springframework.http.client.AbstractClientHttpRequest.execute(AbstractClientHttpRequest.java:52)
	at org.springframework.web.client.RestTemplate.doExecute(RestTemplate.java:527)
	... 17 more
]]>
    </failure>
  </testcase> <!-- thatOrdersCanBeAddedAndQueried -->
  <testcase name="thatOrdersCanBeAddedAndQueried" time="0.146" classname="com.sprhib.TestService"/>
  <testcase name="thatOrdersCanBeAddedAndQueried" time="0.160" classname="com.sprhib.TestService"/>
  <testcase name="thatOrdersCanBeAddedAndQueried" time="0.169" classname="com.sprhib.TestService"/>
  <testcase name="thatOrdersCanBeAddedAndQueried" time="0.198" classname="com.sprhib.TestService"/>
  <testcase name="thatOrdersCanBeAddedAndQueried" time="0.168" classname="com.sprhib.TestService"/>
  <testcase name="thatOrdersCanBeAddedAndQueried" time="0.304" classname="com.sprhib.TestService"/>
  <testcase name="thatOrdersCanBeAddedAndQueried" time="0.126" classname="com.sprhib.TestService"/>
  <testcase name="thatOrdersCanBeAddedAndQueried" time="0.022" classname="com.sprhib.TestService">
    <failure type="org.springframework.web.client.ResourceAccessException" message="I/O error on GET request for &quot;http://localhost:8080/spr-mvc-hib/convertation/-110/EUR/USD&quot;:No buffer space available (maximum connections reached?): connect; nested exception is java.net.SocketException: No buffer space available (maximum connections reached?): connect">
      <![CDATA[org.springframework.web.client.ResourceAccessException: I/O error on GET request for "http://localhost:8080/spr-mvc-hib/convertation/-110/EUR/USD":No buffer space available (maximum connections reached?): connect; nested exception is java.net.SocketException: No buffer space available (maximum connections reached?): connect
	at org.springframework.web.client.RestTemplate.doExecute(RestTemplate.java:543)
	at org.springframework.web.client.RestTemplate.execute(RestTemplate.java:489)
	at org.springframework.web.client.RestTemplate.getForEntity(RestTemplate.java:250)
	at com.sprhib.TestService.thatOrdersCanBeAddedAndQueried(TestService.java:26)
	at sun.reflect.GeneratedMethodAccessor3.invoke(Unknown Source)
	at sun.reflect.DelegatingMethodAccessorImpl.invoke(DelegatingMethodAccessorImpl.java:43)
	at java.lang.reflect.Method.invoke(Method.java:606)
	at org.testng.internal.MethodInvocationHelper.invokeMethod(MethodInvocationHelper.java:84)
	at org.testng.internal.Invoker.invokeMethod(Invoker.java:714)
	at org.testng.internal.Invoker.invokeTestMethod(Invoker.java:901)
	at org.testng.internal.Invoker.invokeTestMethods(Invoker.java:1231)
	at org.testng.internal.TestMethodWorker.invokeTestMethods(TestMethodWorker.java:127)
	at org.testng.internal.TestMethodWorker.run(TestMethodWorker.java:111)
	at org.testng.internal.thread.ThreadUtil$2.call(ThreadUtil.java:64)
	at java.util.concurrent.FutureTask.run(FutureTask.java:262)
	at java.util.concurrent.ThreadPoolExecutor.runWorker(ThreadPoolExecutor.java:1145)
	at java.util.concurrent.ThreadPoolExecutor$Worker.run(ThreadPoolExecutor.java:615)
	at java.lang.Thread.run(Thread.java:745)
Caused by: java.net.SocketException: No buffer space available (maximum connections reached?): connect
	at java.net.DualStackPlainSocketImpl.connect0(Native Method)
	at java.net.DualStackPlainSocketImpl.socketConnect(DualStackPlainSocketImpl.java:79)
	at java.net.AbstractPlainSocketImpl.doConnect(AbstractPlainSocketImpl.java:339)
	at java.net.AbstractPlainSocketImpl.connectToAddress(AbstractPlainSocketImpl.java:200)
	at java.net.AbstractPlainSocketImpl.connect(AbstractPlainSocketImpl.java:182)
	at java.net.PlainSocketImpl.connect(PlainSocketImpl.java:172)
	at java.net.SocksSocketImpl.connect(SocksSocketImpl.java:392)
	at java.net.Socket.connect(Socket.java:579)
	at java.net.Socket.connect(Socket.java:528)
	at sun.net.NetworkClient.doConnect(NetworkClient.java:180)
	at sun.net.www.http.HttpClient.openServer(HttpClient.java:432)
	at sun.net.www.http.HttpClient.openServer(HttpClient.java:527)
	at sun.net.www.http.HttpClient.<init>(HttpClient.java:211)
	at sun.net.www.http.HttpClient.New(HttpClient.java:308)
	at sun.net.www.http.HttpClient.New(HttpClient.java:326)
	at sun.net.www.protocol.http.HttpURLConnection.getNewHttpClient(HttpURLConnection.java:996)
	at sun.net.www.protocol.http.HttpURLConnection.plainConnect(HttpURLConnection.java:932)
	at sun.net.www.protocol.http.HttpURLConnection.connect(HttpURLConnection.java:850)
	at org.springframework.http.client.SimpleBufferingClientHttpRequest.executeInternal(SimpleBufferingClientHttpRequest.java:78)
	at org.springframework.http.client.AbstractBufferingClientHttpRequest.executeInternal(AbstractBufferingClientHttpRequest.java:46)
	at org.springframework.http.client.AbstractClientHttpRequest.execute(AbstractClientHttpRequest.java:52)
	at org.springframework.web.client.RestTemplate.doExecute(RestTemplate.java:527)
	... 17 more
]]>
    </failure>
  </testcase> <!-- thatOrdersCanBeAddedAndQueried -->
  <testcase name="thatOrdersCanBeAddedAndQueried" time="0.212" classname="com.sprhib.TestService"/>
  <testcase name="thatOrdersCanBeAddedAndQueried" time="0.210" classname="com.sprhib.TestService"/>
  <testcase name="thatOrdersCanBeAddedAndQueried" time="1.047" classname="com.sprhib.TestService"/>
  <testcase name="thatOrdersCanBeAddedAndQueried" time="0.205" classname="com.sprhib.TestService"/>
  <testcase name="thatOrdersCanBeAddedAndQueried" time="0.198" classname="com.sprhib.TestService"/>
  <testcase name="thatOrdersCanBeAddedAndQueried" time="0.267" classname="com.sprhib.TestService"/>
  <testcase name="thatOrdersCanBeAddedAndQueried" time="0.045" classname="com.sprhib.TestService">
    <failure type="org.springframework.web.client.ResourceAccessException" message="I/O error on GET request for &quot;http://localhost:8080/spr-mvc-hib/convertation/-110/EUR/USD&quot;:No buffer space available (maximum connections reached?): connect; nested exception is java.net.SocketException: No buffer space available (maximum connections reached?): connect">
      <![CDATA[org.springframework.web.client.ResourceAccessException: I/O error on GET request for "http://localhost:8080/spr-mvc-hib/convertation/-110/EUR/USD":No buffer space available (maximum connections reached?): connect; nested exception is java.net.SocketException: No buffer space available (maximum connections reached?): connect
	at org.springframework.web.client.RestTemplate.doExecute(RestTemplate.java:543)
	at org.springframework.web.client.RestTemplate.execute(RestTemplate.java:489)
	at org.springframework.web.client.RestTemplate.getForEntity(RestTemplate.java:250)
	at com.sprhib.TestService.thatOrdersCanBeAddedAndQueried(TestService.java:26)
	at sun.reflect.GeneratedMethodAccessor3.invoke(Unknown Source)
	at sun.reflect.DelegatingMethodAccessorImpl.invoke(DelegatingMethodAccessorImpl.java:43)
	at java.lang.reflect.Method.invoke(Method.java:606)
	at org.testng.internal.MethodInvocationHelper.invokeMethod(MethodInvocationHelper.java:84)
	at org.testng.internal.Invoker.invokeMethod(Invoker.java:714)
	at org.testng.internal.Invoker.invokeTestMethod(Invoker.java:901)
	at org.testng.internal.Invoker.invokeTestMethods(Invoker.java:1231)
	at org.testng.internal.TestMethodWorker.invokeTestMethods(TestMethodWorker.java:127)
	at org.testng.internal.TestMethodWorker.run(TestMethodWorker.java:111)
	at org.testng.internal.thread.ThreadUtil$2.call(ThreadUtil.java:64)
	at java.util.concurrent.FutureTask.run(FutureTask.java:262)
	at java.util.concurrent.ThreadPoolExecutor.runWorker(ThreadPoolExecutor.java:1145)
	at java.util.concurrent.ThreadPoolExecutor$Worker.run(ThreadPoolExecutor.java:615)
	at java.lang.Thread.run(Thread.java:745)
Caused by: java.net.SocketException: No buffer space available (maximum connections reached?): connect
	at java.net.DualStackPlainSocketImpl.connect0(Native Method)
	at java.net.DualStackPlainSocketImpl.socketConnect(DualStackPlainSocketImpl.java:79)
	at java.net.AbstractPlainSocketImpl.doConnect(AbstractPlainSocketImpl.java:339)
	at java.net.AbstractPlainSocketImpl.connectToAddress(AbstractPlainSocketImpl.java:200)
	at java.net.AbstractPlainSocketImpl.connect(AbstractPlainSocketImpl.java:182)
	at java.net.PlainSocketImpl.connect(PlainSocketImpl.java:172)
	at java.net.SocksSocketImpl.connect(SocksSocketImpl.java:392)
	at java.net.Socket.connect(Socket.java:579)
	at java.net.Socket.connect(Socket.java:528)
	at sun.net.NetworkClient.doConnect(NetworkClient.java:180)
	at sun.net.www.http.HttpClient.openServer(HttpClient.java:432)
	at sun.net.www.http.HttpClient.openServer(HttpClient.java:527)
	at sun.net.www.http.HttpClient.<init>(HttpClient.java:211)
	at sun.net.www.http.HttpClient.New(HttpClient.java:308)
	at sun.net.www.http.HttpClient.New(HttpClient.java:326)
	at sun.net.www.protocol.http.HttpURLConnection.getNewHttpClient(HttpURLConnection.java:996)
	at sun.net.www.protocol.http.HttpURLConnection.plainConnect(HttpURLConnection.java:932)
	at sun.net.www.protocol.http.HttpURLConnection.connect(HttpURLConnection.java:850)
	at org.springframework.http.client.SimpleBufferingClientHttpRequest.executeInternal(SimpleBufferingClientHttpRequest.java:78)
	at org.springframework.http.client.AbstractBufferingClientHttpRequest.executeInternal(AbstractBufferingClientHttpRequest.java:46)
	at org.springframework.http.client.AbstractClientHttpRequest.execute(AbstractClientHttpRequest.java:52)
	at org.springframework.web.client.RestTemplate.doExecute(RestTemplate.java:527)
	... 17 more
]]>
    </failure>
  </testcase> <!-- thatOrdersCanBeAddedAndQueried -->
  <testcase name="thatOrdersCanBeAddedAndQueried" time="0.219" classname="com.sprhib.TestService"/>
  <testcase name="thatOrdersCanBeAddedAndQueried" time="0.191" classname="com.sprhib.TestService"/>
  <testcase name="thatOrdersCanBeAddedAndQueried" time="0.188" classname="com.sprhib.TestService"/>
  <testcase name="thatOrdersCanBeAddedAndQueried" time="0.251" classname="com.sprhib.TestService"/>
  <testcase name="thatOrdersCanBeAddedAndQueried" time="0.176" classname="com.sprhib.TestService"/>
  <testcase name="thatOrdersCanBeAddedAndQueried" time="0.124" classname="com.sprhib.TestService"/>
  <testcase name="thatOrdersCanBeAddedAndQueried" time="0.180" classname="com.sprhib.TestService"/>
  <testcase name="thatOrdersCanBeAddedAndQueried" time="0.060" classname="com.sprhib.TestService">
    <failure type="org.springframework.web.client.ResourceAccessException" message="I/O error on GET request for &quot;http://localhost:8080/spr-mvc-hib/convertation/-110/EUR/USD&quot;:No buffer space available (maximum connections reached?): connect; nested exception is java.net.SocketException: No buffer space available (maximum connections reached?): connect">
      <![CDATA[org.springframework.web.client.ResourceAccessException: I/O error on GET request for "http://localhost:8080/spr-mvc-hib/convertation/-110/EUR/USD":No buffer space available (maximum connections reached?): connect; nested exception is java.net.SocketException: No buffer space available (maximum connections reached?): connect
	at org.springframework.web.client.RestTemplate.doExecute(RestTemplate.java:543)
	at org.springframework.web.client.RestTemplate.execute(RestTemplate.java:489)
	at org.springframework.web.client.RestTemplate.getForEntity(RestTemplate.java:250)
	at com.sprhib.TestService.thatOrdersCanBeAddedAndQueried(TestService.java:26)
	at sun.reflect.GeneratedMethodAccessor3.invoke(Unknown Source)
	at sun.reflect.DelegatingMethodAccessorImpl.invoke(DelegatingMethodAccessorImpl.java:43)
	at java.lang.reflect.Method.invoke(Method.java:606)
	at org.testng.internal.MethodInvocationHelper.invokeMethod(MethodInvocationHelper.java:84)
	at org.testng.internal.Invoker.invokeMethod(Invoker.java:714)
	at org.testng.internal.Invoker.invokeTestMethod(Invoker.java:901)
	at org.testng.internal.Invoker.invokeTestMethods(Invoker.java:1231)
	at org.testng.internal.TestMethodWorker.invokeTestMethods(TestMethodWorker.java:127)
	at org.testng.internal.TestMethodWorker.run(TestMethodWorker.java:111)
	at org.testng.internal.thread.ThreadUtil$2.call(ThreadUtil.java:64)
	at java.util.concurrent.FutureTask.run(FutureTask.java:262)
	at java.util.concurrent.ThreadPoolExecutor.runWorker(ThreadPoolExecutor.java:1145)
	at java.util.concurrent.ThreadPoolExecutor$Worker.run(ThreadPoolExecutor.java:615)
	at java.lang.Thread.run(Thread.java:745)
Caused by: java.net.SocketException: No buffer space available (maximum connections reached?): connect
	at java.net.DualStackPlainSocketImpl.connect0(Native Method)
	at java.net.DualStackPlainSocketImpl.socketConnect(DualStackPlainSocketImpl.java:79)
	at java.net.AbstractPlainSocketImpl.doConnect(AbstractPlainSocketImpl.java:339)
	at java.net.AbstractPlainSocketImpl.connectToAddress(AbstractPlainSocketImpl.java:200)
	at java.net.AbstractPlainSocketImpl.connect(AbstractPlainSocketImpl.java:182)
	at java.net.PlainSocketImpl.connect(PlainSocketImpl.java:172)
	at java.net.SocksSocketImpl.connect(SocksSocketImpl.java:392)
	at java.net.Socket.connect(Socket.java:579)
	at java.net.Socket.connect(Socket.java:528)
	at sun.net.NetworkClient.doConnect(NetworkClient.java:180)
	at sun.net.www.http.HttpClient.openServer(HttpClient.java:432)
	at sun.net.www.http.HttpClient.openServer(HttpClient.java:527)
	at sun.net.www.http.HttpClient.<init>(HttpClient.java:211)
	at sun.net.www.http.HttpClient.New(HttpClient.java:308)
	at sun.net.www.http.HttpClient.New(HttpClient.java:326)
	at sun.net.www.protocol.http.HttpURLConnection.getNewHttpClient(HttpURLConnection.java:996)
	at sun.net.www.protocol.http.HttpURLConnection.plainConnect(HttpURLConnection.java:932)
	at sun.net.www.protocol.http.HttpURLConnection.connect(HttpURLConnection.java:850)
	at org.springframework.http.client.SimpleBufferingClientHttpRequest.executeInternal(SimpleBufferingClientHttpRequest.java:78)
	at org.springframework.http.client.AbstractBufferingClientHttpRequest.executeInternal(AbstractBufferingClientHttpRequest.java:46)
	at org.springframework.http.client.AbstractClientHttpRequest.execute(AbstractClientHttpRequest.java:52)
	at org.springframework.web.client.RestTemplate.doExecute(RestTemplate.java:527)
	... 17 more
]]>
    </failure>
  </testcase> <!-- thatOrdersCanBeAddedAndQueried -->
  <testcase name="thatOrdersCanBeAddedAndQueried" time="0.250" classname="com.sprhib.TestService"/>
  <testcase name="thatOrdersCanBeAddedAndQueried" time="0.138" classname="com.sprhib.TestService"/>
  <testcase name="thatOrdersCanBeAddedAndQueried" time="0.153" classname="com.sprhib.TestService"/>
  <testcase name="thatOrdersCanBeAddedAndQueried" time="0.199" classname="com.sprhib.TestService"/>
  <testcase name="thatOrdersCanBeAddedAndQueried" time="0.162" classname="com.sprhib.TestService"/>
  <testcase name="thatOrdersCanBeAddedAndQueried" time="0.169" classname="com.sprhib.TestService"/>
  <testcase name="thatOrdersCanBeAddedAndQueried" time="0.152" classname="com.sprhib.TestService"/>
  <testcase name="thatOrdersCanBeAddedAndQueried" time="0.152" classname="com.sprhib.TestService"/>
  <testcase name="thatOrdersCanBeAddedAndQueried" time="0.139" classname="com.sprhib.TestService"/>
  <testcase name="thatOrdersCanBeAddedAndQueried" time="0.224" classname="com.sprhib.TestService"/>
  <testcase name="thatOrdersCanBeAddedAndQueried" time="0.180" classname="com.sprhib.TestService"/>
  <testcase name="thatOrdersCanBeAddedAndQueried" time="0.296" classname="com.sprhib.TestService"/>
  <testcase name="thatOrdersCanBeAddedAndQueried" time="0.157" classname="com.sprhib.TestService"/>
  <testcase name="thatOrdersCanBeAddedAndQueried" time="0.181" classname="com.sprhib.TestService"/>
  <testcase name="thatOrdersCanBeAddedAndQueried" time="0.206" classname="com.sprhib.TestService"/>
  <testcase name="thatOrdersCanBeAddedAndQueried" time="0.242" classname="com.sprhib.TestService">
    <failure type="org.springframework.web.client.HttpServerErrorException" message="500 Internal Server Error">
      <![CDATA[org.springframework.web.client.HttpServerErrorException: 500 Internal Server Error
	at org.springframework.web.client.DefaultResponseErrorHandler.handleError(DefaultResponseErrorHandler.java:94)
	at org.springframework.web.client.RestTemplate.handleResponseError(RestTemplate.java:576)
	at org.springframework.web.client.RestTemplate.doExecute(RestTemplate.java:532)
	at org.springframework.web.client.RestTemplate.execute(RestTemplate.java:489)
	at org.springframework.web.client.RestTemplate.getForEntity(RestTemplate.java:250)
	at com.sprhib.TestService.thatOrdersCanBeAddedAndQueried(TestService.java:44)
	at sun.reflect.GeneratedMethodAccessor3.invoke(Unknown Source)
	at sun.reflect.DelegatingMethodAccessorImpl.invoke(DelegatingMethodAccessorImpl.java:43)
	at java.lang.reflect.Method.invoke(Method.java:606)
	at org.testng.internal.MethodInvocationHelper.invokeMethod(MethodInvocationHelper.java:84)
	at org.testng.internal.Invoker.invokeMethod(Invoker.java:714)
	at org.testng.internal.Invoker.invokeTestMethod(Invoker.java:901)
	at org.testng.internal.Invoker.invokeTestMethods(Invoker.java:1231)
	at org.testng.internal.TestMethodWorker.invokeTestMethods(TestMethodWorker.java:127)
	at org.testng.internal.TestMethodWorker.run(TestMethodWorker.java:111)
	at org.testng.internal.thread.ThreadUtil$2.call(ThreadUtil.java:64)
	at java.util.concurrent.FutureTask.run(FutureTask.java:262)
	at java.util.concurrent.ThreadPoolExecutor.runWorker(ThreadPoolExecutor.java:1145)
	at java.util.concurrent.ThreadPoolExecutor$Worker.run(ThreadPoolExecutor.java:615)
	at java.lang.Thread.run(Thread.java:745)
]]>
    </failure>
  </testcase> <!-- thatOrdersCanBeAddedAndQueried -->
  <testcase name="thatOrdersCanBeAddedAndQueried" time="0.173" classname="com.sprhib.TestService"/>
  <testcase name="thatOrdersCanBeAddedAndQueried" time="0.214" classname="com.sprhib.TestService"/>
  <testcase name="thatOrdersCanBeAddedAndQueried" time="0.176" classname="com.sprhib.TestService"/>
  <testcase name="thatOrdersCanBeAddedAndQueried" time="0.159" classname="com.sprhib.TestService"/>
  <testcase name="thatOrdersCanBeAddedAndQueried" time="0.058" classname="com.sprhib.TestService">
    <failure type="org.springframework.web.client.ResourceAccessException" message="I/O error on GET request for &quot;http://localhost:8080/spr-mvc-hib/convertation/-110/EUR/USD&quot;:No buffer space available (maximum connections reached?): connect; nested exception is java.net.SocketException: No buffer space available (maximum connections reached?): connect">
      <![CDATA[org.springframework.web.client.ResourceAccessException: I/O error on GET request for "http://localhost:8080/spr-mvc-hib/convertation/-110/EUR/USD":No buffer space available (maximum connections reached?): connect; nested exception is java.net.SocketException: No buffer space available (maximum connections reached?): connect
	at org.springframework.web.client.RestTemplate.doExecute(RestTemplate.java:543)
	at org.springframework.web.client.RestTemplate.execute(RestTemplate.java:489)
	at org.springframework.web.client.RestTemplate.getForEntity(RestTemplate.java:250)
	at com.sprhib.TestService.thatOrdersCanBeAddedAndQueried(TestService.java:26)
	at sun.reflect.GeneratedMethodAccessor3.invoke(Unknown Source)
	at sun.reflect.DelegatingMethodAccessorImpl.invoke(DelegatingMethodAccessorImpl.java:43)
	at java.lang.reflect.Method.invoke(Method.java:606)
	at org.testng.internal.MethodInvocationHelper.invokeMethod(MethodInvocationHelper.java:84)
	at org.testng.internal.Invoker.invokeMethod(Invoker.java:714)
	at org.testng.internal.Invoker.invokeTestMethod(Invoker.java:901)
	at org.testng.internal.Invoker.invokeTestMethods(Invoker.java:1231)
	at org.testng.internal.TestMethodWorker.invokeTestMethods(TestMethodWorker.java:127)
	at org.testng.internal.TestMethodWorker.run(TestMethodWorker.java:111)
	at org.testng.internal.thread.ThreadUtil$2.call(ThreadUtil.java:64)
	at java.util.concurrent.FutureTask.run(FutureTask.java:262)
	at java.util.concurrent.ThreadPoolExecutor.runWorker(ThreadPoolExecutor.java:1145)
	at java.util.concurrent.ThreadPoolExecutor$Worker.run(ThreadPoolExecutor.java:615)
	at java.lang.Thread.run(Thread.java:745)
Caused by: java.net.SocketException: No buffer space available (maximum connections reached?): connect
	at java.net.DualStackPlainSocketImpl.connect0(Native Method)
	at java.net.DualStackPlainSocketImpl.socketConnect(DualStackPlainSocketImpl.java:79)
	at java.net.AbstractPlainSocketImpl.doConnect(AbstractPlainSocketImpl.java:339)
	at java.net.AbstractPlainSocketImpl.connectToAddress(AbstractPlainSocketImpl.java:200)
	at java.net.AbstractPlainSocketImpl.connect(AbstractPlainSocketImpl.java:182)
	at java.net.PlainSocketImpl.connect(PlainSocketImpl.java:172)
	at java.net.SocksSocketImpl.connect(SocksSocketImpl.java:392)
	at java.net.Socket.connect(Socket.java:579)
	at java.net.Socket.connect(Socket.java:528)
	at sun.net.NetworkClient.doConnect(NetworkClient.java:180)
	at sun.net.www.http.HttpClient.openServer(HttpClient.java:432)
	at sun.net.www.http.HttpClient.openServer(HttpClient.java:527)
	at sun.net.www.http.HttpClient.<init>(HttpClient.java:211)
	at sun.net.www.http.HttpClient.New(HttpClient.java:308)
	at sun.net.www.http.HttpClient.New(HttpClient.java:326)
	at sun.net.www.protocol.http.HttpURLConnection.getNewHttpClient(HttpURLConnection.java:996)
	at sun.net.www.protocol.http.HttpURLConnection.plainConnect(HttpURLConnection.java:932)
	at sun.net.www.protocol.http.HttpURLConnection.connect(HttpURLConnection.java:850)
	at org.springframework.http.client.SimpleBufferingClientHttpRequest.executeInternal(SimpleBufferingClientHttpRequest.java:78)
	at org.springframework.http.client.AbstractBufferingClientHttpRequest.executeInternal(AbstractBufferingClientHttpRequest.java:46)
	at org.springframework.http.client.AbstractClientHttpRequest.execute(AbstractClientHttpRequest.java:52)
	at org.springframework.web.client.RestTemplate.doExecute(RestTemplate.java:527)
	... 17 more
]]>
    </failure>
  </testcase> <!-- thatOrdersCanBeAddedAndQueried -->
  <testcase name="thatOrdersCanBeAddedAndQueried" time="0.266" classname="com.sprhib.TestService"/>
  <testcase name="thatOrdersCanBeAddedAndQueried" time="0.227" classname="com.sprhib.TestService"/>
  <testcase name="thatOrdersCanBeAddedAndQueried" time="0.217" classname="com.sprhib.TestService"/>
  <testcase name="thatOrdersCanBeAddedAndQueried" time="0.202" classname="com.sprhib.TestService"/>
  <testcase name="thatOrdersCanBeAddedAndQueried" time="0.181" classname="com.sprhib.TestService"/>
  <testcase name="thatOrdersCanBeAddedAndQueried" time="0.212" classname="com.sprhib.TestService"/>
  <testcase name="thatOrdersCanBeAddedAndQueried" time="0.202" classname="com.sprhib.TestService"/>
  <testcase name="thatOrdersCanBeAddedAndQueried" time="0.554" classname="com.sprhib.TestService"/>
  <testcase name="thatOrdersCanBeAddedAndQueried" time="0.212" classname="com.sprhib.TestService"/>
  <testcase name="thatOrdersCanBeAddedAndQueried" time="0.183" classname="com.sprhib.TestService"/>
  <testcase name="thatOrdersCanBeAddedAndQueried" time="0.271" classname="com.sprhib.TestService"/>
  <testcase name="thatOrdersCanBeAddedAndQueried" time="0.135" classname="com.sprhib.TestService"/>
  <testcase name="thatOrdersCanBeAddedAndQueried" time="0.033" classname="com.sprhib.TestService">
    <failure type="org.springframework.web.client.ResourceAccessException" message="I/O error on GET request for &quot;http://localhost:8080/spr-mvc-hib/convertation/-110/EUR/USD&quot;:No buffer space available (maximum connections reached?): connect; nested exception is java.net.SocketException: No buffer space available (maximum connections reached?): connect">
      <![CDATA[org.springframework.web.client.ResourceAccessException: I/O error on GET request for "http://localhost:8080/spr-mvc-hib/convertation/-110/EUR/USD":No buffer space available (maximum connections reached?): connect; nested exception is java.net.SocketException: No buffer space available (maximum connections reached?): connect
	at org.springframework.web.client.RestTemplate.doExecute(RestTemplate.java:543)
	at org.springframework.web.client.RestTemplate.execute(RestTemplate.java:489)
	at org.springframework.web.client.RestTemplate.getForEntity(RestTemplate.java:250)
	at com.sprhib.TestService.thatOrdersCanBeAddedAndQueried(TestService.java:26)
	at sun.reflect.GeneratedMethodAccessor3.invoke(Unknown Source)
	at sun.reflect.DelegatingMethodAccessorImpl.invoke(DelegatingMethodAccessorImpl.java:43)
	at java.lang.reflect.Method.invoke(Method.java:606)
	at org.testng.internal.MethodInvocationHelper.invokeMethod(MethodInvocationHelper.java:84)
	at org.testng.internal.Invoker.invokeMethod(Invoker.java:714)
	at org.testng.internal.Invoker.invokeTestMethod(Invoker.java:901)
	at org.testng.internal.Invoker.invokeTestMethods(Invoker.java:1231)
	at org.testng.internal.TestMethodWorker.invokeTestMethods(TestMethodWorker.java:127)
	at org.testng.internal.TestMethodWorker.run(TestMethodWorker.java:111)
	at org.testng.internal.thread.ThreadUtil$2.call(ThreadUtil.java:64)
	at java.util.concurrent.FutureTask.run(FutureTask.java:262)
	at java.util.concurrent.ThreadPoolExecutor.runWorker(ThreadPoolExecutor.java:1145)
	at java.util.concurrent.ThreadPoolExecutor$Worker.run(ThreadPoolExecutor.java:615)
	at java.lang.Thread.run(Thread.java:745)
Caused by: java.net.SocketException: No buffer space available (maximum connections reached?): connect
	at java.net.DualStackPlainSocketImpl.connect0(Native Method)
	at java.net.DualStackPlainSocketImpl.socketConnect(DualStackPlainSocketImpl.java:79)
	at java.net.AbstractPlainSocketImpl.doConnect(AbstractPlainSocketImpl.java:339)
	at java.net.AbstractPlainSocketImpl.connectToAddress(AbstractPlainSocketImpl.java:200)
	at java.net.AbstractPlainSocketImpl.connect(AbstractPlainSocketImpl.java:182)
	at java.net.PlainSocketImpl.connect(PlainSocketImpl.java:172)
	at java.net.SocksSocketImpl.connect(SocksSocketImpl.java:392)
	at java.net.Socket.connect(Socket.java:579)
	at java.net.Socket.connect(Socket.java:528)
	at sun.net.NetworkClient.doConnect(NetworkClient.java:180)
	at sun.net.www.http.HttpClient.openServer(HttpClient.java:432)
	at sun.net.www.http.HttpClient.openServer(HttpClient.java:527)
	at sun.net.www.http.HttpClient.<init>(HttpClient.java:211)
	at sun.net.www.http.HttpClient.New(HttpClient.java:308)
	at sun.net.www.http.HttpClient.New(HttpClient.java:326)
	at sun.net.www.protocol.http.HttpURLConnection.getNewHttpClient(HttpURLConnection.java:996)
	at sun.net.www.protocol.http.HttpURLConnection.plainConnect(HttpURLConnection.java:932)
	at sun.net.www.protocol.http.HttpURLConnection.connect(HttpURLConnection.java:850)
	at org.springframework.http.client.SimpleBufferingClientHttpRequest.executeInternal(SimpleBufferingClientHttpRequest.java:78)
	at org.springframework.http.client.AbstractBufferingClientHttpRequest.executeInternal(AbstractBufferingClientHttpRequest.java:46)
	at org.springframework.http.client.AbstractClientHttpRequest.execute(AbstractClientHttpRequest.java:52)
	at org.springframework.web.client.RestTemplate.doExecute(RestTemplate.java:527)
	... 17 more
]]>
    </failure>
  </testcase> <!-- thatOrdersCanBeAddedAndQueried -->
  <testcase name="thatOrdersCanBeAddedAndQueried" time="0.139" classname="com.sprhib.TestService"/>
  <testcase name="thatOrdersCanBeAddedAndQueried" time="0.206" classname="com.sprhib.TestService"/>
  <testcase name="thatOrdersCanBeAddedAndQueried" time="0.125" classname="com.sprhib.TestService"/>
  <testcase name="thatOrdersCanBeAddedAndQueried" time="0.153" classname="com.sprhib.TestService"/>
  <testcase name="thatOrdersCanBeAddedAndQueried" time="0.196" classname="com.sprhib.TestService"/>
  <testcase name="thatOrdersCanBeAddedAndQueried" time="0.098" classname="com.sprhib.TestService"/>
  <testcase name="thatOrdersCanBeAddedAndQueried" time="0.144" classname="com.sprhib.TestService"/>
  <testcase name="thatOrdersCanBeAddedAndQueried" time="0.194" classname="com.sprhib.TestService"/>
  <testcase name="thatOrdersCanBeAddedAndQueried" time="0.214" classname="com.sprhib.TestService"/>
  <testcase name="thatOrdersCanBeAddedAndQueried" time="0.244" classname="com.sprhib.TestService"/>
  <testcase name="thatOrdersCanBeAddedAndQueried" time="0.172" classname="com.sprhib.TestService"/>
  <testcase name="thatOrdersCanBeAddedAndQueried" time="0.149" classname="com.sprhib.TestService"/>
  <testcase name="thatOrdersCanBeAddedAndQueried" time="0.163" classname="com.sprhib.TestService"/>
  <testcase name="thatOrdersCanBeAddedAndQueried" time="0.232" classname="com.sprhib.TestService"/>
  <testcase name="thatOrdersCanBeAddedAndQueried" time="0.282" classname="com.sprhib.TestService"/>
  <testcase name="thatOrdersCanBeAddedAndQueried" time="0.198" classname="com.sprhib.TestService"/>
  <testcase name="thatOrdersCanBeAddedAndQueried" time="0.199" classname="com.sprhib.TestService"/>
  <testcase name="thatOrdersCanBeAddedAndQueried" time="0.226" classname="com.sprhib.TestService"/>
  <testcase name="thatOrdersCanBeAddedAndQueried" time="0.270" classname="com.sprhib.TestService"/>
  <testcase name="thatOrdersCanBeAddedAndQueried" time="0.184" classname="com.sprhib.TestService"/>
  <testcase name="thatOrdersCanBeAddedAndQueried" time="0.191" classname="com.sprhib.TestService"/>
  <testcase name="thatOrdersCanBeAddedAndQueried" time="0.223" classname="com.sprhib.TestService"/>
  <testcase name="thatOrdersCanBeAddedAndQueried" time="0.170" classname="com.sprhib.TestService"/>
  <testcase name="thatOrdersCanBeAddedAndQueried" time="0.121" classname="com.sprhib.TestService"/>
  <testcase name="thatOrdersCanBeAddedAndQueried" time="0.184" classname="com.sprhib.TestService"/>
  <testcase name="thatOrdersCanBeAddedAndQueried" time="0.157" classname="com.sprhib.TestService"/>
  <testcase name="thatOrdersCanBeAddedAndQueried" time="0.239" classname="com.sprhib.TestService"/>
  <testcase name="thatOrdersCanBeAddedAndQueried" time="0.120" classname="com.sprhib.TestService"/>
  <testcase name="thatOrdersCanBeAddedAndQueried" time="0.207" classname="com.sprhib.TestService"/>
  <testcase name="thatOrdersCanBeAddedAndQueried" time="0.201" classname="com.sprhib.TestService"/>
  <testcase name="thatOrdersCanBeAddedAndQueried" time="0.153" classname="com.sprhib.TestService"/>
  <testcase name="thatOrdersCanBeAddedAndQueried" time="0.203" classname="com.sprhib.TestService"/>
  <testcase name="thatOrdersCanBeAddedAndQueried" time="0.231" classname="com.sprhib.TestService"/>
  <testcase name="thatOrdersCanBeAddedAndQueried" time="0.263" classname="com.sprhib.TestService"/>
  <testcase name="thatOrdersCanBeAddedAndQueried" time="0.162" classname="com.sprhib.TestService"/>
  <testcase name="thatOrdersCanBeAddedAndQueried" time="0.195" classname="com.sprhib.TestService"/>
  <testcase name="thatOrdersCanBeAddedAndQueried" time="0.175" classname="com.sprhib.TestService"/>
  <testcase name="thatOrdersCanBeAddedAndQueried" time="0.331" classname="com.sprhib.TestService"/>
  <testcase name="thatOrdersCanBeAddedAndQueried" time="0.137" classname="com.sprhib.TestService"/>
  <testcase name="thatOrdersCanBeAddedAndQueried" time="0.258" classname="com.sprhib.TestService"/>
  <testcase name="thatOrdersCanBeAddedAndQueried" time="0.192" classname="com.sprhib.TestService"/>
  <testcase name="thatOrdersCanBeAddedAndQueried" time="0.170" classname="com.sprhib.TestService"/>
  <testcase name="thatOrdersCanBeAddedAndQueried" time="0.301" classname="com.sprhib.TestService"/>
  <testcase name="thatOrdersCanBeAddedAndQueried" time="0.236" classname="com.sprhib.TestService"/>
  <testcase name="thatOrdersCanBeAddedAndQueried" time="0.199" classname="com.sprhib.TestService"/>
  <testcase name="thatOrdersCanBeAddedAndQueried" time="0.216" classname="com.sprhib.TestService"/>
  <testcase name="thatOrdersCanBeAddedAndQueried" time="0.222" classname="com.sprhib.TestService"/>
  <testcase name="thatOrdersCanBeAddedAndQueried" time="0.167" classname="com.sprhib.TestService"/>
  <testcase name="thatOrdersCanBeAddedAndQueried" time="0.262" classname="com.sprhib.TestService"/>
  <testcase name="thatOrdersCanBeAddedAndQueried" time="0.125" classname="com.sprhib.TestService"/>
  <testcase name="thatOrdersCanBeAddedAndQueried" time="0.122" classname="com.sprhib.TestService"/>
  <testcase name="thatOrdersCanBeAddedAndQueried" time="0.218" classname="com.sprhib.TestService"/>
  <testcase name="thatOrdersCanBeAddedAndQueried" time="0.132" classname="com.sprhib.TestService"/>
  <testcase name="thatOrdersCanBeAddedAndQueried" time="0.139" classname="com.sprhib.TestService"/>
  <testcase name="thatOrdersCanBeAddedAndQueried" time="0.230" classname="com.sprhib.TestService"/>
  <testcase name="thatOrdersCanBeAddedAndQueried" time="0.047" classname="com.sprhib.TestService">
    <failure type="org.springframework.web.client.ResourceAccessException" message="I/O error on GET request for &quot;http://localhost:8080/spr-mvc-hib/convertation/-110/EUR/USD&quot;:No buffer space available (maximum connections reached?): connect; nested exception is java.net.SocketException: No buffer space available (maximum connections reached?): connect">
      <![CDATA[org.springframework.web.client.ResourceAccessException: I/O error on GET request for "http://localhost:8080/spr-mvc-hib/convertation/-110/EUR/USD":No buffer space available (maximum connections reached?): connect; nested exception is java.net.SocketException: No buffer space available (maximum connections reached?): connect
	at org.springframework.web.client.RestTemplate.doExecute(RestTemplate.java:543)
	at org.springframework.web.client.RestTemplate.execute(RestTemplate.java:489)
	at org.springframework.web.client.RestTemplate.getForEntity(RestTemplate.java:250)
	at com.sprhib.TestService.thatOrdersCanBeAddedAndQueried(TestService.java:26)
	at sun.reflect.GeneratedMethodAccessor3.invoke(Unknown Source)
	at sun.reflect.DelegatingMethodAccessorImpl.invoke(DelegatingMethodAccessorImpl.java:43)
	at java.lang.reflect.Method.invoke(Method.java:606)
	at org.testng.internal.MethodInvocationHelper.invokeMethod(MethodInvocationHelper.java:84)
	at org.testng.internal.Invoker.invokeMethod(Invoker.java:714)
	at org.testng.internal.Invoker.invokeTestMethod(Invoker.java:901)
	at org.testng.internal.Invoker.invokeTestMethods(Invoker.java:1231)
	at org.testng.internal.TestMethodWorker.invokeTestMethods(TestMethodWorker.java:127)
	at org.testng.internal.TestMethodWorker.run(TestMethodWorker.java:111)
	at org.testng.internal.thread.ThreadUtil$2.call(ThreadUtil.java:64)
	at java.util.concurrent.FutureTask.run(FutureTask.java:262)
	at java.util.concurrent.ThreadPoolExecutor.runWorker(ThreadPoolExecutor.java:1145)
	at java.util.concurrent.ThreadPoolExecutor$Worker.run(ThreadPoolExecutor.java:615)
	at java.lang.Thread.run(Thread.java:745)
Caused by: java.net.SocketException: No buffer space available (maximum connections reached?): connect
	at java.net.DualStackPlainSocketImpl.connect0(Native Method)
	at java.net.DualStackPlainSocketImpl.socketConnect(DualStackPlainSocketImpl.java:79)
	at java.net.AbstractPlainSocketImpl.doConnect(AbstractPlainSocketImpl.java:339)
	at java.net.AbstractPlainSocketImpl.connectToAddress(AbstractPlainSocketImpl.java:200)
	at java.net.AbstractPlainSocketImpl.connect(AbstractPlainSocketImpl.java:182)
	at java.net.PlainSocketImpl.connect(PlainSocketImpl.java:172)
	at java.net.SocksSocketImpl.connect(SocksSocketImpl.java:392)
	at java.net.Socket.connect(Socket.java:579)
	at java.net.Socket.connect(Socket.java:528)
	at sun.net.NetworkClient.doConnect(NetworkClient.java:180)
	at sun.net.www.http.HttpClient.openServer(HttpClient.java:432)
	at sun.net.www.http.HttpClient.openServer(HttpClient.java:527)
	at sun.net.www.http.HttpClient.<init>(HttpClient.java:211)
	at sun.net.www.http.HttpClient.New(HttpClient.java:308)
	at sun.net.www.http.HttpClient.New(HttpClient.java:326)
	at sun.net.www.protocol.http.HttpURLConnection.getNewHttpClient(HttpURLConnection.java:996)
	at sun.net.www.protocol.http.HttpURLConnection.plainConnect(HttpURLConnection.java:932)
	at sun.net.www.protocol.http.HttpURLConnection.connect(HttpURLConnection.java:850)
	at org.springframework.http.client.SimpleBufferingClientHttpRequest.executeInternal(SimpleBufferingClientHttpRequest.java:78)
	at org.springframework.http.client.AbstractBufferingClientHttpRequest.executeInternal(AbstractBufferingClientHttpRequest.java:46)
	at org.springframework.http.client.AbstractClientHttpRequest.execute(AbstractClientHttpRequest.java:52)
	at org.springframework.web.client.RestTemplate.doExecute(RestTemplate.java:527)
	... 17 more
]]>
    </failure>
  </testcase> <!-- thatOrdersCanBeAddedAndQueried -->
  <testcase name="thatOrdersCanBeAddedAndQueried" time="0.138" classname="com.sprhib.TestService"/>
  <testcase name="thatOrdersCanBeAddedAndQueried" time="0.214" classname="com.sprhib.TestService"/>
  <testcase name="thatOrdersCanBeAddedAndQueried" time="0.225" classname="com.sprhib.TestService"/>
  <testcase name="thatOrdersCanBeAddedAndQueried" time="0.162" classname="com.sprhib.TestService"/>
  <testcase name="thatOrdersCanBeAddedAndQueried" time="0.169" classname="com.sprhib.TestService"/>
  <testcase name="thatOrdersCanBeAddedAndQueried" time="0.239" classname="com.sprhib.TestService"/>
  <testcase name="thatOrdersCanBeAddedAndQueried" time="0.160" classname="com.sprhib.TestService"/>
  <testcase name="thatOrdersCanBeAddedAndQueried" time="0.155" classname="com.sprhib.TestService"/>
  <testcase name="thatOrdersCanBeAddedAndQueried" time="0.204" classname="com.sprhib.TestService"/>
  <testcase name="thatOrdersCanBeAddedAndQueried" time="0.159" classname="com.sprhib.TestService"/>
  <testcase name="thatOrdersCanBeAddedAndQueried" time="0.178" classname="com.sprhib.TestService"/>
  <testcase name="thatOrdersCanBeAddedAndQueried" time="0.373" classname="com.sprhib.TestService"/>
  <testcase name="thatOrdersCanBeAddedAndQueried" time="0.153" classname="com.sprhib.TestService"/>
  <testcase name="thatOrdersCanBeAddedAndQueried" time="0.179" classname="com.sprhib.TestService"/>
  <testcase name="thatOrdersCanBeAddedAndQueried" time="0.147" classname="com.sprhib.TestService"/>
  <testcase name="thatOrdersCanBeAddedAndQueried" time="0.217" classname="com.sprhib.TestService">
    <failure type="org.springframework.web.client.HttpServerErrorException" message="500 Internal Server Error">
      <![CDATA[org.springframework.web.client.HttpServerErrorException: 500 Internal Server Error
	at org.springframework.web.client.DefaultResponseErrorHandler.handleError(DefaultResponseErrorHandler.java:94)
	at org.springframework.web.client.RestTemplate.handleResponseError(RestTemplate.java:576)
	at org.springframework.web.client.RestTemplate.doExecute(RestTemplate.java:532)
	at org.springframework.web.client.RestTemplate.execute(RestTemplate.java:489)
	at org.springframework.web.client.RestTemplate.getForEntity(RestTemplate.java:250)
	at com.sprhib.TestService.thatOrdersCanBeAddedAndQueried(TestService.java:44)
	at sun.reflect.GeneratedMethodAccessor3.invoke(Unknown Source)
	at sun.reflect.DelegatingMethodAccessorImpl.invoke(DelegatingMethodAccessorImpl.java:43)
	at java.lang.reflect.Method.invoke(Method.java:606)
	at org.testng.internal.MethodInvocationHelper.invokeMethod(MethodInvocationHelper.java:84)
	at org.testng.internal.Invoker.invokeMethod(Invoker.java:714)
	at org.testng.internal.Invoker.invokeTestMethod(Invoker.java:901)
	at org.testng.internal.Invoker.invokeTestMethods(Invoker.java:1231)
	at org.testng.internal.TestMethodWorker.invokeTestMethods(TestMethodWorker.java:127)
	at org.testng.internal.TestMethodWorker.run(TestMethodWorker.java:111)
	at org.testng.internal.thread.ThreadUtil$2.call(ThreadUtil.java:64)
	at java.util.concurrent.FutureTask.run(FutureTask.java:262)
	at java.util.concurrent.ThreadPoolExecutor.runWorker(ThreadPoolExecutor.java:1145)
	at java.util.concurrent.ThreadPoolExecutor$Worker.run(ThreadPoolExecutor.java:615)
	at java.lang.Thread.run(Thread.java:745)
]]>
    </failure>
  </testcase> <!-- thatOrdersCanBeAddedAndQueried -->
  <testcase name="thatOrdersCanBeAddedAndQueried" time="0.135" classname="com.sprhib.TestService"/>
  <testcase name="thatOrdersCanBeAddedAndQueried" time="0.141" classname="com.sprhib.TestService"/>
  <testcase name="thatOrdersCanBeAddedAndQueried" time="0.150" classname="com.sprhib.TestService"/>
  <testcase name="thatOrdersCanBeAddedAndQueried" time="0.188" classname="com.sprhib.TestService"/>
  <testcase name="thatOrdersCanBeAddedAndQueried" time="0.139" classname="com.sprhib.TestService"/>
  <testcase name="thatOrdersCanBeAddedAndQueried" time="0.206" classname="com.sprhib.TestService"/>
  <testcase name="thatOrdersCanBeAddedAndQueried" time="0.177" classname="com.sprhib.TestService"/>
  <testcase name="thatOrdersCanBeAddedAndQueried" time="0.208" classname="com.sprhib.TestService"/>
  <testcase name="thatOrdersCanBeAddedAndQueried" time="0.204" classname="com.sprhib.TestService"/>
  <testcase name="thatOrdersCanBeAddedAndQueried" time="0.169" classname="com.sprhib.TestService"/>
  <testcase name="thatOrdersCanBeAddedAndQueried" time="0.176" classname="com.sprhib.TestService"/>
  <testcase name="thatOrdersCanBeAddedAndQueried" time="0.236" classname="com.sprhib.TestService"/>
  <testcase name="thatOrdersCanBeAddedAndQueried" time="0.145" classname="com.sprhib.TestService"/>
  <testcase name="thatOrdersCanBeAddedAndQueried" time="0.275" classname="com.sprhib.TestService"/>
  <testcase name="thatOrdersCanBeAddedAndQueried" time="0.156" classname="com.sprhib.TestService"/>
  <testcase name="thatOrdersCanBeAddedAndQueried" time="0.198" classname="com.sprhib.TestService"/>
  <testcase name="thatOrdersCanBeAddedAndQueried" time="0.150" classname="com.sprhib.TestService"/>
  <testcase name="thatOrdersCanBeAddedAndQueried" time="0.198" classname="com.sprhib.TestService"/>
  <testcase name="thatOrdersCanBeAddedAndQueried" time="0.134" classname="com.sprhib.TestService"/>
  <testcase name="thatOrdersCanBeAddedAndQueried" time="0.419" classname="com.sprhib.TestService"/>
  <testcase name="thatOrdersCanBeAddedAndQueried" time="0.164" classname="com.sprhib.TestService"/>
  <testcase name="thatOrdersCanBeAddedAndQueried" time="0.201" classname="com.sprhib.TestService"/>
  <testcase name="thatOrdersCanBeAddedAndQueried" time="0.149" classname="com.sprhib.TestService"/>
  <testcase name="thatOrdersCanBeAddedAndQueried" time="0.201" classname="com.sprhib.TestService"/>
  <testcase name="thatOrdersCanBeAddedAndQueried" time="0.292" classname="com.sprhib.TestService"/>
  <testcase name="thatOrdersCanBeAddedAndQueried" time="0.156" classname="com.sprhib.TestService"/>
  <testcase name="thatOrdersCanBeAddedAndQueried" time="0.116" classname="com.sprhib.TestService"/>
  <testcase name="thatOrdersCanBeAddedAndQueried" time="0.257" classname="com.sprhib.TestService"/>
  <testcase name="thatOrdersCanBeAddedAndQueried" time="0.185" classname="com.sprhib.TestService"/>
  <testcase name="thatOrdersCanBeAddedAndQueried" time="0.138" classname="com.sprhib.TestService"/>
  <testcase name="thatOrdersCanBeAddedAndQueried" time="0.267" classname="com.sprhib.TestService"/>
  <testcase name="thatOrdersCanBeAddedAndQueried" time="0.193" classname="com.sprhib.TestService"/>
  <testcase name="thatOrdersCanBeAddedAndQueried" time="0.140" classname="com.sprhib.TestService"/>
  <testcase name="thatOrdersCanBeAddedAndQueried" time="0.301" classname="com.sprhib.TestService"/>
  <testcase name="thatOrdersCanBeAddedAndQueried" time="0.205" classname="com.sprhib.TestService"/>
  <testcase name="thatOrdersCanBeAddedAndQueried" time="0.175" classname="com.sprhib.TestService"/>
  <testcase name="thatOrdersCanBeAddedAndQueried" time="0.163" classname="com.sprhib.TestService"/>
  <testcase name="thatOrdersCanBeAddedAndQueried" time="0.122" classname="com.sprhib.TestService"/>
  <testcase name="thatOrdersCanBeAddedAndQueried" time="0.204" classname="com.sprhib.TestService"/>
  <testcase name="thatOrdersCanBeAddedAndQueried" time="0.267" classname="com.sprhib.TestService"/>
  <testcase name="thatOrdersCanBeAddedAndQueried" time="0.126" classname="com.sprhib.TestService"/>
  <testcase name="thatOrdersCanBeAddedAndQueried" time="0.021" classname="com.sprhib.TestService">
    <failure type="org.springframework.web.client.ResourceAccessException" message="I/O error on GET request for &quot;http://localhost:8080/spr-mvc-hib/convertation/-110/EUR/USD&quot;:No buffer space available (maximum connections reached?): connect; nested exception is java.net.SocketException: No buffer space available (maximum connections reached?): connect">
      <![CDATA[org.springframework.web.client.ResourceAccessException: I/O error on GET request for "http://localhost:8080/spr-mvc-hib/convertation/-110/EUR/USD":No buffer space available (maximum connections reached?): connect; nested exception is java.net.SocketException: No buffer space available (maximum connections reached?): connect
	at org.springframework.web.client.RestTemplate.doExecute(RestTemplate.java:543)
	at org.springframework.web.client.RestTemplate.execute(RestTemplate.java:489)
	at org.springframework.web.client.RestTemplate.getForEntity(RestTemplate.java:250)
	at com.sprhib.TestService.thatOrdersCanBeAddedAndQueried(TestService.java:26)
	at sun.reflect.GeneratedMethodAccessor3.invoke(Unknown Source)
	at sun.reflect.DelegatingMethodAccessorImpl.invoke(DelegatingMethodAccessorImpl.java:43)
	at java.lang.reflect.Method.invoke(Method.java:606)
	at org.testng.internal.MethodInvocationHelper.invokeMethod(MethodInvocationHelper.java:84)
	at org.testng.internal.Invoker.invokeMethod(Invoker.java:714)
	at org.testng.internal.Invoker.invokeTestMethod(Invoker.java:901)
	at org.testng.internal.Invoker.invokeTestMethods(Invoker.java:1231)
	at org.testng.internal.TestMethodWorker.invokeTestMethods(TestMethodWorker.java:127)
	at org.testng.internal.TestMethodWorker.run(TestMethodWorker.java:111)
	at org.testng.internal.thread.ThreadUtil$2.call(ThreadUtil.java:64)
	at java.util.concurrent.FutureTask.run(FutureTask.java:262)
	at java.util.concurrent.ThreadPoolExecutor.runWorker(ThreadPoolExecutor.java:1145)
	at java.util.concurrent.ThreadPoolExecutor$Worker.run(ThreadPoolExecutor.java:615)
	at java.lang.Thread.run(Thread.java:745)
Caused by: java.net.SocketException: No buffer space available (maximum connections reached?): connect
	at java.net.DualStackPlainSocketImpl.connect0(Native Method)
	at java.net.DualStackPlainSocketImpl.socketConnect(DualStackPlainSocketImpl.java:79)
	at java.net.AbstractPlainSocketImpl.doConnect(AbstractPlainSocketImpl.java:339)
	at java.net.AbstractPlainSocketImpl.connectToAddress(AbstractPlainSocketImpl.java:200)
	at java.net.AbstractPlainSocketImpl.connect(AbstractPlainSocketImpl.java:182)
	at java.net.PlainSocketImpl.connect(PlainSocketImpl.java:172)
	at java.net.SocksSocketImpl.connect(SocksSocketImpl.java:392)
	at java.net.Socket.connect(Socket.java:579)
	at java.net.Socket.connect(Socket.java:528)
	at sun.net.NetworkClient.doConnect(NetworkClient.java:180)
	at sun.net.www.http.HttpClient.openServer(HttpClient.java:432)
	at sun.net.www.http.HttpClient.openServer(HttpClient.java:527)
	at sun.net.www.http.HttpClient.<init>(HttpClient.java:211)
	at sun.net.www.http.HttpClient.New(HttpClient.java:308)
	at sun.net.www.http.HttpClient.New(HttpClient.java:326)
	at sun.net.www.protocol.http.HttpURLConnection.getNewHttpClient(HttpURLConnection.java:996)
	at sun.net.www.protocol.http.HttpURLConnection.plainConnect(HttpURLConnection.java:932)
	at sun.net.www.protocol.http.HttpURLConnection.connect(HttpURLConnection.java:850)
	at org.springframework.http.client.SimpleBufferingClientHttpRequest.executeInternal(SimpleBufferingClientHttpRequest.java:78)
	at org.springframework.http.client.AbstractBufferingClientHttpRequest.executeInternal(AbstractBufferingClientHttpRequest.java:46)
	at org.springframework.http.client.AbstractClientHttpRequest.execute(AbstractClientHttpRequest.java:52)
	at org.springframework.web.client.RestTemplate.doExecute(RestTemplate.java:527)
	... 17 more
]]>
    </failure>
  </testcase> <!-- thatOrdersCanBeAddedAndQueried -->
  <testcase name="thatOrdersCanBeAddedAndQueried" time="0.149" classname="com.sprhib.TestService"/>
  <testcase name="thatOrdersCanBeAddedAndQueried" time="0.294" classname="com.sprhib.TestService"/>
  <testcase name="thatOrdersCanBeAddedAndQueried" time="0.195" classname="com.sprhib.TestService"/>
  <testcase name="thatOrdersCanBeAddedAndQueried" time="0.175" classname="com.sprhib.TestService"/>
  <testcase name="thatOrdersCanBeAddedAndQueried" time="0.215" classname="com.sprhib.TestService"/>
  <testcase name="thatOrdersCanBeAddedAndQueried" time="0.221" classname="com.sprhib.TestService"/>
  <testcase name="thatOrdersCanBeAddedAndQueried" time="0.229" classname="com.sprhib.TestService"/>
  <testcase name="thatOrdersCanBeAddedAndQueried" time="0.160" classname="com.sprhib.TestService"/>
  <testcase name="thatOrdersCanBeAddedAndQueried" time="0.168" classname="com.sprhib.TestService"/>
  <testcase name="thatOrdersCanBeAddedAndQueried" time="0.167" classname="com.sprhib.TestService"/>
  <testcase name="thatOrdersCanBeAddedAndQueried" time="0.169" classname="com.sprhib.TestService"/>
  <testcase name="thatOrdersCanBeAddedAndQueried" time="0.516" classname="com.sprhib.TestService"/>
  <testcase name="thatOrdersCanBeAddedAndQueried" time="0.176" classname="com.sprhib.TestService"/>
  <testcase name="thatOrdersCanBeAddedAndQueried" time="0.179" classname="com.sprhib.TestService"/>
  <testcase name="thatOrdersCanBeAddedAndQueried" time="0.233" classname="com.sprhib.TestService"/>
  <testcase name="thatOrdersCanBeAddedAndQueried" time="0.176" classname="com.sprhib.TestService"/>
  <testcase name="thatOrdersCanBeAddedAndQueried" time="0.228" classname="com.sprhib.TestService"/>
  <testcase name="thatOrdersCanBeAddedAndQueried" time="0.159" classname="com.sprhib.TestService"/>
  <testcase name="thatOrdersCanBeAddedAndQueried" time="0.190" classname="com.sprhib.TestService"/>
  <testcase name="thatOrdersCanBeAddedAndQueried" time="0.169" classname="com.sprhib.TestService"/>
  <testcase name="thatOrdersCanBeAddedAndQueried" time="0.184" classname="com.sprhib.TestService"/>
  <testcase name="thatOrdersCanBeAddedAndQueried" time="0.223" classname="com.sprhib.TestService"/>
  <testcase name="thatOrdersCanBeAddedAndQueried" time="0.340" classname="com.sprhib.TestService"/>
  <testcase name="thatOrdersCanBeAddedAndQueried" time="0.138" classname="com.sprhib.TestService"/>
  <testcase name="thatOrdersCanBeAddedAndQueried" time="0.235" classname="com.sprhib.TestService"/>
  <testcase name="thatOrdersCanBeAddedAndQueried" time="0.222" classname="com.sprhib.TestService"/>
  <testcase name="thatOrdersCanBeAddedAndQueried" time="0.135" classname="com.sprhib.TestService"/>
  <testcase name="thatOrdersCanBeAddedAndQueried" time="0.130" classname="com.sprhib.TestService"/>
  <testcase name="thatOrdersCanBeAddedAndQueried" time="0.424" classname="com.sprhib.TestService"/>
  <testcase name="thatOrdersCanBeAddedAndQueried" time="0.342" classname="com.sprhib.TestService"/>
  <testcase name="thatOrdersCanBeAddedAndQueried" time="0.161" classname="com.sprhib.TestService"/>
  <testcase name="thatOrdersCanBeAddedAndQueried" time="0.166" classname="com.sprhib.TestService"/>
  <testcase name="thatOrdersCanBeAddedAndQueried" time="0.218" classname="com.sprhib.TestService"/>
  <testcase name="thatOrdersCanBeAddedAndQueried" time="0.293" classname="com.sprhib.TestService"/>
  <testcase name="thatOrdersCanBeAddedAndQueried" time="0.178" classname="com.sprhib.TestService"/>
  <testcase name="thatOrdersCanBeAddedAndQueried" time="0.178" classname="com.sprhib.TestService"/>
  <testcase name="thatOrdersCanBeAddedAndQueried" time="0.108" classname="com.sprhib.TestService"/>
  <testcase name="thatOrdersCanBeAddedAndQueried" time="0.166" classname="com.sprhib.TestService"/>
  <testcase name="thatOrdersCanBeAddedAndQueried" time="0.275" classname="com.sprhib.TestService"/>
  <testcase name="thatOrdersCanBeAddedAndQueried" time="0.182" classname="com.sprhib.TestService"/>
  <testcase name="thatOrdersCanBeAddedAndQueried" time="0.180" classname="com.sprhib.TestService"/>
  <testcase name="thatOrdersCanBeAddedAndQueried" time="0.201" classname="com.sprhib.TestService"/>
  <testcase name="thatOrdersCanBeAddedAndQueried" time="0.199" classname="com.sprhib.TestService"/>
  <testcase name="thatOrdersCanBeAddedAndQueried" time="0.235" classname="com.sprhib.TestService"/>
  <testcase name="thatOrdersCanBeAddedAndQueried" time="0.177" classname="com.sprhib.TestService"/>
  <testcase name="thatOrdersCanBeAddedAndQueried" time="0.287" classname="com.sprhib.TestService"/>
  <testcase name="thatOrdersCanBeAddedAndQueried" time="0.282" classname="com.sprhib.TestService"/>
  <testcase name="thatOrdersCanBeAddedAndQueried" time="0.181" classname="com.sprhib.TestService"/>
  <testcase name="thatOrdersCanBeAddedAndQueried" time="0.071" classname="com.sprhib.TestService">
    <failure type="org.springframework.web.client.ResourceAccessException" message="I/O error on GET request for &quot;http://localhost:8080/spr-mvc-hib/convertation/-110/EUR/USD&quot;:No buffer space available (maximum connections reached?): connect; nested exception is java.net.SocketException: No buffer space available (maximum connections reached?): connect">
      <![CDATA[org.springframework.web.client.ResourceAccessException: I/O error on GET request for "http://localhost:8080/spr-mvc-hib/convertation/-110/EUR/USD":No buffer space available (maximum connections reached?): connect; nested exception is java.net.SocketException: No buffer space available (maximum connections reached?): connect
	at org.springframework.web.client.RestTemplate.doExecute(RestTemplate.java:543)
	at org.springframework.web.client.RestTemplate.execute(RestTemplate.java:489)
	at org.springframework.web.client.RestTemplate.getForEntity(RestTemplate.java:250)
	at com.sprhib.TestService.thatOrdersCanBeAddedAndQueried(TestService.java:26)
	at sun.reflect.GeneratedMethodAccessor3.invoke(Unknown Source)
	at sun.reflect.DelegatingMethodAccessorImpl.invoke(DelegatingMethodAccessorImpl.java:43)
	at java.lang.reflect.Method.invoke(Method.java:606)
	at org.testng.internal.MethodInvocationHelper.invokeMethod(MethodInvocationHelper.java:84)
	at org.testng.internal.Invoker.invokeMethod(Invoker.java:714)
	at org.testng.internal.Invoker.invokeTestMethod(Invoker.java:901)
	at org.testng.internal.Invoker.invokeTestMethods(Invoker.java:1231)
	at org.testng.internal.TestMethodWorker.invokeTestMethods(TestMethodWorker.java:127)
	at org.testng.internal.TestMethodWorker.run(TestMethodWorker.java:111)
	at org.testng.internal.thread.ThreadUtil$2.call(ThreadUtil.java:64)
	at java.util.concurrent.FutureTask.run(FutureTask.java:262)
	at java.util.concurrent.ThreadPoolExecutor.runWorker(ThreadPoolExecutor.java:1145)
	at java.util.concurrent.ThreadPoolExecutor$Worker.run(ThreadPoolExecutor.java:615)
	at java.lang.Thread.run(Thread.java:745)
Caused by: java.net.SocketException: No buffer space available (maximum connections reached?): connect
	at java.net.DualStackPlainSocketImpl.connect0(Native Method)
	at java.net.DualStackPlainSocketImpl.socketConnect(DualStackPlainSocketImpl.java:79)
	at java.net.AbstractPlainSocketImpl.doConnect(AbstractPlainSocketImpl.java:339)
	at java.net.AbstractPlainSocketImpl.connectToAddress(AbstractPlainSocketImpl.java:200)
	at java.net.AbstractPlainSocketImpl.connect(AbstractPlainSocketImpl.java:182)
	at java.net.PlainSocketImpl.connect(PlainSocketImpl.java:172)
	at java.net.SocksSocketImpl.connect(SocksSocketImpl.java:392)
	at java.net.Socket.connect(Socket.java:579)
	at java.net.Socket.connect(Socket.java:528)
	at sun.net.NetworkClient.doConnect(NetworkClient.java:180)
	at sun.net.www.http.HttpClient.openServer(HttpClient.java:432)
	at sun.net.www.http.HttpClient.openServer(HttpClient.java:527)
	at sun.net.www.http.HttpClient.<init>(HttpClient.java:211)
	at sun.net.www.http.HttpClient.New(HttpClient.java:308)
	at sun.net.www.http.HttpClient.New(HttpClient.java:326)
	at sun.net.www.protocol.http.HttpURLConnection.getNewHttpClient(HttpURLConnection.java:996)
	at sun.net.www.protocol.http.HttpURLConnection.plainConnect(HttpURLConnection.java:932)
	at sun.net.www.protocol.http.HttpURLConnection.connect(HttpURLConnection.java:850)
	at org.springframework.http.client.SimpleBufferingClientHttpRequest.executeInternal(SimpleBufferingClientHttpRequest.java:78)
	at org.springframework.http.client.AbstractBufferingClientHttpRequest.executeInternal(AbstractBufferingClientHttpRequest.java:46)
	at org.springframework.http.client.AbstractClientHttpRequest.execute(AbstractClientHttpRequest.java:52)
	at org.springframework.web.client.RestTemplate.doExecute(RestTemplate.java:527)
	... 17 more
]]>
    </failure>
  </testcase> <!-- thatOrdersCanBeAddedAndQueried -->
  <testcase name="thatOrdersCanBeAddedAndQueried" time="0.147" classname="com.sprhib.TestService"/>
  <testcase name="thatOrdersCanBeAddedAndQueried" time="0.146" classname="com.sprhib.TestService"/>
  <testcase name="thatOrdersCanBeAddedAndQueried" time="0.152" classname="com.sprhib.TestService"/>
  <testcase name="thatOrdersCanBeAddedAndQueried" time="0.177" classname="com.sprhib.TestService"/>
  <testcase name="thatOrdersCanBeAddedAndQueried" time="0.201" classname="com.sprhib.TestService"/>
  <testcase name="thatOrdersCanBeAddedAndQueried" time="0.219" classname="com.sprhib.TestService"/>
  <testcase name="thatOrdersCanBeAddedAndQueried" time="0.209" classname="com.sprhib.TestService"/>
  <testcase name="thatOrdersCanBeAddedAndQueried" time="0.140" classname="com.sprhib.TestService"/>
  <testcase name="thatOrdersCanBeAddedAndQueried" time="0.208" classname="com.sprhib.TestService"/>
  <testcase name="thatOrdersCanBeAddedAndQueried" time="0.244" classname="com.sprhib.TestService"/>
  <testcase name="thatOrdersCanBeAddedAndQueried" time="0.255" classname="com.sprhib.TestService"/>
  <testcase name="thatOrdersCanBeAddedAndQueried" time="0.269" classname="com.sprhib.TestService"/>
  <testcase name="thatOrdersCanBeAddedAndQueried" time="0.138" classname="com.sprhib.TestService"/>
  <testcase name="thatOrdersCanBeAddedAndQueried" time="0.362" classname="com.sprhib.TestService"/>
  <testcase name="thatOrdersCanBeAddedAndQueried" time="0.163" classname="com.sprhib.TestService"/>
  <testcase name="thatOrdersCanBeAddedAndQueried" time="0.046" classname="com.sprhib.TestService">
    <failure type="org.springframework.web.client.ResourceAccessException" message="I/O error on GET request for &quot;http://localhost:8080/spr-mvc-hib/convertation/-110/EUR/USD&quot;:No buffer space available (maximum connections reached?): connect; nested exception is java.net.SocketException: No buffer space available (maximum connections reached?): connect">
      <![CDATA[org.springframework.web.client.ResourceAccessException: I/O error on GET request for "http://localhost:8080/spr-mvc-hib/convertation/-110/EUR/USD":No buffer space available (maximum connections reached?): connect; nested exception is java.net.SocketException: No buffer space available (maximum connections reached?): connect
	at org.springframework.web.client.RestTemplate.doExecute(RestTemplate.java:543)
	at org.springframework.web.client.RestTemplate.execute(RestTemplate.java:489)
	at org.springframework.web.client.RestTemplate.getForEntity(RestTemplate.java:250)
	at com.sprhib.TestService.thatOrdersCanBeAddedAndQueried(TestService.java:26)
	at sun.reflect.GeneratedMethodAccessor3.invoke(Unknown Source)
	at sun.reflect.DelegatingMethodAccessorImpl.invoke(DelegatingMethodAccessorImpl.java:43)
	at java.lang.reflect.Method.invoke(Method.java:606)
	at org.testng.internal.MethodInvocationHelper.invokeMethod(MethodInvocationHelper.java:84)
	at org.testng.internal.Invoker.invokeMethod(Invoker.java:714)
	at org.testng.internal.Invoker.invokeTestMethod(Invoker.java:901)
	at org.testng.internal.Invoker.invokeTestMethods(Invoker.java:1231)
	at org.testng.internal.TestMethodWorker.invokeTestMethods(TestMethodWorker.java:127)
	at org.testng.internal.TestMethodWorker.run(TestMethodWorker.java:111)
	at org.testng.internal.thread.ThreadUtil$2.call(ThreadUtil.java:64)
	at java.util.concurrent.FutureTask.run(FutureTask.java:262)
	at java.util.concurrent.ThreadPoolExecutor.runWorker(ThreadPoolExecutor.java:1145)
	at java.util.concurrent.ThreadPoolExecutor$Worker.run(ThreadPoolExecutor.java:615)
	at java.lang.Thread.run(Thread.java:745)
Caused by: java.net.SocketException: No buffer space available (maximum connections reached?): connect
	at java.net.DualStackPlainSocketImpl.connect0(Native Method)
	at java.net.DualStackPlainSocketImpl.socketConnect(DualStackPlainSocketImpl.java:79)
	at java.net.AbstractPlainSocketImpl.doConnect(AbstractPlainSocketImpl.java:339)
	at java.net.AbstractPlainSocketImpl.connectToAddress(AbstractPlainSocketImpl.java:200)
	at java.net.AbstractPlainSocketImpl.connect(AbstractPlainSocketImpl.java:182)
	at java.net.PlainSocketImpl.connect(PlainSocketImpl.java:172)
	at java.net.SocksSocketImpl.connect(SocksSocketImpl.java:392)
	at java.net.Socket.connect(Socket.java:579)
	at java.net.Socket.connect(Socket.java:528)
	at sun.net.NetworkClient.doConnect(NetworkClient.java:180)
	at sun.net.www.http.HttpClient.openServer(HttpClient.java:432)
	at sun.net.www.http.HttpClient.openServer(HttpClient.java:527)
	at sun.net.www.http.HttpClient.<init>(HttpClient.java:211)
	at sun.net.www.http.HttpClient.New(HttpClient.java:308)
	at sun.net.www.http.HttpClient.New(HttpClient.java:326)
	at sun.net.www.protocol.http.HttpURLConnection.getNewHttpClient(HttpURLConnection.java:996)
	at sun.net.www.protocol.http.HttpURLConnection.plainConnect(HttpURLConnection.java:932)
	at sun.net.www.protocol.http.HttpURLConnection.connect(HttpURLConnection.java:850)
	at org.springframework.http.client.SimpleBufferingClientHttpRequest.executeInternal(SimpleBufferingClientHttpRequest.java:78)
	at org.springframework.http.client.AbstractBufferingClientHttpRequest.executeInternal(AbstractBufferingClientHttpRequest.java:46)
	at org.springframework.http.client.AbstractClientHttpRequest.execute(AbstractClientHttpRequest.java:52)
	at org.springframework.web.client.RestTemplate.doExecute(RestTemplate.java:527)
	... 17 more
]]>
    </failure>
  </testcase> <!-- thatOrdersCanBeAddedAndQueried -->
  <testcase name="thatOrdersCanBeAddedAndQueried" time="0.136" classname="com.sprhib.TestService"/>
  <testcase name="thatOrdersCanBeAddedAndQueried" time="0.211" classname="com.sprhib.TestService"/>
  <testcase name="thatOrdersCanBeAddedAndQueried" time="0.167" classname="com.sprhib.TestService"/>
  <testcase name="thatOrdersCanBeAddedAndQueried" time="0.151" classname="com.sprhib.TestService"/>
  <testcase name="thatOrdersCanBeAddedAndQueried" time="0.201" classname="com.sprhib.TestService"/>
  <testcase name="thatOrdersCanBeAddedAndQueried" time="0.076" classname="com.sprhib.TestService">
    <failure type="org.springframework.web.client.ResourceAccessException" message="I/O error on GET request for &quot;http://localhost:8080/spr-mvc-hib/convertation/-110/EUR/USD&quot;:No buffer space available (maximum connections reached?): connect; nested exception is java.net.SocketException: No buffer space available (maximum connections reached?): connect">
      <![CDATA[org.springframework.web.client.ResourceAccessException: I/O error on GET request for "http://localhost:8080/spr-mvc-hib/convertation/-110/EUR/USD":No buffer space available (maximum connections reached?): connect; nested exception is java.net.SocketException: No buffer space available (maximum connections reached?): connect
	at org.springframework.web.client.RestTemplate.doExecute(RestTemplate.java:543)
	at org.springframework.web.client.RestTemplate.execute(RestTemplate.java:489)
	at org.springframework.web.client.RestTemplate.getForEntity(RestTemplate.java:250)
	at com.sprhib.TestService.thatOrdersCanBeAddedAndQueried(TestService.java:26)
	at sun.reflect.GeneratedMethodAccessor3.invoke(Unknown Source)
	at sun.reflect.DelegatingMethodAccessorImpl.invoke(DelegatingMethodAccessorImpl.java:43)
	at java.lang.reflect.Method.invoke(Method.java:606)
	at org.testng.internal.MethodInvocationHelper.invokeMethod(MethodInvocationHelper.java:84)
	at org.testng.internal.Invoker.invokeMethod(Invoker.java:714)
	at org.testng.internal.Invoker.invokeTestMethod(Invoker.java:901)
	at org.testng.internal.Invoker.invokeTestMethods(Invoker.java:1231)
	at org.testng.internal.TestMethodWorker.invokeTestMethods(TestMethodWorker.java:127)
	at org.testng.internal.TestMethodWorker.run(TestMethodWorker.java:111)
	at org.testng.internal.thread.ThreadUtil$2.call(ThreadUtil.java:64)
	at java.util.concurrent.FutureTask.run(FutureTask.java:262)
	at java.util.concurrent.ThreadPoolExecutor.runWorker(ThreadPoolExecutor.java:1145)
	at java.util.concurrent.ThreadPoolExecutor$Worker.run(ThreadPoolExecutor.java:615)
	at java.lang.Thread.run(Thread.java:745)
Caused by: java.net.SocketException: No buffer space available (maximum connections reached?): connect
	at java.net.DualStackPlainSocketImpl.connect0(Native Method)
	at java.net.DualStackPlainSocketImpl.socketConnect(DualStackPlainSocketImpl.java:79)
	at java.net.AbstractPlainSocketImpl.doConnect(AbstractPlainSocketImpl.java:339)
	at java.net.AbstractPlainSocketImpl.connectToAddress(AbstractPlainSocketImpl.java:200)
	at java.net.AbstractPlainSocketImpl.connect(AbstractPlainSocketImpl.java:182)
	at java.net.PlainSocketImpl.connect(PlainSocketImpl.java:172)
	at java.net.SocksSocketImpl.connect(SocksSocketImpl.java:392)
	at java.net.Socket.connect(Socket.java:579)
	at java.net.Socket.connect(Socket.java:528)
	at sun.net.NetworkClient.doConnect(NetworkClient.java:180)
	at sun.net.www.http.HttpClient.openServer(HttpClient.java:432)
	at sun.net.www.http.HttpClient.openServer(HttpClient.java:527)
	at sun.net.www.http.HttpClient.<init>(HttpClient.java:211)
	at sun.net.www.http.HttpClient.New(HttpClient.java:308)
	at sun.net.www.http.HttpClient.New(HttpClient.java:326)
	at sun.net.www.protocol.http.HttpURLConnection.getNewHttpClient(HttpURLConnection.java:996)
	at sun.net.www.protocol.http.HttpURLConnection.plainConnect(HttpURLConnection.java:932)
	at sun.net.www.protocol.http.HttpURLConnection.connect(HttpURLConnection.java:850)
	at org.springframework.http.client.SimpleBufferingClientHttpRequest.executeInternal(SimpleBufferingClientHttpRequest.java:78)
	at org.springframework.http.client.AbstractBufferingClientHttpRequest.executeInternal(AbstractBufferingClientHttpRequest.java:46)
	at org.springframework.http.client.AbstractClientHttpRequest.execute(AbstractClientHttpRequest.java:52)
	at org.springframework.web.client.RestTemplate.doExecute(RestTemplate.java:527)
	... 17 more
]]>
    </failure>
  </testcase> <!-- thatOrdersCanBeAddedAndQueried -->
  <testcase name="thatOrdersCanBeAddedAndQueried" time="0.208" classname="com.sprhib.TestService"/>
  <testcase name="thatOrdersCanBeAddedAndQueried" time="0.125" classname="com.sprhib.TestService"/>
  <testcase name="thatOrdersCanBeAddedAndQueried" time="0.155" classname="com.sprhib.TestService"/>
  <testcase name="thatOrdersCanBeAddedAndQueried" time="0.198" classname="com.sprhib.TestService"/>
  <testcase name="thatOrdersCanBeAddedAndQueried" time="0.191" classname="com.sprhib.TestService"/>
  <testcase name="thatOrdersCanBeAddedAndQueried" time="0.167" classname="com.sprhib.TestService"/>
  <testcase name="thatOrdersCanBeAddedAndQueried" time="0.130" classname="com.sprhib.TestService"/>
  <testcase name="thatOrdersCanBeAddedAndQueried" time="0.185" classname="com.sprhib.TestService"/>
  <testcase name="thatOrdersCanBeAddedAndQueried" time="0.043" classname="com.sprhib.TestService">
    <failure type="org.springframework.web.client.ResourceAccessException" message="I/O error on GET request for &quot;http://localhost:8080/spr-mvc-hib/convertation/-110/EUR/USD&quot;:No buffer space available (maximum connections reached?): connect; nested exception is java.net.SocketException: No buffer space available (maximum connections reached?): connect">
      <![CDATA[org.springframework.web.client.ResourceAccessException: I/O error on GET request for "http://localhost:8080/spr-mvc-hib/convertation/-110/EUR/USD":No buffer space available (maximum connections reached?): connect; nested exception is java.net.SocketException: No buffer space available (maximum connections reached?): connect
	at org.springframework.web.client.RestTemplate.doExecute(RestTemplate.java:543)
	at org.springframework.web.client.RestTemplate.execute(RestTemplate.java:489)
	at org.springframework.web.client.RestTemplate.getForEntity(RestTemplate.java:250)
	at com.sprhib.TestService.thatOrdersCanBeAddedAndQueried(TestService.java:26)
	at sun.reflect.GeneratedMethodAccessor3.invoke(Unknown Source)
	at sun.reflect.DelegatingMethodAccessorImpl.invoke(DelegatingMethodAccessorImpl.java:43)
	at java.lang.reflect.Method.invoke(Method.java:606)
	at org.testng.internal.MethodInvocationHelper.invokeMethod(MethodInvocationHelper.java:84)
	at org.testng.internal.Invoker.invokeMethod(Invoker.java:714)
	at org.testng.internal.Invoker.invokeTestMethod(Invoker.java:901)
	at org.testng.internal.Invoker.invokeTestMethods(Invoker.java:1231)
	at org.testng.internal.TestMethodWorker.invokeTestMethods(TestMethodWorker.java:127)
	at org.testng.internal.TestMethodWorker.run(TestMethodWorker.java:111)
	at org.testng.internal.thread.ThreadUtil$2.call(ThreadUtil.java:64)
	at java.util.concurrent.FutureTask.run(FutureTask.java:262)
	at java.util.concurrent.ThreadPoolExecutor.runWorker(ThreadPoolExecutor.java:1145)
	at java.util.concurrent.ThreadPoolExecutor$Worker.run(ThreadPoolExecutor.java:615)
	at java.lang.Thread.run(Thread.java:745)
Caused by: java.net.SocketException: No buffer space available (maximum connections reached?): connect
	at java.net.DualStackPlainSocketImpl.connect0(Native Method)
	at java.net.DualStackPlainSocketImpl.socketConnect(DualStackPlainSocketImpl.java:79)
	at java.net.AbstractPlainSocketImpl.doConnect(AbstractPlainSocketImpl.java:339)
	at java.net.AbstractPlainSocketImpl.connectToAddress(AbstractPlainSocketImpl.java:200)
	at java.net.AbstractPlainSocketImpl.connect(AbstractPlainSocketImpl.java:182)
	at java.net.PlainSocketImpl.connect(PlainSocketImpl.java:172)
	at java.net.SocksSocketImpl.connect(SocksSocketImpl.java:392)
	at java.net.Socket.connect(Socket.java:579)
	at java.net.Socket.connect(Socket.java:528)
	at sun.net.NetworkClient.doConnect(NetworkClient.java:180)
	at sun.net.www.http.HttpClient.openServer(HttpClient.java:432)
	at sun.net.www.http.HttpClient.openServer(HttpClient.java:527)
	at sun.net.www.http.HttpClient.<init>(HttpClient.java:211)
	at sun.net.www.http.HttpClient.New(HttpClient.java:308)
	at sun.net.www.http.HttpClient.New(HttpClient.java:326)
	at sun.net.www.protocol.http.HttpURLConnection.getNewHttpClient(HttpURLConnection.java:996)
	at sun.net.www.protocol.http.HttpURLConnection.plainConnect(HttpURLConnection.java:932)
	at sun.net.www.protocol.http.HttpURLConnection.connect(HttpURLConnection.java:850)
	at org.springframework.http.client.SimpleBufferingClientHttpRequest.executeInternal(SimpleBufferingClientHttpRequest.java:78)
	at org.springframework.http.client.AbstractBufferingClientHttpRequest.executeInternal(AbstractBufferingClientHttpRequest.java:46)
	at org.springframework.http.client.AbstractClientHttpRequest.execute(AbstractClientHttpRequest.java:52)
	at org.springframework.web.client.RestTemplate.doExecute(RestTemplate.java:527)
	... 17 more
]]>
    </failure>
  </testcase> <!-- thatOrdersCanBeAddedAndQueried -->
  <testcase name="thatOrdersCanBeAddedAndQueried" time="0.186" classname="com.sprhib.TestService"/>
  <testcase name="thatOrdersCanBeAddedAndQueried" time="0.174" classname="com.sprhib.TestService"/>
  <testcase name="thatOrdersCanBeAddedAndQueried" time="0.173" classname="com.sprhib.TestService"/>
  <testcase name="thatOrdersCanBeAddedAndQueried" time="0.151" classname="com.sprhib.TestService"/>
  <testcase name="thatOrdersCanBeAddedAndQueried" time="0.169" classname="com.sprhib.TestService"/>
  <testcase name="thatOrdersCanBeAddedAndQueried" time="0.134" classname="com.sprhib.TestService"/>
  <testcase name="thatOrdersCanBeAddedAndQueried" time="0.199" classname="com.sprhib.TestService"/>
  <testcase name="thatOrdersCanBeAddedAndQueried" time="0.232" classname="com.sprhib.TestService"/>
  <testcase name="thatOrdersCanBeAddedAndQueried" time="0.262" classname="com.sprhib.TestService"/>
  <testcase name="thatOrdersCanBeAddedAndQueried" time="0.144" classname="com.sprhib.TestService"/>
  <testcase name="thatOrdersCanBeAddedAndQueried" time="0.097" classname="com.sprhib.TestService"/>
  <testcase name="thatOrdersCanBeAddedAndQueried" time="0.207" classname="com.sprhib.TestService"/>
  <testcase name="thatOrdersCanBeAddedAndQueried" time="0.204" classname="com.sprhib.TestService"/>
  <testcase name="thatOrdersCanBeAddedAndQueried" time="0.217" classname="com.sprhib.TestService"/>
  <testcase name="thatOrdersCanBeAddedAndQueried" time="0.176" classname="com.sprhib.TestService"/>
  <testcase name="thatOrdersCanBeAddedAndQueried" time="0.113" classname="com.sprhib.TestService"/>
  <testcase name="thatOrdersCanBeAddedAndQueried" time="0.215" classname="com.sprhib.TestService"/>
  <testcase name="thatOrdersCanBeAddedAndQueried" time="0.156" classname="com.sprhib.TestService"/>
  <testcase name="thatOrdersCanBeAddedAndQueried" time="0.132" classname="com.sprhib.TestService"/>
  <testcase name="thatOrdersCanBeAddedAndQueried" time="0.242" classname="com.sprhib.TestService"/>
  <testcase name="thatOrdersCanBeAddedAndQueried" time="0.227" classname="com.sprhib.TestService"/>
  <testcase name="thatOrdersCanBeAddedAndQueried" time="0.460" classname="com.sprhib.TestService"/>
  <testcase name="thatOrdersCanBeAddedAndQueried" time="0.186" classname="com.sprhib.TestService"/>
  <testcase name="thatOrdersCanBeAddedAndQueried" time="0.349" classname="com.sprhib.TestService"/>
  <testcase name="thatOrdersCanBeAddedAndQueried" time="0.179" classname="com.sprhib.TestService"/>
  <testcase name="thatOrdersCanBeAddedAndQueried" time="0.178" classname="com.sprhib.TestService"/>
  <testcase name="thatOrdersCanBeAddedAndQueried" time="0.143" classname="com.sprhib.TestService"/>
  <testcase name="thatOrdersCanBeAddedAndQueried" time="0.142" classname="com.sprhib.TestService"/>
  <testcase name="thatOrdersCanBeAddedAndQueried" time="0.191" classname="com.sprhib.TestService"/>
  <testcase name="thatOrdersCanBeAddedAndQueried" time="0.196" classname="com.sprhib.TestService"/>
  <testcase name="thatOrdersCanBeAddedAndQueried" time="0.099" classname="com.sprhib.TestService"/>
  <testcase name="thatOrdersCanBeAddedAndQueried" time="0.141" classname="com.sprhib.TestService"/>
  <testcase name="thatOrdersCanBeAddedAndQueried" time="0.148" classname="com.sprhib.TestService"/>
  <testcase name="thatOrdersCanBeAddedAndQueried" time="0.214" classname="com.sprhib.TestService"/>
  <testcase name="thatOrdersCanBeAddedAndQueried" time="0.136" classname="com.sprhib.TestService"/>
  <testcase name="thatOrdersCanBeAddedAndQueried" time="0.147" classname="com.sprhib.TestService"/>
  <testcase name="thatOrdersCanBeAddedAndQueried" time="0.220" classname="com.sprhib.TestService"/>
  <testcase name="thatOrdersCanBeAddedAndQueried" time="0.148" classname="com.sprhib.TestService">
    <failure type="org.springframework.web.client.HttpServerErrorException" message="500 Internal Server Error">
      <![CDATA[org.springframework.web.client.HttpServerErrorException: 500 Internal Server Error
	at org.springframework.web.client.DefaultResponseErrorHandler.handleError(DefaultResponseErrorHandler.java:94)
	at org.springframework.web.client.RestTemplate.handleResponseError(RestTemplate.java:576)
	at org.springframework.web.client.RestTemplate.doExecute(RestTemplate.java:532)
	at org.springframework.web.client.RestTemplate.execute(RestTemplate.java:489)
	at org.springframework.web.client.RestTemplate.getForEntity(RestTemplate.java:250)
	at com.sprhib.TestService.thatOrdersCanBeAddedAndQueried(TestService.java:39)
	at sun.reflect.GeneratedMethodAccessor3.invoke(Unknown Source)
	at sun.reflect.DelegatingMethodAccessorImpl.invoke(DelegatingMethodAccessorImpl.java:43)
	at java.lang.reflect.Method.invoke(Method.java:606)
	at org.testng.internal.MethodInvocationHelper.invokeMethod(MethodInvocationHelper.java:84)
	at org.testng.internal.Invoker.invokeMethod(Invoker.java:714)
	at org.testng.internal.Invoker.invokeTestMethod(Invoker.java:901)
	at org.testng.internal.Invoker.invokeTestMethods(Invoker.java:1231)
	at org.testng.internal.TestMethodWorker.invokeTestMethods(TestMethodWorker.java:127)
	at org.testng.internal.TestMethodWorker.run(TestMethodWorker.java:111)
	at org.testng.internal.thread.ThreadUtil$2.call(ThreadUtil.java:64)
	at java.util.concurrent.FutureTask.run(FutureTask.java:262)
	at java.util.concurrent.ThreadPoolExecutor.runWorker(ThreadPoolExecutor.java:1145)
	at java.util.concurrent.ThreadPoolExecutor$Worker.run(ThreadPoolExecutor.java:615)
	at java.lang.Thread.run(Thread.java:745)
]]>
    </failure>
  </testcase> <!-- thatOrdersCanBeAddedAndQueried -->
  <testcase name="thatOrdersCanBeAddedAndQueried" time="0.148" classname="com.sprhib.TestService"/>
  <testcase name="thatOrdersCanBeAddedAndQueried" time="0.209" classname="com.sprhib.TestService"/>
  <testcase name="thatOrdersCanBeAddedAndQueried" time="0.208" classname="com.sprhib.TestService"/>
  <testcase name="thatOrdersCanBeAddedAndQueried" time="0.198" classname="com.sprhib.TestService"/>
  <testcase name="thatOrdersCanBeAddedAndQueried" time="0.162" classname="com.sprhib.TestService"/>
  <testcase name="thatOrdersCanBeAddedAndQueried" time="0.201" classname="com.sprhib.TestService"/>
  <testcase name="thatOrdersCanBeAddedAndQueried" time="0.144" classname="com.sprhib.TestService"/>
  <testcase name="thatOrdersCanBeAddedAndQueried" time="0.104" classname="com.sprhib.TestService">
    <failure type="org.springframework.web.client.ResourceAccessException" message="I/O error on GET request for &quot;http://localhost:8080/spr-mvc-hib/convertation/-110/EUR/USD&quot;:No buffer space available (maximum connections reached?): connect; nested exception is java.net.SocketException: No buffer space available (maximum connections reached?): connect">
      <![CDATA[org.springframework.web.client.ResourceAccessException: I/O error on GET request for "http://localhost:8080/spr-mvc-hib/convertation/-110/EUR/USD":No buffer space available (maximum connections reached?): connect; nested exception is java.net.SocketException: No buffer space available (maximum connections reached?): connect
	at org.springframework.web.client.RestTemplate.doExecute(RestTemplate.java:543)
	at org.springframework.web.client.RestTemplate.execute(RestTemplate.java:489)
	at org.springframework.web.client.RestTemplate.getForEntity(RestTemplate.java:250)
	at com.sprhib.TestService.thatOrdersCanBeAddedAndQueried(TestService.java:26)
	at sun.reflect.GeneratedMethodAccessor3.invoke(Unknown Source)
	at sun.reflect.DelegatingMethodAccessorImpl.invoke(DelegatingMethodAccessorImpl.java:43)
	at java.lang.reflect.Method.invoke(Method.java:606)
	at org.testng.internal.MethodInvocationHelper.invokeMethod(MethodInvocationHelper.java:84)
	at org.testng.internal.Invoker.invokeMethod(Invoker.java:714)
	at org.testng.internal.Invoker.invokeTestMethod(Invoker.java:901)
	at org.testng.internal.Invoker.invokeTestMethods(Invoker.java:1231)
	at org.testng.internal.TestMethodWorker.invokeTestMethods(TestMethodWorker.java:127)
	at org.testng.internal.TestMethodWorker.run(TestMethodWorker.java:111)
	at org.testng.internal.thread.ThreadUtil$2.call(ThreadUtil.java:64)
	at java.util.concurrent.FutureTask.run(FutureTask.java:262)
	at java.util.concurrent.ThreadPoolExecutor.runWorker(ThreadPoolExecutor.java:1145)
	at java.util.concurrent.ThreadPoolExecutor$Worker.run(ThreadPoolExecutor.java:615)
	at java.lang.Thread.run(Thread.java:745)
Caused by: java.net.SocketException: No buffer space available (maximum connections reached?): connect
	at java.net.DualStackPlainSocketImpl.connect0(Native Method)
	at java.net.DualStackPlainSocketImpl.socketConnect(DualStackPlainSocketImpl.java:79)
	at java.net.AbstractPlainSocketImpl.doConnect(AbstractPlainSocketImpl.java:339)
	at java.net.AbstractPlainSocketImpl.connectToAddress(AbstractPlainSocketImpl.java:200)
	at java.net.AbstractPlainSocketImpl.connect(AbstractPlainSocketImpl.java:182)
	at java.net.PlainSocketImpl.connect(PlainSocketImpl.java:172)
	at java.net.SocksSocketImpl.connect(SocksSocketImpl.java:392)
	at java.net.Socket.connect(Socket.java:579)
	at java.net.Socket.connect(Socket.java:528)
	at sun.net.NetworkClient.doConnect(NetworkClient.java:180)
	at sun.net.www.http.HttpClient.openServer(HttpClient.java:432)
	at sun.net.www.http.HttpClient.openServer(HttpClient.java:527)
	at sun.net.www.http.HttpClient.<init>(HttpClient.java:211)
	at sun.net.www.http.HttpClient.New(HttpClient.java:308)
	at sun.net.www.http.HttpClient.New(HttpClient.java:326)
	at sun.net.www.protocol.http.HttpURLConnection.getNewHttpClient(HttpURLConnection.java:996)
	at sun.net.www.protocol.http.HttpURLConnection.plainConnect(HttpURLConnection.java:932)
	at sun.net.www.protocol.http.HttpURLConnection.connect(HttpURLConnection.java:850)
	at org.springframework.http.client.SimpleBufferingClientHttpRequest.executeInternal(SimpleBufferingClientHttpRequest.java:78)
	at org.springframework.http.client.AbstractBufferingClientHttpRequest.executeInternal(AbstractBufferingClientHttpRequest.java:46)
	at org.springframework.http.client.AbstractClientHttpRequest.execute(AbstractClientHttpRequest.java:52)
	at org.springframework.web.client.RestTemplate.doExecute(RestTemplate.java:527)
	... 17 more
]]>
    </failure>
  </testcase> <!-- thatOrdersCanBeAddedAndQueried -->
  <testcase name="thatOrdersCanBeAddedAndQueried" time="0.427" classname="com.sprhib.TestService"/>
  <testcase name="thatOrdersCanBeAddedAndQueried" time="0.356" classname="com.sprhib.TestService"/>
  <testcase name="thatOrdersCanBeAddedAndQueried" time="0.183" classname="com.sprhib.TestService"/>
  <testcase name="thatOrdersCanBeAddedAndQueried" time="0.270" classname="com.sprhib.TestService"/>
  <testcase name="thatOrdersCanBeAddedAndQueried" time="0.107" classname="com.sprhib.TestService"/>
  <testcase name="thatOrdersCanBeAddedAndQueried" time="0.164" classname="com.sprhib.TestService"/>
  <testcase name="thatOrdersCanBeAddedAndQueried" time="0.131" classname="com.sprhib.TestService"/>
  <testcase name="thatOrdersCanBeAddedAndQueried" time="0.122" classname="com.sprhib.TestService"/>
  <testcase name="thatOrdersCanBeAddedAndQueried" time="0.184" classname="com.sprhib.TestService"/>
  <testcase name="thatOrdersCanBeAddedAndQueried" time="0.109" classname="com.sprhib.TestService"/>
  <testcase name="thatOrdersCanBeAddedAndQueried" time="0.138" classname="com.sprhib.TestService"/>
  <testcase name="thatOrdersCanBeAddedAndQueried" time="0.224" classname="com.sprhib.TestService"/>
  <testcase name="thatOrdersCanBeAddedAndQueried" time="0.212" classname="com.sprhib.TestService"/>
  <testcase name="thatOrdersCanBeAddedAndQueried" time="0.323" classname="com.sprhib.TestService"/>
  <testcase name="thatOrdersCanBeAddedAndQueried" time="0.158" classname="com.sprhib.TestService"/>
  <testcase name="thatOrdersCanBeAddedAndQueried" time="0.155" classname="com.sprhib.TestService"/>
  <testcase name="thatOrdersCanBeAddedAndQueried" time="0.203" classname="com.sprhib.TestService"/>
  <testcase name="thatOrdersCanBeAddedAndQueried" time="0.016" classname="com.sprhib.TestService">
    <failure type="org.springframework.web.client.ResourceAccessException" message="I/O error on GET request for &quot;http://localhost:8080/spr-mvc-hib/convertation/-110/EUR/USD&quot;:No buffer space available (maximum connections reached?): connect; nested exception is java.net.SocketException: No buffer space available (maximum connections reached?): connect">
      <![CDATA[org.springframework.web.client.ResourceAccessException: I/O error on GET request for "http://localhost:8080/spr-mvc-hib/convertation/-110/EUR/USD":No buffer space available (maximum connections reached?): connect; nested exception is java.net.SocketException: No buffer space available (maximum connections reached?): connect
	at org.springframework.web.client.RestTemplate.doExecute(RestTemplate.java:543)
	at org.springframework.web.client.RestTemplate.execute(RestTemplate.java:489)
	at org.springframework.web.client.RestTemplate.getForEntity(RestTemplate.java:250)
	at com.sprhib.TestService.thatOrdersCanBeAddedAndQueried(TestService.java:26)
	at sun.reflect.GeneratedMethodAccessor3.invoke(Unknown Source)
	at sun.reflect.DelegatingMethodAccessorImpl.invoke(DelegatingMethodAccessorImpl.java:43)
	at java.lang.reflect.Method.invoke(Method.java:606)
	at org.testng.internal.MethodInvocationHelper.invokeMethod(MethodInvocationHelper.java:84)
	at org.testng.internal.Invoker.invokeMethod(Invoker.java:714)
	at org.testng.internal.Invoker.invokeTestMethod(Invoker.java:901)
	at org.testng.internal.Invoker.invokeTestMethods(Invoker.java:1231)
	at org.testng.internal.TestMethodWorker.invokeTestMethods(TestMethodWorker.java:127)
	at org.testng.internal.TestMethodWorker.run(TestMethodWorker.java:111)
	at org.testng.internal.thread.ThreadUtil$2.call(ThreadUtil.java:64)
	at java.util.concurrent.FutureTask.run(FutureTask.java:262)
	at java.util.concurrent.ThreadPoolExecutor.runWorker(ThreadPoolExecutor.java:1145)
	at java.util.concurrent.ThreadPoolExecutor$Worker.run(ThreadPoolExecutor.java:615)
	at java.lang.Thread.run(Thread.java:745)
Caused by: java.net.SocketException: No buffer space available (maximum connections reached?): connect
	at java.net.DualStackPlainSocketImpl.connect0(Native Method)
	at java.net.DualStackPlainSocketImpl.socketConnect(DualStackPlainSocketImpl.java:79)
	at java.net.AbstractPlainSocketImpl.doConnect(AbstractPlainSocketImpl.java:339)
	at java.net.AbstractPlainSocketImpl.connectToAddress(AbstractPlainSocketImpl.java:200)
	at java.net.AbstractPlainSocketImpl.connect(AbstractPlainSocketImpl.java:182)
	at java.net.PlainSocketImpl.connect(PlainSocketImpl.java:172)
	at java.net.SocksSocketImpl.connect(SocksSocketImpl.java:392)
	at java.net.Socket.connect(Socket.java:579)
	at java.net.Socket.connect(Socket.java:528)
	at sun.net.NetworkClient.doConnect(NetworkClient.java:180)
	at sun.net.www.http.HttpClient.openServer(HttpClient.java:432)
	at sun.net.www.http.HttpClient.openServer(HttpClient.java:527)
	at sun.net.www.http.HttpClient.<init>(HttpClient.java:211)
	at sun.net.www.http.HttpClient.New(HttpClient.java:308)
	at sun.net.www.http.HttpClient.New(HttpClient.java:326)
	at sun.net.www.protocol.http.HttpURLConnection.getNewHttpClient(HttpURLConnection.java:996)
	at sun.net.www.protocol.http.HttpURLConnection.plainConnect(HttpURLConnection.java:932)
	at sun.net.www.protocol.http.HttpURLConnection.connect(HttpURLConnection.java:850)
	at org.springframework.http.client.SimpleBufferingClientHttpRequest.executeInternal(SimpleBufferingClientHttpRequest.java:78)
	at org.springframework.http.client.AbstractBufferingClientHttpRequest.executeInternal(AbstractBufferingClientHttpRequest.java:46)
	at org.springframework.http.client.AbstractClientHttpRequest.execute(AbstractClientHttpRequest.java:52)
	at org.springframework.web.client.RestTemplate.doExecute(RestTemplate.java:527)
	... 17 more
]]>
    </failure>
  </testcase> <!-- thatOrdersCanBeAddedAndQueried -->
  <testcase name="thatOrdersCanBeAddedAndQueried" time="0.201" classname="com.sprhib.TestService">
    <failure type="org.springframework.web.client.HttpServerErrorException" message="500 Internal Server Error">
      <![CDATA[org.springframework.web.client.HttpServerErrorException: 500 Internal Server Error
	at org.springframework.web.client.DefaultResponseErrorHandler.handleError(DefaultResponseErrorHandler.java:94)
	at org.springframework.web.client.RestTemplate.handleResponseError(RestTemplate.java:576)
	at org.springframework.web.client.RestTemplate.doExecute(RestTemplate.java:532)
	at org.springframework.web.client.RestTemplate.execute(RestTemplate.java:489)
	at org.springframework.web.client.RestTemplate.getForEntity(RestTemplate.java:250)
	at com.sprhib.TestService.thatOrdersCanBeAddedAndQueried(TestService.java:44)
	at sun.reflect.GeneratedMethodAccessor3.invoke(Unknown Source)
	at sun.reflect.DelegatingMethodAccessorImpl.invoke(DelegatingMethodAccessorImpl.java:43)
	at java.lang.reflect.Method.invoke(Method.java:606)
	at org.testng.internal.MethodInvocationHelper.invokeMethod(MethodInvocationHelper.java:84)
	at org.testng.internal.Invoker.invokeMethod(Invoker.java:714)
	at org.testng.internal.Invoker.invokeTestMethod(Invoker.java:901)
	at org.testng.internal.Invoker.invokeTestMethods(Invoker.java:1231)
	at org.testng.internal.TestMethodWorker.invokeTestMethods(TestMethodWorker.java:127)
	at org.testng.internal.TestMethodWorker.run(TestMethodWorker.java:111)
	at org.testng.internal.thread.ThreadUtil$2.call(ThreadUtil.java:64)
	at java.util.concurrent.FutureTask.run(FutureTask.java:262)
	at java.util.concurrent.ThreadPoolExecutor.runWorker(ThreadPoolExecutor.java:1145)
	at java.util.concurrent.ThreadPoolExecutor$Worker.run(ThreadPoolExecutor.java:615)
	at java.lang.Thread.run(Thread.java:745)
]]>
    </failure>
  </testcase> <!-- thatOrdersCanBeAddedAndQueried -->
  <testcase name="thatOrdersCanBeAddedAndQueried" time="0.154" classname="com.sprhib.TestService"/>
  <testcase name="thatOrdersCanBeAddedAndQueried" time="0.147" classname="com.sprhib.TestService"/>
  <testcase name="thatOrdersCanBeAddedAndQueried" time="0.246" classname="com.sprhib.TestService"/>
  <testcase name="thatOrdersCanBeAddedAndQueried" time="0.200" classname="com.sprhib.TestService"/>
  <testcase name="thatOrdersCanBeAddedAndQueried" time="0.233" classname="com.sprhib.TestService"/>
  <testcase name="thatOrdersCanBeAddedAndQueried" time="0.147" classname="com.sprhib.TestService"/>
  <testcase name="thatOrdersCanBeAddedAndQueried" time="0.147" classname="com.sprhib.TestService"/>
  <testcase name="thatOrdersCanBeAddedAndQueried" time="0.292" classname="com.sprhib.TestService"/>
  <testcase name="thatOrdersCanBeAddedAndQueried" time="0.180" classname="com.sprhib.TestService"/>
  <testcase name="thatOrdersCanBeAddedAndQueried" time="0.235" classname="com.sprhib.TestService"/>
  <testcase name="thatOrdersCanBeAddedAndQueried" time="0.168" classname="com.sprhib.TestService"/>
  <testcase name="thatOrdersCanBeAddedAndQueried" time="0.179" classname="com.sprhib.TestService"/>
  <testcase name="thatOrdersCanBeAddedAndQueried" time="0.123" classname="com.sprhib.TestService"/>
  <testcase name="thatOrdersCanBeAddedAndQueried" time="0.236" classname="com.sprhib.TestService"/>
  <testcase name="thatOrdersCanBeAddedAndQueried" time="0.198" classname="com.sprhib.TestService"/>
  <testcase name="thatOrdersCanBeAddedAndQueried" time="0.200" classname="com.sprhib.TestService"/>
  <testcase name="thatOrdersCanBeAddedAndQueried" time="0.105" classname="com.sprhib.TestService"/>
  <testcase name="thatOrdersCanBeAddedAndQueried" time="0.153" classname="com.sprhib.TestService"/>
  <testcase name="thatOrdersCanBeAddedAndQueried" time="0.192" classname="com.sprhib.TestService"/>
  <testcase name="thatOrdersCanBeAddedAndQueried" time="0.158" classname="com.sprhib.TestService"/>
  <testcase name="thatOrdersCanBeAddedAndQueried" time="0.229" classname="com.sprhib.TestService"/>
  <testcase name="thatOrdersCanBeAddedAndQueried" time="0.235" classname="com.sprhib.TestService"/>
  <testcase name="thatOrdersCanBeAddedAndQueried" time="0.133" classname="com.sprhib.TestService"/>
  <testcase name="thatOrdersCanBeAddedAndQueried" time="0.037" classname="com.sprhib.TestService">
    <failure type="org.springframework.web.client.ResourceAccessException" message="I/O error on GET request for &quot;http://localhost:8080/spr-mvc-hib/convertation/-110/EUR/USD&quot;:No buffer space available (maximum connections reached?): connect; nested exception is java.net.SocketException: No buffer space available (maximum connections reached?): connect">
      <![CDATA[org.springframework.web.client.ResourceAccessException: I/O error on GET request for "http://localhost:8080/spr-mvc-hib/convertation/-110/EUR/USD":No buffer space available (maximum connections reached?): connect; nested exception is java.net.SocketException: No buffer space available (maximum connections reached?): connect
	at org.springframework.web.client.RestTemplate.doExecute(RestTemplate.java:543)
	at org.springframework.web.client.RestTemplate.execute(RestTemplate.java:489)
	at org.springframework.web.client.RestTemplate.getForEntity(RestTemplate.java:250)
	at com.sprhib.TestService.thatOrdersCanBeAddedAndQueried(TestService.java:26)
	at sun.reflect.GeneratedMethodAccessor3.invoke(Unknown Source)
	at sun.reflect.DelegatingMethodAccessorImpl.invoke(DelegatingMethodAccessorImpl.java:43)
	at java.lang.reflect.Method.invoke(Method.java:606)
	at org.testng.internal.MethodInvocationHelper.invokeMethod(MethodInvocationHelper.java:84)
	at org.testng.internal.Invoker.invokeMethod(Invoker.java:714)
	at org.testng.internal.Invoker.invokeTestMethod(Invoker.java:901)
	at org.testng.internal.Invoker.invokeTestMethods(Invoker.java:1231)
	at org.testng.internal.TestMethodWorker.invokeTestMethods(TestMethodWorker.java:127)
	at org.testng.internal.TestMethodWorker.run(TestMethodWorker.java:111)
	at org.testng.internal.thread.ThreadUtil$2.call(ThreadUtil.java:64)
	at java.util.concurrent.FutureTask.run(FutureTask.java:262)
	at java.util.concurrent.ThreadPoolExecutor.runWorker(ThreadPoolExecutor.java:1145)
	at java.util.concurrent.ThreadPoolExecutor$Worker.run(ThreadPoolExecutor.java:615)
	at java.lang.Thread.run(Thread.java:745)
Caused by: java.net.SocketException: No buffer space available (maximum connections reached?): connect
	at java.net.DualStackPlainSocketImpl.connect0(Native Method)
	at java.net.DualStackPlainSocketImpl.socketConnect(DualStackPlainSocketImpl.java:79)
	at java.net.AbstractPlainSocketImpl.doConnect(AbstractPlainSocketImpl.java:339)
	at java.net.AbstractPlainSocketImpl.connectToAddress(AbstractPlainSocketImpl.java:200)
	at java.net.AbstractPlainSocketImpl.connect(AbstractPlainSocketImpl.java:182)
	at java.net.PlainSocketImpl.connect(PlainSocketImpl.java:172)
	at java.net.SocksSocketImpl.connect(SocksSocketImpl.java:392)
	at java.net.Socket.connect(Socket.java:579)
	at java.net.Socket.connect(Socket.java:528)
	at sun.net.NetworkClient.doConnect(NetworkClient.java:180)
	at sun.net.www.http.HttpClient.openServer(HttpClient.java:432)
	at sun.net.www.http.HttpClient.openServer(HttpClient.java:527)
	at sun.net.www.http.HttpClient.<init>(HttpClient.java:211)
	at sun.net.www.http.HttpClient.New(HttpClient.java:308)
	at sun.net.www.http.HttpClient.New(HttpClient.java:326)
	at sun.net.www.protocol.http.HttpURLConnection.getNewHttpClient(HttpURLConnection.java:996)
	at sun.net.www.protocol.http.HttpURLConnection.plainConnect(HttpURLConnection.java:932)
	at sun.net.www.protocol.http.HttpURLConnection.connect(HttpURLConnection.java:850)
	at org.springframework.http.client.SimpleBufferingClientHttpRequest.executeInternal(SimpleBufferingClientHttpRequest.java:78)
	at org.springframework.http.client.AbstractBufferingClientHttpRequest.executeInternal(AbstractBufferingClientHttpRequest.java:46)
	at org.springframework.http.client.AbstractClientHttpRequest.execute(AbstractClientHttpRequest.java:52)
	at org.springframework.web.client.RestTemplate.doExecute(RestTemplate.java:527)
	... 17 more
]]>
    </failure>
  </testcase> <!-- thatOrdersCanBeAddedAndQueried -->
  <testcase name="thatOrdersCanBeAddedAndQueried" time="0.175" classname="com.sprhib.TestService"/>
  <testcase name="thatOrdersCanBeAddedAndQueried" time="0.161" classname="com.sprhib.TestService"/>
  <testcase name="thatOrdersCanBeAddedAndQueried" time="0.176" classname="com.sprhib.TestService"/>
  <testcase name="thatOrdersCanBeAddedAndQueried" time="0.192" classname="com.sprhib.TestService"/>
  <testcase name="thatOrdersCanBeAddedAndQueried" time="0.223" classname="com.sprhib.TestService"/>
  <testcase name="thatOrdersCanBeAddedAndQueried" time="0.132" classname="com.sprhib.TestService"/>
  <testcase name="thatOrdersCanBeAddedAndQueried" time="0.195" classname="com.sprhib.TestService"/>
  <testcase name="thatOrdersCanBeAddedAndQueried" time="0.190" classname="com.sprhib.TestService"/>
  <testcase name="thatOrdersCanBeAddedAndQueried" time="0.194" classname="com.sprhib.TestService">
    <failure type="org.springframework.web.client.HttpServerErrorException" message="500 Internal Server Error">
      <![CDATA[org.springframework.web.client.HttpServerErrorException: 500 Internal Server Error
	at org.springframework.web.client.DefaultResponseErrorHandler.handleError(DefaultResponseErrorHandler.java:94)
	at org.springframework.web.client.RestTemplate.handleResponseError(RestTemplate.java:576)
	at org.springframework.web.client.RestTemplate.doExecute(RestTemplate.java:532)
	at org.springframework.web.client.RestTemplate.execute(RestTemplate.java:489)
	at org.springframework.web.client.RestTemplate.getForEntity(RestTemplate.java:250)
	at com.sprhib.TestService.thatOrdersCanBeAddedAndQueried(TestService.java:39)
	at sun.reflect.GeneratedMethodAccessor3.invoke(Unknown Source)
	at sun.reflect.DelegatingMethodAccessorImpl.invoke(DelegatingMethodAccessorImpl.java:43)
	at java.lang.reflect.Method.invoke(Method.java:606)
	at org.testng.internal.MethodInvocationHelper.invokeMethod(MethodInvocationHelper.java:84)
	at org.testng.internal.Invoker.invokeMethod(Invoker.java:714)
	at org.testng.internal.Invoker.invokeTestMethod(Invoker.java:901)
	at org.testng.internal.Invoker.invokeTestMethods(Invoker.java:1231)
	at org.testng.internal.TestMethodWorker.invokeTestMethods(TestMethodWorker.java:127)
	at org.testng.internal.TestMethodWorker.run(TestMethodWorker.java:111)
	at org.testng.internal.thread.ThreadUtil$2.call(ThreadUtil.java:64)
	at java.util.concurrent.FutureTask.run(FutureTask.java:262)
	at java.util.concurrent.ThreadPoolExecutor.runWorker(ThreadPoolExecutor.java:1145)
	at java.util.concurrent.ThreadPoolExecutor$Worker.run(ThreadPoolExecutor.java:615)
	at java.lang.Thread.run(Thread.java:745)
]]>
    </failure>
  </testcase> <!-- thatOrdersCanBeAddedAndQueried -->
  <testcase name="thatOrdersCanBeAddedAndQueried" time="0.232" classname="com.sprhib.TestService"/>
  <testcase name="thatOrdersCanBeAddedAndQueried" time="0.200" classname="com.sprhib.TestService"/>
  <testcase name="thatOrdersCanBeAddedAndQueried" time="0.124" classname="com.sprhib.TestService"/>
  <testcase name="thatOrdersCanBeAddedAndQueried" time="0.153" classname="com.sprhib.TestService"/>
  <testcase name="thatOrdersCanBeAddedAndQueried" time="0.178" classname="com.sprhib.TestService"/>
  <testcase name="thatOrdersCanBeAddedAndQueried" time="0.203" classname="com.sprhib.TestService"/>
  <testcase name="thatOrdersCanBeAddedAndQueried" time="0.137" classname="com.sprhib.TestService"/>
  <testcase name="thatOrdersCanBeAddedAndQueried" time="0.271" classname="com.sprhib.TestService">
    <failure type="org.springframework.web.client.HttpServerErrorException" message="500 Internal Server Error">
      <![CDATA[org.springframework.web.client.HttpServerErrorException: 500 Internal Server Error
	at org.springframework.web.client.DefaultResponseErrorHandler.handleError(DefaultResponseErrorHandler.java:94)
	at org.springframework.web.client.RestTemplate.handleResponseError(RestTemplate.java:576)
	at org.springframework.web.client.RestTemplate.doExecute(RestTemplate.java:532)
	at org.springframework.web.client.RestTemplate.execute(RestTemplate.java:489)
	at org.springframework.web.client.RestTemplate.getForEntity(RestTemplate.java:250)
	at com.sprhib.TestService.thatOrdersCanBeAddedAndQueried(TestService.java:44)
	at sun.reflect.GeneratedMethodAccessor3.invoke(Unknown Source)
	at sun.reflect.DelegatingMethodAccessorImpl.invoke(DelegatingMethodAccessorImpl.java:43)
	at java.lang.reflect.Method.invoke(Method.java:606)
	at org.testng.internal.MethodInvocationHelper.invokeMethod(MethodInvocationHelper.java:84)
	at org.testng.internal.Invoker.invokeMethod(Invoker.java:714)
	at org.testng.internal.Invoker.invokeTestMethod(Invoker.java:901)
	at org.testng.internal.Invoker.invokeTestMethods(Invoker.java:1231)
	at org.testng.internal.TestMethodWorker.invokeTestMethods(TestMethodWorker.java:127)
	at org.testng.internal.TestMethodWorker.run(TestMethodWorker.java:111)
	at org.testng.internal.thread.ThreadUtil$2.call(ThreadUtil.java:64)
	at java.util.concurrent.FutureTask.run(FutureTask.java:262)
	at java.util.concurrent.ThreadPoolExecutor.runWorker(ThreadPoolExecutor.java:1145)
	at java.util.concurrent.ThreadPoolExecutor$Worker.run(ThreadPoolExecutor.java:615)
	at java.lang.Thread.run(Thread.java:745)
]]>
    </failure>
  </testcase> <!-- thatOrdersCanBeAddedAndQueried -->
  <testcase name="thatOrdersCanBeAddedAndQueried" time="0.016" classname="com.sprhib.TestService">
    <failure type="org.springframework.web.client.ResourceAccessException" message="I/O error on GET request for &quot;http://localhost:8080/spr-mvc-hib/convertation/-110/EUR/USD&quot;:No buffer space available (maximum connections reached?): connect; nested exception is java.net.SocketException: No buffer space available (maximum connections reached?): connect">
      <![CDATA[org.springframework.web.client.ResourceAccessException: I/O error on GET request for "http://localhost:8080/spr-mvc-hib/convertation/-110/EUR/USD":No buffer space available (maximum connections reached?): connect; nested exception is java.net.SocketException: No buffer space available (maximum connections reached?): connect
	at org.springframework.web.client.RestTemplate.doExecute(RestTemplate.java:543)
	at org.springframework.web.client.RestTemplate.execute(RestTemplate.java:489)
	at org.springframework.web.client.RestTemplate.getForEntity(RestTemplate.java:250)
	at com.sprhib.TestService.thatOrdersCanBeAddedAndQueried(TestService.java:26)
	at sun.reflect.GeneratedMethodAccessor3.invoke(Unknown Source)
	at sun.reflect.DelegatingMethodAccessorImpl.invoke(DelegatingMethodAccessorImpl.java:43)
	at java.lang.reflect.Method.invoke(Method.java:606)
	at org.testng.internal.MethodInvocationHelper.invokeMethod(MethodInvocationHelper.java:84)
	at org.testng.internal.Invoker.invokeMethod(Invoker.java:714)
	at org.testng.internal.Invoker.invokeTestMethod(Invoker.java:901)
	at org.testng.internal.Invoker.invokeTestMethods(Invoker.java:1231)
	at org.testng.internal.TestMethodWorker.invokeTestMethods(TestMethodWorker.java:127)
	at org.testng.internal.TestMethodWorker.run(TestMethodWorker.java:111)
	at org.testng.internal.thread.ThreadUtil$2.call(ThreadUtil.java:64)
	at java.util.concurrent.FutureTask.run(FutureTask.java:262)
	at java.util.concurrent.ThreadPoolExecutor.runWorker(ThreadPoolExecutor.java:1145)
	at java.util.concurrent.ThreadPoolExecutor$Worker.run(ThreadPoolExecutor.java:615)
	at java.lang.Thread.run(Thread.java:745)
Caused by: java.net.SocketException: No buffer space available (maximum connections reached?): connect
	at java.net.DualStackPlainSocketImpl.connect0(Native Method)
	at java.net.DualStackPlainSocketImpl.socketConnect(DualStackPlainSocketImpl.java:79)
	at java.net.AbstractPlainSocketImpl.doConnect(AbstractPlainSocketImpl.java:339)
	at java.net.AbstractPlainSocketImpl.connectToAddress(AbstractPlainSocketImpl.java:200)
	at java.net.AbstractPlainSocketImpl.connect(AbstractPlainSocketImpl.java:182)
	at java.net.PlainSocketImpl.connect(PlainSocketImpl.java:172)
	at java.net.SocksSocketImpl.connect(SocksSocketImpl.java:392)
	at java.net.Socket.connect(Socket.java:579)
	at java.net.Socket.connect(Socket.java:528)
	at sun.net.NetworkClient.doConnect(NetworkClient.java:180)
	at sun.net.www.http.HttpClient.openServer(HttpClient.java:432)
	at sun.net.www.http.HttpClient.openServer(HttpClient.java:527)
	at sun.net.www.http.HttpClient.<init>(HttpClient.java:211)
	at sun.net.www.http.HttpClient.New(HttpClient.java:308)
	at sun.net.www.http.HttpClient.New(HttpClient.java:326)
	at sun.net.www.protocol.http.HttpURLConnection.getNewHttpClient(HttpURLConnection.java:996)
	at sun.net.www.protocol.http.HttpURLConnection.plainConnect(HttpURLConnection.java:932)
	at sun.net.www.protocol.http.HttpURLConnection.connect(HttpURLConnection.java:850)
	at org.springframework.http.client.SimpleBufferingClientHttpRequest.executeInternal(SimpleBufferingClientHttpRequest.java:78)
	at org.springframework.http.client.AbstractBufferingClientHttpRequest.executeInternal(AbstractBufferingClientHttpRequest.java:46)
	at org.springframework.http.client.AbstractClientHttpRequest.execute(AbstractClientHttpRequest.java:52)
	at org.springframework.web.client.RestTemplate.doExecute(RestTemplate.java:527)
	... 17 more
]]>
    </failure>
  </testcase> <!-- thatOrdersCanBeAddedAndQueried -->
  <testcase name="thatOrdersCanBeAddedAndQueried" time="0.221" classname="com.sprhib.TestService"/>
  <testcase name="thatOrdersCanBeAddedAndQueried" time="0.118" classname="com.sprhib.TestService"/>
  <testcase name="thatOrdersCanBeAddedAndQueried" time="0.156" classname="com.sprhib.TestService"/>
  <testcase name="thatOrdersCanBeAddedAndQueried" time="0.126" classname="com.sprhib.TestService"/>
  <testcase name="thatOrdersCanBeAddedAndQueried" time="0.247" classname="com.sprhib.TestService"/>
  <testcase name="thatOrdersCanBeAddedAndQueried" time="0.181" classname="com.sprhib.TestService"/>
  <testcase name="thatOrdersCanBeAddedAndQueried" time="0.391" classname="com.sprhib.TestService"/>
  <testcase name="thatOrdersCanBeAddedAndQueried" time="0.142" classname="com.sprhib.TestService"/>
  <testcase name="thatOrdersCanBeAddedAndQueried" time="0.141" classname="com.sprhib.TestService"/>
  <testcase name="thatOrdersCanBeAddedAndQueried" time="0.206" classname="com.sprhib.TestService"/>
  <testcase name="thatOrdersCanBeAddedAndQueried" time="0.149" classname="com.sprhib.TestService"/>
  <testcase name="thatOrdersCanBeAddedAndQueried" time="0.254" classname="com.sprhib.TestService"/>
  <testcase name="thatOrdersCanBeAddedAndQueried" time="0.187" classname="com.sprhib.TestService"/>
  <testcase name="thatOrdersCanBeAddedAndQueried" time="0.172" classname="com.sprhib.TestService"/>
  <testcase name="thatOrdersCanBeAddedAndQueried" time="0.212" classname="com.sprhib.TestService"/>
  <testcase name="thatOrdersCanBeAddedAndQueried" time="0.246" classname="com.sprhib.TestService"/>
  <testcase name="thatOrdersCanBeAddedAndQueried" time="0.173" classname="com.sprhib.TestService"/>
  <testcase name="thatOrdersCanBeAddedAndQueried" time="0.184" classname="com.sprhib.TestService"/>
  <testcase name="thatOrdersCanBeAddedAndQueried" time="0.201" classname="com.sprhib.TestService"/>
  <testcase name="thatOrdersCanBeAddedAndQueried" time="0.141" classname="com.sprhib.TestService"/>
  <testcase name="thatOrdersCanBeAddedAndQueried" time="0.130" classname="com.sprhib.TestService"/>
  <testcase name="thatOrdersCanBeAddedAndQueried" time="0.195" classname="com.sprhib.TestService"/>
  <testcase name="thatOrdersCanBeAddedAndQueried" time="0.208" classname="com.sprhib.TestService"/>
  <testcase name="thatOrdersCanBeAddedAndQueried" time="0.183" classname="com.sprhib.TestService"/>
  <testcase name="thatOrdersCanBeAddedAndQueried" time="0.291" classname="com.sprhib.TestService"/>
  <testcase name="thatOrdersCanBeAddedAndQueried" time="0.130" classname="com.sprhib.TestService"/>
  <testcase name="thatOrdersCanBeAddedAndQueried" time="0.208" classname="com.sprhib.TestService"/>
  <testcase name="thatOrdersCanBeAddedAndQueried" time="0.146" classname="com.sprhib.TestService"/>
  <testcase name="thatOrdersCanBeAddedAndQueried" time="0.223" classname="com.sprhib.TestService"/>
  <testcase name="thatOrdersCanBeAddedAndQueried" time="0.185" classname="com.sprhib.TestService"/>
  <testcase name="thatOrdersCanBeAddedAndQueried" time="0.270" classname="com.sprhib.TestService"/>
  <testcase name="thatOrdersCanBeAddedAndQueried" time="0.156" classname="com.sprhib.TestService"/>
  <testcase name="thatOrdersCanBeAddedAndQueried" time="0.106" classname="com.sprhib.TestService">
    <failure type="org.springframework.web.client.ResourceAccessException" message="I/O error on GET request for &quot;http://localhost:8080/spr-mvc-hib/convertation/-110/EUR/USD&quot;:No buffer space available (maximum connections reached?): connect; nested exception is java.net.SocketException: No buffer space available (maximum connections reached?): connect">
      <![CDATA[org.springframework.web.client.ResourceAccessException: I/O error on GET request for "http://localhost:8080/spr-mvc-hib/convertation/-110/EUR/USD":No buffer space available (maximum connections reached?): connect; nested exception is java.net.SocketException: No buffer space available (maximum connections reached?): connect
	at org.springframework.web.client.RestTemplate.doExecute(RestTemplate.java:543)
	at org.springframework.web.client.RestTemplate.execute(RestTemplate.java:489)
	at org.springframework.web.client.RestTemplate.getForEntity(RestTemplate.java:250)
	at com.sprhib.TestService.thatOrdersCanBeAddedAndQueried(TestService.java:26)
	at sun.reflect.GeneratedMethodAccessor3.invoke(Unknown Source)
	at sun.reflect.DelegatingMethodAccessorImpl.invoke(DelegatingMethodAccessorImpl.java:43)
	at java.lang.reflect.Method.invoke(Method.java:606)
	at org.testng.internal.MethodInvocationHelper.invokeMethod(MethodInvocationHelper.java:84)
	at org.testng.internal.Invoker.invokeMethod(Invoker.java:714)
	at org.testng.internal.Invoker.invokeTestMethod(Invoker.java:901)
	at org.testng.internal.Invoker.invokeTestMethods(Invoker.java:1231)
	at org.testng.internal.TestMethodWorker.invokeTestMethods(TestMethodWorker.java:127)
	at org.testng.internal.TestMethodWorker.run(TestMethodWorker.java:111)
	at org.testng.internal.thread.ThreadUtil$2.call(ThreadUtil.java:64)
	at java.util.concurrent.FutureTask.run(FutureTask.java:262)
	at java.util.concurrent.ThreadPoolExecutor.runWorker(ThreadPoolExecutor.java:1145)
	at java.util.concurrent.ThreadPoolExecutor$Worker.run(ThreadPoolExecutor.java:615)
	at java.lang.Thread.run(Thread.java:745)
Caused by: java.net.SocketException: No buffer space available (maximum connections reached?): connect
	at java.net.DualStackPlainSocketImpl.connect0(Native Method)
	at java.net.DualStackPlainSocketImpl.socketConnect(DualStackPlainSocketImpl.java:79)
	at java.net.AbstractPlainSocketImpl.doConnect(AbstractPlainSocketImpl.java:339)
	at java.net.AbstractPlainSocketImpl.connectToAddress(AbstractPlainSocketImpl.java:200)
	at java.net.AbstractPlainSocketImpl.connect(AbstractPlainSocketImpl.java:182)
	at java.net.PlainSocketImpl.connect(PlainSocketImpl.java:172)
	at java.net.SocksSocketImpl.connect(SocksSocketImpl.java:392)
	at java.net.Socket.connect(Socket.java:579)
	at java.net.Socket.connect(Socket.java:528)
	at sun.net.NetworkClient.doConnect(NetworkClient.java:180)
	at sun.net.www.http.HttpClient.openServer(HttpClient.java:432)
	at sun.net.www.http.HttpClient.openServer(HttpClient.java:527)
	at sun.net.www.http.HttpClient.<init>(HttpClient.java:211)
	at sun.net.www.http.HttpClient.New(HttpClient.java:308)
	at sun.net.www.http.HttpClient.New(HttpClient.java:326)
	at sun.net.www.protocol.http.HttpURLConnection.getNewHttpClient(HttpURLConnection.java:996)
	at sun.net.www.protocol.http.HttpURLConnection.plainConnect(HttpURLConnection.java:932)
	at sun.net.www.protocol.http.HttpURLConnection.connect(HttpURLConnection.java:850)
	at org.springframework.http.client.SimpleBufferingClientHttpRequest.executeInternal(SimpleBufferingClientHttpRequest.java:78)
	at org.springframework.http.client.AbstractBufferingClientHttpRequest.executeInternal(AbstractBufferingClientHttpRequest.java:46)
	at org.springframework.http.client.AbstractClientHttpRequest.execute(AbstractClientHttpRequest.java:52)
	at org.springframework.web.client.RestTemplate.doExecute(RestTemplate.java:527)
	... 17 more
]]>
    </failure>
  </testcase> <!-- thatOrdersCanBeAddedAndQueried -->
  <testcase name="thatOrdersCanBeAddedAndQueried" time="0.189" classname="com.sprhib.TestService"/>
  <testcase name="thatOrdersCanBeAddedAndQueried" time="0.113" classname="com.sprhib.TestService"/>
  <testcase name="thatOrdersCanBeAddedAndQueried" time="0.169" classname="com.sprhib.TestService"/>
  <testcase name="thatOrdersCanBeAddedAndQueried" time="0.023" classname="com.sprhib.TestService">
    <failure type="org.springframework.web.client.ResourceAccessException" message="I/O error on GET request for &quot;http://localhost:8080/spr-mvc-hib/convertation/-110/EUR/USD&quot;:No buffer space available (maximum connections reached?): connect; nested exception is java.net.SocketException: No buffer space available (maximum connections reached?): connect">
      <![CDATA[org.springframework.web.client.ResourceAccessException: I/O error on GET request for "http://localhost:8080/spr-mvc-hib/convertation/-110/EUR/USD":No buffer space available (maximum connections reached?): connect; nested exception is java.net.SocketException: No buffer space available (maximum connections reached?): connect
	at org.springframework.web.client.RestTemplate.doExecute(RestTemplate.java:543)
	at org.springframework.web.client.RestTemplate.execute(RestTemplate.java:489)
	at org.springframework.web.client.RestTemplate.getForEntity(RestTemplate.java:250)
	at com.sprhib.TestService.thatOrdersCanBeAddedAndQueried(TestService.java:26)
	at sun.reflect.GeneratedMethodAccessor3.invoke(Unknown Source)
	at sun.reflect.DelegatingMethodAccessorImpl.invoke(DelegatingMethodAccessorImpl.java:43)
	at java.lang.reflect.Method.invoke(Method.java:606)
	at org.testng.internal.MethodInvocationHelper.invokeMethod(MethodInvocationHelper.java:84)
	at org.testng.internal.Invoker.invokeMethod(Invoker.java:714)
	at org.testng.internal.Invoker.invokeTestMethod(Invoker.java:901)
	at org.testng.internal.Invoker.invokeTestMethods(Invoker.java:1231)
	at org.testng.internal.TestMethodWorker.invokeTestMethods(TestMethodWorker.java:127)
	at org.testng.internal.TestMethodWorker.run(TestMethodWorker.java:111)
	at org.testng.internal.thread.ThreadUtil$2.call(ThreadUtil.java:64)
	at java.util.concurrent.FutureTask.run(FutureTask.java:262)
	at java.util.concurrent.ThreadPoolExecutor.runWorker(ThreadPoolExecutor.java:1145)
	at java.util.concurrent.ThreadPoolExecutor$Worker.run(ThreadPoolExecutor.java:615)
	at java.lang.Thread.run(Thread.java:745)
Caused by: java.net.SocketException: No buffer space available (maximum connections reached?): connect
	at java.net.DualStackPlainSocketImpl.connect0(Native Method)
	at java.net.DualStackPlainSocketImpl.socketConnect(DualStackPlainSocketImpl.java:79)
	at java.net.AbstractPlainSocketImpl.doConnect(AbstractPlainSocketImpl.java:339)
	at java.net.AbstractPlainSocketImpl.connectToAddress(AbstractPlainSocketImpl.java:200)
	at java.net.AbstractPlainSocketImpl.connect(AbstractPlainSocketImpl.java:182)
	at java.net.PlainSocketImpl.connect(PlainSocketImpl.java:172)
	at java.net.SocksSocketImpl.connect(SocksSocketImpl.java:392)
	at java.net.Socket.connect(Socket.java:579)
	at java.net.Socket.connect(Socket.java:528)
	at sun.net.NetworkClient.doConnect(NetworkClient.java:180)
	at sun.net.www.http.HttpClient.openServer(HttpClient.java:432)
	at sun.net.www.http.HttpClient.openServer(HttpClient.java:527)
	at sun.net.www.http.HttpClient.<init>(HttpClient.java:211)
	at sun.net.www.http.HttpClient.New(HttpClient.java:308)
	at sun.net.www.http.HttpClient.New(HttpClient.java:326)
	at sun.net.www.protocol.http.HttpURLConnection.getNewHttpClient(HttpURLConnection.java:996)
	at sun.net.www.protocol.http.HttpURLConnection.plainConnect(HttpURLConnection.java:932)
	at sun.net.www.protocol.http.HttpURLConnection.connect(HttpURLConnection.java:850)
	at org.springframework.http.client.SimpleBufferingClientHttpRequest.executeInternal(SimpleBufferingClientHttpRequest.java:78)
	at org.springframework.http.client.AbstractBufferingClientHttpRequest.executeInternal(AbstractBufferingClientHttpRequest.java:46)
	at org.springframework.http.client.AbstractClientHttpRequest.execute(AbstractClientHttpRequest.java:52)
	at org.springframework.web.client.RestTemplate.doExecute(RestTemplate.java:527)
	... 17 more
]]>
    </failure>
  </testcase> <!-- thatOrdersCanBeAddedAndQueried -->
  <testcase name="thatOrdersCanBeAddedAndQueried" time="0.339" classname="com.sprhib.TestService"/>
  <testcase name="thatOrdersCanBeAddedAndQueried" time="0.202" classname="com.sprhib.TestService"/>
  <testcase name="thatOrdersCanBeAddedAndQueried" time="0.345" classname="com.sprhib.TestService"/>
  <testcase name="thatOrdersCanBeAddedAndQueried" time="0.175" classname="com.sprhib.TestService"/>
  <testcase name="thatOrdersCanBeAddedAndQueried" time="0.137" classname="com.sprhib.TestService"/>
  <testcase name="thatOrdersCanBeAddedAndQueried" time="0.161" classname="com.sprhib.TestService"/>
  <testcase name="thatOrdersCanBeAddedAndQueried" time="0.178" classname="com.sprhib.TestService">
    <failure type="org.springframework.web.client.HttpServerErrorException" message="500 Internal Server Error">
      <![CDATA[org.springframework.web.client.HttpServerErrorException: 500 Internal Server Error
	at org.springframework.web.client.DefaultResponseErrorHandler.handleError(DefaultResponseErrorHandler.java:94)
	at org.springframework.web.client.RestTemplate.handleResponseError(RestTemplate.java:576)
	at org.springframework.web.client.RestTemplate.doExecute(RestTemplate.java:532)
	at org.springframework.web.client.RestTemplate.execute(RestTemplate.java:489)
	at org.springframework.web.client.RestTemplate.getForEntity(RestTemplate.java:250)
	at com.sprhib.TestService.thatOrdersCanBeAddedAndQueried(TestService.java:44)
	at sun.reflect.GeneratedMethodAccessor3.invoke(Unknown Source)
	at sun.reflect.DelegatingMethodAccessorImpl.invoke(DelegatingMethodAccessorImpl.java:43)
	at java.lang.reflect.Method.invoke(Method.java:606)
	at org.testng.internal.MethodInvocationHelper.invokeMethod(MethodInvocationHelper.java:84)
	at org.testng.internal.Invoker.invokeMethod(Invoker.java:714)
	at org.testng.internal.Invoker.invokeTestMethod(Invoker.java:901)
	at org.testng.internal.Invoker.invokeTestMethods(Invoker.java:1231)
	at org.testng.internal.TestMethodWorker.invokeTestMethods(TestMethodWorker.java:127)
	at org.testng.internal.TestMethodWorker.run(TestMethodWorker.java:111)
	at org.testng.internal.thread.ThreadUtil$2.call(ThreadUtil.java:64)
	at java.util.concurrent.FutureTask.run(FutureTask.java:262)
	at java.util.concurrent.ThreadPoolExecutor.runWorker(ThreadPoolExecutor.java:1145)
	at java.util.concurrent.ThreadPoolExecutor$Worker.run(ThreadPoolExecutor.java:615)
	at java.lang.Thread.run(Thread.java:745)
]]>
    </failure>
  </testcase> <!-- thatOrdersCanBeAddedAndQueried -->
  <testcase name="thatOrdersCanBeAddedAndQueried" time="0.235" classname="com.sprhib.TestService"/>
  <testcase name="thatOrdersCanBeAddedAndQueried" time="0.153" classname="com.sprhib.TestService"/>
  <testcase name="thatOrdersCanBeAddedAndQueried" time="0.232" classname="com.sprhib.TestService"/>
  <testcase name="thatOrdersCanBeAddedAndQueried" time="0.148" classname="com.sprhib.TestService"/>
  <testcase name="thatOrdersCanBeAddedAndQueried" time="0.131" classname="com.sprhib.TestService"/>
  <testcase name="thatOrdersCanBeAddedAndQueried" time="0.250" classname="com.sprhib.TestService"/>
  <testcase name="thatOrdersCanBeAddedAndQueried" time="0.252" classname="com.sprhib.TestService"/>
  <testcase name="thatOrdersCanBeAddedAndQueried" time="0.031" classname="com.sprhib.TestService">
    <failure type="org.springframework.web.client.ResourceAccessException" message="I/O error on GET request for &quot;http://localhost:8080/spr-mvc-hib/convertation/-110/EUR/USD&quot;:No buffer space available (maximum connections reached?): connect; nested exception is java.net.SocketException: No buffer space available (maximum connections reached?): connect">
      <![CDATA[org.springframework.web.client.ResourceAccessException: I/O error on GET request for "http://localhost:8080/spr-mvc-hib/convertation/-110/EUR/USD":No buffer space available (maximum connections reached?): connect; nested exception is java.net.SocketException: No buffer space available (maximum connections reached?): connect
	at org.springframework.web.client.RestTemplate.doExecute(RestTemplate.java:543)
	at org.springframework.web.client.RestTemplate.execute(RestTemplate.java:489)
	at org.springframework.web.client.RestTemplate.getForEntity(RestTemplate.java:250)
	at com.sprhib.TestService.thatOrdersCanBeAddedAndQueried(TestService.java:26)
	at sun.reflect.GeneratedMethodAccessor3.invoke(Unknown Source)
	at sun.reflect.DelegatingMethodAccessorImpl.invoke(DelegatingMethodAccessorImpl.java:43)
	at java.lang.reflect.Method.invoke(Method.java:606)
	at org.testng.internal.MethodInvocationHelper.invokeMethod(MethodInvocationHelper.java:84)
	at org.testng.internal.Invoker.invokeMethod(Invoker.java:714)
	at org.testng.internal.Invoker.invokeTestMethod(Invoker.java:901)
	at org.testng.internal.Invoker.invokeTestMethods(Invoker.java:1231)
	at org.testng.internal.TestMethodWorker.invokeTestMethods(TestMethodWorker.java:127)
	at org.testng.internal.TestMethodWorker.run(TestMethodWorker.java:111)
	at org.testng.internal.thread.ThreadUtil$2.call(ThreadUtil.java:64)
	at java.util.concurrent.FutureTask.run(FutureTask.java:262)
	at java.util.concurrent.ThreadPoolExecutor.runWorker(ThreadPoolExecutor.java:1145)
	at java.util.concurrent.ThreadPoolExecutor$Worker.run(ThreadPoolExecutor.java:615)
	at java.lang.Thread.run(Thread.java:745)
Caused by: java.net.SocketException: No buffer space available (maximum connections reached?): connect
	at java.net.DualStackPlainSocketImpl.connect0(Native Method)
	at java.net.DualStackPlainSocketImpl.socketConnect(DualStackPlainSocketImpl.java:79)
	at java.net.AbstractPlainSocketImpl.doConnect(AbstractPlainSocketImpl.java:339)
	at java.net.AbstractPlainSocketImpl.connectToAddress(AbstractPlainSocketImpl.java:200)
	at java.net.AbstractPlainSocketImpl.connect(AbstractPlainSocketImpl.java:182)
	at java.net.PlainSocketImpl.connect(PlainSocketImpl.java:172)
	at java.net.SocksSocketImpl.connect(SocksSocketImpl.java:392)
	at java.net.Socket.connect(Socket.java:579)
	at java.net.Socket.connect(Socket.java:528)
	at sun.net.NetworkClient.doConnect(NetworkClient.java:180)
	at sun.net.www.http.HttpClient.openServer(HttpClient.java:432)
	at sun.net.www.http.HttpClient.openServer(HttpClient.java:527)
	at sun.net.www.http.HttpClient.<init>(HttpClient.java:211)
	at sun.net.www.http.HttpClient.New(HttpClient.java:308)
	at sun.net.www.http.HttpClient.New(HttpClient.java:326)
	at sun.net.www.protocol.http.HttpURLConnection.getNewHttpClient(HttpURLConnection.java:996)
	at sun.net.www.protocol.http.HttpURLConnection.plainConnect(HttpURLConnection.java:932)
	at sun.net.www.protocol.http.HttpURLConnection.connect(HttpURLConnection.java:850)
	at org.springframework.http.client.SimpleBufferingClientHttpRequest.executeInternal(SimpleBufferingClientHttpRequest.java:78)
	at org.springframework.http.client.AbstractBufferingClientHttpRequest.executeInternal(AbstractBufferingClientHttpRequest.java:46)
	at org.springframework.http.client.AbstractClientHttpRequest.execute(AbstractClientHttpRequest.java:52)
	at org.springframework.web.client.RestTemplate.doExecute(RestTemplate.java:527)
	... 17 more
]]>
    </failure>
  </testcase> <!-- thatOrdersCanBeAddedAndQueried -->
  <testcase name="thatOrdersCanBeAddedAndQueried" time="0.177" classname="com.sprhib.TestService"/>
  <testcase name="thatOrdersCanBeAddedAndQueried" time="0.167" classname="com.sprhib.TestService"/>
  <testcase name="thatOrdersCanBeAddedAndQueried" time="0.147" classname="com.sprhib.TestService"/>
  <testcase name="thatOrdersCanBeAddedAndQueried" time="0.161" classname="com.sprhib.TestService"/>
  <testcase name="thatOrdersCanBeAddedAndQueried" time="0.179" classname="com.sprhib.TestService"/>
  <testcase name="thatOrdersCanBeAddedAndQueried" time="0.342" classname="com.sprhib.TestService"/>
  <testcase name="thatOrdersCanBeAddedAndQueried" time="0.193" classname="com.sprhib.TestService"/>
  <testcase name="thatOrdersCanBeAddedAndQueried" time="0.109" classname="com.sprhib.TestService"/>
  <testcase name="thatOrdersCanBeAddedAndQueried" time="0.242" classname="com.sprhib.TestService"/>
  <testcase name="thatOrdersCanBeAddedAndQueried" time="0.215" classname="com.sprhib.TestService"/>
  <testcase name="thatOrdersCanBeAddedAndQueried" time="0.268" classname="com.sprhib.TestService"/>
  <testcase name="thatOrdersCanBeAddedAndQueried" time="0.188" classname="com.sprhib.TestService"/>
  <testcase name="thatOrdersCanBeAddedAndQueried" time="0.230" classname="com.sprhib.TestService"/>
  <testcase name="thatOrdersCanBeAddedAndQueried" time="0.280" classname="com.sprhib.TestService"/>
  <testcase name="thatOrdersCanBeAddedAndQueried" time="0.170" classname="com.sprhib.TestService"/>
  <testcase name="thatOrdersCanBeAddedAndQueried" time="0.211" classname="com.sprhib.TestService"/>
  <testcase name="thatOrdersCanBeAddedAndQueried" time="0.138" classname="com.sprhib.TestService"/>
  <testcase name="thatOrdersCanBeAddedAndQueried" time="0.184" classname="com.sprhib.TestService"/>
  <testcase name="thatOrdersCanBeAddedAndQueried" time="0.141" classname="com.sprhib.TestService"/>
  <testcase name="thatOrdersCanBeAddedAndQueried" time="0.230" classname="com.sprhib.TestService"/>
  <testcase name="thatOrdersCanBeAddedAndQueried" time="0.252" classname="com.sprhib.TestService"/>
  <testcase name="thatOrdersCanBeAddedAndQueried" time="0.151" classname="com.sprhib.TestService"/>
  <testcase name="thatOrdersCanBeAddedAndQueried" time="0.205" classname="com.sprhib.TestService"/>
  <testcase name="thatOrdersCanBeAddedAndQueried" time="0.170" classname="com.sprhib.TestService"/>
  <testcase name="thatOrdersCanBeAddedAndQueried" time="0.196" classname="com.sprhib.TestService"/>
  <testcase name="thatOrdersCanBeAddedAndQueried" time="0.433" classname="com.sprhib.TestService"/>
  <testcase name="thatOrdersCanBeAddedAndQueried" time="0.120" classname="com.sprhib.TestService">
    <failure type="org.springframework.web.client.HttpServerErrorException" message="500 Internal Server Error">
      <![CDATA[org.springframework.web.client.HttpServerErrorException: 500 Internal Server Error
	at org.springframework.web.client.DefaultResponseErrorHandler.handleError(DefaultResponseErrorHandler.java:94)
	at org.springframework.web.client.RestTemplate.handleResponseError(RestTemplate.java:576)
	at org.springframework.web.client.RestTemplate.doExecute(RestTemplate.java:532)
	at org.springframework.web.client.RestTemplate.execute(RestTemplate.java:489)
	at org.springframework.web.client.RestTemplate.getForEntity(RestTemplate.java:250)
	at com.sprhib.TestService.thatOrdersCanBeAddedAndQueried(TestService.java:39)
	at sun.reflect.GeneratedMethodAccessor3.invoke(Unknown Source)
	at sun.reflect.DelegatingMethodAccessorImpl.invoke(DelegatingMethodAccessorImpl.java:43)
	at java.lang.reflect.Method.invoke(Method.java:606)
	at org.testng.internal.MethodInvocationHelper.invokeMethod(MethodInvocationHelper.java:84)
	at org.testng.internal.Invoker.invokeMethod(Invoker.java:714)
	at org.testng.internal.Invoker.invokeTestMethod(Invoker.java:901)
	at org.testng.internal.Invoker.invokeTestMethods(Invoker.java:1231)
	at org.testng.internal.TestMethodWorker.invokeTestMethods(TestMethodWorker.java:127)
	at org.testng.internal.TestMethodWorker.run(TestMethodWorker.java:111)
	at org.testng.internal.thread.ThreadUtil$2.call(ThreadUtil.java:64)
	at java.util.concurrent.FutureTask.run(FutureTask.java:262)
	at java.util.concurrent.ThreadPoolExecutor.runWorker(ThreadPoolExecutor.java:1145)
	at java.util.concurrent.ThreadPoolExecutor$Worker.run(ThreadPoolExecutor.java:615)
	at java.lang.Thread.run(Thread.java:745)
]]>
    </failure>
  </testcase> <!-- thatOrdersCanBeAddedAndQueried -->
  <testcase name="thatOrdersCanBeAddedAndQueried" time="0.205" classname="com.sprhib.TestService"/>
  <testcase name="thatOrdersCanBeAddedAndQueried" time="0.126" classname="com.sprhib.TestService"/>
  <testcase name="thatOrdersCanBeAddedAndQueried" time="0.155" classname="com.sprhib.TestService"/>
  <testcase name="thatOrdersCanBeAddedAndQueried" time="0.025" classname="com.sprhib.TestService">
    <failure type="org.springframework.web.client.ResourceAccessException" message="I/O error on GET request for &quot;http://localhost:8080/spr-mvc-hib/convertation/-110/EUR/USD&quot;:No buffer space available (maximum connections reached?): connect; nested exception is java.net.SocketException: No buffer space available (maximum connections reached?): connect">
      <![CDATA[org.springframework.web.client.ResourceAccessException: I/O error on GET request for "http://localhost:8080/spr-mvc-hib/convertation/-110/EUR/USD":No buffer space available (maximum connections reached?): connect; nested exception is java.net.SocketException: No buffer space available (maximum connections reached?): connect
	at org.springframework.web.client.RestTemplate.doExecute(RestTemplate.java:543)
	at org.springframework.web.client.RestTemplate.execute(RestTemplate.java:489)
	at org.springframework.web.client.RestTemplate.getForEntity(RestTemplate.java:250)
	at com.sprhib.TestService.thatOrdersCanBeAddedAndQueried(TestService.java:26)
	at sun.reflect.GeneratedMethodAccessor3.invoke(Unknown Source)
	at sun.reflect.DelegatingMethodAccessorImpl.invoke(DelegatingMethodAccessorImpl.java:43)
	at java.lang.reflect.Method.invoke(Method.java:606)
	at org.testng.internal.MethodInvocationHelper.invokeMethod(MethodInvocationHelper.java:84)
	at org.testng.internal.Invoker.invokeMethod(Invoker.java:714)
	at org.testng.internal.Invoker.invokeTestMethod(Invoker.java:901)
	at org.testng.internal.Invoker.invokeTestMethods(Invoker.java:1231)
	at org.testng.internal.TestMethodWorker.invokeTestMethods(TestMethodWorker.java:127)
	at org.testng.internal.TestMethodWorker.run(TestMethodWorker.java:111)
	at org.testng.internal.thread.ThreadUtil$2.call(ThreadUtil.java:64)
	at java.util.concurrent.FutureTask.run(FutureTask.java:262)
	at java.util.concurrent.ThreadPoolExecutor.runWorker(ThreadPoolExecutor.java:1145)
	at java.util.concurrent.ThreadPoolExecutor$Worker.run(ThreadPoolExecutor.java:615)
	at java.lang.Thread.run(Thread.java:745)
Caused by: java.net.SocketException: No buffer space available (maximum connections reached?): connect
	at java.net.DualStackPlainSocketImpl.connect0(Native Method)
	at java.net.DualStackPlainSocketImpl.socketConnect(DualStackPlainSocketImpl.java:79)
	at java.net.AbstractPlainSocketImpl.doConnect(AbstractPlainSocketImpl.java:339)
	at java.net.AbstractPlainSocketImpl.connectToAddress(AbstractPlainSocketImpl.java:200)
	at java.net.AbstractPlainSocketImpl.connect(AbstractPlainSocketImpl.java:182)
	at java.net.PlainSocketImpl.connect(PlainSocketImpl.java:172)
	at java.net.SocksSocketImpl.connect(SocksSocketImpl.java:392)
	at java.net.Socket.connect(Socket.java:579)
	at java.net.Socket.connect(Socket.java:528)
	at sun.net.NetworkClient.doConnect(NetworkClient.java:180)
	at sun.net.www.http.HttpClient.openServer(HttpClient.java:432)
	at sun.net.www.http.HttpClient.openServer(HttpClient.java:527)
	at sun.net.www.http.HttpClient.<init>(HttpClient.java:211)
	at sun.net.www.http.HttpClient.New(HttpClient.java:308)
	at sun.net.www.http.HttpClient.New(HttpClient.java:326)
	at sun.net.www.protocol.http.HttpURLConnection.getNewHttpClient(HttpURLConnection.java:996)
	at sun.net.www.protocol.http.HttpURLConnection.plainConnect(HttpURLConnection.java:932)
	at sun.net.www.protocol.http.HttpURLConnection.connect(HttpURLConnection.java:850)
	at org.springframework.http.client.SimpleBufferingClientHttpRequest.executeInternal(SimpleBufferingClientHttpRequest.java:78)
	at org.springframework.http.client.AbstractBufferingClientHttpRequest.executeInternal(AbstractBufferingClientHttpRequest.java:46)
	at org.springframework.http.client.AbstractClientHttpRequest.execute(AbstractClientHttpRequest.java:52)
	at org.springframework.web.client.RestTemplate.doExecute(RestTemplate.java:527)
	... 17 more
]]>
    </failure>
  </testcase> <!-- thatOrdersCanBeAddedAndQueried -->
  <testcase name="thatOrdersCanBeAddedAndQueried" time="0.167" classname="com.sprhib.TestService"/>
  <testcase name="thatOrdersCanBeAddedAndQueried" time="0.026" classname="com.sprhib.TestService">
    <failure type="org.springframework.web.client.ResourceAccessException" message="I/O error on GET request for &quot;http://localhost:8080/spr-mvc-hib/convertation/-110/EUR/USD&quot;:No buffer space available (maximum connections reached?): connect; nested exception is java.net.SocketException: No buffer space available (maximum connections reached?): connect">
      <![CDATA[org.springframework.web.client.ResourceAccessException: I/O error on GET request for "http://localhost:8080/spr-mvc-hib/convertation/-110/EUR/USD":No buffer space available (maximum connections reached?): connect; nested exception is java.net.SocketException: No buffer space available (maximum connections reached?): connect
	at org.springframework.web.client.RestTemplate.doExecute(RestTemplate.java:543)
	at org.springframework.web.client.RestTemplate.execute(RestTemplate.java:489)
	at org.springframework.web.client.RestTemplate.getForEntity(RestTemplate.java:250)
	at com.sprhib.TestService.thatOrdersCanBeAddedAndQueried(TestService.java:26)
	at sun.reflect.GeneratedMethodAccessor3.invoke(Unknown Source)
	at sun.reflect.DelegatingMethodAccessorImpl.invoke(DelegatingMethodAccessorImpl.java:43)
	at java.lang.reflect.Method.invoke(Method.java:606)
	at org.testng.internal.MethodInvocationHelper.invokeMethod(MethodInvocationHelper.java:84)
	at org.testng.internal.Invoker.invokeMethod(Invoker.java:714)
	at org.testng.internal.Invoker.invokeTestMethod(Invoker.java:901)
	at org.testng.internal.Invoker.invokeTestMethods(Invoker.java:1231)
	at org.testng.internal.TestMethodWorker.invokeTestMethods(TestMethodWorker.java:127)
	at org.testng.internal.TestMethodWorker.run(TestMethodWorker.java:111)
	at org.testng.internal.thread.ThreadUtil$2.call(ThreadUtil.java:64)
	at java.util.concurrent.FutureTask.run(FutureTask.java:262)
	at java.util.concurrent.ThreadPoolExecutor.runWorker(ThreadPoolExecutor.java:1145)
	at java.util.concurrent.ThreadPoolExecutor$Worker.run(ThreadPoolExecutor.java:615)
	at java.lang.Thread.run(Thread.java:745)
Caused by: java.net.SocketException: No buffer space available (maximum connections reached?): connect
	at java.net.DualStackPlainSocketImpl.connect0(Native Method)
	at java.net.DualStackPlainSocketImpl.socketConnect(DualStackPlainSocketImpl.java:79)
	at java.net.AbstractPlainSocketImpl.doConnect(AbstractPlainSocketImpl.java:339)
	at java.net.AbstractPlainSocketImpl.connectToAddress(AbstractPlainSocketImpl.java:200)
	at java.net.AbstractPlainSocketImpl.connect(AbstractPlainSocketImpl.java:182)
	at java.net.PlainSocketImpl.connect(PlainSocketImpl.java:172)
	at java.net.SocksSocketImpl.connect(SocksSocketImpl.java:392)
	at java.net.Socket.connect(Socket.java:579)
	at java.net.Socket.connect(Socket.java:528)
	at sun.net.NetworkClient.doConnect(NetworkClient.java:180)
	at sun.net.www.http.HttpClient.openServer(HttpClient.java:432)
	at sun.net.www.http.HttpClient.openServer(HttpClient.java:527)
	at sun.net.www.http.HttpClient.<init>(HttpClient.java:211)
	at sun.net.www.http.HttpClient.New(HttpClient.java:308)
	at sun.net.www.http.HttpClient.New(HttpClient.java:326)
	at sun.net.www.protocol.http.HttpURLConnection.getNewHttpClient(HttpURLConnection.java:996)
	at sun.net.www.protocol.http.HttpURLConnection.plainConnect(HttpURLConnection.java:932)
	at sun.net.www.protocol.http.HttpURLConnection.connect(HttpURLConnection.java:850)
	at org.springframework.http.client.SimpleBufferingClientHttpRequest.executeInternal(SimpleBufferingClientHttpRequest.java:78)
	at org.springframework.http.client.AbstractBufferingClientHttpRequest.executeInternal(AbstractBufferingClientHttpRequest.java:46)
	at org.springframework.http.client.AbstractClientHttpRequest.execute(AbstractClientHttpRequest.java:52)
	at org.springframework.web.client.RestTemplate.doExecute(RestTemplate.java:527)
	... 17 more
]]>
    </failure>
  </testcase> <!-- thatOrdersCanBeAddedAndQueried -->
  <testcase name="thatOrdersCanBeAddedAndQueried" time="0.184" classname="com.sprhib.TestService"/>
  <testcase name="thatOrdersCanBeAddedAndQueried" time="0.212" classname="com.sprhib.TestService"/>
  <testcase name="thatOrdersCanBeAddedAndQueried" time="0.159" classname="com.sprhib.TestService"/>
  <testcase name="thatOrdersCanBeAddedAndQueried" time="0.265" classname="com.sprhib.TestService"/>
  <testcase name="thatOrdersCanBeAddedAndQueried" time="0.111" classname="com.sprhib.TestService"/>
  <testcase name="thatOrdersCanBeAddedAndQueried" time="0.182" classname="com.sprhib.TestService"/>
  <testcase name="thatOrdersCanBeAddedAndQueried" time="0.142" classname="com.sprhib.TestService"/>
  <testcase name="thatOrdersCanBeAddedAndQueried" time="0.156" classname="com.sprhib.TestService"/>
  <testcase name="thatOrdersCanBeAddedAndQueried" time="0.211" classname="com.sprhib.TestService"/>
  <testcase name="thatOrdersCanBeAddedAndQueried" time="0.199" classname="com.sprhib.TestService"/>
  <testcase name="thatOrdersCanBeAddedAndQueried" time="0.123" classname="com.sprhib.TestService"/>
  <testcase name="thatOrdersCanBeAddedAndQueried" time="0.255" classname="com.sprhib.TestService"/>
  <testcase name="thatOrdersCanBeAddedAndQueried" time="0.211" classname="com.sprhib.TestService"/>
  <testcase name="thatOrdersCanBeAddedAndQueried" time="0.182" classname="com.sprhib.TestService"/>
  <testcase name="thatOrdersCanBeAddedAndQueried" time="0.100" classname="com.sprhib.TestService"/>
  <testcase name="thatOrdersCanBeAddedAndQueried" time="0.172" classname="com.sprhib.TestService"/>
  <testcase name="thatOrdersCanBeAddedAndQueried" time="0.109" classname="com.sprhib.TestService"/>
  <testcase name="thatOrdersCanBeAddedAndQueried" time="0.198" classname="com.sprhib.TestService"/>
  <testcase name="thatOrdersCanBeAddedAndQueried" time="0.230" classname="com.sprhib.TestService"/>
  <testcase name="thatOrdersCanBeAddedAndQueried" time="0.195" classname="com.sprhib.TestService"/>
  <testcase name="thatOrdersCanBeAddedAndQueried" time="0.144" classname="com.sprhib.TestService"/>
  <testcase name="thatOrdersCanBeAddedAndQueried" time="0.279" classname="com.sprhib.TestService"/>
  <testcase name="thatOrdersCanBeAddedAndQueried" time="0.297" classname="com.sprhib.TestService"/>
  <testcase name="thatOrdersCanBeAddedAndQueried" time="0.169" classname="com.sprhib.TestService"/>
  <testcase name="thatOrdersCanBeAddedAndQueried" time="0.235" classname="com.sprhib.TestService"/>
  <testcase name="thatOrdersCanBeAddedAndQueried" time="0.218" classname="com.sprhib.TestService"/>
  <testcase name="thatOrdersCanBeAddedAndQueried" time="0.204" classname="com.sprhib.TestService"/>
  <testcase name="thatOrdersCanBeAddedAndQueried" time="0.215" classname="com.sprhib.TestService"/>
  <testcase name="thatOrdersCanBeAddedAndQueried" time="0.136" classname="com.sprhib.TestService"/>
  <testcase name="thatOrdersCanBeAddedAndQueried" time="0.034" classname="com.sprhib.TestService">
    <failure type="org.springframework.web.client.ResourceAccessException" message="I/O error on GET request for &quot;http://localhost:8080/spr-mvc-hib/convertation/-110/EUR/USD&quot;:No buffer space available (maximum connections reached?): connect; nested exception is java.net.SocketException: No buffer space available (maximum connections reached?): connect">
      <![CDATA[org.springframework.web.client.ResourceAccessException: I/O error on GET request for "http://localhost:8080/spr-mvc-hib/convertation/-110/EUR/USD":No buffer space available (maximum connections reached?): connect; nested exception is java.net.SocketException: No buffer space available (maximum connections reached?): connect
	at org.springframework.web.client.RestTemplate.doExecute(RestTemplate.java:543)
	at org.springframework.web.client.RestTemplate.execute(RestTemplate.java:489)
	at org.springframework.web.client.RestTemplate.getForEntity(RestTemplate.java:250)
	at com.sprhib.TestService.thatOrdersCanBeAddedAndQueried(TestService.java:26)
	at sun.reflect.GeneratedMethodAccessor3.invoke(Unknown Source)
	at sun.reflect.DelegatingMethodAccessorImpl.invoke(DelegatingMethodAccessorImpl.java:43)
	at java.lang.reflect.Method.invoke(Method.java:606)
	at org.testng.internal.MethodInvocationHelper.invokeMethod(MethodInvocationHelper.java:84)
	at org.testng.internal.Invoker.invokeMethod(Invoker.java:714)
	at org.testng.internal.Invoker.invokeTestMethod(Invoker.java:901)
	at org.testng.internal.Invoker.invokeTestMethods(Invoker.java:1231)
	at org.testng.internal.TestMethodWorker.invokeTestMethods(TestMethodWorker.java:127)
	at org.testng.internal.TestMethodWorker.run(TestMethodWorker.java:111)
	at org.testng.internal.thread.ThreadUtil$2.call(ThreadUtil.java:64)
	at java.util.concurrent.FutureTask.run(FutureTask.java:262)
	at java.util.concurrent.ThreadPoolExecutor.runWorker(ThreadPoolExecutor.java:1145)
	at java.util.concurrent.ThreadPoolExecutor$Worker.run(ThreadPoolExecutor.java:615)
	at java.lang.Thread.run(Thread.java:745)
Caused by: java.net.SocketException: No buffer space available (maximum connections reached?): connect
	at java.net.DualStackPlainSocketImpl.connect0(Native Method)
	at java.net.DualStackPlainSocketImpl.socketConnect(DualStackPlainSocketImpl.java:79)
	at java.net.AbstractPlainSocketImpl.doConnect(AbstractPlainSocketImpl.java:339)
	at java.net.AbstractPlainSocketImpl.connectToAddress(AbstractPlainSocketImpl.java:200)
	at java.net.AbstractPlainSocketImpl.connect(AbstractPlainSocketImpl.java:182)
	at java.net.PlainSocketImpl.connect(PlainSocketImpl.java:172)
	at java.net.SocksSocketImpl.connect(SocksSocketImpl.java:392)
	at java.net.Socket.connect(Socket.java:579)
	at java.net.Socket.connect(Socket.java:528)
	at sun.net.NetworkClient.doConnect(NetworkClient.java:180)
	at sun.net.www.http.HttpClient.openServer(HttpClient.java:432)
	at sun.net.www.http.HttpClient.openServer(HttpClient.java:527)
	at sun.net.www.http.HttpClient.<init>(HttpClient.java:211)
	at sun.net.www.http.HttpClient.New(HttpClient.java:308)
	at sun.net.www.http.HttpClient.New(HttpClient.java:326)
	at sun.net.www.protocol.http.HttpURLConnection.getNewHttpClient(HttpURLConnection.java:996)
	at sun.net.www.protocol.http.HttpURLConnection.plainConnect(HttpURLConnection.java:932)
	at sun.net.www.protocol.http.HttpURLConnection.connect(HttpURLConnection.java:850)
	at org.springframework.http.client.SimpleBufferingClientHttpRequest.executeInternal(SimpleBufferingClientHttpRequest.java:78)
	at org.springframework.http.client.AbstractBufferingClientHttpRequest.executeInternal(AbstractBufferingClientHttpRequest.java:46)
	at org.springframework.http.client.AbstractClientHttpRequest.execute(AbstractClientHttpRequest.java:52)
	at org.springframework.web.client.RestTemplate.doExecute(RestTemplate.java:527)
	... 17 more
]]>
    </failure>
  </testcase> <!-- thatOrdersCanBeAddedAndQueried -->
  <testcase name="thatOrdersCanBeAddedAndQueried" time="0.256" classname="com.sprhib.TestService"/>
  <testcase name="thatOrdersCanBeAddedAndQueried" time="0.178" classname="com.sprhib.TestService"/>
  <testcase name="thatOrdersCanBeAddedAndQueried" time="0.203" classname="com.sprhib.TestService"/>
  <testcase name="thatOrdersCanBeAddedAndQueried" time="0.239" classname="com.sprhib.TestService"/>
  <testcase name="thatOrdersCanBeAddedAndQueried" time="0.191" classname="com.sprhib.TestService"/>
  <testcase name="thatOrdersCanBeAddedAndQueried" time="0.160" classname="com.sprhib.TestService"/>
  <testcase name="thatOrdersCanBeAddedAndQueried" time="0.341" classname="com.sprhib.TestService"/>
  <testcase name="thatOrdersCanBeAddedAndQueried" time="0.275" classname="com.sprhib.TestService"/>
  <testcase name="thatOrdersCanBeAddedAndQueried" time="0.207" classname="com.sprhib.TestService"/>
  <testcase name="thatOrdersCanBeAddedAndQueried" time="0.483" classname="com.sprhib.TestService"/>
  <testcase name="thatOrdersCanBeAddedAndQueried" time="0.151" classname="com.sprhib.TestService"/>
  <testcase name="thatOrdersCanBeAddedAndQueried" time="0.144" classname="com.sprhib.TestService"/>
  <testcase name="thatOrdersCanBeAddedAndQueried" time="0.022" classname="com.sprhib.TestService">
    <failure type="org.springframework.web.client.ResourceAccessException" message="I/O error on GET request for &quot;http://localhost:8080/spr-mvc-hib/convertation/-110/EUR/USD&quot;:No buffer space available (maximum connections reached?): connect; nested exception is java.net.SocketException: No buffer space available (maximum connections reached?): connect">
      <![CDATA[org.springframework.web.client.ResourceAccessException: I/O error on GET request for "http://localhost:8080/spr-mvc-hib/convertation/-110/EUR/USD":No buffer space available (maximum connections reached?): connect; nested exception is java.net.SocketException: No buffer space available (maximum connections reached?): connect
	at org.springframework.web.client.RestTemplate.doExecute(RestTemplate.java:543)
	at org.springframework.web.client.RestTemplate.execute(RestTemplate.java:489)
	at org.springframework.web.client.RestTemplate.getForEntity(RestTemplate.java:250)
	at com.sprhib.TestService.thatOrdersCanBeAddedAndQueried(TestService.java:26)
	at sun.reflect.GeneratedMethodAccessor3.invoke(Unknown Source)
	at sun.reflect.DelegatingMethodAccessorImpl.invoke(DelegatingMethodAccessorImpl.java:43)
	at java.lang.reflect.Method.invoke(Method.java:606)
	at org.testng.internal.MethodInvocationHelper.invokeMethod(MethodInvocationHelper.java:84)
	at org.testng.internal.Invoker.invokeMethod(Invoker.java:714)
	at org.testng.internal.Invoker.invokeTestMethod(Invoker.java:901)
	at org.testng.internal.Invoker.invokeTestMethods(Invoker.java:1231)
	at org.testng.internal.TestMethodWorker.invokeTestMethods(TestMethodWorker.java:127)
	at org.testng.internal.TestMethodWorker.run(TestMethodWorker.java:111)
	at org.testng.internal.thread.ThreadUtil$2.call(ThreadUtil.java:64)
	at java.util.concurrent.FutureTask.run(FutureTask.java:262)
	at java.util.concurrent.ThreadPoolExecutor.runWorker(ThreadPoolExecutor.java:1145)
	at java.util.concurrent.ThreadPoolExecutor$Worker.run(ThreadPoolExecutor.java:615)
	at java.lang.Thread.run(Thread.java:745)
Caused by: java.net.SocketException: No buffer space available (maximum connections reached?): connect
	at java.net.DualStackPlainSocketImpl.connect0(Native Method)
	at java.net.DualStackPlainSocketImpl.socketConnect(DualStackPlainSocketImpl.java:79)
	at java.net.AbstractPlainSocketImpl.doConnect(AbstractPlainSocketImpl.java:339)
	at java.net.AbstractPlainSocketImpl.connectToAddress(AbstractPlainSocketImpl.java:200)
	at java.net.AbstractPlainSocketImpl.connect(AbstractPlainSocketImpl.java:182)
	at java.net.PlainSocketImpl.connect(PlainSocketImpl.java:172)
	at java.net.SocksSocketImpl.connect(SocksSocketImpl.java:392)
	at java.net.Socket.connect(Socket.java:579)
	at java.net.Socket.connect(Socket.java:528)
	at sun.net.NetworkClient.doConnect(NetworkClient.java:180)
	at sun.net.www.http.HttpClient.openServer(HttpClient.java:432)
	at sun.net.www.http.HttpClient.openServer(HttpClient.java:527)
	at sun.net.www.http.HttpClient.<init>(HttpClient.java:211)
	at sun.net.www.http.HttpClient.New(HttpClient.java:308)
	at sun.net.www.http.HttpClient.New(HttpClient.java:326)
	at sun.net.www.protocol.http.HttpURLConnection.getNewHttpClient(HttpURLConnection.java:996)
	at sun.net.www.protocol.http.HttpURLConnection.plainConnect(HttpURLConnection.java:932)
	at sun.net.www.protocol.http.HttpURLConnection.connect(HttpURLConnection.java:850)
	at org.springframework.http.client.SimpleBufferingClientHttpRequest.executeInternal(SimpleBufferingClientHttpRequest.java:78)
	at org.springframework.http.client.AbstractBufferingClientHttpRequest.executeInternal(AbstractBufferingClientHttpRequest.java:46)
	at org.springframework.http.client.AbstractClientHttpRequest.execute(AbstractClientHttpRequest.java:52)
	at org.springframework.web.client.RestTemplate.doExecute(RestTemplate.java:527)
	... 17 more
]]>
    </failure>
  </testcase> <!-- thatOrdersCanBeAddedAndQueried -->
  <testcase name="thatOrdersCanBeAddedAndQueried" time="0.193" classname="com.sprhib.TestService"/>
  <testcase name="thatOrdersCanBeAddedAndQueried" time="0.339" classname="com.sprhib.TestService"/>
  <testcase name="thatOrdersCanBeAddedAndQueried" time="0.192" classname="com.sprhib.TestService"/>
  <testcase name="thatOrdersCanBeAddedAndQueried" time="0.191" classname="com.sprhib.TestService"/>
  <testcase name="thatOrdersCanBeAddedAndQueried" time="0.234" classname="com.sprhib.TestService"/>
  <testcase name="thatOrdersCanBeAddedAndQueried" time="0.120" classname="com.sprhib.TestService"/>
  <testcase name="thatOrdersCanBeAddedAndQueried" time="0.231" classname="com.sprhib.TestService"/>
  <testcase name="thatOrdersCanBeAddedAndQueried" time="0.173" classname="com.sprhib.TestService"/>
  <testcase name="thatOrdersCanBeAddedAndQueried" time="0.309" classname="com.sprhib.TestService"/>
  <testcase name="thatOrdersCanBeAddedAndQueried" time="0.160" classname="com.sprhib.TestService"/>
  <testcase name="thatOrdersCanBeAddedAndQueried" time="0.181" classname="com.sprhib.TestService"/>
  <testcase name="thatOrdersCanBeAddedAndQueried" time="0.148" classname="com.sprhib.TestService"/>
  <testcase name="thatOrdersCanBeAddedAndQueried" time="0.173" classname="com.sprhib.TestService"/>
  <testcase name="thatOrdersCanBeAddedAndQueried" time="0.104" classname="com.sprhib.TestService"/>
  <testcase name="thatOrdersCanBeAddedAndQueried" time="0.152" classname="com.sprhib.TestService"/>
  <testcase name="thatOrdersCanBeAddedAndQueried" time="0.192" classname="com.sprhib.TestService"/>
  <testcase name="thatOrdersCanBeAddedAndQueried" time="0.301" classname="com.sprhib.TestService"/>
  <testcase name="thatOrdersCanBeAddedAndQueried" time="0.162" classname="com.sprhib.TestService"/>
  <testcase name="thatOrdersCanBeAddedAndQueried" time="1.106" classname="com.sprhib.TestService"/>
  <testcase name="thatOrdersCanBeAddedAndQueried" time="0.210" classname="com.sprhib.TestService"/>
  <testcase name="thatOrdersCanBeAddedAndQueried" time="0.212" classname="com.sprhib.TestService"/>
  <testcase name="thatOrdersCanBeAddedAndQueried" time="0.192" classname="com.sprhib.TestService"/>
  <testcase name="thatOrdersCanBeAddedAndQueried" time="0.214" classname="com.sprhib.TestService"/>
  <testcase name="thatOrdersCanBeAddedAndQueried" time="0.202" classname="com.sprhib.TestService"/>
  <testcase name="thatOrdersCanBeAddedAndQueried" time="0.147" classname="com.sprhib.TestService"/>
  <testcase name="thatOrdersCanBeAddedAndQueried" time="0.132" classname="com.sprhib.TestService"/>
  <testcase name="thatOrdersCanBeAddedAndQueried" time="0.155" classname="com.sprhib.TestService"/>
  <testcase name="thatOrdersCanBeAddedAndQueried" time="0.154" classname="com.sprhib.TestService"/>
  <testcase name="thatOrdersCanBeAddedAndQueried" time="0.195" classname="com.sprhib.TestService"/>
  <testcase name="thatOrdersCanBeAddedAndQueried" time="0.172" classname="com.sprhib.TestService"/>
  <testcase name="thatOrdersCanBeAddedAndQueried" time="0.227" classname="com.sprhib.TestService"/>
  <testcase name="thatOrdersCanBeAddedAndQueried" time="0.209" classname="com.sprhib.TestService"/>
  <testcase name="thatOrdersCanBeAddedAndQueried" time="0.185" classname="com.sprhib.TestService"/>
  <testcase name="thatOrdersCanBeAddedAndQueried" time="0.178" classname="com.sprhib.TestService"/>
  <testcase name="thatOrdersCanBeAddedAndQueried" time="0.143" classname="com.sprhib.TestService"/>
  <testcase name="thatOrdersCanBeAddedAndQueried" time="0.185" classname="com.sprhib.TestService"/>
  <testcase name="thatOrdersCanBeAddedAndQueried" time="0.163" classname="com.sprhib.TestService"/>
  <testcase name="thatOrdersCanBeAddedAndQueried" time="0.164" classname="com.sprhib.TestService"/>
  <testcase name="thatOrdersCanBeAddedAndQueried" time="0.214" classname="com.sprhib.TestService"/>
  <testcase name="thatOrdersCanBeAddedAndQueried" time="0.193" classname="com.sprhib.TestService"/>
  <testcase name="thatOrdersCanBeAddedAndQueried" time="0.243" classname="com.sprhib.TestService"/>
  <testcase name="thatOrdersCanBeAddedAndQueried" time="0.202" classname="com.sprhib.TestService"/>
  <testcase name="thatOrdersCanBeAddedAndQueried" time="0.288" classname="com.sprhib.TestService"/>
  <testcase name="thatOrdersCanBeAddedAndQueried" time="0.291" classname="com.sprhib.TestService"/>
  <testcase name="thatOrdersCanBeAddedAndQueried" time="0.120" classname="com.sprhib.TestService"/>
  <testcase name="thatOrdersCanBeAddedAndQueried" time="0.187" classname="com.sprhib.TestService"/>
  <testcase name="thatOrdersCanBeAddedAndQueried" time="0.273" classname="com.sprhib.TestService"/>
  <testcase name="thatOrdersCanBeAddedAndQueried" time="0.105" classname="com.sprhib.TestService"/>
  <testcase name="thatOrdersCanBeAddedAndQueried" time="0.178" classname="com.sprhib.TestService"/>
  <testcase name="thatOrdersCanBeAddedAndQueried" time="0.167" classname="com.sprhib.TestService"/>
  <testcase name="thatOrdersCanBeAddedAndQueried" time="0.147" classname="com.sprhib.TestService"/>
  <testcase name="thatOrdersCanBeAddedAndQueried" time="0.294" classname="com.sprhib.TestService"/>
  <testcase name="thatOrdersCanBeAddedAndQueried" time="0.186" classname="com.sprhib.TestService"/>
  <testcase name="thatOrdersCanBeAddedAndQueried" time="0.212" classname="com.sprhib.TestService"/>
  <testcase name="thatOrdersCanBeAddedAndQueried" time="0.136" classname="com.sprhib.TestService"/>
  <testcase name="thatOrdersCanBeAddedAndQueried" time="0.168" classname="com.sprhib.TestService"/>
  <testcase name="thatOrdersCanBeAddedAndQueried" time="0.160" classname="com.sprhib.TestService"/>
  <testcase name="thatOrdersCanBeAddedAndQueried" time="0.245" classname="com.sprhib.TestService"/>
  <testcase name="thatOrdersCanBeAddedAndQueried" time="0.184" classname="com.sprhib.TestService"/>
  <testcase name="thatOrdersCanBeAddedAndQueried" time="0.157" classname="com.sprhib.TestService"/>
  <testcase name="thatOrdersCanBeAddedAndQueried" time="0.164" classname="com.sprhib.TestService"/>
  <testcase name="thatOrdersCanBeAddedAndQueried" time="0.218" classname="com.sprhib.TestService"/>
  <testcase name="thatOrdersCanBeAddedAndQueried" time="0.155" classname="com.sprhib.TestService"/>
  <testcase name="thatOrdersCanBeAddedAndQueried" time="0.146" classname="com.sprhib.TestService"/>
  <testcase name="thatOrdersCanBeAddedAndQueried" time="0.192" classname="com.sprhib.TestService"/>
  <testcase name="thatOrdersCanBeAddedAndQueried" time="0.208" classname="com.sprhib.TestService"/>
  <testcase name="thatOrdersCanBeAddedAndQueried" time="0.168" classname="com.sprhib.TestService"/>
  <testcase name="thatOrdersCanBeAddedAndQueried" time="0.146" classname="com.sprhib.TestService"/>
  <testcase name="thatOrdersCanBeAddedAndQueried" time="0.164" classname="com.sprhib.TestService"/>
  <testcase name="thatOrdersCanBeAddedAndQueried" time="0.287" classname="com.sprhib.TestService"/>
  <testcase name="thatOrdersCanBeAddedAndQueried" time="0.262" classname="com.sprhib.TestService"/>
  <testcase name="thatOrdersCanBeAddedAndQueried" time="0.162" classname="com.sprhib.TestService"/>
  <testcase name="thatOrdersCanBeAddedAndQueried" time="0.210" classname="com.sprhib.TestService"/>
  <testcase name="thatOrdersCanBeAddedAndQueried" time="0.136" classname="com.sprhib.TestService"/>
  <testcase name="thatOrdersCanBeAddedAndQueried" time="0.206" classname="com.sprhib.TestService"/>
  <testcase name="thatOrdersCanBeAddedAndQueried" time="0.051" classname="com.sprhib.TestService">
    <failure type="org.springframework.web.client.ResourceAccessException" message="I/O error on GET request for &quot;http://localhost:8080/spr-mvc-hib/convertation/-110/EUR/USD&quot;:No buffer space available (maximum connections reached?): connect; nested exception is java.net.SocketException: No buffer space available (maximum connections reached?): connect">
      <![CDATA[org.springframework.web.client.ResourceAccessException: I/O error on GET request for "http://localhost:8080/spr-mvc-hib/convertation/-110/EUR/USD":No buffer space available (maximum connections reached?): connect; nested exception is java.net.SocketException: No buffer space available (maximum connections reached?): connect
	at org.springframework.web.client.RestTemplate.doExecute(RestTemplate.java:543)
	at org.springframework.web.client.RestTemplate.execute(RestTemplate.java:489)
	at org.springframework.web.client.RestTemplate.getForEntity(RestTemplate.java:250)
	at com.sprhib.TestService.thatOrdersCanBeAddedAndQueried(TestService.java:26)
	at sun.reflect.GeneratedMethodAccessor3.invoke(Unknown Source)
	at sun.reflect.DelegatingMethodAccessorImpl.invoke(DelegatingMethodAccessorImpl.java:43)
	at java.lang.reflect.Method.invoke(Method.java:606)
	at org.testng.internal.MethodInvocationHelper.invokeMethod(MethodInvocationHelper.java:84)
	at org.testng.internal.Invoker.invokeMethod(Invoker.java:714)
	at org.testng.internal.Invoker.invokeTestMethod(Invoker.java:901)
	at org.testng.internal.Invoker.invokeTestMethods(Invoker.java:1231)
	at org.testng.internal.TestMethodWorker.invokeTestMethods(TestMethodWorker.java:127)
	at org.testng.internal.TestMethodWorker.run(TestMethodWorker.java:111)
	at org.testng.internal.thread.ThreadUtil$2.call(ThreadUtil.java:64)
	at java.util.concurrent.FutureTask.run(FutureTask.java:262)
	at java.util.concurrent.ThreadPoolExecutor.runWorker(ThreadPoolExecutor.java:1145)
	at java.util.concurrent.ThreadPoolExecutor$Worker.run(ThreadPoolExecutor.java:615)
	at java.lang.Thread.run(Thread.java:745)
Caused by: java.net.SocketException: No buffer space available (maximum connections reached?): connect
	at java.net.DualStackPlainSocketImpl.connect0(Native Method)
	at java.net.DualStackPlainSocketImpl.socketConnect(DualStackPlainSocketImpl.java:79)
	at java.net.AbstractPlainSocketImpl.doConnect(AbstractPlainSocketImpl.java:339)
	at java.net.AbstractPlainSocketImpl.connectToAddress(AbstractPlainSocketImpl.java:200)
	at java.net.AbstractPlainSocketImpl.connect(AbstractPlainSocketImpl.java:182)
	at java.net.PlainSocketImpl.connect(PlainSocketImpl.java:172)
	at java.net.SocksSocketImpl.connect(SocksSocketImpl.java:392)
	at java.net.Socket.connect(Socket.java:579)
	at java.net.Socket.connect(Socket.java:528)
	at sun.net.NetworkClient.doConnect(NetworkClient.java:180)
	at sun.net.www.http.HttpClient.openServer(HttpClient.java:432)
	at sun.net.www.http.HttpClient.openServer(HttpClient.java:527)
	at sun.net.www.http.HttpClient.<init>(HttpClient.java:211)
	at sun.net.www.http.HttpClient.New(HttpClient.java:308)
	at sun.net.www.http.HttpClient.New(HttpClient.java:326)
	at sun.net.www.protocol.http.HttpURLConnection.getNewHttpClient(HttpURLConnection.java:996)
	at sun.net.www.protocol.http.HttpURLConnection.plainConnect(HttpURLConnection.java:932)
	at sun.net.www.protocol.http.HttpURLConnection.connect(HttpURLConnection.java:850)
	at org.springframework.http.client.SimpleBufferingClientHttpRequest.executeInternal(SimpleBufferingClientHttpRequest.java:78)
	at org.springframework.http.client.AbstractBufferingClientHttpRequest.executeInternal(AbstractBufferingClientHttpRequest.java:46)
	at org.springframework.http.client.AbstractClientHttpRequest.execute(AbstractClientHttpRequest.java:52)
	at org.springframework.web.client.RestTemplate.doExecute(RestTemplate.java:527)
	... 17 more
]]>
    </failure>
  </testcase> <!-- thatOrdersCanBeAddedAndQueried -->
  <testcase name="thatOrdersCanBeAddedAndQueried" time="0.216" classname="com.sprhib.TestService"/>
  <testcase name="thatOrdersCanBeAddedAndQueried" time="0.138" classname="com.sprhib.TestService"/>
  <testcase name="thatOrdersCanBeAddedAndQueried" time="0.175" classname="com.sprhib.TestService"/>
  <testcase name="thatOrdersCanBeAddedAndQueried" time="0.215" classname="com.sprhib.TestService"/>
  <testcase name="thatOrdersCanBeAddedAndQueried" time="0.144" classname="com.sprhib.TestService"/>
  <testcase name="thatOrdersCanBeAddedAndQueried" time="0.126" classname="com.sprhib.TestService"/>
  <testcase name="thatOrdersCanBeAddedAndQueried" time="0.258" classname="com.sprhib.TestService"/>
  <testcase name="thatOrdersCanBeAddedAndQueried" time="0.214" classname="com.sprhib.TestService"/>
  <testcase name="thatOrdersCanBeAddedAndQueried" time="0.179" classname="com.sprhib.TestService"/>
  <testcase name="thatOrdersCanBeAddedAndQueried" time="0.177" classname="com.sprhib.TestService"/>
  <testcase name="thatOrdersCanBeAddedAndQueried" time="0.257" classname="com.sprhib.TestService"/>
  <testcase name="thatOrdersCanBeAddedAndQueried" time="0.166" classname="com.sprhib.TestService"/>
  <testcase name="thatOrdersCanBeAddedAndQueried" time="0.148" classname="com.sprhib.TestService"/>
  <testcase name="thatOrdersCanBeAddedAndQueried" time="0.321" classname="com.sprhib.TestService"/>
  <testcase name="thatOrdersCanBeAddedAndQueried" time="0.291" classname="com.sprhib.TestService"/>
  <testcase name="thatOrdersCanBeAddedAndQueried" time="0.031" classname="com.sprhib.TestService">
    <failure type="org.springframework.web.client.ResourceAccessException" message="I/O error on GET request for &quot;http://localhost:8080/spr-mvc-hib/convertation/-110/EUR/USD&quot;:No buffer space available (maximum connections reached?): connect; nested exception is java.net.SocketException: No buffer space available (maximum connections reached?): connect">
      <![CDATA[org.springframework.web.client.ResourceAccessException: I/O error on GET request for "http://localhost:8080/spr-mvc-hib/convertation/-110/EUR/USD":No buffer space available (maximum connections reached?): connect; nested exception is java.net.SocketException: No buffer space available (maximum connections reached?): connect
	at org.springframework.web.client.RestTemplate.doExecute(RestTemplate.java:543)
	at org.springframework.web.client.RestTemplate.execute(RestTemplate.java:489)
	at org.springframework.web.client.RestTemplate.getForEntity(RestTemplate.java:250)
	at com.sprhib.TestService.thatOrdersCanBeAddedAndQueried(TestService.java:26)
	at sun.reflect.GeneratedMethodAccessor3.invoke(Unknown Source)
	at sun.reflect.DelegatingMethodAccessorImpl.invoke(DelegatingMethodAccessorImpl.java:43)
	at java.lang.reflect.Method.invoke(Method.java:606)
	at org.testng.internal.MethodInvocationHelper.invokeMethod(MethodInvocationHelper.java:84)
	at org.testng.internal.Invoker.invokeMethod(Invoker.java:714)
	at org.testng.internal.Invoker.invokeTestMethod(Invoker.java:901)
	at org.testng.internal.Invoker.invokeTestMethods(Invoker.java:1231)
	at org.testng.internal.TestMethodWorker.invokeTestMethods(TestMethodWorker.java:127)
	at org.testng.internal.TestMethodWorker.run(TestMethodWorker.java:111)
	at org.testng.internal.thread.ThreadUtil$2.call(ThreadUtil.java:64)
	at java.util.concurrent.FutureTask.run(FutureTask.java:262)
	at java.util.concurrent.ThreadPoolExecutor.runWorker(ThreadPoolExecutor.java:1145)
	at java.util.concurrent.ThreadPoolExecutor$Worker.run(ThreadPoolExecutor.java:615)
	at java.lang.Thread.run(Thread.java:745)
Caused by: java.net.SocketException: No buffer space available (maximum connections reached?): connect
	at java.net.DualStackPlainSocketImpl.connect0(Native Method)
	at java.net.DualStackPlainSocketImpl.socketConnect(DualStackPlainSocketImpl.java:79)
	at java.net.AbstractPlainSocketImpl.doConnect(AbstractPlainSocketImpl.java:339)
	at java.net.AbstractPlainSocketImpl.connectToAddress(AbstractPlainSocketImpl.java:200)
	at java.net.AbstractPlainSocketImpl.connect(AbstractPlainSocketImpl.java:182)
	at java.net.PlainSocketImpl.connect(PlainSocketImpl.java:172)
	at java.net.SocksSocketImpl.connect(SocksSocketImpl.java:392)
	at java.net.Socket.connect(Socket.java:579)
	at java.net.Socket.connect(Socket.java:528)
	at sun.net.NetworkClient.doConnect(NetworkClient.java:180)
	at sun.net.www.http.HttpClient.openServer(HttpClient.java:432)
	at sun.net.www.http.HttpClient.openServer(HttpClient.java:527)
	at sun.net.www.http.HttpClient.<init>(HttpClient.java:211)
	at sun.net.www.http.HttpClient.New(HttpClient.java:308)
	at sun.net.www.http.HttpClient.New(HttpClient.java:326)
	at sun.net.www.protocol.http.HttpURLConnection.getNewHttpClient(HttpURLConnection.java:996)
	at sun.net.www.protocol.http.HttpURLConnection.plainConnect(HttpURLConnection.java:932)
	at sun.net.www.protocol.http.HttpURLConnection.connect(HttpURLConnection.java:850)
	at org.springframework.http.client.SimpleBufferingClientHttpRequest.executeInternal(SimpleBufferingClientHttpRequest.java:78)
	at org.springframework.http.client.AbstractBufferingClientHttpRequest.executeInternal(AbstractBufferingClientHttpRequest.java:46)
	at org.springframework.http.client.AbstractClientHttpRequest.execute(AbstractClientHttpRequest.java:52)
	at org.springframework.web.client.RestTemplate.doExecute(RestTemplate.java:527)
	... 17 more
]]>
    </failure>
  </testcase> <!-- thatOrdersCanBeAddedAndQueried -->
  <testcase name="thatOrdersCanBeAddedAndQueried" time="0.181" classname="com.sprhib.TestService"/>
  <testcase name="thatOrdersCanBeAddedAndQueried" time="0.125" classname="com.sprhib.TestService"/>
  <testcase name="thatOrdersCanBeAddedAndQueried" time="0.131" classname="com.sprhib.TestService"/>
  <testcase name="thatOrdersCanBeAddedAndQueried" time="0.326" classname="com.sprhib.TestService"/>
  <testcase name="thatOrdersCanBeAddedAndQueried" time="0.148" classname="com.sprhib.TestService"/>
  <testcase name="thatOrdersCanBeAddedAndQueried" time="0.167" classname="com.sprhib.TestService"/>
  <testcase name="thatOrdersCanBeAddedAndQueried" time="0.191" classname="com.sprhib.TestService"/>
  <testcase name="thatOrdersCanBeAddedAndQueried" time="0.218" classname="com.sprhib.TestService"/>
  <testcase name="thatOrdersCanBeAddedAndQueried" time="0.290" classname="com.sprhib.TestService"/>
  <testcase name="thatOrdersCanBeAddedAndQueried" time="0.251" classname="com.sprhib.TestService"/>
  <testcase name="thatOrdersCanBeAddedAndQueried" time="0.032" classname="com.sprhib.TestService">
    <failure type="org.springframework.web.client.ResourceAccessException" message="I/O error on GET request for &quot;http://localhost:8080/spr-mvc-hib/convertation/-110/EUR/USD&quot;:No buffer space available (maximum connections reached?): connect; nested exception is java.net.SocketException: No buffer space available (maximum connections reached?): connect">
      <![CDATA[org.springframework.web.client.ResourceAccessException: I/O error on GET request for "http://localhost:8080/spr-mvc-hib/convertation/-110/EUR/USD":No buffer space available (maximum connections reached?): connect; nested exception is java.net.SocketException: No buffer space available (maximum connections reached?): connect
	at org.springframework.web.client.RestTemplate.doExecute(RestTemplate.java:543)
	at org.springframework.web.client.RestTemplate.execute(RestTemplate.java:489)
	at org.springframework.web.client.RestTemplate.getForEntity(RestTemplate.java:250)
	at com.sprhib.TestService.thatOrdersCanBeAddedAndQueried(TestService.java:26)
	at sun.reflect.GeneratedMethodAccessor3.invoke(Unknown Source)
	at sun.reflect.DelegatingMethodAccessorImpl.invoke(DelegatingMethodAccessorImpl.java:43)
	at java.lang.reflect.Method.invoke(Method.java:606)
	at org.testng.internal.MethodInvocationHelper.invokeMethod(MethodInvocationHelper.java:84)
	at org.testng.internal.Invoker.invokeMethod(Invoker.java:714)
	at org.testng.internal.Invoker.invokeTestMethod(Invoker.java:901)
	at org.testng.internal.Invoker.invokeTestMethods(Invoker.java:1231)
	at org.testng.internal.TestMethodWorker.invokeTestMethods(TestMethodWorker.java:127)
	at org.testng.internal.TestMethodWorker.run(TestMethodWorker.java:111)
	at org.testng.internal.thread.ThreadUtil$2.call(ThreadUtil.java:64)
	at java.util.concurrent.FutureTask.run(FutureTask.java:262)
	at java.util.concurrent.ThreadPoolExecutor.runWorker(ThreadPoolExecutor.java:1145)
	at java.util.concurrent.ThreadPoolExecutor$Worker.run(ThreadPoolExecutor.java:615)
	at java.lang.Thread.run(Thread.java:745)
Caused by: java.net.SocketException: No buffer space available (maximum connections reached?): connect
	at java.net.DualStackPlainSocketImpl.connect0(Native Method)
	at java.net.DualStackPlainSocketImpl.socketConnect(DualStackPlainSocketImpl.java:79)
	at java.net.AbstractPlainSocketImpl.doConnect(AbstractPlainSocketImpl.java:339)
	at java.net.AbstractPlainSocketImpl.connectToAddress(AbstractPlainSocketImpl.java:200)
	at java.net.AbstractPlainSocketImpl.connect(AbstractPlainSocketImpl.java:182)
	at java.net.PlainSocketImpl.connect(PlainSocketImpl.java:172)
	at java.net.SocksSocketImpl.connect(SocksSocketImpl.java:392)
	at java.net.Socket.connect(Socket.java:579)
	at java.net.Socket.connect(Socket.java:528)
	at sun.net.NetworkClient.doConnect(NetworkClient.java:180)
	at sun.net.www.http.HttpClient.openServer(HttpClient.java:432)
	at sun.net.www.http.HttpClient.openServer(HttpClient.java:527)
	at sun.net.www.http.HttpClient.<init>(HttpClient.java:211)
	at sun.net.www.http.HttpClient.New(HttpClient.java:308)
	at sun.net.www.http.HttpClient.New(HttpClient.java:326)
	at sun.net.www.protocol.http.HttpURLConnection.getNewHttpClient(HttpURLConnection.java:996)
	at sun.net.www.protocol.http.HttpURLConnection.plainConnect(HttpURLConnection.java:932)
	at sun.net.www.protocol.http.HttpURLConnection.connect(HttpURLConnection.java:850)
	at org.springframework.http.client.SimpleBufferingClientHttpRequest.executeInternal(SimpleBufferingClientHttpRequest.java:78)
	at org.springframework.http.client.AbstractBufferingClientHttpRequest.executeInternal(AbstractBufferingClientHttpRequest.java:46)
	at org.springframework.http.client.AbstractClientHttpRequest.execute(AbstractClientHttpRequest.java:52)
	at org.springframework.web.client.RestTemplate.doExecute(RestTemplate.java:527)
	... 17 more
]]>
    </failure>
  </testcase> <!-- thatOrdersCanBeAddedAndQueried -->
  <testcase name="thatOrdersCanBeAddedAndQueried" time="0.128" classname="com.sprhib.TestService"/>
  <testcase name="thatOrdersCanBeAddedAndQueried" time="0.284" classname="com.sprhib.TestService"/>
  <testcase name="thatOrdersCanBeAddedAndQueried" time="0.277" classname="com.sprhib.TestService"/>
  <testcase name="thatOrdersCanBeAddedAndQueried" time="0.125" classname="com.sprhib.TestService"/>
  <testcase name="thatOrdersCanBeAddedAndQueried" time="0.122" classname="com.sprhib.TestService"/>
  <testcase name="thatOrdersCanBeAddedAndQueried" time="0.167" classname="com.sprhib.TestService"/>
  <testcase name="thatOrdersCanBeAddedAndQueried" time="0.177" classname="com.sprhib.TestService"/>
  <testcase name="thatOrdersCanBeAddedAndQueried" time="0.276" classname="com.sprhib.TestService"/>
  <testcase name="thatOrdersCanBeAddedAndQueried" time="0.138" classname="com.sprhib.TestService"/>
  <testcase name="thatOrdersCanBeAddedAndQueried" time="0.130" classname="com.sprhib.TestService"/>
  <testcase name="thatOrdersCanBeAddedAndQueried" time="0.144" classname="com.sprhib.TestService"/>
  <testcase name="thatOrdersCanBeAddedAndQueried" time="0.134" classname="com.sprhib.TestService"/>
  <testcase name="thatOrdersCanBeAddedAndQueried" time="0.291" classname="com.sprhib.TestService"/>
  <testcase name="thatOrdersCanBeAddedAndQueried" time="0.224" classname="com.sprhib.TestService"/>
  <testcase name="thatOrdersCanBeAddedAndQueried" time="0.018" classname="com.sprhib.TestService">
    <failure type="org.springframework.web.client.ResourceAccessException" message="I/O error on GET request for &quot;http://localhost:8080/spr-mvc-hib/convertation/-110/EUR/USD&quot;:No buffer space available (maximum connections reached?): connect; nested exception is java.net.SocketException: No buffer space available (maximum connections reached?): connect">
      <![CDATA[org.springframework.web.client.ResourceAccessException: I/O error on GET request for "http://localhost:8080/spr-mvc-hib/convertation/-110/EUR/USD":No buffer space available (maximum connections reached?): connect; nested exception is java.net.SocketException: No buffer space available (maximum connections reached?): connect
	at org.springframework.web.client.RestTemplate.doExecute(RestTemplate.java:543)
	at org.springframework.web.client.RestTemplate.execute(RestTemplate.java:489)
	at org.springframework.web.client.RestTemplate.getForEntity(RestTemplate.java:250)
	at com.sprhib.TestService.thatOrdersCanBeAddedAndQueried(TestService.java:26)
	at sun.reflect.GeneratedMethodAccessor3.invoke(Unknown Source)
	at sun.reflect.DelegatingMethodAccessorImpl.invoke(DelegatingMethodAccessorImpl.java:43)
	at java.lang.reflect.Method.invoke(Method.java:606)
	at org.testng.internal.MethodInvocationHelper.invokeMethod(MethodInvocationHelper.java:84)
	at org.testng.internal.Invoker.invokeMethod(Invoker.java:714)
	at org.testng.internal.Invoker.invokeTestMethod(Invoker.java:901)
	at org.testng.internal.Invoker.invokeTestMethods(Invoker.java:1231)
	at org.testng.internal.TestMethodWorker.invokeTestMethods(TestMethodWorker.java:127)
	at org.testng.internal.TestMethodWorker.run(TestMethodWorker.java:111)
	at org.testng.internal.thread.ThreadUtil$2.call(ThreadUtil.java:64)
	at java.util.concurrent.FutureTask.run(FutureTask.java:262)
	at java.util.concurrent.ThreadPoolExecutor.runWorker(ThreadPoolExecutor.java:1145)
	at java.util.concurrent.ThreadPoolExecutor$Worker.run(ThreadPoolExecutor.java:615)
	at java.lang.Thread.run(Thread.java:745)
Caused by: java.net.SocketException: No buffer space available (maximum connections reached?): connect
	at java.net.DualStackPlainSocketImpl.connect0(Native Method)
	at java.net.DualStackPlainSocketImpl.socketConnect(DualStackPlainSocketImpl.java:79)
	at java.net.AbstractPlainSocketImpl.doConnect(AbstractPlainSocketImpl.java:339)
	at java.net.AbstractPlainSocketImpl.connectToAddress(AbstractPlainSocketImpl.java:200)
	at java.net.AbstractPlainSocketImpl.connect(AbstractPlainSocketImpl.java:182)
	at java.net.PlainSocketImpl.connect(PlainSocketImpl.java:172)
	at java.net.SocksSocketImpl.connect(SocksSocketImpl.java:392)
	at java.net.Socket.connect(Socket.java:579)
	at java.net.Socket.connect(Socket.java:528)
	at sun.net.NetworkClient.doConnect(NetworkClient.java:180)
	at sun.net.www.http.HttpClient.openServer(HttpClient.java:432)
	at sun.net.www.http.HttpClient.openServer(HttpClient.java:527)
	at sun.net.www.http.HttpClient.<init>(HttpClient.java:211)
	at sun.net.www.http.HttpClient.New(HttpClient.java:308)
	at sun.net.www.http.HttpClient.New(HttpClient.java:326)
	at sun.net.www.protocol.http.HttpURLConnection.getNewHttpClient(HttpURLConnection.java:996)
	at sun.net.www.protocol.http.HttpURLConnection.plainConnect(HttpURLConnection.java:932)
	at sun.net.www.protocol.http.HttpURLConnection.connect(HttpURLConnection.java:850)
	at org.springframework.http.client.SimpleBufferingClientHttpRequest.executeInternal(SimpleBufferingClientHttpRequest.java:78)
	at org.springframework.http.client.AbstractBufferingClientHttpRequest.executeInternal(AbstractBufferingClientHttpRequest.java:46)
	at org.springframework.http.client.AbstractClientHttpRequest.execute(AbstractClientHttpRequest.java:52)
	at org.springframework.web.client.RestTemplate.doExecute(RestTemplate.java:527)
	... 17 more
]]>
    </failure>
  </testcase> <!-- thatOrdersCanBeAddedAndQueried -->
  <testcase name="thatOrdersCanBeAddedAndQueried" time="0.148" classname="com.sprhib.TestService"/>
  <testcase name="thatOrdersCanBeAddedAndQueried" time="0.162" classname="com.sprhib.TestService"/>
  <testcase name="thatOrdersCanBeAddedAndQueried" time="0.193" classname="com.sprhib.TestService"/>
  <testcase name="thatOrdersCanBeAddedAndQueried" time="0.161" classname="com.sprhib.TestService"/>
  <testcase name="thatOrdersCanBeAddedAndQueried" time="0.148" classname="com.sprhib.TestService"/>
  <testcase name="thatOrdersCanBeAddedAndQueried" time="0.169" classname="com.sprhib.TestService"/>
  <testcase name="thatOrdersCanBeAddedAndQueried" time="0.162" classname="com.sprhib.TestService"/>
  <testcase name="thatOrdersCanBeAddedAndQueried" time="0.229" classname="com.sprhib.TestService"/>
  <testcase name="thatOrdersCanBeAddedAndQueried" time="0.129" classname="com.sprhib.TestService"/>
  <testcase name="thatOrdersCanBeAddedAndQueried" time="0.142" classname="com.sprhib.TestService"/>
  <testcase name="thatOrdersCanBeAddedAndQueried" time="0.249" classname="com.sprhib.TestService"/>
  <testcase name="thatOrdersCanBeAddedAndQueried" time="0.181" classname="com.sprhib.TestService"/>
  <testcase name="thatOrdersCanBeAddedAndQueried" time="0.233" classname="com.sprhib.TestService"/>
  <testcase name="thatOrdersCanBeAddedAndQueried" time="0.150" classname="com.sprhib.TestService"/>
  <testcase name="thatOrdersCanBeAddedAndQueried" time="0.129" classname="com.sprhib.TestService"/>
  <testcase name="thatOrdersCanBeAddedAndQueried" time="0.277" classname="com.sprhib.TestService"/>
  <testcase name="thatOrdersCanBeAddedAndQueried" time="0.134" classname="com.sprhib.TestService"/>
  <testcase name="thatOrdersCanBeAddedAndQueried" time="0.144" classname="com.sprhib.TestService"/>
  <testcase name="thatOrdersCanBeAddedAndQueried" time="0.162" classname="com.sprhib.TestService"/>
  <testcase name="thatOrdersCanBeAddedAndQueried" time="0.147" classname="com.sprhib.TestService"/>
  <testcase name="thatOrdersCanBeAddedAndQueried" time="0.221" classname="com.sprhib.TestService"/>
  <testcase name="thatOrdersCanBeAddedAndQueried" time="0.216" classname="com.sprhib.TestService"/>
  <testcase name="thatOrdersCanBeAddedAndQueried" time="0.181" classname="com.sprhib.TestService"/>
  <testcase name="thatOrdersCanBeAddedAndQueried" time="0.144" classname="com.sprhib.TestService"/>
  <testcase name="thatOrdersCanBeAddedAndQueried" time="0.165" classname="com.sprhib.TestService"/>
  <testcase name="thatOrdersCanBeAddedAndQueried" time="0.204" classname="com.sprhib.TestService"/>
  <testcase name="thatOrdersCanBeAddedAndQueried" time="0.244" classname="com.sprhib.TestService"/>
  <testcase name="thatOrdersCanBeAddedAndQueried" time="0.386" classname="com.sprhib.TestService"/>
  <testcase name="thatOrdersCanBeAddedAndQueried" time="0.197" classname="com.sprhib.TestService"/>
  <testcase name="thatOrdersCanBeAddedAndQueried" time="0.154" classname="com.sprhib.TestService"/>
  <testcase name="thatOrdersCanBeAddedAndQueried" time="0.145" classname="com.sprhib.TestService"/>
  <testcase name="thatOrdersCanBeAddedAndQueried" time="0.235" classname="com.sprhib.TestService"/>
  <testcase name="thatOrdersCanBeAddedAndQueried" time="0.139" classname="com.sprhib.TestService"/>
  <testcase name="thatOrdersCanBeAddedAndQueried" time="0.330" classname="com.sprhib.TestService"/>
  <testcase name="thatOrdersCanBeAddedAndQueried" time="0.156" classname="com.sprhib.TestService"/>
  <testcase name="thatOrdersCanBeAddedAndQueried" time="0.121" classname="com.sprhib.TestService"/>
  <testcase name="thatOrdersCanBeAddedAndQueried" time="0.325" classname="com.sprhib.TestService"/>
  <testcase name="thatOrdersCanBeAddedAndQueried" time="0.179" classname="com.sprhib.TestService"/>
  <testcase name="thatOrdersCanBeAddedAndQueried" time="0.212" classname="com.sprhib.TestService"/>
  <testcase name="thatOrdersCanBeAddedAndQueried" time="0.243" classname="com.sprhib.TestService"/>
  <testcase name="thatOrdersCanBeAddedAndQueried" time="0.169" classname="com.sprhib.TestService"/>
  <testcase name="thatOrdersCanBeAddedAndQueried" time="0.169" classname="com.sprhib.TestService"/>
  <testcase name="thatOrdersCanBeAddedAndQueried" time="0.164" classname="com.sprhib.TestService"/>
  <testcase name="thatOrdersCanBeAddedAndQueried" time="0.204" classname="com.sprhib.TestService"/>
  <testcase name="thatOrdersCanBeAddedAndQueried" time="0.160" classname="com.sprhib.TestService"/>
  <testcase name="thatOrdersCanBeAddedAndQueried" time="0.190" classname="com.sprhib.TestService"/>
  <testcase name="thatOrdersCanBeAddedAndQueried" time="0.147" classname="com.sprhib.TestService"/>
  <testcase name="thatOrdersCanBeAddedAndQueried" time="0.205" classname="com.sprhib.TestService"/>
  <testcase name="thatOrdersCanBeAddedAndQueried" time="0.166" classname="com.sprhib.TestService"/>
  <testcase name="thatOrdersCanBeAddedAndQueried" time="0.315" classname="com.sprhib.TestService"/>
  <testcase name="thatOrdersCanBeAddedAndQueried" time="0.137" classname="com.sprhib.TestService"/>
  <testcase name="thatOrdersCanBeAddedAndQueried" time="0.402" classname="com.sprhib.TestService"/>
  <testcase name="thatOrdersCanBeAddedAndQueried" time="0.201" classname="com.sprhib.TestService"/>
  <testcase name="thatOrdersCanBeAddedAndQueried" time="0.215" classname="com.sprhib.TestService"/>
  <testcase name="thatOrdersCanBeAddedAndQueried" time="0.158" classname="com.sprhib.TestService"/>
  <testcase name="thatOrdersCanBeAddedAndQueried" time="0.167" classname="com.sprhib.TestService"/>
  <testcase name="thatOrdersCanBeAddedAndQueried" time="0.200" classname="com.sprhib.TestService"/>
  <testcase name="thatOrdersCanBeAddedAndQueried" time="0.241" classname="com.sprhib.TestService"/>
  <testcase name="thatOrdersCanBeAddedAndQueried" time="0.149" classname="com.sprhib.TestService"/>
  <testcase name="thatOrdersCanBeAddedAndQueried" time="0.184" classname="com.sprhib.TestService"/>
  <testcase name="thatOrdersCanBeAddedAndQueried" time="0.152" classname="com.sprhib.TestService"/>
  <testcase name="thatOrdersCanBeAddedAndQueried" time="0.234" classname="com.sprhib.TestService"/>
  <testcase name="thatOrdersCanBeAddedAndQueried" time="0.147" classname="com.sprhib.TestService"/>
  <testcase name="thatOrdersCanBeAddedAndQueried" time="0.273" classname="com.sprhib.TestService"/>
  <testcase name="thatOrdersCanBeAddedAndQueried" time="0.221" classname="com.sprhib.TestService"/>
  <testcase name="thatOrdersCanBeAddedAndQueried" time="0.160" classname="com.sprhib.TestService"/>
  <testcase name="thatOrdersCanBeAddedAndQueried" time="0.217" classname="com.sprhib.TestService"/>
  <testcase name="thatOrdersCanBeAddedAndQueried" time="0.167" classname="com.sprhib.TestService"/>
  <testcase name="thatOrdersCanBeAddedAndQueried" time="0.184" classname="com.sprhib.TestService"/>
  <testcase name="thatOrdersCanBeAddedAndQueried" time="0.212" classname="com.sprhib.TestService"/>
  <testcase name="thatOrdersCanBeAddedAndQueried" time="0.133" classname="com.sprhib.TestService"/>
  <testcase name="thatOrdersCanBeAddedAndQueried" time="0.163" classname="com.sprhib.TestService"/>
  <testcase name="thatOrdersCanBeAddedAndQueried" time="0.160" classname="com.sprhib.TestService"/>
  <testcase name="thatOrdersCanBeAddedAndQueried" time="0.171" classname="com.sprhib.TestService"/>
  <testcase name="thatOrdersCanBeAddedAndQueried" time="0.212" classname="com.sprhib.TestService"/>
  <testcase name="thatOrdersCanBeAddedAndQueried" time="0.159" classname="com.sprhib.TestService"/>
  <testcase name="thatOrdersCanBeAddedAndQueried" time="0.331" classname="com.sprhib.TestService"/>
  <testcase name="thatOrdersCanBeAddedAndQueried" time="0.258" classname="com.sprhib.TestService"/>
  <testcase name="thatOrdersCanBeAddedAndQueried" time="0.134" classname="com.sprhib.TestService"/>
  <testcase name="thatOrdersCanBeAddedAndQueried" time="0.197" classname="com.sprhib.TestService"/>
  <testcase name="thatOrdersCanBeAddedAndQueried" time="0.104" classname="com.sprhib.TestService"/>
  <testcase name="thatOrdersCanBeAddedAndQueried" time="0.305" classname="com.sprhib.TestService"/>
  <testcase name="thatOrdersCanBeAddedAndQueried" time="0.203" classname="com.sprhib.TestService"/>
  <testcase name="thatOrdersCanBeAddedAndQueried" time="0.213" classname="com.sprhib.TestService"/>
  <testcase name="thatOrdersCanBeAddedAndQueried" time="0.237" classname="com.sprhib.TestService"/>
  <testcase name="thatOrdersCanBeAddedAndQueried" time="0.163" classname="com.sprhib.TestService"/>
  <testcase name="thatOrdersCanBeAddedAndQueried" time="0.261" classname="com.sprhib.TestService"/>
  <testcase name="thatOrdersCanBeAddedAndQueried" time="0.249" classname="com.sprhib.TestService"/>
  <testcase name="thatOrdersCanBeAddedAndQueried" time="0.462" classname="com.sprhib.TestService"/>
  <testcase name="thatOrdersCanBeAddedAndQueried" time="0.246" classname="com.sprhib.TestService">
    <failure type="org.springframework.web.client.HttpServerErrorException" message="500 Internal Server Error">
      <![CDATA[org.springframework.web.client.HttpServerErrorException: 500 Internal Server Error
	at org.springframework.web.client.DefaultResponseErrorHandler.handleError(DefaultResponseErrorHandler.java:94)
	at org.springframework.web.client.RestTemplate.handleResponseError(RestTemplate.java:576)
	at org.springframework.web.client.RestTemplate.doExecute(RestTemplate.java:532)
	at org.springframework.web.client.RestTemplate.execute(RestTemplate.java:489)
	at org.springframework.web.client.RestTemplate.getForEntity(RestTemplate.java:250)
	at com.sprhib.TestService.thatOrdersCanBeAddedAndQueried(TestService.java:44)
	at sun.reflect.GeneratedMethodAccessor3.invoke(Unknown Source)
	at sun.reflect.DelegatingMethodAccessorImpl.invoke(DelegatingMethodAccessorImpl.java:43)
	at java.lang.reflect.Method.invoke(Method.java:606)
	at org.testng.internal.MethodInvocationHelper.invokeMethod(MethodInvocationHelper.java:84)
	at org.testng.internal.Invoker.invokeMethod(Invoker.java:714)
	at org.testng.internal.Invoker.invokeTestMethod(Invoker.java:901)
	at org.testng.internal.Invoker.invokeTestMethods(Invoker.java:1231)
	at org.testng.internal.TestMethodWorker.invokeTestMethods(TestMethodWorker.java:127)
	at org.testng.internal.TestMethodWorker.run(TestMethodWorker.java:111)
	at org.testng.internal.thread.ThreadUtil$2.call(ThreadUtil.java:64)
	at java.util.concurrent.FutureTask.run(FutureTask.java:262)
	at java.util.concurrent.ThreadPoolExecutor.runWorker(ThreadPoolExecutor.java:1145)
	at java.util.concurrent.ThreadPoolExecutor$Worker.run(ThreadPoolExecutor.java:615)
	at java.lang.Thread.run(Thread.java:745)
]]>
    </failure>
  </testcase> <!-- thatOrdersCanBeAddedAndQueried -->
  <testcase name="thatOrdersCanBeAddedAndQueried" time="0.294" classname="com.sprhib.TestService"/>
  <testcase name="thatOrdersCanBeAddedAndQueried" time="0.126" classname="com.sprhib.TestService"/>
  <testcase name="thatOrdersCanBeAddedAndQueried" time="0.293" classname="com.sprhib.TestService"/>
  <testcase name="thatOrdersCanBeAddedAndQueried" time="0.156" classname="com.sprhib.TestService"/>
  <testcase name="thatOrdersCanBeAddedAndQueried" time="0.302" classname="com.sprhib.TestService"/>
  <testcase name="thatOrdersCanBeAddedAndQueried" time="0.190" classname="com.sprhib.TestService"/>
  <testcase name="thatOrdersCanBeAddedAndQueried" time="0.228" classname="com.sprhib.TestService"/>
  <testcase name="thatOrdersCanBeAddedAndQueried" time="0.330" classname="com.sprhib.TestService"/>
  <testcase name="thatOrdersCanBeAddedAndQueried" time="0.306" classname="com.sprhib.TestService"/>
  <testcase name="thatOrdersCanBeAddedAndQueried" time="0.039" classname="com.sprhib.TestService">
    <failure type="org.springframework.web.client.ResourceAccessException" message="I/O error on GET request for &quot;http://localhost:8080/spr-mvc-hib/convertation/-110/EUR/USD&quot;:No buffer space available (maximum connections reached?): connect; nested exception is java.net.SocketException: No buffer space available (maximum connections reached?): connect">
      <![CDATA[org.springframework.web.client.ResourceAccessException: I/O error on GET request for "http://localhost:8080/spr-mvc-hib/convertation/-110/EUR/USD":No buffer space available (maximum connections reached?): connect; nested exception is java.net.SocketException: No buffer space available (maximum connections reached?): connect
	at org.springframework.web.client.RestTemplate.doExecute(RestTemplate.java:543)
	at org.springframework.web.client.RestTemplate.execute(RestTemplate.java:489)
	at org.springframework.web.client.RestTemplate.getForEntity(RestTemplate.java:250)
	at com.sprhib.TestService.thatOrdersCanBeAddedAndQueried(TestService.java:26)
	at sun.reflect.GeneratedMethodAccessor3.invoke(Unknown Source)
	at sun.reflect.DelegatingMethodAccessorImpl.invoke(DelegatingMethodAccessorImpl.java:43)
	at java.lang.reflect.Method.invoke(Method.java:606)
	at org.testng.internal.MethodInvocationHelper.invokeMethod(MethodInvocationHelper.java:84)
	at org.testng.internal.Invoker.invokeMethod(Invoker.java:714)
	at org.testng.internal.Invoker.invokeTestMethod(Invoker.java:901)
	at org.testng.internal.Invoker.invokeTestMethods(Invoker.java:1231)
	at org.testng.internal.TestMethodWorker.invokeTestMethods(TestMethodWorker.java:127)
	at org.testng.internal.TestMethodWorker.run(TestMethodWorker.java:111)
	at org.testng.internal.thread.ThreadUtil$2.call(ThreadUtil.java:64)
	at java.util.concurrent.FutureTask.run(FutureTask.java:262)
	at java.util.concurrent.ThreadPoolExecutor.runWorker(ThreadPoolExecutor.java:1145)
	at java.util.concurrent.ThreadPoolExecutor$Worker.run(ThreadPoolExecutor.java:615)
	at java.lang.Thread.run(Thread.java:745)
Caused by: java.net.SocketException: No buffer space available (maximum connections reached?): connect
	at java.net.DualStackPlainSocketImpl.connect0(Native Method)
	at java.net.DualStackPlainSocketImpl.socketConnect(DualStackPlainSocketImpl.java:79)
	at java.net.AbstractPlainSocketImpl.doConnect(AbstractPlainSocketImpl.java:339)
	at java.net.AbstractPlainSocketImpl.connectToAddress(AbstractPlainSocketImpl.java:200)
	at java.net.AbstractPlainSocketImpl.connect(AbstractPlainSocketImpl.java:182)
	at java.net.PlainSocketImpl.connect(PlainSocketImpl.java:172)
	at java.net.SocksSocketImpl.connect(SocksSocketImpl.java:392)
	at java.net.Socket.connect(Socket.java:579)
	at java.net.Socket.connect(Socket.java:528)
	at sun.net.NetworkClient.doConnect(NetworkClient.java:180)
	at sun.net.www.http.HttpClient.openServer(HttpClient.java:432)
	at sun.net.www.http.HttpClient.openServer(HttpClient.java:527)
	at sun.net.www.http.HttpClient.<init>(HttpClient.java:211)
	at sun.net.www.http.HttpClient.New(HttpClient.java:308)
	at sun.net.www.http.HttpClient.New(HttpClient.java:326)
	at sun.net.www.protocol.http.HttpURLConnection.getNewHttpClient(HttpURLConnection.java:996)
	at sun.net.www.protocol.http.HttpURLConnection.plainConnect(HttpURLConnection.java:932)
	at sun.net.www.protocol.http.HttpURLConnection.connect(HttpURLConnection.java:850)
	at org.springframework.http.client.SimpleBufferingClientHttpRequest.executeInternal(SimpleBufferingClientHttpRequest.java:78)
	at org.springframework.http.client.AbstractBufferingClientHttpRequest.executeInternal(AbstractBufferingClientHttpRequest.java:46)
	at org.springframework.http.client.AbstractClientHttpRequest.execute(AbstractClientHttpRequest.java:52)
	at org.springframework.web.client.RestTemplate.doExecute(RestTemplate.java:527)
	... 17 more
]]>
    </failure>
  </testcase> <!-- thatOrdersCanBeAddedAndQueried -->
  <testcase name="thatOrdersCanBeAddedAndQueried" time="0.218" classname="com.sprhib.TestService"/>
  <testcase name="thatOrdersCanBeAddedAndQueried" time="0.318" classname="com.sprhib.TestService"/>
  <testcase name="thatOrdersCanBeAddedAndQueried" time="0.302" classname="com.sprhib.TestService"/>
  <testcase name="thatOrdersCanBeAddedAndQueried" time="0.352" classname="com.sprhib.TestService"/>
  <testcase name="thatOrdersCanBeAddedAndQueried" time="0.133" classname="com.sprhib.TestService"/>
  <testcase name="thatOrdersCanBeAddedAndQueried" time="0.154" classname="com.sprhib.TestService"/>
  <testcase name="thatOrdersCanBeAddedAndQueried" time="0.223" classname="com.sprhib.TestService"/>
  <testcase name="thatOrdersCanBeAddedAndQueried" time="0.147" classname="com.sprhib.TestService"/>
  <testcase name="thatOrdersCanBeAddedAndQueried" time="0.226" classname="com.sprhib.TestService"/>
  <testcase name="thatOrdersCanBeAddedAndQueried" time="0.225" classname="com.sprhib.TestService"/>
  <testcase name="thatOrdersCanBeAddedAndQueried" time="0.028" classname="com.sprhib.TestService">
    <failure type="org.springframework.web.client.ResourceAccessException" message="I/O error on GET request for &quot;http://localhost:8080/spr-mvc-hib/convertation/-110/EUR/USD&quot;:No buffer space available (maximum connections reached?): connect; nested exception is java.net.SocketException: No buffer space available (maximum connections reached?): connect">
      <![CDATA[org.springframework.web.client.ResourceAccessException: I/O error on GET request for "http://localhost:8080/spr-mvc-hib/convertation/-110/EUR/USD":No buffer space available (maximum connections reached?): connect; nested exception is java.net.SocketException: No buffer space available (maximum connections reached?): connect
	at org.springframework.web.client.RestTemplate.doExecute(RestTemplate.java:543)
	at org.springframework.web.client.RestTemplate.execute(RestTemplate.java:489)
	at org.springframework.web.client.RestTemplate.getForEntity(RestTemplate.java:250)
	at com.sprhib.TestService.thatOrdersCanBeAddedAndQueried(TestService.java:26)
	at sun.reflect.GeneratedMethodAccessor3.invoke(Unknown Source)
	at sun.reflect.DelegatingMethodAccessorImpl.invoke(DelegatingMethodAccessorImpl.java:43)
	at java.lang.reflect.Method.invoke(Method.java:606)
	at org.testng.internal.MethodInvocationHelper.invokeMethod(MethodInvocationHelper.java:84)
	at org.testng.internal.Invoker.invokeMethod(Invoker.java:714)
	at org.testng.internal.Invoker.invokeTestMethod(Invoker.java:901)
	at org.testng.internal.Invoker.invokeTestMethods(Invoker.java:1231)
	at org.testng.internal.TestMethodWorker.invokeTestMethods(TestMethodWorker.java:127)
	at org.testng.internal.TestMethodWorker.run(TestMethodWorker.java:111)
	at org.testng.internal.thread.ThreadUtil$2.call(ThreadUtil.java:64)
	at java.util.concurrent.FutureTask.run(FutureTask.java:262)
	at java.util.concurrent.ThreadPoolExecutor.runWorker(ThreadPoolExecutor.java:1145)
	at java.util.concurrent.ThreadPoolExecutor$Worker.run(ThreadPoolExecutor.java:615)
	at java.lang.Thread.run(Thread.java:745)
Caused by: java.net.SocketException: No buffer space available (maximum connections reached?): connect
	at java.net.DualStackPlainSocketImpl.connect0(Native Method)
	at java.net.DualStackPlainSocketImpl.socketConnect(DualStackPlainSocketImpl.java:79)
	at java.net.AbstractPlainSocketImpl.doConnect(AbstractPlainSocketImpl.java:339)
	at java.net.AbstractPlainSocketImpl.connectToAddress(AbstractPlainSocketImpl.java:200)
	at java.net.AbstractPlainSocketImpl.connect(AbstractPlainSocketImpl.java:182)
	at java.net.PlainSocketImpl.connect(PlainSocketImpl.java:172)
	at java.net.SocksSocketImpl.connect(SocksSocketImpl.java:392)
	at java.net.Socket.connect(Socket.java:579)
	at java.net.Socket.connect(Socket.java:528)
	at sun.net.NetworkClient.doConnect(NetworkClient.java:180)
	at sun.net.www.http.HttpClient.openServer(HttpClient.java:432)
	at sun.net.www.http.HttpClient.openServer(HttpClient.java:527)
	at sun.net.www.http.HttpClient.<init>(HttpClient.java:211)
	at sun.net.www.http.HttpClient.New(HttpClient.java:308)
	at sun.net.www.http.HttpClient.New(HttpClient.java:326)
	at sun.net.www.protocol.http.HttpURLConnection.getNewHttpClient(HttpURLConnection.java:996)
	at sun.net.www.protocol.http.HttpURLConnection.plainConnect(HttpURLConnection.java:932)
	at sun.net.www.protocol.http.HttpURLConnection.connect(HttpURLConnection.java:850)
	at org.springframework.http.client.SimpleBufferingClientHttpRequest.executeInternal(SimpleBufferingClientHttpRequest.java:78)
	at org.springframework.http.client.AbstractBufferingClientHttpRequest.executeInternal(AbstractBufferingClientHttpRequest.java:46)
	at org.springframework.http.client.AbstractClientHttpRequest.execute(AbstractClientHttpRequest.java:52)
	at org.springframework.web.client.RestTemplate.doExecute(RestTemplate.java:527)
	... 17 more
]]>
    </failure>
  </testcase> <!-- thatOrdersCanBeAddedAndQueried -->
  <testcase name="thatOrdersCanBeAddedAndQueried" time="0.046" classname="com.sprhib.TestService">
    <failure type="org.springframework.web.client.ResourceAccessException" message="I/O error on GET request for &quot;http://localhost:8080/spr-mvc-hib/convertation/-110/EUR/USD&quot;:No buffer space available (maximum connections reached?): connect; nested exception is java.net.SocketException: No buffer space available (maximum connections reached?): connect">
      <![CDATA[org.springframework.web.client.ResourceAccessException: I/O error on GET request for "http://localhost:8080/spr-mvc-hib/convertation/-110/EUR/USD":No buffer space available (maximum connections reached?): connect; nested exception is java.net.SocketException: No buffer space available (maximum connections reached?): connect
	at org.springframework.web.client.RestTemplate.doExecute(RestTemplate.java:543)
	at org.springframework.web.client.RestTemplate.execute(RestTemplate.java:489)
	at org.springframework.web.client.RestTemplate.getForEntity(RestTemplate.java:250)
	at com.sprhib.TestService.thatOrdersCanBeAddedAndQueried(TestService.java:26)
	at sun.reflect.GeneratedMethodAccessor3.invoke(Unknown Source)
	at sun.reflect.DelegatingMethodAccessorImpl.invoke(DelegatingMethodAccessorImpl.java:43)
	at java.lang.reflect.Method.invoke(Method.java:606)
	at org.testng.internal.MethodInvocationHelper.invokeMethod(MethodInvocationHelper.java:84)
	at org.testng.internal.Invoker.invokeMethod(Invoker.java:714)
	at org.testng.internal.Invoker.invokeTestMethod(Invoker.java:901)
	at org.testng.internal.Invoker.invokeTestMethods(Invoker.java:1231)
	at org.testng.internal.TestMethodWorker.invokeTestMethods(TestMethodWorker.java:127)
	at org.testng.internal.TestMethodWorker.run(TestMethodWorker.java:111)
	at org.testng.internal.thread.ThreadUtil$2.call(ThreadUtil.java:64)
	at java.util.concurrent.FutureTask.run(FutureTask.java:262)
	at java.util.concurrent.ThreadPoolExecutor.runWorker(ThreadPoolExecutor.java:1145)
	at java.util.concurrent.ThreadPoolExecutor$Worker.run(ThreadPoolExecutor.java:615)
	at java.lang.Thread.run(Thread.java:745)
Caused by: java.net.SocketException: No buffer space available (maximum connections reached?): connect
	at java.net.DualStackPlainSocketImpl.connect0(Native Method)
	at java.net.DualStackPlainSocketImpl.socketConnect(DualStackPlainSocketImpl.java:79)
	at java.net.AbstractPlainSocketImpl.doConnect(AbstractPlainSocketImpl.java:339)
	at java.net.AbstractPlainSocketImpl.connectToAddress(AbstractPlainSocketImpl.java:200)
	at java.net.AbstractPlainSocketImpl.connect(AbstractPlainSocketImpl.java:182)
	at java.net.PlainSocketImpl.connect(PlainSocketImpl.java:172)
	at java.net.SocksSocketImpl.connect(SocksSocketImpl.java:392)
	at java.net.Socket.connect(Socket.java:579)
	at java.net.Socket.connect(Socket.java:528)
	at sun.net.NetworkClient.doConnect(NetworkClient.java:180)
	at sun.net.www.http.HttpClient.openServer(HttpClient.java:432)
	at sun.net.www.http.HttpClient.openServer(HttpClient.java:527)
	at sun.net.www.http.HttpClient.<init>(HttpClient.java:211)
	at sun.net.www.http.HttpClient.New(HttpClient.java:308)
	at sun.net.www.http.HttpClient.New(HttpClient.java:326)
	at sun.net.www.protocol.http.HttpURLConnection.getNewHttpClient(HttpURLConnection.java:996)
	at sun.net.www.protocol.http.HttpURLConnection.plainConnect(HttpURLConnection.java:932)
	at sun.net.www.protocol.http.HttpURLConnection.connect(HttpURLConnection.java:850)
	at org.springframework.http.client.SimpleBufferingClientHttpRequest.executeInternal(SimpleBufferingClientHttpRequest.java:78)
	at org.springframework.http.client.AbstractBufferingClientHttpRequest.executeInternal(AbstractBufferingClientHttpRequest.java:46)
	at org.springframework.http.client.AbstractClientHttpRequest.execute(AbstractClientHttpRequest.java:52)
	at org.springframework.web.client.RestTemplate.doExecute(RestTemplate.java:527)
	... 17 more
]]>
    </failure>
  </testcase> <!-- thatOrdersCanBeAddedAndQueried -->
  <testcase name="thatOrdersCanBeAddedAndQueried" time="0.240" classname="com.sprhib.TestService"/>
  <testcase name="thatOrdersCanBeAddedAndQueried" time="0.297" classname="com.sprhib.TestService"/>
  <testcase name="thatOrdersCanBeAddedAndQueried" time="0.187" classname="com.sprhib.TestService"/>
  <testcase name="thatOrdersCanBeAddedAndQueried" time="0.158" classname="com.sprhib.TestService"/>
  <testcase name="thatOrdersCanBeAddedAndQueried" time="0.156" classname="com.sprhib.TestService"/>
  <testcase name="thatOrdersCanBeAddedAndQueried" time="0.131" classname="com.sprhib.TestService"/>
  <testcase name="thatOrdersCanBeAddedAndQueried" time="0.145" classname="com.sprhib.TestService"/>
  <testcase name="thatOrdersCanBeAddedAndQueried" time="0.159" classname="com.sprhib.TestService"/>
  <testcase name="thatOrdersCanBeAddedAndQueried" time="0.192" classname="com.sprhib.TestService"/>
  <testcase name="thatOrdersCanBeAddedAndQueried" time="0.217" classname="com.sprhib.TestService"/>
  <testcase name="thatOrdersCanBeAddedAndQueried" time="0.399" classname="com.sprhib.TestService"/>
  <testcase name="thatOrdersCanBeAddedAndQueried" time="0.137" classname="com.sprhib.TestService"/>
  <testcase name="thatOrdersCanBeAddedAndQueried" time="0.209" classname="com.sprhib.TestService"/>
  <testcase name="thatOrdersCanBeAddedAndQueried" time="0.157" classname="com.sprhib.TestService"/>
  <testcase name="thatOrdersCanBeAddedAndQueried" time="0.024" classname="com.sprhib.TestService">
    <failure type="org.springframework.web.client.ResourceAccessException" message="I/O error on GET request for &quot;http://localhost:8080/spr-mvc-hib/convertation/-110/EUR/USD&quot;:No buffer space available (maximum connections reached?): connect; nested exception is java.net.SocketException: No buffer space available (maximum connections reached?): connect">
      <![CDATA[org.springframework.web.client.ResourceAccessException: I/O error on GET request for "http://localhost:8080/spr-mvc-hib/convertation/-110/EUR/USD":No buffer space available (maximum connections reached?): connect; nested exception is java.net.SocketException: No buffer space available (maximum connections reached?): connect
	at org.springframework.web.client.RestTemplate.doExecute(RestTemplate.java:543)
	at org.springframework.web.client.RestTemplate.execute(RestTemplate.java:489)
	at org.springframework.web.client.RestTemplate.getForEntity(RestTemplate.java:250)
	at com.sprhib.TestService.thatOrdersCanBeAddedAndQueried(TestService.java:26)
	at sun.reflect.GeneratedMethodAccessor3.invoke(Unknown Source)
	at sun.reflect.DelegatingMethodAccessorImpl.invoke(DelegatingMethodAccessorImpl.java:43)
	at java.lang.reflect.Method.invoke(Method.java:606)
	at org.testng.internal.MethodInvocationHelper.invokeMethod(MethodInvocationHelper.java:84)
	at org.testng.internal.Invoker.invokeMethod(Invoker.java:714)
	at org.testng.internal.Invoker.invokeTestMethod(Invoker.java:901)
	at org.testng.internal.Invoker.invokeTestMethods(Invoker.java:1231)
	at org.testng.internal.TestMethodWorker.invokeTestMethods(TestMethodWorker.java:127)
	at org.testng.internal.TestMethodWorker.run(TestMethodWorker.java:111)
	at org.testng.internal.thread.ThreadUtil$2.call(ThreadUtil.java:64)
	at java.util.concurrent.FutureTask.run(FutureTask.java:262)
	at java.util.concurrent.ThreadPoolExecutor.runWorker(ThreadPoolExecutor.java:1145)
	at java.util.concurrent.ThreadPoolExecutor$Worker.run(ThreadPoolExecutor.java:615)
	at java.lang.Thread.run(Thread.java:745)
Caused by: java.net.SocketException: No buffer space available (maximum connections reached?): connect
	at java.net.DualStackPlainSocketImpl.connect0(Native Method)
	at java.net.DualStackPlainSocketImpl.socketConnect(DualStackPlainSocketImpl.java:79)
	at java.net.AbstractPlainSocketImpl.doConnect(AbstractPlainSocketImpl.java:339)
	at java.net.AbstractPlainSocketImpl.connectToAddress(AbstractPlainSocketImpl.java:200)
	at java.net.AbstractPlainSocketImpl.connect(AbstractPlainSocketImpl.java:182)
	at java.net.PlainSocketImpl.connect(PlainSocketImpl.java:172)
	at java.net.SocksSocketImpl.connect(SocksSocketImpl.java:392)
	at java.net.Socket.connect(Socket.java:579)
	at java.net.Socket.connect(Socket.java:528)
	at sun.net.NetworkClient.doConnect(NetworkClient.java:180)
	at sun.net.www.http.HttpClient.openServer(HttpClient.java:432)
	at sun.net.www.http.HttpClient.openServer(HttpClient.java:527)
	at sun.net.www.http.HttpClient.<init>(HttpClient.java:211)
	at sun.net.www.http.HttpClient.New(HttpClient.java:308)
	at sun.net.www.http.HttpClient.New(HttpClient.java:326)
	at sun.net.www.protocol.http.HttpURLConnection.getNewHttpClient(HttpURLConnection.java:996)
	at sun.net.www.protocol.http.HttpURLConnection.plainConnect(HttpURLConnection.java:932)
	at sun.net.www.protocol.http.HttpURLConnection.connect(HttpURLConnection.java:850)
	at org.springframework.http.client.SimpleBufferingClientHttpRequest.executeInternal(SimpleBufferingClientHttpRequest.java:78)
	at org.springframework.http.client.AbstractBufferingClientHttpRequest.executeInternal(AbstractBufferingClientHttpRequest.java:46)
	at org.springframework.http.client.AbstractClientHttpRequest.execute(AbstractClientHttpRequest.java:52)
	at org.springframework.web.client.RestTemplate.doExecute(RestTemplate.java:527)
	... 17 more
]]>
    </failure>
  </testcase> <!-- thatOrdersCanBeAddedAndQueried -->
  <testcase name="thatOrdersCanBeAddedAndQueried" time="0.212" classname="com.sprhib.TestService"/>
  <testcase name="thatOrdersCanBeAddedAndQueried" time="0.297" classname="com.sprhib.TestService"/>
  <testcase name="thatOrdersCanBeAddedAndQueried" time="0.240" classname="com.sprhib.TestService"/>
  <testcase name="thatOrdersCanBeAddedAndQueried" time="0.178" classname="com.sprhib.TestService"/>
  <testcase name="thatOrdersCanBeAddedAndQueried" time="0.216" classname="com.sprhib.TestService"/>
  <testcase name="thatOrdersCanBeAddedAndQueried" time="0.112" classname="com.sprhib.TestService"/>
  <testcase name="thatOrdersCanBeAddedAndQueried" time="0.232" classname="com.sprhib.TestService"/>
  <testcase name="thatOrdersCanBeAddedAndQueried" time="0.104" classname="com.sprhib.TestService"/>
  <testcase name="thatOrdersCanBeAddedAndQueried" time="0.186" classname="com.sprhib.TestService"/>
  <testcase name="thatOrdersCanBeAddedAndQueried" time="0.176" classname="com.sprhib.TestService"/>
  <testcase name="thatOrdersCanBeAddedAndQueried" time="0.150" classname="com.sprhib.TestService"/>
  <testcase name="thatOrdersCanBeAddedAndQueried" time="0.193" classname="com.sprhib.TestService"/>
  <testcase name="thatOrdersCanBeAddedAndQueried" time="0.440" classname="com.sprhib.TestService"/>
  <testcase name="thatOrdersCanBeAddedAndQueried" time="0.179" classname="com.sprhib.TestService"/>
  <testcase name="thatOrdersCanBeAddedAndQueried" time="0.162" classname="com.sprhib.TestService"/>
  <testcase name="thatOrdersCanBeAddedAndQueried" time="0.136" classname="com.sprhib.TestService"/>
  <testcase name="thatOrdersCanBeAddedAndQueried" time="0.154" classname="com.sprhib.TestService"/>
  <testcase name="thatOrdersCanBeAddedAndQueried" time="0.298" classname="com.sprhib.TestService"/>
  <testcase name="thatOrdersCanBeAddedAndQueried" time="0.192" classname="com.sprhib.TestService"/>
  <testcase name="thatOrdersCanBeAddedAndQueried" time="0.159" classname="com.sprhib.TestService"/>
  <testcase name="thatOrdersCanBeAddedAndQueried" time="0.121" classname="com.sprhib.TestService"/>
  <testcase name="thatOrdersCanBeAddedAndQueried" time="0.130" classname="com.sprhib.TestService"/>
  <testcase name="thatOrdersCanBeAddedAndQueried" time="0.492" classname="com.sprhib.TestService"/>
  <testcase name="thatOrdersCanBeAddedAndQueried" time="0.162" classname="com.sprhib.TestService"/>
  <testcase name="thatOrdersCanBeAddedAndQueried" time="0.269" classname="com.sprhib.TestService"/>
  <testcase name="thatOrdersCanBeAddedAndQueried" time="0.139" classname="com.sprhib.TestService"/>
  <testcase name="thatOrdersCanBeAddedAndQueried" time="0.293" classname="com.sprhib.TestService"/>
  <testcase name="thatOrdersCanBeAddedAndQueried" time="0.222" classname="com.sprhib.TestService"/>
  <testcase name="thatOrdersCanBeAddedAndQueried" time="0.181" classname="com.sprhib.TestService"/>
  <testcase name="thatOrdersCanBeAddedAndQueried" time="0.167" classname="com.sprhib.TestService"/>
  <testcase name="thatOrdersCanBeAddedAndQueried" time="0.145" classname="com.sprhib.TestService"/>
  <testcase name="thatOrdersCanBeAddedAndQueried" time="0.216" classname="com.sprhib.TestService"/>
  <testcase name="thatOrdersCanBeAddedAndQueried" time="0.174" classname="com.sprhib.TestService"/>
  <testcase name="thatOrdersCanBeAddedAndQueried" time="0.194" classname="com.sprhib.TestService"/>
  <testcase name="thatOrdersCanBeAddedAndQueried" time="0.161" classname="com.sprhib.TestService"/>
  <testcase name="thatOrdersCanBeAddedAndQueried" time="0.135" classname="com.sprhib.TestService"/>
  <testcase name="thatOrdersCanBeAddedAndQueried" time="0.154" classname="com.sprhib.TestService"/>
  <testcase name="thatOrdersCanBeAddedAndQueried" time="0.139" classname="com.sprhib.TestService"/>
  <testcase name="thatOrdersCanBeAddedAndQueried" time="0.112" classname="com.sprhib.TestService"/>
  <testcase name="thatOrdersCanBeAddedAndQueried" time="0.242" classname="com.sprhib.TestService"/>
  <testcase name="thatOrdersCanBeAddedAndQueried" time="0.231" classname="com.sprhib.TestService"/>
  <testcase name="thatOrdersCanBeAddedAndQueried" time="0.166" classname="com.sprhib.TestService"/>
  <testcase name="thatOrdersCanBeAddedAndQueried" time="0.203" classname="com.sprhib.TestService"/>
  <testcase name="thatOrdersCanBeAddedAndQueried" time="0.125" classname="com.sprhib.TestService"/>
  <testcase name="thatOrdersCanBeAddedAndQueried" time="0.149" classname="com.sprhib.TestService"/>
  <testcase name="thatOrdersCanBeAddedAndQueried" time="0.269" classname="com.sprhib.TestService"/>
  <testcase name="thatOrdersCanBeAddedAndQueried" time="0.164" classname="com.sprhib.TestService"/>
  <testcase name="thatOrdersCanBeAddedAndQueried" time="0.326" classname="com.sprhib.TestService"/>
  <testcase name="thatOrdersCanBeAddedAndQueried" time="0.227" classname="com.sprhib.TestService"/>
  <testcase name="thatOrdersCanBeAddedAndQueried" time="0.128" classname="com.sprhib.TestService"/>
  <testcase name="thatOrdersCanBeAddedAndQueried" time="0.279" classname="com.sprhib.TestService"/>
  <testcase name="thatOrdersCanBeAddedAndQueried" time="0.138" classname="com.sprhib.TestService"/>
  <testcase name="thatOrdersCanBeAddedAndQueried" time="0.128" classname="com.sprhib.TestService"/>
  <testcase name="thatOrdersCanBeAddedAndQueried" time="0.261" classname="com.sprhib.TestService"/>
  <testcase name="thatOrdersCanBeAddedAndQueried" time="0.156" classname="com.sprhib.TestService"/>
  <testcase name="thatOrdersCanBeAddedAndQueried" time="0.129" classname="com.sprhib.TestService"/>
  <testcase name="thatOrdersCanBeAddedAndQueried" time="0.148" classname="com.sprhib.TestService"/>
  <testcase name="thatOrdersCanBeAddedAndQueried" time="0.181" classname="com.sprhib.TestService"/>
  <testcase name="thatOrdersCanBeAddedAndQueried" time="0.069" classname="com.sprhib.TestService">
    <failure type="org.springframework.web.client.ResourceAccessException" message="I/O error on GET request for &quot;http://localhost:8080/spr-mvc-hib/convertation/-110/EUR/USD&quot;:No buffer space available (maximum connections reached?): connect; nested exception is java.net.SocketException: No buffer space available (maximum connections reached?): connect">
      <![CDATA[org.springframework.web.client.ResourceAccessException: I/O error on GET request for "http://localhost:8080/spr-mvc-hib/convertation/-110/EUR/USD":No buffer space available (maximum connections reached?): connect; nested exception is java.net.SocketException: No buffer space available (maximum connections reached?): connect
	at org.springframework.web.client.RestTemplate.doExecute(RestTemplate.java:543)
	at org.springframework.web.client.RestTemplate.execute(RestTemplate.java:489)
	at org.springframework.web.client.RestTemplate.getForEntity(RestTemplate.java:250)
	at com.sprhib.TestService.thatOrdersCanBeAddedAndQueried(TestService.java:26)
	at sun.reflect.GeneratedMethodAccessor3.invoke(Unknown Source)
	at sun.reflect.DelegatingMethodAccessorImpl.invoke(DelegatingMethodAccessorImpl.java:43)
	at java.lang.reflect.Method.invoke(Method.java:606)
	at org.testng.internal.MethodInvocationHelper.invokeMethod(MethodInvocationHelper.java:84)
	at org.testng.internal.Invoker.invokeMethod(Invoker.java:714)
	at org.testng.internal.Invoker.invokeTestMethod(Invoker.java:901)
	at org.testng.internal.Invoker.invokeTestMethods(Invoker.java:1231)
	at org.testng.internal.TestMethodWorker.invokeTestMethods(TestMethodWorker.java:127)
	at org.testng.internal.TestMethodWorker.run(TestMethodWorker.java:111)
	at org.testng.internal.thread.ThreadUtil$2.call(ThreadUtil.java:64)
	at java.util.concurrent.FutureTask.run(FutureTask.java:262)
	at java.util.concurrent.ThreadPoolExecutor.runWorker(ThreadPoolExecutor.java:1145)
	at java.util.concurrent.ThreadPoolExecutor$Worker.run(ThreadPoolExecutor.java:615)
	at java.lang.Thread.run(Thread.java:745)
Caused by: java.net.SocketException: No buffer space available (maximum connections reached?): connect
	at java.net.DualStackPlainSocketImpl.connect0(Native Method)
	at java.net.DualStackPlainSocketImpl.socketConnect(DualStackPlainSocketImpl.java:79)
	at java.net.AbstractPlainSocketImpl.doConnect(AbstractPlainSocketImpl.java:339)
	at java.net.AbstractPlainSocketImpl.connectToAddress(AbstractPlainSocketImpl.java:200)
	at java.net.AbstractPlainSocketImpl.connect(AbstractPlainSocketImpl.java:182)
	at java.net.PlainSocketImpl.connect(PlainSocketImpl.java:172)
	at java.net.SocksSocketImpl.connect(SocksSocketImpl.java:392)
	at java.net.Socket.connect(Socket.java:579)
	at java.net.Socket.connect(Socket.java:528)
	at sun.net.NetworkClient.doConnect(NetworkClient.java:180)
	at sun.net.www.http.HttpClient.openServer(HttpClient.java:432)
	at sun.net.www.http.HttpClient.openServer(HttpClient.java:527)
	at sun.net.www.http.HttpClient.<init>(HttpClient.java:211)
	at sun.net.www.http.HttpClient.New(HttpClient.java:308)
	at sun.net.www.http.HttpClient.New(HttpClient.java:326)
	at sun.net.www.protocol.http.HttpURLConnection.getNewHttpClient(HttpURLConnection.java:996)
	at sun.net.www.protocol.http.HttpURLConnection.plainConnect(HttpURLConnection.java:932)
	at sun.net.www.protocol.http.HttpURLConnection.connect(HttpURLConnection.java:850)
	at org.springframework.http.client.SimpleBufferingClientHttpRequest.executeInternal(SimpleBufferingClientHttpRequest.java:78)
	at org.springframework.http.client.AbstractBufferingClientHttpRequest.executeInternal(AbstractBufferingClientHttpRequest.java:46)
	at org.springframework.http.client.AbstractClientHttpRequest.execute(AbstractClientHttpRequest.java:52)
	at org.springframework.web.client.RestTemplate.doExecute(RestTemplate.java:527)
	... 17 more
]]>
    </failure>
  </testcase> <!-- thatOrdersCanBeAddedAndQueried -->
  <testcase name="thatOrdersCanBeAddedAndQueried" time="0.146" classname="com.sprhib.TestService"/>
  <testcase name="thatOrdersCanBeAddedAndQueried" time="0.181" classname="com.sprhib.TestService"/>
  <testcase name="thatOrdersCanBeAddedAndQueried" time="0.261" classname="com.sprhib.TestService"/>
  <testcase name="thatOrdersCanBeAddedAndQueried" time="0.201" classname="com.sprhib.TestService"/>
  <testcase name="thatOrdersCanBeAddedAndQueried" time="0.205" classname="com.sprhib.TestService"/>
  <testcase name="thatOrdersCanBeAddedAndQueried" time="0.170" classname="com.sprhib.TestService"/>
  <testcase name="thatOrdersCanBeAddedAndQueried" time="0.176" classname="com.sprhib.TestService"/>
  <testcase name="thatOrdersCanBeAddedAndQueried" time="0.298" classname="com.sprhib.TestService"/>
  <testcase name="thatOrdersCanBeAddedAndQueried" time="0.163" classname="com.sprhib.TestService"/>
  <testcase name="thatOrdersCanBeAddedAndQueried" time="0.267" classname="com.sprhib.TestService"/>
  <testcase name="thatOrdersCanBeAddedAndQueried" time="0.196" classname="com.sprhib.TestService"/>
  <testcase name="thatOrdersCanBeAddedAndQueried" time="0.014" classname="com.sprhib.TestService">
    <failure type="org.springframework.web.client.ResourceAccessException" message="I/O error on GET request for &quot;http://localhost:8080/spr-mvc-hib/convertation/-110/EUR/USD&quot;:No buffer space available (maximum connections reached?): connect; nested exception is java.net.SocketException: No buffer space available (maximum connections reached?): connect">
      <![CDATA[org.springframework.web.client.ResourceAccessException: I/O error on GET request for "http://localhost:8080/spr-mvc-hib/convertation/-110/EUR/USD":No buffer space available (maximum connections reached?): connect; nested exception is java.net.SocketException: No buffer space available (maximum connections reached?): connect
	at org.springframework.web.client.RestTemplate.doExecute(RestTemplate.java:543)
	at org.springframework.web.client.RestTemplate.execute(RestTemplate.java:489)
	at org.springframework.web.client.RestTemplate.getForEntity(RestTemplate.java:250)
	at com.sprhib.TestService.thatOrdersCanBeAddedAndQueried(TestService.java:26)
	at sun.reflect.GeneratedMethodAccessor3.invoke(Unknown Source)
	at sun.reflect.DelegatingMethodAccessorImpl.invoke(DelegatingMethodAccessorImpl.java:43)
	at java.lang.reflect.Method.invoke(Method.java:606)
	at org.testng.internal.MethodInvocationHelper.invokeMethod(MethodInvocationHelper.java:84)
	at org.testng.internal.Invoker.invokeMethod(Invoker.java:714)
	at org.testng.internal.Invoker.invokeTestMethod(Invoker.java:901)
	at org.testng.internal.Invoker.invokeTestMethods(Invoker.java:1231)
	at org.testng.internal.TestMethodWorker.invokeTestMethods(TestMethodWorker.java:127)
	at org.testng.internal.TestMethodWorker.run(TestMethodWorker.java:111)
	at org.testng.internal.thread.ThreadUtil$2.call(ThreadUtil.java:64)
	at java.util.concurrent.FutureTask.run(FutureTask.java:262)
	at java.util.concurrent.ThreadPoolExecutor.runWorker(ThreadPoolExecutor.java:1145)
	at java.util.concurrent.ThreadPoolExecutor$Worker.run(ThreadPoolExecutor.java:615)
	at java.lang.Thread.run(Thread.java:745)
Caused by: java.net.SocketException: No buffer space available (maximum connections reached?): connect
	at java.net.DualStackPlainSocketImpl.connect0(Native Method)
	at java.net.DualStackPlainSocketImpl.socketConnect(DualStackPlainSocketImpl.java:79)
	at java.net.AbstractPlainSocketImpl.doConnect(AbstractPlainSocketImpl.java:339)
	at java.net.AbstractPlainSocketImpl.connectToAddress(AbstractPlainSocketImpl.java:200)
	at java.net.AbstractPlainSocketImpl.connect(AbstractPlainSocketImpl.java:182)
	at java.net.PlainSocketImpl.connect(PlainSocketImpl.java:172)
	at java.net.SocksSocketImpl.connect(SocksSocketImpl.java:392)
	at java.net.Socket.connect(Socket.java:579)
	at java.net.Socket.connect(Socket.java:528)
	at sun.net.NetworkClient.doConnect(NetworkClient.java:180)
	at sun.net.www.http.HttpClient.openServer(HttpClient.java:432)
	at sun.net.www.http.HttpClient.openServer(HttpClient.java:527)
	at sun.net.www.http.HttpClient.<init>(HttpClient.java:211)
	at sun.net.www.http.HttpClient.New(HttpClient.java:308)
	at sun.net.www.http.HttpClient.New(HttpClient.java:326)
	at sun.net.www.protocol.http.HttpURLConnection.getNewHttpClient(HttpURLConnection.java:996)
	at sun.net.www.protocol.http.HttpURLConnection.plainConnect(HttpURLConnection.java:932)
	at sun.net.www.protocol.http.HttpURLConnection.connect(HttpURLConnection.java:850)
	at org.springframework.http.client.SimpleBufferingClientHttpRequest.executeInternal(SimpleBufferingClientHttpRequest.java:78)
	at org.springframework.http.client.AbstractBufferingClientHttpRequest.executeInternal(AbstractBufferingClientHttpRequest.java:46)
	at org.springframework.http.client.AbstractClientHttpRequest.execute(AbstractClientHttpRequest.java:52)
	at org.springframework.web.client.RestTemplate.doExecute(RestTemplate.java:527)
	... 17 more
]]>
    </failure>
  </testcase> <!-- thatOrdersCanBeAddedAndQueried -->
  <testcase name="thatOrdersCanBeAddedAndQueried" time="0.160" classname="com.sprhib.TestService"/>
  <testcase name="thatOrdersCanBeAddedAndQueried" time="0.162" classname="com.sprhib.TestService"/>
  <testcase name="thatOrdersCanBeAddedAndQueried" time="0.178" classname="com.sprhib.TestService"/>
  <testcase name="thatOrdersCanBeAddedAndQueried" time="0.132" classname="com.sprhib.TestService">
    <failure type="org.springframework.web.client.HttpServerErrorException" message="500 Internal Server Error">
      <![CDATA[org.springframework.web.client.HttpServerErrorException: 500 Internal Server Error
	at org.springframework.web.client.DefaultResponseErrorHandler.handleError(DefaultResponseErrorHandler.java:94)
	at org.springframework.web.client.RestTemplate.handleResponseError(RestTemplate.java:576)
	at org.springframework.web.client.RestTemplate.doExecute(RestTemplate.java:532)
	at org.springframework.web.client.RestTemplate.execute(RestTemplate.java:489)
	at org.springframework.web.client.RestTemplate.getForEntity(RestTemplate.java:250)
	at com.sprhib.TestService.thatOrdersCanBeAddedAndQueried(TestService.java:44)
	at sun.reflect.GeneratedMethodAccessor3.invoke(Unknown Source)
	at sun.reflect.DelegatingMethodAccessorImpl.invoke(DelegatingMethodAccessorImpl.java:43)
	at java.lang.reflect.Method.invoke(Method.java:606)
	at org.testng.internal.MethodInvocationHelper.invokeMethod(MethodInvocationHelper.java:84)
	at org.testng.internal.Invoker.invokeMethod(Invoker.java:714)
	at org.testng.internal.Invoker.invokeTestMethod(Invoker.java:901)
	at org.testng.internal.Invoker.invokeTestMethods(Invoker.java:1231)
	at org.testng.internal.TestMethodWorker.invokeTestMethods(TestMethodWorker.java:127)
	at org.testng.internal.TestMethodWorker.run(TestMethodWorker.java:111)
	at org.testng.internal.thread.ThreadUtil$2.call(ThreadUtil.java:64)
	at java.util.concurrent.FutureTask.run(FutureTask.java:262)
	at java.util.concurrent.ThreadPoolExecutor.runWorker(ThreadPoolExecutor.java:1145)
	at java.util.concurrent.ThreadPoolExecutor$Worker.run(ThreadPoolExecutor.java:615)
	at java.lang.Thread.run(Thread.java:745)
]]>
    </failure>
  </testcase> <!-- thatOrdersCanBeAddedAndQueried -->
  <testcase name="thatOrdersCanBeAddedAndQueried" time="0.129" classname="com.sprhib.TestService"/>
  <testcase name="thatOrdersCanBeAddedAndQueried" time="0.182" classname="com.sprhib.TestService"/>
  <testcase name="thatOrdersCanBeAddedAndQueried" time="0.195" classname="com.sprhib.TestService"/>
  <testcase name="thatOrdersCanBeAddedAndQueried" time="0.124" classname="com.sprhib.TestService"/>
  <testcase name="thatOrdersCanBeAddedAndQueried" time="0.163" classname="com.sprhib.TestService"/>
  <testcase name="thatOrdersCanBeAddedAndQueried" time="0.166" classname="com.sprhib.TestService"/>
  <testcase name="thatOrdersCanBeAddedAndQueried" time="0.116" classname="com.sprhib.TestService"/>
  <testcase name="thatOrdersCanBeAddedAndQueried" time="0.282" classname="com.sprhib.TestService"/>
  <testcase name="thatOrdersCanBeAddedAndQueried" time="0.213" classname="com.sprhib.TestService"/>
  <testcase name="thatOrdersCanBeAddedAndQueried" time="0.208" classname="com.sprhib.TestService"/>
  <testcase name="thatOrdersCanBeAddedAndQueried" time="0.151" classname="com.sprhib.TestService"/>
  <testcase name="thatOrdersCanBeAddedAndQueried" time="0.174" classname="com.sprhib.TestService"/>
  <testcase name="thatOrdersCanBeAddedAndQueried" time="0.020" classname="com.sprhib.TestService">
    <failure type="org.springframework.web.client.ResourceAccessException" message="I/O error on GET request for &quot;http://localhost:8080/spr-mvc-hib/convertation/-110/EUR/USD&quot;:No buffer space available (maximum connections reached?): connect; nested exception is java.net.SocketException: No buffer space available (maximum connections reached?): connect">
      <![CDATA[org.springframework.web.client.ResourceAccessException: I/O error on GET request for "http://localhost:8080/spr-mvc-hib/convertation/-110/EUR/USD":No buffer space available (maximum connections reached?): connect; nested exception is java.net.SocketException: No buffer space available (maximum connections reached?): connect
	at org.springframework.web.client.RestTemplate.doExecute(RestTemplate.java:543)
	at org.springframework.web.client.RestTemplate.execute(RestTemplate.java:489)
	at org.springframework.web.client.RestTemplate.getForEntity(RestTemplate.java:250)
	at com.sprhib.TestService.thatOrdersCanBeAddedAndQueried(TestService.java:26)
	at sun.reflect.GeneratedMethodAccessor3.invoke(Unknown Source)
	at sun.reflect.DelegatingMethodAccessorImpl.invoke(DelegatingMethodAccessorImpl.java:43)
	at java.lang.reflect.Method.invoke(Method.java:606)
	at org.testng.internal.MethodInvocationHelper.invokeMethod(MethodInvocationHelper.java:84)
	at org.testng.internal.Invoker.invokeMethod(Invoker.java:714)
	at org.testng.internal.Invoker.invokeTestMethod(Invoker.java:901)
	at org.testng.internal.Invoker.invokeTestMethods(Invoker.java:1231)
	at org.testng.internal.TestMethodWorker.invokeTestMethods(TestMethodWorker.java:127)
	at org.testng.internal.TestMethodWorker.run(TestMethodWorker.java:111)
	at org.testng.internal.thread.ThreadUtil$2.call(ThreadUtil.java:64)
	at java.util.concurrent.FutureTask.run(FutureTask.java:262)
	at java.util.concurrent.ThreadPoolExecutor.runWorker(ThreadPoolExecutor.java:1145)
	at java.util.concurrent.ThreadPoolExecutor$Worker.run(ThreadPoolExecutor.java:615)
	at java.lang.Thread.run(Thread.java:745)
Caused by: java.net.SocketException: No buffer space available (maximum connections reached?): connect
	at java.net.DualStackPlainSocketImpl.connect0(Native Method)
	at java.net.DualStackPlainSocketImpl.socketConnect(DualStackPlainSocketImpl.java:79)
	at java.net.AbstractPlainSocketImpl.doConnect(AbstractPlainSocketImpl.java:339)
	at java.net.AbstractPlainSocketImpl.connectToAddress(AbstractPlainSocketImpl.java:200)
	at java.net.AbstractPlainSocketImpl.connect(AbstractPlainSocketImpl.java:182)
	at java.net.PlainSocketImpl.connect(PlainSocketImpl.java:172)
	at java.net.SocksSocketImpl.connect(SocksSocketImpl.java:392)
	at java.net.Socket.connect(Socket.java:579)
	at java.net.Socket.connect(Socket.java:528)
	at sun.net.NetworkClient.doConnect(NetworkClient.java:180)
	at sun.net.www.http.HttpClient.openServer(HttpClient.java:432)
	at sun.net.www.http.HttpClient.openServer(HttpClient.java:527)
	at sun.net.www.http.HttpClient.<init>(HttpClient.java:211)
	at sun.net.www.http.HttpClient.New(HttpClient.java:308)
	at sun.net.www.http.HttpClient.New(HttpClient.java:326)
	at sun.net.www.protocol.http.HttpURLConnection.getNewHttpClient(HttpURLConnection.java:996)
	at sun.net.www.protocol.http.HttpURLConnection.plainConnect(HttpURLConnection.java:932)
	at sun.net.www.protocol.http.HttpURLConnection.connect(HttpURLConnection.java:850)
	at org.springframework.http.client.SimpleBufferingClientHttpRequest.executeInternal(SimpleBufferingClientHttpRequest.java:78)
	at org.springframework.http.client.AbstractBufferingClientHttpRequest.executeInternal(AbstractBufferingClientHttpRequest.java:46)
	at org.springframework.http.client.AbstractClientHttpRequest.execute(AbstractClientHttpRequest.java:52)
	at org.springframework.web.client.RestTemplate.doExecute(RestTemplate.java:527)
	... 17 more
]]>
    </failure>
  </testcase> <!-- thatOrdersCanBeAddedAndQueried -->
  <testcase name="thatOrdersCanBeAddedAndQueried" time="0.148" classname="com.sprhib.TestService"/>
  <testcase name="thatOrdersCanBeAddedAndQueried" time="0.181" classname="com.sprhib.TestService"/>
  <testcase name="thatOrdersCanBeAddedAndQueried" time="0.296" classname="com.sprhib.TestService"/>
  <testcase name="thatOrdersCanBeAddedAndQueried" time="0.436" classname="com.sprhib.TestService"/>
  <testcase name="thatOrdersCanBeAddedAndQueried" time="0.241" classname="com.sprhib.TestService"/>
  <testcase name="thatOrdersCanBeAddedAndQueried" time="0.357" classname="com.sprhib.TestService"/>
  <testcase name="thatOrdersCanBeAddedAndQueried" time="0.163" classname="com.sprhib.TestService"/>
  <testcase name="thatOrdersCanBeAddedAndQueried" time="0.111" classname="com.sprhib.TestService"/>
  <testcase name="thatOrdersCanBeAddedAndQueried" time="0.120" classname="com.sprhib.TestService"/>
  <testcase name="thatOrdersCanBeAddedAndQueried" time="0.120" classname="com.sprhib.TestService"/>
  <testcase name="thatOrdersCanBeAddedAndQueried" time="0.298" classname="com.sprhib.TestService"/>
  <testcase name="thatOrdersCanBeAddedAndQueried" time="0.315" classname="com.sprhib.TestService"/>
  <testcase name="thatOrdersCanBeAddedAndQueried" time="0.157" classname="com.sprhib.TestService"/>
  <testcase name="thatOrdersCanBeAddedAndQueried" time="0.234" classname="com.sprhib.TestService"/>
  <testcase name="thatOrdersCanBeAddedAndQueried" time="0.205" classname="com.sprhib.TestService"/>
  <testcase name="thatOrdersCanBeAddedAndQueried" time="0.170" classname="com.sprhib.TestService"/>
  <testcase name="thatOrdersCanBeAddedAndQueried" time="0.262" classname="com.sprhib.TestService"/>
  <testcase name="thatOrdersCanBeAddedAndQueried" time="0.123" classname="com.sprhib.TestService"/>
  <testcase name="thatOrdersCanBeAddedAndQueried" time="0.158" classname="com.sprhib.TestService"/>
  <testcase name="thatOrdersCanBeAddedAndQueried" time="0.296" classname="com.sprhib.TestService"/>
  <testcase name="thatOrdersCanBeAddedAndQueried" time="0.228" classname="com.sprhib.TestService"/>
  <testcase name="thatOrdersCanBeAddedAndQueried" time="0.124" classname="com.sprhib.TestService"/>
  <testcase name="thatOrdersCanBeAddedAndQueried" time="0.191" classname="com.sprhib.TestService"/>
  <testcase name="thatOrdersCanBeAddedAndQueried" time="0.204" classname="com.sprhib.TestService"/>
  <testcase name="thatOrdersCanBeAddedAndQueried" time="0.018" classname="com.sprhib.TestService">
    <failure type="org.springframework.web.client.ResourceAccessException" message="I/O error on GET request for &quot;http://localhost:8080/spr-mvc-hib/convertation/-110/EUR/USD&quot;:No buffer space available (maximum connections reached?): connect; nested exception is java.net.SocketException: No buffer space available (maximum connections reached?): connect">
      <![CDATA[org.springframework.web.client.ResourceAccessException: I/O error on GET request for "http://localhost:8080/spr-mvc-hib/convertation/-110/EUR/USD":No buffer space available (maximum connections reached?): connect; nested exception is java.net.SocketException: No buffer space available (maximum connections reached?): connect
	at org.springframework.web.client.RestTemplate.doExecute(RestTemplate.java:543)
	at org.springframework.web.client.RestTemplate.execute(RestTemplate.java:489)
	at org.springframework.web.client.RestTemplate.getForEntity(RestTemplate.java:250)
	at com.sprhib.TestService.thatOrdersCanBeAddedAndQueried(TestService.java:26)
	at sun.reflect.GeneratedMethodAccessor3.invoke(Unknown Source)
	at sun.reflect.DelegatingMethodAccessorImpl.invoke(DelegatingMethodAccessorImpl.java:43)
	at java.lang.reflect.Method.invoke(Method.java:606)
	at org.testng.internal.MethodInvocationHelper.invokeMethod(MethodInvocationHelper.java:84)
	at org.testng.internal.Invoker.invokeMethod(Invoker.java:714)
	at org.testng.internal.Invoker.invokeTestMethod(Invoker.java:901)
	at org.testng.internal.Invoker.invokeTestMethods(Invoker.java:1231)
	at org.testng.internal.TestMethodWorker.invokeTestMethods(TestMethodWorker.java:127)
	at org.testng.internal.TestMethodWorker.run(TestMethodWorker.java:111)
	at org.testng.internal.thread.ThreadUtil$2.call(ThreadUtil.java:64)
	at java.util.concurrent.FutureTask.run(FutureTask.java:262)
	at java.util.concurrent.ThreadPoolExecutor.runWorker(ThreadPoolExecutor.java:1145)
	at java.util.concurrent.ThreadPoolExecutor$Worker.run(ThreadPoolExecutor.java:615)
	at java.lang.Thread.run(Thread.java:745)
Caused by: java.net.SocketException: No buffer space available (maximum connections reached?): connect
	at java.net.DualStackPlainSocketImpl.connect0(Native Method)
	at java.net.DualStackPlainSocketImpl.socketConnect(DualStackPlainSocketImpl.java:79)
	at java.net.AbstractPlainSocketImpl.doConnect(AbstractPlainSocketImpl.java:339)
	at java.net.AbstractPlainSocketImpl.connectToAddress(AbstractPlainSocketImpl.java:200)
	at java.net.AbstractPlainSocketImpl.connect(AbstractPlainSocketImpl.java:182)
	at java.net.PlainSocketImpl.connect(PlainSocketImpl.java:172)
	at java.net.SocksSocketImpl.connect(SocksSocketImpl.java:392)
	at java.net.Socket.connect(Socket.java:579)
	at java.net.Socket.connect(Socket.java:528)
	at sun.net.NetworkClient.doConnect(NetworkClient.java:180)
	at sun.net.www.http.HttpClient.openServer(HttpClient.java:432)
	at sun.net.www.http.HttpClient.openServer(HttpClient.java:527)
	at sun.net.www.http.HttpClient.<init>(HttpClient.java:211)
	at sun.net.www.http.HttpClient.New(HttpClient.java:308)
	at sun.net.www.http.HttpClient.New(HttpClient.java:326)
	at sun.net.www.protocol.http.HttpURLConnection.getNewHttpClient(HttpURLConnection.java:996)
	at sun.net.www.protocol.http.HttpURLConnection.plainConnect(HttpURLConnection.java:932)
	at sun.net.www.protocol.http.HttpURLConnection.connect(HttpURLConnection.java:850)
	at org.springframework.http.client.SimpleBufferingClientHttpRequest.executeInternal(SimpleBufferingClientHttpRequest.java:78)
	at org.springframework.http.client.AbstractBufferingClientHttpRequest.executeInternal(AbstractBufferingClientHttpRequest.java:46)
	at org.springframework.http.client.AbstractClientHttpRequest.execute(AbstractClientHttpRequest.java:52)
	at org.springframework.web.client.RestTemplate.doExecute(RestTemplate.java:527)
	... 17 more
]]>
    </failure>
  </testcase> <!-- thatOrdersCanBeAddedAndQueried -->
  <testcase name="thatOrdersCanBeAddedAndQueried" time="0.299" classname="com.sprhib.TestService"/>
  <testcase name="thatOrdersCanBeAddedAndQueried" time="0.354" classname="com.sprhib.TestService"/>
  <testcase name="thatOrdersCanBeAddedAndQueried" time="0.158" classname="com.sprhib.TestService"/>
  <testcase name="thatOrdersCanBeAddedAndQueried" time="0.194" classname="com.sprhib.TestService"/>
  <testcase name="thatOrdersCanBeAddedAndQueried" time="0.145" classname="com.sprhib.TestService"/>
  <testcase name="thatOrdersCanBeAddedAndQueried" time="0.036" classname="com.sprhib.TestService">
    <failure type="org.springframework.web.client.ResourceAccessException" message="I/O error on GET request for &quot;http://localhost:8080/spr-mvc-hib/convertation/-110/EUR/USD&quot;:No buffer space available (maximum connections reached?): connect; nested exception is java.net.SocketException: No buffer space available (maximum connections reached?): connect">
      <![CDATA[org.springframework.web.client.ResourceAccessException: I/O error on GET request for "http://localhost:8080/spr-mvc-hib/convertation/-110/EUR/USD":No buffer space available (maximum connections reached?): connect; nested exception is java.net.SocketException: No buffer space available (maximum connections reached?): connect
	at org.springframework.web.client.RestTemplate.doExecute(RestTemplate.java:543)
	at org.springframework.web.client.RestTemplate.execute(RestTemplate.java:489)
	at org.springframework.web.client.RestTemplate.getForEntity(RestTemplate.java:250)
	at com.sprhib.TestService.thatOrdersCanBeAddedAndQueried(TestService.java:26)
	at sun.reflect.GeneratedMethodAccessor3.invoke(Unknown Source)
	at sun.reflect.DelegatingMethodAccessorImpl.invoke(DelegatingMethodAccessorImpl.java:43)
	at java.lang.reflect.Method.invoke(Method.java:606)
	at org.testng.internal.MethodInvocationHelper.invokeMethod(MethodInvocationHelper.java:84)
	at org.testng.internal.Invoker.invokeMethod(Invoker.java:714)
	at org.testng.internal.Invoker.invokeTestMethod(Invoker.java:901)
	at org.testng.internal.Invoker.invokeTestMethods(Invoker.java:1231)
	at org.testng.internal.TestMethodWorker.invokeTestMethods(TestMethodWorker.java:127)
	at org.testng.internal.TestMethodWorker.run(TestMethodWorker.java:111)
	at org.testng.internal.thread.ThreadUtil$2.call(ThreadUtil.java:64)
	at java.util.concurrent.FutureTask.run(FutureTask.java:262)
	at java.util.concurrent.ThreadPoolExecutor.runWorker(ThreadPoolExecutor.java:1145)
	at java.util.concurrent.ThreadPoolExecutor$Worker.run(ThreadPoolExecutor.java:615)
	at java.lang.Thread.run(Thread.java:745)
Caused by: java.net.SocketException: No buffer space available (maximum connections reached?): connect
	at java.net.DualStackPlainSocketImpl.connect0(Native Method)
	at java.net.DualStackPlainSocketImpl.socketConnect(DualStackPlainSocketImpl.java:79)
	at java.net.AbstractPlainSocketImpl.doConnect(AbstractPlainSocketImpl.java:339)
	at java.net.AbstractPlainSocketImpl.connectToAddress(AbstractPlainSocketImpl.java:200)
	at java.net.AbstractPlainSocketImpl.connect(AbstractPlainSocketImpl.java:182)
	at java.net.PlainSocketImpl.connect(PlainSocketImpl.java:172)
	at java.net.SocksSocketImpl.connect(SocksSocketImpl.java:392)
	at java.net.Socket.connect(Socket.java:579)
	at java.net.Socket.connect(Socket.java:528)
	at sun.net.NetworkClient.doConnect(NetworkClient.java:180)
	at sun.net.www.http.HttpClient.openServer(HttpClient.java:432)
	at sun.net.www.http.HttpClient.openServer(HttpClient.java:527)
	at sun.net.www.http.HttpClient.<init>(HttpClient.java:211)
	at sun.net.www.http.HttpClient.New(HttpClient.java:308)
	at sun.net.www.http.HttpClient.New(HttpClient.java:326)
	at sun.net.www.protocol.http.HttpURLConnection.getNewHttpClient(HttpURLConnection.java:996)
	at sun.net.www.protocol.http.HttpURLConnection.plainConnect(HttpURLConnection.java:932)
	at sun.net.www.protocol.http.HttpURLConnection.connect(HttpURLConnection.java:850)
	at org.springframework.http.client.SimpleBufferingClientHttpRequest.executeInternal(SimpleBufferingClientHttpRequest.java:78)
	at org.springframework.http.client.AbstractBufferingClientHttpRequest.executeInternal(AbstractBufferingClientHttpRequest.java:46)
	at org.springframework.http.client.AbstractClientHttpRequest.execute(AbstractClientHttpRequest.java:52)
	at org.springframework.web.client.RestTemplate.doExecute(RestTemplate.java:527)
	... 17 more
]]>
    </failure>
  </testcase> <!-- thatOrdersCanBeAddedAndQueried -->
  <testcase name="thatOrdersCanBeAddedAndQueried" time="0.257" classname="com.sprhib.TestService"/>
  <testcase name="thatOrdersCanBeAddedAndQueried" time="0.154" classname="com.sprhib.TestService"/>
  <testcase name="thatOrdersCanBeAddedAndQueried" time="0.123" classname="com.sprhib.TestService"/>
  <testcase name="thatOrdersCanBeAddedAndQueried" time="0.170" classname="com.sprhib.TestService"/>
  <testcase name="thatOrdersCanBeAddedAndQueried" time="0.122" classname="com.sprhib.TestService"/>
  <testcase name="thatOrdersCanBeAddedAndQueried" time="0.277" classname="com.sprhib.TestService"/>
  <testcase name="thatOrdersCanBeAddedAndQueried" time="0.254" classname="com.sprhib.TestService"/>
  <testcase name="thatOrdersCanBeAddedAndQueried" time="0.214" classname="com.sprhib.TestService"/>
  <testcase name="thatOrdersCanBeAddedAndQueried" time="0.150" classname="com.sprhib.TestService"/>
  <testcase name="thatOrdersCanBeAddedAndQueried" time="0.315" classname="com.sprhib.TestService"/>
  <testcase name="thatOrdersCanBeAddedAndQueried" time="0.160" classname="com.sprhib.TestService">
    <failure type="org.springframework.web.client.HttpServerErrorException" message="500 Internal Server Error">
      <![CDATA[org.springframework.web.client.HttpServerErrorException: 500 Internal Server Error
	at org.springframework.web.client.DefaultResponseErrorHandler.handleError(DefaultResponseErrorHandler.java:94)
	at org.springframework.web.client.RestTemplate.handleResponseError(RestTemplate.java:576)
	at org.springframework.web.client.RestTemplate.doExecute(RestTemplate.java:532)
	at org.springframework.web.client.RestTemplate.execute(RestTemplate.java:489)
	at org.springframework.web.client.RestTemplate.getForEntity(RestTemplate.java:250)
	at com.sprhib.TestService.thatOrdersCanBeAddedAndQueried(TestService.java:39)
	at sun.reflect.GeneratedMethodAccessor3.invoke(Unknown Source)
	at sun.reflect.DelegatingMethodAccessorImpl.invoke(DelegatingMethodAccessorImpl.java:43)
	at java.lang.reflect.Method.invoke(Method.java:606)
	at org.testng.internal.MethodInvocationHelper.invokeMethod(MethodInvocationHelper.java:84)
	at org.testng.internal.Invoker.invokeMethod(Invoker.java:714)
	at org.testng.internal.Invoker.invokeTestMethod(Invoker.java:901)
	at org.testng.internal.Invoker.invokeTestMethods(Invoker.java:1231)
	at org.testng.internal.TestMethodWorker.invokeTestMethods(TestMethodWorker.java:127)
	at org.testng.internal.TestMethodWorker.run(TestMethodWorker.java:111)
	at org.testng.internal.thread.ThreadUtil$2.call(ThreadUtil.java:64)
	at java.util.concurrent.FutureTask.run(FutureTask.java:262)
	at java.util.concurrent.ThreadPoolExecutor.runWorker(ThreadPoolExecutor.java:1145)
	at java.util.concurrent.ThreadPoolExecutor$Worker.run(ThreadPoolExecutor.java:615)
	at java.lang.Thread.run(Thread.java:745)
]]>
    </failure>
  </testcase> <!-- thatOrdersCanBeAddedAndQueried -->
  <testcase name="thatOrdersCanBeAddedAndQueried" time="0.278" classname="com.sprhib.TestService"/>
  <testcase name="thatOrdersCanBeAddedAndQueried" time="0.245" classname="com.sprhib.TestService"/>
  <testcase name="thatOrdersCanBeAddedAndQueried" time="0.285" classname="com.sprhib.TestService"/>
  <testcase name="thatOrdersCanBeAddedAndQueried" time="0.160" classname="com.sprhib.TestService"/>
  <testcase name="thatOrdersCanBeAddedAndQueried" time="0.264" classname="com.sprhib.TestService"/>
  <testcase name="thatOrdersCanBeAddedAndQueried" time="0.159" classname="com.sprhib.TestService"/>
  <testcase name="thatOrdersCanBeAddedAndQueried" time="0.362" classname="com.sprhib.TestService"/>
  <testcase name="thatOrdersCanBeAddedAndQueried" time="0.139" classname="com.sprhib.TestService"/>
  <testcase name="thatOrdersCanBeAddedAndQueried" time="0.144" classname="com.sprhib.TestService"/>
  <testcase name="thatOrdersCanBeAddedAndQueried" time="0.153" classname="com.sprhib.TestService"/>
  <testcase name="thatOrdersCanBeAddedAndQueried" time="0.044" classname="com.sprhib.TestService">
    <failure type="org.springframework.web.client.ResourceAccessException" message="I/O error on GET request for &quot;http://localhost:8080/spr-mvc-hib/convertation/-110/EUR/USD&quot;:No buffer space available (maximum connections reached?): connect; nested exception is java.net.SocketException: No buffer space available (maximum connections reached?): connect">
      <![CDATA[org.springframework.web.client.ResourceAccessException: I/O error on GET request for "http://localhost:8080/spr-mvc-hib/convertation/-110/EUR/USD":No buffer space available (maximum connections reached?): connect; nested exception is java.net.SocketException: No buffer space available (maximum connections reached?): connect
	at org.springframework.web.client.RestTemplate.doExecute(RestTemplate.java:543)
	at org.springframework.web.client.RestTemplate.execute(RestTemplate.java:489)
	at org.springframework.web.client.RestTemplate.getForEntity(RestTemplate.java:250)
	at com.sprhib.TestService.thatOrdersCanBeAddedAndQueried(TestService.java:26)
	at sun.reflect.GeneratedMethodAccessor3.invoke(Unknown Source)
	at sun.reflect.DelegatingMethodAccessorImpl.invoke(DelegatingMethodAccessorImpl.java:43)
	at java.lang.reflect.Method.invoke(Method.java:606)
	at org.testng.internal.MethodInvocationHelper.invokeMethod(MethodInvocationHelper.java:84)
	at org.testng.internal.Invoker.invokeMethod(Invoker.java:714)
	at org.testng.internal.Invoker.invokeTestMethod(Invoker.java:901)
	at org.testng.internal.Invoker.invokeTestMethods(Invoker.java:1231)
	at org.testng.internal.TestMethodWorker.invokeTestMethods(TestMethodWorker.java:127)
	at org.testng.internal.TestMethodWorker.run(TestMethodWorker.java:111)
	at org.testng.internal.thread.ThreadUtil$2.call(ThreadUtil.java:64)
	at java.util.concurrent.FutureTask.run(FutureTask.java:262)
	at java.util.concurrent.ThreadPoolExecutor.runWorker(ThreadPoolExecutor.java:1145)
	at java.util.concurrent.ThreadPoolExecutor$Worker.run(ThreadPoolExecutor.java:615)
	at java.lang.Thread.run(Thread.java:745)
Caused by: java.net.SocketException: No buffer space available (maximum connections reached?): connect
	at java.net.DualStackPlainSocketImpl.connect0(Native Method)
	at java.net.DualStackPlainSocketImpl.socketConnect(DualStackPlainSocketImpl.java:79)
	at java.net.AbstractPlainSocketImpl.doConnect(AbstractPlainSocketImpl.java:339)
	at java.net.AbstractPlainSocketImpl.connectToAddress(AbstractPlainSocketImpl.java:200)
	at java.net.AbstractPlainSocketImpl.connect(AbstractPlainSocketImpl.java:182)
	at java.net.PlainSocketImpl.connect(PlainSocketImpl.java:172)
	at java.net.SocksSocketImpl.connect(SocksSocketImpl.java:392)
	at java.net.Socket.connect(Socket.java:579)
	at java.net.Socket.connect(Socket.java:528)
	at sun.net.NetworkClient.doConnect(NetworkClient.java:180)
	at sun.net.www.http.HttpClient.openServer(HttpClient.java:432)
	at sun.net.www.http.HttpClient.openServer(HttpClient.java:527)
	at sun.net.www.http.HttpClient.<init>(HttpClient.java:211)
	at sun.net.www.http.HttpClient.New(HttpClient.java:308)
	at sun.net.www.http.HttpClient.New(HttpClient.java:326)
	at sun.net.www.protocol.http.HttpURLConnection.getNewHttpClient(HttpURLConnection.java:996)
	at sun.net.www.protocol.http.HttpURLConnection.plainConnect(HttpURLConnection.java:932)
	at sun.net.www.protocol.http.HttpURLConnection.connect(HttpURLConnection.java:850)
	at org.springframework.http.client.SimpleBufferingClientHttpRequest.executeInternal(SimpleBufferingClientHttpRequest.java:78)
	at org.springframework.http.client.AbstractBufferingClientHttpRequest.executeInternal(AbstractBufferingClientHttpRequest.java:46)
	at org.springframework.http.client.AbstractClientHttpRequest.execute(AbstractClientHttpRequest.java:52)
	at org.springframework.web.client.RestTemplate.doExecute(RestTemplate.java:527)
	... 17 more
]]>
    </failure>
  </testcase> <!-- thatOrdersCanBeAddedAndQueried -->
  <testcase name="thatOrdersCanBeAddedAndQueried" time="0.330" classname="com.sprhib.TestService"/>
  <testcase name="thatOrdersCanBeAddedAndQueried" time="0.131" classname="com.sprhib.TestService"/>
  <testcase name="thatOrdersCanBeAddedAndQueried" time="0.015" classname="com.sprhib.TestService">
    <failure type="org.springframework.web.client.ResourceAccessException" message="I/O error on GET request for &quot;http://localhost:8080/spr-mvc-hib/convertation/-110/EUR/USD&quot;:No buffer space available (maximum connections reached?): connect; nested exception is java.net.SocketException: No buffer space available (maximum connections reached?): connect">
      <![CDATA[org.springframework.web.client.ResourceAccessException: I/O error on GET request for "http://localhost:8080/spr-mvc-hib/convertation/-110/EUR/USD":No buffer space available (maximum connections reached?): connect; nested exception is java.net.SocketException: No buffer space available (maximum connections reached?): connect
	at org.springframework.web.client.RestTemplate.doExecute(RestTemplate.java:543)
	at org.springframework.web.client.RestTemplate.execute(RestTemplate.java:489)
	at org.springframework.web.client.RestTemplate.getForEntity(RestTemplate.java:250)
	at com.sprhib.TestService.thatOrdersCanBeAddedAndQueried(TestService.java:26)
	at sun.reflect.GeneratedMethodAccessor3.invoke(Unknown Source)
	at sun.reflect.DelegatingMethodAccessorImpl.invoke(DelegatingMethodAccessorImpl.java:43)
	at java.lang.reflect.Method.invoke(Method.java:606)
	at org.testng.internal.MethodInvocationHelper.invokeMethod(MethodInvocationHelper.java:84)
	at org.testng.internal.Invoker.invokeMethod(Invoker.java:714)
	at org.testng.internal.Invoker.invokeTestMethod(Invoker.java:901)
	at org.testng.internal.Invoker.invokeTestMethods(Invoker.java:1231)
	at org.testng.internal.TestMethodWorker.invokeTestMethods(TestMethodWorker.java:127)
	at org.testng.internal.TestMethodWorker.run(TestMethodWorker.java:111)
	at org.testng.internal.thread.ThreadUtil$2.call(ThreadUtil.java:64)
	at java.util.concurrent.FutureTask.run(FutureTask.java:262)
	at java.util.concurrent.ThreadPoolExecutor.runWorker(ThreadPoolExecutor.java:1145)
	at java.util.concurrent.ThreadPoolExecutor$Worker.run(ThreadPoolExecutor.java:615)
	at java.lang.Thread.run(Thread.java:745)
Caused by: java.net.SocketException: No buffer space available (maximum connections reached?): connect
	at java.net.DualStackPlainSocketImpl.connect0(Native Method)
	at java.net.DualStackPlainSocketImpl.socketConnect(DualStackPlainSocketImpl.java:79)
	at java.net.AbstractPlainSocketImpl.doConnect(AbstractPlainSocketImpl.java:339)
	at java.net.AbstractPlainSocketImpl.connectToAddress(AbstractPlainSocketImpl.java:200)
	at java.net.AbstractPlainSocketImpl.connect(AbstractPlainSocketImpl.java:182)
	at java.net.PlainSocketImpl.connect(PlainSocketImpl.java:172)
	at java.net.SocksSocketImpl.connect(SocksSocketImpl.java:392)
	at java.net.Socket.connect(Socket.java:579)
	at java.net.Socket.connect(Socket.java:528)
	at sun.net.NetworkClient.doConnect(NetworkClient.java:180)
	at sun.net.www.http.HttpClient.openServer(HttpClient.java:432)
	at sun.net.www.http.HttpClient.openServer(HttpClient.java:527)
	at sun.net.www.http.HttpClient.<init>(HttpClient.java:211)
	at sun.net.www.http.HttpClient.New(HttpClient.java:308)
	at sun.net.www.http.HttpClient.New(HttpClient.java:326)
	at sun.net.www.protocol.http.HttpURLConnection.getNewHttpClient(HttpURLConnection.java:996)
	at sun.net.www.protocol.http.HttpURLConnection.plainConnect(HttpURLConnection.java:932)
	at sun.net.www.protocol.http.HttpURLConnection.connect(HttpURLConnection.java:850)
	at org.springframework.http.client.SimpleBufferingClientHttpRequest.executeInternal(SimpleBufferingClientHttpRequest.java:78)
	at org.springframework.http.client.AbstractBufferingClientHttpRequest.executeInternal(AbstractBufferingClientHttpRequest.java:46)
	at org.springframework.http.client.AbstractClientHttpRequest.execute(AbstractClientHttpRequest.java:52)
	at org.springframework.web.client.RestTemplate.doExecute(RestTemplate.java:527)
	... 17 more
]]>
    </failure>
  </testcase> <!-- thatOrdersCanBeAddedAndQueried -->
  <testcase name="thatOrdersCanBeAddedAndQueried" time="0.037" classname="com.sprhib.TestService">
    <failure type="org.springframework.web.client.ResourceAccessException" message="I/O error on GET request for &quot;http://localhost:8080/spr-mvc-hib/convertation/-110/EUR/USD&quot;:No buffer space available (maximum connections reached?): connect; nested exception is java.net.SocketException: No buffer space available (maximum connections reached?): connect">
      <![CDATA[org.springframework.web.client.ResourceAccessException: I/O error on GET request for "http://localhost:8080/spr-mvc-hib/convertation/-110/EUR/USD":No buffer space available (maximum connections reached?): connect; nested exception is java.net.SocketException: No buffer space available (maximum connections reached?): connect
	at org.springframework.web.client.RestTemplate.doExecute(RestTemplate.java:543)
	at org.springframework.web.client.RestTemplate.execute(RestTemplate.java:489)
	at org.springframework.web.client.RestTemplate.getForEntity(RestTemplate.java:250)
	at com.sprhib.TestService.thatOrdersCanBeAddedAndQueried(TestService.java:26)
	at sun.reflect.GeneratedMethodAccessor3.invoke(Unknown Source)
	at sun.reflect.DelegatingMethodAccessorImpl.invoke(DelegatingMethodAccessorImpl.java:43)
	at java.lang.reflect.Method.invoke(Method.java:606)
	at org.testng.internal.MethodInvocationHelper.invokeMethod(MethodInvocationHelper.java:84)
	at org.testng.internal.Invoker.invokeMethod(Invoker.java:714)
	at org.testng.internal.Invoker.invokeTestMethod(Invoker.java:901)
	at org.testng.internal.Invoker.invokeTestMethods(Invoker.java:1231)
	at org.testng.internal.TestMethodWorker.invokeTestMethods(TestMethodWorker.java:127)
	at org.testng.internal.TestMethodWorker.run(TestMethodWorker.java:111)
	at org.testng.internal.thread.ThreadUtil$2.call(ThreadUtil.java:64)
	at java.util.concurrent.FutureTask.run(FutureTask.java:262)
	at java.util.concurrent.ThreadPoolExecutor.runWorker(ThreadPoolExecutor.java:1145)
	at java.util.concurrent.ThreadPoolExecutor$Worker.run(ThreadPoolExecutor.java:615)
	at java.lang.Thread.run(Thread.java:745)
Caused by: java.net.SocketException: No buffer space available (maximum connections reached?): connect
	at java.net.DualStackPlainSocketImpl.connect0(Native Method)
	at java.net.DualStackPlainSocketImpl.socketConnect(DualStackPlainSocketImpl.java:79)
	at java.net.AbstractPlainSocketImpl.doConnect(AbstractPlainSocketImpl.java:339)
	at java.net.AbstractPlainSocketImpl.connectToAddress(AbstractPlainSocketImpl.java:200)
	at java.net.AbstractPlainSocketImpl.connect(AbstractPlainSocketImpl.java:182)
	at java.net.PlainSocketImpl.connect(PlainSocketImpl.java:172)
	at java.net.SocksSocketImpl.connect(SocksSocketImpl.java:392)
	at java.net.Socket.connect(Socket.java:579)
	at java.net.Socket.connect(Socket.java:528)
	at sun.net.NetworkClient.doConnect(NetworkClient.java:180)
	at sun.net.www.http.HttpClient.openServer(HttpClient.java:432)
	at sun.net.www.http.HttpClient.openServer(HttpClient.java:527)
	at sun.net.www.http.HttpClient.<init>(HttpClient.java:211)
	at sun.net.www.http.HttpClient.New(HttpClient.java:308)
	at sun.net.www.http.HttpClient.New(HttpClient.java:326)
	at sun.net.www.protocol.http.HttpURLConnection.getNewHttpClient(HttpURLConnection.java:996)
	at sun.net.www.protocol.http.HttpURLConnection.plainConnect(HttpURLConnection.java:932)
	at sun.net.www.protocol.http.HttpURLConnection.connect(HttpURLConnection.java:850)
	at org.springframework.http.client.SimpleBufferingClientHttpRequest.executeInternal(SimpleBufferingClientHttpRequest.java:78)
	at org.springframework.http.client.AbstractBufferingClientHttpRequest.executeInternal(AbstractBufferingClientHttpRequest.java:46)
	at org.springframework.http.client.AbstractClientHttpRequest.execute(AbstractClientHttpRequest.java:52)
	at org.springframework.web.client.RestTemplate.doExecute(RestTemplate.java:527)
	... 17 more
]]>
    </failure>
  </testcase> <!-- thatOrdersCanBeAddedAndQueried -->
  <testcase name="thatOrdersCanBeAddedAndQueried" time="0.190" classname="com.sprhib.TestService"/>
  <testcase name="thatOrdersCanBeAddedAndQueried" time="0.202" classname="com.sprhib.TestService"/>
  <testcase name="thatOrdersCanBeAddedAndQueried" time="0.193" classname="com.sprhib.TestService"/>
  <testcase name="thatOrdersCanBeAddedAndQueried" time="0.221" classname="com.sprhib.TestService"/>
  <testcase name="thatOrdersCanBeAddedAndQueried" time="0.118" classname="com.sprhib.TestService"/>
  <testcase name="thatOrdersCanBeAddedAndQueried" time="0.115" classname="com.sprhib.TestService"/>
  <testcase name="thatOrdersCanBeAddedAndQueried" time="0.161" classname="com.sprhib.TestService"/>
  <testcase name="thatOrdersCanBeAddedAndQueried" time="0.145" classname="com.sprhib.TestService"/>
  <testcase name="thatOrdersCanBeAddedAndQueried" time="0.024" classname="com.sprhib.TestService">
    <failure type="org.springframework.web.client.ResourceAccessException" message="I/O error on GET request for &quot;http://localhost:8080/spr-mvc-hib/convertation/-110/EUR/USD&quot;:No buffer space available (maximum connections reached?): connect; nested exception is java.net.SocketException: No buffer space available (maximum connections reached?): connect">
      <![CDATA[org.springframework.web.client.ResourceAccessException: I/O error on GET request for "http://localhost:8080/spr-mvc-hib/convertation/-110/EUR/USD":No buffer space available (maximum connections reached?): connect; nested exception is java.net.SocketException: No buffer space available (maximum connections reached?): connect
	at org.springframework.web.client.RestTemplate.doExecute(RestTemplate.java:543)
	at org.springframework.web.client.RestTemplate.execute(RestTemplate.java:489)
	at org.springframework.web.client.RestTemplate.getForEntity(RestTemplate.java:250)
	at com.sprhib.TestService.thatOrdersCanBeAddedAndQueried(TestService.java:26)
	at sun.reflect.GeneratedMethodAccessor3.invoke(Unknown Source)
	at sun.reflect.DelegatingMethodAccessorImpl.invoke(DelegatingMethodAccessorImpl.java:43)
	at java.lang.reflect.Method.invoke(Method.java:606)
	at org.testng.internal.MethodInvocationHelper.invokeMethod(MethodInvocationHelper.java:84)
	at org.testng.internal.Invoker.invokeMethod(Invoker.java:714)
	at org.testng.internal.Invoker.invokeTestMethod(Invoker.java:901)
	at org.testng.internal.Invoker.invokeTestMethods(Invoker.java:1231)
	at org.testng.internal.TestMethodWorker.invokeTestMethods(TestMethodWorker.java:127)
	at org.testng.internal.TestMethodWorker.run(TestMethodWorker.java:111)
	at org.testng.internal.thread.ThreadUtil$2.call(ThreadUtil.java:64)
	at java.util.concurrent.FutureTask.run(FutureTask.java:262)
	at java.util.concurrent.ThreadPoolExecutor.runWorker(ThreadPoolExecutor.java:1145)
	at java.util.concurrent.ThreadPoolExecutor$Worker.run(ThreadPoolExecutor.java:615)
	at java.lang.Thread.run(Thread.java:745)
Caused by: java.net.SocketException: No buffer space available (maximum connections reached?): connect
	at java.net.DualStackPlainSocketImpl.connect0(Native Method)
	at java.net.DualStackPlainSocketImpl.socketConnect(DualStackPlainSocketImpl.java:79)
	at java.net.AbstractPlainSocketImpl.doConnect(AbstractPlainSocketImpl.java:339)
	at java.net.AbstractPlainSocketImpl.connectToAddress(AbstractPlainSocketImpl.java:200)
	at java.net.AbstractPlainSocketImpl.connect(AbstractPlainSocketImpl.java:182)
	at java.net.PlainSocketImpl.connect(PlainSocketImpl.java:172)
	at java.net.SocksSocketImpl.connect(SocksSocketImpl.java:392)
	at java.net.Socket.connect(Socket.java:579)
	at java.net.Socket.connect(Socket.java:528)
	at sun.net.NetworkClient.doConnect(NetworkClient.java:180)
	at sun.net.www.http.HttpClient.openServer(HttpClient.java:432)
	at sun.net.www.http.HttpClient.openServer(HttpClient.java:527)
	at sun.net.www.http.HttpClient.<init>(HttpClient.java:211)
	at sun.net.www.http.HttpClient.New(HttpClient.java:308)
	at sun.net.www.http.HttpClient.New(HttpClient.java:326)
	at sun.net.www.protocol.http.HttpURLConnection.getNewHttpClient(HttpURLConnection.java:996)
	at sun.net.www.protocol.http.HttpURLConnection.plainConnect(HttpURLConnection.java:932)
	at sun.net.www.protocol.http.HttpURLConnection.connect(HttpURLConnection.java:850)
	at org.springframework.http.client.SimpleBufferingClientHttpRequest.executeInternal(SimpleBufferingClientHttpRequest.java:78)
	at org.springframework.http.client.AbstractBufferingClientHttpRequest.executeInternal(AbstractBufferingClientHttpRequest.java:46)
	at org.springframework.http.client.AbstractClientHttpRequest.execute(AbstractClientHttpRequest.java:52)
	at org.springframework.web.client.RestTemplate.doExecute(RestTemplate.java:527)
	... 17 more
]]>
    </failure>
  </testcase> <!-- thatOrdersCanBeAddedAndQueried -->
  <testcase name="thatOrdersCanBeAddedAndQueried" time="0.195" classname="com.sprhib.TestService"/>
  <testcase name="thatOrdersCanBeAddedAndQueried" time="0.209" classname="com.sprhib.TestService"/>
  <testcase name="thatOrdersCanBeAddedAndQueried" time="0.187" classname="com.sprhib.TestService"/>
  <testcase name="thatOrdersCanBeAddedAndQueried" time="0.279" classname="com.sprhib.TestService"/>
  <testcase name="thatOrdersCanBeAddedAndQueried" time="0.146" classname="com.sprhib.TestService"/>
  <testcase name="thatOrdersCanBeAddedAndQueried" time="0.191" classname="com.sprhib.TestService"/>
  <testcase name="thatOrdersCanBeAddedAndQueried" time="0.225" classname="com.sprhib.TestService"/>
  <testcase name="thatOrdersCanBeAddedAndQueried" time="0.401" classname="com.sprhib.TestService"/>
  <testcase name="thatOrdersCanBeAddedAndQueried" time="0.168" classname="com.sprhib.TestService"/>
  <testcase name="thatOrdersCanBeAddedAndQueried" time="0.244" classname="com.sprhib.TestService"/>
  <testcase name="thatOrdersCanBeAddedAndQueried" time="0.324" classname="com.sprhib.TestService"/>
  <testcase name="thatOrdersCanBeAddedAndQueried" time="0.248" classname="com.sprhib.TestService"/>
  <testcase name="thatOrdersCanBeAddedAndQueried" time="0.212" classname="com.sprhib.TestService"/>
  <testcase name="thatOrdersCanBeAddedAndQueried" time="0.112" classname="com.sprhib.TestService"/>
  <testcase name="thatOrdersCanBeAddedAndQueried" time="0.145" classname="com.sprhib.TestService"/>
  <testcase name="thatOrdersCanBeAddedAndQueried" time="0.020" classname="com.sprhib.TestService">
    <failure type="org.springframework.web.client.ResourceAccessException" message="I/O error on GET request for &quot;http://localhost:8080/spr-mvc-hib/convertation/-110/EUR/USD&quot;:No buffer space available (maximum connections reached?): connect; nested exception is java.net.SocketException: No buffer space available (maximum connections reached?): connect">
      <![CDATA[org.springframework.web.client.ResourceAccessException: I/O error on GET request for "http://localhost:8080/spr-mvc-hib/convertation/-110/EUR/USD":No buffer space available (maximum connections reached?): connect; nested exception is java.net.SocketException: No buffer space available (maximum connections reached?): connect
	at org.springframework.web.client.RestTemplate.doExecute(RestTemplate.java:543)
	at org.springframework.web.client.RestTemplate.execute(RestTemplate.java:489)
	at org.springframework.web.client.RestTemplate.getForEntity(RestTemplate.java:250)
	at com.sprhib.TestService.thatOrdersCanBeAddedAndQueried(TestService.java:26)
	at sun.reflect.GeneratedMethodAccessor3.invoke(Unknown Source)
	at sun.reflect.DelegatingMethodAccessorImpl.invoke(DelegatingMethodAccessorImpl.java:43)
	at java.lang.reflect.Method.invoke(Method.java:606)
	at org.testng.internal.MethodInvocationHelper.invokeMethod(MethodInvocationHelper.java:84)
	at org.testng.internal.Invoker.invokeMethod(Invoker.java:714)
	at org.testng.internal.Invoker.invokeTestMethod(Invoker.java:901)
	at org.testng.internal.Invoker.invokeTestMethods(Invoker.java:1231)
	at org.testng.internal.TestMethodWorker.invokeTestMethods(TestMethodWorker.java:127)
	at org.testng.internal.TestMethodWorker.run(TestMethodWorker.java:111)
	at org.testng.internal.thread.ThreadUtil$2.call(ThreadUtil.java:64)
	at java.util.concurrent.FutureTask.run(FutureTask.java:262)
	at java.util.concurrent.ThreadPoolExecutor.runWorker(ThreadPoolExecutor.java:1145)
	at java.util.concurrent.ThreadPoolExecutor$Worker.run(ThreadPoolExecutor.java:615)
	at java.lang.Thread.run(Thread.java:745)
Caused by: java.net.SocketException: No buffer space available (maximum connections reached?): connect
	at java.net.DualStackPlainSocketImpl.connect0(Native Method)
	at java.net.DualStackPlainSocketImpl.socketConnect(DualStackPlainSocketImpl.java:79)
	at java.net.AbstractPlainSocketImpl.doConnect(AbstractPlainSocketImpl.java:339)
	at java.net.AbstractPlainSocketImpl.connectToAddress(AbstractPlainSocketImpl.java:200)
	at java.net.AbstractPlainSocketImpl.connect(AbstractPlainSocketImpl.java:182)
	at java.net.PlainSocketImpl.connect(PlainSocketImpl.java:172)
	at java.net.SocksSocketImpl.connect(SocksSocketImpl.java:392)
	at java.net.Socket.connect(Socket.java:579)
	at java.net.Socket.connect(Socket.java:528)
	at sun.net.NetworkClient.doConnect(NetworkClient.java:180)
	at sun.net.www.http.HttpClient.openServer(HttpClient.java:432)
	at sun.net.www.http.HttpClient.openServer(HttpClient.java:527)
	at sun.net.www.http.HttpClient.<init>(HttpClient.java:211)
	at sun.net.www.http.HttpClient.New(HttpClient.java:308)
	at sun.net.www.http.HttpClient.New(HttpClient.java:326)
	at sun.net.www.protocol.http.HttpURLConnection.getNewHttpClient(HttpURLConnection.java:996)
	at sun.net.www.protocol.http.HttpURLConnection.plainConnect(HttpURLConnection.java:932)
	at sun.net.www.protocol.http.HttpURLConnection.connect(HttpURLConnection.java:850)
	at org.springframework.http.client.SimpleBufferingClientHttpRequest.executeInternal(SimpleBufferingClientHttpRequest.java:78)
	at org.springframework.http.client.AbstractBufferingClientHttpRequest.executeInternal(AbstractBufferingClientHttpRequest.java:46)
	at org.springframework.http.client.AbstractClientHttpRequest.execute(AbstractClientHttpRequest.java:52)
	at org.springframework.web.client.RestTemplate.doExecute(RestTemplate.java:527)
	... 17 more
]]>
    </failure>
  </testcase> <!-- thatOrdersCanBeAddedAndQueried -->
  <testcase name="thatOrdersCanBeAddedAndQueried" time="0.141" classname="com.sprhib.TestService"/>
  <testcase name="thatOrdersCanBeAddedAndQueried" time="0.239" classname="com.sprhib.TestService"/>
  <testcase name="thatOrdersCanBeAddedAndQueried" time="0.181" classname="com.sprhib.TestService"/>
  <testcase name="thatOrdersCanBeAddedAndQueried" time="0.019" classname="com.sprhib.TestService">
    <failure type="org.springframework.web.client.ResourceAccessException" message="I/O error on GET request for &quot;http://localhost:8080/spr-mvc-hib/convertation/-110/EUR/USD&quot;:No buffer space available (maximum connections reached?): connect; nested exception is java.net.SocketException: No buffer space available (maximum connections reached?): connect">
      <![CDATA[org.springframework.web.client.ResourceAccessException: I/O error on GET request for "http://localhost:8080/spr-mvc-hib/convertation/-110/EUR/USD":No buffer space available (maximum connections reached?): connect; nested exception is java.net.SocketException: No buffer space available (maximum connections reached?): connect
	at org.springframework.web.client.RestTemplate.doExecute(RestTemplate.java:543)
	at org.springframework.web.client.RestTemplate.execute(RestTemplate.java:489)
	at org.springframework.web.client.RestTemplate.getForEntity(RestTemplate.java:250)
	at com.sprhib.TestService.thatOrdersCanBeAddedAndQueried(TestService.java:26)
	at sun.reflect.GeneratedMethodAccessor3.invoke(Unknown Source)
	at sun.reflect.DelegatingMethodAccessorImpl.invoke(DelegatingMethodAccessorImpl.java:43)
	at java.lang.reflect.Method.invoke(Method.java:606)
	at org.testng.internal.MethodInvocationHelper.invokeMethod(MethodInvocationHelper.java:84)
	at org.testng.internal.Invoker.invokeMethod(Invoker.java:714)
	at org.testng.internal.Invoker.invokeTestMethod(Invoker.java:901)
	at org.testng.internal.Invoker.invokeTestMethods(Invoker.java:1231)
	at org.testng.internal.TestMethodWorker.invokeTestMethods(TestMethodWorker.java:127)
	at org.testng.internal.TestMethodWorker.run(TestMethodWorker.java:111)
	at org.testng.internal.thread.ThreadUtil$2.call(ThreadUtil.java:64)
	at java.util.concurrent.FutureTask.run(FutureTask.java:262)
	at java.util.concurrent.ThreadPoolExecutor.runWorker(ThreadPoolExecutor.java:1145)
	at java.util.concurrent.ThreadPoolExecutor$Worker.run(ThreadPoolExecutor.java:615)
	at java.lang.Thread.run(Thread.java:745)
Caused by: java.net.SocketException: No buffer space available (maximum connections reached?): connect
	at java.net.DualStackPlainSocketImpl.connect0(Native Method)
	at java.net.DualStackPlainSocketImpl.socketConnect(DualStackPlainSocketImpl.java:79)
	at java.net.AbstractPlainSocketImpl.doConnect(AbstractPlainSocketImpl.java:339)
	at java.net.AbstractPlainSocketImpl.connectToAddress(AbstractPlainSocketImpl.java:200)
	at java.net.AbstractPlainSocketImpl.connect(AbstractPlainSocketImpl.java:182)
	at java.net.PlainSocketImpl.connect(PlainSocketImpl.java:172)
	at java.net.SocksSocketImpl.connect(SocksSocketImpl.java:392)
	at java.net.Socket.connect(Socket.java:579)
	at java.net.Socket.connect(Socket.java:528)
	at sun.net.NetworkClient.doConnect(NetworkClient.java:180)
	at sun.net.www.http.HttpClient.openServer(HttpClient.java:432)
	at sun.net.www.http.HttpClient.openServer(HttpClient.java:527)
	at sun.net.www.http.HttpClient.<init>(HttpClient.java:211)
	at sun.net.www.http.HttpClient.New(HttpClient.java:308)
	at sun.net.www.http.HttpClient.New(HttpClient.java:326)
	at sun.net.www.protocol.http.HttpURLConnection.getNewHttpClient(HttpURLConnection.java:996)
	at sun.net.www.protocol.http.HttpURLConnection.plainConnect(HttpURLConnection.java:932)
	at sun.net.www.protocol.http.HttpURLConnection.connect(HttpURLConnection.java:850)
	at org.springframework.http.client.SimpleBufferingClientHttpRequest.executeInternal(SimpleBufferingClientHttpRequest.java:78)
	at org.springframework.http.client.AbstractBufferingClientHttpRequest.executeInternal(AbstractBufferingClientHttpRequest.java:46)
	at org.springframework.http.client.AbstractClientHttpRequest.execute(AbstractClientHttpRequest.java:52)
	at org.springframework.web.client.RestTemplate.doExecute(RestTemplate.java:527)
	... 17 more
]]>
    </failure>
  </testcase> <!-- thatOrdersCanBeAddedAndQueried -->
  <testcase name="thatOrdersCanBeAddedAndQueried" time="0.211" classname="com.sprhib.TestService"/>
  <testcase name="thatOrdersCanBeAddedAndQueried" time="0.132" classname="com.sprhib.TestService"/>
  <testcase name="thatOrdersCanBeAddedAndQueried" time="0.149" classname="com.sprhib.TestService"/>
  <testcase name="thatOrdersCanBeAddedAndQueried" time="0.146" classname="com.sprhib.TestService">
    <failure type="org.springframework.web.client.HttpServerErrorException" message="500 Internal Server Error">
      <![CDATA[org.springframework.web.client.HttpServerErrorException: 500 Internal Server Error
	at org.springframework.web.client.DefaultResponseErrorHandler.handleError(DefaultResponseErrorHandler.java:94)
	at org.springframework.web.client.RestTemplate.handleResponseError(RestTemplate.java:576)
	at org.springframework.web.client.RestTemplate.doExecute(RestTemplate.java:532)
	at org.springframework.web.client.RestTemplate.execute(RestTemplate.java:489)
	at org.springframework.web.client.RestTemplate.getForEntity(RestTemplate.java:250)
	at com.sprhib.TestService.thatOrdersCanBeAddedAndQueried(TestService.java:44)
	at sun.reflect.GeneratedMethodAccessor3.invoke(Unknown Source)
	at sun.reflect.DelegatingMethodAccessorImpl.invoke(DelegatingMethodAccessorImpl.java:43)
	at java.lang.reflect.Method.invoke(Method.java:606)
	at org.testng.internal.MethodInvocationHelper.invokeMethod(MethodInvocationHelper.java:84)
	at org.testng.internal.Invoker.invokeMethod(Invoker.java:714)
	at org.testng.internal.Invoker.invokeTestMethod(Invoker.java:901)
	at org.testng.internal.Invoker.invokeTestMethods(Invoker.java:1231)
	at org.testng.internal.TestMethodWorker.invokeTestMethods(TestMethodWorker.java:127)
	at org.testng.internal.TestMethodWorker.run(TestMethodWorker.java:111)
	at org.testng.internal.thread.ThreadUtil$2.call(ThreadUtil.java:64)
	at java.util.concurrent.FutureTask.run(FutureTask.java:262)
	at java.util.concurrent.ThreadPoolExecutor.runWorker(ThreadPoolExecutor.java:1145)
	at java.util.concurrent.ThreadPoolExecutor$Worker.run(ThreadPoolExecutor.java:615)
	at java.lang.Thread.run(Thread.java:745)
]]>
    </failure>
  </testcase> <!-- thatOrdersCanBeAddedAndQueried -->
  <testcase name="thatOrdersCanBeAddedAndQueried" time="0.249" classname="com.sprhib.TestService"/>
  <testcase name="thatOrdersCanBeAddedAndQueried" time="0.115" classname="com.sprhib.TestService"/>
  <testcase name="thatOrdersCanBeAddedAndQueried" time="0.164" classname="com.sprhib.TestService"/>
  <testcase name="thatOrdersCanBeAddedAndQueried" time="0.208" classname="com.sprhib.TestService"/>
  <testcase name="thatOrdersCanBeAddedAndQueried" time="0.028" classname="com.sprhib.TestService">
    <failure type="org.springframework.web.client.ResourceAccessException" message="I/O error on GET request for &quot;http://localhost:8080/spr-mvc-hib/convertation/-110/EUR/USD&quot;:No buffer space available (maximum connections reached?): connect; nested exception is java.net.SocketException: No buffer space available (maximum connections reached?): connect">
      <![CDATA[org.springframework.web.client.ResourceAccessException: I/O error on GET request for "http://localhost:8080/spr-mvc-hib/convertation/-110/EUR/USD":No buffer space available (maximum connections reached?): connect; nested exception is java.net.SocketException: No buffer space available (maximum connections reached?): connect
	at org.springframework.web.client.RestTemplate.doExecute(RestTemplate.java:543)
	at org.springframework.web.client.RestTemplate.execute(RestTemplate.java:489)
	at org.springframework.web.client.RestTemplate.getForEntity(RestTemplate.java:250)
	at com.sprhib.TestService.thatOrdersCanBeAddedAndQueried(TestService.java:26)
	at sun.reflect.GeneratedMethodAccessor3.invoke(Unknown Source)
	at sun.reflect.DelegatingMethodAccessorImpl.invoke(DelegatingMethodAccessorImpl.java:43)
	at java.lang.reflect.Method.invoke(Method.java:606)
	at org.testng.internal.MethodInvocationHelper.invokeMethod(MethodInvocationHelper.java:84)
	at org.testng.internal.Invoker.invokeMethod(Invoker.java:714)
	at org.testng.internal.Invoker.invokeTestMethod(Invoker.java:901)
	at org.testng.internal.Invoker.invokeTestMethods(Invoker.java:1231)
	at org.testng.internal.TestMethodWorker.invokeTestMethods(TestMethodWorker.java:127)
	at org.testng.internal.TestMethodWorker.run(TestMethodWorker.java:111)
	at org.testng.internal.thread.ThreadUtil$2.call(ThreadUtil.java:64)
	at java.util.concurrent.FutureTask.run(FutureTask.java:262)
	at java.util.concurrent.ThreadPoolExecutor.runWorker(ThreadPoolExecutor.java:1145)
	at java.util.concurrent.ThreadPoolExecutor$Worker.run(ThreadPoolExecutor.java:615)
	at java.lang.Thread.run(Thread.java:745)
Caused by: java.net.SocketException: No buffer space available (maximum connections reached?): connect
	at java.net.DualStackPlainSocketImpl.connect0(Native Method)
	at java.net.DualStackPlainSocketImpl.socketConnect(DualStackPlainSocketImpl.java:79)
	at java.net.AbstractPlainSocketImpl.doConnect(AbstractPlainSocketImpl.java:339)
	at java.net.AbstractPlainSocketImpl.connectToAddress(AbstractPlainSocketImpl.java:200)
	at java.net.AbstractPlainSocketImpl.connect(AbstractPlainSocketImpl.java:182)
	at java.net.PlainSocketImpl.connect(PlainSocketImpl.java:172)
	at java.net.SocksSocketImpl.connect(SocksSocketImpl.java:392)
	at java.net.Socket.connect(Socket.java:579)
	at java.net.Socket.connect(Socket.java:528)
	at sun.net.NetworkClient.doConnect(NetworkClient.java:180)
	at sun.net.www.http.HttpClient.openServer(HttpClient.java:432)
	at sun.net.www.http.HttpClient.openServer(HttpClient.java:527)
	at sun.net.www.http.HttpClient.<init>(HttpClient.java:211)
	at sun.net.www.http.HttpClient.New(HttpClient.java:308)
	at sun.net.www.http.HttpClient.New(HttpClient.java:326)
	at sun.net.www.protocol.http.HttpURLConnection.getNewHttpClient(HttpURLConnection.java:996)
	at sun.net.www.protocol.http.HttpURLConnection.plainConnect(HttpURLConnection.java:932)
	at sun.net.www.protocol.http.HttpURLConnection.connect(HttpURLConnection.java:850)
	at org.springframework.http.client.SimpleBufferingClientHttpRequest.executeInternal(SimpleBufferingClientHttpRequest.java:78)
	at org.springframework.http.client.AbstractBufferingClientHttpRequest.executeInternal(AbstractBufferingClientHttpRequest.java:46)
	at org.springframework.http.client.AbstractClientHttpRequest.execute(AbstractClientHttpRequest.java:52)
	at org.springframework.web.client.RestTemplate.doExecute(RestTemplate.java:527)
	... 17 more
]]>
    </failure>
  </testcase> <!-- thatOrdersCanBeAddedAndQueried -->
  <testcase name="thatOrdersCanBeAddedAndQueried" time="0.336" classname="com.sprhib.TestService"/>
  <testcase name="thatOrdersCanBeAddedAndQueried" time="0.226" classname="com.sprhib.TestService"/>
  <testcase name="thatOrdersCanBeAddedAndQueried" time="0.232" classname="com.sprhib.TestService"/>
  <testcase name="thatOrdersCanBeAddedAndQueried" time="0.247" classname="com.sprhib.TestService"/>
  <testcase name="thatOrdersCanBeAddedAndQueried" time="0.152" classname="com.sprhib.TestService"/>
  <testcase name="thatOrdersCanBeAddedAndQueried" time="0.124" classname="com.sprhib.TestService"/>
  <testcase name="thatOrdersCanBeAddedAndQueried" time="0.165" classname="com.sprhib.TestService"/>
  <testcase name="thatOrdersCanBeAddedAndQueried" time="0.207" classname="com.sprhib.TestService"/>
  <testcase name="thatOrdersCanBeAddedAndQueried" time="0.320" classname="com.sprhib.TestService"/>
  <testcase name="thatOrdersCanBeAddedAndQueried" time="0.130" classname="com.sprhib.TestService"/>
  <testcase name="thatOrdersCanBeAddedAndQueried" time="0.185" classname="com.sprhib.TestService"/>
  <testcase name="thatOrdersCanBeAddedAndQueried" time="1.001" classname="com.sprhib.TestService"/>
  <testcase name="thatOrdersCanBeAddedAndQueried" time="0.185" classname="com.sprhib.TestService"/>
  <testcase name="thatOrdersCanBeAddedAndQueried" time="0.138" classname="com.sprhib.TestService"/>
  <testcase name="thatOrdersCanBeAddedAndQueried" time="0.302" classname="com.sprhib.TestService"/>
  <testcase name="thatOrdersCanBeAddedAndQueried" time="0.227" classname="com.sprhib.TestService"/>
  <testcase name="thatOrdersCanBeAddedAndQueried" time="0.035" classname="com.sprhib.TestService">
    <failure type="org.springframework.web.client.ResourceAccessException" message="I/O error on GET request for &quot;http://localhost:8080/spr-mvc-hib/convertation/-110/EUR/USD&quot;:No buffer space available (maximum connections reached?): connect; nested exception is java.net.SocketException: No buffer space available (maximum connections reached?): connect">
      <![CDATA[org.springframework.web.client.ResourceAccessException: I/O error on GET request for "http://localhost:8080/spr-mvc-hib/convertation/-110/EUR/USD":No buffer space available (maximum connections reached?): connect; nested exception is java.net.SocketException: No buffer space available (maximum connections reached?): connect
	at org.springframework.web.client.RestTemplate.doExecute(RestTemplate.java:543)
	at org.springframework.web.client.RestTemplate.execute(RestTemplate.java:489)
	at org.springframework.web.client.RestTemplate.getForEntity(RestTemplate.java:250)
	at com.sprhib.TestService.thatOrdersCanBeAddedAndQueried(TestService.java:26)
	at sun.reflect.GeneratedMethodAccessor3.invoke(Unknown Source)
	at sun.reflect.DelegatingMethodAccessorImpl.invoke(DelegatingMethodAccessorImpl.java:43)
	at java.lang.reflect.Method.invoke(Method.java:606)
	at org.testng.internal.MethodInvocationHelper.invokeMethod(MethodInvocationHelper.java:84)
	at org.testng.internal.Invoker.invokeMethod(Invoker.java:714)
	at org.testng.internal.Invoker.invokeTestMethod(Invoker.java:901)
	at org.testng.internal.Invoker.invokeTestMethods(Invoker.java:1231)
	at org.testng.internal.TestMethodWorker.invokeTestMethods(TestMethodWorker.java:127)
	at org.testng.internal.TestMethodWorker.run(TestMethodWorker.java:111)
	at org.testng.internal.thread.ThreadUtil$2.call(ThreadUtil.java:64)
	at java.util.concurrent.FutureTask.run(FutureTask.java:262)
	at java.util.concurrent.ThreadPoolExecutor.runWorker(ThreadPoolExecutor.java:1145)
	at java.util.concurrent.ThreadPoolExecutor$Worker.run(ThreadPoolExecutor.java:615)
	at java.lang.Thread.run(Thread.java:745)
Caused by: java.net.SocketException: No buffer space available (maximum connections reached?): connect
	at java.net.DualStackPlainSocketImpl.connect0(Native Method)
	at java.net.DualStackPlainSocketImpl.socketConnect(DualStackPlainSocketImpl.java:79)
	at java.net.AbstractPlainSocketImpl.doConnect(AbstractPlainSocketImpl.java:339)
	at java.net.AbstractPlainSocketImpl.connectToAddress(AbstractPlainSocketImpl.java:200)
	at java.net.AbstractPlainSocketImpl.connect(AbstractPlainSocketImpl.java:182)
	at java.net.PlainSocketImpl.connect(PlainSocketImpl.java:172)
	at java.net.SocksSocketImpl.connect(SocksSocketImpl.java:392)
	at java.net.Socket.connect(Socket.java:579)
	at java.net.Socket.connect(Socket.java:528)
	at sun.net.NetworkClient.doConnect(NetworkClient.java:180)
	at sun.net.www.http.HttpClient.openServer(HttpClient.java:432)
	at sun.net.www.http.HttpClient.openServer(HttpClient.java:527)
	at sun.net.www.http.HttpClient.<init>(HttpClient.java:211)
	at sun.net.www.http.HttpClient.New(HttpClient.java:308)
	at sun.net.www.http.HttpClient.New(HttpClient.java:326)
	at sun.net.www.protocol.http.HttpURLConnection.getNewHttpClient(HttpURLConnection.java:996)
	at sun.net.www.protocol.http.HttpURLConnection.plainConnect(HttpURLConnection.java:932)
	at sun.net.www.protocol.http.HttpURLConnection.connect(HttpURLConnection.java:850)
	at org.springframework.http.client.SimpleBufferingClientHttpRequest.executeInternal(SimpleBufferingClientHttpRequest.java:78)
	at org.springframework.http.client.AbstractBufferingClientHttpRequest.executeInternal(AbstractBufferingClientHttpRequest.java:46)
	at org.springframework.http.client.AbstractClientHttpRequest.execute(AbstractClientHttpRequest.java:52)
	at org.springframework.web.client.RestTemplate.doExecute(RestTemplate.java:527)
	... 17 more
]]>
    </failure>
  </testcase> <!-- thatOrdersCanBeAddedAndQueried -->
  <testcase name="thatOrdersCanBeAddedAndQueried" time="0.303" classname="com.sprhib.TestService"/>
  <testcase name="thatOrdersCanBeAddedAndQueried" time="0.190" classname="com.sprhib.TestService"/>
  <testcase name="thatOrdersCanBeAddedAndQueried" time="0.186" classname="com.sprhib.TestService"/>
  <testcase name="thatOrdersCanBeAddedAndQueried" time="0.115" classname="com.sprhib.TestService"/>
  <testcase name="thatOrdersCanBeAddedAndQueried" time="0.124" classname="com.sprhib.TestService"/>
  <testcase name="thatOrdersCanBeAddedAndQueried" time="0.014" classname="com.sprhib.TestService">
    <failure type="org.springframework.web.client.ResourceAccessException" message="I/O error on GET request for &quot;http://localhost:8080/spr-mvc-hib/convertation/-110/EUR/USD&quot;:No buffer space available (maximum connections reached?): connect; nested exception is java.net.SocketException: No buffer space available (maximum connections reached?): connect">
      <![CDATA[org.springframework.web.client.ResourceAccessException: I/O error on GET request for "http://localhost:8080/spr-mvc-hib/convertation/-110/EUR/USD":No buffer space available (maximum connections reached?): connect; nested exception is java.net.SocketException: No buffer space available (maximum connections reached?): connect
	at org.springframework.web.client.RestTemplate.doExecute(RestTemplate.java:543)
	at org.springframework.web.client.RestTemplate.execute(RestTemplate.java:489)
	at org.springframework.web.client.RestTemplate.getForEntity(RestTemplate.java:250)
	at com.sprhib.TestService.thatOrdersCanBeAddedAndQueried(TestService.java:26)
	at sun.reflect.GeneratedMethodAccessor3.invoke(Unknown Source)
	at sun.reflect.DelegatingMethodAccessorImpl.invoke(DelegatingMethodAccessorImpl.java:43)
	at java.lang.reflect.Method.invoke(Method.java:606)
	at org.testng.internal.MethodInvocationHelper.invokeMethod(MethodInvocationHelper.java:84)
	at org.testng.internal.Invoker.invokeMethod(Invoker.java:714)
	at org.testng.internal.Invoker.invokeTestMethod(Invoker.java:901)
	at org.testng.internal.Invoker.invokeTestMethods(Invoker.java:1231)
	at org.testng.internal.TestMethodWorker.invokeTestMethods(TestMethodWorker.java:127)
	at org.testng.internal.TestMethodWorker.run(TestMethodWorker.java:111)
	at org.testng.internal.thread.ThreadUtil$2.call(ThreadUtil.java:64)
	at java.util.concurrent.FutureTask.run(FutureTask.java:262)
	at java.util.concurrent.ThreadPoolExecutor.runWorker(ThreadPoolExecutor.java:1145)
	at java.util.concurrent.ThreadPoolExecutor$Worker.run(ThreadPoolExecutor.java:615)
	at java.lang.Thread.run(Thread.java:745)
Caused by: java.net.SocketException: No buffer space available (maximum connections reached?): connect
	at java.net.DualStackPlainSocketImpl.connect0(Native Method)
	at java.net.DualStackPlainSocketImpl.socketConnect(DualStackPlainSocketImpl.java:79)
	at java.net.AbstractPlainSocketImpl.doConnect(AbstractPlainSocketImpl.java:339)
	at java.net.AbstractPlainSocketImpl.connectToAddress(AbstractPlainSocketImpl.java:200)
	at java.net.AbstractPlainSocketImpl.connect(AbstractPlainSocketImpl.java:182)
	at java.net.PlainSocketImpl.connect(PlainSocketImpl.java:172)
	at java.net.SocksSocketImpl.connect(SocksSocketImpl.java:392)
	at java.net.Socket.connect(Socket.java:579)
	at java.net.Socket.connect(Socket.java:528)
	at sun.net.NetworkClient.doConnect(NetworkClient.java:180)
	at sun.net.www.http.HttpClient.openServer(HttpClient.java:432)
	at sun.net.www.http.HttpClient.openServer(HttpClient.java:527)
	at sun.net.www.http.HttpClient.<init>(HttpClient.java:211)
	at sun.net.www.http.HttpClient.New(HttpClient.java:308)
	at sun.net.www.http.HttpClient.New(HttpClient.java:326)
	at sun.net.www.protocol.http.HttpURLConnection.getNewHttpClient(HttpURLConnection.java:996)
	at sun.net.www.protocol.http.HttpURLConnection.plainConnect(HttpURLConnection.java:932)
	at sun.net.www.protocol.http.HttpURLConnection.connect(HttpURLConnection.java:850)
	at org.springframework.http.client.SimpleBufferingClientHttpRequest.executeInternal(SimpleBufferingClientHttpRequest.java:78)
	at org.springframework.http.client.AbstractBufferingClientHttpRequest.executeInternal(AbstractBufferingClientHttpRequest.java:46)
	at org.springframework.http.client.AbstractClientHttpRequest.execute(AbstractClientHttpRequest.java:52)
	at org.springframework.web.client.RestTemplate.doExecute(RestTemplate.java:527)
	... 17 more
]]>
    </failure>
  </testcase> <!-- thatOrdersCanBeAddedAndQueried -->
  <testcase name="thatOrdersCanBeAddedAndQueried" time="0.137" classname="com.sprhib.TestService"/>
  <testcase name="thatOrdersCanBeAddedAndQueried" time="0.180" classname="com.sprhib.TestService"/>
  <testcase name="thatOrdersCanBeAddedAndQueried" time="0.173" classname="com.sprhib.TestService"/>
  <testcase name="thatOrdersCanBeAddedAndQueried" time="0.178" classname="com.sprhib.TestService"/>
  <testcase name="thatOrdersCanBeAddedAndQueried" time="0.159" classname="com.sprhib.TestService"/>
  <testcase name="thatOrdersCanBeAddedAndQueried" time="0.067" classname="com.sprhib.TestService">
    <failure type="org.springframework.web.client.ResourceAccessException" message="I/O error on GET request for &quot;http://localhost:8080/spr-mvc-hib/convertation/-110/EUR/USD&quot;:No buffer space available (maximum connections reached?): connect; nested exception is java.net.SocketException: No buffer space available (maximum connections reached?): connect">
      <![CDATA[org.springframework.web.client.ResourceAccessException: I/O error on GET request for "http://localhost:8080/spr-mvc-hib/convertation/-110/EUR/USD":No buffer space available (maximum connections reached?): connect; nested exception is java.net.SocketException: No buffer space available (maximum connections reached?): connect
	at org.springframework.web.client.RestTemplate.doExecute(RestTemplate.java:543)
	at org.springframework.web.client.RestTemplate.execute(RestTemplate.java:489)
	at org.springframework.web.client.RestTemplate.getForEntity(RestTemplate.java:250)
	at com.sprhib.TestService.thatOrdersCanBeAddedAndQueried(TestService.java:26)
	at sun.reflect.GeneratedMethodAccessor3.invoke(Unknown Source)
	at sun.reflect.DelegatingMethodAccessorImpl.invoke(DelegatingMethodAccessorImpl.java:43)
	at java.lang.reflect.Method.invoke(Method.java:606)
	at org.testng.internal.MethodInvocationHelper.invokeMethod(MethodInvocationHelper.java:84)
	at org.testng.internal.Invoker.invokeMethod(Invoker.java:714)
	at org.testng.internal.Invoker.invokeTestMethod(Invoker.java:901)
	at org.testng.internal.Invoker.invokeTestMethods(Invoker.java:1231)
	at org.testng.internal.TestMethodWorker.invokeTestMethods(TestMethodWorker.java:127)
	at org.testng.internal.TestMethodWorker.run(TestMethodWorker.java:111)
	at org.testng.internal.thread.ThreadUtil$2.call(ThreadUtil.java:64)
	at java.util.concurrent.FutureTask.run(FutureTask.java:262)
	at java.util.concurrent.ThreadPoolExecutor.runWorker(ThreadPoolExecutor.java:1145)
	at java.util.concurrent.ThreadPoolExecutor$Worker.run(ThreadPoolExecutor.java:615)
	at java.lang.Thread.run(Thread.java:745)
Caused by: java.net.SocketException: No buffer space available (maximum connections reached?): connect
	at java.net.DualStackPlainSocketImpl.connect0(Native Method)
	at java.net.DualStackPlainSocketImpl.socketConnect(DualStackPlainSocketImpl.java:79)
	at java.net.AbstractPlainSocketImpl.doConnect(AbstractPlainSocketImpl.java:339)
	at java.net.AbstractPlainSocketImpl.connectToAddress(AbstractPlainSocketImpl.java:200)
	at java.net.AbstractPlainSocketImpl.connect(AbstractPlainSocketImpl.java:182)
	at java.net.PlainSocketImpl.connect(PlainSocketImpl.java:172)
	at java.net.SocksSocketImpl.connect(SocksSocketImpl.java:392)
	at java.net.Socket.connect(Socket.java:579)
	at java.net.Socket.connect(Socket.java:528)
	at sun.net.NetworkClient.doConnect(NetworkClient.java:180)
	at sun.net.www.http.HttpClient.openServer(HttpClient.java:432)
	at sun.net.www.http.HttpClient.openServer(HttpClient.java:527)
	at sun.net.www.http.HttpClient.<init>(HttpClient.java:211)
	at sun.net.www.http.HttpClient.New(HttpClient.java:308)
	at sun.net.www.http.HttpClient.New(HttpClient.java:326)
	at sun.net.www.protocol.http.HttpURLConnection.getNewHttpClient(HttpURLConnection.java:996)
	at sun.net.www.protocol.http.HttpURLConnection.plainConnect(HttpURLConnection.java:932)
	at sun.net.www.protocol.http.HttpURLConnection.connect(HttpURLConnection.java:850)
	at org.springframework.http.client.SimpleBufferingClientHttpRequest.executeInternal(SimpleBufferingClientHttpRequest.java:78)
	at org.springframework.http.client.AbstractBufferingClientHttpRequest.executeInternal(AbstractBufferingClientHttpRequest.java:46)
	at org.springframework.http.client.AbstractClientHttpRequest.execute(AbstractClientHttpRequest.java:52)
	at org.springframework.web.client.RestTemplate.doExecute(RestTemplate.java:527)
	... 17 more
]]>
    </failure>
  </testcase> <!-- thatOrdersCanBeAddedAndQueried -->
  <testcase name="thatOrdersCanBeAddedAndQueried" time="0.162" classname="com.sprhib.TestService"/>
  <testcase name="thatOrdersCanBeAddedAndQueried" time="0.096" classname="com.sprhib.TestService"/>
  <testcase name="thatOrdersCanBeAddedAndQueried" time="0.190" classname="com.sprhib.TestService"/>
  <testcase name="thatOrdersCanBeAddedAndQueried" time="0.167" classname="com.sprhib.TestService"/>
  <testcase name="thatOrdersCanBeAddedAndQueried" time="0.148" classname="com.sprhib.TestService"/>
  <testcase name="thatOrdersCanBeAddedAndQueried" time="0.175" classname="com.sprhib.TestService"/>
  <testcase name="thatOrdersCanBeAddedAndQueried" time="0.033" classname="com.sprhib.TestService">
    <failure type="org.springframework.web.client.ResourceAccessException" message="I/O error on GET request for &quot;http://localhost:8080/spr-mvc-hib/convertation/-110/EUR/USD&quot;:No buffer space available (maximum connections reached?): connect; nested exception is java.net.SocketException: No buffer space available (maximum connections reached?): connect">
      <![CDATA[org.springframework.web.client.ResourceAccessException: I/O error on GET request for "http://localhost:8080/spr-mvc-hib/convertation/-110/EUR/USD":No buffer space available (maximum connections reached?): connect; nested exception is java.net.SocketException: No buffer space available (maximum connections reached?): connect
	at org.springframework.web.client.RestTemplate.doExecute(RestTemplate.java:543)
	at org.springframework.web.client.RestTemplate.execute(RestTemplate.java:489)
	at org.springframework.web.client.RestTemplate.getForEntity(RestTemplate.java:250)
	at com.sprhib.TestService.thatOrdersCanBeAddedAndQueried(TestService.java:26)
	at sun.reflect.GeneratedMethodAccessor3.invoke(Unknown Source)
	at sun.reflect.DelegatingMethodAccessorImpl.invoke(DelegatingMethodAccessorImpl.java:43)
	at java.lang.reflect.Method.invoke(Method.java:606)
	at org.testng.internal.MethodInvocationHelper.invokeMethod(MethodInvocationHelper.java:84)
	at org.testng.internal.Invoker.invokeMethod(Invoker.java:714)
	at org.testng.internal.Invoker.invokeTestMethod(Invoker.java:901)
	at org.testng.internal.Invoker.invokeTestMethods(Invoker.java:1231)
	at org.testng.internal.TestMethodWorker.invokeTestMethods(TestMethodWorker.java:127)
	at org.testng.internal.TestMethodWorker.run(TestMethodWorker.java:111)
	at org.testng.internal.thread.ThreadUtil$2.call(ThreadUtil.java:64)
	at java.util.concurrent.FutureTask.run(FutureTask.java:262)
	at java.util.concurrent.ThreadPoolExecutor.runWorker(ThreadPoolExecutor.java:1145)
	at java.util.concurrent.ThreadPoolExecutor$Worker.run(ThreadPoolExecutor.java:615)
	at java.lang.Thread.run(Thread.java:745)
Caused by: java.net.SocketException: No buffer space available (maximum connections reached?): connect
	at java.net.DualStackPlainSocketImpl.connect0(Native Method)
	at java.net.DualStackPlainSocketImpl.socketConnect(DualStackPlainSocketImpl.java:79)
	at java.net.AbstractPlainSocketImpl.doConnect(AbstractPlainSocketImpl.java:339)
	at java.net.AbstractPlainSocketImpl.connectToAddress(AbstractPlainSocketImpl.java:200)
	at java.net.AbstractPlainSocketImpl.connect(AbstractPlainSocketImpl.java:182)
	at java.net.PlainSocketImpl.connect(PlainSocketImpl.java:172)
	at java.net.SocksSocketImpl.connect(SocksSocketImpl.java:392)
	at java.net.Socket.connect(Socket.java:579)
	at java.net.Socket.connect(Socket.java:528)
	at sun.net.NetworkClient.doConnect(NetworkClient.java:180)
	at sun.net.www.http.HttpClient.openServer(HttpClient.java:432)
	at sun.net.www.http.HttpClient.openServer(HttpClient.java:527)
	at sun.net.www.http.HttpClient.<init>(HttpClient.java:211)
	at sun.net.www.http.HttpClient.New(HttpClient.java:308)
	at sun.net.www.http.HttpClient.New(HttpClient.java:326)
	at sun.net.www.protocol.http.HttpURLConnection.getNewHttpClient(HttpURLConnection.java:996)
	at sun.net.www.protocol.http.HttpURLConnection.plainConnect(HttpURLConnection.java:932)
	at sun.net.www.protocol.http.HttpURLConnection.connect(HttpURLConnection.java:850)
	at org.springframework.http.client.SimpleBufferingClientHttpRequest.executeInternal(SimpleBufferingClientHttpRequest.java:78)
	at org.springframework.http.client.AbstractBufferingClientHttpRequest.executeInternal(AbstractBufferingClientHttpRequest.java:46)
	at org.springframework.http.client.AbstractClientHttpRequest.execute(AbstractClientHttpRequest.java:52)
	at org.springframework.web.client.RestTemplate.doExecute(RestTemplate.java:527)
	... 17 more
]]>
    </failure>
  </testcase> <!-- thatOrdersCanBeAddedAndQueried -->
  <testcase name="thatOrdersCanBeAddedAndQueried" time="0.196" classname="com.sprhib.TestService"/>
  <testcase name="thatOrdersCanBeAddedAndQueried" time="0.170" classname="com.sprhib.TestService"/>
  <testcase name="thatOrdersCanBeAddedAndQueried" time="0.151" classname="com.sprhib.TestService"/>
  <testcase name="thatOrdersCanBeAddedAndQueried" time="0.202" classname="com.sprhib.TestService"/>
  <testcase name="thatOrdersCanBeAddedAndQueried" time="0.174" classname="com.sprhib.TestService"/>
  <testcase name="thatOrdersCanBeAddedAndQueried" time="0.035" classname="com.sprhib.TestService">
    <failure type="org.springframework.web.client.ResourceAccessException" message="I/O error on GET request for &quot;http://localhost:8080/spr-mvc-hib/convertation/-110/EUR/USD&quot;:No buffer space available (maximum connections reached?): connect; nested exception is java.net.SocketException: No buffer space available (maximum connections reached?): connect">
      <![CDATA[org.springframework.web.client.ResourceAccessException: I/O error on GET request for "http://localhost:8080/spr-mvc-hib/convertation/-110/EUR/USD":No buffer space available (maximum connections reached?): connect; nested exception is java.net.SocketException: No buffer space available (maximum connections reached?): connect
	at org.springframework.web.client.RestTemplate.doExecute(RestTemplate.java:543)
	at org.springframework.web.client.RestTemplate.execute(RestTemplate.java:489)
	at org.springframework.web.client.RestTemplate.getForEntity(RestTemplate.java:250)
	at com.sprhib.TestService.thatOrdersCanBeAddedAndQueried(TestService.java:26)
	at sun.reflect.GeneratedMethodAccessor3.invoke(Unknown Source)
	at sun.reflect.DelegatingMethodAccessorImpl.invoke(DelegatingMethodAccessorImpl.java:43)
	at java.lang.reflect.Method.invoke(Method.java:606)
	at org.testng.internal.MethodInvocationHelper.invokeMethod(MethodInvocationHelper.java:84)
	at org.testng.internal.Invoker.invokeMethod(Invoker.java:714)
	at org.testng.internal.Invoker.invokeTestMethod(Invoker.java:901)
	at org.testng.internal.Invoker.invokeTestMethods(Invoker.java:1231)
	at org.testng.internal.TestMethodWorker.invokeTestMethods(TestMethodWorker.java:127)
	at org.testng.internal.TestMethodWorker.run(TestMethodWorker.java:111)
	at org.testng.internal.thread.ThreadUtil$2.call(ThreadUtil.java:64)
	at java.util.concurrent.FutureTask.run(FutureTask.java:262)
	at java.util.concurrent.ThreadPoolExecutor.runWorker(ThreadPoolExecutor.java:1145)
	at java.util.concurrent.ThreadPoolExecutor$Worker.run(ThreadPoolExecutor.java:615)
	at java.lang.Thread.run(Thread.java:745)
Caused by: java.net.SocketException: No buffer space available (maximum connections reached?): connect
	at java.net.DualStackPlainSocketImpl.connect0(Native Method)
	at java.net.DualStackPlainSocketImpl.socketConnect(DualStackPlainSocketImpl.java:79)
	at java.net.AbstractPlainSocketImpl.doConnect(AbstractPlainSocketImpl.java:339)
	at java.net.AbstractPlainSocketImpl.connectToAddress(AbstractPlainSocketImpl.java:200)
	at java.net.AbstractPlainSocketImpl.connect(AbstractPlainSocketImpl.java:182)
	at java.net.PlainSocketImpl.connect(PlainSocketImpl.java:172)
	at java.net.SocksSocketImpl.connect(SocksSocketImpl.java:392)
	at java.net.Socket.connect(Socket.java:579)
	at java.net.Socket.connect(Socket.java:528)
	at sun.net.NetworkClient.doConnect(NetworkClient.java:180)
	at sun.net.www.http.HttpClient.openServer(HttpClient.java:432)
	at sun.net.www.http.HttpClient.openServer(HttpClient.java:527)
	at sun.net.www.http.HttpClient.<init>(HttpClient.java:211)
	at sun.net.www.http.HttpClient.New(HttpClient.java:308)
	at sun.net.www.http.HttpClient.New(HttpClient.java:326)
	at sun.net.www.protocol.http.HttpURLConnection.getNewHttpClient(HttpURLConnection.java:996)
	at sun.net.www.protocol.http.HttpURLConnection.plainConnect(HttpURLConnection.java:932)
	at sun.net.www.protocol.http.HttpURLConnection.connect(HttpURLConnection.java:850)
	at org.springframework.http.client.SimpleBufferingClientHttpRequest.executeInternal(SimpleBufferingClientHttpRequest.java:78)
	at org.springframework.http.client.AbstractBufferingClientHttpRequest.executeInternal(AbstractBufferingClientHttpRequest.java:46)
	at org.springframework.http.client.AbstractClientHttpRequest.execute(AbstractClientHttpRequest.java:52)
	at org.springframework.web.client.RestTemplate.doExecute(RestTemplate.java:527)
	... 17 more
]]>
    </failure>
  </testcase> <!-- thatOrdersCanBeAddedAndQueried -->
  <testcase name="thatOrdersCanBeAddedAndQueried" time="0.164" classname="com.sprhib.TestService"/>
  <testcase name="thatOrdersCanBeAddedAndQueried" time="0.219" classname="com.sprhib.TestService"/>
  <testcase name="thatOrdersCanBeAddedAndQueried" time="0.162" classname="com.sprhib.TestService"/>
  <testcase name="thatOrdersCanBeAddedAndQueried" time="0.199" classname="com.sprhib.TestService"/>
  <testcase name="thatOrdersCanBeAddedAndQueried" time="0.167" classname="com.sprhib.TestService"/>
  <testcase name="thatOrdersCanBeAddedAndQueried" time="0.132" classname="com.sprhib.TestService"/>
  <testcase name="thatOrdersCanBeAddedAndQueried" time="0.197" classname="com.sprhib.TestService"/>
  <testcase name="thatOrdersCanBeAddedAndQueried" time="0.236" classname="com.sprhib.TestService"/>
  <testcase name="thatOrdersCanBeAddedAndQueried" time="0.165" classname="com.sprhib.TestService"/>
  <testcase name="thatOrdersCanBeAddedAndQueried" time="0.142" classname="com.sprhib.TestService"/>
  <testcase name="thatOrdersCanBeAddedAndQueried" time="0.157" classname="com.sprhib.TestService"/>
  <testcase name="thatOrdersCanBeAddedAndQueried" time="0.137" classname="com.sprhib.TestService"/>
  <testcase name="thatOrdersCanBeAddedAndQueried" time="0.130" classname="com.sprhib.TestService"/>
  <testcase name="thatOrdersCanBeAddedAndQueried" time="0.196" classname="com.sprhib.TestService"/>
  <testcase name="thatOrdersCanBeAddedAndQueried" time="0.171" classname="com.sprhib.TestService"/>
  <testcase name="thatOrdersCanBeAddedAndQueried" time="0.503" classname="com.sprhib.TestService"/>
  <testcase name="thatOrdersCanBeAddedAndQueried" time="0.125" classname="com.sprhib.TestService"/>
  <testcase name="thatOrdersCanBeAddedAndQueried" time="0.287" classname="com.sprhib.TestService"/>
  <testcase name="thatOrdersCanBeAddedAndQueried" time="0.220" classname="com.sprhib.TestService"/>
  <testcase name="thatOrdersCanBeAddedAndQueried" time="0.209" classname="com.sprhib.TestService"/>
  <testcase name="thatOrdersCanBeAddedAndQueried" time="0.259" classname="com.sprhib.TestService"/>
  <testcase name="thatOrdersCanBeAddedAndQueried" time="0.169" classname="com.sprhib.TestService"/>
  <testcase name="thatOrdersCanBeAddedAndQueried" time="0.168" classname="com.sprhib.TestService"/>
  <testcase name="thatOrdersCanBeAddedAndQueried" time="0.285" classname="com.sprhib.TestService"/>
  <testcase name="thatOrdersCanBeAddedAndQueried" time="0.216" classname="com.sprhib.TestService"/>
  <testcase name="thatOrdersCanBeAddedAndQueried" time="0.137" classname="com.sprhib.TestService"/>
  <testcase name="thatOrdersCanBeAddedAndQueried" time="0.275" classname="com.sprhib.TestService"/>
  <testcase name="thatOrdersCanBeAddedAndQueried" time="0.156" classname="com.sprhib.TestService"/>
  <testcase name="thatOrdersCanBeAddedAndQueried" time="0.150" classname="com.sprhib.TestService"/>
  <testcase name="thatOrdersCanBeAddedAndQueried" time="0.153" classname="com.sprhib.TestService"/>
  <testcase name="thatOrdersCanBeAddedAndQueried" time="0.165" classname="com.sprhib.TestService"/>
  <testcase name="thatOrdersCanBeAddedAndQueried" time="0.211" classname="com.sprhib.TestService">
    <failure type="org.springframework.web.client.HttpServerErrorException" message="500 Internal Server Error">
      <![CDATA[org.springframework.web.client.HttpServerErrorException: 500 Internal Server Error
	at org.springframework.web.client.DefaultResponseErrorHandler.handleError(DefaultResponseErrorHandler.java:94)
	at org.springframework.web.client.RestTemplate.handleResponseError(RestTemplate.java:576)
	at org.springframework.web.client.RestTemplate.doExecute(RestTemplate.java:532)
	at org.springframework.web.client.RestTemplate.execute(RestTemplate.java:489)
	at org.springframework.web.client.RestTemplate.getForEntity(RestTemplate.java:250)
	at com.sprhib.TestService.thatOrdersCanBeAddedAndQueried(TestService.java:39)
	at sun.reflect.GeneratedMethodAccessor3.invoke(Unknown Source)
	at sun.reflect.DelegatingMethodAccessorImpl.invoke(DelegatingMethodAccessorImpl.java:43)
	at java.lang.reflect.Method.invoke(Method.java:606)
	at org.testng.internal.MethodInvocationHelper.invokeMethod(MethodInvocationHelper.java:84)
	at org.testng.internal.Invoker.invokeMethod(Invoker.java:714)
	at org.testng.internal.Invoker.invokeTestMethod(Invoker.java:901)
	at org.testng.internal.Invoker.invokeTestMethods(Invoker.java:1231)
	at org.testng.internal.TestMethodWorker.invokeTestMethods(TestMethodWorker.java:127)
	at org.testng.internal.TestMethodWorker.run(TestMethodWorker.java:111)
	at org.testng.internal.thread.ThreadUtil$2.call(ThreadUtil.java:64)
	at java.util.concurrent.FutureTask.run(FutureTask.java:262)
	at java.util.concurrent.ThreadPoolExecutor.runWorker(ThreadPoolExecutor.java:1145)
	at java.util.concurrent.ThreadPoolExecutor$Worker.run(ThreadPoolExecutor.java:615)
	at java.lang.Thread.run(Thread.java:745)
]]>
    </failure>
  </testcase> <!-- thatOrdersCanBeAddedAndQueried -->
  <testcase name="thatOrdersCanBeAddedAndQueried" time="0.150" classname="com.sprhib.TestService"/>
  <testcase name="thatOrdersCanBeAddedAndQueried" time="0.170" classname="com.sprhib.TestService"/>
  <testcase name="thatOrdersCanBeAddedAndQueried" time="0.184" classname="com.sprhib.TestService"/>
  <testcase name="thatOrdersCanBeAddedAndQueried" time="0.124" classname="com.sprhib.TestService"/>
  <testcase name="thatOrdersCanBeAddedAndQueried" time="0.246" classname="com.sprhib.TestService"/>
  <testcase name="thatOrdersCanBeAddedAndQueried" time="0.192" classname="com.sprhib.TestService"/>
  <testcase name="thatOrdersCanBeAddedAndQueried" time="0.292" classname="com.sprhib.TestService"/>
  <testcase name="thatOrdersCanBeAddedAndQueried" time="0.121" classname="com.sprhib.TestService"/>
  <testcase name="thatOrdersCanBeAddedAndQueried" time="0.113" classname="com.sprhib.TestService"/>
  <testcase name="thatOrdersCanBeAddedAndQueried" time="0.179" classname="com.sprhib.TestService"/>
  <testcase name="thatOrdersCanBeAddedAndQueried" time="0.192" classname="com.sprhib.TestService"/>
  <testcase name="thatOrdersCanBeAddedAndQueried" time="0.123" classname="com.sprhib.TestService"/>
  <testcase name="thatOrdersCanBeAddedAndQueried" time="0.192" classname="com.sprhib.TestService"/>
  <testcase name="thatOrdersCanBeAddedAndQueried" time="0.210" classname="com.sprhib.TestService"/>
  <testcase name="thatOrdersCanBeAddedAndQueried" time="0.177" classname="com.sprhib.TestService"/>
  <testcase name="thatOrdersCanBeAddedAndQueried" time="0.130" classname="com.sprhib.TestService"/>
  <testcase name="thatOrdersCanBeAddedAndQueried" time="0.015" classname="com.sprhib.TestService">
    <failure type="org.springframework.web.client.ResourceAccessException" message="I/O error on GET request for &quot;http://localhost:8080/spr-mvc-hib/convertation/-110/EUR/USD&quot;:No buffer space available (maximum connections reached?): connect; nested exception is java.net.SocketException: No buffer space available (maximum connections reached?): connect">
      <![CDATA[org.springframework.web.client.ResourceAccessException: I/O error on GET request for "http://localhost:8080/spr-mvc-hib/convertation/-110/EUR/USD":No buffer space available (maximum connections reached?): connect; nested exception is java.net.SocketException: No buffer space available (maximum connections reached?): connect
	at org.springframework.web.client.RestTemplate.doExecute(RestTemplate.java:543)
	at org.springframework.web.client.RestTemplate.execute(RestTemplate.java:489)
	at org.springframework.web.client.RestTemplate.getForEntity(RestTemplate.java:250)
	at com.sprhib.TestService.thatOrdersCanBeAddedAndQueried(TestService.java:26)
	at sun.reflect.GeneratedMethodAccessor3.invoke(Unknown Source)
	at sun.reflect.DelegatingMethodAccessorImpl.invoke(DelegatingMethodAccessorImpl.java:43)
	at java.lang.reflect.Method.invoke(Method.java:606)
	at org.testng.internal.MethodInvocationHelper.invokeMethod(MethodInvocationHelper.java:84)
	at org.testng.internal.Invoker.invokeMethod(Invoker.java:714)
	at org.testng.internal.Invoker.invokeTestMethod(Invoker.java:901)
	at org.testng.internal.Invoker.invokeTestMethods(Invoker.java:1231)
	at org.testng.internal.TestMethodWorker.invokeTestMethods(TestMethodWorker.java:127)
	at org.testng.internal.TestMethodWorker.run(TestMethodWorker.java:111)
	at org.testng.internal.thread.ThreadUtil$2.call(ThreadUtil.java:64)
	at java.util.concurrent.FutureTask.run(FutureTask.java:262)
	at java.util.concurrent.ThreadPoolExecutor.runWorker(ThreadPoolExecutor.java:1145)
	at java.util.concurrent.ThreadPoolExecutor$Worker.run(ThreadPoolExecutor.java:615)
	at java.lang.Thread.run(Thread.java:745)
Caused by: java.net.SocketException: No buffer space available (maximum connections reached?): connect
	at java.net.DualStackPlainSocketImpl.connect0(Native Method)
	at java.net.DualStackPlainSocketImpl.socketConnect(DualStackPlainSocketImpl.java:79)
	at java.net.AbstractPlainSocketImpl.doConnect(AbstractPlainSocketImpl.java:339)
	at java.net.AbstractPlainSocketImpl.connectToAddress(AbstractPlainSocketImpl.java:200)
	at java.net.AbstractPlainSocketImpl.connect(AbstractPlainSocketImpl.java:182)
	at java.net.PlainSocketImpl.connect(PlainSocketImpl.java:172)
	at java.net.SocksSocketImpl.connect(SocksSocketImpl.java:392)
	at java.net.Socket.connect(Socket.java:579)
	at java.net.Socket.connect(Socket.java:528)
	at sun.net.NetworkClient.doConnect(NetworkClient.java:180)
	at sun.net.www.http.HttpClient.openServer(HttpClient.java:432)
	at sun.net.www.http.HttpClient.openServer(HttpClient.java:527)
	at sun.net.www.http.HttpClient.<init>(HttpClient.java:211)
	at sun.net.www.http.HttpClient.New(HttpClient.java:308)
	at sun.net.www.http.HttpClient.New(HttpClient.java:326)
	at sun.net.www.protocol.http.HttpURLConnection.getNewHttpClient(HttpURLConnection.java:996)
	at sun.net.www.protocol.http.HttpURLConnection.plainConnect(HttpURLConnection.java:932)
	at sun.net.www.protocol.http.HttpURLConnection.connect(HttpURLConnection.java:850)
	at org.springframework.http.client.SimpleBufferingClientHttpRequest.executeInternal(SimpleBufferingClientHttpRequest.java:78)
	at org.springframework.http.client.AbstractBufferingClientHttpRequest.executeInternal(AbstractBufferingClientHttpRequest.java:46)
	at org.springframework.http.client.AbstractClientHttpRequest.execute(AbstractClientHttpRequest.java:52)
	at org.springframework.web.client.RestTemplate.doExecute(RestTemplate.java:527)
	... 17 more
]]>
    </failure>
  </testcase> <!-- thatOrdersCanBeAddedAndQueried -->
  <testcase name="thatOrdersCanBeAddedAndQueried" time="0.166" classname="com.sprhib.TestService"/>
  <testcase name="thatOrdersCanBeAddedAndQueried" time="0.275" classname="com.sprhib.TestService"/>
  <testcase name="thatOrdersCanBeAddedAndQueried" time="0.251" classname="com.sprhib.TestService"/>
  <testcase name="thatOrdersCanBeAddedAndQueried" time="0.175" classname="com.sprhib.TestService"/>
  <testcase name="thatOrdersCanBeAddedAndQueried" time="0.042" classname="com.sprhib.TestService">
    <failure type="org.springframework.web.client.ResourceAccessException" message="I/O error on GET request for &quot;http://localhost:8080/spr-mvc-hib/convertation/-110/EUR/USD&quot;:No buffer space available (maximum connections reached?): connect; nested exception is java.net.SocketException: No buffer space available (maximum connections reached?): connect">
      <![CDATA[org.springframework.web.client.ResourceAccessException: I/O error on GET request for "http://localhost:8080/spr-mvc-hib/convertation/-110/EUR/USD":No buffer space available (maximum connections reached?): connect; nested exception is java.net.SocketException: No buffer space available (maximum connections reached?): connect
	at org.springframework.web.client.RestTemplate.doExecute(RestTemplate.java:543)
	at org.springframework.web.client.RestTemplate.execute(RestTemplate.java:489)
	at org.springframework.web.client.RestTemplate.getForEntity(RestTemplate.java:250)
	at com.sprhib.TestService.thatOrdersCanBeAddedAndQueried(TestService.java:26)
	at sun.reflect.GeneratedMethodAccessor3.invoke(Unknown Source)
	at sun.reflect.DelegatingMethodAccessorImpl.invoke(DelegatingMethodAccessorImpl.java:43)
	at java.lang.reflect.Method.invoke(Method.java:606)
	at org.testng.internal.MethodInvocationHelper.invokeMethod(MethodInvocationHelper.java:84)
	at org.testng.internal.Invoker.invokeMethod(Invoker.java:714)
	at org.testng.internal.Invoker.invokeTestMethod(Invoker.java:901)
	at org.testng.internal.Invoker.invokeTestMethods(Invoker.java:1231)
	at org.testng.internal.TestMethodWorker.invokeTestMethods(TestMethodWorker.java:127)
	at org.testng.internal.TestMethodWorker.run(TestMethodWorker.java:111)
	at org.testng.internal.thread.ThreadUtil$2.call(ThreadUtil.java:64)
	at java.util.concurrent.FutureTask.run(FutureTask.java:262)
	at java.util.concurrent.ThreadPoolExecutor.runWorker(ThreadPoolExecutor.java:1145)
	at java.util.concurrent.ThreadPoolExecutor$Worker.run(ThreadPoolExecutor.java:615)
	at java.lang.Thread.run(Thread.java:745)
Caused by: java.net.SocketException: No buffer space available (maximum connections reached?): connect
	at java.net.DualStackPlainSocketImpl.connect0(Native Method)
	at java.net.DualStackPlainSocketImpl.socketConnect(DualStackPlainSocketImpl.java:79)
	at java.net.AbstractPlainSocketImpl.doConnect(AbstractPlainSocketImpl.java:339)
	at java.net.AbstractPlainSocketImpl.connectToAddress(AbstractPlainSocketImpl.java:200)
	at java.net.AbstractPlainSocketImpl.connect(AbstractPlainSocketImpl.java:182)
	at java.net.PlainSocketImpl.connect(PlainSocketImpl.java:172)
	at java.net.SocksSocketImpl.connect(SocksSocketImpl.java:392)
	at java.net.Socket.connect(Socket.java:579)
	at java.net.Socket.connect(Socket.java:528)
	at sun.net.NetworkClient.doConnect(NetworkClient.java:180)
	at sun.net.www.http.HttpClient.openServer(HttpClient.java:432)
	at sun.net.www.http.HttpClient.openServer(HttpClient.java:527)
	at sun.net.www.http.HttpClient.<init>(HttpClient.java:211)
	at sun.net.www.http.HttpClient.New(HttpClient.java:308)
	at sun.net.www.http.HttpClient.New(HttpClient.java:326)
	at sun.net.www.protocol.http.HttpURLConnection.getNewHttpClient(HttpURLConnection.java:996)
	at sun.net.www.protocol.http.HttpURLConnection.plainConnect(HttpURLConnection.java:932)
	at sun.net.www.protocol.http.HttpURLConnection.connect(HttpURLConnection.java:850)
	at org.springframework.http.client.SimpleBufferingClientHttpRequest.executeInternal(SimpleBufferingClientHttpRequest.java:78)
	at org.springframework.http.client.AbstractBufferingClientHttpRequest.executeInternal(AbstractBufferingClientHttpRequest.java:46)
	at org.springframework.http.client.AbstractClientHttpRequest.execute(AbstractClientHttpRequest.java:52)
	at org.springframework.web.client.RestTemplate.doExecute(RestTemplate.java:527)
	... 17 more
]]>
    </failure>
  </testcase> <!-- thatOrdersCanBeAddedAndQueried -->
  <testcase name="thatOrdersCanBeAddedAndQueried" time="0.188" classname="com.sprhib.TestService"/>
  <testcase name="thatOrdersCanBeAddedAndQueried" time="0.106" classname="com.sprhib.TestService"/>
  <testcase name="thatOrdersCanBeAddedAndQueried" time="0.203" classname="com.sprhib.TestService"/>
  <testcase name="thatOrdersCanBeAddedAndQueried" time="0.153" classname="com.sprhib.TestService"/>
  <testcase name="thatOrdersCanBeAddedAndQueried" time="0.247" classname="com.sprhib.TestService"/>
  <testcase name="thatOrdersCanBeAddedAndQueried" time="0.130" classname="com.sprhib.TestService"/>
  <testcase name="thatOrdersCanBeAddedAndQueried" time="0.159" classname="com.sprhib.TestService"/>
  <testcase name="thatOrdersCanBeAddedAndQueried" time="0.136" classname="com.sprhib.TestService"/>
  <testcase name="thatOrdersCanBeAddedAndQueried" time="0.233" classname="com.sprhib.TestService"/>
  <testcase name="thatOrdersCanBeAddedAndQueried" time="0.166" classname="com.sprhib.TestService"/>
  <testcase name="thatOrdersCanBeAddedAndQueried" time="0.135" classname="com.sprhib.TestService"/>
  <testcase name="thatOrdersCanBeAddedAndQueried" time="0.160" classname="com.sprhib.TestService"/>
  <testcase name="thatOrdersCanBeAddedAndQueried" time="0.275" classname="com.sprhib.TestService"/>
  <testcase name="thatOrdersCanBeAddedAndQueried" time="0.180" classname="com.sprhib.TestService"/>
  <testcase name="thatOrdersCanBeAddedAndQueried" time="0.174" classname="com.sprhib.TestService"/>
  <testcase name="thatOrdersCanBeAddedAndQueried" time="0.284" classname="com.sprhib.TestService"/>
  <testcase name="thatOrdersCanBeAddedAndQueried" time="0.183" classname="com.sprhib.TestService"/>
  <testcase name="thatOrdersCanBeAddedAndQueried" time="0.437" classname="com.sprhib.TestService"/>
  <testcase name="thatOrdersCanBeAddedAndQueried" time="0.187" classname="com.sprhib.TestService"/>
  <testcase name="thatOrdersCanBeAddedAndQueried" time="0.174" classname="com.sprhib.TestService"/>
  <testcase name="thatOrdersCanBeAddedAndQueried" time="0.183" classname="com.sprhib.TestService"/>
  <testcase name="thatOrdersCanBeAddedAndQueried" time="0.231" classname="com.sprhib.TestService"/>
  <testcase name="thatOrdersCanBeAddedAndQueried" time="0.133" classname="com.sprhib.TestService"/>
  <testcase name="thatOrdersCanBeAddedAndQueried" time="0.147" classname="com.sprhib.TestService"/>
  <testcase name="thatOrdersCanBeAddedAndQueried" time="0.170" classname="com.sprhib.TestService"/>
  <testcase name="thatOrdersCanBeAddedAndQueried" time="0.170" classname="com.sprhib.TestService"/>
  <testcase name="thatOrdersCanBeAddedAndQueried" time="0.129" classname="com.sprhib.TestService">
    <failure type="org.springframework.web.client.ResourceAccessException" message="I/O error on GET request for &quot;http://localhost:8080/spr-mvc-hib/convertation/-110/EUR/USD&quot;:No buffer space available (maximum connections reached?): connect; nested exception is java.net.SocketException: No buffer space available (maximum connections reached?): connect">
      <![CDATA[org.springframework.web.client.ResourceAccessException: I/O error on GET request for "http://localhost:8080/spr-mvc-hib/convertation/-110/EUR/USD":No buffer space available (maximum connections reached?): connect; nested exception is java.net.SocketException: No buffer space available (maximum connections reached?): connect
	at org.springframework.web.client.RestTemplate.doExecute(RestTemplate.java:543)
	at org.springframework.web.client.RestTemplate.execute(RestTemplate.java:489)
	at org.springframework.web.client.RestTemplate.getForEntity(RestTemplate.java:250)
	at com.sprhib.TestService.thatOrdersCanBeAddedAndQueried(TestService.java:26)
	at sun.reflect.GeneratedMethodAccessor3.invoke(Unknown Source)
	at sun.reflect.DelegatingMethodAccessorImpl.invoke(DelegatingMethodAccessorImpl.java:43)
	at java.lang.reflect.Method.invoke(Method.java:606)
	at org.testng.internal.MethodInvocationHelper.invokeMethod(MethodInvocationHelper.java:84)
	at org.testng.internal.Invoker.invokeMethod(Invoker.java:714)
	at org.testng.internal.Invoker.invokeTestMethod(Invoker.java:901)
	at org.testng.internal.Invoker.invokeTestMethods(Invoker.java:1231)
	at org.testng.internal.TestMethodWorker.invokeTestMethods(TestMethodWorker.java:127)
	at org.testng.internal.TestMethodWorker.run(TestMethodWorker.java:111)
	at org.testng.internal.thread.ThreadUtil$2.call(ThreadUtil.java:64)
	at java.util.concurrent.FutureTask.run(FutureTask.java:262)
	at java.util.concurrent.ThreadPoolExecutor.runWorker(ThreadPoolExecutor.java:1145)
	at java.util.concurrent.ThreadPoolExecutor$Worker.run(ThreadPoolExecutor.java:615)
	at java.lang.Thread.run(Thread.java:745)
Caused by: java.net.SocketException: No buffer space available (maximum connections reached?): connect
	at java.net.DualStackPlainSocketImpl.connect0(Native Method)
	at java.net.DualStackPlainSocketImpl.socketConnect(DualStackPlainSocketImpl.java:79)
	at java.net.AbstractPlainSocketImpl.doConnect(AbstractPlainSocketImpl.java:339)
	at java.net.AbstractPlainSocketImpl.connectToAddress(AbstractPlainSocketImpl.java:200)
	at java.net.AbstractPlainSocketImpl.connect(AbstractPlainSocketImpl.java:182)
	at java.net.PlainSocketImpl.connect(PlainSocketImpl.java:172)
	at java.net.SocksSocketImpl.connect(SocksSocketImpl.java:392)
	at java.net.Socket.connect(Socket.java:579)
	at java.net.Socket.connect(Socket.java:528)
	at sun.net.NetworkClient.doConnect(NetworkClient.java:180)
	at sun.net.www.http.HttpClient.openServer(HttpClient.java:432)
	at sun.net.www.http.HttpClient.openServer(HttpClient.java:527)
	at sun.net.www.http.HttpClient.<init>(HttpClient.java:211)
	at sun.net.www.http.HttpClient.New(HttpClient.java:308)
	at sun.net.www.http.HttpClient.New(HttpClient.java:326)
	at sun.net.www.protocol.http.HttpURLConnection.getNewHttpClient(HttpURLConnection.java:996)
	at sun.net.www.protocol.http.HttpURLConnection.plainConnect(HttpURLConnection.java:932)
	at sun.net.www.protocol.http.HttpURLConnection.connect(HttpURLConnection.java:850)
	at org.springframework.http.client.SimpleBufferingClientHttpRequest.executeInternal(SimpleBufferingClientHttpRequest.java:78)
	at org.springframework.http.client.AbstractBufferingClientHttpRequest.executeInternal(AbstractBufferingClientHttpRequest.java:46)
	at org.springframework.http.client.AbstractClientHttpRequest.execute(AbstractClientHttpRequest.java:52)
	at org.springframework.web.client.RestTemplate.doExecute(RestTemplate.java:527)
	... 17 more
]]>
    </failure>
  </testcase> <!-- thatOrdersCanBeAddedAndQueried -->
  <testcase name="thatOrdersCanBeAddedAndQueried" time="0.176" classname="com.sprhib.TestService"/>
  <testcase name="thatOrdersCanBeAddedAndQueried" time="0.209" classname="com.sprhib.TestService"/>
  <testcase name="thatOrdersCanBeAddedAndQueried" time="0.026" classname="com.sprhib.TestService">
    <failure type="org.springframework.web.client.ResourceAccessException" message="I/O error on GET request for &quot;http://localhost:8080/spr-mvc-hib/convertation/-110/EUR/USD&quot;:No buffer space available (maximum connections reached?): connect; nested exception is java.net.SocketException: No buffer space available (maximum connections reached?): connect">
      <![CDATA[org.springframework.web.client.ResourceAccessException: I/O error on GET request for "http://localhost:8080/spr-mvc-hib/convertation/-110/EUR/USD":No buffer space available (maximum connections reached?): connect; nested exception is java.net.SocketException: No buffer space available (maximum connections reached?): connect
	at org.springframework.web.client.RestTemplate.doExecute(RestTemplate.java:543)
	at org.springframework.web.client.RestTemplate.execute(RestTemplate.java:489)
	at org.springframework.web.client.RestTemplate.getForEntity(RestTemplate.java:250)
	at com.sprhib.TestService.thatOrdersCanBeAddedAndQueried(TestService.java:26)
	at sun.reflect.GeneratedMethodAccessor3.invoke(Unknown Source)
	at sun.reflect.DelegatingMethodAccessorImpl.invoke(DelegatingMethodAccessorImpl.java:43)
	at java.lang.reflect.Method.invoke(Method.java:606)
	at org.testng.internal.MethodInvocationHelper.invokeMethod(MethodInvocationHelper.java:84)
	at org.testng.internal.Invoker.invokeMethod(Invoker.java:714)
	at org.testng.internal.Invoker.invokeTestMethod(Invoker.java:901)
	at org.testng.internal.Invoker.invokeTestMethods(Invoker.java:1231)
	at org.testng.internal.TestMethodWorker.invokeTestMethods(TestMethodWorker.java:127)
	at org.testng.internal.TestMethodWorker.run(TestMethodWorker.java:111)
	at org.testng.internal.thread.ThreadUtil$2.call(ThreadUtil.java:64)
	at java.util.concurrent.FutureTask.run(FutureTask.java:262)
	at java.util.concurrent.ThreadPoolExecutor.runWorker(ThreadPoolExecutor.java:1145)
	at java.util.concurrent.ThreadPoolExecutor$Worker.run(ThreadPoolExecutor.java:615)
	at java.lang.Thread.run(Thread.java:745)
Caused by: java.net.SocketException: No buffer space available (maximum connections reached?): connect
	at java.net.DualStackPlainSocketImpl.connect0(Native Method)
	at java.net.DualStackPlainSocketImpl.socketConnect(DualStackPlainSocketImpl.java:79)
	at java.net.AbstractPlainSocketImpl.doConnect(AbstractPlainSocketImpl.java:339)
	at java.net.AbstractPlainSocketImpl.connectToAddress(AbstractPlainSocketImpl.java:200)
	at java.net.AbstractPlainSocketImpl.connect(AbstractPlainSocketImpl.java:182)
	at java.net.PlainSocketImpl.connect(PlainSocketImpl.java:172)
	at java.net.SocksSocketImpl.connect(SocksSocketImpl.java:392)
	at java.net.Socket.connect(Socket.java:579)
	at java.net.Socket.connect(Socket.java:528)
	at sun.net.NetworkClient.doConnect(NetworkClient.java:180)
	at sun.net.www.http.HttpClient.openServer(HttpClient.java:432)
	at sun.net.www.http.HttpClient.openServer(HttpClient.java:527)
	at sun.net.www.http.HttpClient.<init>(HttpClient.java:211)
	at sun.net.www.http.HttpClient.New(HttpClient.java:308)
	at sun.net.www.http.HttpClient.New(HttpClient.java:326)
	at sun.net.www.protocol.http.HttpURLConnection.getNewHttpClient(HttpURLConnection.java:996)
	at sun.net.www.protocol.http.HttpURLConnection.plainConnect(HttpURLConnection.java:932)
	at sun.net.www.protocol.http.HttpURLConnection.connect(HttpURLConnection.java:850)
	at org.springframework.http.client.SimpleBufferingClientHttpRequest.executeInternal(SimpleBufferingClientHttpRequest.java:78)
	at org.springframework.http.client.AbstractBufferingClientHttpRequest.executeInternal(AbstractBufferingClientHttpRequest.java:46)
	at org.springframework.http.client.AbstractClientHttpRequest.execute(AbstractClientHttpRequest.java:52)
	at org.springframework.web.client.RestTemplate.doExecute(RestTemplate.java:527)
	... 17 more
]]>
    </failure>
  </testcase> <!-- thatOrdersCanBeAddedAndQueried -->
  <testcase name="thatOrdersCanBeAddedAndQueried" time="0.201" classname="com.sprhib.TestService"/>
  <testcase name="thatOrdersCanBeAddedAndQueried" time="0.201" classname="com.sprhib.TestService"/>
  <testcase name="thatOrdersCanBeAddedAndQueried" time="0.206" classname="com.sprhib.TestService"/>
  <testcase name="thatOrdersCanBeAddedAndQueried" time="0.204" classname="com.sprhib.TestService"/>
  <testcase name="thatOrdersCanBeAddedAndQueried" time="0.154" classname="com.sprhib.TestService"/>
  <testcase name="thatOrdersCanBeAddedAndQueried" time="0.233" classname="com.sprhib.TestService"/>
  <testcase name="thatOrdersCanBeAddedAndQueried" time="0.334" classname="com.sprhib.TestService"/>
  <testcase name="thatOrdersCanBeAddedAndQueried" time="0.201" classname="com.sprhib.TestService"/>
  <testcase name="thatOrdersCanBeAddedAndQueried" time="0.218" classname="com.sprhib.TestService"/>
  <testcase name="thatOrdersCanBeAddedAndQueried" time="0.213" classname="com.sprhib.TestService"/>
  <testcase name="thatOrdersCanBeAddedAndQueried" time="0.271" classname="com.sprhib.TestService"/>
  <testcase name="thatOrdersCanBeAddedAndQueried" time="0.151" classname="com.sprhib.TestService"/>
  <testcase name="thatOrdersCanBeAddedAndQueried" time="0.198" classname="com.sprhib.TestService"/>
  <testcase name="thatOrdersCanBeAddedAndQueried" time="0.237" classname="com.sprhib.TestService"/>
  <testcase name="thatOrdersCanBeAddedAndQueried" time="0.128" classname="com.sprhib.TestService"/>
  <testcase name="thatOrdersCanBeAddedAndQueried" time="0.116" classname="com.sprhib.TestService"/>
  <testcase name="thatOrdersCanBeAddedAndQueried" time="0.277" classname="com.sprhib.TestService"/>
  <testcase name="thatOrdersCanBeAddedAndQueried" time="0.152" classname="com.sprhib.TestService"/>
  <testcase name="thatOrdersCanBeAddedAndQueried" time="0.264" classname="com.sprhib.TestService"/>
  <testcase name="thatOrdersCanBeAddedAndQueried" time="0.271" classname="com.sprhib.TestService"/>
  <testcase name="thatOrdersCanBeAddedAndQueried" time="0.139" classname="com.sprhib.TestService"/>
  <testcase name="thatOrdersCanBeAddedAndQueried" time="0.305" classname="com.sprhib.TestService">
    <failure type="org.springframework.web.client.HttpServerErrorException" message="500 Internal Server Error">
      <![CDATA[org.springframework.web.client.HttpServerErrorException: 500 Internal Server Error
	at org.springframework.web.client.DefaultResponseErrorHandler.handleError(DefaultResponseErrorHandler.java:94)
	at org.springframework.web.client.RestTemplate.handleResponseError(RestTemplate.java:576)
	at org.springframework.web.client.RestTemplate.doExecute(RestTemplate.java:532)
	at org.springframework.web.client.RestTemplate.execute(RestTemplate.java:489)
	at org.springframework.web.client.RestTemplate.getForEntity(RestTemplate.java:250)
	at com.sprhib.TestService.thatOrdersCanBeAddedAndQueried(TestService.java:44)
	at sun.reflect.GeneratedMethodAccessor3.invoke(Unknown Source)
	at sun.reflect.DelegatingMethodAccessorImpl.invoke(DelegatingMethodAccessorImpl.java:43)
	at java.lang.reflect.Method.invoke(Method.java:606)
	at org.testng.internal.MethodInvocationHelper.invokeMethod(MethodInvocationHelper.java:84)
	at org.testng.internal.Invoker.invokeMethod(Invoker.java:714)
	at org.testng.internal.Invoker.invokeTestMethod(Invoker.java:901)
	at org.testng.internal.Invoker.invokeTestMethods(Invoker.java:1231)
	at org.testng.internal.TestMethodWorker.invokeTestMethods(TestMethodWorker.java:127)
	at org.testng.internal.TestMethodWorker.run(TestMethodWorker.java:111)
	at org.testng.internal.thread.ThreadUtil$2.call(ThreadUtil.java:64)
	at java.util.concurrent.FutureTask.run(FutureTask.java:262)
	at java.util.concurrent.ThreadPoolExecutor.runWorker(ThreadPoolExecutor.java:1145)
	at java.util.concurrent.ThreadPoolExecutor$Worker.run(ThreadPoolExecutor.java:615)
	at java.lang.Thread.run(Thread.java:745)
]]>
    </failure>
  </testcase> <!-- thatOrdersCanBeAddedAndQueried -->
  <testcase name="thatOrdersCanBeAddedAndQueried" time="0.197" classname="com.sprhib.TestService"/>
  <testcase name="thatOrdersCanBeAddedAndQueried" time="0.212" classname="com.sprhib.TestService"/>
  <testcase name="thatOrdersCanBeAddedAndQueried" time="0.119" classname="com.sprhib.TestService"/>
  <testcase name="thatOrdersCanBeAddedAndQueried" time="0.152" classname="com.sprhib.TestService"/>
  <testcase name="thatOrdersCanBeAddedAndQueried" time="0.137" classname="com.sprhib.TestService"/>
  <testcase name="thatOrdersCanBeAddedAndQueried" time="0.272" classname="com.sprhib.TestService"/>
  <testcase name="thatOrdersCanBeAddedAndQueried" time="0.106" classname="com.sprhib.TestService">
    <failure type="org.springframework.web.client.ResourceAccessException" message="I/O error on GET request for &quot;http://localhost:8080/spr-mvc-hib/convertation/-110/EUR/USD&quot;:No buffer space available (maximum connections reached?): connect; nested exception is java.net.SocketException: No buffer space available (maximum connections reached?): connect">
      <![CDATA[org.springframework.web.client.ResourceAccessException: I/O error on GET request for "http://localhost:8080/spr-mvc-hib/convertation/-110/EUR/USD":No buffer space available (maximum connections reached?): connect; nested exception is java.net.SocketException: No buffer space available (maximum connections reached?): connect
	at org.springframework.web.client.RestTemplate.doExecute(RestTemplate.java:543)
	at org.springframework.web.client.RestTemplate.execute(RestTemplate.java:489)
	at org.springframework.web.client.RestTemplate.getForEntity(RestTemplate.java:250)
	at com.sprhib.TestService.thatOrdersCanBeAddedAndQueried(TestService.java:26)
	at sun.reflect.GeneratedMethodAccessor3.invoke(Unknown Source)
	at sun.reflect.DelegatingMethodAccessorImpl.invoke(DelegatingMethodAccessorImpl.java:43)
	at java.lang.reflect.Method.invoke(Method.java:606)
	at org.testng.internal.MethodInvocationHelper.invokeMethod(MethodInvocationHelper.java:84)
	at org.testng.internal.Invoker.invokeMethod(Invoker.java:714)
	at org.testng.internal.Invoker.invokeTestMethod(Invoker.java:901)
	at org.testng.internal.Invoker.invokeTestMethods(Invoker.java:1231)
	at org.testng.internal.TestMethodWorker.invokeTestMethods(TestMethodWorker.java:127)
	at org.testng.internal.TestMethodWorker.run(TestMethodWorker.java:111)
	at org.testng.internal.thread.ThreadUtil$2.call(ThreadUtil.java:64)
	at java.util.concurrent.FutureTask.run(FutureTask.java:262)
	at java.util.concurrent.ThreadPoolExecutor.runWorker(ThreadPoolExecutor.java:1145)
	at java.util.concurrent.ThreadPoolExecutor$Worker.run(ThreadPoolExecutor.java:615)
	at java.lang.Thread.run(Thread.java:745)
Caused by: java.net.SocketException: No buffer space available (maximum connections reached?): connect
	at java.net.DualStackPlainSocketImpl.connect0(Native Method)
	at java.net.DualStackPlainSocketImpl.socketConnect(DualStackPlainSocketImpl.java:79)
	at java.net.AbstractPlainSocketImpl.doConnect(AbstractPlainSocketImpl.java:339)
	at java.net.AbstractPlainSocketImpl.connectToAddress(AbstractPlainSocketImpl.java:200)
	at java.net.AbstractPlainSocketImpl.connect(AbstractPlainSocketImpl.java:182)
	at java.net.PlainSocketImpl.connect(PlainSocketImpl.java:172)
	at java.net.SocksSocketImpl.connect(SocksSocketImpl.java:392)
	at java.net.Socket.connect(Socket.java:579)
	at java.net.Socket.connect(Socket.java:528)
	at sun.net.NetworkClient.doConnect(NetworkClient.java:180)
	at sun.net.www.http.HttpClient.openServer(HttpClient.java:432)
	at sun.net.www.http.HttpClient.openServer(HttpClient.java:527)
	at sun.net.www.http.HttpClient.<init>(HttpClient.java:211)
	at sun.net.www.http.HttpClient.New(HttpClient.java:308)
	at sun.net.www.http.HttpClient.New(HttpClient.java:326)
	at sun.net.www.protocol.http.HttpURLConnection.getNewHttpClient(HttpURLConnection.java:996)
	at sun.net.www.protocol.http.HttpURLConnection.plainConnect(HttpURLConnection.java:932)
	at sun.net.www.protocol.http.HttpURLConnection.connect(HttpURLConnection.java:850)
	at org.springframework.http.client.SimpleBufferingClientHttpRequest.executeInternal(SimpleBufferingClientHttpRequest.java:78)
	at org.springframework.http.client.AbstractBufferingClientHttpRequest.executeInternal(AbstractBufferingClientHttpRequest.java:46)
	at org.springframework.http.client.AbstractClientHttpRequest.execute(AbstractClientHttpRequest.java:52)
	at org.springframework.web.client.RestTemplate.doExecute(RestTemplate.java:527)
	... 17 more
]]>
    </failure>
  </testcase> <!-- thatOrdersCanBeAddedAndQueried -->
  <testcase name="thatOrdersCanBeAddedAndQueried" time="0.129" classname="com.sprhib.TestService"/>
  <testcase name="thatOrdersCanBeAddedAndQueried" time="0.281" classname="com.sprhib.TestService"/>
  <testcase name="thatOrdersCanBeAddedAndQueried" time="0.415" classname="com.sprhib.TestService"/>
  <testcase name="thatOrdersCanBeAddedAndQueried" time="0.143" classname="com.sprhib.TestService"/>
  <testcase name="thatOrdersCanBeAddedAndQueried" time="0.171" classname="com.sprhib.TestService"/>
  <testcase name="thatOrdersCanBeAddedAndQueried" time="0.051" classname="com.sprhib.TestService">
    <failure type="org.springframework.web.client.ResourceAccessException" message="I/O error on GET request for &quot;http://localhost:8080/spr-mvc-hib/convertation/-110/EUR/USD&quot;:No buffer space available (maximum connections reached?): connect; nested exception is java.net.SocketException: No buffer space available (maximum connections reached?): connect">
      <![CDATA[org.springframework.web.client.ResourceAccessException: I/O error on GET request for "http://localhost:8080/spr-mvc-hib/convertation/-110/EUR/USD":No buffer space available (maximum connections reached?): connect; nested exception is java.net.SocketException: No buffer space available (maximum connections reached?): connect
	at org.springframework.web.client.RestTemplate.doExecute(RestTemplate.java:543)
	at org.springframework.web.client.RestTemplate.execute(RestTemplate.java:489)
	at org.springframework.web.client.RestTemplate.getForEntity(RestTemplate.java:250)
	at com.sprhib.TestService.thatOrdersCanBeAddedAndQueried(TestService.java:26)
	at sun.reflect.GeneratedMethodAccessor3.invoke(Unknown Source)
	at sun.reflect.DelegatingMethodAccessorImpl.invoke(DelegatingMethodAccessorImpl.java:43)
	at java.lang.reflect.Method.invoke(Method.java:606)
	at org.testng.internal.MethodInvocationHelper.invokeMethod(MethodInvocationHelper.java:84)
	at org.testng.internal.Invoker.invokeMethod(Invoker.java:714)
	at org.testng.internal.Invoker.invokeTestMethod(Invoker.java:901)
	at org.testng.internal.Invoker.invokeTestMethods(Invoker.java:1231)
	at org.testng.internal.TestMethodWorker.invokeTestMethods(TestMethodWorker.java:127)
	at org.testng.internal.TestMethodWorker.run(TestMethodWorker.java:111)
	at org.testng.internal.thread.ThreadUtil$2.call(ThreadUtil.java:64)
	at java.util.concurrent.FutureTask.run(FutureTask.java:262)
	at java.util.concurrent.ThreadPoolExecutor.runWorker(ThreadPoolExecutor.java:1145)
	at java.util.concurrent.ThreadPoolExecutor$Worker.run(ThreadPoolExecutor.java:615)
	at java.lang.Thread.run(Thread.java:745)
Caused by: java.net.SocketException: No buffer space available (maximum connections reached?): connect
	at java.net.DualStackPlainSocketImpl.connect0(Native Method)
	at java.net.DualStackPlainSocketImpl.socketConnect(DualStackPlainSocketImpl.java:79)
	at java.net.AbstractPlainSocketImpl.doConnect(AbstractPlainSocketImpl.java:339)
	at java.net.AbstractPlainSocketImpl.connectToAddress(AbstractPlainSocketImpl.java:200)
	at java.net.AbstractPlainSocketImpl.connect(AbstractPlainSocketImpl.java:182)
	at java.net.PlainSocketImpl.connect(PlainSocketImpl.java:172)
	at java.net.SocksSocketImpl.connect(SocksSocketImpl.java:392)
	at java.net.Socket.connect(Socket.java:579)
	at java.net.Socket.connect(Socket.java:528)
	at sun.net.NetworkClient.doConnect(NetworkClient.java:180)
	at sun.net.www.http.HttpClient.openServer(HttpClient.java:432)
	at sun.net.www.http.HttpClient.openServer(HttpClient.java:527)
	at sun.net.www.http.HttpClient.<init>(HttpClient.java:211)
	at sun.net.www.http.HttpClient.New(HttpClient.java:308)
	at sun.net.www.http.HttpClient.New(HttpClient.java:326)
	at sun.net.www.protocol.http.HttpURLConnection.getNewHttpClient(HttpURLConnection.java:996)
	at sun.net.www.protocol.http.HttpURLConnection.plainConnect(HttpURLConnection.java:932)
	at sun.net.www.protocol.http.HttpURLConnection.connect(HttpURLConnection.java:850)
	at org.springframework.http.client.SimpleBufferingClientHttpRequest.executeInternal(SimpleBufferingClientHttpRequest.java:78)
	at org.springframework.http.client.AbstractBufferingClientHttpRequest.executeInternal(AbstractBufferingClientHttpRequest.java:46)
	at org.springframework.http.client.AbstractClientHttpRequest.execute(AbstractClientHttpRequest.java:52)
	at org.springframework.web.client.RestTemplate.doExecute(RestTemplate.java:527)
	... 17 more
]]>
    </failure>
  </testcase> <!-- thatOrdersCanBeAddedAndQueried -->
  <testcase name="thatOrdersCanBeAddedAndQueried" time="0.324" classname="com.sprhib.TestService"/>
  <testcase name="thatOrdersCanBeAddedAndQueried" time="0.239" classname="com.sprhib.TestService"/>
  <testcase name="thatOrdersCanBeAddedAndQueried" time="0.149" classname="com.sprhib.TestService"/>
  <testcase name="thatOrdersCanBeAddedAndQueried" time="0.333" classname="com.sprhib.TestService"/>
  <testcase name="thatOrdersCanBeAddedAndQueried" time="0.208" classname="com.sprhib.TestService"/>
  <testcase name="thatOrdersCanBeAddedAndQueried" time="0.159" classname="com.sprhib.TestService">
    <failure type="org.springframework.web.client.HttpServerErrorException" message="500 Internal Server Error">
      <![CDATA[org.springframework.web.client.HttpServerErrorException: 500 Internal Server Error
	at org.springframework.web.client.DefaultResponseErrorHandler.handleError(DefaultResponseErrorHandler.java:94)
	at org.springframework.web.client.RestTemplate.handleResponseError(RestTemplate.java:576)
	at org.springframework.web.client.RestTemplate.doExecute(RestTemplate.java:532)
	at org.springframework.web.client.RestTemplate.execute(RestTemplate.java:489)
	at org.springframework.web.client.RestTemplate.getForEntity(RestTemplate.java:250)
	at com.sprhib.TestService.thatOrdersCanBeAddedAndQueried(TestService.java:44)
	at sun.reflect.GeneratedMethodAccessor3.invoke(Unknown Source)
	at sun.reflect.DelegatingMethodAccessorImpl.invoke(DelegatingMethodAccessorImpl.java:43)
	at java.lang.reflect.Method.invoke(Method.java:606)
	at org.testng.internal.MethodInvocationHelper.invokeMethod(MethodInvocationHelper.java:84)
	at org.testng.internal.Invoker.invokeMethod(Invoker.java:714)
	at org.testng.internal.Invoker.invokeTestMethod(Invoker.java:901)
	at org.testng.internal.Invoker.invokeTestMethods(Invoker.java:1231)
	at org.testng.internal.TestMethodWorker.invokeTestMethods(TestMethodWorker.java:127)
	at org.testng.internal.TestMethodWorker.run(TestMethodWorker.java:111)
	at org.testng.internal.thread.ThreadUtil$2.call(ThreadUtil.java:64)
	at java.util.concurrent.FutureTask.run(FutureTask.java:262)
	at java.util.concurrent.ThreadPoolExecutor.runWorker(ThreadPoolExecutor.java:1145)
	at java.util.concurrent.ThreadPoolExecutor$Worker.run(ThreadPoolExecutor.java:615)
	at java.lang.Thread.run(Thread.java:745)
]]>
    </failure>
  </testcase> <!-- thatOrdersCanBeAddedAndQueried -->
  <testcase name="thatOrdersCanBeAddedAndQueried" time="0.173" classname="com.sprhib.TestService"/>
  <testcase name="thatOrdersCanBeAddedAndQueried" time="0.125" classname="com.sprhib.TestService"/>
  <testcase name="thatOrdersCanBeAddedAndQueried" time="0.143" classname="com.sprhib.TestService"/>
  <testcase name="thatOrdersCanBeAddedAndQueried" time="0.214" classname="com.sprhib.TestService"/>
  <testcase name="thatOrdersCanBeAddedAndQueried" time="0.124" classname="com.sprhib.TestService"/>
  <testcase name="thatOrdersCanBeAddedAndQueried" time="0.196" classname="com.sprhib.TestService"/>
  <testcase name="thatOrdersCanBeAddedAndQueried" time="0.195" classname="com.sprhib.TestService"/>
  <testcase name="thatOrdersCanBeAddedAndQueried" time="0.231" classname="com.sprhib.TestService"/>
  <testcase name="thatOrdersCanBeAddedAndQueried" time="0.220" classname="com.sprhib.TestService"/>
  <testcase name="thatOrdersCanBeAddedAndQueried" time="0.216" classname="com.sprhib.TestService"/>
  <testcase name="thatOrdersCanBeAddedAndQueried" time="0.189" classname="com.sprhib.TestService"/>
  <testcase name="thatOrdersCanBeAddedAndQueried" time="0.307" classname="com.sprhib.TestService"/>
  <testcase name="thatOrdersCanBeAddedAndQueried" time="0.120" classname="com.sprhib.TestService"/>
  <testcase name="thatOrdersCanBeAddedAndQueried" time="0.171" classname="com.sprhib.TestService"/>
  <testcase name="thatOrdersCanBeAddedAndQueried" time="0.295" classname="com.sprhib.TestService"/>
  <testcase name="thatOrdersCanBeAddedAndQueried" time="0.198" classname="com.sprhib.TestService"/>
  <testcase name="thatOrdersCanBeAddedAndQueried" time="0.133" classname="com.sprhib.TestService"/>
  <testcase name="thatOrdersCanBeAddedAndQueried" time="0.031" classname="com.sprhib.TestService">
    <failure type="org.springframework.web.client.ResourceAccessException" message="I/O error on GET request for &quot;http://localhost:8080/spr-mvc-hib/convertation/-110/EUR/USD&quot;:No buffer space available (maximum connections reached?): connect; nested exception is java.net.SocketException: No buffer space available (maximum connections reached?): connect">
      <![CDATA[org.springframework.web.client.ResourceAccessException: I/O error on GET request for "http://localhost:8080/spr-mvc-hib/convertation/-110/EUR/USD":No buffer space available (maximum connections reached?): connect; nested exception is java.net.SocketException: No buffer space available (maximum connections reached?): connect
	at org.springframework.web.client.RestTemplate.doExecute(RestTemplate.java:543)
	at org.springframework.web.client.RestTemplate.execute(RestTemplate.java:489)
	at org.springframework.web.client.RestTemplate.getForEntity(RestTemplate.java:250)
	at com.sprhib.TestService.thatOrdersCanBeAddedAndQueried(TestService.java:26)
	at sun.reflect.GeneratedMethodAccessor3.invoke(Unknown Source)
	at sun.reflect.DelegatingMethodAccessorImpl.invoke(DelegatingMethodAccessorImpl.java:43)
	at java.lang.reflect.Method.invoke(Method.java:606)
	at org.testng.internal.MethodInvocationHelper.invokeMethod(MethodInvocationHelper.java:84)
	at org.testng.internal.Invoker.invokeMethod(Invoker.java:714)
	at org.testng.internal.Invoker.invokeTestMethod(Invoker.java:901)
	at org.testng.internal.Invoker.invokeTestMethods(Invoker.java:1231)
	at org.testng.internal.TestMethodWorker.invokeTestMethods(TestMethodWorker.java:127)
	at org.testng.internal.TestMethodWorker.run(TestMethodWorker.java:111)
	at org.testng.internal.thread.ThreadUtil$2.call(ThreadUtil.java:64)
	at java.util.concurrent.FutureTask.run(FutureTask.java:262)
	at java.util.concurrent.ThreadPoolExecutor.runWorker(ThreadPoolExecutor.java:1145)
	at java.util.concurrent.ThreadPoolExecutor$Worker.run(ThreadPoolExecutor.java:615)
	at java.lang.Thread.run(Thread.java:745)
Caused by: java.net.SocketException: No buffer space available (maximum connections reached?): connect
	at java.net.DualStackPlainSocketImpl.connect0(Native Method)
	at java.net.DualStackPlainSocketImpl.socketConnect(DualStackPlainSocketImpl.java:79)
	at java.net.AbstractPlainSocketImpl.doConnect(AbstractPlainSocketImpl.java:339)
	at java.net.AbstractPlainSocketImpl.connectToAddress(AbstractPlainSocketImpl.java:200)
	at java.net.AbstractPlainSocketImpl.connect(AbstractPlainSocketImpl.java:182)
	at java.net.PlainSocketImpl.connect(PlainSocketImpl.java:172)
	at java.net.SocksSocketImpl.connect(SocksSocketImpl.java:392)
	at java.net.Socket.connect(Socket.java:579)
	at java.net.Socket.connect(Socket.java:528)
	at sun.net.NetworkClient.doConnect(NetworkClient.java:180)
	at sun.net.www.http.HttpClient.openServer(HttpClient.java:432)
	at sun.net.www.http.HttpClient.openServer(HttpClient.java:527)
	at sun.net.www.http.HttpClient.<init>(HttpClient.java:211)
	at sun.net.www.http.HttpClient.New(HttpClient.java:308)
	at sun.net.www.http.HttpClient.New(HttpClient.java:326)
	at sun.net.www.protocol.http.HttpURLConnection.getNewHttpClient(HttpURLConnection.java:996)
	at sun.net.www.protocol.http.HttpURLConnection.plainConnect(HttpURLConnection.java:932)
	at sun.net.www.protocol.http.HttpURLConnection.connect(HttpURLConnection.java:850)
	at org.springframework.http.client.SimpleBufferingClientHttpRequest.executeInternal(SimpleBufferingClientHttpRequest.java:78)
	at org.springframework.http.client.AbstractBufferingClientHttpRequest.executeInternal(AbstractBufferingClientHttpRequest.java:46)
	at org.springframework.http.client.AbstractClientHttpRequest.execute(AbstractClientHttpRequest.java:52)
	at org.springframework.web.client.RestTemplate.doExecute(RestTemplate.java:527)
	... 17 more
]]>
    </failure>
  </testcase> <!-- thatOrdersCanBeAddedAndQueried -->
  <testcase name="thatOrdersCanBeAddedAndQueried" time="0.062" classname="com.sprhib.TestService">
    <failure type="org.springframework.web.client.ResourceAccessException" message="I/O error on GET request for &quot;http://localhost:8080/spr-mvc-hib/convertation/-110/EUR/USD&quot;:No buffer space available (maximum connections reached?): connect; nested exception is java.net.SocketException: No buffer space available (maximum connections reached?): connect">
      <![CDATA[org.springframework.web.client.ResourceAccessException: I/O error on GET request for "http://localhost:8080/spr-mvc-hib/convertation/-110/EUR/USD":No buffer space available (maximum connections reached?): connect; nested exception is java.net.SocketException: No buffer space available (maximum connections reached?): connect
	at org.springframework.web.client.RestTemplate.doExecute(RestTemplate.java:543)
	at org.springframework.web.client.RestTemplate.execute(RestTemplate.java:489)
	at org.springframework.web.client.RestTemplate.getForEntity(RestTemplate.java:250)
	at com.sprhib.TestService.thatOrdersCanBeAddedAndQueried(TestService.java:26)
	at sun.reflect.GeneratedMethodAccessor3.invoke(Unknown Source)
	at sun.reflect.DelegatingMethodAccessorImpl.invoke(DelegatingMethodAccessorImpl.java:43)
	at java.lang.reflect.Method.invoke(Method.java:606)
	at org.testng.internal.MethodInvocationHelper.invokeMethod(MethodInvocationHelper.java:84)
	at org.testng.internal.Invoker.invokeMethod(Invoker.java:714)
	at org.testng.internal.Invoker.invokeTestMethod(Invoker.java:901)
	at org.testng.internal.Invoker.invokeTestMethods(Invoker.java:1231)
	at org.testng.internal.TestMethodWorker.invokeTestMethods(TestMethodWorker.java:127)
	at org.testng.internal.TestMethodWorker.run(TestMethodWorker.java:111)
	at org.testng.internal.thread.ThreadUtil$2.call(ThreadUtil.java:64)
	at java.util.concurrent.FutureTask.run(FutureTask.java:262)
	at java.util.concurrent.ThreadPoolExecutor.runWorker(ThreadPoolExecutor.java:1145)
	at java.util.concurrent.ThreadPoolExecutor$Worker.run(ThreadPoolExecutor.java:615)
	at java.lang.Thread.run(Thread.java:745)
Caused by: java.net.SocketException: No buffer space available (maximum connections reached?): connect
	at java.net.DualStackPlainSocketImpl.connect0(Native Method)
	at java.net.DualStackPlainSocketImpl.socketConnect(DualStackPlainSocketImpl.java:79)
	at java.net.AbstractPlainSocketImpl.doConnect(AbstractPlainSocketImpl.java:339)
	at java.net.AbstractPlainSocketImpl.connectToAddress(AbstractPlainSocketImpl.java:200)
	at java.net.AbstractPlainSocketImpl.connect(AbstractPlainSocketImpl.java:182)
	at java.net.PlainSocketImpl.connect(PlainSocketImpl.java:172)
	at java.net.SocksSocketImpl.connect(SocksSocketImpl.java:392)
	at java.net.Socket.connect(Socket.java:579)
	at java.net.Socket.connect(Socket.java:528)
	at sun.net.NetworkClient.doConnect(NetworkClient.java:180)
	at sun.net.www.http.HttpClient.openServer(HttpClient.java:432)
	at sun.net.www.http.HttpClient.openServer(HttpClient.java:527)
	at sun.net.www.http.HttpClient.<init>(HttpClient.java:211)
	at sun.net.www.http.HttpClient.New(HttpClient.java:308)
	at sun.net.www.http.HttpClient.New(HttpClient.java:326)
	at sun.net.www.protocol.http.HttpURLConnection.getNewHttpClient(HttpURLConnection.java:996)
	at sun.net.www.protocol.http.HttpURLConnection.plainConnect(HttpURLConnection.java:932)
	at sun.net.www.protocol.http.HttpURLConnection.connect(HttpURLConnection.java:850)
	at org.springframework.http.client.SimpleBufferingClientHttpRequest.executeInternal(SimpleBufferingClientHttpRequest.java:78)
	at org.springframework.http.client.AbstractBufferingClientHttpRequest.executeInternal(AbstractBufferingClientHttpRequest.java:46)
	at org.springframework.http.client.AbstractClientHttpRequest.execute(AbstractClientHttpRequest.java:52)
	at org.springframework.web.client.RestTemplate.doExecute(RestTemplate.java:527)
	... 17 more
]]>
    </failure>
  </testcase> <!-- thatOrdersCanBeAddedAndQueried -->
  <testcase name="thatOrdersCanBeAddedAndQueried" time="0.228" classname="com.sprhib.TestService"/>
  <testcase name="thatOrdersCanBeAddedAndQueried" time="0.252" classname="com.sprhib.TestService"/>
  <testcase name="thatOrdersCanBeAddedAndQueried" time="0.176" classname="com.sprhib.TestService"/>
  <testcase name="thatOrdersCanBeAddedAndQueried" time="0.139" classname="com.sprhib.TestService"/>
  <testcase name="thatOrdersCanBeAddedAndQueried" time="0.129" classname="com.sprhib.TestService"/>
  <testcase name="thatOrdersCanBeAddedAndQueried" time="0.279" classname="com.sprhib.TestService"/>
  <testcase name="thatOrdersCanBeAddedAndQueried" time="0.152" classname="com.sprhib.TestService"/>
  <testcase name="thatOrdersCanBeAddedAndQueried" time="0.157" classname="com.sprhib.TestService"/>
  <testcase name="thatOrdersCanBeAddedAndQueried" time="0.156" classname="com.sprhib.TestService"/>
  <testcase name="thatOrdersCanBeAddedAndQueried" time="0.200" classname="com.sprhib.TestService"/>
  <testcase name="thatOrdersCanBeAddedAndQueried" time="0.250" classname="com.sprhib.TestService"/>
  <testcase name="thatOrdersCanBeAddedAndQueried" time="0.170" classname="com.sprhib.TestService"/>
  <testcase name="thatOrdersCanBeAddedAndQueried" time="0.145" classname="com.sprhib.TestService"/>
  <testcase name="thatOrdersCanBeAddedAndQueried" time="0.140" classname="com.sprhib.TestService">
    <failure type="org.springframework.web.client.HttpServerErrorException" message="500 Internal Server Error">
      <![CDATA[org.springframework.web.client.HttpServerErrorException: 500 Internal Server Error
	at org.springframework.web.client.DefaultResponseErrorHandler.handleError(DefaultResponseErrorHandler.java:94)
	at org.springframework.web.client.RestTemplate.handleResponseError(RestTemplate.java:576)
	at org.springframework.web.client.RestTemplate.doExecute(RestTemplate.java:532)
	at org.springframework.web.client.RestTemplate.execute(RestTemplate.java:489)
	at org.springframework.web.client.RestTemplate.getForEntity(RestTemplate.java:250)
	at com.sprhib.TestService.thatOrdersCanBeAddedAndQueried(TestService.java:39)
	at sun.reflect.GeneratedMethodAccessor3.invoke(Unknown Source)
	at sun.reflect.DelegatingMethodAccessorImpl.invoke(DelegatingMethodAccessorImpl.java:43)
	at java.lang.reflect.Method.invoke(Method.java:606)
	at org.testng.internal.MethodInvocationHelper.invokeMethod(MethodInvocationHelper.java:84)
	at org.testng.internal.Invoker.invokeMethod(Invoker.java:714)
	at org.testng.internal.Invoker.invokeTestMethod(Invoker.java:901)
	at org.testng.internal.Invoker.invokeTestMethods(Invoker.java:1231)
	at org.testng.internal.TestMethodWorker.invokeTestMethods(TestMethodWorker.java:127)
	at org.testng.internal.TestMethodWorker.run(TestMethodWorker.java:111)
	at org.testng.internal.thread.ThreadUtil$2.call(ThreadUtil.java:64)
	at java.util.concurrent.FutureTask.run(FutureTask.java:262)
	at java.util.concurrent.ThreadPoolExecutor.runWorker(ThreadPoolExecutor.java:1145)
	at java.util.concurrent.ThreadPoolExecutor$Worker.run(ThreadPoolExecutor.java:615)
	at java.lang.Thread.run(Thread.java:745)
]]>
    </failure>
  </testcase> <!-- thatOrdersCanBeAddedAndQueried -->
  <testcase name="thatOrdersCanBeAddedAndQueried" time="0.306" classname="com.sprhib.TestService"/>
  <testcase name="thatOrdersCanBeAddedAndQueried" time="0.177" classname="com.sprhib.TestService"/>
  <testcase name="thatOrdersCanBeAddedAndQueried" time="0.156" classname="com.sprhib.TestService"/>
  <testcase name="thatOrdersCanBeAddedAndQueried" time="0.366" classname="com.sprhib.TestService"/>
  <testcase name="thatOrdersCanBeAddedAndQueried" time="0.032" classname="com.sprhib.TestService">
    <failure type="org.springframework.web.client.ResourceAccessException" message="I/O error on GET request for &quot;http://localhost:8080/spr-mvc-hib/convertation/-110/EUR/USD&quot;:No buffer space available (maximum connections reached?): connect; nested exception is java.net.SocketException: No buffer space available (maximum connections reached?): connect">
      <![CDATA[org.springframework.web.client.ResourceAccessException: I/O error on GET request for "http://localhost:8080/spr-mvc-hib/convertation/-110/EUR/USD":No buffer space available (maximum connections reached?): connect; nested exception is java.net.SocketException: No buffer space available (maximum connections reached?): connect
	at org.springframework.web.client.RestTemplate.doExecute(RestTemplate.java:543)
	at org.springframework.web.client.RestTemplate.execute(RestTemplate.java:489)
	at org.springframework.web.client.RestTemplate.getForEntity(RestTemplate.java:250)
	at com.sprhib.TestService.thatOrdersCanBeAddedAndQueried(TestService.java:26)
	at sun.reflect.GeneratedMethodAccessor3.invoke(Unknown Source)
	at sun.reflect.DelegatingMethodAccessorImpl.invoke(DelegatingMethodAccessorImpl.java:43)
	at java.lang.reflect.Method.invoke(Method.java:606)
	at org.testng.internal.MethodInvocationHelper.invokeMethod(MethodInvocationHelper.java:84)
	at org.testng.internal.Invoker.invokeMethod(Invoker.java:714)
	at org.testng.internal.Invoker.invokeTestMethod(Invoker.java:901)
	at org.testng.internal.Invoker.invokeTestMethods(Invoker.java:1231)
	at org.testng.internal.TestMethodWorker.invokeTestMethods(TestMethodWorker.java:127)
	at org.testng.internal.TestMethodWorker.run(TestMethodWorker.java:111)
	at org.testng.internal.thread.ThreadUtil$2.call(ThreadUtil.java:64)
	at java.util.concurrent.FutureTask.run(FutureTask.java:262)
	at java.util.concurrent.ThreadPoolExecutor.runWorker(ThreadPoolExecutor.java:1145)
	at java.util.concurrent.ThreadPoolExecutor$Worker.run(ThreadPoolExecutor.java:615)
	at java.lang.Thread.run(Thread.java:745)
Caused by: java.net.SocketException: No buffer space available (maximum connections reached?): connect
	at java.net.DualStackPlainSocketImpl.connect0(Native Method)
	at java.net.DualStackPlainSocketImpl.socketConnect(DualStackPlainSocketImpl.java:79)
	at java.net.AbstractPlainSocketImpl.doConnect(AbstractPlainSocketImpl.java:339)
	at java.net.AbstractPlainSocketImpl.connectToAddress(AbstractPlainSocketImpl.java:200)
	at java.net.AbstractPlainSocketImpl.connect(AbstractPlainSocketImpl.java:182)
	at java.net.PlainSocketImpl.connect(PlainSocketImpl.java:172)
	at java.net.SocksSocketImpl.connect(SocksSocketImpl.java:392)
	at java.net.Socket.connect(Socket.java:579)
	at java.net.Socket.connect(Socket.java:528)
	at sun.net.NetworkClient.doConnect(NetworkClient.java:180)
	at sun.net.www.http.HttpClient.openServer(HttpClient.java:432)
	at sun.net.www.http.HttpClient.openServer(HttpClient.java:527)
	at sun.net.www.http.HttpClient.<init>(HttpClient.java:211)
	at sun.net.www.http.HttpClient.New(HttpClient.java:308)
	at sun.net.www.http.HttpClient.New(HttpClient.java:326)
	at sun.net.www.protocol.http.HttpURLConnection.getNewHttpClient(HttpURLConnection.java:996)
	at sun.net.www.protocol.http.HttpURLConnection.plainConnect(HttpURLConnection.java:932)
	at sun.net.www.protocol.http.HttpURLConnection.connect(HttpURLConnection.java:850)
	at org.springframework.http.client.SimpleBufferingClientHttpRequest.executeInternal(SimpleBufferingClientHttpRequest.java:78)
	at org.springframework.http.client.AbstractBufferingClientHttpRequest.executeInternal(AbstractBufferingClientHttpRequest.java:46)
	at org.springframework.http.client.AbstractClientHttpRequest.execute(AbstractClientHttpRequest.java:52)
	at org.springframework.web.client.RestTemplate.doExecute(RestTemplate.java:527)
	... 17 more
]]>
    </failure>
  </testcase> <!-- thatOrdersCanBeAddedAndQueried -->
  <testcase name="thatOrdersCanBeAddedAndQueried" time="0.095" classname="com.sprhib.TestService">
    <failure type="org.springframework.web.client.ResourceAccessException" message="I/O error on GET request for &quot;http://localhost:8080/spr-mvc-hib/convertation/-110/EUR/USD&quot;:No buffer space available (maximum connections reached?): connect; nested exception is java.net.SocketException: No buffer space available (maximum connections reached?): connect">
      <![CDATA[org.springframework.web.client.ResourceAccessException: I/O error on GET request for "http://localhost:8080/spr-mvc-hib/convertation/-110/EUR/USD":No buffer space available (maximum connections reached?): connect; nested exception is java.net.SocketException: No buffer space available (maximum connections reached?): connect
	at org.springframework.web.client.RestTemplate.doExecute(RestTemplate.java:543)
	at org.springframework.web.client.RestTemplate.execute(RestTemplate.java:489)
	at org.springframework.web.client.RestTemplate.getForEntity(RestTemplate.java:250)
	at com.sprhib.TestService.thatOrdersCanBeAddedAndQueried(TestService.java:26)
	at sun.reflect.GeneratedMethodAccessor3.invoke(Unknown Source)
	at sun.reflect.DelegatingMethodAccessorImpl.invoke(DelegatingMethodAccessorImpl.java:43)
	at java.lang.reflect.Method.invoke(Method.java:606)
	at org.testng.internal.MethodInvocationHelper.invokeMethod(MethodInvocationHelper.java:84)
	at org.testng.internal.Invoker.invokeMethod(Invoker.java:714)
	at org.testng.internal.Invoker.invokeTestMethod(Invoker.java:901)
	at org.testng.internal.Invoker.invokeTestMethods(Invoker.java:1231)
	at org.testng.internal.TestMethodWorker.invokeTestMethods(TestMethodWorker.java:127)
	at org.testng.internal.TestMethodWorker.run(TestMethodWorker.java:111)
	at org.testng.internal.thread.ThreadUtil$2.call(ThreadUtil.java:64)
	at java.util.concurrent.FutureTask.run(FutureTask.java:262)
	at java.util.concurrent.ThreadPoolExecutor.runWorker(ThreadPoolExecutor.java:1145)
	at java.util.concurrent.ThreadPoolExecutor$Worker.run(ThreadPoolExecutor.java:615)
	at java.lang.Thread.run(Thread.java:745)
Caused by: java.net.SocketException: No buffer space available (maximum connections reached?): connect
	at java.net.DualStackPlainSocketImpl.connect0(Native Method)
	at java.net.DualStackPlainSocketImpl.socketConnect(DualStackPlainSocketImpl.java:79)
	at java.net.AbstractPlainSocketImpl.doConnect(AbstractPlainSocketImpl.java:339)
	at java.net.AbstractPlainSocketImpl.connectToAddress(AbstractPlainSocketImpl.java:200)
	at java.net.AbstractPlainSocketImpl.connect(AbstractPlainSocketImpl.java:182)
	at java.net.PlainSocketImpl.connect(PlainSocketImpl.java:172)
	at java.net.SocksSocketImpl.connect(SocksSocketImpl.java:392)
	at java.net.Socket.connect(Socket.java:579)
	at java.net.Socket.connect(Socket.java:528)
	at sun.net.NetworkClient.doConnect(NetworkClient.java:180)
	at sun.net.www.http.HttpClient.openServer(HttpClient.java:432)
	at sun.net.www.http.HttpClient.openServer(HttpClient.java:527)
	at sun.net.www.http.HttpClient.<init>(HttpClient.java:211)
	at sun.net.www.http.HttpClient.New(HttpClient.java:308)
	at sun.net.www.http.HttpClient.New(HttpClient.java:326)
	at sun.net.www.protocol.http.HttpURLConnection.getNewHttpClient(HttpURLConnection.java:996)
	at sun.net.www.protocol.http.HttpURLConnection.plainConnect(HttpURLConnection.java:932)
	at sun.net.www.protocol.http.HttpURLConnection.connect(HttpURLConnection.java:850)
	at org.springframework.http.client.SimpleBufferingClientHttpRequest.executeInternal(SimpleBufferingClientHttpRequest.java:78)
	at org.springframework.http.client.AbstractBufferingClientHttpRequest.executeInternal(AbstractBufferingClientHttpRequest.java:46)
	at org.springframework.http.client.AbstractClientHttpRequest.execute(AbstractClientHttpRequest.java:52)
	at org.springframework.web.client.RestTemplate.doExecute(RestTemplate.java:527)
	... 17 more
]]>
    </failure>
  </testcase> <!-- thatOrdersCanBeAddedAndQueried -->
  <testcase name="thatOrdersCanBeAddedAndQueried" time="0.152" classname="com.sprhib.TestService"/>
  <testcase name="thatOrdersCanBeAddedAndQueried" time="0.254" classname="com.sprhib.TestService"/>
  <testcase name="thatOrdersCanBeAddedAndQueried" time="0.110" classname="com.sprhib.TestService"/>
  <testcase name="thatOrdersCanBeAddedAndQueried" time="0.308" classname="com.sprhib.TestService"/>
  <testcase name="thatOrdersCanBeAddedAndQueried" time="0.184" classname="com.sprhib.TestService"/>
  <testcase name="thatOrdersCanBeAddedAndQueried" time="0.206" classname="com.sprhib.TestService"/>
  <testcase name="thatOrdersCanBeAddedAndQueried" time="0.225" classname="com.sprhib.TestService"/>
  <testcase name="thatOrdersCanBeAddedAndQueried" time="0.154" classname="com.sprhib.TestService"/>
  <testcase name="thatOrdersCanBeAddedAndQueried" time="0.181" classname="com.sprhib.TestService"/>
  <testcase name="thatOrdersCanBeAddedAndQueried" time="0.339" classname="com.sprhib.TestService"/>
  <testcase name="thatOrdersCanBeAddedAndQueried" time="0.169" classname="com.sprhib.TestService"/>
  <testcase name="thatOrdersCanBeAddedAndQueried" time="0.178" classname="com.sprhib.TestService"/>
  <testcase name="thatOrdersCanBeAddedAndQueried" time="0.260" classname="com.sprhib.TestService"/>
  <testcase name="thatOrdersCanBeAddedAndQueried" time="0.202" classname="com.sprhib.TestService"/>
  <testcase name="thatOrdersCanBeAddedAndQueried" time="0.416" classname="com.sprhib.TestService"/>
  <testcase name="thatOrdersCanBeAddedAndQueried" time="0.188" classname="com.sprhib.TestService"/>
  <testcase name="thatOrdersCanBeAddedAndQueried" time="0.141" classname="com.sprhib.TestService"/>
  <testcase name="thatOrdersCanBeAddedAndQueried" time="0.275" classname="com.sprhib.TestService"/>
  <testcase name="thatOrdersCanBeAddedAndQueried" time="0.123" classname="com.sprhib.TestService"/>
  <testcase name="thatOrdersCanBeAddedAndQueried" time="0.171" classname="com.sprhib.TestService"/>
  <testcase name="thatOrdersCanBeAddedAndQueried" time="0.193" classname="com.sprhib.TestService"/>
  <testcase name="thatOrdersCanBeAddedAndQueried" time="0.038" classname="com.sprhib.TestService">
    <failure type="org.springframework.web.client.ResourceAccessException" message="I/O error on GET request for &quot;http://localhost:8080/spr-mvc-hib/convertation/-110/EUR/USD&quot;:No buffer space available (maximum connections reached?): connect; nested exception is java.net.SocketException: No buffer space available (maximum connections reached?): connect">
      <![CDATA[org.springframework.web.client.ResourceAccessException: I/O error on GET request for "http://localhost:8080/spr-mvc-hib/convertation/-110/EUR/USD":No buffer space available (maximum connections reached?): connect; nested exception is java.net.SocketException: No buffer space available (maximum connections reached?): connect
	at org.springframework.web.client.RestTemplate.doExecute(RestTemplate.java:543)
	at org.springframework.web.client.RestTemplate.execute(RestTemplate.java:489)
	at org.springframework.web.client.RestTemplate.getForEntity(RestTemplate.java:250)
	at com.sprhib.TestService.thatOrdersCanBeAddedAndQueried(TestService.java:26)
	at sun.reflect.GeneratedMethodAccessor3.invoke(Unknown Source)
	at sun.reflect.DelegatingMethodAccessorImpl.invoke(DelegatingMethodAccessorImpl.java:43)
	at java.lang.reflect.Method.invoke(Method.java:606)
	at org.testng.internal.MethodInvocationHelper.invokeMethod(MethodInvocationHelper.java:84)
	at org.testng.internal.Invoker.invokeMethod(Invoker.java:714)
	at org.testng.internal.Invoker.invokeTestMethod(Invoker.java:901)
	at org.testng.internal.Invoker.invokeTestMethods(Invoker.java:1231)
	at org.testng.internal.TestMethodWorker.invokeTestMethods(TestMethodWorker.java:127)
	at org.testng.internal.TestMethodWorker.run(TestMethodWorker.java:111)
	at org.testng.internal.thread.ThreadUtil$2.call(ThreadUtil.java:64)
	at java.util.concurrent.FutureTask.run(FutureTask.java:262)
	at java.util.concurrent.ThreadPoolExecutor.runWorker(ThreadPoolExecutor.java:1145)
	at java.util.concurrent.ThreadPoolExecutor$Worker.run(ThreadPoolExecutor.java:615)
	at java.lang.Thread.run(Thread.java:745)
Caused by: java.net.SocketException: No buffer space available (maximum connections reached?): connect
	at java.net.DualStackPlainSocketImpl.connect0(Native Method)
	at java.net.DualStackPlainSocketImpl.socketConnect(DualStackPlainSocketImpl.java:79)
	at java.net.AbstractPlainSocketImpl.doConnect(AbstractPlainSocketImpl.java:339)
	at java.net.AbstractPlainSocketImpl.connectToAddress(AbstractPlainSocketImpl.java:200)
	at java.net.AbstractPlainSocketImpl.connect(AbstractPlainSocketImpl.java:182)
	at java.net.PlainSocketImpl.connect(PlainSocketImpl.java:172)
	at java.net.SocksSocketImpl.connect(SocksSocketImpl.java:392)
	at java.net.Socket.connect(Socket.java:579)
	at java.net.Socket.connect(Socket.java:528)
	at sun.net.NetworkClient.doConnect(NetworkClient.java:180)
	at sun.net.www.http.HttpClient.openServer(HttpClient.java:432)
	at sun.net.www.http.HttpClient.openServer(HttpClient.java:527)
	at sun.net.www.http.HttpClient.<init>(HttpClient.java:211)
	at sun.net.www.http.HttpClient.New(HttpClient.java:308)
	at sun.net.www.http.HttpClient.New(HttpClient.java:326)
	at sun.net.www.protocol.http.HttpURLConnection.getNewHttpClient(HttpURLConnection.java:996)
	at sun.net.www.protocol.http.HttpURLConnection.plainConnect(HttpURLConnection.java:932)
	at sun.net.www.protocol.http.HttpURLConnection.connect(HttpURLConnection.java:850)
	at org.springframework.http.client.SimpleBufferingClientHttpRequest.executeInternal(SimpleBufferingClientHttpRequest.java:78)
	at org.springframework.http.client.AbstractBufferingClientHttpRequest.executeInternal(AbstractBufferingClientHttpRequest.java:46)
	at org.springframework.http.client.AbstractClientHttpRequest.execute(AbstractClientHttpRequest.java:52)
	at org.springframework.web.client.RestTemplate.doExecute(RestTemplate.java:527)
	... 17 more
]]>
    </failure>
  </testcase> <!-- thatOrdersCanBeAddedAndQueried -->
  <testcase name="thatOrdersCanBeAddedAndQueried" time="0.206" classname="com.sprhib.TestService"/>
  <testcase name="thatOrdersCanBeAddedAndQueried" time="0.332" classname="com.sprhib.TestService"/>
  <testcase name="thatOrdersCanBeAddedAndQueried" time="0.024" classname="com.sprhib.TestService">
    <failure type="org.springframework.web.client.ResourceAccessException" message="I/O error on GET request for &quot;http://localhost:8080/spr-mvc-hib/convertation/-110/EUR/USD&quot;:No buffer space available (maximum connections reached?): connect; nested exception is java.net.SocketException: No buffer space available (maximum connections reached?): connect">
      <![CDATA[org.springframework.web.client.ResourceAccessException: I/O error on GET request for "http://localhost:8080/spr-mvc-hib/convertation/-110/EUR/USD":No buffer space available (maximum connections reached?): connect; nested exception is java.net.SocketException: No buffer space available (maximum connections reached?): connect
	at org.springframework.web.client.RestTemplate.doExecute(RestTemplate.java:543)
	at org.springframework.web.client.RestTemplate.execute(RestTemplate.java:489)
	at org.springframework.web.client.RestTemplate.getForEntity(RestTemplate.java:250)
	at com.sprhib.TestService.thatOrdersCanBeAddedAndQueried(TestService.java:26)
	at sun.reflect.GeneratedMethodAccessor3.invoke(Unknown Source)
	at sun.reflect.DelegatingMethodAccessorImpl.invoke(DelegatingMethodAccessorImpl.java:43)
	at java.lang.reflect.Method.invoke(Method.java:606)
	at org.testng.internal.MethodInvocationHelper.invokeMethod(MethodInvocationHelper.java:84)
	at org.testng.internal.Invoker.invokeMethod(Invoker.java:714)
	at org.testng.internal.Invoker.invokeTestMethod(Invoker.java:901)
	at org.testng.internal.Invoker.invokeTestMethods(Invoker.java:1231)
	at org.testng.internal.TestMethodWorker.invokeTestMethods(TestMethodWorker.java:127)
	at org.testng.internal.TestMethodWorker.run(TestMethodWorker.java:111)
	at org.testng.internal.thread.ThreadUtil$2.call(ThreadUtil.java:64)
	at java.util.concurrent.FutureTask.run(FutureTask.java:262)
	at java.util.concurrent.ThreadPoolExecutor.runWorker(ThreadPoolExecutor.java:1145)
	at java.util.concurrent.ThreadPoolExecutor$Worker.run(ThreadPoolExecutor.java:615)
	at java.lang.Thread.run(Thread.java:745)
Caused by: java.net.SocketException: No buffer space available (maximum connections reached?): connect
	at java.net.DualStackPlainSocketImpl.connect0(Native Method)
	at java.net.DualStackPlainSocketImpl.socketConnect(DualStackPlainSocketImpl.java:79)
	at java.net.AbstractPlainSocketImpl.doConnect(AbstractPlainSocketImpl.java:339)
	at java.net.AbstractPlainSocketImpl.connectToAddress(AbstractPlainSocketImpl.java:200)
	at java.net.AbstractPlainSocketImpl.connect(AbstractPlainSocketImpl.java:182)
	at java.net.PlainSocketImpl.connect(PlainSocketImpl.java:172)
	at java.net.SocksSocketImpl.connect(SocksSocketImpl.java:392)
	at java.net.Socket.connect(Socket.java:579)
	at java.net.Socket.connect(Socket.java:528)
	at sun.net.NetworkClient.doConnect(NetworkClient.java:180)
	at sun.net.www.http.HttpClient.openServer(HttpClient.java:432)
	at sun.net.www.http.HttpClient.openServer(HttpClient.java:527)
	at sun.net.www.http.HttpClient.<init>(HttpClient.java:211)
	at sun.net.www.http.HttpClient.New(HttpClient.java:308)
	at sun.net.www.http.HttpClient.New(HttpClient.java:326)
	at sun.net.www.protocol.http.HttpURLConnection.getNewHttpClient(HttpURLConnection.java:996)
	at sun.net.www.protocol.http.HttpURLConnection.plainConnect(HttpURLConnection.java:932)
	at sun.net.www.protocol.http.HttpURLConnection.connect(HttpURLConnection.java:850)
	at org.springframework.http.client.SimpleBufferingClientHttpRequest.executeInternal(SimpleBufferingClientHttpRequest.java:78)
	at org.springframework.http.client.AbstractBufferingClientHttpRequest.executeInternal(AbstractBufferingClientHttpRequest.java:46)
	at org.springframework.http.client.AbstractClientHttpRequest.execute(AbstractClientHttpRequest.java:52)
	at org.springframework.web.client.RestTemplate.doExecute(RestTemplate.java:527)
	... 17 more
]]>
    </failure>
  </testcase> <!-- thatOrdersCanBeAddedAndQueried -->
  <testcase name="thatOrdersCanBeAddedAndQueried" time="0.154" classname="com.sprhib.TestService"/>
  <testcase name="thatOrdersCanBeAddedAndQueried" time="0.186" classname="com.sprhib.TestService"/>
  <testcase name="thatOrdersCanBeAddedAndQueried" time="0.190" classname="com.sprhib.TestService"/>
  <testcase name="thatOrdersCanBeAddedAndQueried" time="0.212" classname="com.sprhib.TestService"/>
  <testcase name="thatOrdersCanBeAddedAndQueried" time="0.289" classname="com.sprhib.TestService"/>
  <testcase name="thatOrdersCanBeAddedAndQueried" time="0.251" classname="com.sprhib.TestService"/>
  <testcase name="thatOrdersCanBeAddedAndQueried" time="0.140" classname="com.sprhib.TestService"/>
  <testcase name="thatOrdersCanBeAddedAndQueried" time="0.236" classname="com.sprhib.TestService"/>
  <testcase name="thatOrdersCanBeAddedAndQueried" time="0.258" classname="com.sprhib.TestService"/>
  <testcase name="thatOrdersCanBeAddedAndQueried" time="0.240" classname="com.sprhib.TestService"/>
  <testcase name="thatOrdersCanBeAddedAndQueried" time="0.013" classname="com.sprhib.TestService">
    <failure type="org.springframework.web.client.ResourceAccessException" message="I/O error on GET request for &quot;http://localhost:8080/spr-mvc-hib/convertation/-110/EUR/USD&quot;:No buffer space available (maximum connections reached?): connect; nested exception is java.net.SocketException: No buffer space available (maximum connections reached?): connect">
      <![CDATA[org.springframework.web.client.ResourceAccessException: I/O error on GET request for "http://localhost:8080/spr-mvc-hib/convertation/-110/EUR/USD":No buffer space available (maximum connections reached?): connect; nested exception is java.net.SocketException: No buffer space available (maximum connections reached?): connect
	at org.springframework.web.client.RestTemplate.doExecute(RestTemplate.java:543)
	at org.springframework.web.client.RestTemplate.execute(RestTemplate.java:489)
	at org.springframework.web.client.RestTemplate.getForEntity(RestTemplate.java:250)
	at com.sprhib.TestService.thatOrdersCanBeAddedAndQueried(TestService.java:26)
	at sun.reflect.GeneratedMethodAccessor3.invoke(Unknown Source)
	at sun.reflect.DelegatingMethodAccessorImpl.invoke(DelegatingMethodAccessorImpl.java:43)
	at java.lang.reflect.Method.invoke(Method.java:606)
	at org.testng.internal.MethodInvocationHelper.invokeMethod(MethodInvocationHelper.java:84)
	at org.testng.internal.Invoker.invokeMethod(Invoker.java:714)
	at org.testng.internal.Invoker.invokeTestMethod(Invoker.java:901)
	at org.testng.internal.Invoker.invokeTestMethods(Invoker.java:1231)
	at org.testng.internal.TestMethodWorker.invokeTestMethods(TestMethodWorker.java:127)
	at org.testng.internal.TestMethodWorker.run(TestMethodWorker.java:111)
	at org.testng.internal.thread.ThreadUtil$2.call(ThreadUtil.java:64)
	at java.util.concurrent.FutureTask.run(FutureTask.java:262)
	at java.util.concurrent.ThreadPoolExecutor.runWorker(ThreadPoolExecutor.java:1145)
	at java.util.concurrent.ThreadPoolExecutor$Worker.run(ThreadPoolExecutor.java:615)
	at java.lang.Thread.run(Thread.java:745)
Caused by: java.net.SocketException: No buffer space available (maximum connections reached?): connect
	at java.net.DualStackPlainSocketImpl.connect0(Native Method)
	at java.net.DualStackPlainSocketImpl.socketConnect(DualStackPlainSocketImpl.java:79)
	at java.net.AbstractPlainSocketImpl.doConnect(AbstractPlainSocketImpl.java:339)
	at java.net.AbstractPlainSocketImpl.connectToAddress(AbstractPlainSocketImpl.java:200)
	at java.net.AbstractPlainSocketImpl.connect(AbstractPlainSocketImpl.java:182)
	at java.net.PlainSocketImpl.connect(PlainSocketImpl.java:172)
	at java.net.SocksSocketImpl.connect(SocksSocketImpl.java:392)
	at java.net.Socket.connect(Socket.java:579)
	at java.net.Socket.connect(Socket.java:528)
	at sun.net.NetworkClient.doConnect(NetworkClient.java:180)
	at sun.net.www.http.HttpClient.openServer(HttpClient.java:432)
	at sun.net.www.http.HttpClient.openServer(HttpClient.java:527)
	at sun.net.www.http.HttpClient.<init>(HttpClient.java:211)
	at sun.net.www.http.HttpClient.New(HttpClient.java:308)
	at sun.net.www.http.HttpClient.New(HttpClient.java:326)
	at sun.net.www.protocol.http.HttpURLConnection.getNewHttpClient(HttpURLConnection.java:996)
	at sun.net.www.protocol.http.HttpURLConnection.plainConnect(HttpURLConnection.java:932)
	at sun.net.www.protocol.http.HttpURLConnection.connect(HttpURLConnection.java:850)
	at org.springframework.http.client.SimpleBufferingClientHttpRequest.executeInternal(SimpleBufferingClientHttpRequest.java:78)
	at org.springframework.http.client.AbstractBufferingClientHttpRequest.executeInternal(AbstractBufferingClientHttpRequest.java:46)
	at org.springframework.http.client.AbstractClientHttpRequest.execute(AbstractClientHttpRequest.java:52)
	at org.springframework.web.client.RestTemplate.doExecute(RestTemplate.java:527)
	... 17 more
]]>
    </failure>
  </testcase> <!-- thatOrdersCanBeAddedAndQueried -->
  <testcase name="thatOrdersCanBeAddedAndQueried" time="0.167" classname="com.sprhib.TestService"/>
  <testcase name="thatOrdersCanBeAddedAndQueried" time="0.167" classname="com.sprhib.TestService"/>
  <testcase name="thatOrdersCanBeAddedAndQueried" time="0.146" classname="com.sprhib.TestService"/>
  <testcase name="thatOrdersCanBeAddedAndQueried" time="0.035" classname="com.sprhib.TestService">
    <failure type="org.springframework.web.client.ResourceAccessException" message="I/O error on GET request for &quot;http://localhost:8080/spr-mvc-hib/convertation/-110/EUR/USD&quot;:No buffer space available (maximum connections reached?): connect; nested exception is java.net.SocketException: No buffer space available (maximum connections reached?): connect">
      <![CDATA[org.springframework.web.client.ResourceAccessException: I/O error on GET request for "http://localhost:8080/spr-mvc-hib/convertation/-110/EUR/USD":No buffer space available (maximum connections reached?): connect; nested exception is java.net.SocketException: No buffer space available (maximum connections reached?): connect
	at org.springframework.web.client.RestTemplate.doExecute(RestTemplate.java:543)
	at org.springframework.web.client.RestTemplate.execute(RestTemplate.java:489)
	at org.springframework.web.client.RestTemplate.getForEntity(RestTemplate.java:250)
	at com.sprhib.TestService.thatOrdersCanBeAddedAndQueried(TestService.java:26)
	at sun.reflect.GeneratedMethodAccessor3.invoke(Unknown Source)
	at sun.reflect.DelegatingMethodAccessorImpl.invoke(DelegatingMethodAccessorImpl.java:43)
	at java.lang.reflect.Method.invoke(Method.java:606)
	at org.testng.internal.MethodInvocationHelper.invokeMethod(MethodInvocationHelper.java:84)
	at org.testng.internal.Invoker.invokeMethod(Invoker.java:714)
	at org.testng.internal.Invoker.invokeTestMethod(Invoker.java:901)
	at org.testng.internal.Invoker.invokeTestMethods(Invoker.java:1231)
	at org.testng.internal.TestMethodWorker.invokeTestMethods(TestMethodWorker.java:127)
	at org.testng.internal.TestMethodWorker.run(TestMethodWorker.java:111)
	at org.testng.internal.thread.ThreadUtil$2.call(ThreadUtil.java:64)
	at java.util.concurrent.FutureTask.run(FutureTask.java:262)
	at java.util.concurrent.ThreadPoolExecutor.runWorker(ThreadPoolExecutor.java:1145)
	at java.util.concurrent.ThreadPoolExecutor$Worker.run(ThreadPoolExecutor.java:615)
	at java.lang.Thread.run(Thread.java:745)
Caused by: java.net.SocketException: No buffer space available (maximum connections reached?): connect
	at java.net.DualStackPlainSocketImpl.connect0(Native Method)
	at java.net.DualStackPlainSocketImpl.socketConnect(DualStackPlainSocketImpl.java:79)
	at java.net.AbstractPlainSocketImpl.doConnect(AbstractPlainSocketImpl.java:339)
	at java.net.AbstractPlainSocketImpl.connectToAddress(AbstractPlainSocketImpl.java:200)
	at java.net.AbstractPlainSocketImpl.connect(AbstractPlainSocketImpl.java:182)
	at java.net.PlainSocketImpl.connect(PlainSocketImpl.java:172)
	at java.net.SocksSocketImpl.connect(SocksSocketImpl.java:392)
	at java.net.Socket.connect(Socket.java:579)
	at java.net.Socket.connect(Socket.java:528)
	at sun.net.NetworkClient.doConnect(NetworkClient.java:180)
	at sun.net.www.http.HttpClient.openServer(HttpClient.java:432)
	at sun.net.www.http.HttpClient.openServer(HttpClient.java:527)
	at sun.net.www.http.HttpClient.<init>(HttpClient.java:211)
	at sun.net.www.http.HttpClient.New(HttpClient.java:308)
	at sun.net.www.http.HttpClient.New(HttpClient.java:326)
	at sun.net.www.protocol.http.HttpURLConnection.getNewHttpClient(HttpURLConnection.java:996)
	at sun.net.www.protocol.http.HttpURLConnection.plainConnect(HttpURLConnection.java:932)
	at sun.net.www.protocol.http.HttpURLConnection.connect(HttpURLConnection.java:850)
	at org.springframework.http.client.SimpleBufferingClientHttpRequest.executeInternal(SimpleBufferingClientHttpRequest.java:78)
	at org.springframework.http.client.AbstractBufferingClientHttpRequest.executeInternal(AbstractBufferingClientHttpRequest.java:46)
	at org.springframework.http.client.AbstractClientHttpRequest.execute(AbstractClientHttpRequest.java:52)
	at org.springframework.web.client.RestTemplate.doExecute(RestTemplate.java:527)
	... 17 more
]]>
    </failure>
  </testcase> <!-- thatOrdersCanBeAddedAndQueried -->
  <testcase name="thatOrdersCanBeAddedAndQueried" time="0.140" classname="com.sprhib.TestService"/>
  <testcase name="thatOrdersCanBeAddedAndQueried" time="0.402" classname="com.sprhib.TestService"/>
  <testcase name="thatOrdersCanBeAddedAndQueried" time="0.332" classname="com.sprhib.TestService"/>
  <testcase name="thatOrdersCanBeAddedAndQueried" time="0.147" classname="com.sprhib.TestService"/>
  <testcase name="thatOrdersCanBeAddedAndQueried" time="0.125" classname="com.sprhib.TestService"/>
  <testcase name="thatOrdersCanBeAddedAndQueried" time="0.157" classname="com.sprhib.TestService"/>
  <testcase name="thatOrdersCanBeAddedAndQueried" time="0.147" classname="com.sprhib.TestService"/>
  <testcase name="thatOrdersCanBeAddedAndQueried" time="0.201" classname="com.sprhib.TestService"/>
  <testcase name="thatOrdersCanBeAddedAndQueried" time="0.153" classname="com.sprhib.TestService"/>
  <testcase name="thatOrdersCanBeAddedAndQueried" time="0.150" classname="com.sprhib.TestService"/>
  <testcase name="thatOrdersCanBeAddedAndQueried" time="0.033" classname="com.sprhib.TestService">
    <failure type="org.springframework.web.client.ResourceAccessException" message="I/O error on GET request for &quot;http://localhost:8080/spr-mvc-hib/convertation/-110/EUR/USD&quot;:No buffer space available (maximum connections reached?): connect; nested exception is java.net.SocketException: No buffer space available (maximum connections reached?): connect">
      <![CDATA[org.springframework.web.client.ResourceAccessException: I/O error on GET request for "http://localhost:8080/spr-mvc-hib/convertation/-110/EUR/USD":No buffer space available (maximum connections reached?): connect; nested exception is java.net.SocketException: No buffer space available (maximum connections reached?): connect
	at org.springframework.web.client.RestTemplate.doExecute(RestTemplate.java:543)
	at org.springframework.web.client.RestTemplate.execute(RestTemplate.java:489)
	at org.springframework.web.client.RestTemplate.getForEntity(RestTemplate.java:250)
	at com.sprhib.TestService.thatOrdersCanBeAddedAndQueried(TestService.java:26)
	at sun.reflect.GeneratedMethodAccessor3.invoke(Unknown Source)
	at sun.reflect.DelegatingMethodAccessorImpl.invoke(DelegatingMethodAccessorImpl.java:43)
	at java.lang.reflect.Method.invoke(Method.java:606)
	at org.testng.internal.MethodInvocationHelper.invokeMethod(MethodInvocationHelper.java:84)
	at org.testng.internal.Invoker.invokeMethod(Invoker.java:714)
	at org.testng.internal.Invoker.invokeTestMethod(Invoker.java:901)
	at org.testng.internal.Invoker.invokeTestMethods(Invoker.java:1231)
	at org.testng.internal.TestMethodWorker.invokeTestMethods(TestMethodWorker.java:127)
	at org.testng.internal.TestMethodWorker.run(TestMethodWorker.java:111)
	at org.testng.internal.thread.ThreadUtil$2.call(ThreadUtil.java:64)
	at java.util.concurrent.FutureTask.run(FutureTask.java:262)
	at java.util.concurrent.ThreadPoolExecutor.runWorker(ThreadPoolExecutor.java:1145)
	at java.util.concurrent.ThreadPoolExecutor$Worker.run(ThreadPoolExecutor.java:615)
	at java.lang.Thread.run(Thread.java:745)
Caused by: java.net.SocketException: No buffer space available (maximum connections reached?): connect
	at java.net.DualStackPlainSocketImpl.connect0(Native Method)
	at java.net.DualStackPlainSocketImpl.socketConnect(DualStackPlainSocketImpl.java:79)
	at java.net.AbstractPlainSocketImpl.doConnect(AbstractPlainSocketImpl.java:339)
	at java.net.AbstractPlainSocketImpl.connectToAddress(AbstractPlainSocketImpl.java:200)
	at java.net.AbstractPlainSocketImpl.connect(AbstractPlainSocketImpl.java:182)
	at java.net.PlainSocketImpl.connect(PlainSocketImpl.java:172)
	at java.net.SocksSocketImpl.connect(SocksSocketImpl.java:392)
	at java.net.Socket.connect(Socket.java:579)
	at java.net.Socket.connect(Socket.java:528)
	at sun.net.NetworkClient.doConnect(NetworkClient.java:180)
	at sun.net.www.http.HttpClient.openServer(HttpClient.java:432)
	at sun.net.www.http.HttpClient.openServer(HttpClient.java:527)
	at sun.net.www.http.HttpClient.<init>(HttpClient.java:211)
	at sun.net.www.http.HttpClient.New(HttpClient.java:308)
	at sun.net.www.http.HttpClient.New(HttpClient.java:326)
	at sun.net.www.protocol.http.HttpURLConnection.getNewHttpClient(HttpURLConnection.java:996)
	at sun.net.www.protocol.http.HttpURLConnection.plainConnect(HttpURLConnection.java:932)
	at sun.net.www.protocol.http.HttpURLConnection.connect(HttpURLConnection.java:850)
	at org.springframework.http.client.SimpleBufferingClientHttpRequest.executeInternal(SimpleBufferingClientHttpRequest.java:78)
	at org.springframework.http.client.AbstractBufferingClientHttpRequest.executeInternal(AbstractBufferingClientHttpRequest.java:46)
	at org.springframework.http.client.AbstractClientHttpRequest.execute(AbstractClientHttpRequest.java:52)
	at org.springframework.web.client.RestTemplate.doExecute(RestTemplate.java:527)
	... 17 more
]]>
    </failure>
  </testcase> <!-- thatOrdersCanBeAddedAndQueried -->
  <testcase name="thatOrdersCanBeAddedAndQueried" time="0.201" classname="com.sprhib.TestService"/>
  <testcase name="thatOrdersCanBeAddedAndQueried" time="0.207" classname="com.sprhib.TestService"/>
  <testcase name="thatOrdersCanBeAddedAndQueried" time="0.143" classname="com.sprhib.TestService"/>
  <testcase name="thatOrdersCanBeAddedAndQueried" time="0.215" classname="com.sprhib.TestService"/>
  <testcase name="thatOrdersCanBeAddedAndQueried" time="0.241" classname="com.sprhib.TestService"/>
  <testcase name="thatOrdersCanBeAddedAndQueried" time="0.202" classname="com.sprhib.TestService"/>
  <testcase name="thatOrdersCanBeAddedAndQueried" time="0.022" classname="com.sprhib.TestService">
    <failure type="org.springframework.web.client.ResourceAccessException" message="I/O error on GET request for &quot;http://localhost:8080/spr-mvc-hib/convertation/-110/EUR/USD&quot;:No buffer space available (maximum connections reached?): connect; nested exception is java.net.SocketException: No buffer space available (maximum connections reached?): connect">
      <![CDATA[org.springframework.web.client.ResourceAccessException: I/O error on GET request for "http://localhost:8080/spr-mvc-hib/convertation/-110/EUR/USD":No buffer space available (maximum connections reached?): connect; nested exception is java.net.SocketException: No buffer space available (maximum connections reached?): connect
	at org.springframework.web.client.RestTemplate.doExecute(RestTemplate.java:543)
	at org.springframework.web.client.RestTemplate.execute(RestTemplate.java:489)
	at org.springframework.web.client.RestTemplate.getForEntity(RestTemplate.java:250)
	at com.sprhib.TestService.thatOrdersCanBeAddedAndQueried(TestService.java:26)
	at sun.reflect.GeneratedMethodAccessor3.invoke(Unknown Source)
	at sun.reflect.DelegatingMethodAccessorImpl.invoke(DelegatingMethodAccessorImpl.java:43)
	at java.lang.reflect.Method.invoke(Method.java:606)
	at org.testng.internal.MethodInvocationHelper.invokeMethod(MethodInvocationHelper.java:84)
	at org.testng.internal.Invoker.invokeMethod(Invoker.java:714)
	at org.testng.internal.Invoker.invokeTestMethod(Invoker.java:901)
	at org.testng.internal.Invoker.invokeTestMethods(Invoker.java:1231)
	at org.testng.internal.TestMethodWorker.invokeTestMethods(TestMethodWorker.java:127)
	at org.testng.internal.TestMethodWorker.run(TestMethodWorker.java:111)
	at org.testng.internal.thread.ThreadUtil$2.call(ThreadUtil.java:64)
	at java.util.concurrent.FutureTask.run(FutureTask.java:262)
	at java.util.concurrent.ThreadPoolExecutor.runWorker(ThreadPoolExecutor.java:1145)
	at java.util.concurrent.ThreadPoolExecutor$Worker.run(ThreadPoolExecutor.java:615)
	at java.lang.Thread.run(Thread.java:745)
Caused by: java.net.SocketException: No buffer space available (maximum connections reached?): connect
	at java.net.DualStackPlainSocketImpl.connect0(Native Method)
	at java.net.DualStackPlainSocketImpl.socketConnect(DualStackPlainSocketImpl.java:79)
	at java.net.AbstractPlainSocketImpl.doConnect(AbstractPlainSocketImpl.java:339)
	at java.net.AbstractPlainSocketImpl.connectToAddress(AbstractPlainSocketImpl.java:200)
	at java.net.AbstractPlainSocketImpl.connect(AbstractPlainSocketImpl.java:182)
	at java.net.PlainSocketImpl.connect(PlainSocketImpl.java:172)
	at java.net.SocksSocketImpl.connect(SocksSocketImpl.java:392)
	at java.net.Socket.connect(Socket.java:579)
	at java.net.Socket.connect(Socket.java:528)
	at sun.net.NetworkClient.doConnect(NetworkClient.java:180)
	at sun.net.www.http.HttpClient.openServer(HttpClient.java:432)
	at sun.net.www.http.HttpClient.openServer(HttpClient.java:527)
	at sun.net.www.http.HttpClient.<init>(HttpClient.java:211)
	at sun.net.www.http.HttpClient.New(HttpClient.java:308)
	at sun.net.www.http.HttpClient.New(HttpClient.java:326)
	at sun.net.www.protocol.http.HttpURLConnection.getNewHttpClient(HttpURLConnection.java:996)
	at sun.net.www.protocol.http.HttpURLConnection.plainConnect(HttpURLConnection.java:932)
	at sun.net.www.protocol.http.HttpURLConnection.connect(HttpURLConnection.java:850)
	at org.springframework.http.client.SimpleBufferingClientHttpRequest.executeInternal(SimpleBufferingClientHttpRequest.java:78)
	at org.springframework.http.client.AbstractBufferingClientHttpRequest.executeInternal(AbstractBufferingClientHttpRequest.java:46)
	at org.springframework.http.client.AbstractClientHttpRequest.execute(AbstractClientHttpRequest.java:52)
	at org.springframework.web.client.RestTemplate.doExecute(RestTemplate.java:527)
	... 17 more
]]>
    </failure>
  </testcase> <!-- thatOrdersCanBeAddedAndQueried -->
  <testcase name="thatOrdersCanBeAddedAndQueried" time="0.215" classname="com.sprhib.TestService"/>
  <testcase name="thatOrdersCanBeAddedAndQueried" time="0.163" classname="com.sprhib.TestService"/>
  <testcase name="thatOrdersCanBeAddedAndQueried" time="0.317" classname="com.sprhib.TestService"/>
  <testcase name="thatOrdersCanBeAddedAndQueried" time="0.247" classname="com.sprhib.TestService"/>
  <testcase name="thatOrdersCanBeAddedAndQueried" time="0.314" classname="com.sprhib.TestService"/>
  <testcase name="thatOrdersCanBeAddedAndQueried" time="0.120" classname="com.sprhib.TestService"/>
  <testcase name="thatOrdersCanBeAddedAndQueried" time="0.165" classname="com.sprhib.TestService"/>
  <testcase name="thatOrdersCanBeAddedAndQueried" time="0.253" classname="com.sprhib.TestService"/>
  <testcase name="thatOrdersCanBeAddedAndQueried" time="0.306" classname="com.sprhib.TestService"/>
  <testcase name="thatOrdersCanBeAddedAndQueried" time="0.142" classname="com.sprhib.TestService"/>
  <testcase name="thatOrdersCanBeAddedAndQueried" time="0.259" classname="com.sprhib.TestService"/>
  <testcase name="thatOrdersCanBeAddedAndQueried" time="0.182" classname="com.sprhib.TestService"/>
  <testcase name="thatOrdersCanBeAddedAndQueried" time="0.188" classname="com.sprhib.TestService"/>
  <testcase name="thatOrdersCanBeAddedAndQueried" time="0.190" classname="com.sprhib.TestService"/>
  <testcase name="thatOrdersCanBeAddedAndQueried" time="0.161" classname="com.sprhib.TestService"/>
  <testcase name="thatOrdersCanBeAddedAndQueried" time="0.128" classname="com.sprhib.TestService"/>
  <testcase name="thatOrdersCanBeAddedAndQueried" time="0.250" classname="com.sprhib.TestService"/>
  <testcase name="thatOrdersCanBeAddedAndQueried" time="0.161" classname="com.sprhib.TestService"/>
  <testcase name="thatOrdersCanBeAddedAndQueried" time="0.035" classname="com.sprhib.TestService">
    <failure type="org.springframework.web.client.ResourceAccessException" message="I/O error on GET request for &quot;http://localhost:8080/spr-mvc-hib/convertation/-110/EUR/USD&quot;:No buffer space available (maximum connections reached?): connect; nested exception is java.net.SocketException: No buffer space available (maximum connections reached?): connect">
      <![CDATA[org.springframework.web.client.ResourceAccessException: I/O error on GET request for "http://localhost:8080/spr-mvc-hib/convertation/-110/EUR/USD":No buffer space available (maximum connections reached?): connect; nested exception is java.net.SocketException: No buffer space available (maximum connections reached?): connect
	at org.springframework.web.client.RestTemplate.doExecute(RestTemplate.java:543)
	at org.springframework.web.client.RestTemplate.execute(RestTemplate.java:489)
	at org.springframework.web.client.RestTemplate.getForEntity(RestTemplate.java:250)
	at com.sprhib.TestService.thatOrdersCanBeAddedAndQueried(TestService.java:26)
	at sun.reflect.GeneratedMethodAccessor3.invoke(Unknown Source)
	at sun.reflect.DelegatingMethodAccessorImpl.invoke(DelegatingMethodAccessorImpl.java:43)
	at java.lang.reflect.Method.invoke(Method.java:606)
	at org.testng.internal.MethodInvocationHelper.invokeMethod(MethodInvocationHelper.java:84)
	at org.testng.internal.Invoker.invokeMethod(Invoker.java:714)
	at org.testng.internal.Invoker.invokeTestMethod(Invoker.java:901)
	at org.testng.internal.Invoker.invokeTestMethods(Invoker.java:1231)
	at org.testng.internal.TestMethodWorker.invokeTestMethods(TestMethodWorker.java:127)
	at org.testng.internal.TestMethodWorker.run(TestMethodWorker.java:111)
	at org.testng.internal.thread.ThreadUtil$2.call(ThreadUtil.java:64)
	at java.util.concurrent.FutureTask.run(FutureTask.java:262)
	at java.util.concurrent.ThreadPoolExecutor.runWorker(ThreadPoolExecutor.java:1145)
	at java.util.concurrent.ThreadPoolExecutor$Worker.run(ThreadPoolExecutor.java:615)
	at java.lang.Thread.run(Thread.java:745)
Caused by: java.net.SocketException: No buffer space available (maximum connections reached?): connect
	at java.net.DualStackPlainSocketImpl.connect0(Native Method)
	at java.net.DualStackPlainSocketImpl.socketConnect(DualStackPlainSocketImpl.java:79)
	at java.net.AbstractPlainSocketImpl.doConnect(AbstractPlainSocketImpl.java:339)
	at java.net.AbstractPlainSocketImpl.connectToAddress(AbstractPlainSocketImpl.java:200)
	at java.net.AbstractPlainSocketImpl.connect(AbstractPlainSocketImpl.java:182)
	at java.net.PlainSocketImpl.connect(PlainSocketImpl.java:172)
	at java.net.SocksSocketImpl.connect(SocksSocketImpl.java:392)
	at java.net.Socket.connect(Socket.java:579)
	at java.net.Socket.connect(Socket.java:528)
	at sun.net.NetworkClient.doConnect(NetworkClient.java:180)
	at sun.net.www.http.HttpClient.openServer(HttpClient.java:432)
	at sun.net.www.http.HttpClient.openServer(HttpClient.java:527)
	at sun.net.www.http.HttpClient.<init>(HttpClient.java:211)
	at sun.net.www.http.HttpClient.New(HttpClient.java:308)
	at sun.net.www.http.HttpClient.New(HttpClient.java:326)
	at sun.net.www.protocol.http.HttpURLConnection.getNewHttpClient(HttpURLConnection.java:996)
	at sun.net.www.protocol.http.HttpURLConnection.plainConnect(HttpURLConnection.java:932)
	at sun.net.www.protocol.http.HttpURLConnection.connect(HttpURLConnection.java:850)
	at org.springframework.http.client.SimpleBufferingClientHttpRequest.executeInternal(SimpleBufferingClientHttpRequest.java:78)
	at org.springframework.http.client.AbstractBufferingClientHttpRequest.executeInternal(AbstractBufferingClientHttpRequest.java:46)
	at org.springframework.http.client.AbstractClientHttpRequest.execute(AbstractClientHttpRequest.java:52)
	at org.springframework.web.client.RestTemplate.doExecute(RestTemplate.java:527)
	... 17 more
]]>
    </failure>
  </testcase> <!-- thatOrdersCanBeAddedAndQueried -->
  <testcase name="thatOrdersCanBeAddedAndQueried" time="0.128" classname="com.sprhib.TestService"/>
  <testcase name="thatOrdersCanBeAddedAndQueried" time="0.288" classname="com.sprhib.TestService"/>
  <testcase name="thatOrdersCanBeAddedAndQueried" time="0.332" classname="com.sprhib.TestService"/>
  <testcase name="thatOrdersCanBeAddedAndQueried" time="0.176" classname="com.sprhib.TestService"/>
  <testcase name="thatOrdersCanBeAddedAndQueried" time="0.130" classname="com.sprhib.TestService"/>
  <testcase name="thatOrdersCanBeAddedAndQueried" time="0.135" classname="com.sprhib.TestService"/>
  <testcase name="thatOrdersCanBeAddedAndQueried" time="0.180" classname="com.sprhib.TestService"/>
  <testcase name="thatOrdersCanBeAddedAndQueried" time="0.156" classname="com.sprhib.TestService"/>
  <testcase name="thatOrdersCanBeAddedAndQueried" time="0.021" classname="com.sprhib.TestService">
    <failure type="org.springframework.web.client.ResourceAccessException" message="I/O error on GET request for &quot;http://localhost:8080/spr-mvc-hib/convertation/-110/EUR/USD&quot;:No buffer space available (maximum connections reached?): connect; nested exception is java.net.SocketException: No buffer space available (maximum connections reached?): connect">
      <![CDATA[org.springframework.web.client.ResourceAccessException: I/O error on GET request for "http://localhost:8080/spr-mvc-hib/convertation/-110/EUR/USD":No buffer space available (maximum connections reached?): connect; nested exception is java.net.SocketException: No buffer space available (maximum connections reached?): connect
	at org.springframework.web.client.RestTemplate.doExecute(RestTemplate.java:543)
	at org.springframework.web.client.RestTemplate.execute(RestTemplate.java:489)
	at org.springframework.web.client.RestTemplate.getForEntity(RestTemplate.java:250)
	at com.sprhib.TestService.thatOrdersCanBeAddedAndQueried(TestService.java:26)
	at sun.reflect.GeneratedMethodAccessor3.invoke(Unknown Source)
	at sun.reflect.DelegatingMethodAccessorImpl.invoke(DelegatingMethodAccessorImpl.java:43)
	at java.lang.reflect.Method.invoke(Method.java:606)
	at org.testng.internal.MethodInvocationHelper.invokeMethod(MethodInvocationHelper.java:84)
	at org.testng.internal.Invoker.invokeMethod(Invoker.java:714)
	at org.testng.internal.Invoker.invokeTestMethod(Invoker.java:901)
	at org.testng.internal.Invoker.invokeTestMethods(Invoker.java:1231)
	at org.testng.internal.TestMethodWorker.invokeTestMethods(TestMethodWorker.java:127)
	at org.testng.internal.TestMethodWorker.run(TestMethodWorker.java:111)
	at org.testng.internal.thread.ThreadUtil$2.call(ThreadUtil.java:64)
	at java.util.concurrent.FutureTask.run(FutureTask.java:262)
	at java.util.concurrent.ThreadPoolExecutor.runWorker(ThreadPoolExecutor.java:1145)
	at java.util.concurrent.ThreadPoolExecutor$Worker.run(ThreadPoolExecutor.java:615)
	at java.lang.Thread.run(Thread.java:745)
Caused by: java.net.SocketException: No buffer space available (maximum connections reached?): connect
	at java.net.DualStackPlainSocketImpl.connect0(Native Method)
	at java.net.DualStackPlainSocketImpl.socketConnect(DualStackPlainSocketImpl.java:79)
	at java.net.AbstractPlainSocketImpl.doConnect(AbstractPlainSocketImpl.java:339)
	at java.net.AbstractPlainSocketImpl.connectToAddress(AbstractPlainSocketImpl.java:200)
	at java.net.AbstractPlainSocketImpl.connect(AbstractPlainSocketImpl.java:182)
	at java.net.PlainSocketImpl.connect(PlainSocketImpl.java:172)
	at java.net.SocksSocketImpl.connect(SocksSocketImpl.java:392)
	at java.net.Socket.connect(Socket.java:579)
	at java.net.Socket.connect(Socket.java:528)
	at sun.net.NetworkClient.doConnect(NetworkClient.java:180)
	at sun.net.www.http.HttpClient.openServer(HttpClient.java:432)
	at sun.net.www.http.HttpClient.openServer(HttpClient.java:527)
	at sun.net.www.http.HttpClient.<init>(HttpClient.java:211)
	at sun.net.www.http.HttpClient.New(HttpClient.java:308)
	at sun.net.www.http.HttpClient.New(HttpClient.java:326)
	at sun.net.www.protocol.http.HttpURLConnection.getNewHttpClient(HttpURLConnection.java:996)
	at sun.net.www.protocol.http.HttpURLConnection.plainConnect(HttpURLConnection.java:932)
	at sun.net.www.protocol.http.HttpURLConnection.connect(HttpURLConnection.java:850)
	at org.springframework.http.client.SimpleBufferingClientHttpRequest.executeInternal(SimpleBufferingClientHttpRequest.java:78)
	at org.springframework.http.client.AbstractBufferingClientHttpRequest.executeInternal(AbstractBufferingClientHttpRequest.java:46)
	at org.springframework.http.client.AbstractClientHttpRequest.execute(AbstractClientHttpRequest.java:52)
	at org.springframework.web.client.RestTemplate.doExecute(RestTemplate.java:527)
	... 17 more
]]>
    </failure>
  </testcase> <!-- thatOrdersCanBeAddedAndQueried -->
  <testcase name="thatOrdersCanBeAddedAndQueried" time="0.226" classname="com.sprhib.TestService"/>
  <testcase name="thatOrdersCanBeAddedAndQueried" time="0.053" classname="com.sprhib.TestService">
    <failure type="org.springframework.web.client.ResourceAccessException" message="I/O error on GET request for &quot;http://localhost:8080/spr-mvc-hib/convertation/-110/EUR/USD&quot;:No buffer space available (maximum connections reached?): connect; nested exception is java.net.SocketException: No buffer space available (maximum connections reached?): connect">
      <![CDATA[org.springframework.web.client.ResourceAccessException: I/O error on GET request for "http://localhost:8080/spr-mvc-hib/convertation/-110/EUR/USD":No buffer space available (maximum connections reached?): connect; nested exception is java.net.SocketException: No buffer space available (maximum connections reached?): connect
	at org.springframework.web.client.RestTemplate.doExecute(RestTemplate.java:543)
	at org.springframework.web.client.RestTemplate.execute(RestTemplate.java:489)
	at org.springframework.web.client.RestTemplate.getForEntity(RestTemplate.java:250)
	at com.sprhib.TestService.thatOrdersCanBeAddedAndQueried(TestService.java:26)
	at sun.reflect.GeneratedMethodAccessor3.invoke(Unknown Source)
	at sun.reflect.DelegatingMethodAccessorImpl.invoke(DelegatingMethodAccessorImpl.java:43)
	at java.lang.reflect.Method.invoke(Method.java:606)
	at org.testng.internal.MethodInvocationHelper.invokeMethod(MethodInvocationHelper.java:84)
	at org.testng.internal.Invoker.invokeMethod(Invoker.java:714)
	at org.testng.internal.Invoker.invokeTestMethod(Invoker.java:901)
	at org.testng.internal.Invoker.invokeTestMethods(Invoker.java:1231)
	at org.testng.internal.TestMethodWorker.invokeTestMethods(TestMethodWorker.java:127)
	at org.testng.internal.TestMethodWorker.run(TestMethodWorker.java:111)
	at org.testng.internal.thread.ThreadUtil$2.call(ThreadUtil.java:64)
	at java.util.concurrent.FutureTask.run(FutureTask.java:262)
	at java.util.concurrent.ThreadPoolExecutor.runWorker(ThreadPoolExecutor.java:1145)
	at java.util.concurrent.ThreadPoolExecutor$Worker.run(ThreadPoolExecutor.java:615)
	at java.lang.Thread.run(Thread.java:745)
Caused by: java.net.SocketException: No buffer space available (maximum connections reached?): connect
	at java.net.DualStackPlainSocketImpl.connect0(Native Method)
	at java.net.DualStackPlainSocketImpl.socketConnect(DualStackPlainSocketImpl.java:79)
	at java.net.AbstractPlainSocketImpl.doConnect(AbstractPlainSocketImpl.java:339)
	at java.net.AbstractPlainSocketImpl.connectToAddress(AbstractPlainSocketImpl.java:200)
	at java.net.AbstractPlainSocketImpl.connect(AbstractPlainSocketImpl.java:182)
	at java.net.PlainSocketImpl.connect(PlainSocketImpl.java:172)
	at java.net.SocksSocketImpl.connect(SocksSocketImpl.java:392)
	at java.net.Socket.connect(Socket.java:579)
	at java.net.Socket.connect(Socket.java:528)
	at sun.net.NetworkClient.doConnect(NetworkClient.java:180)
	at sun.net.www.http.HttpClient.openServer(HttpClient.java:432)
	at sun.net.www.http.HttpClient.openServer(HttpClient.java:527)
	at sun.net.www.http.HttpClient.<init>(HttpClient.java:211)
	at sun.net.www.http.HttpClient.New(HttpClient.java:308)
	at sun.net.www.http.HttpClient.New(HttpClient.java:326)
	at sun.net.www.protocol.http.HttpURLConnection.getNewHttpClient(HttpURLConnection.java:996)
	at sun.net.www.protocol.http.HttpURLConnection.plainConnect(HttpURLConnection.java:932)
	at sun.net.www.protocol.http.HttpURLConnection.connect(HttpURLConnection.java:850)
	at org.springframework.http.client.SimpleBufferingClientHttpRequest.executeInternal(SimpleBufferingClientHttpRequest.java:78)
	at org.springframework.http.client.AbstractBufferingClientHttpRequest.executeInternal(AbstractBufferingClientHttpRequest.java:46)
	at org.springframework.http.client.AbstractClientHttpRequest.execute(AbstractClientHttpRequest.java:52)
	at org.springframework.web.client.RestTemplate.doExecute(RestTemplate.java:527)
	... 17 more
]]>
    </failure>
  </testcase> <!-- thatOrdersCanBeAddedAndQueried -->
  <testcase name="thatOrdersCanBeAddedAndQueried" time="0.158" classname="com.sprhib.TestService"/>
  <testcase name="thatOrdersCanBeAddedAndQueried" time="0.248" classname="com.sprhib.TestService"/>
  <testcase name="thatOrdersCanBeAddedAndQueried" time="0.106" classname="com.sprhib.TestService"/>
  <testcase name="thatOrdersCanBeAddedAndQueried" time="0.182" classname="com.sprhib.TestService"/>
  <testcase name="thatOrdersCanBeAddedAndQueried" time="0.022" classname="com.sprhib.TestService">
    <failure type="org.springframework.web.client.ResourceAccessException" message="I/O error on GET request for &quot;http://localhost:8080/spr-mvc-hib/convertation/-110/EUR/USD&quot;:No buffer space available (maximum connections reached?): connect; nested exception is java.net.SocketException: No buffer space available (maximum connections reached?): connect">
      <![CDATA[org.springframework.web.client.ResourceAccessException: I/O error on GET request for "http://localhost:8080/spr-mvc-hib/convertation/-110/EUR/USD":No buffer space available (maximum connections reached?): connect; nested exception is java.net.SocketException: No buffer space available (maximum connections reached?): connect
	at org.springframework.web.client.RestTemplate.doExecute(RestTemplate.java:543)
	at org.springframework.web.client.RestTemplate.execute(RestTemplate.java:489)
	at org.springframework.web.client.RestTemplate.getForEntity(RestTemplate.java:250)
	at com.sprhib.TestService.thatOrdersCanBeAddedAndQueried(TestService.java:26)
	at sun.reflect.GeneratedMethodAccessor3.invoke(Unknown Source)
	at sun.reflect.DelegatingMethodAccessorImpl.invoke(DelegatingMethodAccessorImpl.java:43)
	at java.lang.reflect.Method.invoke(Method.java:606)
	at org.testng.internal.MethodInvocationHelper.invokeMethod(MethodInvocationHelper.java:84)
	at org.testng.internal.Invoker.invokeMethod(Invoker.java:714)
	at org.testng.internal.Invoker.invokeTestMethod(Invoker.java:901)
	at org.testng.internal.Invoker.invokeTestMethods(Invoker.java:1231)
	at org.testng.internal.TestMethodWorker.invokeTestMethods(TestMethodWorker.java:127)
	at org.testng.internal.TestMethodWorker.run(TestMethodWorker.java:111)
	at org.testng.internal.thread.ThreadUtil$2.call(ThreadUtil.java:64)
	at java.util.concurrent.FutureTask.run(FutureTask.java:262)
	at java.util.concurrent.ThreadPoolExecutor.runWorker(ThreadPoolExecutor.java:1145)
	at java.util.concurrent.ThreadPoolExecutor$Worker.run(ThreadPoolExecutor.java:615)
	at java.lang.Thread.run(Thread.java:745)
Caused by: java.net.SocketException: No buffer space available (maximum connections reached?): connect
	at java.net.DualStackPlainSocketImpl.connect0(Native Method)
	at java.net.DualStackPlainSocketImpl.socketConnect(DualStackPlainSocketImpl.java:79)
	at java.net.AbstractPlainSocketImpl.doConnect(AbstractPlainSocketImpl.java:339)
	at java.net.AbstractPlainSocketImpl.connectToAddress(AbstractPlainSocketImpl.java:200)
	at java.net.AbstractPlainSocketImpl.connect(AbstractPlainSocketImpl.java:182)
	at java.net.PlainSocketImpl.connect(PlainSocketImpl.java:172)
	at java.net.SocksSocketImpl.connect(SocksSocketImpl.java:392)
	at java.net.Socket.connect(Socket.java:579)
	at java.net.Socket.connect(Socket.java:528)
	at sun.net.NetworkClient.doConnect(NetworkClient.java:180)
	at sun.net.www.http.HttpClient.openServer(HttpClient.java:432)
	at sun.net.www.http.HttpClient.openServer(HttpClient.java:527)
	at sun.net.www.http.HttpClient.<init>(HttpClient.java:211)
	at sun.net.www.http.HttpClient.New(HttpClient.java:308)
	at sun.net.www.http.HttpClient.New(HttpClient.java:326)
	at sun.net.www.protocol.http.HttpURLConnection.getNewHttpClient(HttpURLConnection.java:996)
	at sun.net.www.protocol.http.HttpURLConnection.plainConnect(HttpURLConnection.java:932)
	at sun.net.www.protocol.http.HttpURLConnection.connect(HttpURLConnection.java:850)
	at org.springframework.http.client.SimpleBufferingClientHttpRequest.executeInternal(SimpleBufferingClientHttpRequest.java:78)
	at org.springframework.http.client.AbstractBufferingClientHttpRequest.executeInternal(AbstractBufferingClientHttpRequest.java:46)
	at org.springframework.http.client.AbstractClientHttpRequest.execute(AbstractClientHttpRequest.java:52)
	at org.springframework.web.client.RestTemplate.doExecute(RestTemplate.java:527)
	... 17 more
]]>
    </failure>
  </testcase> <!-- thatOrdersCanBeAddedAndQueried -->
  <testcase name="thatOrdersCanBeAddedAndQueried" time="0.141" classname="com.sprhib.TestService"/>
  <testcase name="thatOrdersCanBeAddedAndQueried" time="0.213" classname="com.sprhib.TestService"/>
  <testcase name="thatOrdersCanBeAddedAndQueried" time="0.326" classname="com.sprhib.TestService"/>
  <testcase name="thatOrdersCanBeAddedAndQueried" time="0.199" classname="com.sprhib.TestService"/>
  <testcase name="thatOrdersCanBeAddedAndQueried" time="0.175" classname="com.sprhib.TestService"/>
  <testcase name="thatOrdersCanBeAddedAndQueried" time="0.270" classname="com.sprhib.TestService"/>
  <testcase name="thatOrdersCanBeAddedAndQueried" time="0.128" classname="com.sprhib.TestService"/>
  <testcase name="thatOrdersCanBeAddedAndQueried" time="0.162" classname="com.sprhib.TestService"/>
  <testcase name="thatOrdersCanBeAddedAndQueried" time="0.185" classname="com.sprhib.TestService"/>
  <testcase name="thatOrdersCanBeAddedAndQueried" time="0.222" classname="com.sprhib.TestService"/>
  <testcase name="thatOrdersCanBeAddedAndQueried" time="0.248" classname="com.sprhib.TestService"/>
  <testcase name="thatOrdersCanBeAddedAndQueried" time="0.114" classname="com.sprhib.TestService"/>
  <testcase name="thatOrdersCanBeAddedAndQueried" time="0.239" classname="com.sprhib.TestService"/>
  <testcase name="thatOrdersCanBeAddedAndQueried" time="0.235" classname="com.sprhib.TestService"/>
  <testcase name="thatOrdersCanBeAddedAndQueried" time="0.143" classname="com.sprhib.TestService"/>
  <testcase name="thatOrdersCanBeAddedAndQueried" time="0.175" classname="com.sprhib.TestService"/>
  <testcase name="thatOrdersCanBeAddedAndQueried" time="0.179" classname="com.sprhib.TestService"/>
  <testcase name="thatOrdersCanBeAddedAndQueried" time="0.278" classname="com.sprhib.TestService"/>
  <testcase name="thatOrdersCanBeAddedAndQueried" time="0.195" classname="com.sprhib.TestService"/>
  <testcase name="thatOrdersCanBeAddedAndQueried" time="0.186" classname="com.sprhib.TestService"/>
  <testcase name="thatOrdersCanBeAddedAndQueried" time="0.255" classname="com.sprhib.TestService"/>
  <testcase name="thatOrdersCanBeAddedAndQueried" time="0.132" classname="com.sprhib.TestService"/>
  <testcase name="thatOrdersCanBeAddedAndQueried" time="0.160" classname="com.sprhib.TestService"/>
  <testcase name="thatOrdersCanBeAddedAndQueried" time="0.244" classname="com.sprhib.TestService"/>
  <testcase name="thatOrdersCanBeAddedAndQueried" time="0.251" classname="com.sprhib.TestService"/>
  <testcase name="thatOrdersCanBeAddedAndQueried" time="0.194" classname="com.sprhib.TestService"/>
  <testcase name="thatOrdersCanBeAddedAndQueried" time="0.199" classname="com.sprhib.TestService"/>
  <testcase name="thatOrdersCanBeAddedAndQueried" time="0.161" classname="com.sprhib.TestService"/>
  <testcase name="thatOrdersCanBeAddedAndQueried" time="0.317" classname="com.sprhib.TestService"/>
  <testcase name="thatOrdersCanBeAddedAndQueried" time="0.156" classname="com.sprhib.TestService"/>
  <testcase name="thatOrdersCanBeAddedAndQueried" time="0.139" classname="com.sprhib.TestService"/>
  <testcase name="thatOrdersCanBeAddedAndQueried" time="0.042" classname="com.sprhib.TestService">
    <failure type="org.springframework.web.client.ResourceAccessException" message="I/O error on GET request for &quot;http://localhost:8080/spr-mvc-hib/convertation/-110/EUR/USD&quot;:No buffer space available (maximum connections reached?): connect; nested exception is java.net.SocketException: No buffer space available (maximum connections reached?): connect">
      <![CDATA[org.springframework.web.client.ResourceAccessException: I/O error on GET request for "http://localhost:8080/spr-mvc-hib/convertation/-110/EUR/USD":No buffer space available (maximum connections reached?): connect; nested exception is java.net.SocketException: No buffer space available (maximum connections reached?): connect
	at org.springframework.web.client.RestTemplate.doExecute(RestTemplate.java:543)
	at org.springframework.web.client.RestTemplate.execute(RestTemplate.java:489)
	at org.springframework.web.client.RestTemplate.getForEntity(RestTemplate.java:250)
	at com.sprhib.TestService.thatOrdersCanBeAddedAndQueried(TestService.java:26)
	at sun.reflect.GeneratedMethodAccessor3.invoke(Unknown Source)
	at sun.reflect.DelegatingMethodAccessorImpl.invoke(DelegatingMethodAccessorImpl.java:43)
	at java.lang.reflect.Method.invoke(Method.java:606)
	at org.testng.internal.MethodInvocationHelper.invokeMethod(MethodInvocationHelper.java:84)
	at org.testng.internal.Invoker.invokeMethod(Invoker.java:714)
	at org.testng.internal.Invoker.invokeTestMethod(Invoker.java:901)
	at org.testng.internal.Invoker.invokeTestMethods(Invoker.java:1231)
	at org.testng.internal.TestMethodWorker.invokeTestMethods(TestMethodWorker.java:127)
	at org.testng.internal.TestMethodWorker.run(TestMethodWorker.java:111)
	at org.testng.internal.thread.ThreadUtil$2.call(ThreadUtil.java:64)
	at java.util.concurrent.FutureTask.run(FutureTask.java:262)
	at java.util.concurrent.ThreadPoolExecutor.runWorker(ThreadPoolExecutor.java:1145)
	at java.util.concurrent.ThreadPoolExecutor$Worker.run(ThreadPoolExecutor.java:615)
	at java.lang.Thread.run(Thread.java:745)
Caused by: java.net.SocketException: No buffer space available (maximum connections reached?): connect
	at java.net.DualStackPlainSocketImpl.connect0(Native Method)
	at java.net.DualStackPlainSocketImpl.socketConnect(DualStackPlainSocketImpl.java:79)
	at java.net.AbstractPlainSocketImpl.doConnect(AbstractPlainSocketImpl.java:339)
	at java.net.AbstractPlainSocketImpl.connectToAddress(AbstractPlainSocketImpl.java:200)
	at java.net.AbstractPlainSocketImpl.connect(AbstractPlainSocketImpl.java:182)
	at java.net.PlainSocketImpl.connect(PlainSocketImpl.java:172)
	at java.net.SocksSocketImpl.connect(SocksSocketImpl.java:392)
	at java.net.Socket.connect(Socket.java:579)
	at java.net.Socket.connect(Socket.java:528)
	at sun.net.NetworkClient.doConnect(NetworkClient.java:180)
	at sun.net.www.http.HttpClient.openServer(HttpClient.java:432)
	at sun.net.www.http.HttpClient.openServer(HttpClient.java:527)
	at sun.net.www.http.HttpClient.<init>(HttpClient.java:211)
	at sun.net.www.http.HttpClient.New(HttpClient.java:308)
	at sun.net.www.http.HttpClient.New(HttpClient.java:326)
	at sun.net.www.protocol.http.HttpURLConnection.getNewHttpClient(HttpURLConnection.java:996)
	at sun.net.www.protocol.http.HttpURLConnection.plainConnect(HttpURLConnection.java:932)
	at sun.net.www.protocol.http.HttpURLConnection.connect(HttpURLConnection.java:850)
	at org.springframework.http.client.SimpleBufferingClientHttpRequest.executeInternal(SimpleBufferingClientHttpRequest.java:78)
	at org.springframework.http.client.AbstractBufferingClientHttpRequest.executeInternal(AbstractBufferingClientHttpRequest.java:46)
	at org.springframework.http.client.AbstractClientHttpRequest.execute(AbstractClientHttpRequest.java:52)
	at org.springframework.web.client.RestTemplate.doExecute(RestTemplate.java:527)
	... 17 more
]]>
    </failure>
  </testcase> <!-- thatOrdersCanBeAddedAndQueried -->
  <testcase name="thatOrdersCanBeAddedAndQueried" time="0.175" classname="com.sprhib.TestService"/>
  <testcase name="thatOrdersCanBeAddedAndQueried" time="0.250" classname="com.sprhib.TestService"/>
  <testcase name="thatOrdersCanBeAddedAndQueried" time="0.195" classname="com.sprhib.TestService"/>
  <testcase name="thatOrdersCanBeAddedAndQueried" time="0.190" classname="com.sprhib.TestService"/>
  <testcase name="thatOrdersCanBeAddedAndQueried" time="0.142" classname="com.sprhib.TestService"/>
  <testcase name="thatOrdersCanBeAddedAndQueried" time="0.162" classname="com.sprhib.TestService"/>
  <testcase name="thatOrdersCanBeAddedAndQueried" time="0.270" classname="com.sprhib.TestService"/>
  <testcase name="thatOrdersCanBeAddedAndQueried" time="0.117" classname="com.sprhib.TestService"/>
  <testcase name="thatOrdersCanBeAddedAndQueried" time="0.227" classname="com.sprhib.TestService"/>
  <testcase name="thatOrdersCanBeAddedAndQueried" time="0.222" classname="com.sprhib.TestService"/>
  <testcase name="thatOrdersCanBeAddedAndQueried" time="0.181" classname="com.sprhib.TestService"/>
  <testcase name="thatOrdersCanBeAddedAndQueried" time="0.164" classname="com.sprhib.TestService"/>
  <testcase name="thatOrdersCanBeAddedAndQueried" time="0.207" classname="com.sprhib.TestService"/>
  <testcase name="thatOrdersCanBeAddedAndQueried" time="0.271" classname="com.sprhib.TestService"/>
  <testcase name="thatOrdersCanBeAddedAndQueried" time="0.219" classname="com.sprhib.TestService"/>
  <testcase name="thatOrdersCanBeAddedAndQueried" time="0.023" classname="com.sprhib.TestService">
    <failure type="org.springframework.web.client.ResourceAccessException" message="I/O error on GET request for &quot;http://localhost:8080/spr-mvc-hib/convertation/-110/EUR/USD&quot;:No buffer space available (maximum connections reached?): connect; nested exception is java.net.SocketException: No buffer space available (maximum connections reached?): connect">
      <![CDATA[org.springframework.web.client.ResourceAccessException: I/O error on GET request for "http://localhost:8080/spr-mvc-hib/convertation/-110/EUR/USD":No buffer space available (maximum connections reached?): connect; nested exception is java.net.SocketException: No buffer space available (maximum connections reached?): connect
	at org.springframework.web.client.RestTemplate.doExecute(RestTemplate.java:543)
	at org.springframework.web.client.RestTemplate.execute(RestTemplate.java:489)
	at org.springframework.web.client.RestTemplate.getForEntity(RestTemplate.java:250)
	at com.sprhib.TestService.thatOrdersCanBeAddedAndQueried(TestService.java:26)
	at sun.reflect.GeneratedMethodAccessor3.invoke(Unknown Source)
	at sun.reflect.DelegatingMethodAccessorImpl.invoke(DelegatingMethodAccessorImpl.java:43)
	at java.lang.reflect.Method.invoke(Method.java:606)
	at org.testng.internal.MethodInvocationHelper.invokeMethod(MethodInvocationHelper.java:84)
	at org.testng.internal.Invoker.invokeMethod(Invoker.java:714)
	at org.testng.internal.Invoker.invokeTestMethod(Invoker.java:901)
	at org.testng.internal.Invoker.invokeTestMethods(Invoker.java:1231)
	at org.testng.internal.TestMethodWorker.invokeTestMethods(TestMethodWorker.java:127)
	at org.testng.internal.TestMethodWorker.run(TestMethodWorker.java:111)
	at org.testng.internal.thread.ThreadUtil$2.call(ThreadUtil.java:64)
	at java.util.concurrent.FutureTask.run(FutureTask.java:262)
	at java.util.concurrent.ThreadPoolExecutor.runWorker(ThreadPoolExecutor.java:1145)
	at java.util.concurrent.ThreadPoolExecutor$Worker.run(ThreadPoolExecutor.java:615)
	at java.lang.Thread.run(Thread.java:745)
Caused by: java.net.SocketException: No buffer space available (maximum connections reached?): connect
	at java.net.DualStackPlainSocketImpl.connect0(Native Method)
	at java.net.DualStackPlainSocketImpl.socketConnect(DualStackPlainSocketImpl.java:79)
	at java.net.AbstractPlainSocketImpl.doConnect(AbstractPlainSocketImpl.java:339)
	at java.net.AbstractPlainSocketImpl.connectToAddress(AbstractPlainSocketImpl.java:200)
	at java.net.AbstractPlainSocketImpl.connect(AbstractPlainSocketImpl.java:182)
	at java.net.PlainSocketImpl.connect(PlainSocketImpl.java:172)
	at java.net.SocksSocketImpl.connect(SocksSocketImpl.java:392)
	at java.net.Socket.connect(Socket.java:579)
	at java.net.Socket.connect(Socket.java:528)
	at sun.net.NetworkClient.doConnect(NetworkClient.java:180)
	at sun.net.www.http.HttpClient.openServer(HttpClient.java:432)
	at sun.net.www.http.HttpClient.openServer(HttpClient.java:527)
	at sun.net.www.http.HttpClient.<init>(HttpClient.java:211)
	at sun.net.www.http.HttpClient.New(HttpClient.java:308)
	at sun.net.www.http.HttpClient.New(HttpClient.java:326)
	at sun.net.www.protocol.http.HttpURLConnection.getNewHttpClient(HttpURLConnection.java:996)
	at sun.net.www.protocol.http.HttpURLConnection.plainConnect(HttpURLConnection.java:932)
	at sun.net.www.protocol.http.HttpURLConnection.connect(HttpURLConnection.java:850)
	at org.springframework.http.client.SimpleBufferingClientHttpRequest.executeInternal(SimpleBufferingClientHttpRequest.java:78)
	at org.springframework.http.client.AbstractBufferingClientHttpRequest.executeInternal(AbstractBufferingClientHttpRequest.java:46)
	at org.springframework.http.client.AbstractClientHttpRequest.execute(AbstractClientHttpRequest.java:52)
	at org.springframework.web.client.RestTemplate.doExecute(RestTemplate.java:527)
	... 17 more
]]>
    </failure>
  </testcase> <!-- thatOrdersCanBeAddedAndQueried -->
  <testcase name="thatOrdersCanBeAddedAndQueried" time="0.141" classname="com.sprhib.TestService"/>
  <testcase name="thatOrdersCanBeAddedAndQueried" time="0.131" classname="com.sprhib.TestService"/>
  <testcase name="thatOrdersCanBeAddedAndQueried" time="0.236" classname="com.sprhib.TestService"/>
  <testcase name="thatOrdersCanBeAddedAndQueried" time="0.249" classname="com.sprhib.TestService"/>
  <testcase name="thatOrdersCanBeAddedAndQueried" time="0.222" classname="com.sprhib.TestService"/>
  <testcase name="thatOrdersCanBeAddedAndQueried" time="0.132" classname="com.sprhib.TestService"/>
  <testcase name="thatOrdersCanBeAddedAndQueried" time="0.177" classname="com.sprhib.TestService"/>
  <testcase name="thatOrdersCanBeAddedAndQueried" time="0.163" classname="com.sprhib.TestService"/>
  <testcase name="thatOrdersCanBeAddedAndQueried" time="0.212" classname="com.sprhib.TestService"/>
  <testcase name="thatOrdersCanBeAddedAndQueried" time="0.205" classname="com.sprhib.TestService"/>
  <testcase name="thatOrdersCanBeAddedAndQueried" time="0.344" classname="com.sprhib.TestService"/>
  <testcase name="thatOrdersCanBeAddedAndQueried" time="0.302" classname="com.sprhib.TestService"/>
  <testcase name="thatOrdersCanBeAddedAndQueried" time="0.268" classname="com.sprhib.TestService"/>
  <testcase name="thatOrdersCanBeAddedAndQueried" time="0.193" classname="com.sprhib.TestService"/>
  <testcase name="thatOrdersCanBeAddedAndQueried" time="0.210" classname="com.sprhib.TestService"/>
  <testcase name="thatOrdersCanBeAddedAndQueried" time="0.145" classname="com.sprhib.TestService"/>
  <testcase name="thatOrdersCanBeAddedAndQueried" time="0.241" classname="com.sprhib.TestService"/>
  <testcase name="thatOrdersCanBeAddedAndQueried" time="0.137" classname="com.sprhib.TestService"/>
  <testcase name="thatOrdersCanBeAddedAndQueried" time="0.013" classname="com.sprhib.TestService">
    <failure type="org.springframework.web.client.ResourceAccessException" message="I/O error on GET request for &quot;http://localhost:8080/spr-mvc-hib/convertation/-110/EUR/USD&quot;:No buffer space available (maximum connections reached?): connect; nested exception is java.net.SocketException: No buffer space available (maximum connections reached?): connect">
      <![CDATA[org.springframework.web.client.ResourceAccessException: I/O error on GET request for "http://localhost:8080/spr-mvc-hib/convertation/-110/EUR/USD":No buffer space available (maximum connections reached?): connect; nested exception is java.net.SocketException: No buffer space available (maximum connections reached?): connect
	at org.springframework.web.client.RestTemplate.doExecute(RestTemplate.java:543)
	at org.springframework.web.client.RestTemplate.execute(RestTemplate.java:489)
	at org.springframework.web.client.RestTemplate.getForEntity(RestTemplate.java:250)
	at com.sprhib.TestService.thatOrdersCanBeAddedAndQueried(TestService.java:26)
	at sun.reflect.GeneratedMethodAccessor3.invoke(Unknown Source)
	at sun.reflect.DelegatingMethodAccessorImpl.invoke(DelegatingMethodAccessorImpl.java:43)
	at java.lang.reflect.Method.invoke(Method.java:606)
	at org.testng.internal.MethodInvocationHelper.invokeMethod(MethodInvocationHelper.java:84)
	at org.testng.internal.Invoker.invokeMethod(Invoker.java:714)
	at org.testng.internal.Invoker.invokeTestMethod(Invoker.java:901)
	at org.testng.internal.Invoker.invokeTestMethods(Invoker.java:1231)
	at org.testng.internal.TestMethodWorker.invokeTestMethods(TestMethodWorker.java:127)
	at org.testng.internal.TestMethodWorker.run(TestMethodWorker.java:111)
	at org.testng.internal.thread.ThreadUtil$2.call(ThreadUtil.java:64)
	at java.util.concurrent.FutureTask.run(FutureTask.java:262)
	at java.util.concurrent.ThreadPoolExecutor.runWorker(ThreadPoolExecutor.java:1145)
	at java.util.concurrent.ThreadPoolExecutor$Worker.run(ThreadPoolExecutor.java:615)
	at java.lang.Thread.run(Thread.java:745)
Caused by: java.net.SocketException: No buffer space available (maximum connections reached?): connect
	at java.net.DualStackPlainSocketImpl.connect0(Native Method)
	at java.net.DualStackPlainSocketImpl.socketConnect(DualStackPlainSocketImpl.java:79)
	at java.net.AbstractPlainSocketImpl.doConnect(AbstractPlainSocketImpl.java:339)
	at java.net.AbstractPlainSocketImpl.connectToAddress(AbstractPlainSocketImpl.java:200)
	at java.net.AbstractPlainSocketImpl.connect(AbstractPlainSocketImpl.java:182)
	at java.net.PlainSocketImpl.connect(PlainSocketImpl.java:172)
	at java.net.SocksSocketImpl.connect(SocksSocketImpl.java:392)
	at java.net.Socket.connect(Socket.java:579)
	at java.net.Socket.connect(Socket.java:528)
	at sun.net.NetworkClient.doConnect(NetworkClient.java:180)
	at sun.net.www.http.HttpClient.openServer(HttpClient.java:432)
	at sun.net.www.http.HttpClient.openServer(HttpClient.java:527)
	at sun.net.www.http.HttpClient.<init>(HttpClient.java:211)
	at sun.net.www.http.HttpClient.New(HttpClient.java:308)
	at sun.net.www.http.HttpClient.New(HttpClient.java:326)
	at sun.net.www.protocol.http.HttpURLConnection.getNewHttpClient(HttpURLConnection.java:996)
	at sun.net.www.protocol.http.HttpURLConnection.plainConnect(HttpURLConnection.java:932)
	at sun.net.www.protocol.http.HttpURLConnection.connect(HttpURLConnection.java:850)
	at org.springframework.http.client.SimpleBufferingClientHttpRequest.executeInternal(SimpleBufferingClientHttpRequest.java:78)
	at org.springframework.http.client.AbstractBufferingClientHttpRequest.executeInternal(AbstractBufferingClientHttpRequest.java:46)
	at org.springframework.http.client.AbstractClientHttpRequest.execute(AbstractClientHttpRequest.java:52)
	at org.springframework.web.client.RestTemplate.doExecute(RestTemplate.java:527)
	... 17 more
]]>
    </failure>
  </testcase> <!-- thatOrdersCanBeAddedAndQueried -->
  <testcase name="thatOrdersCanBeAddedAndQueried" time="0.097" classname="com.sprhib.TestService"/>
  <testcase name="thatOrdersCanBeAddedAndQueried" time="0.074" classname="com.sprhib.TestService">
    <failure type="org.springframework.web.client.ResourceAccessException" message="I/O error on GET request for &quot;http://localhost:8080/spr-mvc-hib/convertation/-110/EUR/USD&quot;:No buffer space available (maximum connections reached?): connect; nested exception is java.net.SocketException: No buffer space available (maximum connections reached?): connect">
      <![CDATA[org.springframework.web.client.ResourceAccessException: I/O error on GET request for "http://localhost:8080/spr-mvc-hib/convertation/-110/EUR/USD":No buffer space available (maximum connections reached?): connect; nested exception is java.net.SocketException: No buffer space available (maximum connections reached?): connect
	at org.springframework.web.client.RestTemplate.doExecute(RestTemplate.java:543)
	at org.springframework.web.client.RestTemplate.execute(RestTemplate.java:489)
	at org.springframework.web.client.RestTemplate.getForEntity(RestTemplate.java:250)
	at com.sprhib.TestService.thatOrdersCanBeAddedAndQueried(TestService.java:26)
	at sun.reflect.GeneratedMethodAccessor3.invoke(Unknown Source)
	at sun.reflect.DelegatingMethodAccessorImpl.invoke(DelegatingMethodAccessorImpl.java:43)
	at java.lang.reflect.Method.invoke(Method.java:606)
	at org.testng.internal.MethodInvocationHelper.invokeMethod(MethodInvocationHelper.java:84)
	at org.testng.internal.Invoker.invokeMethod(Invoker.java:714)
	at org.testng.internal.Invoker.invokeTestMethod(Invoker.java:901)
	at org.testng.internal.Invoker.invokeTestMethods(Invoker.java:1231)
	at org.testng.internal.TestMethodWorker.invokeTestMethods(TestMethodWorker.java:127)
	at org.testng.internal.TestMethodWorker.run(TestMethodWorker.java:111)
	at org.testng.internal.thread.ThreadUtil$2.call(ThreadUtil.java:64)
	at java.util.concurrent.FutureTask.run(FutureTask.java:262)
	at java.util.concurrent.ThreadPoolExecutor.runWorker(ThreadPoolExecutor.java:1145)
	at java.util.concurrent.ThreadPoolExecutor$Worker.run(ThreadPoolExecutor.java:615)
	at java.lang.Thread.run(Thread.java:745)
Caused by: java.net.SocketException: No buffer space available (maximum connections reached?): connect
	at java.net.DualStackPlainSocketImpl.connect0(Native Method)
	at java.net.DualStackPlainSocketImpl.socketConnect(DualStackPlainSocketImpl.java:79)
	at java.net.AbstractPlainSocketImpl.doConnect(AbstractPlainSocketImpl.java:339)
	at java.net.AbstractPlainSocketImpl.connectToAddress(AbstractPlainSocketImpl.java:200)
	at java.net.AbstractPlainSocketImpl.connect(AbstractPlainSocketImpl.java:182)
	at java.net.PlainSocketImpl.connect(PlainSocketImpl.java:172)
	at java.net.SocksSocketImpl.connect(SocksSocketImpl.java:392)
	at java.net.Socket.connect(Socket.java:579)
	at java.net.Socket.connect(Socket.java:528)
	at sun.net.NetworkClient.doConnect(NetworkClient.java:180)
	at sun.net.www.http.HttpClient.openServer(HttpClient.java:432)
	at sun.net.www.http.HttpClient.openServer(HttpClient.java:527)
	at sun.net.www.http.HttpClient.<init>(HttpClient.java:211)
	at sun.net.www.http.HttpClient.New(HttpClient.java:308)
	at sun.net.www.http.HttpClient.New(HttpClient.java:326)
	at sun.net.www.protocol.http.HttpURLConnection.getNewHttpClient(HttpURLConnection.java:996)
	at sun.net.www.protocol.http.HttpURLConnection.plainConnect(HttpURLConnection.java:932)
	at sun.net.www.protocol.http.HttpURLConnection.connect(HttpURLConnection.java:850)
	at org.springframework.http.client.SimpleBufferingClientHttpRequest.executeInternal(SimpleBufferingClientHttpRequest.java:78)
	at org.springframework.http.client.AbstractBufferingClientHttpRequest.executeInternal(AbstractBufferingClientHttpRequest.java:46)
	at org.springframework.http.client.AbstractClientHttpRequest.execute(AbstractClientHttpRequest.java:52)
	at org.springframework.web.client.RestTemplate.doExecute(RestTemplate.java:527)
	... 17 more
]]>
    </failure>
  </testcase> <!-- thatOrdersCanBeAddedAndQueried -->
  <testcase name="thatOrdersCanBeAddedAndQueried" time="0.136" classname="com.sprhib.TestService"/>
  <testcase name="thatOrdersCanBeAddedAndQueried" time="0.143" classname="com.sprhib.TestService"/>
  <testcase name="thatOrdersCanBeAddedAndQueried" time="0.161" classname="com.sprhib.TestService"/>
  <testcase name="thatOrdersCanBeAddedAndQueried" time="0.085" classname="com.sprhib.TestService">
    <failure type="org.springframework.web.client.ResourceAccessException" message="I/O error on GET request for &quot;http://localhost:8080/spr-mvc-hib/convertation/-110/EUR/USD&quot;:No buffer space available (maximum connections reached?): connect; nested exception is java.net.SocketException: No buffer space available (maximum connections reached?): connect">
      <![CDATA[org.springframework.web.client.ResourceAccessException: I/O error on GET request for "http://localhost:8080/spr-mvc-hib/convertation/-110/EUR/USD":No buffer space available (maximum connections reached?): connect; nested exception is java.net.SocketException: No buffer space available (maximum connections reached?): connect
	at org.springframework.web.client.RestTemplate.doExecute(RestTemplate.java:543)
	at org.springframework.web.client.RestTemplate.execute(RestTemplate.java:489)
	at org.springframework.web.client.RestTemplate.getForEntity(RestTemplate.java:250)
	at com.sprhib.TestService.thatOrdersCanBeAddedAndQueried(TestService.java:26)
	at sun.reflect.GeneratedMethodAccessor3.invoke(Unknown Source)
	at sun.reflect.DelegatingMethodAccessorImpl.invoke(DelegatingMethodAccessorImpl.java:43)
	at java.lang.reflect.Method.invoke(Method.java:606)
	at org.testng.internal.MethodInvocationHelper.invokeMethod(MethodInvocationHelper.java:84)
	at org.testng.internal.Invoker.invokeMethod(Invoker.java:714)
	at org.testng.internal.Invoker.invokeTestMethod(Invoker.java:901)
	at org.testng.internal.Invoker.invokeTestMethods(Invoker.java:1231)
	at org.testng.internal.TestMethodWorker.invokeTestMethods(TestMethodWorker.java:127)
	at org.testng.internal.TestMethodWorker.run(TestMethodWorker.java:111)
	at org.testng.internal.thread.ThreadUtil$2.call(ThreadUtil.java:64)
	at java.util.concurrent.FutureTask.run(FutureTask.java:262)
	at java.util.concurrent.ThreadPoolExecutor.runWorker(ThreadPoolExecutor.java:1145)
	at java.util.concurrent.ThreadPoolExecutor$Worker.run(ThreadPoolExecutor.java:615)
	at java.lang.Thread.run(Thread.java:745)
Caused by: java.net.SocketException: No buffer space available (maximum connections reached?): connect
	at java.net.DualStackPlainSocketImpl.connect0(Native Method)
	at java.net.DualStackPlainSocketImpl.socketConnect(DualStackPlainSocketImpl.java:79)
	at java.net.AbstractPlainSocketImpl.doConnect(AbstractPlainSocketImpl.java:339)
	at java.net.AbstractPlainSocketImpl.connectToAddress(AbstractPlainSocketImpl.java:200)
	at java.net.AbstractPlainSocketImpl.connect(AbstractPlainSocketImpl.java:182)
	at java.net.PlainSocketImpl.connect(PlainSocketImpl.java:172)
	at java.net.SocksSocketImpl.connect(SocksSocketImpl.java:392)
	at java.net.Socket.connect(Socket.java:579)
	at java.net.Socket.connect(Socket.java:528)
	at sun.net.NetworkClient.doConnect(NetworkClient.java:180)
	at sun.net.www.http.HttpClient.openServer(HttpClient.java:432)
	at sun.net.www.http.HttpClient.openServer(HttpClient.java:527)
	at sun.net.www.http.HttpClient.<init>(HttpClient.java:211)
	at sun.net.www.http.HttpClient.New(HttpClient.java:308)
	at sun.net.www.http.HttpClient.New(HttpClient.java:326)
	at sun.net.www.protocol.http.HttpURLConnection.getNewHttpClient(HttpURLConnection.java:996)
	at sun.net.www.protocol.http.HttpURLConnection.plainConnect(HttpURLConnection.java:932)
	at sun.net.www.protocol.http.HttpURLConnection.connect(HttpURLConnection.java:850)
	at org.springframework.http.client.SimpleBufferingClientHttpRequest.executeInternal(SimpleBufferingClientHttpRequest.java:78)
	at org.springframework.http.client.AbstractBufferingClientHttpRequest.executeInternal(AbstractBufferingClientHttpRequest.java:46)
	at org.springframework.http.client.AbstractClientHttpRequest.execute(AbstractClientHttpRequest.java:52)
	at org.springframework.web.client.RestTemplate.doExecute(RestTemplate.java:527)
	... 17 more
]]>
    </failure>
  </testcase> <!-- thatOrdersCanBeAddedAndQueried -->
  <testcase name="thatOrdersCanBeAddedAndQueried" time="0.147" classname="com.sprhib.TestService"/>
  <testcase name="thatOrdersCanBeAddedAndQueried" time="0.205" classname="com.sprhib.TestService"/>
  <testcase name="thatOrdersCanBeAddedAndQueried" time="0.143" classname="com.sprhib.TestService"/>
  <testcase name="thatOrdersCanBeAddedAndQueried" time="0.125" classname="com.sprhib.TestService"/>
  <testcase name="thatOrdersCanBeAddedAndQueried" time="0.264" classname="com.sprhib.TestService"/>
  <testcase name="thatOrdersCanBeAddedAndQueried" time="0.123" classname="com.sprhib.TestService"/>
  <testcase name="thatOrdersCanBeAddedAndQueried" time="0.127" classname="com.sprhib.TestService"/>
  <testcase name="thatOrdersCanBeAddedAndQueried" time="0.047" classname="com.sprhib.TestService">
    <failure type="org.springframework.web.client.ResourceAccessException" message="I/O error on GET request for &quot;http://localhost:8080/spr-mvc-hib/convertation/-110/EUR/USD&quot;:No buffer space available (maximum connections reached?): connect; nested exception is java.net.SocketException: No buffer space available (maximum connections reached?): connect">
      <![CDATA[org.springframework.web.client.ResourceAccessException: I/O error on GET request for "http://localhost:8080/spr-mvc-hib/convertation/-110/EUR/USD":No buffer space available (maximum connections reached?): connect; nested exception is java.net.SocketException: No buffer space available (maximum connections reached?): connect
	at org.springframework.web.client.RestTemplate.doExecute(RestTemplate.java:543)
	at org.springframework.web.client.RestTemplate.execute(RestTemplate.java:489)
	at org.springframework.web.client.RestTemplate.getForEntity(RestTemplate.java:250)
	at com.sprhib.TestService.thatOrdersCanBeAddedAndQueried(TestService.java:26)
	at sun.reflect.GeneratedMethodAccessor3.invoke(Unknown Source)
	at sun.reflect.DelegatingMethodAccessorImpl.invoke(DelegatingMethodAccessorImpl.java:43)
	at java.lang.reflect.Method.invoke(Method.java:606)
	at org.testng.internal.MethodInvocationHelper.invokeMethod(MethodInvocationHelper.java:84)
	at org.testng.internal.Invoker.invokeMethod(Invoker.java:714)
	at org.testng.internal.Invoker.invokeTestMethod(Invoker.java:901)
	at org.testng.internal.Invoker.invokeTestMethods(Invoker.java:1231)
	at org.testng.internal.TestMethodWorker.invokeTestMethods(TestMethodWorker.java:127)
	at org.testng.internal.TestMethodWorker.run(TestMethodWorker.java:111)
	at org.testng.internal.thread.ThreadUtil$2.call(ThreadUtil.java:64)
	at java.util.concurrent.FutureTask.run(FutureTask.java:262)
	at java.util.concurrent.ThreadPoolExecutor.runWorker(ThreadPoolExecutor.java:1145)
	at java.util.concurrent.ThreadPoolExecutor$Worker.run(ThreadPoolExecutor.java:615)
	at java.lang.Thread.run(Thread.java:745)
Caused by: java.net.SocketException: No buffer space available (maximum connections reached?): connect
	at java.net.DualStackPlainSocketImpl.connect0(Native Method)
	at java.net.DualStackPlainSocketImpl.socketConnect(DualStackPlainSocketImpl.java:79)
	at java.net.AbstractPlainSocketImpl.doConnect(AbstractPlainSocketImpl.java:339)
	at java.net.AbstractPlainSocketImpl.connectToAddress(AbstractPlainSocketImpl.java:200)
	at java.net.AbstractPlainSocketImpl.connect(AbstractPlainSocketImpl.java:182)
	at java.net.PlainSocketImpl.connect(PlainSocketImpl.java:172)
	at java.net.SocksSocketImpl.connect(SocksSocketImpl.java:392)
	at java.net.Socket.connect(Socket.java:579)
	at java.net.Socket.connect(Socket.java:528)
	at sun.net.NetworkClient.doConnect(NetworkClient.java:180)
	at sun.net.www.http.HttpClient.openServer(HttpClient.java:432)
	at sun.net.www.http.HttpClient.openServer(HttpClient.java:527)
	at sun.net.www.http.HttpClient.<init>(HttpClient.java:211)
	at sun.net.www.http.HttpClient.New(HttpClient.java:308)
	at sun.net.www.http.HttpClient.New(HttpClient.java:326)
	at sun.net.www.protocol.http.HttpURLConnection.getNewHttpClient(HttpURLConnection.java:996)
	at sun.net.www.protocol.http.HttpURLConnection.plainConnect(HttpURLConnection.java:932)
	at sun.net.www.protocol.http.HttpURLConnection.connect(HttpURLConnection.java:850)
	at org.springframework.http.client.SimpleBufferingClientHttpRequest.executeInternal(SimpleBufferingClientHttpRequest.java:78)
	at org.springframework.http.client.AbstractBufferingClientHttpRequest.executeInternal(AbstractBufferingClientHttpRequest.java:46)
	at org.springframework.http.client.AbstractClientHttpRequest.execute(AbstractClientHttpRequest.java:52)
	at org.springframework.web.client.RestTemplate.doExecute(RestTemplate.java:527)
	... 17 more
]]>
    </failure>
  </testcase> <!-- thatOrdersCanBeAddedAndQueried -->
  <testcase name="thatOrdersCanBeAddedAndQueried" time="0.276" classname="com.sprhib.TestService"/>
  <testcase name="thatOrdersCanBeAddedAndQueried" time="0.203" classname="com.sprhib.TestService"/>
  <testcase name="thatOrdersCanBeAddedAndQueried" time="0.550" classname="com.sprhib.TestService"/>
  <testcase name="thatOrdersCanBeAddedAndQueried" time="0.014" classname="com.sprhib.TestService">
    <failure type="org.springframework.web.client.ResourceAccessException" message="I/O error on GET request for &quot;http://localhost:8080/spr-mvc-hib/convertation/-110/EUR/USD&quot;:No buffer space available (maximum connections reached?): connect; nested exception is java.net.SocketException: No buffer space available (maximum connections reached?): connect">
      <![CDATA[org.springframework.web.client.ResourceAccessException: I/O error on GET request for "http://localhost:8080/spr-mvc-hib/convertation/-110/EUR/USD":No buffer space available (maximum connections reached?): connect; nested exception is java.net.SocketException: No buffer space available (maximum connections reached?): connect
	at org.springframework.web.client.RestTemplate.doExecute(RestTemplate.java:543)
	at org.springframework.web.client.RestTemplate.execute(RestTemplate.java:489)
	at org.springframework.web.client.RestTemplate.getForEntity(RestTemplate.java:250)
	at com.sprhib.TestService.thatOrdersCanBeAddedAndQueried(TestService.java:26)
	at sun.reflect.GeneratedMethodAccessor3.invoke(Unknown Source)
	at sun.reflect.DelegatingMethodAccessorImpl.invoke(DelegatingMethodAccessorImpl.java:43)
	at java.lang.reflect.Method.invoke(Method.java:606)
	at org.testng.internal.MethodInvocationHelper.invokeMethod(MethodInvocationHelper.java:84)
	at org.testng.internal.Invoker.invokeMethod(Invoker.java:714)
	at org.testng.internal.Invoker.invokeTestMethod(Invoker.java:901)
	at org.testng.internal.Invoker.invokeTestMethods(Invoker.java:1231)
	at org.testng.internal.TestMethodWorker.invokeTestMethods(TestMethodWorker.java:127)
	at org.testng.internal.TestMethodWorker.run(TestMethodWorker.java:111)
	at org.testng.internal.thread.ThreadUtil$2.call(ThreadUtil.java:64)
	at java.util.concurrent.FutureTask.run(FutureTask.java:262)
	at java.util.concurrent.ThreadPoolExecutor.runWorker(ThreadPoolExecutor.java:1145)
	at java.util.concurrent.ThreadPoolExecutor$Worker.run(ThreadPoolExecutor.java:615)
	at java.lang.Thread.run(Thread.java:745)
Caused by: java.net.SocketException: No buffer space available (maximum connections reached?): connect
	at java.net.DualStackPlainSocketImpl.connect0(Native Method)
	at java.net.DualStackPlainSocketImpl.socketConnect(DualStackPlainSocketImpl.java:79)
	at java.net.AbstractPlainSocketImpl.doConnect(AbstractPlainSocketImpl.java:339)
	at java.net.AbstractPlainSocketImpl.connectToAddress(AbstractPlainSocketImpl.java:200)
	at java.net.AbstractPlainSocketImpl.connect(AbstractPlainSocketImpl.java:182)
	at java.net.PlainSocketImpl.connect(PlainSocketImpl.java:172)
	at java.net.SocksSocketImpl.connect(SocksSocketImpl.java:392)
	at java.net.Socket.connect(Socket.java:579)
	at java.net.Socket.connect(Socket.java:528)
	at sun.net.NetworkClient.doConnect(NetworkClient.java:180)
	at sun.net.www.http.HttpClient.openServer(HttpClient.java:432)
	at sun.net.www.http.HttpClient.openServer(HttpClient.java:527)
	at sun.net.www.http.HttpClient.<init>(HttpClient.java:211)
	at sun.net.www.http.HttpClient.New(HttpClient.java:308)
	at sun.net.www.http.HttpClient.New(HttpClient.java:326)
	at sun.net.www.protocol.http.HttpURLConnection.getNewHttpClient(HttpURLConnection.java:996)
	at sun.net.www.protocol.http.HttpURLConnection.plainConnect(HttpURLConnection.java:932)
	at sun.net.www.protocol.http.HttpURLConnection.connect(HttpURLConnection.java:850)
	at org.springframework.http.client.SimpleBufferingClientHttpRequest.executeInternal(SimpleBufferingClientHttpRequest.java:78)
	at org.springframework.http.client.AbstractBufferingClientHttpRequest.executeInternal(AbstractBufferingClientHttpRequest.java:46)
	at org.springframework.http.client.AbstractClientHttpRequest.execute(AbstractClientHttpRequest.java:52)
	at org.springframework.web.client.RestTemplate.doExecute(RestTemplate.java:527)
	... 17 more
]]>
    </failure>
  </testcase> <!-- thatOrdersCanBeAddedAndQueried -->
  <testcase name="thatOrdersCanBeAddedAndQueried" time="0.252" classname="com.sprhib.TestService"/>
  <testcase name="thatOrdersCanBeAddedAndQueried" time="0.196" classname="com.sprhib.TestService"/>
  <testcase name="thatOrdersCanBeAddedAndQueried" time="0.174" classname="com.sprhib.TestService"/>
  <testcase name="thatOrdersCanBeAddedAndQueried" time="0.164" classname="com.sprhib.TestService"/>
  <testcase name="thatOrdersCanBeAddedAndQueried" time="0.265" classname="com.sprhib.TestService"/>
  <testcase name="thatOrdersCanBeAddedAndQueried" time="0.154" classname="com.sprhib.TestService"/>
  <testcase name="thatOrdersCanBeAddedAndQueried" time="0.180" classname="com.sprhib.TestService"/>
  <testcase name="thatOrdersCanBeAddedAndQueried" time="0.155" classname="com.sprhib.TestService"/>
  <testcase name="thatOrdersCanBeAddedAndQueried" time="0.174" classname="com.sprhib.TestService"/>
  <testcase name="thatOrdersCanBeAddedAndQueried" time="0.284" classname="com.sprhib.TestService"/>
  <testcase name="thatOrdersCanBeAddedAndQueried" time="0.085" classname="com.sprhib.TestService">
    <failure type="org.springframework.web.client.ResourceAccessException" message="I/O error on GET request for &quot;http://localhost:8080/spr-mvc-hib/convertation/-110/EUR/USD&quot;:No buffer space available (maximum connections reached?): connect; nested exception is java.net.SocketException: No buffer space available (maximum connections reached?): connect">
      <![CDATA[org.springframework.web.client.ResourceAccessException: I/O error on GET request for "http://localhost:8080/spr-mvc-hib/convertation/-110/EUR/USD":No buffer space available (maximum connections reached?): connect; nested exception is java.net.SocketException: No buffer space available (maximum connections reached?): connect
	at org.springframework.web.client.RestTemplate.doExecute(RestTemplate.java:543)
	at org.springframework.web.client.RestTemplate.execute(RestTemplate.java:489)
	at org.springframework.web.client.RestTemplate.getForEntity(RestTemplate.java:250)
	at com.sprhib.TestService.thatOrdersCanBeAddedAndQueried(TestService.java:26)
	at sun.reflect.GeneratedMethodAccessor3.invoke(Unknown Source)
	at sun.reflect.DelegatingMethodAccessorImpl.invoke(DelegatingMethodAccessorImpl.java:43)
	at java.lang.reflect.Method.invoke(Method.java:606)
	at org.testng.internal.MethodInvocationHelper.invokeMethod(MethodInvocationHelper.java:84)
	at org.testng.internal.Invoker.invokeMethod(Invoker.java:714)
	at org.testng.internal.Invoker.invokeTestMethod(Invoker.java:901)
	at org.testng.internal.Invoker.invokeTestMethods(Invoker.java:1231)
	at org.testng.internal.TestMethodWorker.invokeTestMethods(TestMethodWorker.java:127)
	at org.testng.internal.TestMethodWorker.run(TestMethodWorker.java:111)
	at org.testng.internal.thread.ThreadUtil$2.call(ThreadUtil.java:64)
	at java.util.concurrent.FutureTask.run(FutureTask.java:262)
	at java.util.concurrent.ThreadPoolExecutor.runWorker(ThreadPoolExecutor.java:1145)
	at java.util.concurrent.ThreadPoolExecutor$Worker.run(ThreadPoolExecutor.java:615)
	at java.lang.Thread.run(Thread.java:745)
Caused by: java.net.SocketException: No buffer space available (maximum connections reached?): connect
	at java.net.DualStackPlainSocketImpl.connect0(Native Method)
	at java.net.DualStackPlainSocketImpl.socketConnect(DualStackPlainSocketImpl.java:79)
	at java.net.AbstractPlainSocketImpl.doConnect(AbstractPlainSocketImpl.java:339)
	at java.net.AbstractPlainSocketImpl.connectToAddress(AbstractPlainSocketImpl.java:200)
	at java.net.AbstractPlainSocketImpl.connect(AbstractPlainSocketImpl.java:182)
	at java.net.PlainSocketImpl.connect(PlainSocketImpl.java:172)
	at java.net.SocksSocketImpl.connect(SocksSocketImpl.java:392)
	at java.net.Socket.connect(Socket.java:579)
	at java.net.Socket.connect(Socket.java:528)
	at sun.net.NetworkClient.doConnect(NetworkClient.java:180)
	at sun.net.www.http.HttpClient.openServer(HttpClient.java:432)
	at sun.net.www.http.HttpClient.openServer(HttpClient.java:527)
	at sun.net.www.http.HttpClient.<init>(HttpClient.java:211)
	at sun.net.www.http.HttpClient.New(HttpClient.java:308)
	at sun.net.www.http.HttpClient.New(HttpClient.java:326)
	at sun.net.www.protocol.http.HttpURLConnection.getNewHttpClient(HttpURLConnection.java:996)
	at sun.net.www.protocol.http.HttpURLConnection.plainConnect(HttpURLConnection.java:932)
	at sun.net.www.protocol.http.HttpURLConnection.connect(HttpURLConnection.java:850)
	at org.springframework.http.client.SimpleBufferingClientHttpRequest.executeInternal(SimpleBufferingClientHttpRequest.java:78)
	at org.springframework.http.client.AbstractBufferingClientHttpRequest.executeInternal(AbstractBufferingClientHttpRequest.java:46)
	at org.springframework.http.client.AbstractClientHttpRequest.execute(AbstractClientHttpRequest.java:52)
	at org.springframework.web.client.RestTemplate.doExecute(RestTemplate.java:527)
	... 17 more
]]>
    </failure>
  </testcase> <!-- thatOrdersCanBeAddedAndQueried -->
  <testcase name="thatOrdersCanBeAddedAndQueried" time="0.187" classname="com.sprhib.TestService"/>
  <testcase name="thatOrdersCanBeAddedAndQueried" time="0.133" classname="com.sprhib.TestService"/>
  <testcase name="thatOrdersCanBeAddedAndQueried" time="0.192" classname="com.sprhib.TestService"/>
  <testcase name="thatOrdersCanBeAddedAndQueried" time="0.159" classname="com.sprhib.TestService"/>
  <testcase name="thatOrdersCanBeAddedAndQueried" time="0.177" classname="com.sprhib.TestService"/>
  <testcase name="thatOrdersCanBeAddedAndQueried" time="0.142" classname="com.sprhib.TestService"/>
  <testcase name="thatOrdersCanBeAddedAndQueried" time="0.184" classname="com.sprhib.TestService"/>
  <testcase name="thatOrdersCanBeAddedAndQueried" time="0.153" classname="com.sprhib.TestService"/>
  <testcase name="thatOrdersCanBeAddedAndQueried" time="0.151" classname="com.sprhib.TestService"/>
  <testcase name="thatOrdersCanBeAddedAndQueried" time="0.234" classname="com.sprhib.TestService"/>
  <testcase name="thatOrdersCanBeAddedAndQueried" time="0.123" classname="com.sprhib.TestService"/>
  <testcase name="thatOrdersCanBeAddedAndQueried" time="0.172" classname="com.sprhib.TestService"/>
  <testcase name="thatOrdersCanBeAddedAndQueried" time="0.127" classname="com.sprhib.TestService"/>
  <testcase name="thatOrdersCanBeAddedAndQueried" time="0.280" classname="com.sprhib.TestService"/>
  <testcase name="thatOrdersCanBeAddedAndQueried" time="0.131" classname="com.sprhib.TestService"/>
  <testcase name="thatOrdersCanBeAddedAndQueried" time="0.230" classname="com.sprhib.TestService"/>
  <testcase name="thatOrdersCanBeAddedAndQueried" time="0.360" classname="com.sprhib.TestService"/>
  <testcase name="thatOrdersCanBeAddedAndQueried" time="0.186" classname="com.sprhib.TestService"/>
  <testcase name="thatOrdersCanBeAddedAndQueried" time="0.131" classname="com.sprhib.TestService"/>
  <testcase name="thatOrdersCanBeAddedAndQueried" time="0.523" classname="com.sprhib.TestService"/>
  <testcase name="thatOrdersCanBeAddedAndQueried" time="0.250" classname="com.sprhib.TestService"/>
  <testcase name="thatOrdersCanBeAddedAndQueried" time="0.287" classname="com.sprhib.TestService"/>
  <testcase name="thatOrdersCanBeAddedAndQueried" time="0.160" classname="com.sprhib.TestService"/>
  <testcase name="thatOrdersCanBeAddedAndQueried" time="0.113" classname="com.sprhib.TestService"/>
  <testcase name="thatOrdersCanBeAddedAndQueried" time="0.217" classname="com.sprhib.TestService"/>
  <testcase name="thatOrdersCanBeAddedAndQueried" time="0.103" classname="com.sprhib.TestService"/>
  <testcase name="thatOrdersCanBeAddedAndQueried" time="0.144" classname="com.sprhib.TestService"/>
  <testcase name="thatOrdersCanBeAddedAndQueried" time="0.181" classname="com.sprhib.TestService"/>
  <testcase name="thatOrdersCanBeAddedAndQueried" time="0.242" classname="com.sprhib.TestService"/>
  <testcase name="thatOrdersCanBeAddedAndQueried" time="0.262" classname="com.sprhib.TestService"/>
  <testcase name="thatOrdersCanBeAddedAndQueried" time="0.243" classname="com.sprhib.TestService"/>
  <testcase name="thatOrdersCanBeAddedAndQueried" time="0.178" classname="com.sprhib.TestService"/>
  <testcase name="thatOrdersCanBeAddedAndQueried" time="0.147" classname="com.sprhib.TestService"/>
  <testcase name="thatOrdersCanBeAddedAndQueried" time="0.297" classname="com.sprhib.TestService"/>
  <testcase name="thatOrdersCanBeAddedAndQueried" time="0.213" classname="com.sprhib.TestService"/>
  <testcase name="thatOrdersCanBeAddedAndQueried" time="0.175" classname="com.sprhib.TestService"/>
  <testcase name="thatOrdersCanBeAddedAndQueried" time="0.140" classname="com.sprhib.TestService"/>
  <testcase name="thatOrdersCanBeAddedAndQueried" time="0.113" classname="com.sprhib.TestService"/>
  <testcase name="thatOrdersCanBeAddedAndQueried" time="0.287" classname="com.sprhib.TestService"/>
  <testcase name="thatOrdersCanBeAddedAndQueried" time="0.240" classname="com.sprhib.TestService"/>
  <testcase name="thatOrdersCanBeAddedAndQueried" time="0.156" classname="com.sprhib.TestService"/>
  <testcase name="thatOrdersCanBeAddedAndQueried" time="0.161" classname="com.sprhib.TestService"/>
  <testcase name="thatOrdersCanBeAddedAndQueried" time="0.214" classname="com.sprhib.TestService"/>
  <testcase name="thatOrdersCanBeAddedAndQueried" time="0.133" classname="com.sprhib.TestService"/>
  <testcase name="thatOrdersCanBeAddedAndQueried" time="0.146" classname="com.sprhib.TestService"/>
  <testcase name="thatOrdersCanBeAddedAndQueried" time="0.212" classname="com.sprhib.TestService"/>
  <testcase name="thatOrdersCanBeAddedAndQueried" time="0.150" classname="com.sprhib.TestService"/>
  <testcase name="thatOrdersCanBeAddedAndQueried" time="0.184" classname="com.sprhib.TestService"/>
  <testcase name="thatOrdersCanBeAddedAndQueried" time="0.141" classname="com.sprhib.TestService"/>
  <testcase name="thatOrdersCanBeAddedAndQueried" time="0.117" classname="com.sprhib.TestService"/>
  <testcase name="thatOrdersCanBeAddedAndQueried" time="0.215" classname="com.sprhib.TestService"/>
  <testcase name="thatOrdersCanBeAddedAndQueried" time="0.288" classname="com.sprhib.TestService">
    <failure type="org.springframework.web.client.HttpServerErrorException" message="500 Internal Server Error">
      <![CDATA[org.springframework.web.client.HttpServerErrorException: 500 Internal Server Error
	at org.springframework.web.client.DefaultResponseErrorHandler.handleError(DefaultResponseErrorHandler.java:94)
	at org.springframework.web.client.RestTemplate.handleResponseError(RestTemplate.java:576)
	at org.springframework.web.client.RestTemplate.doExecute(RestTemplate.java:532)
	at org.springframework.web.client.RestTemplate.execute(RestTemplate.java:489)
	at org.springframework.web.client.RestTemplate.getForEntity(RestTemplate.java:250)
	at com.sprhib.TestService.thatOrdersCanBeAddedAndQueried(TestService.java:44)
	at sun.reflect.GeneratedMethodAccessor3.invoke(Unknown Source)
	at sun.reflect.DelegatingMethodAccessorImpl.invoke(DelegatingMethodAccessorImpl.java:43)
	at java.lang.reflect.Method.invoke(Method.java:606)
	at org.testng.internal.MethodInvocationHelper.invokeMethod(MethodInvocationHelper.java:84)
	at org.testng.internal.Invoker.invokeMethod(Invoker.java:714)
	at org.testng.internal.Invoker.invokeTestMethod(Invoker.java:901)
	at org.testng.internal.Invoker.invokeTestMethods(Invoker.java:1231)
	at org.testng.internal.TestMethodWorker.invokeTestMethods(TestMethodWorker.java:127)
	at org.testng.internal.TestMethodWorker.run(TestMethodWorker.java:111)
	at org.testng.internal.thread.ThreadUtil$2.call(ThreadUtil.java:64)
	at java.util.concurrent.FutureTask.run(FutureTask.java:262)
	at java.util.concurrent.ThreadPoolExecutor.runWorker(ThreadPoolExecutor.java:1145)
	at java.util.concurrent.ThreadPoolExecutor$Worker.run(ThreadPoolExecutor.java:615)
	at java.lang.Thread.run(Thread.java:745)
]]>
    </failure>
  </testcase> <!-- thatOrdersCanBeAddedAndQueried -->
  <testcase name="thatOrdersCanBeAddedAndQueried" time="0.240" classname="com.sprhib.TestService"/>
  <testcase name="thatOrdersCanBeAddedAndQueried" time="0.221" classname="com.sprhib.TestService"/>
  <testcase name="thatOrdersCanBeAddedAndQueried" time="0.135" classname="com.sprhib.TestService"/>
  <testcase name="thatOrdersCanBeAddedAndQueried" time="0.212" classname="com.sprhib.TestService"/>
  <testcase name="thatOrdersCanBeAddedAndQueried" time="0.103" classname="com.sprhib.TestService"/>
  <testcase name="thatOrdersCanBeAddedAndQueried" time="0.026" classname="com.sprhib.TestService">
    <failure type="org.springframework.web.client.ResourceAccessException" message="I/O error on GET request for &quot;http://localhost:8080/spr-mvc-hib/convertation/-110/EUR/USD&quot;:No buffer space available (maximum connections reached?): connect; nested exception is java.net.SocketException: No buffer space available (maximum connections reached?): connect">
      <![CDATA[org.springframework.web.client.ResourceAccessException: I/O error on GET request for "http://localhost:8080/spr-mvc-hib/convertation/-110/EUR/USD":No buffer space available (maximum connections reached?): connect; nested exception is java.net.SocketException: No buffer space available (maximum connections reached?): connect
	at org.springframework.web.client.RestTemplate.doExecute(RestTemplate.java:543)
	at org.springframework.web.client.RestTemplate.execute(RestTemplate.java:489)
	at org.springframework.web.client.RestTemplate.getForEntity(RestTemplate.java:250)
	at com.sprhib.TestService.thatOrdersCanBeAddedAndQueried(TestService.java:26)
	at sun.reflect.GeneratedMethodAccessor3.invoke(Unknown Source)
	at sun.reflect.DelegatingMethodAccessorImpl.invoke(DelegatingMethodAccessorImpl.java:43)
	at java.lang.reflect.Method.invoke(Method.java:606)
	at org.testng.internal.MethodInvocationHelper.invokeMethod(MethodInvocationHelper.java:84)
	at org.testng.internal.Invoker.invokeMethod(Invoker.java:714)
	at org.testng.internal.Invoker.invokeTestMethod(Invoker.java:901)
	at org.testng.internal.Invoker.invokeTestMethods(Invoker.java:1231)
	at org.testng.internal.TestMethodWorker.invokeTestMethods(TestMethodWorker.java:127)
	at org.testng.internal.TestMethodWorker.run(TestMethodWorker.java:111)
	at org.testng.internal.thread.ThreadUtil$2.call(ThreadUtil.java:64)
	at java.util.concurrent.FutureTask.run(FutureTask.java:262)
	at java.util.concurrent.ThreadPoolExecutor.runWorker(ThreadPoolExecutor.java:1145)
	at java.util.concurrent.ThreadPoolExecutor$Worker.run(ThreadPoolExecutor.java:615)
	at java.lang.Thread.run(Thread.java:745)
Caused by: java.net.SocketException: No buffer space available (maximum connections reached?): connect
	at java.net.DualStackPlainSocketImpl.connect0(Native Method)
	at java.net.DualStackPlainSocketImpl.socketConnect(DualStackPlainSocketImpl.java:79)
	at java.net.AbstractPlainSocketImpl.doConnect(AbstractPlainSocketImpl.java:339)
	at java.net.AbstractPlainSocketImpl.connectToAddress(AbstractPlainSocketImpl.java:200)
	at java.net.AbstractPlainSocketImpl.connect(AbstractPlainSocketImpl.java:182)
	at java.net.PlainSocketImpl.connect(PlainSocketImpl.java:172)
	at java.net.SocksSocketImpl.connect(SocksSocketImpl.java:392)
	at java.net.Socket.connect(Socket.java:579)
	at java.net.Socket.connect(Socket.java:528)
	at sun.net.NetworkClient.doConnect(NetworkClient.java:180)
	at sun.net.www.http.HttpClient.openServer(HttpClient.java:432)
	at sun.net.www.http.HttpClient.openServer(HttpClient.java:527)
	at sun.net.www.http.HttpClient.<init>(HttpClient.java:211)
	at sun.net.www.http.HttpClient.New(HttpClient.java:308)
	at sun.net.www.http.HttpClient.New(HttpClient.java:326)
	at sun.net.www.protocol.http.HttpURLConnection.getNewHttpClient(HttpURLConnection.java:996)
	at sun.net.www.protocol.http.HttpURLConnection.plainConnect(HttpURLConnection.java:932)
	at sun.net.www.protocol.http.HttpURLConnection.connect(HttpURLConnection.java:850)
	at org.springframework.http.client.SimpleBufferingClientHttpRequest.executeInternal(SimpleBufferingClientHttpRequest.java:78)
	at org.springframework.http.client.AbstractBufferingClientHttpRequest.executeInternal(AbstractBufferingClientHttpRequest.java:46)
	at org.springframework.http.client.AbstractClientHttpRequest.execute(AbstractClientHttpRequest.java:52)
	at org.springframework.web.client.RestTemplate.doExecute(RestTemplate.java:527)
	... 17 more
]]>
    </failure>
  </testcase> <!-- thatOrdersCanBeAddedAndQueried -->
  <testcase name="thatOrdersCanBeAddedAndQueried" time="0.159" classname="com.sprhib.TestService"/>
  <testcase name="thatOrdersCanBeAddedAndQueried" time="0.195" classname="com.sprhib.TestService"/>
  <testcase name="thatOrdersCanBeAddedAndQueried" time="0.107" classname="com.sprhib.TestService"/>
  <testcase name="thatOrdersCanBeAddedAndQueried" time="0.155" classname="com.sprhib.TestService"/>
  <testcase name="thatOrdersCanBeAddedAndQueried" time="0.200" classname="com.sprhib.TestService"/>
  <testcase name="thatOrdersCanBeAddedAndQueried" time="0.266" classname="com.sprhib.TestService"/>
  <testcase name="thatOrdersCanBeAddedAndQueried" time="0.262" classname="com.sprhib.TestService"/>
  <testcase name="thatOrdersCanBeAddedAndQueried" time="0.294" classname="com.sprhib.TestService"/>
  <testcase name="thatOrdersCanBeAddedAndQueried" time="0.184" classname="com.sprhib.TestService"/>
  <testcase name="thatOrdersCanBeAddedAndQueried" time="0.265" classname="com.sprhib.TestService"/>
  <testcase name="thatOrdersCanBeAddedAndQueried" time="0.167" classname="com.sprhib.TestService"/>
  <testcase name="thatOrdersCanBeAddedAndQueried" time="0.105" classname="com.sprhib.TestService"/>
  <testcase name="thatOrdersCanBeAddedAndQueried" time="0.187" classname="com.sprhib.TestService"/>
  <testcase name="thatOrdersCanBeAddedAndQueried" time="0.215" classname="com.sprhib.TestService"/>
  <testcase name="thatOrdersCanBeAddedAndQueried" time="0.136" classname="com.sprhib.TestService"/>
  <testcase name="thatOrdersCanBeAddedAndQueried" time="0.230" classname="com.sprhib.TestService"/>
  <testcase name="thatOrdersCanBeAddedAndQueried" time="0.131" classname="com.sprhib.TestService"/>
  <testcase name="thatOrdersCanBeAddedAndQueried" time="0.220" classname="com.sprhib.TestService"/>
  <testcase name="thatOrdersCanBeAddedAndQueried" time="0.179" classname="com.sprhib.TestService"/>
  <testcase name="thatOrdersCanBeAddedAndQueried" time="0.210" classname="com.sprhib.TestService"/>
  <testcase name="thatOrdersCanBeAddedAndQueried" time="0.349" classname="com.sprhib.TestService"/>
  <testcase name="thatOrdersCanBeAddedAndQueried" time="0.161" classname="com.sprhib.TestService"/>
  <testcase name="thatOrdersCanBeAddedAndQueried" time="0.140" classname="com.sprhib.TestService"/>
  <testcase name="thatOrdersCanBeAddedAndQueried" time="0.208" classname="com.sprhib.TestService"/>
  <testcase name="thatOrdersCanBeAddedAndQueried" time="0.208" classname="com.sprhib.TestService"/>
  <testcase name="thatOrdersCanBeAddedAndQueried" time="0.203" classname="com.sprhib.TestService"/>
  <testcase name="thatOrdersCanBeAddedAndQueried" time="0.171" classname="com.sprhib.TestService"/>
  <testcase name="thatOrdersCanBeAddedAndQueried" time="0.172" classname="com.sprhib.TestService"/>
  <testcase name="thatOrdersCanBeAddedAndQueried" time="0.079" classname="com.sprhib.TestService">
    <failure type="org.springframework.web.client.ResourceAccessException" message="I/O error on GET request for &quot;http://localhost:8080/spr-mvc-hib/convertation/-110/EUR/USD&quot;:No buffer space available (maximum connections reached?): connect; nested exception is java.net.SocketException: No buffer space available (maximum connections reached?): connect">
      <![CDATA[org.springframework.web.client.ResourceAccessException: I/O error on GET request for "http://localhost:8080/spr-mvc-hib/convertation/-110/EUR/USD":No buffer space available (maximum connections reached?): connect; nested exception is java.net.SocketException: No buffer space available (maximum connections reached?): connect
	at org.springframework.web.client.RestTemplate.doExecute(RestTemplate.java:543)
	at org.springframework.web.client.RestTemplate.execute(RestTemplate.java:489)
	at org.springframework.web.client.RestTemplate.getForEntity(RestTemplate.java:250)
	at com.sprhib.TestService.thatOrdersCanBeAddedAndQueried(TestService.java:26)
	at sun.reflect.GeneratedMethodAccessor3.invoke(Unknown Source)
	at sun.reflect.DelegatingMethodAccessorImpl.invoke(DelegatingMethodAccessorImpl.java:43)
	at java.lang.reflect.Method.invoke(Method.java:606)
	at org.testng.internal.MethodInvocationHelper.invokeMethod(MethodInvocationHelper.java:84)
	at org.testng.internal.Invoker.invokeMethod(Invoker.java:714)
	at org.testng.internal.Invoker.invokeTestMethod(Invoker.java:901)
	at org.testng.internal.Invoker.invokeTestMethods(Invoker.java:1231)
	at org.testng.internal.TestMethodWorker.invokeTestMethods(TestMethodWorker.java:127)
	at org.testng.internal.TestMethodWorker.run(TestMethodWorker.java:111)
	at org.testng.internal.thread.ThreadUtil$2.call(ThreadUtil.java:64)
	at java.util.concurrent.FutureTask.run(FutureTask.java:262)
	at java.util.concurrent.ThreadPoolExecutor.runWorker(ThreadPoolExecutor.java:1145)
	at java.util.concurrent.ThreadPoolExecutor$Worker.run(ThreadPoolExecutor.java:615)
	at java.lang.Thread.run(Thread.java:745)
Caused by: java.net.SocketException: No buffer space available (maximum connections reached?): connect
	at java.net.DualStackPlainSocketImpl.connect0(Native Method)
	at java.net.DualStackPlainSocketImpl.socketConnect(DualStackPlainSocketImpl.java:79)
	at java.net.AbstractPlainSocketImpl.doConnect(AbstractPlainSocketImpl.java:339)
	at java.net.AbstractPlainSocketImpl.connectToAddress(AbstractPlainSocketImpl.java:200)
	at java.net.AbstractPlainSocketImpl.connect(AbstractPlainSocketImpl.java:182)
	at java.net.PlainSocketImpl.connect(PlainSocketImpl.java:172)
	at java.net.SocksSocketImpl.connect(SocksSocketImpl.java:392)
	at java.net.Socket.connect(Socket.java:579)
	at java.net.Socket.connect(Socket.java:528)
	at sun.net.NetworkClient.doConnect(NetworkClient.java:180)
	at sun.net.www.http.HttpClient.openServer(HttpClient.java:432)
	at sun.net.www.http.HttpClient.openServer(HttpClient.java:527)
	at sun.net.www.http.HttpClient.<init>(HttpClient.java:211)
	at sun.net.www.http.HttpClient.New(HttpClient.java:308)
	at sun.net.www.http.HttpClient.New(HttpClient.java:326)
	at sun.net.www.protocol.http.HttpURLConnection.getNewHttpClient(HttpURLConnection.java:996)
	at sun.net.www.protocol.http.HttpURLConnection.plainConnect(HttpURLConnection.java:932)
	at sun.net.www.protocol.http.HttpURLConnection.connect(HttpURLConnection.java:850)
	at org.springframework.http.client.SimpleBufferingClientHttpRequest.executeInternal(SimpleBufferingClientHttpRequest.java:78)
	at org.springframework.http.client.AbstractBufferingClientHttpRequest.executeInternal(AbstractBufferingClientHttpRequest.java:46)
	at org.springframework.http.client.AbstractClientHttpRequest.execute(AbstractClientHttpRequest.java:52)
	at org.springframework.web.client.RestTemplate.doExecute(RestTemplate.java:527)
	... 17 more
]]>
    </failure>
  </testcase> <!-- thatOrdersCanBeAddedAndQueried -->
  <testcase name="thatOrdersCanBeAddedAndQueried" time="0.157" classname="com.sprhib.TestService"/>
  <testcase name="thatOrdersCanBeAddedAndQueried" time="0.013" classname="com.sprhib.TestService">
    <failure type="org.springframework.web.client.ResourceAccessException" message="I/O error on GET request for &quot;http://localhost:8080/spr-mvc-hib/convertation/-110/EUR/USD&quot;:No buffer space available (maximum connections reached?): connect; nested exception is java.net.SocketException: No buffer space available (maximum connections reached?): connect">
      <![CDATA[org.springframework.web.client.ResourceAccessException: I/O error on GET request for "http://localhost:8080/spr-mvc-hib/convertation/-110/EUR/USD":No buffer space available (maximum connections reached?): connect; nested exception is java.net.SocketException: No buffer space available (maximum connections reached?): connect
	at org.springframework.web.client.RestTemplate.doExecute(RestTemplate.java:543)
	at org.springframework.web.client.RestTemplate.execute(RestTemplate.java:489)
	at org.springframework.web.client.RestTemplate.getForEntity(RestTemplate.java:250)
	at com.sprhib.TestService.thatOrdersCanBeAddedAndQueried(TestService.java:26)
	at sun.reflect.GeneratedMethodAccessor3.invoke(Unknown Source)
	at sun.reflect.DelegatingMethodAccessorImpl.invoke(DelegatingMethodAccessorImpl.java:43)
	at java.lang.reflect.Method.invoke(Method.java:606)
	at org.testng.internal.MethodInvocationHelper.invokeMethod(MethodInvocationHelper.java:84)
	at org.testng.internal.Invoker.invokeMethod(Invoker.java:714)
	at org.testng.internal.Invoker.invokeTestMethod(Invoker.java:901)
	at org.testng.internal.Invoker.invokeTestMethods(Invoker.java:1231)
	at org.testng.internal.TestMethodWorker.invokeTestMethods(TestMethodWorker.java:127)
	at org.testng.internal.TestMethodWorker.run(TestMethodWorker.java:111)
	at org.testng.internal.thread.ThreadUtil$2.call(ThreadUtil.java:64)
	at java.util.concurrent.FutureTask.run(FutureTask.java:262)
	at java.util.concurrent.ThreadPoolExecutor.runWorker(ThreadPoolExecutor.java:1145)
	at java.util.concurrent.ThreadPoolExecutor$Worker.run(ThreadPoolExecutor.java:615)
	at java.lang.Thread.run(Thread.java:745)
Caused by: java.net.SocketException: No buffer space available (maximum connections reached?): connect
	at java.net.DualStackPlainSocketImpl.connect0(Native Method)
	at java.net.DualStackPlainSocketImpl.socketConnect(DualStackPlainSocketImpl.java:79)
	at java.net.AbstractPlainSocketImpl.doConnect(AbstractPlainSocketImpl.java:339)
	at java.net.AbstractPlainSocketImpl.connectToAddress(AbstractPlainSocketImpl.java:200)
	at java.net.AbstractPlainSocketImpl.connect(AbstractPlainSocketImpl.java:182)
	at java.net.PlainSocketImpl.connect(PlainSocketImpl.java:172)
	at java.net.SocksSocketImpl.connect(SocksSocketImpl.java:392)
	at java.net.Socket.connect(Socket.java:579)
	at java.net.Socket.connect(Socket.java:528)
	at sun.net.NetworkClient.doConnect(NetworkClient.java:180)
	at sun.net.www.http.HttpClient.openServer(HttpClient.java:432)
	at sun.net.www.http.HttpClient.openServer(HttpClient.java:527)
	at sun.net.www.http.HttpClient.<init>(HttpClient.java:211)
	at sun.net.www.http.HttpClient.New(HttpClient.java:308)
	at sun.net.www.http.HttpClient.New(HttpClient.java:326)
	at sun.net.www.protocol.http.HttpURLConnection.getNewHttpClient(HttpURLConnection.java:996)
	at sun.net.www.protocol.http.HttpURLConnection.plainConnect(HttpURLConnection.java:932)
	at sun.net.www.protocol.http.HttpURLConnection.connect(HttpURLConnection.java:850)
	at org.springframework.http.client.SimpleBufferingClientHttpRequest.executeInternal(SimpleBufferingClientHttpRequest.java:78)
	at org.springframework.http.client.AbstractBufferingClientHttpRequest.executeInternal(AbstractBufferingClientHttpRequest.java:46)
	at org.springframework.http.client.AbstractClientHttpRequest.execute(AbstractClientHttpRequest.java:52)
	at org.springframework.web.client.RestTemplate.doExecute(RestTemplate.java:527)
	... 17 more
]]>
    </failure>
  </testcase> <!-- thatOrdersCanBeAddedAndQueried -->
  <testcase name="thatOrdersCanBeAddedAndQueried" time="0.200" classname="com.sprhib.TestService"/>
  <testcase name="thatOrdersCanBeAddedAndQueried" time="0.170" classname="com.sprhib.TestService"/>
  <testcase name="thatOrdersCanBeAddedAndQueried" time="0.150" classname="com.sprhib.TestService"/>
  <testcase name="thatOrdersCanBeAddedAndQueried" time="0.237" classname="com.sprhib.TestService"/>
  <testcase name="thatOrdersCanBeAddedAndQueried" time="0.243" classname="com.sprhib.TestService"/>
  <testcase name="thatOrdersCanBeAddedAndQueried" time="0.154" classname="com.sprhib.TestService"/>
  <testcase name="thatOrdersCanBeAddedAndQueried" time="0.139" classname="com.sprhib.TestService"/>
  <testcase name="thatOrdersCanBeAddedAndQueried" time="0.126" classname="com.sprhib.TestService"/>
  <testcase name="thatOrdersCanBeAddedAndQueried" time="0.213" classname="com.sprhib.TestService"/>
  <testcase name="thatOrdersCanBeAddedAndQueried" time="0.233" classname="com.sprhib.TestService"/>
  <testcase name="thatOrdersCanBeAddedAndQueried" time="0.156" classname="com.sprhib.TestService"/>
  <testcase name="thatOrdersCanBeAddedAndQueried" time="0.140" classname="com.sprhib.TestService"/>
  <testcase name="thatOrdersCanBeAddedAndQueried" time="0.202" classname="com.sprhib.TestService"/>
  <testcase name="thatOrdersCanBeAddedAndQueried" time="0.117" classname="com.sprhib.TestService"/>
  <testcase name="thatOrdersCanBeAddedAndQueried" time="0.206" classname="com.sprhib.TestService"/>
  <testcase name="thatOrdersCanBeAddedAndQueried" time="0.173" classname="com.sprhib.TestService"/>
  <testcase name="thatOrdersCanBeAddedAndQueried" time="0.296" classname="com.sprhib.TestService"/>
  <testcase name="thatOrdersCanBeAddedAndQueried" time="0.245" classname="com.sprhib.TestService"/>
  <testcase name="thatOrdersCanBeAddedAndQueried" time="0.164" classname="com.sprhib.TestService"/>
  <testcase name="thatOrdersCanBeAddedAndQueried" time="0.140" classname="com.sprhib.TestService"/>
  <testcase name="thatOrdersCanBeAddedAndQueried" time="0.258" classname="com.sprhib.TestService"/>
  <testcase name="thatOrdersCanBeAddedAndQueried" time="0.217" classname="com.sprhib.TestService"/>
  <testcase name="thatOrdersCanBeAddedAndQueried" time="0.284" classname="com.sprhib.TestService"/>
  <testcase name="thatOrdersCanBeAddedAndQueried" time="0.211" classname="com.sprhib.TestService"/>
  <testcase name="thatOrdersCanBeAddedAndQueried" time="0.126" classname="com.sprhib.TestService"/>
  <testcase name="thatOrdersCanBeAddedAndQueried" time="0.111" classname="com.sprhib.TestService"/>
  <testcase name="thatOrdersCanBeAddedAndQueried" time="0.174" classname="com.sprhib.TestService"/>
  <testcase name="thatOrdersCanBeAddedAndQueried" time="0.314" classname="com.sprhib.TestService"/>
  <testcase name="thatOrdersCanBeAddedAndQueried" time="0.110" classname="com.sprhib.TestService"/>
  <testcase name="thatOrdersCanBeAddedAndQueried" time="0.189" classname="com.sprhib.TestService"/>
  <testcase name="thatOrdersCanBeAddedAndQueried" time="0.219" classname="com.sprhib.TestService"/>
  <testcase name="thatOrdersCanBeAddedAndQueried" time="0.147" classname="com.sprhib.TestService"/>
  <testcase name="thatOrdersCanBeAddedAndQueried" time="0.155" classname="com.sprhib.TestService"/>
  <testcase name="thatOrdersCanBeAddedAndQueried" time="0.129" classname="com.sprhib.TestService"/>
  <testcase name="thatOrdersCanBeAddedAndQueried" time="0.066" classname="com.sprhib.TestService">
    <failure type="org.springframework.web.client.ResourceAccessException" message="I/O error on GET request for &quot;http://localhost:8080/spr-mvc-hib/convertation/-110/EUR/USD&quot;:No buffer space available (maximum connections reached?): connect; nested exception is java.net.SocketException: No buffer space available (maximum connections reached?): connect">
      <![CDATA[org.springframework.web.client.ResourceAccessException: I/O error on GET request for "http://localhost:8080/spr-mvc-hib/convertation/-110/EUR/USD":No buffer space available (maximum connections reached?): connect; nested exception is java.net.SocketException: No buffer space available (maximum connections reached?): connect
	at org.springframework.web.client.RestTemplate.doExecute(RestTemplate.java:543)
	at org.springframework.web.client.RestTemplate.execute(RestTemplate.java:489)
	at org.springframework.web.client.RestTemplate.getForEntity(RestTemplate.java:250)
	at com.sprhib.TestService.thatOrdersCanBeAddedAndQueried(TestService.java:26)
	at sun.reflect.GeneratedMethodAccessor3.invoke(Unknown Source)
	at sun.reflect.DelegatingMethodAccessorImpl.invoke(DelegatingMethodAccessorImpl.java:43)
	at java.lang.reflect.Method.invoke(Method.java:606)
	at org.testng.internal.MethodInvocationHelper.invokeMethod(MethodInvocationHelper.java:84)
	at org.testng.internal.Invoker.invokeMethod(Invoker.java:714)
	at org.testng.internal.Invoker.invokeTestMethod(Invoker.java:901)
	at org.testng.internal.Invoker.invokeTestMethods(Invoker.java:1231)
	at org.testng.internal.TestMethodWorker.invokeTestMethods(TestMethodWorker.java:127)
	at org.testng.internal.TestMethodWorker.run(TestMethodWorker.java:111)
	at org.testng.internal.thread.ThreadUtil$2.call(ThreadUtil.java:64)
	at java.util.concurrent.FutureTask.run(FutureTask.java:262)
	at java.util.concurrent.ThreadPoolExecutor.runWorker(ThreadPoolExecutor.java:1145)
	at java.util.concurrent.ThreadPoolExecutor$Worker.run(ThreadPoolExecutor.java:615)
	at java.lang.Thread.run(Thread.java:745)
Caused by: java.net.SocketException: No buffer space available (maximum connections reached?): connect
	at java.net.DualStackPlainSocketImpl.connect0(Native Method)
	at java.net.DualStackPlainSocketImpl.socketConnect(DualStackPlainSocketImpl.java:79)
	at java.net.AbstractPlainSocketImpl.doConnect(AbstractPlainSocketImpl.java:339)
	at java.net.AbstractPlainSocketImpl.connectToAddress(AbstractPlainSocketImpl.java:200)
	at java.net.AbstractPlainSocketImpl.connect(AbstractPlainSocketImpl.java:182)
	at java.net.PlainSocketImpl.connect(PlainSocketImpl.java:172)
	at java.net.SocksSocketImpl.connect(SocksSocketImpl.java:392)
	at java.net.Socket.connect(Socket.java:579)
	at java.net.Socket.connect(Socket.java:528)
	at sun.net.NetworkClient.doConnect(NetworkClient.java:180)
	at sun.net.www.http.HttpClient.openServer(HttpClient.java:432)
	at sun.net.www.http.HttpClient.openServer(HttpClient.java:527)
	at sun.net.www.http.HttpClient.<init>(HttpClient.java:211)
	at sun.net.www.http.HttpClient.New(HttpClient.java:308)
	at sun.net.www.http.HttpClient.New(HttpClient.java:326)
	at sun.net.www.protocol.http.HttpURLConnection.getNewHttpClient(HttpURLConnection.java:996)
	at sun.net.www.protocol.http.HttpURLConnection.plainConnect(HttpURLConnection.java:932)
	at sun.net.www.protocol.http.HttpURLConnection.connect(HttpURLConnection.java:850)
	at org.springframework.http.client.SimpleBufferingClientHttpRequest.executeInternal(SimpleBufferingClientHttpRequest.java:78)
	at org.springframework.http.client.AbstractBufferingClientHttpRequest.executeInternal(AbstractBufferingClientHttpRequest.java:46)
	at org.springframework.http.client.AbstractClientHttpRequest.execute(AbstractClientHttpRequest.java:52)
	at org.springframework.web.client.RestTemplate.doExecute(RestTemplate.java:527)
	... 17 more
]]>
    </failure>
  </testcase> <!-- thatOrdersCanBeAddedAndQueried -->
  <testcase name="thatOrdersCanBeAddedAndQueried" time="0.311" classname="com.sprhib.TestService">
    <failure type="org.springframework.web.client.HttpServerErrorException" message="500 Internal Server Error">
      <![CDATA[org.springframework.web.client.HttpServerErrorException: 500 Internal Server Error
	at org.springframework.web.client.DefaultResponseErrorHandler.handleError(DefaultResponseErrorHandler.java:94)
	at org.springframework.web.client.RestTemplate.handleResponseError(RestTemplate.java:576)
	at org.springframework.web.client.RestTemplate.doExecute(RestTemplate.java:532)
	at org.springframework.web.client.RestTemplate.execute(RestTemplate.java:489)
	at org.springframework.web.client.RestTemplate.getForEntity(RestTemplate.java:250)
	at com.sprhib.TestService.thatOrdersCanBeAddedAndQueried(TestService.java:44)
	at sun.reflect.GeneratedMethodAccessor3.invoke(Unknown Source)
	at sun.reflect.DelegatingMethodAccessorImpl.invoke(DelegatingMethodAccessorImpl.java:43)
	at java.lang.reflect.Method.invoke(Method.java:606)
	at org.testng.internal.MethodInvocationHelper.invokeMethod(MethodInvocationHelper.java:84)
	at org.testng.internal.Invoker.invokeMethod(Invoker.java:714)
	at org.testng.internal.Invoker.invokeTestMethod(Invoker.java:901)
	at org.testng.internal.Invoker.invokeTestMethods(Invoker.java:1231)
	at org.testng.internal.TestMethodWorker.invokeTestMethods(TestMethodWorker.java:127)
	at org.testng.internal.TestMethodWorker.run(TestMethodWorker.java:111)
	at org.testng.internal.thread.ThreadUtil$2.call(ThreadUtil.java:64)
	at java.util.concurrent.FutureTask.run(FutureTask.java:262)
	at java.util.concurrent.ThreadPoolExecutor.runWorker(ThreadPoolExecutor.java:1145)
	at java.util.concurrent.ThreadPoolExecutor$Worker.run(ThreadPoolExecutor.java:615)
	at java.lang.Thread.run(Thread.java:745)
]]>
    </failure>
  </testcase> <!-- thatOrdersCanBeAddedAndQueried -->
  <testcase name="thatOrdersCanBeAddedAndQueried" time="0.032" classname="com.sprhib.TestService">
    <failure type="org.springframework.web.client.ResourceAccessException" message="I/O error on GET request for &quot;http://localhost:8080/spr-mvc-hib/convertation/-110/EUR/USD&quot;:No buffer space available (maximum connections reached?): connect; nested exception is java.net.SocketException: No buffer space available (maximum connections reached?): connect">
      <![CDATA[org.springframework.web.client.ResourceAccessException: I/O error on GET request for "http://localhost:8080/spr-mvc-hib/convertation/-110/EUR/USD":No buffer space available (maximum connections reached?): connect; nested exception is java.net.SocketException: No buffer space available (maximum connections reached?): connect
	at org.springframework.web.client.RestTemplate.doExecute(RestTemplate.java:543)
	at org.springframework.web.client.RestTemplate.execute(RestTemplate.java:489)
	at org.springframework.web.client.RestTemplate.getForEntity(RestTemplate.java:250)
	at com.sprhib.TestService.thatOrdersCanBeAddedAndQueried(TestService.java:26)
	at sun.reflect.GeneratedMethodAccessor3.invoke(Unknown Source)
	at sun.reflect.DelegatingMethodAccessorImpl.invoke(DelegatingMethodAccessorImpl.java:43)
	at java.lang.reflect.Method.invoke(Method.java:606)
	at org.testng.internal.MethodInvocationHelper.invokeMethod(MethodInvocationHelper.java:84)
	at org.testng.internal.Invoker.invokeMethod(Invoker.java:714)
	at org.testng.internal.Invoker.invokeTestMethod(Invoker.java:901)
	at org.testng.internal.Invoker.invokeTestMethods(Invoker.java:1231)
	at org.testng.internal.TestMethodWorker.invokeTestMethods(TestMethodWorker.java:127)
	at org.testng.internal.TestMethodWorker.run(TestMethodWorker.java:111)
	at org.testng.internal.thread.ThreadUtil$2.call(ThreadUtil.java:64)
	at java.util.concurrent.FutureTask.run(FutureTask.java:262)
	at java.util.concurrent.ThreadPoolExecutor.runWorker(ThreadPoolExecutor.java:1145)
	at java.util.concurrent.ThreadPoolExecutor$Worker.run(ThreadPoolExecutor.java:615)
	at java.lang.Thread.run(Thread.java:745)
Caused by: java.net.SocketException: No buffer space available (maximum connections reached?): connect
	at java.net.DualStackPlainSocketImpl.connect0(Native Method)
	at java.net.DualStackPlainSocketImpl.socketConnect(DualStackPlainSocketImpl.java:79)
	at java.net.AbstractPlainSocketImpl.doConnect(AbstractPlainSocketImpl.java:339)
	at java.net.AbstractPlainSocketImpl.connectToAddress(AbstractPlainSocketImpl.java:200)
	at java.net.AbstractPlainSocketImpl.connect(AbstractPlainSocketImpl.java:182)
	at java.net.PlainSocketImpl.connect(PlainSocketImpl.java:172)
	at java.net.SocksSocketImpl.connect(SocksSocketImpl.java:392)
	at java.net.Socket.connect(Socket.java:579)
	at java.net.Socket.connect(Socket.java:528)
	at sun.net.NetworkClient.doConnect(NetworkClient.java:180)
	at sun.net.www.http.HttpClient.openServer(HttpClient.java:432)
	at sun.net.www.http.HttpClient.openServer(HttpClient.java:527)
	at sun.net.www.http.HttpClient.<init>(HttpClient.java:211)
	at sun.net.www.http.HttpClient.New(HttpClient.java:308)
	at sun.net.www.http.HttpClient.New(HttpClient.java:326)
	at sun.net.www.protocol.http.HttpURLConnection.getNewHttpClient(HttpURLConnection.java:996)
	at sun.net.www.protocol.http.HttpURLConnection.plainConnect(HttpURLConnection.java:932)
	at sun.net.www.protocol.http.HttpURLConnection.connect(HttpURLConnection.java:850)
	at org.springframework.http.client.SimpleBufferingClientHttpRequest.executeInternal(SimpleBufferingClientHttpRequest.java:78)
	at org.springframework.http.client.AbstractBufferingClientHttpRequest.executeInternal(AbstractBufferingClientHttpRequest.java:46)
	at org.springframework.http.client.AbstractClientHttpRequest.execute(AbstractClientHttpRequest.java:52)
	at org.springframework.web.client.RestTemplate.doExecute(RestTemplate.java:527)
	... 17 more
]]>
    </failure>
  </testcase> <!-- thatOrdersCanBeAddedAndQueried -->
  <testcase name="thatOrdersCanBeAddedAndQueried" time="0.024" classname="com.sprhib.TestService">
    <failure type="org.springframework.web.client.ResourceAccessException" message="I/O error on GET request for &quot;http://localhost:8080/spr-mvc-hib/convertation/-110/EUR/USD&quot;:No buffer space available (maximum connections reached?): connect; nested exception is java.net.SocketException: No buffer space available (maximum connections reached?): connect">
      <![CDATA[org.springframework.web.client.ResourceAccessException: I/O error on GET request for "http://localhost:8080/spr-mvc-hib/convertation/-110/EUR/USD":No buffer space available (maximum connections reached?): connect; nested exception is java.net.SocketException: No buffer space available (maximum connections reached?): connect
	at org.springframework.web.client.RestTemplate.doExecute(RestTemplate.java:543)
	at org.springframework.web.client.RestTemplate.execute(RestTemplate.java:489)
	at org.springframework.web.client.RestTemplate.getForEntity(RestTemplate.java:250)
	at com.sprhib.TestService.thatOrdersCanBeAddedAndQueried(TestService.java:26)
	at sun.reflect.GeneratedMethodAccessor3.invoke(Unknown Source)
	at sun.reflect.DelegatingMethodAccessorImpl.invoke(DelegatingMethodAccessorImpl.java:43)
	at java.lang.reflect.Method.invoke(Method.java:606)
	at org.testng.internal.MethodInvocationHelper.invokeMethod(MethodInvocationHelper.java:84)
	at org.testng.internal.Invoker.invokeMethod(Invoker.java:714)
	at org.testng.internal.Invoker.invokeTestMethod(Invoker.java:901)
	at org.testng.internal.Invoker.invokeTestMethods(Invoker.java:1231)
	at org.testng.internal.TestMethodWorker.invokeTestMethods(TestMethodWorker.java:127)
	at org.testng.internal.TestMethodWorker.run(TestMethodWorker.java:111)
	at org.testng.internal.thread.ThreadUtil$2.call(ThreadUtil.java:64)
	at java.util.concurrent.FutureTask.run(FutureTask.java:262)
	at java.util.concurrent.ThreadPoolExecutor.runWorker(ThreadPoolExecutor.java:1145)
	at java.util.concurrent.ThreadPoolExecutor$Worker.run(ThreadPoolExecutor.java:615)
	at java.lang.Thread.run(Thread.java:745)
Caused by: java.net.SocketException: No buffer space available (maximum connections reached?): connect
	at java.net.DualStackPlainSocketImpl.connect0(Native Method)
	at java.net.DualStackPlainSocketImpl.socketConnect(DualStackPlainSocketImpl.java:79)
	at java.net.AbstractPlainSocketImpl.doConnect(AbstractPlainSocketImpl.java:339)
	at java.net.AbstractPlainSocketImpl.connectToAddress(AbstractPlainSocketImpl.java:200)
	at java.net.AbstractPlainSocketImpl.connect(AbstractPlainSocketImpl.java:182)
	at java.net.PlainSocketImpl.connect(PlainSocketImpl.java:172)
	at java.net.SocksSocketImpl.connect(SocksSocketImpl.java:392)
	at java.net.Socket.connect(Socket.java:579)
	at java.net.Socket.connect(Socket.java:528)
	at sun.net.NetworkClient.doConnect(NetworkClient.java:180)
	at sun.net.www.http.HttpClient.openServer(HttpClient.java:432)
	at sun.net.www.http.HttpClient.openServer(HttpClient.java:527)
	at sun.net.www.http.HttpClient.<init>(HttpClient.java:211)
	at sun.net.www.http.HttpClient.New(HttpClient.java:308)
	at sun.net.www.http.HttpClient.New(HttpClient.java:326)
	at sun.net.www.protocol.http.HttpURLConnection.getNewHttpClient(HttpURLConnection.java:996)
	at sun.net.www.protocol.http.HttpURLConnection.plainConnect(HttpURLConnection.java:932)
	at sun.net.www.protocol.http.HttpURLConnection.connect(HttpURLConnection.java:850)
	at org.springframework.http.client.SimpleBufferingClientHttpRequest.executeInternal(SimpleBufferingClientHttpRequest.java:78)
	at org.springframework.http.client.AbstractBufferingClientHttpRequest.executeInternal(AbstractBufferingClientHttpRequest.java:46)
	at org.springframework.http.client.AbstractClientHttpRequest.execute(AbstractClientHttpRequest.java:52)
	at org.springframework.web.client.RestTemplate.doExecute(RestTemplate.java:527)
	... 17 more
]]>
    </failure>
  </testcase> <!-- thatOrdersCanBeAddedAndQueried -->
  <testcase name="thatOrdersCanBeAddedAndQueried" time="0.135" classname="com.sprhib.TestService"/>
  <testcase name="thatOrdersCanBeAddedAndQueried" time="0.190" classname="com.sprhib.TestService"/>
  <testcase name="thatOrdersCanBeAddedAndQueried" time="0.197" classname="com.sprhib.TestService"/>
  <testcase name="thatOrdersCanBeAddedAndQueried" time="0.124" classname="com.sprhib.TestService"/>
  <testcase name="thatOrdersCanBeAddedAndQueried" time="0.164" classname="com.sprhib.TestService"/>
  <testcase name="thatOrdersCanBeAddedAndQueried" time="0.313" classname="com.sprhib.TestService"/>
  <testcase name="thatOrdersCanBeAddedAndQueried" time="0.135" classname="com.sprhib.TestService"/>
  <testcase name="thatOrdersCanBeAddedAndQueried" time="0.181" classname="com.sprhib.TestService"/>
  <testcase name="thatOrdersCanBeAddedAndQueried" time="0.155" classname="com.sprhib.TestService"/>
  <testcase name="thatOrdersCanBeAddedAndQueried" time="0.258" classname="com.sprhib.TestService"/>
  <testcase name="thatOrdersCanBeAddedAndQueried" time="0.186" classname="com.sprhib.TestService"/>
  <testcase name="thatOrdersCanBeAddedAndQueried" time="0.195" classname="com.sprhib.TestService"/>
  <testcase name="thatOrdersCanBeAddedAndQueried" time="0.238" classname="com.sprhib.TestService"/>
  <testcase name="thatOrdersCanBeAddedAndQueried" time="0.192" classname="com.sprhib.TestService"/>
  <testcase name="thatOrdersCanBeAddedAndQueried" time="0.078" classname="com.sprhib.TestService">
    <failure type="org.springframework.web.client.ResourceAccessException" message="I/O error on GET request for &quot;http://localhost:8080/spr-mvc-hib/convertation/-110/EUR/USD&quot;:No buffer space available (maximum connections reached?): connect; nested exception is java.net.SocketException: No buffer space available (maximum connections reached?): connect">
      <![CDATA[org.springframework.web.client.ResourceAccessException: I/O error on GET request for "http://localhost:8080/spr-mvc-hib/convertation/-110/EUR/USD":No buffer space available (maximum connections reached?): connect; nested exception is java.net.SocketException: No buffer space available (maximum connections reached?): connect
	at org.springframework.web.client.RestTemplate.doExecute(RestTemplate.java:543)
	at org.springframework.web.client.RestTemplate.execute(RestTemplate.java:489)
	at org.springframework.web.client.RestTemplate.getForEntity(RestTemplate.java:250)
	at com.sprhib.TestService.thatOrdersCanBeAddedAndQueried(TestService.java:26)
	at sun.reflect.GeneratedMethodAccessor3.invoke(Unknown Source)
	at sun.reflect.DelegatingMethodAccessorImpl.invoke(DelegatingMethodAccessorImpl.java:43)
	at java.lang.reflect.Method.invoke(Method.java:606)
	at org.testng.internal.MethodInvocationHelper.invokeMethod(MethodInvocationHelper.java:84)
	at org.testng.internal.Invoker.invokeMethod(Invoker.java:714)
	at org.testng.internal.Invoker.invokeTestMethod(Invoker.java:901)
	at org.testng.internal.Invoker.invokeTestMethods(Invoker.java:1231)
	at org.testng.internal.TestMethodWorker.invokeTestMethods(TestMethodWorker.java:127)
	at org.testng.internal.TestMethodWorker.run(TestMethodWorker.java:111)
	at org.testng.internal.thread.ThreadUtil$2.call(ThreadUtil.java:64)
	at java.util.concurrent.FutureTask.run(FutureTask.java:262)
	at java.util.concurrent.ThreadPoolExecutor.runWorker(ThreadPoolExecutor.java:1145)
	at java.util.concurrent.ThreadPoolExecutor$Worker.run(ThreadPoolExecutor.java:615)
	at java.lang.Thread.run(Thread.java:745)
Caused by: java.net.SocketException: No buffer space available (maximum connections reached?): connect
	at java.net.DualStackPlainSocketImpl.connect0(Native Method)
	at java.net.DualStackPlainSocketImpl.socketConnect(DualStackPlainSocketImpl.java:79)
	at java.net.AbstractPlainSocketImpl.doConnect(AbstractPlainSocketImpl.java:339)
	at java.net.AbstractPlainSocketImpl.connectToAddress(AbstractPlainSocketImpl.java:200)
	at java.net.AbstractPlainSocketImpl.connect(AbstractPlainSocketImpl.java:182)
	at java.net.PlainSocketImpl.connect(PlainSocketImpl.java:172)
	at java.net.SocksSocketImpl.connect(SocksSocketImpl.java:392)
	at java.net.Socket.connect(Socket.java:579)
	at java.net.Socket.connect(Socket.java:528)
	at sun.net.NetworkClient.doConnect(NetworkClient.java:180)
	at sun.net.www.http.HttpClient.openServer(HttpClient.java:432)
	at sun.net.www.http.HttpClient.openServer(HttpClient.java:527)
	at sun.net.www.http.HttpClient.<init>(HttpClient.java:211)
	at sun.net.www.http.HttpClient.New(HttpClient.java:308)
	at sun.net.www.http.HttpClient.New(HttpClient.java:326)
	at sun.net.www.protocol.http.HttpURLConnection.getNewHttpClient(HttpURLConnection.java:996)
	at sun.net.www.protocol.http.HttpURLConnection.plainConnect(HttpURLConnection.java:932)
	at sun.net.www.protocol.http.HttpURLConnection.connect(HttpURLConnection.java:850)
	at org.springframework.http.client.SimpleBufferingClientHttpRequest.executeInternal(SimpleBufferingClientHttpRequest.java:78)
	at org.springframework.http.client.AbstractBufferingClientHttpRequest.executeInternal(AbstractBufferingClientHttpRequest.java:46)
	at org.springframework.http.client.AbstractClientHttpRequest.execute(AbstractClientHttpRequest.java:52)
	at org.springframework.web.client.RestTemplate.doExecute(RestTemplate.java:527)
	... 17 more
]]>
    </failure>
  </testcase> <!-- thatOrdersCanBeAddedAndQueried -->
  <testcase name="thatOrdersCanBeAddedAndQueried" time="0.139" classname="com.sprhib.TestService"/>
  <testcase name="thatOrdersCanBeAddedAndQueried" time="0.243" classname="com.sprhib.TestService"/>
  <testcase name="thatOrdersCanBeAddedAndQueried" time="0.192" classname="com.sprhib.TestService"/>
  <testcase name="thatOrdersCanBeAddedAndQueried" time="0.173" classname="com.sprhib.TestService"/>
  <testcase name="thatOrdersCanBeAddedAndQueried" time="0.252" classname="com.sprhib.TestService"/>
  <testcase name="thatOrdersCanBeAddedAndQueried" time="0.169" classname="com.sprhib.TestService"/>
  <testcase name="thatOrdersCanBeAddedAndQueried" time="0.113" classname="com.sprhib.TestService"/>
  <testcase name="thatOrdersCanBeAddedAndQueried" time="0.159" classname="com.sprhib.TestService"/>
  <testcase name="thatOrdersCanBeAddedAndQueried" time="0.256" classname="com.sprhib.TestService"/>
  <testcase name="thatOrdersCanBeAddedAndQueried" time="0.266" classname="com.sprhib.TestService"/>
  <testcase name="thatOrdersCanBeAddedAndQueried" time="0.141" classname="com.sprhib.TestService"/>
  <testcase name="thatOrdersCanBeAddedAndQueried" time="0.174" classname="com.sprhib.TestService"/>
  <testcase name="thatOrdersCanBeAddedAndQueried" time="0.041" classname="com.sprhib.TestService">
    <failure type="org.springframework.web.client.ResourceAccessException" message="I/O error on GET request for &quot;http://localhost:8080/spr-mvc-hib/convertation/-110/EUR/USD&quot;:No buffer space available (maximum connections reached?): connect; nested exception is java.net.SocketException: No buffer space available (maximum connections reached?): connect">
      <![CDATA[org.springframework.web.client.ResourceAccessException: I/O error on GET request for "http://localhost:8080/spr-mvc-hib/convertation/-110/EUR/USD":No buffer space available (maximum connections reached?): connect; nested exception is java.net.SocketException: No buffer space available (maximum connections reached?): connect
	at org.springframework.web.client.RestTemplate.doExecute(RestTemplate.java:543)
	at org.springframework.web.client.RestTemplate.execute(RestTemplate.java:489)
	at org.springframework.web.client.RestTemplate.getForEntity(RestTemplate.java:250)
	at com.sprhib.TestService.thatOrdersCanBeAddedAndQueried(TestService.java:26)
	at sun.reflect.GeneratedMethodAccessor3.invoke(Unknown Source)
	at sun.reflect.DelegatingMethodAccessorImpl.invoke(DelegatingMethodAccessorImpl.java:43)
	at java.lang.reflect.Method.invoke(Method.java:606)
	at org.testng.internal.MethodInvocationHelper.invokeMethod(MethodInvocationHelper.java:84)
	at org.testng.internal.Invoker.invokeMethod(Invoker.java:714)
	at org.testng.internal.Invoker.invokeTestMethod(Invoker.java:901)
	at org.testng.internal.Invoker.invokeTestMethods(Invoker.java:1231)
	at org.testng.internal.TestMethodWorker.invokeTestMethods(TestMethodWorker.java:127)
	at org.testng.internal.TestMethodWorker.run(TestMethodWorker.java:111)
	at org.testng.internal.thread.ThreadUtil$2.call(ThreadUtil.java:64)
	at java.util.concurrent.FutureTask.run(FutureTask.java:262)
	at java.util.concurrent.ThreadPoolExecutor.runWorker(ThreadPoolExecutor.java:1145)
	at java.util.concurrent.ThreadPoolExecutor$Worker.run(ThreadPoolExecutor.java:615)
	at java.lang.Thread.run(Thread.java:745)
Caused by: java.net.SocketException: No buffer space available (maximum connections reached?): connect
	at java.net.DualStackPlainSocketImpl.connect0(Native Method)
	at java.net.DualStackPlainSocketImpl.socketConnect(DualStackPlainSocketImpl.java:79)
	at java.net.AbstractPlainSocketImpl.doConnect(AbstractPlainSocketImpl.java:339)
	at java.net.AbstractPlainSocketImpl.connectToAddress(AbstractPlainSocketImpl.java:200)
	at java.net.AbstractPlainSocketImpl.connect(AbstractPlainSocketImpl.java:182)
	at java.net.PlainSocketImpl.connect(PlainSocketImpl.java:172)
	at java.net.SocksSocketImpl.connect(SocksSocketImpl.java:392)
	at java.net.Socket.connect(Socket.java:579)
	at java.net.Socket.connect(Socket.java:528)
	at sun.net.NetworkClient.doConnect(NetworkClient.java:180)
	at sun.net.www.http.HttpClient.openServer(HttpClient.java:432)
	at sun.net.www.http.HttpClient.openServer(HttpClient.java:527)
	at sun.net.www.http.HttpClient.<init>(HttpClient.java:211)
	at sun.net.www.http.HttpClient.New(HttpClient.java:308)
	at sun.net.www.http.HttpClient.New(HttpClient.java:326)
	at sun.net.www.protocol.http.HttpURLConnection.getNewHttpClient(HttpURLConnection.java:996)
	at sun.net.www.protocol.http.HttpURLConnection.plainConnect(HttpURLConnection.java:932)
	at sun.net.www.protocol.http.HttpURLConnection.connect(HttpURLConnection.java:850)
	at org.springframework.http.client.SimpleBufferingClientHttpRequest.executeInternal(SimpleBufferingClientHttpRequest.java:78)
	at org.springframework.http.client.AbstractBufferingClientHttpRequest.executeInternal(AbstractBufferingClientHttpRequest.java:46)
	at org.springframework.http.client.AbstractClientHttpRequest.execute(AbstractClientHttpRequest.java:52)
	at org.springframework.web.client.RestTemplate.doExecute(RestTemplate.java:527)
	... 17 more
]]>
    </failure>
  </testcase> <!-- thatOrdersCanBeAddedAndQueried -->
  <testcase name="thatOrdersCanBeAddedAndQueried" time="0.167" classname="com.sprhib.TestService"/>
  <testcase name="thatOrdersCanBeAddedAndQueried" time="0.170" classname="com.sprhib.TestService"/>
  <testcase name="thatOrdersCanBeAddedAndQueried" time="0.201" classname="com.sprhib.TestService"/>
  <testcase name="thatOrdersCanBeAddedAndQueried" time="0.255" classname="com.sprhib.TestService"/>
  <testcase name="thatOrdersCanBeAddedAndQueried" time="0.254" classname="com.sprhib.TestService"/>
  <testcase name="thatOrdersCanBeAddedAndQueried" time="0.240" classname="com.sprhib.TestService"/>
  <testcase name="thatOrdersCanBeAddedAndQueried" time="0.183" classname="com.sprhib.TestService"/>
  <testcase name="thatOrdersCanBeAddedAndQueried" time="0.154" classname="com.sprhib.TestService"/>
  <testcase name="thatOrdersCanBeAddedAndQueried" time="0.136" classname="com.sprhib.TestService"/>
  <testcase name="thatOrdersCanBeAddedAndQueried" time="0.244" classname="com.sprhib.TestService"/>
  <testcase name="thatOrdersCanBeAddedAndQueried" time="0.143" classname="com.sprhib.TestService"/>
  <testcase name="thatOrdersCanBeAddedAndQueried" time="0.163" classname="com.sprhib.TestService"/>
  <testcase name="thatOrdersCanBeAddedAndQueried" time="0.141" classname="com.sprhib.TestService"/>
  <testcase name="thatOrdersCanBeAddedAndQueried" time="0.227" classname="com.sprhib.TestService"/>
  <testcase name="thatOrdersCanBeAddedAndQueried" time="0.176" classname="com.sprhib.TestService"/>
  <testcase name="thatOrdersCanBeAddedAndQueried" time="0.278" classname="com.sprhib.TestService"/>
  <testcase name="thatOrdersCanBeAddedAndQueried" time="0.201" classname="com.sprhib.TestService"/>
  <testcase name="thatOrdersCanBeAddedAndQueried" time="0.289" classname="com.sprhib.TestService"/>
  <testcase name="thatOrdersCanBeAddedAndQueried" time="0.176" classname="com.sprhib.TestService"/>
  <testcase name="thatOrdersCanBeAddedAndQueried" time="0.203" classname="com.sprhib.TestService"/>
  <testcase name="thatOrdersCanBeAddedAndQueried" time="0.199" classname="com.sprhib.TestService"/>
  <testcase name="thatOrdersCanBeAddedAndQueried" time="0.011" classname="com.sprhib.TestService">
    <failure type="org.springframework.web.client.ResourceAccessException" message="I/O error on GET request for &quot;http://localhost:8080/spr-mvc-hib/convertation/-110/EUR/USD&quot;:No buffer space available (maximum connections reached?): connect; nested exception is java.net.SocketException: No buffer space available (maximum connections reached?): connect">
      <![CDATA[org.springframework.web.client.ResourceAccessException: I/O error on GET request for "http://localhost:8080/spr-mvc-hib/convertation/-110/EUR/USD":No buffer space available (maximum connections reached?): connect; nested exception is java.net.SocketException: No buffer space available (maximum connections reached?): connect
	at org.springframework.web.client.RestTemplate.doExecute(RestTemplate.java:543)
	at org.springframework.web.client.RestTemplate.execute(RestTemplate.java:489)
	at org.springframework.web.client.RestTemplate.getForEntity(RestTemplate.java:250)
	at com.sprhib.TestService.thatOrdersCanBeAddedAndQueried(TestService.java:26)
	at sun.reflect.GeneratedMethodAccessor3.invoke(Unknown Source)
	at sun.reflect.DelegatingMethodAccessorImpl.invoke(DelegatingMethodAccessorImpl.java:43)
	at java.lang.reflect.Method.invoke(Method.java:606)
	at org.testng.internal.MethodInvocationHelper.invokeMethod(MethodInvocationHelper.java:84)
	at org.testng.internal.Invoker.invokeMethod(Invoker.java:714)
	at org.testng.internal.Invoker.invokeTestMethod(Invoker.java:901)
	at org.testng.internal.Invoker.invokeTestMethods(Invoker.java:1231)
	at org.testng.internal.TestMethodWorker.invokeTestMethods(TestMethodWorker.java:127)
	at org.testng.internal.TestMethodWorker.run(TestMethodWorker.java:111)
	at org.testng.internal.thread.ThreadUtil$2.call(ThreadUtil.java:64)
	at java.util.concurrent.FutureTask.run(FutureTask.java:262)
	at java.util.concurrent.ThreadPoolExecutor.runWorker(ThreadPoolExecutor.java:1145)
	at java.util.concurrent.ThreadPoolExecutor$Worker.run(ThreadPoolExecutor.java:615)
	at java.lang.Thread.run(Thread.java:745)
Caused by: java.net.SocketException: No buffer space available (maximum connections reached?): connect
	at java.net.DualStackPlainSocketImpl.connect0(Native Method)
	at java.net.DualStackPlainSocketImpl.socketConnect(DualStackPlainSocketImpl.java:79)
	at java.net.AbstractPlainSocketImpl.doConnect(AbstractPlainSocketImpl.java:339)
	at java.net.AbstractPlainSocketImpl.connectToAddress(AbstractPlainSocketImpl.java:200)
	at java.net.AbstractPlainSocketImpl.connect(AbstractPlainSocketImpl.java:182)
	at java.net.PlainSocketImpl.connect(PlainSocketImpl.java:172)
	at java.net.SocksSocketImpl.connect(SocksSocketImpl.java:392)
	at java.net.Socket.connect(Socket.java:579)
	at java.net.Socket.connect(Socket.java:528)
	at sun.net.NetworkClient.doConnect(NetworkClient.java:180)
	at sun.net.www.http.HttpClient.openServer(HttpClient.java:432)
	at sun.net.www.http.HttpClient.openServer(HttpClient.java:527)
	at sun.net.www.http.HttpClient.<init>(HttpClient.java:211)
	at sun.net.www.http.HttpClient.New(HttpClient.java:308)
	at sun.net.www.http.HttpClient.New(HttpClient.java:326)
	at sun.net.www.protocol.http.HttpURLConnection.getNewHttpClient(HttpURLConnection.java:996)
	at sun.net.www.protocol.http.HttpURLConnection.plainConnect(HttpURLConnection.java:932)
	at sun.net.www.protocol.http.HttpURLConnection.connect(HttpURLConnection.java:850)
	at org.springframework.http.client.SimpleBufferingClientHttpRequest.executeInternal(SimpleBufferingClientHttpRequest.java:78)
	at org.springframework.http.client.AbstractBufferingClientHttpRequest.executeInternal(AbstractBufferingClientHttpRequest.java:46)
	at org.springframework.http.client.AbstractClientHttpRequest.execute(AbstractClientHttpRequest.java:52)
	at org.springframework.web.client.RestTemplate.doExecute(RestTemplate.java:527)
	... 17 more
]]>
    </failure>
  </testcase> <!-- thatOrdersCanBeAddedAndQueried -->
  <testcase name="thatOrdersCanBeAddedAndQueried" time="0.176" classname="com.sprhib.TestService"/>
  <testcase name="thatOrdersCanBeAddedAndQueried" time="0.192" classname="com.sprhib.TestService"/>
  <testcase name="thatOrdersCanBeAddedAndQueried" time="0.185" classname="com.sprhib.TestService"/>
  <testcase name="thatOrdersCanBeAddedAndQueried" time="0.156" classname="com.sprhib.TestService"/>
  <testcase name="thatOrdersCanBeAddedAndQueried" time="0.152" classname="com.sprhib.TestService"/>
  <testcase name="thatOrdersCanBeAddedAndQueried" time="0.267" classname="com.sprhib.TestService"/>
  <testcase name="thatOrdersCanBeAddedAndQueried" time="0.257" classname="com.sprhib.TestService"/>
  <testcase name="thatOrdersCanBeAddedAndQueried" time="0.204" classname="com.sprhib.TestService"/>
  <testcase name="thatOrdersCanBeAddedAndQueried" time="0.230" classname="com.sprhib.TestService"/>
  <testcase name="thatOrdersCanBeAddedAndQueried" time="0.164" classname="com.sprhib.TestService"/>
  <testcase name="thatOrdersCanBeAddedAndQueried" time="0.235" classname="com.sprhib.TestService"/>
  <testcase name="thatOrdersCanBeAddedAndQueried" time="0.017" classname="com.sprhib.TestService">
    <failure type="org.springframework.web.client.ResourceAccessException" message="I/O error on GET request for &quot;http://localhost:8080/spr-mvc-hib/convertation/-110/EUR/USD&quot;:No buffer space available (maximum connections reached?): connect; nested exception is java.net.SocketException: No buffer space available (maximum connections reached?): connect">
      <![CDATA[org.springframework.web.client.ResourceAccessException: I/O error on GET request for "http://localhost:8080/spr-mvc-hib/convertation/-110/EUR/USD":No buffer space available (maximum connections reached?): connect; nested exception is java.net.SocketException: No buffer space available (maximum connections reached?): connect
	at org.springframework.web.client.RestTemplate.doExecute(RestTemplate.java:543)
	at org.springframework.web.client.RestTemplate.execute(RestTemplate.java:489)
	at org.springframework.web.client.RestTemplate.getForEntity(RestTemplate.java:250)
	at com.sprhib.TestService.thatOrdersCanBeAddedAndQueried(TestService.java:26)
	at sun.reflect.GeneratedMethodAccessor3.invoke(Unknown Source)
	at sun.reflect.DelegatingMethodAccessorImpl.invoke(DelegatingMethodAccessorImpl.java:43)
	at java.lang.reflect.Method.invoke(Method.java:606)
	at org.testng.internal.MethodInvocationHelper.invokeMethod(MethodInvocationHelper.java:84)
	at org.testng.internal.Invoker.invokeMethod(Invoker.java:714)
	at org.testng.internal.Invoker.invokeTestMethod(Invoker.java:901)
	at org.testng.internal.Invoker.invokeTestMethods(Invoker.java:1231)
	at org.testng.internal.TestMethodWorker.invokeTestMethods(TestMethodWorker.java:127)
	at org.testng.internal.TestMethodWorker.run(TestMethodWorker.java:111)
	at org.testng.internal.thread.ThreadUtil$2.call(ThreadUtil.java:64)
	at java.util.concurrent.FutureTask.run(FutureTask.java:262)
	at java.util.concurrent.ThreadPoolExecutor.runWorker(ThreadPoolExecutor.java:1145)
	at java.util.concurrent.ThreadPoolExecutor$Worker.run(ThreadPoolExecutor.java:615)
	at java.lang.Thread.run(Thread.java:745)
Caused by: java.net.SocketException: No buffer space available (maximum connections reached?): connect
	at java.net.DualStackPlainSocketImpl.connect0(Native Method)
	at java.net.DualStackPlainSocketImpl.socketConnect(DualStackPlainSocketImpl.java:79)
	at java.net.AbstractPlainSocketImpl.doConnect(AbstractPlainSocketImpl.java:339)
	at java.net.AbstractPlainSocketImpl.connectToAddress(AbstractPlainSocketImpl.java:200)
	at java.net.AbstractPlainSocketImpl.connect(AbstractPlainSocketImpl.java:182)
	at java.net.PlainSocketImpl.connect(PlainSocketImpl.java:172)
	at java.net.SocksSocketImpl.connect(SocksSocketImpl.java:392)
	at java.net.Socket.connect(Socket.java:579)
	at java.net.Socket.connect(Socket.java:528)
	at sun.net.NetworkClient.doConnect(NetworkClient.java:180)
	at sun.net.www.http.HttpClient.openServer(HttpClient.java:432)
	at sun.net.www.http.HttpClient.openServer(HttpClient.java:527)
	at sun.net.www.http.HttpClient.<init>(HttpClient.java:211)
	at sun.net.www.http.HttpClient.New(HttpClient.java:308)
	at sun.net.www.http.HttpClient.New(HttpClient.java:326)
	at sun.net.www.protocol.http.HttpURLConnection.getNewHttpClient(HttpURLConnection.java:996)
	at sun.net.www.protocol.http.HttpURLConnection.plainConnect(HttpURLConnection.java:932)
	at sun.net.www.protocol.http.HttpURLConnection.connect(HttpURLConnection.java:850)
	at org.springframework.http.client.SimpleBufferingClientHttpRequest.executeInternal(SimpleBufferingClientHttpRequest.java:78)
	at org.springframework.http.client.AbstractBufferingClientHttpRequest.executeInternal(AbstractBufferingClientHttpRequest.java:46)
	at org.springframework.http.client.AbstractClientHttpRequest.execute(AbstractClientHttpRequest.java:52)
	at org.springframework.web.client.RestTemplate.doExecute(RestTemplate.java:527)
	... 17 more
]]>
    </failure>
  </testcase> <!-- thatOrdersCanBeAddedAndQueried -->
  <testcase name="thatOrdersCanBeAddedAndQueried" time="0.121" classname="com.sprhib.TestService"/>
  <testcase name="thatOrdersCanBeAddedAndQueried" time="0.143" classname="com.sprhib.TestService"/>
  <testcase name="thatOrdersCanBeAddedAndQueried" time="0.126" classname="com.sprhib.TestService"/>
  <testcase name="thatOrdersCanBeAddedAndQueried" time="0.209" classname="com.sprhib.TestService"/>
  <testcase name="thatOrdersCanBeAddedAndQueried" time="0.184" classname="com.sprhib.TestService"/>
  <testcase name="thatOrdersCanBeAddedAndQueried" time="0.225" classname="com.sprhib.TestService"/>
  <testcase name="thatOrdersCanBeAddedAndQueried" time="0.174" classname="com.sprhib.TestService"/>
  <testcase name="thatOrdersCanBeAddedAndQueried" time="0.227" classname="com.sprhib.TestService"/>
  <testcase name="thatOrdersCanBeAddedAndQueried" time="0.125" classname="com.sprhib.TestService">
    <failure type="org.springframework.web.client.HttpServerErrorException" message="500 Internal Server Error">
      <![CDATA[org.springframework.web.client.HttpServerErrorException: 500 Internal Server Error
	at org.springframework.web.client.DefaultResponseErrorHandler.handleError(DefaultResponseErrorHandler.java:94)
	at org.springframework.web.client.RestTemplate.handleResponseError(RestTemplate.java:576)
	at org.springframework.web.client.RestTemplate.doExecute(RestTemplate.java:532)
	at org.springframework.web.client.RestTemplate.execute(RestTemplate.java:489)
	at org.springframework.web.client.RestTemplate.getForEntity(RestTemplate.java:250)
	at com.sprhib.TestService.thatOrdersCanBeAddedAndQueried(TestService.java:39)
	at sun.reflect.GeneratedMethodAccessor3.invoke(Unknown Source)
	at sun.reflect.DelegatingMethodAccessorImpl.invoke(DelegatingMethodAccessorImpl.java:43)
	at java.lang.reflect.Method.invoke(Method.java:606)
	at org.testng.internal.MethodInvocationHelper.invokeMethod(MethodInvocationHelper.java:84)
	at org.testng.internal.Invoker.invokeMethod(Invoker.java:714)
	at org.testng.internal.Invoker.invokeTestMethod(Invoker.java:901)
	at org.testng.internal.Invoker.invokeTestMethods(Invoker.java:1231)
	at org.testng.internal.TestMethodWorker.invokeTestMethods(TestMethodWorker.java:127)
	at org.testng.internal.TestMethodWorker.run(TestMethodWorker.java:111)
	at org.testng.internal.thread.ThreadUtil$2.call(ThreadUtil.java:64)
	at java.util.concurrent.FutureTask.run(FutureTask.java:262)
	at java.util.concurrent.ThreadPoolExecutor.runWorker(ThreadPoolExecutor.java:1145)
	at java.util.concurrent.ThreadPoolExecutor$Worker.run(ThreadPoolExecutor.java:615)
	at java.lang.Thread.run(Thread.java:745)
]]>
    </failure>
  </testcase> <!-- thatOrdersCanBeAddedAndQueried -->
  <testcase name="thatOrdersCanBeAddedAndQueried" time="0.197" classname="com.sprhib.TestService"/>
  <testcase name="thatOrdersCanBeAddedAndQueried" time="0.160" classname="com.sprhib.TestService"/>
  <testcase name="thatOrdersCanBeAddedAndQueried" time="0.176" classname="com.sprhib.TestService"/>
  <testcase name="thatOrdersCanBeAddedAndQueried" time="0.132" classname="com.sprhib.TestService"/>
  <testcase name="thatOrdersCanBeAddedAndQueried" time="0.181" classname="com.sprhib.TestService"/>
  <testcase name="thatOrdersCanBeAddedAndQueried" time="0.157" classname="com.sprhib.TestService"/>
  <testcase name="thatOrdersCanBeAddedAndQueried" time="0.178" classname="com.sprhib.TestService"/>
  <testcase name="thatOrdersCanBeAddedAndQueried" time="0.171" classname="com.sprhib.TestService"/>
  <testcase name="thatOrdersCanBeAddedAndQueried" time="0.154" classname="com.sprhib.TestService"/>
  <testcase name="thatOrdersCanBeAddedAndQueried" time="0.160" classname="com.sprhib.TestService"/>
  <testcase name="thatOrdersCanBeAddedAndQueried" time="0.196" classname="com.sprhib.TestService"/>
  <testcase name="thatOrdersCanBeAddedAndQueried" time="0.133" classname="com.sprhib.TestService"/>
  <testcase name="thatOrdersCanBeAddedAndQueried" time="0.212" classname="com.sprhib.TestService"/>
  <testcase name="thatOrdersCanBeAddedAndQueried" time="0.207" classname="com.sprhib.TestService"/>
  <testcase name="thatOrdersCanBeAddedAndQueried" time="0.097" classname="com.sprhib.TestService"/>
  <testcase name="thatOrdersCanBeAddedAndQueried" time="0.145" classname="com.sprhib.TestService"/>
  <testcase name="thatOrdersCanBeAddedAndQueried" time="0.140" classname="com.sprhib.TestService"/>
  <testcase name="thatOrdersCanBeAddedAndQueried" time="0.229" classname="com.sprhib.TestService">
    <failure type="org.springframework.web.client.HttpServerErrorException" message="500 Internal Server Error">
      <![CDATA[org.springframework.web.client.HttpServerErrorException: 500 Internal Server Error
	at org.springframework.web.client.DefaultResponseErrorHandler.handleError(DefaultResponseErrorHandler.java:94)
	at org.springframework.web.client.RestTemplate.handleResponseError(RestTemplate.java:576)
	at org.springframework.web.client.RestTemplate.doExecute(RestTemplate.java:532)
	at org.springframework.web.client.RestTemplate.execute(RestTemplate.java:489)
	at org.springframework.web.client.RestTemplate.getForEntity(RestTemplate.java:250)
	at com.sprhib.TestService.thatOrdersCanBeAddedAndQueried(TestService.java:44)
	at sun.reflect.GeneratedMethodAccessor3.invoke(Unknown Source)
	at sun.reflect.DelegatingMethodAccessorImpl.invoke(DelegatingMethodAccessorImpl.java:43)
	at java.lang.reflect.Method.invoke(Method.java:606)
	at org.testng.internal.MethodInvocationHelper.invokeMethod(MethodInvocationHelper.java:84)
	at org.testng.internal.Invoker.invokeMethod(Invoker.java:714)
	at org.testng.internal.Invoker.invokeTestMethod(Invoker.java:901)
	at org.testng.internal.Invoker.invokeTestMethods(Invoker.java:1231)
	at org.testng.internal.TestMethodWorker.invokeTestMethods(TestMethodWorker.java:127)
	at org.testng.internal.TestMethodWorker.run(TestMethodWorker.java:111)
	at org.testng.internal.thread.ThreadUtil$2.call(ThreadUtil.java:64)
	at java.util.concurrent.FutureTask.run(FutureTask.java:262)
	at java.util.concurrent.ThreadPoolExecutor.runWorker(ThreadPoolExecutor.java:1145)
	at java.util.concurrent.ThreadPoolExecutor$Worker.run(ThreadPoolExecutor.java:615)
	at java.lang.Thread.run(Thread.java:745)
]]>
    </failure>
  </testcase> <!-- thatOrdersCanBeAddedAndQueried -->
  <testcase name="thatOrdersCanBeAddedAndQueried" time="0.150" classname="com.sprhib.TestService"/>
  <testcase name="thatOrdersCanBeAddedAndQueried" time="0.265" classname="com.sprhib.TestService"/>
  <testcase name="thatOrdersCanBeAddedAndQueried" time="0.171" classname="com.sprhib.TestService"/>
  <testcase name="thatOrdersCanBeAddedAndQueried" time="0.229" classname="com.sprhib.TestService"/>
  <testcase name="thatOrdersCanBeAddedAndQueried" time="0.124" classname="com.sprhib.TestService"/>
  <testcase name="thatOrdersCanBeAddedAndQueried" time="0.225" classname="com.sprhib.TestService"/>
  <testcase name="thatOrdersCanBeAddedAndQueried" time="0.159" classname="com.sprhib.TestService"/>
  <testcase name="thatOrdersCanBeAddedAndQueried" time="0.194" classname="com.sprhib.TestService"/>
  <testcase name="thatOrdersCanBeAddedAndQueried" time="0.283" classname="com.sprhib.TestService"/>
  <testcase name="thatOrdersCanBeAddedAndQueried" time="0.164" classname="com.sprhib.TestService"/>
  <testcase name="thatOrdersCanBeAddedAndQueried" time="0.216" classname="com.sprhib.TestService"/>
  <testcase name="thatOrdersCanBeAddedAndQueried" time="0.176" classname="com.sprhib.TestService"/>
  <testcase name="thatOrdersCanBeAddedAndQueried" time="0.126" classname="com.sprhib.TestService"/>
  <testcase name="thatOrdersCanBeAddedAndQueried" time="0.234" classname="com.sprhib.TestService"/>
  <testcase name="thatOrdersCanBeAddedAndQueried" time="0.299" classname="com.sprhib.TestService"/>
  <testcase name="thatOrdersCanBeAddedAndQueried" time="0.174" classname="com.sprhib.TestService"/>
  <testcase name="thatOrdersCanBeAddedAndQueried" time="0.146" classname="com.sprhib.TestService"/>
  <testcase name="thatOrdersCanBeAddedAndQueried" time="0.261" classname="com.sprhib.TestService"/>
  <testcase name="thatOrdersCanBeAddedAndQueried" time="0.144" classname="com.sprhib.TestService"/>
  <testcase name="thatOrdersCanBeAddedAndQueried" time="0.234" classname="com.sprhib.TestService"/>
  <testcase name="thatOrdersCanBeAddedAndQueried" time="0.182" classname="com.sprhib.TestService"/>
  <testcase name="thatOrdersCanBeAddedAndQueried" time="0.121" classname="com.sprhib.TestService"/>
  <testcase name="thatOrdersCanBeAddedAndQueried" time="0.193" classname="com.sprhib.TestService"/>
  <testcase name="thatOrdersCanBeAddedAndQueried" time="0.224" classname="com.sprhib.TestService"/>
  <testcase name="thatOrdersCanBeAddedAndQueried" time="0.185" classname="com.sprhib.TestService"/>
  <testcase name="thatOrdersCanBeAddedAndQueried" time="0.173" classname="com.sprhib.TestService"/>
  <testcase name="thatOrdersCanBeAddedAndQueried" time="0.162" classname="com.sprhib.TestService"/>
  <testcase name="thatOrdersCanBeAddedAndQueried" time="0.197" classname="com.sprhib.TestService"/>
  <testcase name="thatOrdersCanBeAddedAndQueried" time="0.220" classname="com.sprhib.TestService"/>
  <testcase name="thatOrdersCanBeAddedAndQueried" time="0.155" classname="com.sprhib.TestService"/>
  <testcase name="thatOrdersCanBeAddedAndQueried" time="0.235" classname="com.sprhib.TestService"/>
  <testcase name="thatOrdersCanBeAddedAndQueried" time="0.246" classname="com.sprhib.TestService"/>
  <testcase name="thatOrdersCanBeAddedAndQueried" time="0.204" classname="com.sprhib.TestService"/>
  <testcase name="thatOrdersCanBeAddedAndQueried" time="0.094" classname="com.sprhib.TestService"/>
  <testcase name="thatOrdersCanBeAddedAndQueried" time="0.035" classname="com.sprhib.TestService">
    <failure type="org.springframework.web.client.ResourceAccessException" message="I/O error on GET request for &quot;http://localhost:8080/spr-mvc-hib/convertation/-110/EUR/USD&quot;:No buffer space available (maximum connections reached?): connect; nested exception is java.net.SocketException: No buffer space available (maximum connections reached?): connect">
      <![CDATA[org.springframework.web.client.ResourceAccessException: I/O error on GET request for "http://localhost:8080/spr-mvc-hib/convertation/-110/EUR/USD":No buffer space available (maximum connections reached?): connect; nested exception is java.net.SocketException: No buffer space available (maximum connections reached?): connect
	at org.springframework.web.client.RestTemplate.doExecute(RestTemplate.java:543)
	at org.springframework.web.client.RestTemplate.execute(RestTemplate.java:489)
	at org.springframework.web.client.RestTemplate.getForEntity(RestTemplate.java:250)
	at com.sprhib.TestService.thatOrdersCanBeAddedAndQueried(TestService.java:26)
	at sun.reflect.GeneratedMethodAccessor3.invoke(Unknown Source)
	at sun.reflect.DelegatingMethodAccessorImpl.invoke(DelegatingMethodAccessorImpl.java:43)
	at java.lang.reflect.Method.invoke(Method.java:606)
	at org.testng.internal.MethodInvocationHelper.invokeMethod(MethodInvocationHelper.java:84)
	at org.testng.internal.Invoker.invokeMethod(Invoker.java:714)
	at org.testng.internal.Invoker.invokeTestMethod(Invoker.java:901)
	at org.testng.internal.Invoker.invokeTestMethods(Invoker.java:1231)
	at org.testng.internal.TestMethodWorker.invokeTestMethods(TestMethodWorker.java:127)
	at org.testng.internal.TestMethodWorker.run(TestMethodWorker.java:111)
	at org.testng.internal.thread.ThreadUtil$2.call(ThreadUtil.java:64)
	at java.util.concurrent.FutureTask.run(FutureTask.java:262)
	at java.util.concurrent.ThreadPoolExecutor.runWorker(ThreadPoolExecutor.java:1145)
	at java.util.concurrent.ThreadPoolExecutor$Worker.run(ThreadPoolExecutor.java:615)
	at java.lang.Thread.run(Thread.java:745)
Caused by: java.net.SocketException: No buffer space available (maximum connections reached?): connect
	at java.net.DualStackPlainSocketImpl.connect0(Native Method)
	at java.net.DualStackPlainSocketImpl.socketConnect(DualStackPlainSocketImpl.java:79)
	at java.net.AbstractPlainSocketImpl.doConnect(AbstractPlainSocketImpl.java:339)
	at java.net.AbstractPlainSocketImpl.connectToAddress(AbstractPlainSocketImpl.java:200)
	at java.net.AbstractPlainSocketImpl.connect(AbstractPlainSocketImpl.java:182)
	at java.net.PlainSocketImpl.connect(PlainSocketImpl.java:172)
	at java.net.SocksSocketImpl.connect(SocksSocketImpl.java:392)
	at java.net.Socket.connect(Socket.java:579)
	at java.net.Socket.connect(Socket.java:528)
	at sun.net.NetworkClient.doConnect(NetworkClient.java:180)
	at sun.net.www.http.HttpClient.openServer(HttpClient.java:432)
	at sun.net.www.http.HttpClient.openServer(HttpClient.java:527)
	at sun.net.www.http.HttpClient.<init>(HttpClient.java:211)
	at sun.net.www.http.HttpClient.New(HttpClient.java:308)
	at sun.net.www.http.HttpClient.New(HttpClient.java:326)
	at sun.net.www.protocol.http.HttpURLConnection.getNewHttpClient(HttpURLConnection.java:996)
	at sun.net.www.protocol.http.HttpURLConnection.plainConnect(HttpURLConnection.java:932)
	at sun.net.www.protocol.http.HttpURLConnection.connect(HttpURLConnection.java:850)
	at org.springframework.http.client.SimpleBufferingClientHttpRequest.executeInternal(SimpleBufferingClientHttpRequest.java:78)
	at org.springframework.http.client.AbstractBufferingClientHttpRequest.executeInternal(AbstractBufferingClientHttpRequest.java:46)
	at org.springframework.http.client.AbstractClientHttpRequest.execute(AbstractClientHttpRequest.java:52)
	at org.springframework.web.client.RestTemplate.doExecute(RestTemplate.java:527)
	... 17 more
]]>
    </failure>
  </testcase> <!-- thatOrdersCanBeAddedAndQueried -->
  <testcase name="thatOrdersCanBeAddedAndQueried" time="0.247" classname="com.sprhib.TestService"/>
  <testcase name="thatOrdersCanBeAddedAndQueried" time="0.216" classname="com.sprhib.TestService"/>
  <testcase name="thatOrdersCanBeAddedAndQueried" time="0.163" classname="com.sprhib.TestService"/>
  <testcase name="thatOrdersCanBeAddedAndQueried" time="0.161" classname="com.sprhib.TestService"/>
  <testcase name="thatOrdersCanBeAddedAndQueried" time="0.156" classname="com.sprhib.TestService"/>
  <testcase name="thatOrdersCanBeAddedAndQueried" time="0.550" classname="com.sprhib.TestService"/>
  <testcase name="thatOrdersCanBeAddedAndQueried" time="0.221" classname="com.sprhib.TestService"/>
  <testcase name="thatOrdersCanBeAddedAndQueried" time="0.252" classname="com.sprhib.TestService"/>
  <testcase name="thatOrdersCanBeAddedAndQueried" time="0.192" classname="com.sprhib.TestService"/>
  <testcase name="thatOrdersCanBeAddedAndQueried" time="0.222" classname="com.sprhib.TestService"/>
  <testcase name="thatOrdersCanBeAddedAndQueried" time="0.140" classname="com.sprhib.TestService"/>
  <testcase name="thatOrdersCanBeAddedAndQueried" time="0.409" classname="com.sprhib.TestService"/>
  <testcase name="thatOrdersCanBeAddedAndQueried" time="0.150" classname="com.sprhib.TestService"/>
  <testcase name="thatOrdersCanBeAddedAndQueried" time="0.272" classname="com.sprhib.TestService">
    <failure type="org.springframework.web.client.HttpServerErrorException" message="500 Internal Server Error">
      <![CDATA[org.springframework.web.client.HttpServerErrorException: 500 Internal Server Error
	at org.springframework.web.client.DefaultResponseErrorHandler.handleError(DefaultResponseErrorHandler.java:94)
	at org.springframework.web.client.RestTemplate.handleResponseError(RestTemplate.java:576)
	at org.springframework.web.client.RestTemplate.doExecute(RestTemplate.java:532)
	at org.springframework.web.client.RestTemplate.execute(RestTemplate.java:489)
	at org.springframework.web.client.RestTemplate.getForEntity(RestTemplate.java:250)
	at com.sprhib.TestService.thatOrdersCanBeAddedAndQueried(TestService.java:44)
	at sun.reflect.GeneratedMethodAccessor3.invoke(Unknown Source)
	at sun.reflect.DelegatingMethodAccessorImpl.invoke(DelegatingMethodAccessorImpl.java:43)
	at java.lang.reflect.Method.invoke(Method.java:606)
	at org.testng.internal.MethodInvocationHelper.invokeMethod(MethodInvocationHelper.java:84)
	at org.testng.internal.Invoker.invokeMethod(Invoker.java:714)
	at org.testng.internal.Invoker.invokeTestMethod(Invoker.java:901)
	at org.testng.internal.Invoker.invokeTestMethods(Invoker.java:1231)
	at org.testng.internal.TestMethodWorker.invokeTestMethods(TestMethodWorker.java:127)
	at org.testng.internal.TestMethodWorker.run(TestMethodWorker.java:111)
	at org.testng.internal.thread.ThreadUtil$2.call(ThreadUtil.java:64)
	at java.util.concurrent.FutureTask.run(FutureTask.java:262)
	at java.util.concurrent.ThreadPoolExecutor.runWorker(ThreadPoolExecutor.java:1145)
	at java.util.concurrent.ThreadPoolExecutor$Worker.run(ThreadPoolExecutor.java:615)
	at java.lang.Thread.run(Thread.java:745)
]]>
    </failure>
  </testcase> <!-- thatOrdersCanBeAddedAndQueried -->
  <testcase name="thatOrdersCanBeAddedAndQueried" time="0.213" classname="com.sprhib.TestService"/>
  <testcase name="thatOrdersCanBeAddedAndQueried" time="0.252" classname="com.sprhib.TestService"/>
  <testcase name="thatOrdersCanBeAddedAndQueried" time="0.236" classname="com.sprhib.TestService"/>
  <testcase name="thatOrdersCanBeAddedAndQueried" time="0.135" classname="com.sprhib.TestService"/>
  <testcase name="thatOrdersCanBeAddedAndQueried" time="0.088" classname="com.sprhib.TestService">
    <failure type="org.springframework.web.client.ResourceAccessException" message="I/O error on GET request for &quot;http://localhost:8080/spr-mvc-hib/convertation/-110/EUR/USD&quot;:No buffer space available (maximum connections reached?): connect; nested exception is java.net.SocketException: No buffer space available (maximum connections reached?): connect">
      <![CDATA[org.springframework.web.client.ResourceAccessException: I/O error on GET request for "http://localhost:8080/spr-mvc-hib/convertation/-110/EUR/USD":No buffer space available (maximum connections reached?): connect; nested exception is java.net.SocketException: No buffer space available (maximum connections reached?): connect
	at org.springframework.web.client.RestTemplate.doExecute(RestTemplate.java:543)
	at org.springframework.web.client.RestTemplate.execute(RestTemplate.java:489)
	at org.springframework.web.client.RestTemplate.getForEntity(RestTemplate.java:250)
	at com.sprhib.TestService.thatOrdersCanBeAddedAndQueried(TestService.java:26)
	at sun.reflect.GeneratedMethodAccessor3.invoke(Unknown Source)
	at sun.reflect.DelegatingMethodAccessorImpl.invoke(DelegatingMethodAccessorImpl.java:43)
	at java.lang.reflect.Method.invoke(Method.java:606)
	at org.testng.internal.MethodInvocationHelper.invokeMethod(MethodInvocationHelper.java:84)
	at org.testng.internal.Invoker.invokeMethod(Invoker.java:714)
	at org.testng.internal.Invoker.invokeTestMethod(Invoker.java:901)
	at org.testng.internal.Invoker.invokeTestMethods(Invoker.java:1231)
	at org.testng.internal.TestMethodWorker.invokeTestMethods(TestMethodWorker.java:127)
	at org.testng.internal.TestMethodWorker.run(TestMethodWorker.java:111)
	at org.testng.internal.thread.ThreadUtil$2.call(ThreadUtil.java:64)
	at java.util.concurrent.FutureTask.run(FutureTask.java:262)
	at java.util.concurrent.ThreadPoolExecutor.runWorker(ThreadPoolExecutor.java:1145)
	at java.util.concurrent.ThreadPoolExecutor$Worker.run(ThreadPoolExecutor.java:615)
	at java.lang.Thread.run(Thread.java:745)
Caused by: java.net.SocketException: No buffer space available (maximum connections reached?): connect
	at java.net.DualStackPlainSocketImpl.connect0(Native Method)
	at java.net.DualStackPlainSocketImpl.socketConnect(DualStackPlainSocketImpl.java:79)
	at java.net.AbstractPlainSocketImpl.doConnect(AbstractPlainSocketImpl.java:339)
	at java.net.AbstractPlainSocketImpl.connectToAddress(AbstractPlainSocketImpl.java:200)
	at java.net.AbstractPlainSocketImpl.connect(AbstractPlainSocketImpl.java:182)
	at java.net.PlainSocketImpl.connect(PlainSocketImpl.java:172)
	at java.net.SocksSocketImpl.connect(SocksSocketImpl.java:392)
	at java.net.Socket.connect(Socket.java:579)
	at java.net.Socket.connect(Socket.java:528)
	at sun.net.NetworkClient.doConnect(NetworkClient.java:180)
	at sun.net.www.http.HttpClient.openServer(HttpClient.java:432)
	at sun.net.www.http.HttpClient.openServer(HttpClient.java:527)
	at sun.net.www.http.HttpClient.<init>(HttpClient.java:211)
	at sun.net.www.http.HttpClient.New(HttpClient.java:308)
	at sun.net.www.http.HttpClient.New(HttpClient.java:326)
	at sun.net.www.protocol.http.HttpURLConnection.getNewHttpClient(HttpURLConnection.java:996)
	at sun.net.www.protocol.http.HttpURLConnection.plainConnect(HttpURLConnection.java:932)
	at sun.net.www.protocol.http.HttpURLConnection.connect(HttpURLConnection.java:850)
	at org.springframework.http.client.SimpleBufferingClientHttpRequest.executeInternal(SimpleBufferingClientHttpRequest.java:78)
	at org.springframework.http.client.AbstractBufferingClientHttpRequest.executeInternal(AbstractBufferingClientHttpRequest.java:46)
	at org.springframework.http.client.AbstractClientHttpRequest.execute(AbstractClientHttpRequest.java:52)
	at org.springframework.web.client.RestTemplate.doExecute(RestTemplate.java:527)
	... 17 more
]]>
    </failure>
  </testcase> <!-- thatOrdersCanBeAddedAndQueried -->
  <testcase name="thatOrdersCanBeAddedAndQueried" time="0.234" classname="com.sprhib.TestService"/>
  <testcase name="thatOrdersCanBeAddedAndQueried" time="0.324" classname="com.sprhib.TestService"/>
  <testcase name="thatOrdersCanBeAddedAndQueried" time="0.251" classname="com.sprhib.TestService"/>
  <testcase name="thatOrdersCanBeAddedAndQueried" time="0.160" classname="com.sprhib.TestService"/>
  <testcase name="thatOrdersCanBeAddedAndQueried" time="0.236" classname="com.sprhib.TestService"/>
  <testcase name="thatOrdersCanBeAddedAndQueried" time="0.342" classname="com.sprhib.TestService"/>
  <testcase name="thatOrdersCanBeAddedAndQueried" time="0.292" classname="com.sprhib.TestService">
    <failure type="org.springframework.web.client.HttpServerErrorException" message="500 Internal Server Error">
      <![CDATA[org.springframework.web.client.HttpServerErrorException: 500 Internal Server Error
	at org.springframework.web.client.DefaultResponseErrorHandler.handleError(DefaultResponseErrorHandler.java:94)
	at org.springframework.web.client.RestTemplate.handleResponseError(RestTemplate.java:576)
	at org.springframework.web.client.RestTemplate.doExecute(RestTemplate.java:532)
	at org.springframework.web.client.RestTemplate.execute(RestTemplate.java:489)
	at org.springframework.web.client.RestTemplate.getForEntity(RestTemplate.java:250)
	at com.sprhib.TestService.thatOrdersCanBeAddedAndQueried(TestService.java:44)
	at sun.reflect.GeneratedMethodAccessor3.invoke(Unknown Source)
	at sun.reflect.DelegatingMethodAccessorImpl.invoke(DelegatingMethodAccessorImpl.java:43)
	at java.lang.reflect.Method.invoke(Method.java:606)
	at org.testng.internal.MethodInvocationHelper.invokeMethod(MethodInvocationHelper.java:84)
	at org.testng.internal.Invoker.invokeMethod(Invoker.java:714)
	at org.testng.internal.Invoker.invokeTestMethod(Invoker.java:901)
	at org.testng.internal.Invoker.invokeTestMethods(Invoker.java:1231)
	at org.testng.internal.TestMethodWorker.invokeTestMethods(TestMethodWorker.java:127)
	at org.testng.internal.TestMethodWorker.run(TestMethodWorker.java:111)
	at org.testng.internal.thread.ThreadUtil$2.call(ThreadUtil.java:64)
	at java.util.concurrent.FutureTask.run(FutureTask.java:262)
	at java.util.concurrent.ThreadPoolExecutor.runWorker(ThreadPoolExecutor.java:1145)
	at java.util.concurrent.ThreadPoolExecutor$Worker.run(ThreadPoolExecutor.java:615)
	at java.lang.Thread.run(Thread.java:745)
]]>
    </failure>
  </testcase> <!-- thatOrdersCanBeAddedAndQueried -->
  <testcase name="thatOrdersCanBeAddedAndQueried" time="0.205" classname="com.sprhib.TestService"/>
  <testcase name="thatOrdersCanBeAddedAndQueried" time="0.140" classname="com.sprhib.TestService"/>
  <testcase name="thatOrdersCanBeAddedAndQueried" time="0.193" classname="com.sprhib.TestService"/>
  <testcase name="thatOrdersCanBeAddedAndQueried" time="0.291" classname="com.sprhib.TestService"/>
  <testcase name="thatOrdersCanBeAddedAndQueried" time="0.048" classname="com.sprhib.TestService">
    <failure type="org.springframework.web.client.ResourceAccessException" message="I/O error on GET request for &quot;http://localhost:8080/spr-mvc-hib/convertation/-110/EUR/USD&quot;:No buffer space available (maximum connections reached?): connect; nested exception is java.net.SocketException: No buffer space available (maximum connections reached?): connect">
      <![CDATA[org.springframework.web.client.ResourceAccessException: I/O error on GET request for "http://localhost:8080/spr-mvc-hib/convertation/-110/EUR/USD":No buffer space available (maximum connections reached?): connect; nested exception is java.net.SocketException: No buffer space available (maximum connections reached?): connect
	at org.springframework.web.client.RestTemplate.doExecute(RestTemplate.java:543)
	at org.springframework.web.client.RestTemplate.execute(RestTemplate.java:489)
	at org.springframework.web.client.RestTemplate.getForEntity(RestTemplate.java:250)
	at com.sprhib.TestService.thatOrdersCanBeAddedAndQueried(TestService.java:26)
	at sun.reflect.GeneratedMethodAccessor3.invoke(Unknown Source)
	at sun.reflect.DelegatingMethodAccessorImpl.invoke(DelegatingMethodAccessorImpl.java:43)
	at java.lang.reflect.Method.invoke(Method.java:606)
	at org.testng.internal.MethodInvocationHelper.invokeMethod(MethodInvocationHelper.java:84)
	at org.testng.internal.Invoker.invokeMethod(Invoker.java:714)
	at org.testng.internal.Invoker.invokeTestMethod(Invoker.java:901)
	at org.testng.internal.Invoker.invokeTestMethods(Invoker.java:1231)
	at org.testng.internal.TestMethodWorker.invokeTestMethods(TestMethodWorker.java:127)
	at org.testng.internal.TestMethodWorker.run(TestMethodWorker.java:111)
	at org.testng.internal.thread.ThreadUtil$2.call(ThreadUtil.java:64)
	at java.util.concurrent.FutureTask.run(FutureTask.java:262)
	at java.util.concurrent.ThreadPoolExecutor.runWorker(ThreadPoolExecutor.java:1145)
	at java.util.concurrent.ThreadPoolExecutor$Worker.run(ThreadPoolExecutor.java:615)
	at java.lang.Thread.run(Thread.java:745)
Caused by: java.net.SocketException: No buffer space available (maximum connections reached?): connect
	at java.net.DualStackPlainSocketImpl.connect0(Native Method)
	at java.net.DualStackPlainSocketImpl.socketConnect(DualStackPlainSocketImpl.java:79)
	at java.net.AbstractPlainSocketImpl.doConnect(AbstractPlainSocketImpl.java:339)
	at java.net.AbstractPlainSocketImpl.connectToAddress(AbstractPlainSocketImpl.java:200)
	at java.net.AbstractPlainSocketImpl.connect(AbstractPlainSocketImpl.java:182)
	at java.net.PlainSocketImpl.connect(PlainSocketImpl.java:172)
	at java.net.SocksSocketImpl.connect(SocksSocketImpl.java:392)
	at java.net.Socket.connect(Socket.java:579)
	at java.net.Socket.connect(Socket.java:528)
	at sun.net.NetworkClient.doConnect(NetworkClient.java:180)
	at sun.net.www.http.HttpClient.openServer(HttpClient.java:432)
	at sun.net.www.http.HttpClient.openServer(HttpClient.java:527)
	at sun.net.www.http.HttpClient.<init>(HttpClient.java:211)
	at sun.net.www.http.HttpClient.New(HttpClient.java:308)
	at sun.net.www.http.HttpClient.New(HttpClient.java:326)
	at sun.net.www.protocol.http.HttpURLConnection.getNewHttpClient(HttpURLConnection.java:996)
	at sun.net.www.protocol.http.HttpURLConnection.plainConnect(HttpURLConnection.java:932)
	at sun.net.www.protocol.http.HttpURLConnection.connect(HttpURLConnection.java:850)
	at org.springframework.http.client.SimpleBufferingClientHttpRequest.executeInternal(SimpleBufferingClientHttpRequest.java:78)
	at org.springframework.http.client.AbstractBufferingClientHttpRequest.executeInternal(AbstractBufferingClientHttpRequest.java:46)
	at org.springframework.http.client.AbstractClientHttpRequest.execute(AbstractClientHttpRequest.java:52)
	at org.springframework.web.client.RestTemplate.doExecute(RestTemplate.java:527)
	... 17 more
]]>
    </failure>
  </testcase> <!-- thatOrdersCanBeAddedAndQueried -->
  <testcase name="thatOrdersCanBeAddedAndQueried" time="0.121" classname="com.sprhib.TestService"/>
  <testcase name="thatOrdersCanBeAddedAndQueried" time="0.143" classname="com.sprhib.TestService"/>
  <testcase name="thatOrdersCanBeAddedAndQueried" time="0.163" classname="com.sprhib.TestService"/>
  <testcase name="thatOrdersCanBeAddedAndQueried" time="0.316" classname="com.sprhib.TestService"/>
  <testcase name="thatOrdersCanBeAddedAndQueried" time="0.200" classname="com.sprhib.TestService"/>
  <testcase name="thatOrdersCanBeAddedAndQueried" time="0.204" classname="com.sprhib.TestService"/>
  <testcase name="thatOrdersCanBeAddedAndQueried" time="0.205" classname="com.sprhib.TestService"/>
  <testcase name="thatOrdersCanBeAddedAndQueried" time="0.143" classname="com.sprhib.TestService"/>
  <testcase name="thatOrdersCanBeAddedAndQueried" time="0.126" classname="com.sprhib.TestService"/>
  <testcase name="thatOrdersCanBeAddedAndQueried" time="0.251" classname="com.sprhib.TestService"/>
  <testcase name="thatOrdersCanBeAddedAndQueried" time="0.193" classname="com.sprhib.TestService"/>
  <testcase name="thatOrdersCanBeAddedAndQueried" time="0.175" classname="com.sprhib.TestService"/>
  <testcase name="thatOrdersCanBeAddedAndQueried" time="0.204" classname="com.sprhib.TestService"/>
  <testcase name="thatOrdersCanBeAddedAndQueried" time="0.023" classname="com.sprhib.TestService">
    <failure type="org.springframework.web.client.ResourceAccessException" message="I/O error on GET request for &quot;http://localhost:8080/spr-mvc-hib/convertation/-110/EUR/USD&quot;:No buffer space available (maximum connections reached?): connect; nested exception is java.net.SocketException: No buffer space available (maximum connections reached?): connect">
      <![CDATA[org.springframework.web.client.ResourceAccessException: I/O error on GET request for "http://localhost:8080/spr-mvc-hib/convertation/-110/EUR/USD":No buffer space available (maximum connections reached?): connect; nested exception is java.net.SocketException: No buffer space available (maximum connections reached?): connect
	at org.springframework.web.client.RestTemplate.doExecute(RestTemplate.java:543)
	at org.springframework.web.client.RestTemplate.execute(RestTemplate.java:489)
	at org.springframework.web.client.RestTemplate.getForEntity(RestTemplate.java:250)
	at com.sprhib.TestService.thatOrdersCanBeAddedAndQueried(TestService.java:26)
	at sun.reflect.GeneratedMethodAccessor3.invoke(Unknown Source)
	at sun.reflect.DelegatingMethodAccessorImpl.invoke(DelegatingMethodAccessorImpl.java:43)
	at java.lang.reflect.Method.invoke(Method.java:606)
	at org.testng.internal.MethodInvocationHelper.invokeMethod(MethodInvocationHelper.java:84)
	at org.testng.internal.Invoker.invokeMethod(Invoker.java:714)
	at org.testng.internal.Invoker.invokeTestMethod(Invoker.java:901)
	at org.testng.internal.Invoker.invokeTestMethods(Invoker.java:1231)
	at org.testng.internal.TestMethodWorker.invokeTestMethods(TestMethodWorker.java:127)
	at org.testng.internal.TestMethodWorker.run(TestMethodWorker.java:111)
	at org.testng.internal.thread.ThreadUtil$2.call(ThreadUtil.java:64)
	at java.util.concurrent.FutureTask.run(FutureTask.java:262)
	at java.util.concurrent.ThreadPoolExecutor.runWorker(ThreadPoolExecutor.java:1145)
	at java.util.concurrent.ThreadPoolExecutor$Worker.run(ThreadPoolExecutor.java:615)
	at java.lang.Thread.run(Thread.java:745)
Caused by: java.net.SocketException: No buffer space available (maximum connections reached?): connect
	at java.net.DualStackPlainSocketImpl.connect0(Native Method)
	at java.net.DualStackPlainSocketImpl.socketConnect(DualStackPlainSocketImpl.java:79)
	at java.net.AbstractPlainSocketImpl.doConnect(AbstractPlainSocketImpl.java:339)
	at java.net.AbstractPlainSocketImpl.connectToAddress(AbstractPlainSocketImpl.java:200)
	at java.net.AbstractPlainSocketImpl.connect(AbstractPlainSocketImpl.java:182)
	at java.net.PlainSocketImpl.connect(PlainSocketImpl.java:172)
	at java.net.SocksSocketImpl.connect(SocksSocketImpl.java:392)
	at java.net.Socket.connect(Socket.java:579)
	at java.net.Socket.connect(Socket.java:528)
	at sun.net.NetworkClient.doConnect(NetworkClient.java:180)
	at sun.net.www.http.HttpClient.openServer(HttpClient.java:432)
	at sun.net.www.http.HttpClient.openServer(HttpClient.java:527)
	at sun.net.www.http.HttpClient.<init>(HttpClient.java:211)
	at sun.net.www.http.HttpClient.New(HttpClient.java:308)
	at sun.net.www.http.HttpClient.New(HttpClient.java:326)
	at sun.net.www.protocol.http.HttpURLConnection.getNewHttpClient(HttpURLConnection.java:996)
	at sun.net.www.protocol.http.HttpURLConnection.plainConnect(HttpURLConnection.java:932)
	at sun.net.www.protocol.http.HttpURLConnection.connect(HttpURLConnection.java:850)
	at org.springframework.http.client.SimpleBufferingClientHttpRequest.executeInternal(SimpleBufferingClientHttpRequest.java:78)
	at org.springframework.http.client.AbstractBufferingClientHttpRequest.executeInternal(AbstractBufferingClientHttpRequest.java:46)
	at org.springframework.http.client.AbstractClientHttpRequest.execute(AbstractClientHttpRequest.java:52)
	at org.springframework.web.client.RestTemplate.doExecute(RestTemplate.java:527)
	... 17 more
]]>
    </failure>
  </testcase> <!-- thatOrdersCanBeAddedAndQueried -->
  <testcase name="thatOrdersCanBeAddedAndQueried" time="0.175" classname="com.sprhib.TestService"/>
  <testcase name="thatOrdersCanBeAddedAndQueried" time="0.205" classname="com.sprhib.TestService"/>
  <testcase name="thatOrdersCanBeAddedAndQueried" time="0.138" classname="com.sprhib.TestService"/>
  <testcase name="thatOrdersCanBeAddedAndQueried" time="0.172" classname="com.sprhib.TestService"/>
  <testcase name="thatOrdersCanBeAddedAndQueried" time="0.258" classname="com.sprhib.TestService"/>
  <testcase name="thatOrdersCanBeAddedAndQueried" time="0.204" classname="com.sprhib.TestService"/>
  <testcase name="thatOrdersCanBeAddedAndQueried" time="0.292" classname="com.sprhib.TestService"/>
  <testcase name="thatOrdersCanBeAddedAndQueried" time="0.299" classname="com.sprhib.TestService"/>
  <testcase name="thatOrdersCanBeAddedAndQueried" time="0.178" classname="com.sprhib.TestService"/>
  <testcase name="thatOrdersCanBeAddedAndQueried" time="0.109" classname="com.sprhib.TestService"/>
  <testcase name="thatOrdersCanBeAddedAndQueried" time="0.258" classname="com.sprhib.TestService"/>
  <testcase name="thatOrdersCanBeAddedAndQueried" time="0.115" classname="com.sprhib.TestService"/>
  <testcase name="thatOrdersCanBeAddedAndQueried" time="0.132" classname="com.sprhib.TestService"/>
  <testcase name="thatOrdersCanBeAddedAndQueried" time="0.174" classname="com.sprhib.TestService"/>
  <testcase name="thatOrdersCanBeAddedAndQueried" time="0.083" classname="com.sprhib.TestService">
    <failure type="org.springframework.web.client.HttpServerErrorException" message="500 Internal Server Error">
      <![CDATA[org.springframework.web.client.HttpServerErrorException: 500 Internal Server Error
	at org.springframework.web.client.DefaultResponseErrorHandler.handleError(DefaultResponseErrorHandler.java:94)
	at org.springframework.web.client.RestTemplate.handleResponseError(RestTemplate.java:576)
	at org.springframework.web.client.RestTemplate.doExecute(RestTemplate.java:532)
	at org.springframework.web.client.RestTemplate.execute(RestTemplate.java:489)
	at org.springframework.web.client.RestTemplate.getForEntity(RestTemplate.java:250)
	at com.sprhib.TestService.thatOrdersCanBeAddedAndQueried(TestService.java:39)
	at sun.reflect.GeneratedMethodAccessor3.invoke(Unknown Source)
	at sun.reflect.DelegatingMethodAccessorImpl.invoke(DelegatingMethodAccessorImpl.java:43)
	at java.lang.reflect.Method.invoke(Method.java:606)
	at org.testng.internal.MethodInvocationHelper.invokeMethod(MethodInvocationHelper.java:84)
	at org.testng.internal.Invoker.invokeMethod(Invoker.java:714)
	at org.testng.internal.Invoker.invokeTestMethod(Invoker.java:901)
	at org.testng.internal.Invoker.invokeTestMethods(Invoker.java:1231)
	at org.testng.internal.TestMethodWorker.invokeTestMethods(TestMethodWorker.java:127)
	at org.testng.internal.TestMethodWorker.run(TestMethodWorker.java:111)
	at org.testng.internal.thread.ThreadUtil$2.call(ThreadUtil.java:64)
	at java.util.concurrent.FutureTask.run(FutureTask.java:262)
	at java.util.concurrent.ThreadPoolExecutor.runWorker(ThreadPoolExecutor.java:1145)
	at java.util.concurrent.ThreadPoolExecutor$Worker.run(ThreadPoolExecutor.java:615)
	at java.lang.Thread.run(Thread.java:745)
]]>
    </failure>
  </testcase> <!-- thatOrdersCanBeAddedAndQueried -->
  <testcase name="thatOrdersCanBeAddedAndQueried" time="0.214" classname="com.sprhib.TestService"/>
  <testcase name="thatOrdersCanBeAddedAndQueried" time="0.168" classname="com.sprhib.TestService"/>
  <testcase name="thatOrdersCanBeAddedAndQueried" time="0.094" classname="com.sprhib.TestService"/>
  <testcase name="thatOrdersCanBeAddedAndQueried" time="0.126" classname="com.sprhib.TestService"/>
  <testcase name="thatOrdersCanBeAddedAndQueried" time="0.185" classname="com.sprhib.TestService"/>
  <testcase name="thatOrdersCanBeAddedAndQueried" time="0.109" classname="com.sprhib.TestService"/>
  <testcase name="thatOrdersCanBeAddedAndQueried" time="0.193" classname="com.sprhib.TestService"/>
  <testcase name="thatOrdersCanBeAddedAndQueried" time="0.209" classname="com.sprhib.TestService"/>
  <testcase name="thatOrdersCanBeAddedAndQueried" time="0.178" classname="com.sprhib.TestService"/>
  <testcase name="thatOrdersCanBeAddedAndQueried" time="0.188" classname="com.sprhib.TestService"/>
  <testcase name="thatOrdersCanBeAddedAndQueried" time="0.190" classname="com.sprhib.TestService"/>
  <testcase name="thatOrdersCanBeAddedAndQueried" time="0.217" classname="com.sprhib.TestService"/>
  <testcase name="thatOrdersCanBeAddedAndQueried" time="0.124" classname="com.sprhib.TestService"/>
  <testcase name="thatOrdersCanBeAddedAndQueried" time="0.215" classname="com.sprhib.TestService"/>
  <testcase name="thatOrdersCanBeAddedAndQueried" time="0.205" classname="com.sprhib.TestService"/>
  <testcase name="thatOrdersCanBeAddedAndQueried" time="0.248" classname="com.sprhib.TestService"/>
  <testcase name="thatOrdersCanBeAddedAndQueried" time="0.265" classname="com.sprhib.TestService"/>
  <testcase name="thatOrdersCanBeAddedAndQueried" time="0.176" classname="com.sprhib.TestService"/>
  <testcase name="thatOrdersCanBeAddedAndQueried" time="0.240" classname="com.sprhib.TestService"/>
  <testcase name="thatOrdersCanBeAddedAndQueried" time="0.176" classname="com.sprhib.TestService"/>
  <testcase name="thatOrdersCanBeAddedAndQueried" time="0.193" classname="com.sprhib.TestService"/>
  <testcase name="thatOrdersCanBeAddedAndQueried" time="0.207" classname="com.sprhib.TestService"/>
  <testcase name="thatOrdersCanBeAddedAndQueried" time="0.222" classname="com.sprhib.TestService">
    <failure type="org.springframework.web.client.HttpServerErrorException" message="500 Internal Server Error">
      <![CDATA[org.springframework.web.client.HttpServerErrorException: 500 Internal Server Error
	at org.springframework.web.client.DefaultResponseErrorHandler.handleError(DefaultResponseErrorHandler.java:94)
	at org.springframework.web.client.RestTemplate.handleResponseError(RestTemplate.java:576)
	at org.springframework.web.client.RestTemplate.doExecute(RestTemplate.java:532)
	at org.springframework.web.client.RestTemplate.execute(RestTemplate.java:489)
	at org.springframework.web.client.RestTemplate.getForEntity(RestTemplate.java:250)
	at com.sprhib.TestService.thatOrdersCanBeAddedAndQueried(TestService.java:39)
	at sun.reflect.GeneratedMethodAccessor3.invoke(Unknown Source)
	at sun.reflect.DelegatingMethodAccessorImpl.invoke(DelegatingMethodAccessorImpl.java:43)
	at java.lang.reflect.Method.invoke(Method.java:606)
	at org.testng.internal.MethodInvocationHelper.invokeMethod(MethodInvocationHelper.java:84)
	at org.testng.internal.Invoker.invokeMethod(Invoker.java:714)
	at org.testng.internal.Invoker.invokeTestMethod(Invoker.java:901)
	at org.testng.internal.Invoker.invokeTestMethods(Invoker.java:1231)
	at org.testng.internal.TestMethodWorker.invokeTestMethods(TestMethodWorker.java:127)
	at org.testng.internal.TestMethodWorker.run(TestMethodWorker.java:111)
	at org.testng.internal.thread.ThreadUtil$2.call(ThreadUtil.java:64)
	at java.util.concurrent.FutureTask.run(FutureTask.java:262)
	at java.util.concurrent.ThreadPoolExecutor.runWorker(ThreadPoolExecutor.java:1145)
	at java.util.concurrent.ThreadPoolExecutor$Worker.run(ThreadPoolExecutor.java:615)
	at java.lang.Thread.run(Thread.java:745)
]]>
    </failure>
  </testcase> <!-- thatOrdersCanBeAddedAndQueried -->
  <testcase name="thatOrdersCanBeAddedAndQueried" time="0.222" classname="com.sprhib.TestService"/>
  <testcase name="thatOrdersCanBeAddedAndQueried" time="0.023" classname="com.sprhib.TestService">
    <failure type="org.springframework.web.client.ResourceAccessException" message="I/O error on GET request for &quot;http://localhost:8080/spr-mvc-hib/convertation/-110/EUR/USD&quot;:No buffer space available (maximum connections reached?): connect; nested exception is java.net.SocketException: No buffer space available (maximum connections reached?): connect">
      <![CDATA[org.springframework.web.client.ResourceAccessException: I/O error on GET request for "http://localhost:8080/spr-mvc-hib/convertation/-110/EUR/USD":No buffer space available (maximum connections reached?): connect; nested exception is java.net.SocketException: No buffer space available (maximum connections reached?): connect
	at org.springframework.web.client.RestTemplate.doExecute(RestTemplate.java:543)
	at org.springframework.web.client.RestTemplate.execute(RestTemplate.java:489)
	at org.springframework.web.client.RestTemplate.getForEntity(RestTemplate.java:250)
	at com.sprhib.TestService.thatOrdersCanBeAddedAndQueried(TestService.java:26)
	at sun.reflect.GeneratedMethodAccessor3.invoke(Unknown Source)
	at sun.reflect.DelegatingMethodAccessorImpl.invoke(DelegatingMethodAccessorImpl.java:43)
	at java.lang.reflect.Method.invoke(Method.java:606)
	at org.testng.internal.MethodInvocationHelper.invokeMethod(MethodInvocationHelper.java:84)
	at org.testng.internal.Invoker.invokeMethod(Invoker.java:714)
	at org.testng.internal.Invoker.invokeTestMethod(Invoker.java:901)
	at org.testng.internal.Invoker.invokeTestMethods(Invoker.java:1231)
	at org.testng.internal.TestMethodWorker.invokeTestMethods(TestMethodWorker.java:127)
	at org.testng.internal.TestMethodWorker.run(TestMethodWorker.java:111)
	at org.testng.internal.thread.ThreadUtil$2.call(ThreadUtil.java:64)
	at java.util.concurrent.FutureTask.run(FutureTask.java:262)
	at java.util.concurrent.ThreadPoolExecutor.runWorker(ThreadPoolExecutor.java:1145)
	at java.util.concurrent.ThreadPoolExecutor$Worker.run(ThreadPoolExecutor.java:615)
	at java.lang.Thread.run(Thread.java:745)
Caused by: java.net.SocketException: No buffer space available (maximum connections reached?): connect
	at java.net.DualStackPlainSocketImpl.connect0(Native Method)
	at java.net.DualStackPlainSocketImpl.socketConnect(DualStackPlainSocketImpl.java:79)
	at java.net.AbstractPlainSocketImpl.doConnect(AbstractPlainSocketImpl.java:339)
	at java.net.AbstractPlainSocketImpl.connectToAddress(AbstractPlainSocketImpl.java:200)
	at java.net.AbstractPlainSocketImpl.connect(AbstractPlainSocketImpl.java:182)
	at java.net.PlainSocketImpl.connect(PlainSocketImpl.java:172)
	at java.net.SocksSocketImpl.connect(SocksSocketImpl.java:392)
	at java.net.Socket.connect(Socket.java:579)
	at java.net.Socket.connect(Socket.java:528)
	at sun.net.NetworkClient.doConnect(NetworkClient.java:180)
	at sun.net.www.http.HttpClient.openServer(HttpClient.java:432)
	at sun.net.www.http.HttpClient.openServer(HttpClient.java:527)
	at sun.net.www.http.HttpClient.<init>(HttpClient.java:211)
	at sun.net.www.http.HttpClient.New(HttpClient.java:308)
	at sun.net.www.http.HttpClient.New(HttpClient.java:326)
	at sun.net.www.protocol.http.HttpURLConnection.getNewHttpClient(HttpURLConnection.java:996)
	at sun.net.www.protocol.http.HttpURLConnection.plainConnect(HttpURLConnection.java:932)
	at sun.net.www.protocol.http.HttpURLConnection.connect(HttpURLConnection.java:850)
	at org.springframework.http.client.SimpleBufferingClientHttpRequest.executeInternal(SimpleBufferingClientHttpRequest.java:78)
	at org.springframework.http.client.AbstractBufferingClientHttpRequest.executeInternal(AbstractBufferingClientHttpRequest.java:46)
	at org.springframework.http.client.AbstractClientHttpRequest.execute(AbstractClientHttpRequest.java:52)
	at org.springframework.web.client.RestTemplate.doExecute(RestTemplate.java:527)
	... 17 more
]]>
    </failure>
  </testcase> <!-- thatOrdersCanBeAddedAndQueried -->
  <testcase name="thatOrdersCanBeAddedAndQueried" time="0.170" classname="com.sprhib.TestService"/>
  <testcase name="thatOrdersCanBeAddedAndQueried" time="0.142" classname="com.sprhib.TestService"/>
  <testcase name="thatOrdersCanBeAddedAndQueried" time="0.128" classname="com.sprhib.TestService"/>
  <testcase name="thatOrdersCanBeAddedAndQueried" time="0.162" classname="com.sprhib.TestService"/>
  <testcase name="thatOrdersCanBeAddedAndQueried" time="0.218" classname="com.sprhib.TestService"/>
  <testcase name="thatOrdersCanBeAddedAndQueried" time="0.118" classname="com.sprhib.TestService"/>
  <testcase name="thatOrdersCanBeAddedAndQueried" time="0.202" classname="com.sprhib.TestService"/>
  <testcase name="thatOrdersCanBeAddedAndQueried" time="0.205" classname="com.sprhib.TestService"/>
  <testcase name="thatOrdersCanBeAddedAndQueried" time="0.214" classname="com.sprhib.TestService"/>
  <testcase name="thatOrdersCanBeAddedAndQueried" time="0.148" classname="com.sprhib.TestService"/>
  <testcase name="thatOrdersCanBeAddedAndQueried" time="0.197" classname="com.sprhib.TestService"/>
  <testcase name="thatOrdersCanBeAddedAndQueried" time="0.170" classname="com.sprhib.TestService"/>
  <testcase name="thatOrdersCanBeAddedAndQueried" time="0.154" classname="com.sprhib.TestService"/>
  <testcase name="thatOrdersCanBeAddedAndQueried" time="0.227" classname="com.sprhib.TestService"/>
  <testcase name="thatOrdersCanBeAddedAndQueried" time="0.153" classname="com.sprhib.TestService"/>
  <testcase name="thatOrdersCanBeAddedAndQueried" time="0.138" classname="com.sprhib.TestService"/>
  <testcase name="thatOrdersCanBeAddedAndQueried" time="0.146" classname="com.sprhib.TestService"/>
  <testcase name="thatOrdersCanBeAddedAndQueried" time="0.151" classname="com.sprhib.TestService"/>
  <testcase name="thatOrdersCanBeAddedAndQueried" time="0.148" classname="com.sprhib.TestService"/>
  <testcase name="thatOrdersCanBeAddedAndQueried" time="0.219" classname="com.sprhib.TestService"/>
  <testcase name="thatOrdersCanBeAddedAndQueried" time="0.212" classname="com.sprhib.TestService"/>
  <testcase name="thatOrdersCanBeAddedAndQueried" time="0.238" classname="com.sprhib.TestService"/>
  <testcase name="thatOrdersCanBeAddedAndQueried" time="0.205" classname="com.sprhib.TestService"/>
  <testcase name="thatOrdersCanBeAddedAndQueried" time="0.113" classname="com.sprhib.TestService"/>
  <testcase name="thatOrdersCanBeAddedAndQueried" time="0.177" classname="com.sprhib.TestService"/>
  <testcase name="thatOrdersCanBeAddedAndQueried" time="0.387" classname="com.sprhib.TestService"/>
  <testcase name="thatOrdersCanBeAddedAndQueried" time="0.185" classname="com.sprhib.TestService"/>
  <testcase name="thatOrdersCanBeAddedAndQueried" time="0.371" classname="com.sprhib.TestService"/>
  <testcase name="thatOrdersCanBeAddedAndQueried" time="0.178" classname="com.sprhib.TestService"/>
  <testcase name="thatOrdersCanBeAddedAndQueried" time="0.138" classname="com.sprhib.TestService"/>
  <testcase name="thatOrdersCanBeAddedAndQueried" time="0.151" classname="com.sprhib.TestService"/>
  <testcase name="thatOrdersCanBeAddedAndQueried" time="0.118" classname="com.sprhib.TestService"/>
  <testcase name="thatOrdersCanBeAddedAndQueried" time="0.228" classname="com.sprhib.TestService"/>
  <testcase name="thatOrdersCanBeAddedAndQueried" time="0.229" classname="com.sprhib.TestService"/>
  <testcase name="thatOrdersCanBeAddedAndQueried" time="0.189" classname="com.sprhib.TestService"/>
  <testcase name="thatOrdersCanBeAddedAndQueried" time="0.150" classname="com.sprhib.TestService"/>
  <testcase name="thatOrdersCanBeAddedAndQueried" time="0.167" classname="com.sprhib.TestService"/>
  <testcase name="thatOrdersCanBeAddedAndQueried" time="0.208" classname="com.sprhib.TestService"/>
  <testcase name="thatOrdersCanBeAddedAndQueried" time="0.139" classname="com.sprhib.TestService"/>
  <testcase name="thatOrdersCanBeAddedAndQueried" time="0.136" classname="com.sprhib.TestService"/>
  <testcase name="thatOrdersCanBeAddedAndQueried" time="0.144" classname="com.sprhib.TestService"/>
  <testcase name="thatOrdersCanBeAddedAndQueried" time="0.138" classname="com.sprhib.TestService"/>
  <testcase name="thatOrdersCanBeAddedAndQueried" time="0.139" classname="com.sprhib.TestService"/>
  <testcase name="thatOrdersCanBeAddedAndQueried" time="0.171" classname="com.sprhib.TestService"/>
  <testcase name="thatOrdersCanBeAddedAndQueried" time="0.558" classname="com.sprhib.TestService"/>
  <testcase name="thatOrdersCanBeAddedAndQueried" time="0.142" classname="com.sprhib.TestService"/>
  <testcase name="thatOrdersCanBeAddedAndQueried" time="0.161" classname="com.sprhib.TestService"/>
  <testcase name="thatOrdersCanBeAddedAndQueried" time="0.182" classname="com.sprhib.TestService"/>
  <testcase name="thatOrdersCanBeAddedAndQueried" time="0.132" classname="com.sprhib.TestService"/>
  <testcase name="thatOrdersCanBeAddedAndQueried" time="0.204" classname="com.sprhib.TestService"/>
  <testcase name="thatOrdersCanBeAddedAndQueried" time="0.204" classname="com.sprhib.TestService">
    <failure type="org.springframework.web.client.HttpServerErrorException" message="500 Internal Server Error">
      <![CDATA[org.springframework.web.client.HttpServerErrorException: 500 Internal Server Error
	at org.springframework.web.client.DefaultResponseErrorHandler.handleError(DefaultResponseErrorHandler.java:94)
	at org.springframework.web.client.RestTemplate.handleResponseError(RestTemplate.java:576)
	at org.springframework.web.client.RestTemplate.doExecute(RestTemplate.java:532)
	at org.springframework.web.client.RestTemplate.execute(RestTemplate.java:489)
	at org.springframework.web.client.RestTemplate.getForEntity(RestTemplate.java:250)
	at com.sprhib.TestService.thatOrdersCanBeAddedAndQueried(TestService.java:44)
	at sun.reflect.GeneratedMethodAccessor3.invoke(Unknown Source)
	at sun.reflect.DelegatingMethodAccessorImpl.invoke(DelegatingMethodAccessorImpl.java:43)
	at java.lang.reflect.Method.invoke(Method.java:606)
	at org.testng.internal.MethodInvocationHelper.invokeMethod(MethodInvocationHelper.java:84)
	at org.testng.internal.Invoker.invokeMethod(Invoker.java:714)
	at org.testng.internal.Invoker.invokeTestMethod(Invoker.java:901)
	at org.testng.internal.Invoker.invokeTestMethods(Invoker.java:1231)
	at org.testng.internal.TestMethodWorker.invokeTestMethods(TestMethodWorker.java:127)
	at org.testng.internal.TestMethodWorker.run(TestMethodWorker.java:111)
	at org.testng.internal.thread.ThreadUtil$2.call(ThreadUtil.java:64)
	at java.util.concurrent.FutureTask.run(FutureTask.java:262)
	at java.util.concurrent.ThreadPoolExecutor.runWorker(ThreadPoolExecutor.java:1145)
	at java.util.concurrent.ThreadPoolExecutor$Worker.run(ThreadPoolExecutor.java:615)
	at java.lang.Thread.run(Thread.java:745)
]]>
    </failure>
  </testcase> <!-- thatOrdersCanBeAddedAndQueried -->
  <testcase name="thatOrdersCanBeAddedAndQueried" time="0.236" classname="com.sprhib.TestService"/>
  <testcase name="thatOrdersCanBeAddedAndQueried" time="0.187" classname="com.sprhib.TestService"/>
  <testcase name="thatOrdersCanBeAddedAndQueried" time="0.017" classname="com.sprhib.TestService">
    <failure type="org.springframework.web.client.ResourceAccessException" message="I/O error on GET request for &quot;http://localhost:8080/spr-mvc-hib/convertation/-110/EUR/USD&quot;:No buffer space available (maximum connections reached?): connect; nested exception is java.net.SocketException: No buffer space available (maximum connections reached?): connect">
      <![CDATA[org.springframework.web.client.ResourceAccessException: I/O error on GET request for "http://localhost:8080/spr-mvc-hib/convertation/-110/EUR/USD":No buffer space available (maximum connections reached?): connect; nested exception is java.net.SocketException: No buffer space available (maximum connections reached?): connect
	at org.springframework.web.client.RestTemplate.doExecute(RestTemplate.java:543)
	at org.springframework.web.client.RestTemplate.execute(RestTemplate.java:489)
	at org.springframework.web.client.RestTemplate.getForEntity(RestTemplate.java:250)
	at com.sprhib.TestService.thatOrdersCanBeAddedAndQueried(TestService.java:26)
	at sun.reflect.GeneratedMethodAccessor3.invoke(Unknown Source)
	at sun.reflect.DelegatingMethodAccessorImpl.invoke(DelegatingMethodAccessorImpl.java:43)
	at java.lang.reflect.Method.invoke(Method.java:606)
	at org.testng.internal.MethodInvocationHelper.invokeMethod(MethodInvocationHelper.java:84)
	at org.testng.internal.Invoker.invokeMethod(Invoker.java:714)
	at org.testng.internal.Invoker.invokeTestMethod(Invoker.java:901)
	at org.testng.internal.Invoker.invokeTestMethods(Invoker.java:1231)
	at org.testng.internal.TestMethodWorker.invokeTestMethods(TestMethodWorker.java:127)
	at org.testng.internal.TestMethodWorker.run(TestMethodWorker.java:111)
	at org.testng.internal.thread.ThreadUtil$2.call(ThreadUtil.java:64)
	at java.util.concurrent.FutureTask.run(FutureTask.java:262)
	at java.util.concurrent.ThreadPoolExecutor.runWorker(ThreadPoolExecutor.java:1145)
	at java.util.concurrent.ThreadPoolExecutor$Worker.run(ThreadPoolExecutor.java:615)
	at java.lang.Thread.run(Thread.java:745)
Caused by: java.net.SocketException: No buffer space available (maximum connections reached?): connect
	at java.net.DualStackPlainSocketImpl.connect0(Native Method)
	at java.net.DualStackPlainSocketImpl.socketConnect(DualStackPlainSocketImpl.java:79)
	at java.net.AbstractPlainSocketImpl.doConnect(AbstractPlainSocketImpl.java:339)
	at java.net.AbstractPlainSocketImpl.connectToAddress(AbstractPlainSocketImpl.java:200)
	at java.net.AbstractPlainSocketImpl.connect(AbstractPlainSocketImpl.java:182)
	at java.net.PlainSocketImpl.connect(PlainSocketImpl.java:172)
	at java.net.SocksSocketImpl.connect(SocksSocketImpl.java:392)
	at java.net.Socket.connect(Socket.java:579)
	at java.net.Socket.connect(Socket.java:528)
	at sun.net.NetworkClient.doConnect(NetworkClient.java:180)
	at sun.net.www.http.HttpClient.openServer(HttpClient.java:432)
	at sun.net.www.http.HttpClient.openServer(HttpClient.java:527)
	at sun.net.www.http.HttpClient.<init>(HttpClient.java:211)
	at sun.net.www.http.HttpClient.New(HttpClient.java:308)
	at sun.net.www.http.HttpClient.New(HttpClient.java:326)
	at sun.net.www.protocol.http.HttpURLConnection.getNewHttpClient(HttpURLConnection.java:996)
	at sun.net.www.protocol.http.HttpURLConnection.plainConnect(HttpURLConnection.java:932)
	at sun.net.www.protocol.http.HttpURLConnection.connect(HttpURLConnection.java:850)
	at org.springframework.http.client.SimpleBufferingClientHttpRequest.executeInternal(SimpleBufferingClientHttpRequest.java:78)
	at org.springframework.http.client.AbstractBufferingClientHttpRequest.executeInternal(AbstractBufferingClientHttpRequest.java:46)
	at org.springframework.http.client.AbstractClientHttpRequest.execute(AbstractClientHttpRequest.java:52)
	at org.springframework.web.client.RestTemplate.doExecute(RestTemplate.java:527)
	... 17 more
]]>
    </failure>
  </testcase> <!-- thatOrdersCanBeAddedAndQueried -->
  <testcase name="thatOrdersCanBeAddedAndQueried" time="0.194" classname="com.sprhib.TestService"/>
  <testcase name="thatOrdersCanBeAddedAndQueried" time="0.249" classname="com.sprhib.TestService"/>
  <testcase name="thatOrdersCanBeAddedAndQueried" time="0.152" classname="com.sprhib.TestService"/>
  <testcase name="thatOrdersCanBeAddedAndQueried" time="0.115" classname="com.sprhib.TestService"/>
  <testcase name="thatOrdersCanBeAddedAndQueried" time="0.155" classname="com.sprhib.TestService">
    <failure type="org.springframework.web.client.HttpServerErrorException" message="500 Internal Server Error">
      <![CDATA[org.springframework.web.client.HttpServerErrorException: 500 Internal Server Error
	at org.springframework.web.client.DefaultResponseErrorHandler.handleError(DefaultResponseErrorHandler.java:94)
	at org.springframework.web.client.RestTemplate.handleResponseError(RestTemplate.java:576)
	at org.springframework.web.client.RestTemplate.doExecute(RestTemplate.java:532)
	at org.springframework.web.client.RestTemplate.execute(RestTemplate.java:489)
	at org.springframework.web.client.RestTemplate.getForEntity(RestTemplate.java:250)
	at com.sprhib.TestService.thatOrdersCanBeAddedAndQueried(TestService.java:39)
	at sun.reflect.GeneratedMethodAccessor3.invoke(Unknown Source)
	at sun.reflect.DelegatingMethodAccessorImpl.invoke(DelegatingMethodAccessorImpl.java:43)
	at java.lang.reflect.Method.invoke(Method.java:606)
	at org.testng.internal.MethodInvocationHelper.invokeMethod(MethodInvocationHelper.java:84)
	at org.testng.internal.Invoker.invokeMethod(Invoker.java:714)
	at org.testng.internal.Invoker.invokeTestMethod(Invoker.java:901)
	at org.testng.internal.Invoker.invokeTestMethods(Invoker.java:1231)
	at org.testng.internal.TestMethodWorker.invokeTestMethods(TestMethodWorker.java:127)
	at org.testng.internal.TestMethodWorker.run(TestMethodWorker.java:111)
	at org.testng.internal.thread.ThreadUtil$2.call(ThreadUtil.java:64)
	at java.util.concurrent.FutureTask.run(FutureTask.java:262)
	at java.util.concurrent.ThreadPoolExecutor.runWorker(ThreadPoolExecutor.java:1145)
	at java.util.concurrent.ThreadPoolExecutor$Worker.run(ThreadPoolExecutor.java:615)
	at java.lang.Thread.run(Thread.java:745)
]]>
    </failure>
  </testcase> <!-- thatOrdersCanBeAddedAndQueried -->
  <testcase name="thatOrdersCanBeAddedAndQueried" time="0.032" classname="com.sprhib.TestService">
    <failure type="org.springframework.web.client.ResourceAccessException" message="I/O error on GET request for &quot;http://localhost:8080/spr-mvc-hib/convertation/-110/EUR/USD&quot;:No buffer space available (maximum connections reached?): connect; nested exception is java.net.SocketException: No buffer space available (maximum connections reached?): connect">
      <![CDATA[org.springframework.web.client.ResourceAccessException: I/O error on GET request for "http://localhost:8080/spr-mvc-hib/convertation/-110/EUR/USD":No buffer space available (maximum connections reached?): connect; nested exception is java.net.SocketException: No buffer space available (maximum connections reached?): connect
	at org.springframework.web.client.RestTemplate.doExecute(RestTemplate.java:543)
	at org.springframework.web.client.RestTemplate.execute(RestTemplate.java:489)
	at org.springframework.web.client.RestTemplate.getForEntity(RestTemplate.java:250)
	at com.sprhib.TestService.thatOrdersCanBeAddedAndQueried(TestService.java:26)
	at sun.reflect.GeneratedMethodAccessor3.invoke(Unknown Source)
	at sun.reflect.DelegatingMethodAccessorImpl.invoke(DelegatingMethodAccessorImpl.java:43)
	at java.lang.reflect.Method.invoke(Method.java:606)
	at org.testng.internal.MethodInvocationHelper.invokeMethod(MethodInvocationHelper.java:84)
	at org.testng.internal.Invoker.invokeMethod(Invoker.java:714)
	at org.testng.internal.Invoker.invokeTestMethod(Invoker.java:901)
	at org.testng.internal.Invoker.invokeTestMethods(Invoker.java:1231)
	at org.testng.internal.TestMethodWorker.invokeTestMethods(TestMethodWorker.java:127)
	at org.testng.internal.TestMethodWorker.run(TestMethodWorker.java:111)
	at org.testng.internal.thread.ThreadUtil$2.call(ThreadUtil.java:64)
	at java.util.concurrent.FutureTask.run(FutureTask.java:262)
	at java.util.concurrent.ThreadPoolExecutor.runWorker(ThreadPoolExecutor.java:1145)
	at java.util.concurrent.ThreadPoolExecutor$Worker.run(ThreadPoolExecutor.java:615)
	at java.lang.Thread.run(Thread.java:745)
Caused by: java.net.SocketException: No buffer space available (maximum connections reached?): connect
	at java.net.DualStackPlainSocketImpl.connect0(Native Method)
	at java.net.DualStackPlainSocketImpl.socketConnect(DualStackPlainSocketImpl.java:79)
	at java.net.AbstractPlainSocketImpl.doConnect(AbstractPlainSocketImpl.java:339)
	at java.net.AbstractPlainSocketImpl.connectToAddress(AbstractPlainSocketImpl.java:200)
	at java.net.AbstractPlainSocketImpl.connect(AbstractPlainSocketImpl.java:182)
	at java.net.PlainSocketImpl.connect(PlainSocketImpl.java:172)
	at java.net.SocksSocketImpl.connect(SocksSocketImpl.java:392)
	at java.net.Socket.connect(Socket.java:579)
	at java.net.Socket.connect(Socket.java:528)
	at sun.net.NetworkClient.doConnect(NetworkClient.java:180)
	at sun.net.www.http.HttpClient.openServer(HttpClient.java:432)
	at sun.net.www.http.HttpClient.openServer(HttpClient.java:527)
	at sun.net.www.http.HttpClient.<init>(HttpClient.java:211)
	at sun.net.www.http.HttpClient.New(HttpClient.java:308)
	at sun.net.www.http.HttpClient.New(HttpClient.java:326)
	at sun.net.www.protocol.http.HttpURLConnection.getNewHttpClient(HttpURLConnection.java:996)
	at sun.net.www.protocol.http.HttpURLConnection.plainConnect(HttpURLConnection.java:932)
	at sun.net.www.protocol.http.HttpURLConnection.connect(HttpURLConnection.java:850)
	at org.springframework.http.client.SimpleBufferingClientHttpRequest.executeInternal(SimpleBufferingClientHttpRequest.java:78)
	at org.springframework.http.client.AbstractBufferingClientHttpRequest.executeInternal(AbstractBufferingClientHttpRequest.java:46)
	at org.springframework.http.client.AbstractClientHttpRequest.execute(AbstractClientHttpRequest.java:52)
	at org.springframework.web.client.RestTemplate.doExecute(RestTemplate.java:527)
	... 17 more
]]>
    </failure>
  </testcase> <!-- thatOrdersCanBeAddedAndQueried -->
  <testcase name="thatOrdersCanBeAddedAndQueried" time="0.215" classname="com.sprhib.TestService"/>
  <testcase name="thatOrdersCanBeAddedAndQueried" time="0.221" classname="com.sprhib.TestService"/>
  <testcase name="thatOrdersCanBeAddedAndQueried" time="0.155" classname="com.sprhib.TestService"/>
  <testcase name="thatOrdersCanBeAddedAndQueried" time="0.309" classname="com.sprhib.TestService"/>
  <testcase name="thatOrdersCanBeAddedAndQueried" time="0.166" classname="com.sprhib.TestService"/>
  <testcase name="thatOrdersCanBeAddedAndQueried" time="0.133" classname="com.sprhib.TestService"/>
  <testcase name="thatOrdersCanBeAddedAndQueried" time="0.224" classname="com.sprhib.TestService"/>
  <testcase name="thatOrdersCanBeAddedAndQueried" time="0.223" classname="com.sprhib.TestService"/>
  <testcase name="thatOrdersCanBeAddedAndQueried" time="0.226" classname="com.sprhib.TestService"/>
  <testcase name="thatOrdersCanBeAddedAndQueried" time="0.243" classname="com.sprhib.TestService"/>
  <testcase name="thatOrdersCanBeAddedAndQueried" time="0.195" classname="com.sprhib.TestService"/>
  <testcase name="thatOrdersCanBeAddedAndQueried" time="0.160" classname="com.sprhib.TestService"/>
  <testcase name="thatOrdersCanBeAddedAndQueried" time="0.175" classname="com.sprhib.TestService"/>
  <testcase name="thatOrdersCanBeAddedAndQueried" time="0.194" classname="com.sprhib.TestService"/>
  <testcase name="thatOrdersCanBeAddedAndQueried" time="0.150" classname="com.sprhib.TestService"/>
  <testcase name="thatOrdersCanBeAddedAndQueried" time="0.256" classname="com.sprhib.TestService"/>
  <testcase name="thatOrdersCanBeAddedAndQueried" time="0.189" classname="com.sprhib.TestService"/>
  <testcase name="thatOrdersCanBeAddedAndQueried" time="0.040" classname="com.sprhib.TestService">
    <failure type="org.springframework.web.client.ResourceAccessException" message="I/O error on GET request for &quot;http://localhost:8080/spr-mvc-hib/convertation/-110/EUR/USD&quot;:No buffer space available (maximum connections reached?): connect; nested exception is java.net.SocketException: No buffer space available (maximum connections reached?): connect">
      <![CDATA[org.springframework.web.client.ResourceAccessException: I/O error on GET request for "http://localhost:8080/spr-mvc-hib/convertation/-110/EUR/USD":No buffer space available (maximum connections reached?): connect; nested exception is java.net.SocketException: No buffer space available (maximum connections reached?): connect
	at org.springframework.web.client.RestTemplate.doExecute(RestTemplate.java:543)
	at org.springframework.web.client.RestTemplate.execute(RestTemplate.java:489)
	at org.springframework.web.client.RestTemplate.getForEntity(RestTemplate.java:250)
	at com.sprhib.TestService.thatOrdersCanBeAddedAndQueried(TestService.java:26)
	at sun.reflect.GeneratedMethodAccessor3.invoke(Unknown Source)
	at sun.reflect.DelegatingMethodAccessorImpl.invoke(DelegatingMethodAccessorImpl.java:43)
	at java.lang.reflect.Method.invoke(Method.java:606)
	at org.testng.internal.MethodInvocationHelper.invokeMethod(MethodInvocationHelper.java:84)
	at org.testng.internal.Invoker.invokeMethod(Invoker.java:714)
	at org.testng.internal.Invoker.invokeTestMethod(Invoker.java:901)
	at org.testng.internal.Invoker.invokeTestMethods(Invoker.java:1231)
	at org.testng.internal.TestMethodWorker.invokeTestMethods(TestMethodWorker.java:127)
	at org.testng.internal.TestMethodWorker.run(TestMethodWorker.java:111)
	at org.testng.internal.thread.ThreadUtil$2.call(ThreadUtil.java:64)
	at java.util.concurrent.FutureTask.run(FutureTask.java:262)
	at java.util.concurrent.ThreadPoolExecutor.runWorker(ThreadPoolExecutor.java:1145)
	at java.util.concurrent.ThreadPoolExecutor$Worker.run(ThreadPoolExecutor.java:615)
	at java.lang.Thread.run(Thread.java:745)
Caused by: java.net.SocketException: No buffer space available (maximum connections reached?): connect
	at java.net.DualStackPlainSocketImpl.connect0(Native Method)
	at java.net.DualStackPlainSocketImpl.socketConnect(DualStackPlainSocketImpl.java:79)
	at java.net.AbstractPlainSocketImpl.doConnect(AbstractPlainSocketImpl.java:339)
	at java.net.AbstractPlainSocketImpl.connectToAddress(AbstractPlainSocketImpl.java:200)
	at java.net.AbstractPlainSocketImpl.connect(AbstractPlainSocketImpl.java:182)
	at java.net.PlainSocketImpl.connect(PlainSocketImpl.java:172)
	at java.net.SocksSocketImpl.connect(SocksSocketImpl.java:392)
	at java.net.Socket.connect(Socket.java:579)
	at java.net.Socket.connect(Socket.java:528)
	at sun.net.NetworkClient.doConnect(NetworkClient.java:180)
	at sun.net.www.http.HttpClient.openServer(HttpClient.java:432)
	at sun.net.www.http.HttpClient.openServer(HttpClient.java:527)
	at sun.net.www.http.HttpClient.<init>(HttpClient.java:211)
	at sun.net.www.http.HttpClient.New(HttpClient.java:308)
	at sun.net.www.http.HttpClient.New(HttpClient.java:326)
	at sun.net.www.protocol.http.HttpURLConnection.getNewHttpClient(HttpURLConnection.java:996)
	at sun.net.www.protocol.http.HttpURLConnection.plainConnect(HttpURLConnection.java:932)
	at sun.net.www.protocol.http.HttpURLConnection.connect(HttpURLConnection.java:850)
	at org.springframework.http.client.SimpleBufferingClientHttpRequest.executeInternal(SimpleBufferingClientHttpRequest.java:78)
	at org.springframework.http.client.AbstractBufferingClientHttpRequest.executeInternal(AbstractBufferingClientHttpRequest.java:46)
	at org.springframework.http.client.AbstractClientHttpRequest.execute(AbstractClientHttpRequest.java:52)
	at org.springframework.web.client.RestTemplate.doExecute(RestTemplate.java:527)
	... 17 more
]]>
    </failure>
  </testcase> <!-- thatOrdersCanBeAddedAndQueried -->
  <testcase name="thatOrdersCanBeAddedAndQueried" time="0.229" classname="com.sprhib.TestService"/>
  <testcase name="thatOrdersCanBeAddedAndQueried" time="0.289" classname="com.sprhib.TestService"/>
  <testcase name="thatOrdersCanBeAddedAndQueried" time="0.272" classname="com.sprhib.TestService"/>
  <testcase name="thatOrdersCanBeAddedAndQueried" time="0.238" classname="com.sprhib.TestService"/>
  <testcase name="thatOrdersCanBeAddedAndQueried" time="0.218" classname="com.sprhib.TestService"/>
  <testcase name="thatOrdersCanBeAddedAndQueried" time="0.238" classname="com.sprhib.TestService"/>
  <testcase name="thatOrdersCanBeAddedAndQueried" time="0.208" classname="com.sprhib.TestService"/>
  <testcase name="thatOrdersCanBeAddedAndQueried" time="0.180" classname="com.sprhib.TestService"/>
  <testcase name="thatOrdersCanBeAddedAndQueried" time="0.194" classname="com.sprhib.TestService"/>
  <testcase name="thatOrdersCanBeAddedAndQueried" time="0.121" classname="com.sprhib.TestService"/>
  <testcase name="thatOrdersCanBeAddedAndQueried" time="0.294" classname="com.sprhib.TestService"/>
  <testcase name="thatOrdersCanBeAddedAndQueried" time="0.110" classname="com.sprhib.TestService"/>
  <testcase name="thatOrdersCanBeAddedAndQueried" time="0.057" classname="com.sprhib.TestService">
    <failure type="org.springframework.web.client.ResourceAccessException" message="I/O error on GET request for &quot;http://localhost:8080/spr-mvc-hib/convertation/-110/EUR/USD&quot;:No buffer space available (maximum connections reached?): connect; nested exception is java.net.SocketException: No buffer space available (maximum connections reached?): connect">
      <![CDATA[org.springframework.web.client.ResourceAccessException: I/O error on GET request for "http://localhost:8080/spr-mvc-hib/convertation/-110/EUR/USD":No buffer space available (maximum connections reached?): connect; nested exception is java.net.SocketException: No buffer space available (maximum connections reached?): connect
	at org.springframework.web.client.RestTemplate.doExecute(RestTemplate.java:543)
	at org.springframework.web.client.RestTemplate.execute(RestTemplate.java:489)
	at org.springframework.web.client.RestTemplate.getForEntity(RestTemplate.java:250)
	at com.sprhib.TestService.thatOrdersCanBeAddedAndQueried(TestService.java:26)
	at sun.reflect.GeneratedMethodAccessor3.invoke(Unknown Source)
	at sun.reflect.DelegatingMethodAccessorImpl.invoke(DelegatingMethodAccessorImpl.java:43)
	at java.lang.reflect.Method.invoke(Method.java:606)
	at org.testng.internal.MethodInvocationHelper.invokeMethod(MethodInvocationHelper.java:84)
	at org.testng.internal.Invoker.invokeMethod(Invoker.java:714)
	at org.testng.internal.Invoker.invokeTestMethod(Invoker.java:901)
	at org.testng.internal.Invoker.invokeTestMethods(Invoker.java:1231)
	at org.testng.internal.TestMethodWorker.invokeTestMethods(TestMethodWorker.java:127)
	at org.testng.internal.TestMethodWorker.run(TestMethodWorker.java:111)
	at org.testng.internal.thread.ThreadUtil$2.call(ThreadUtil.java:64)
	at java.util.concurrent.FutureTask.run(FutureTask.java:262)
	at java.util.concurrent.ThreadPoolExecutor.runWorker(ThreadPoolExecutor.java:1145)
	at java.util.concurrent.ThreadPoolExecutor$Worker.run(ThreadPoolExecutor.java:615)
	at java.lang.Thread.run(Thread.java:745)
Caused by: java.net.SocketException: No buffer space available (maximum connections reached?): connect
	at java.net.DualStackPlainSocketImpl.connect0(Native Method)
	at java.net.DualStackPlainSocketImpl.socketConnect(DualStackPlainSocketImpl.java:79)
	at java.net.AbstractPlainSocketImpl.doConnect(AbstractPlainSocketImpl.java:339)
	at java.net.AbstractPlainSocketImpl.connectToAddress(AbstractPlainSocketImpl.java:200)
	at java.net.AbstractPlainSocketImpl.connect(AbstractPlainSocketImpl.java:182)
	at java.net.PlainSocketImpl.connect(PlainSocketImpl.java:172)
	at java.net.SocksSocketImpl.connect(SocksSocketImpl.java:392)
	at java.net.Socket.connect(Socket.java:579)
	at java.net.Socket.connect(Socket.java:528)
	at sun.net.NetworkClient.doConnect(NetworkClient.java:180)
	at sun.net.www.http.HttpClient.openServer(HttpClient.java:432)
	at sun.net.www.http.HttpClient.openServer(HttpClient.java:527)
	at sun.net.www.http.HttpClient.<init>(HttpClient.java:211)
	at sun.net.www.http.HttpClient.New(HttpClient.java:308)
	at sun.net.www.http.HttpClient.New(HttpClient.java:326)
	at sun.net.www.protocol.http.HttpURLConnection.getNewHttpClient(HttpURLConnection.java:996)
	at sun.net.www.protocol.http.HttpURLConnection.plainConnect(HttpURLConnection.java:932)
	at sun.net.www.protocol.http.HttpURLConnection.connect(HttpURLConnection.java:850)
	at org.springframework.http.client.SimpleBufferingClientHttpRequest.executeInternal(SimpleBufferingClientHttpRequest.java:78)
	at org.springframework.http.client.AbstractBufferingClientHttpRequest.executeInternal(AbstractBufferingClientHttpRequest.java:46)
	at org.springframework.http.client.AbstractClientHttpRequest.execute(AbstractClientHttpRequest.java:52)
	at org.springframework.web.client.RestTemplate.doExecute(RestTemplate.java:527)
	... 17 more
]]>
    </failure>
  </testcase> <!-- thatOrdersCanBeAddedAndQueried -->
  <testcase name="thatOrdersCanBeAddedAndQueried" time="0.247" classname="com.sprhib.TestService"/>
  <testcase name="thatOrdersCanBeAddedAndQueried" time="0.242" classname="com.sprhib.TestService"/>
  <testcase name="thatOrdersCanBeAddedAndQueried" time="0.154" classname="com.sprhib.TestService"/>
  <testcase name="thatOrdersCanBeAddedAndQueried" time="0.139" classname="com.sprhib.TestService"/>
  <testcase name="thatOrdersCanBeAddedAndQueried" time="0.253" classname="com.sprhib.TestService"/>
  <testcase name="thatOrdersCanBeAddedAndQueried" time="0.165" classname="com.sprhib.TestService"/>
  <testcase name="thatOrdersCanBeAddedAndQueried" time="0.164" classname="com.sprhib.TestService"/>
  <testcase name="thatOrdersCanBeAddedAndQueried" time="0.262" classname="com.sprhib.TestService"/>
  <testcase name="thatOrdersCanBeAddedAndQueried" time="0.196" classname="com.sprhib.TestService"/>
  <testcase name="thatOrdersCanBeAddedAndQueried" time="0.206" classname="com.sprhib.TestService"/>
  <testcase name="thatOrdersCanBeAddedAndQueried" time="0.274" classname="com.sprhib.TestService"/>
  <testcase name="thatOrdersCanBeAddedAndQueried" time="0.175" classname="com.sprhib.TestService"/>
  <testcase name="thatOrdersCanBeAddedAndQueried" time="0.158" classname="com.sprhib.TestService"/>
  <testcase name="thatOrdersCanBeAddedAndQueried" time="0.167" classname="com.sprhib.TestService"/>
  <testcase name="thatOrdersCanBeAddedAndQueried" time="0.149" classname="com.sprhib.TestService"/>
  <testcase name="thatOrdersCanBeAddedAndQueried" time="0.178" classname="com.sprhib.TestService"/>
  <testcase name="thatOrdersCanBeAddedAndQueried" time="0.255" classname="com.sprhib.TestService"/>
  <testcase name="thatOrdersCanBeAddedAndQueried" time="0.206" classname="com.sprhib.TestService"/>
  <testcase name="thatOrdersCanBeAddedAndQueried" time="0.242" classname="com.sprhib.TestService"/>
  <testcase name="thatOrdersCanBeAddedAndQueried" time="0.174" classname="com.sprhib.TestService"/>
  <testcase name="thatOrdersCanBeAddedAndQueried" time="0.143" classname="com.sprhib.TestService"/>
  <testcase name="thatOrdersCanBeAddedAndQueried" time="0.190" classname="com.sprhib.TestService"/>
  <testcase name="thatOrdersCanBeAddedAndQueried" time="0.196" classname="com.sprhib.TestService"/>
  <testcase name="thatOrdersCanBeAddedAndQueried" time="0.188" classname="com.sprhib.TestService"/>
  <testcase name="thatOrdersCanBeAddedAndQueried" time="0.119" classname="com.sprhib.TestService"/>
  <testcase name="thatOrdersCanBeAddedAndQueried" time="0.242" classname="com.sprhib.TestService"/>
  <testcase name="thatOrdersCanBeAddedAndQueried" time="0.218" classname="com.sprhib.TestService"/>
  <testcase name="thatOrdersCanBeAddedAndQueried" time="0.171" classname="com.sprhib.TestService"/>
  <testcase name="thatOrdersCanBeAddedAndQueried" time="0.138" classname="com.sprhib.TestService"/>
  <testcase name="thatOrdersCanBeAddedAndQueried" time="0.146" classname="com.sprhib.TestService"/>
  <testcase name="thatOrdersCanBeAddedAndQueried" time="0.260" classname="com.sprhib.TestService"/>
  <testcase name="thatOrdersCanBeAddedAndQueried" time="0.191" classname="com.sprhib.TestService"/>
  <testcase name="thatOrdersCanBeAddedAndQueried" time="0.128" classname="com.sprhib.TestService"/>
  <testcase name="thatOrdersCanBeAddedAndQueried" time="0.252" classname="com.sprhib.TestService"/>
  <testcase name="thatOrdersCanBeAddedAndQueried" time="0.142" classname="com.sprhib.TestService"/>
  <testcase name="thatOrdersCanBeAddedAndQueried" time="0.213" classname="com.sprhib.TestService"/>
  <testcase name="thatOrdersCanBeAddedAndQueried" time="0.155" classname="com.sprhib.TestService"/>
  <testcase name="thatOrdersCanBeAddedAndQueried" time="0.226" classname="com.sprhib.TestService"/>
  <testcase name="thatOrdersCanBeAddedAndQueried" time="0.200" classname="com.sprhib.TestService"/>
  <testcase name="thatOrdersCanBeAddedAndQueried" time="0.280" classname="com.sprhib.TestService"/>
  <testcase name="thatOrdersCanBeAddedAndQueried" time="0.123" classname="com.sprhib.TestService"/>
  <testcase name="thatOrdersCanBeAddedAndQueried" time="0.116" classname="com.sprhib.TestService"/>
  <testcase name="thatOrdersCanBeAddedAndQueried" time="0.112" classname="com.sprhib.TestService"/>
  <testcase name="thatOrdersCanBeAddedAndQueried" time="0.183" classname="com.sprhib.TestService"/>
  <testcase name="thatOrdersCanBeAddedAndQueried" time="0.154" classname="com.sprhib.TestService"/>
  <testcase name="thatOrdersCanBeAddedAndQueried" time="0.166" classname="com.sprhib.TestService"/>
  <testcase name="thatOrdersCanBeAddedAndQueried" time="0.102" classname="com.sprhib.TestService"/>
  <testcase name="thatOrdersCanBeAddedAndQueried" time="0.141" classname="com.sprhib.TestService"/>
  <testcase name="thatOrdersCanBeAddedAndQueried" time="0.194" classname="com.sprhib.TestService"/>
  <testcase name="thatOrdersCanBeAddedAndQueried" time="0.171" classname="com.sprhib.TestService"/>
  <testcase name="thatOrdersCanBeAddedAndQueried" time="0.179" classname="com.sprhib.TestService"/>
  <testcase name="thatOrdersCanBeAddedAndQueried" time="0.097" classname="com.sprhib.TestService"/>
  <testcase name="thatOrdersCanBeAddedAndQueried" time="0.205" classname="com.sprhib.TestService"/>
  <testcase name="thatOrdersCanBeAddedAndQueried" time="0.294" classname="com.sprhib.TestService"/>
  <testcase name="thatOrdersCanBeAddedAndQueried" time="0.289" classname="com.sprhib.TestService"/>
  <testcase name="thatOrdersCanBeAddedAndQueried" time="0.188" classname="com.sprhib.TestService"/>
  <testcase name="thatOrdersCanBeAddedAndQueried" time="0.148" classname="com.sprhib.TestService"/>
  <testcase name="thatOrdersCanBeAddedAndQueried" time="0.252" classname="com.sprhib.TestService"/>
  <testcase name="thatOrdersCanBeAddedAndQueried" time="0.256" classname="com.sprhib.TestService"/>
  <testcase name="thatOrdersCanBeAddedAndQueried" time="0.163" classname="com.sprhib.TestService"/>
  <testcase name="thatOrdersCanBeAddedAndQueried" time="0.248" classname="com.sprhib.TestService"/>
  <testcase name="thatOrdersCanBeAddedAndQueried" time="0.128" classname="com.sprhib.TestService"/>
  <testcase name="thatOrdersCanBeAddedAndQueried" time="0.179" classname="com.sprhib.TestService"/>
  <testcase name="thatOrdersCanBeAddedAndQueried" time="0.299" classname="com.sprhib.TestService"/>
  <testcase name="thatOrdersCanBeAddedAndQueried" time="0.161" classname="com.sprhib.TestService"/>
  <testcase name="thatOrdersCanBeAddedAndQueried" time="0.161" classname="com.sprhib.TestService"/>
  <testcase name="thatOrdersCanBeAddedAndQueried" time="0.257" classname="com.sprhib.TestService"/>
  <testcase name="thatOrdersCanBeAddedAndQueried" time="1.092" classname="com.sprhib.TestService"/>
  <testcase name="thatOrdersCanBeAddedAndQueried" time="0.210" classname="com.sprhib.TestService"/>
  <testcase name="thatOrdersCanBeAddedAndQueried" time="0.106" classname="com.sprhib.TestService">
    <failure type="org.springframework.web.client.HttpServerErrorException" message="500 Internal Server Error">
      <![CDATA[org.springframework.web.client.HttpServerErrorException: 500 Internal Server Error
	at org.springframework.web.client.DefaultResponseErrorHandler.handleError(DefaultResponseErrorHandler.java:94)
	at org.springframework.web.client.RestTemplate.handleResponseError(RestTemplate.java:576)
	at org.springframework.web.client.RestTemplate.doExecute(RestTemplate.java:532)
	at org.springframework.web.client.RestTemplate.execute(RestTemplate.java:489)
	at org.springframework.web.client.RestTemplate.getForEntity(RestTemplate.java:250)
	at com.sprhib.TestService.thatOrdersCanBeAddedAndQueried(TestService.java:39)
	at sun.reflect.GeneratedMethodAccessor3.invoke(Unknown Source)
	at sun.reflect.DelegatingMethodAccessorImpl.invoke(DelegatingMethodAccessorImpl.java:43)
	at java.lang.reflect.Method.invoke(Method.java:606)
	at org.testng.internal.MethodInvocationHelper.invokeMethod(MethodInvocationHelper.java:84)
	at org.testng.internal.Invoker.invokeMethod(Invoker.java:714)
	at org.testng.internal.Invoker.invokeTestMethod(Invoker.java:901)
	at org.testng.internal.Invoker.invokeTestMethods(Invoker.java:1231)
	at org.testng.internal.TestMethodWorker.invokeTestMethods(TestMethodWorker.java:127)
	at org.testng.internal.TestMethodWorker.run(TestMethodWorker.java:111)
	at org.testng.internal.thread.ThreadUtil$2.call(ThreadUtil.java:64)
	at java.util.concurrent.FutureTask.run(FutureTask.java:262)
	at java.util.concurrent.ThreadPoolExecutor.runWorker(ThreadPoolExecutor.java:1145)
	at java.util.concurrent.ThreadPoolExecutor$Worker.run(ThreadPoolExecutor.java:615)
	at java.lang.Thread.run(Thread.java:745)
]]>
    </failure>
  </testcase> <!-- thatOrdersCanBeAddedAndQueried -->
  <testcase name="thatOrdersCanBeAddedAndQueried" time="0.113" classname="com.sprhib.TestService">
    <failure type="org.springframework.web.client.ResourceAccessException" message="I/O error on GET request for &quot;http://localhost:8080/spr-mvc-hib/convertation/-110/EUR/USD&quot;:No buffer space available (maximum connections reached?): connect; nested exception is java.net.SocketException: No buffer space available (maximum connections reached?): connect">
      <![CDATA[org.springframework.web.client.ResourceAccessException: I/O error on GET request for "http://localhost:8080/spr-mvc-hib/convertation/-110/EUR/USD":No buffer space available (maximum connections reached?): connect; nested exception is java.net.SocketException: No buffer space available (maximum connections reached?): connect
	at org.springframework.web.client.RestTemplate.doExecute(RestTemplate.java:543)
	at org.springframework.web.client.RestTemplate.execute(RestTemplate.java:489)
	at org.springframework.web.client.RestTemplate.getForEntity(RestTemplate.java:250)
	at com.sprhib.TestService.thatOrdersCanBeAddedAndQueried(TestService.java:26)
	at sun.reflect.GeneratedMethodAccessor3.invoke(Unknown Source)
	at sun.reflect.DelegatingMethodAccessorImpl.invoke(DelegatingMethodAccessorImpl.java:43)
	at java.lang.reflect.Method.invoke(Method.java:606)
	at org.testng.internal.MethodInvocationHelper.invokeMethod(MethodInvocationHelper.java:84)
	at org.testng.internal.Invoker.invokeMethod(Invoker.java:714)
	at org.testng.internal.Invoker.invokeTestMethod(Invoker.java:901)
	at org.testng.internal.Invoker.invokeTestMethods(Invoker.java:1231)
	at org.testng.internal.TestMethodWorker.invokeTestMethods(TestMethodWorker.java:127)
	at org.testng.internal.TestMethodWorker.run(TestMethodWorker.java:111)
	at org.testng.internal.thread.ThreadUtil$2.call(ThreadUtil.java:64)
	at java.util.concurrent.FutureTask.run(FutureTask.java:262)
	at java.util.concurrent.ThreadPoolExecutor.runWorker(ThreadPoolExecutor.java:1145)
	at java.util.concurrent.ThreadPoolExecutor$Worker.run(ThreadPoolExecutor.java:615)
	at java.lang.Thread.run(Thread.java:745)
Caused by: java.net.SocketException: No buffer space available (maximum connections reached?): connect
	at java.net.DualStackPlainSocketImpl.connect0(Native Method)
	at java.net.DualStackPlainSocketImpl.socketConnect(DualStackPlainSocketImpl.java:79)
	at java.net.AbstractPlainSocketImpl.doConnect(AbstractPlainSocketImpl.java:339)
	at java.net.AbstractPlainSocketImpl.connectToAddress(AbstractPlainSocketImpl.java:200)
	at java.net.AbstractPlainSocketImpl.connect(AbstractPlainSocketImpl.java:182)
	at java.net.PlainSocketImpl.connect(PlainSocketImpl.java:172)
	at java.net.SocksSocketImpl.connect(SocksSocketImpl.java:392)
	at java.net.Socket.connect(Socket.java:579)
	at java.net.Socket.connect(Socket.java:528)
	at sun.net.NetworkClient.doConnect(NetworkClient.java:180)
	at sun.net.www.http.HttpClient.openServer(HttpClient.java:432)
	at sun.net.www.http.HttpClient.openServer(HttpClient.java:527)
	at sun.net.www.http.HttpClient.<init>(HttpClient.java:211)
	at sun.net.www.http.HttpClient.New(HttpClient.java:308)
	at sun.net.www.http.HttpClient.New(HttpClient.java:326)
	at sun.net.www.protocol.http.HttpURLConnection.getNewHttpClient(HttpURLConnection.java:996)
	at sun.net.www.protocol.http.HttpURLConnection.plainConnect(HttpURLConnection.java:932)
	at sun.net.www.protocol.http.HttpURLConnection.connect(HttpURLConnection.java:850)
	at org.springframework.http.client.SimpleBufferingClientHttpRequest.executeInternal(SimpleBufferingClientHttpRequest.java:78)
	at org.springframework.http.client.AbstractBufferingClientHttpRequest.executeInternal(AbstractBufferingClientHttpRequest.java:46)
	at org.springframework.http.client.AbstractClientHttpRequest.execute(AbstractClientHttpRequest.java:52)
	at org.springframework.web.client.RestTemplate.doExecute(RestTemplate.java:527)
	... 17 more
]]>
    </failure>
  </testcase> <!-- thatOrdersCanBeAddedAndQueried -->
  <testcase name="thatOrdersCanBeAddedAndQueried" time="0.163" classname="com.sprhib.TestService"/>
  <testcase name="thatOrdersCanBeAddedAndQueried" time="0.388" classname="com.sprhib.TestService"/>
  <testcase name="thatOrdersCanBeAddedAndQueried" time="0.231" classname="com.sprhib.TestService"/>
  <testcase name="thatOrdersCanBeAddedAndQueried" time="0.180" classname="com.sprhib.TestService"/>
  <testcase name="thatOrdersCanBeAddedAndQueried" time="0.129" classname="com.sprhib.TestService"/>
  <testcase name="thatOrdersCanBeAddedAndQueried" time="0.157" classname="com.sprhib.TestService"/>
  <testcase name="thatOrdersCanBeAddedAndQueried" time="0.200" classname="com.sprhib.TestService"/>
  <testcase name="thatOrdersCanBeAddedAndQueried" time="0.173" classname="com.sprhib.TestService"/>
  <testcase name="thatOrdersCanBeAddedAndQueried" time="0.200" classname="com.sprhib.TestService"/>
  <testcase name="thatOrdersCanBeAddedAndQueried" time="0.133" classname="com.sprhib.TestService"/>
  <testcase name="thatOrdersCanBeAddedAndQueried" time="0.035" classname="com.sprhib.TestService">
    <failure type="org.springframework.web.client.ResourceAccessException" message="I/O error on GET request for &quot;http://localhost:8080/spr-mvc-hib/convertation/-110/EUR/USD&quot;:No buffer space available (maximum connections reached?): connect; nested exception is java.net.SocketException: No buffer space available (maximum connections reached?): connect">
      <![CDATA[org.springframework.web.client.ResourceAccessException: I/O error on GET request for "http://localhost:8080/spr-mvc-hib/convertation/-110/EUR/USD":No buffer space available (maximum connections reached?): connect; nested exception is java.net.SocketException: No buffer space available (maximum connections reached?): connect
	at org.springframework.web.client.RestTemplate.doExecute(RestTemplate.java:543)
	at org.springframework.web.client.RestTemplate.execute(RestTemplate.java:489)
	at org.springframework.web.client.RestTemplate.getForEntity(RestTemplate.java:250)
	at com.sprhib.TestService.thatOrdersCanBeAddedAndQueried(TestService.java:26)
	at sun.reflect.GeneratedMethodAccessor3.invoke(Unknown Source)
	at sun.reflect.DelegatingMethodAccessorImpl.invoke(DelegatingMethodAccessorImpl.java:43)
	at java.lang.reflect.Method.invoke(Method.java:606)
	at org.testng.internal.MethodInvocationHelper.invokeMethod(MethodInvocationHelper.java:84)
	at org.testng.internal.Invoker.invokeMethod(Invoker.java:714)
	at org.testng.internal.Invoker.invokeTestMethod(Invoker.java:901)
	at org.testng.internal.Invoker.invokeTestMethods(Invoker.java:1231)
	at org.testng.internal.TestMethodWorker.invokeTestMethods(TestMethodWorker.java:127)
	at org.testng.internal.TestMethodWorker.run(TestMethodWorker.java:111)
	at org.testng.internal.thread.ThreadUtil$2.call(ThreadUtil.java:64)
	at java.util.concurrent.FutureTask.run(FutureTask.java:262)
	at java.util.concurrent.ThreadPoolExecutor.runWorker(ThreadPoolExecutor.java:1145)
	at java.util.concurrent.ThreadPoolExecutor$Worker.run(ThreadPoolExecutor.java:615)
	at java.lang.Thread.run(Thread.java:745)
Caused by: java.net.SocketException: No buffer space available (maximum connections reached?): connect
	at java.net.DualStackPlainSocketImpl.connect0(Native Method)
	at java.net.DualStackPlainSocketImpl.socketConnect(DualStackPlainSocketImpl.java:79)
	at java.net.AbstractPlainSocketImpl.doConnect(AbstractPlainSocketImpl.java:339)
	at java.net.AbstractPlainSocketImpl.connectToAddress(AbstractPlainSocketImpl.java:200)
	at java.net.AbstractPlainSocketImpl.connect(AbstractPlainSocketImpl.java:182)
	at java.net.PlainSocketImpl.connect(PlainSocketImpl.java:172)
	at java.net.SocksSocketImpl.connect(SocksSocketImpl.java:392)
	at java.net.Socket.connect(Socket.java:579)
	at java.net.Socket.connect(Socket.java:528)
	at sun.net.NetworkClient.doConnect(NetworkClient.java:180)
	at sun.net.www.http.HttpClient.openServer(HttpClient.java:432)
	at sun.net.www.http.HttpClient.openServer(HttpClient.java:527)
	at sun.net.www.http.HttpClient.<init>(HttpClient.java:211)
	at sun.net.www.http.HttpClient.New(HttpClient.java:308)
	at sun.net.www.http.HttpClient.New(HttpClient.java:326)
	at sun.net.www.protocol.http.HttpURLConnection.getNewHttpClient(HttpURLConnection.java:996)
	at sun.net.www.protocol.http.HttpURLConnection.plainConnect(HttpURLConnection.java:932)
	at sun.net.www.protocol.http.HttpURLConnection.connect(HttpURLConnection.java:850)
	at org.springframework.http.client.SimpleBufferingClientHttpRequest.executeInternal(SimpleBufferingClientHttpRequest.java:78)
	at org.springframework.http.client.AbstractBufferingClientHttpRequest.executeInternal(AbstractBufferingClientHttpRequest.java:46)
	at org.springframework.http.client.AbstractClientHttpRequest.execute(AbstractClientHttpRequest.java:52)
	at org.springframework.web.client.RestTemplate.doExecute(RestTemplate.java:527)
	... 17 more
]]>
    </failure>
  </testcase> <!-- thatOrdersCanBeAddedAndQueried -->
  <testcase name="thatOrdersCanBeAddedAndQueried" time="0.259" classname="com.sprhib.TestService"/>
  <testcase name="thatOrdersCanBeAddedAndQueried" time="0.171" classname="com.sprhib.TestService"/>
  <testcase name="thatOrdersCanBeAddedAndQueried" time="0.168" classname="com.sprhib.TestService"/>
  <testcase name="thatOrdersCanBeAddedAndQueried" time="0.165" classname="com.sprhib.TestService"/>
  <testcase name="thatOrdersCanBeAddedAndQueried" time="0.170" classname="com.sprhib.TestService"/>
  <testcase name="thatOrdersCanBeAddedAndQueried" time="0.272" classname="com.sprhib.TestService"/>
  <testcase name="thatOrdersCanBeAddedAndQueried" time="0.207" classname="com.sprhib.TestService"/>
  <testcase name="thatOrdersCanBeAddedAndQueried" time="0.227" classname="com.sprhib.TestService"/>
  <testcase name="thatOrdersCanBeAddedAndQueried" time="0.169" classname="com.sprhib.TestService"/>
  <testcase name="thatOrdersCanBeAddedAndQueried" time="0.154" classname="com.sprhib.TestService"/>
  <testcase name="thatOrdersCanBeAddedAndQueried" time="0.191" classname="com.sprhib.TestService"/>
  <testcase name="thatOrdersCanBeAddedAndQueried" time="0.195" classname="com.sprhib.TestService"/>
  <testcase name="thatOrdersCanBeAddedAndQueried" time="0.241" classname="com.sprhib.TestService"/>
  <testcase name="thatOrdersCanBeAddedAndQueried" time="0.141" classname="com.sprhib.TestService"/>
  <testcase name="thatOrdersCanBeAddedAndQueried" time="0.140" classname="com.sprhib.TestService"/>
  <testcase name="thatOrdersCanBeAddedAndQueried" time="0.246" classname="com.sprhib.TestService"/>
  <testcase name="thatOrdersCanBeAddedAndQueried" time="0.056" classname="com.sprhib.TestService">
    <failure type="org.springframework.web.client.ResourceAccessException" message="I/O error on GET request for &quot;http://localhost:8080/spr-mvc-hib/convertation/-110/EUR/USD&quot;:No buffer space available (maximum connections reached?): connect; nested exception is java.net.SocketException: No buffer space available (maximum connections reached?): connect">
      <![CDATA[org.springframework.web.client.ResourceAccessException: I/O error on GET request for "http://localhost:8080/spr-mvc-hib/convertation/-110/EUR/USD":No buffer space available (maximum connections reached?): connect; nested exception is java.net.SocketException: No buffer space available (maximum connections reached?): connect
	at org.springframework.web.client.RestTemplate.doExecute(RestTemplate.java:543)
	at org.springframework.web.client.RestTemplate.execute(RestTemplate.java:489)
	at org.springframework.web.client.RestTemplate.getForEntity(RestTemplate.java:250)
	at com.sprhib.TestService.thatOrdersCanBeAddedAndQueried(TestService.java:26)
	at sun.reflect.GeneratedMethodAccessor3.invoke(Unknown Source)
	at sun.reflect.DelegatingMethodAccessorImpl.invoke(DelegatingMethodAccessorImpl.java:43)
	at java.lang.reflect.Method.invoke(Method.java:606)
	at org.testng.internal.MethodInvocationHelper.invokeMethod(MethodInvocationHelper.java:84)
	at org.testng.internal.Invoker.invokeMethod(Invoker.java:714)
	at org.testng.internal.Invoker.invokeTestMethod(Invoker.java:901)
	at org.testng.internal.Invoker.invokeTestMethods(Invoker.java:1231)
	at org.testng.internal.TestMethodWorker.invokeTestMethods(TestMethodWorker.java:127)
	at org.testng.internal.TestMethodWorker.run(TestMethodWorker.java:111)
	at org.testng.internal.thread.ThreadUtil$2.call(ThreadUtil.java:64)
	at java.util.concurrent.FutureTask.run(FutureTask.java:262)
	at java.util.concurrent.ThreadPoolExecutor.runWorker(ThreadPoolExecutor.java:1145)
	at java.util.concurrent.ThreadPoolExecutor$Worker.run(ThreadPoolExecutor.java:615)
	at java.lang.Thread.run(Thread.java:745)
Caused by: java.net.SocketException: No buffer space available (maximum connections reached?): connect
	at java.net.DualStackPlainSocketImpl.connect0(Native Method)
	at java.net.DualStackPlainSocketImpl.socketConnect(DualStackPlainSocketImpl.java:79)
	at java.net.AbstractPlainSocketImpl.doConnect(AbstractPlainSocketImpl.java:339)
	at java.net.AbstractPlainSocketImpl.connectToAddress(AbstractPlainSocketImpl.java:200)
	at java.net.AbstractPlainSocketImpl.connect(AbstractPlainSocketImpl.java:182)
	at java.net.PlainSocketImpl.connect(PlainSocketImpl.java:172)
	at java.net.SocksSocketImpl.connect(SocksSocketImpl.java:392)
	at java.net.Socket.connect(Socket.java:579)
	at java.net.Socket.connect(Socket.java:528)
	at sun.net.NetworkClient.doConnect(NetworkClient.java:180)
	at sun.net.www.http.HttpClient.openServer(HttpClient.java:432)
	at sun.net.www.http.HttpClient.openServer(HttpClient.java:527)
	at sun.net.www.http.HttpClient.<init>(HttpClient.java:211)
	at sun.net.www.http.HttpClient.New(HttpClient.java:308)
	at sun.net.www.http.HttpClient.New(HttpClient.java:326)
	at sun.net.www.protocol.http.HttpURLConnection.getNewHttpClient(HttpURLConnection.java:996)
	at sun.net.www.protocol.http.HttpURLConnection.plainConnect(HttpURLConnection.java:932)
	at sun.net.www.protocol.http.HttpURLConnection.connect(HttpURLConnection.java:850)
	at org.springframework.http.client.SimpleBufferingClientHttpRequest.executeInternal(SimpleBufferingClientHttpRequest.java:78)
	at org.springframework.http.client.AbstractBufferingClientHttpRequest.executeInternal(AbstractBufferingClientHttpRequest.java:46)
	at org.springframework.http.client.AbstractClientHttpRequest.execute(AbstractClientHttpRequest.java:52)
	at org.springframework.web.client.RestTemplate.doExecute(RestTemplate.java:527)
	... 17 more
]]>
    </failure>
  </testcase> <!-- thatOrdersCanBeAddedAndQueried -->
  <testcase name="thatOrdersCanBeAddedAndQueried" time="0.218" classname="com.sprhib.TestService"/>
  <testcase name="thatOrdersCanBeAddedAndQueried" time="0.206" classname="com.sprhib.TestService"/>
  <testcase name="thatOrdersCanBeAddedAndQueried" time="0.205" classname="com.sprhib.TestService"/>
  <testcase name="thatOrdersCanBeAddedAndQueried" time="0.200" classname="com.sprhib.TestService"/>
  <testcase name="thatOrdersCanBeAddedAndQueried" time="0.170" classname="com.sprhib.TestService"/>
  <testcase name="thatOrdersCanBeAddedAndQueried" time="0.201" classname="com.sprhib.TestService"/>
  <testcase name="thatOrdersCanBeAddedAndQueried" time="0.229" classname="com.sprhib.TestService"/>
  <testcase name="thatOrdersCanBeAddedAndQueried" time="0.129" classname="com.sprhib.TestService"/>
  <testcase name="thatOrdersCanBeAddedAndQueried" time="0.130" classname="com.sprhib.TestService"/>
  <testcase name="thatOrdersCanBeAddedAndQueried" time="0.347" classname="com.sprhib.TestService"/>
  <testcase name="thatOrdersCanBeAddedAndQueried" time="0.202" classname="com.sprhib.TestService"/>
  <testcase name="thatOrdersCanBeAddedAndQueried" time="0.179" classname="com.sprhib.TestService"/>
  <testcase name="thatOrdersCanBeAddedAndQueried" time="0.303" classname="com.sprhib.TestService"/>
  <testcase name="thatOrdersCanBeAddedAndQueried" time="0.153" classname="com.sprhib.TestService"/>
  <testcase name="thatOrdersCanBeAddedAndQueried" time="0.150" classname="com.sprhib.TestService"/>
  <testcase name="thatOrdersCanBeAddedAndQueried" time="0.263" classname="com.sprhib.TestService"/>
  <testcase name="thatOrdersCanBeAddedAndQueried" time="0.253" classname="com.sprhib.TestService"/>
  <testcase name="thatOrdersCanBeAddedAndQueried" time="0.188" classname="com.sprhib.TestService"/>
  <testcase name="thatOrdersCanBeAddedAndQueried" time="0.122" classname="com.sprhib.TestService"/>
  <testcase name="thatOrdersCanBeAddedAndQueried" time="0.156" classname="com.sprhib.TestService"/>
  <testcase name="thatOrdersCanBeAddedAndQueried" time="0.237" classname="com.sprhib.TestService"/>
  <testcase name="thatOrdersCanBeAddedAndQueried" time="0.156" classname="com.sprhib.TestService"/>
  <testcase name="thatOrdersCanBeAddedAndQueried" time="0.527" classname="com.sprhib.TestService"/>
  <testcase name="thatOrdersCanBeAddedAndQueried" time="0.157" classname="com.sprhib.TestService"/>
  <testcase name="thatOrdersCanBeAddedAndQueried" time="0.257" classname="com.sprhib.TestService"/>
  <testcase name="thatOrdersCanBeAddedAndQueried" time="0.198" classname="com.sprhib.TestService"/>
  <testcase name="thatOrdersCanBeAddedAndQueried" time="0.239" classname="com.sprhib.TestService"/>
  <testcase name="thatOrdersCanBeAddedAndQueried" time="0.201" classname="com.sprhib.TestService"/>
  <testcase name="thatOrdersCanBeAddedAndQueried" time="0.238" classname="com.sprhib.TestService"/>
  <testcase name="thatOrdersCanBeAddedAndQueried" time="0.176" classname="com.sprhib.TestService"/>
  <testcase name="thatOrdersCanBeAddedAndQueried" time="0.016" classname="com.sprhib.TestService">
    <failure type="org.springframework.web.client.ResourceAccessException" message="I/O error on GET request for &quot;http://localhost:8080/spr-mvc-hib/convertation/-110/EUR/USD&quot;:No buffer space available (maximum connections reached?): connect; nested exception is java.net.SocketException: No buffer space available (maximum connections reached?): connect">
      <![CDATA[org.springframework.web.client.ResourceAccessException: I/O error on GET request for "http://localhost:8080/spr-mvc-hib/convertation/-110/EUR/USD":No buffer space available (maximum connections reached?): connect; nested exception is java.net.SocketException: No buffer space available (maximum connections reached?): connect
	at org.springframework.web.client.RestTemplate.doExecute(RestTemplate.java:543)
	at org.springframework.web.client.RestTemplate.execute(RestTemplate.java:489)
	at org.springframework.web.client.RestTemplate.getForEntity(RestTemplate.java:250)
	at com.sprhib.TestService.thatOrdersCanBeAddedAndQueried(TestService.java:26)
	at sun.reflect.GeneratedMethodAccessor3.invoke(Unknown Source)
	at sun.reflect.DelegatingMethodAccessorImpl.invoke(DelegatingMethodAccessorImpl.java:43)
	at java.lang.reflect.Method.invoke(Method.java:606)
	at org.testng.internal.MethodInvocationHelper.invokeMethod(MethodInvocationHelper.java:84)
	at org.testng.internal.Invoker.invokeMethod(Invoker.java:714)
	at org.testng.internal.Invoker.invokeTestMethod(Invoker.java:901)
	at org.testng.internal.Invoker.invokeTestMethods(Invoker.java:1231)
	at org.testng.internal.TestMethodWorker.invokeTestMethods(TestMethodWorker.java:127)
	at org.testng.internal.TestMethodWorker.run(TestMethodWorker.java:111)
	at org.testng.internal.thread.ThreadUtil$2.call(ThreadUtil.java:64)
	at java.util.concurrent.FutureTask.run(FutureTask.java:262)
	at java.util.concurrent.ThreadPoolExecutor.runWorker(ThreadPoolExecutor.java:1145)
	at java.util.concurrent.ThreadPoolExecutor$Worker.run(ThreadPoolExecutor.java:615)
	at java.lang.Thread.run(Thread.java:745)
Caused by: java.net.SocketException: No buffer space available (maximum connections reached?): connect
	at java.net.DualStackPlainSocketImpl.connect0(Native Method)
	at java.net.DualStackPlainSocketImpl.socketConnect(DualStackPlainSocketImpl.java:79)
	at java.net.AbstractPlainSocketImpl.doConnect(AbstractPlainSocketImpl.java:339)
	at java.net.AbstractPlainSocketImpl.connectToAddress(AbstractPlainSocketImpl.java:200)
	at java.net.AbstractPlainSocketImpl.connect(AbstractPlainSocketImpl.java:182)
	at java.net.PlainSocketImpl.connect(PlainSocketImpl.java:172)
	at java.net.SocksSocketImpl.connect(SocksSocketImpl.java:392)
	at java.net.Socket.connect(Socket.java:579)
	at java.net.Socket.connect(Socket.java:528)
	at sun.net.NetworkClient.doConnect(NetworkClient.java:180)
	at sun.net.www.http.HttpClient.openServer(HttpClient.java:432)
	at sun.net.www.http.HttpClient.openServer(HttpClient.java:527)
	at sun.net.www.http.HttpClient.<init>(HttpClient.java:211)
	at sun.net.www.http.HttpClient.New(HttpClient.java:308)
	at sun.net.www.http.HttpClient.New(HttpClient.java:326)
	at sun.net.www.protocol.http.HttpURLConnection.getNewHttpClient(HttpURLConnection.java:996)
	at sun.net.www.protocol.http.HttpURLConnection.plainConnect(HttpURLConnection.java:932)
	at sun.net.www.protocol.http.HttpURLConnection.connect(HttpURLConnection.java:850)
	at org.springframework.http.client.SimpleBufferingClientHttpRequest.executeInternal(SimpleBufferingClientHttpRequest.java:78)
	at org.springframework.http.client.AbstractBufferingClientHttpRequest.executeInternal(AbstractBufferingClientHttpRequest.java:46)
	at org.springframework.http.client.AbstractClientHttpRequest.execute(AbstractClientHttpRequest.java:52)
	at org.springframework.web.client.RestTemplate.doExecute(RestTemplate.java:527)
	... 17 more
]]>
    </failure>
  </testcase> <!-- thatOrdersCanBeAddedAndQueried -->
  <testcase name="thatOrdersCanBeAddedAndQueried" time="0.167" classname="com.sprhib.TestService"/>
  <testcase name="thatOrdersCanBeAddedAndQueried" time="0.223" classname="com.sprhib.TestService"/>
  <testcase name="thatOrdersCanBeAddedAndQueried" time="0.142" classname="com.sprhib.TestService"/>
  <testcase name="thatOrdersCanBeAddedAndQueried" time="0.135" classname="com.sprhib.TestService"/>
  <testcase name="thatOrdersCanBeAddedAndQueried" time="0.141" classname="com.sprhib.TestService"/>
  <testcase name="thatOrdersCanBeAddedAndQueried" time="0.224" classname="com.sprhib.TestService"/>
  <testcase name="thatOrdersCanBeAddedAndQueried" time="0.158" classname="com.sprhib.TestService"/>
  <testcase name="thatOrdersCanBeAddedAndQueried" time="0.163" classname="com.sprhib.TestService"/>
  <testcase name="thatOrdersCanBeAddedAndQueried" time="0.137" classname="com.sprhib.TestService"/>
  <testcase name="thatOrdersCanBeAddedAndQueried" time="0.178" classname="com.sprhib.TestService"/>
  <testcase name="thatOrdersCanBeAddedAndQueried" time="0.150" classname="com.sprhib.TestService"/>
  <testcase name="thatOrdersCanBeAddedAndQueried" time="0.197" classname="com.sprhib.TestService"/>
  <testcase name="thatOrdersCanBeAddedAndQueried" time="0.114" classname="com.sprhib.TestService"/>
  <testcase name="thatOrdersCanBeAddedAndQueried" time="0.192" classname="com.sprhib.TestService"/>
  <testcase name="thatOrdersCanBeAddedAndQueried" time="0.448" classname="com.sprhib.TestService"/>
  <testcase name="thatOrdersCanBeAddedAndQueried" time="0.115" classname="com.sprhib.TestService"/>
  <testcase name="thatOrdersCanBeAddedAndQueried" time="0.127" classname="com.sprhib.TestService">
    <failure type="org.springframework.web.client.ResourceAccessException" message="I/O error on GET request for &quot;http://localhost:8080/spr-mvc-hib/convertation/-110/EUR/USD&quot;:No buffer space available (maximum connections reached?): connect; nested exception is java.net.SocketException: No buffer space available (maximum connections reached?): connect">
      <![CDATA[org.springframework.web.client.ResourceAccessException: I/O error on GET request for "http://localhost:8080/spr-mvc-hib/convertation/-110/EUR/USD":No buffer space available (maximum connections reached?): connect; nested exception is java.net.SocketException: No buffer space available (maximum connections reached?): connect
	at org.springframework.web.client.RestTemplate.doExecute(RestTemplate.java:543)
	at org.springframework.web.client.RestTemplate.execute(RestTemplate.java:489)
	at org.springframework.web.client.RestTemplate.getForEntity(RestTemplate.java:250)
	at com.sprhib.TestService.thatOrdersCanBeAddedAndQueried(TestService.java:26)
	at sun.reflect.GeneratedMethodAccessor3.invoke(Unknown Source)
	at sun.reflect.DelegatingMethodAccessorImpl.invoke(DelegatingMethodAccessorImpl.java:43)
	at java.lang.reflect.Method.invoke(Method.java:606)
	at org.testng.internal.MethodInvocationHelper.invokeMethod(MethodInvocationHelper.java:84)
	at org.testng.internal.Invoker.invokeMethod(Invoker.java:714)
	at org.testng.internal.Invoker.invokeTestMethod(Invoker.java:901)
	at org.testng.internal.Invoker.invokeTestMethods(Invoker.java:1231)
	at org.testng.internal.TestMethodWorker.invokeTestMethods(TestMethodWorker.java:127)
	at org.testng.internal.TestMethodWorker.run(TestMethodWorker.java:111)
	at org.testng.internal.thread.ThreadUtil$2.call(ThreadUtil.java:64)
	at java.util.concurrent.FutureTask.run(FutureTask.java:262)
	at java.util.concurrent.ThreadPoolExecutor.runWorker(ThreadPoolExecutor.java:1145)
	at java.util.concurrent.ThreadPoolExecutor$Worker.run(ThreadPoolExecutor.java:615)
	at java.lang.Thread.run(Thread.java:745)
Caused by: java.net.SocketException: No buffer space available (maximum connections reached?): connect
	at java.net.DualStackPlainSocketImpl.connect0(Native Method)
	at java.net.DualStackPlainSocketImpl.socketConnect(DualStackPlainSocketImpl.java:79)
	at java.net.AbstractPlainSocketImpl.doConnect(AbstractPlainSocketImpl.java:339)
	at java.net.AbstractPlainSocketImpl.connectToAddress(AbstractPlainSocketImpl.java:200)
	at java.net.AbstractPlainSocketImpl.connect(AbstractPlainSocketImpl.java:182)
	at java.net.PlainSocketImpl.connect(PlainSocketImpl.java:172)
	at java.net.SocksSocketImpl.connect(SocksSocketImpl.java:392)
	at java.net.Socket.connect(Socket.java:579)
	at java.net.Socket.connect(Socket.java:528)
	at sun.net.NetworkClient.doConnect(NetworkClient.java:180)
	at sun.net.www.http.HttpClient.openServer(HttpClient.java:432)
	at sun.net.www.http.HttpClient.openServer(HttpClient.java:527)
	at sun.net.www.http.HttpClient.<init>(HttpClient.java:211)
	at sun.net.www.http.HttpClient.New(HttpClient.java:308)
	at sun.net.www.http.HttpClient.New(HttpClient.java:326)
	at sun.net.www.protocol.http.HttpURLConnection.getNewHttpClient(HttpURLConnection.java:996)
	at sun.net.www.protocol.http.HttpURLConnection.plainConnect(HttpURLConnection.java:932)
	at sun.net.www.protocol.http.HttpURLConnection.connect(HttpURLConnection.java:850)
	at org.springframework.http.client.SimpleBufferingClientHttpRequest.executeInternal(SimpleBufferingClientHttpRequest.java:78)
	at org.springframework.http.client.AbstractBufferingClientHttpRequest.executeInternal(AbstractBufferingClientHttpRequest.java:46)
	at org.springframework.http.client.AbstractClientHttpRequest.execute(AbstractClientHttpRequest.java:52)
	at org.springframework.web.client.RestTemplate.doExecute(RestTemplate.java:527)
	... 17 more
]]>
    </failure>
  </testcase> <!-- thatOrdersCanBeAddedAndQueried -->
  <testcase name="thatOrdersCanBeAddedAndQueried" time="0.171" classname="com.sprhib.TestService"/>
  <testcase name="thatOrdersCanBeAddedAndQueried" time="0.451" classname="com.sprhib.TestService"/>
  <testcase name="thatOrdersCanBeAddedAndQueried" time="1.065" classname="com.sprhib.TestService"/>
  <testcase name="thatOrdersCanBeAddedAndQueried" time="0.284" classname="com.sprhib.TestService"/>
  <testcase name="thatOrdersCanBeAddedAndQueried" time="0.168" classname="com.sprhib.TestService"/>
  <testcase name="thatOrdersCanBeAddedAndQueried" time="0.256" classname="com.sprhib.TestService"/>
  <testcase name="thatOrdersCanBeAddedAndQueried" time="0.216" classname="com.sprhib.TestService"/>
  <testcase name="thatOrdersCanBeAddedAndQueried" time="0.178" classname="com.sprhib.TestService">
    <failure type="org.springframework.web.client.HttpServerErrorException" message="500 Internal Server Error">
      <![CDATA[org.springframework.web.client.HttpServerErrorException: 500 Internal Server Error
	at org.springframework.web.client.DefaultResponseErrorHandler.handleError(DefaultResponseErrorHandler.java:94)
	at org.springframework.web.client.RestTemplate.handleResponseError(RestTemplate.java:576)
	at org.springframework.web.client.RestTemplate.doExecute(RestTemplate.java:532)
	at org.springframework.web.client.RestTemplate.execute(RestTemplate.java:489)
	at org.springframework.web.client.RestTemplate.getForEntity(RestTemplate.java:250)
	at com.sprhib.TestService.thatOrdersCanBeAddedAndQueried(TestService.java:39)
	at sun.reflect.GeneratedMethodAccessor3.invoke(Unknown Source)
	at sun.reflect.DelegatingMethodAccessorImpl.invoke(DelegatingMethodAccessorImpl.java:43)
	at java.lang.reflect.Method.invoke(Method.java:606)
	at org.testng.internal.MethodInvocationHelper.invokeMethod(MethodInvocationHelper.java:84)
	at org.testng.internal.Invoker.invokeMethod(Invoker.java:714)
	at org.testng.internal.Invoker.invokeTestMethod(Invoker.java:901)
	at org.testng.internal.Invoker.invokeTestMethods(Invoker.java:1231)
	at org.testng.internal.TestMethodWorker.invokeTestMethods(TestMethodWorker.java:127)
	at org.testng.internal.TestMethodWorker.run(TestMethodWorker.java:111)
	at org.testng.internal.thread.ThreadUtil$2.call(ThreadUtil.java:64)
	at java.util.concurrent.FutureTask.run(FutureTask.java:262)
	at java.util.concurrent.ThreadPoolExecutor.runWorker(ThreadPoolExecutor.java:1145)
	at java.util.concurrent.ThreadPoolExecutor$Worker.run(ThreadPoolExecutor.java:615)
	at java.lang.Thread.run(Thread.java:745)
]]>
    </failure>
  </testcase> <!-- thatOrdersCanBeAddedAndQueried -->
  <testcase name="thatOrdersCanBeAddedAndQueried" time="0.198" classname="com.sprhib.TestService"/>
  <testcase name="thatOrdersCanBeAddedAndQueried" time="0.328" classname="com.sprhib.TestService"/>
  <testcase name="thatOrdersCanBeAddedAndQueried" time="0.157" classname="com.sprhib.TestService"/>
  <testcase name="thatOrdersCanBeAddedAndQueried" time="0.372" classname="com.sprhib.TestService"/>
  <testcase name="thatOrdersCanBeAddedAndQueried" time="0.215" classname="com.sprhib.TestService"/>
  <testcase name="thatOrdersCanBeAddedAndQueried" time="0.161" classname="com.sprhib.TestService"/>
  <testcase name="thatOrdersCanBeAddedAndQueried" time="0.502" classname="com.sprhib.TestService"/>
  <testcase name="thatOrdersCanBeAddedAndQueried" time="0.117" classname="com.sprhib.TestService"/>
  <testcase name="thatOrdersCanBeAddedAndQueried" time="0.281" classname="com.sprhib.TestService"/>
  <testcase name="thatOrdersCanBeAddedAndQueried" time="0.170" classname="com.sprhib.TestService"/>
  <testcase name="thatOrdersCanBeAddedAndQueried" time="0.167" classname="com.sprhib.TestService"/>
  <testcase name="thatOrdersCanBeAddedAndQueried" time="0.156" classname="com.sprhib.TestService"/>
  <testcase name="thatOrdersCanBeAddedAndQueried" time="0.203" classname="com.sprhib.TestService"/>
  <testcase name="thatOrdersCanBeAddedAndQueried" time="0.179" classname="com.sprhib.TestService"/>
  <testcase name="thatOrdersCanBeAddedAndQueried" time="0.183" classname="com.sprhib.TestService"/>
  <testcase name="thatOrdersCanBeAddedAndQueried" time="0.187" classname="com.sprhib.TestService"/>
  <testcase name="thatOrdersCanBeAddedAndQueried" time="0.220" classname="com.sprhib.TestService">
    <failure type="org.springframework.web.client.ResourceAccessException" message="I/O error on GET request for &quot;http://localhost:8080/spr-mvc-hib/convertation/-110/EUR/USD&quot;:No buffer space available (maximum connections reached?): connect; nested exception is java.net.SocketException: No buffer space available (maximum connections reached?): connect">
      <![CDATA[org.springframework.web.client.ResourceAccessException: I/O error on GET request for "http://localhost:8080/spr-mvc-hib/convertation/-110/EUR/USD":No buffer space available (maximum connections reached?): connect; nested exception is java.net.SocketException: No buffer space available (maximum connections reached?): connect
	at org.springframework.web.client.RestTemplate.doExecute(RestTemplate.java:543)
	at org.springframework.web.client.RestTemplate.execute(RestTemplate.java:489)
	at org.springframework.web.client.RestTemplate.getForEntity(RestTemplate.java:250)
	at com.sprhib.TestService.thatOrdersCanBeAddedAndQueried(TestService.java:26)
	at sun.reflect.GeneratedMethodAccessor3.invoke(Unknown Source)
	at sun.reflect.DelegatingMethodAccessorImpl.invoke(DelegatingMethodAccessorImpl.java:43)
	at java.lang.reflect.Method.invoke(Method.java:606)
	at org.testng.internal.MethodInvocationHelper.invokeMethod(MethodInvocationHelper.java:84)
	at org.testng.internal.Invoker.invokeMethod(Invoker.java:714)
	at org.testng.internal.Invoker.invokeTestMethod(Invoker.java:901)
	at org.testng.internal.Invoker.invokeTestMethods(Invoker.java:1231)
	at org.testng.internal.TestMethodWorker.invokeTestMethods(TestMethodWorker.java:127)
	at org.testng.internal.TestMethodWorker.run(TestMethodWorker.java:111)
	at org.testng.internal.thread.ThreadUtil$2.call(ThreadUtil.java:64)
	at java.util.concurrent.FutureTask.run(FutureTask.java:262)
	at java.util.concurrent.ThreadPoolExecutor.runWorker(ThreadPoolExecutor.java:1145)
	at java.util.concurrent.ThreadPoolExecutor$Worker.run(ThreadPoolExecutor.java:615)
	at java.lang.Thread.run(Thread.java:745)
Caused by: java.net.SocketException: No buffer space available (maximum connections reached?): connect
	at java.net.DualStackPlainSocketImpl.connect0(Native Method)
	at java.net.DualStackPlainSocketImpl.socketConnect(DualStackPlainSocketImpl.java:79)
	at java.net.AbstractPlainSocketImpl.doConnect(AbstractPlainSocketImpl.java:339)
	at java.net.AbstractPlainSocketImpl.connectToAddress(AbstractPlainSocketImpl.java:200)
	at java.net.AbstractPlainSocketImpl.connect(AbstractPlainSocketImpl.java:182)
	at java.net.PlainSocketImpl.connect(PlainSocketImpl.java:172)
	at java.net.SocksSocketImpl.connect(SocksSocketImpl.java:392)
	at java.net.Socket.connect(Socket.java:579)
	at java.net.Socket.connect(Socket.java:528)
	at sun.net.NetworkClient.doConnect(NetworkClient.java:180)
	at sun.net.www.http.HttpClient.openServer(HttpClient.java:432)
	at sun.net.www.http.HttpClient.openServer(HttpClient.java:527)
	at sun.net.www.http.HttpClient.<init>(HttpClient.java:211)
	at sun.net.www.http.HttpClient.New(HttpClient.java:308)
	at sun.net.www.http.HttpClient.New(HttpClient.java:326)
	at sun.net.www.protocol.http.HttpURLConnection.getNewHttpClient(HttpURLConnection.java:996)
	at sun.net.www.protocol.http.HttpURLConnection.plainConnect(HttpURLConnection.java:932)
	at sun.net.www.protocol.http.HttpURLConnection.connect(HttpURLConnection.java:850)
	at org.springframework.http.client.SimpleBufferingClientHttpRequest.executeInternal(SimpleBufferingClientHttpRequest.java:78)
	at org.springframework.http.client.AbstractBufferingClientHttpRequest.executeInternal(AbstractBufferingClientHttpRequest.java:46)
	at org.springframework.http.client.AbstractClientHttpRequest.execute(AbstractClientHttpRequest.java:52)
	at org.springframework.web.client.RestTemplate.doExecute(RestTemplate.java:527)
	... 17 more
]]>
    </failure>
  </testcase> <!-- thatOrdersCanBeAddedAndQueried -->
  <testcase name="thatOrdersCanBeAddedAndQueried" time="0.253" classname="com.sprhib.TestService"/>
  <testcase name="thatOrdersCanBeAddedAndQueried" time="0.168" classname="com.sprhib.TestService"/>
  <testcase name="thatOrdersCanBeAddedAndQueried" time="0.183" classname="com.sprhib.TestService"/>
  <testcase name="thatOrdersCanBeAddedAndQueried" time="0.237" classname="com.sprhib.TestService"/>
  <testcase name="thatOrdersCanBeAddedAndQueried" time="0.213" classname="com.sprhib.TestService"/>
  <testcase name="thatOrdersCanBeAddedAndQueried" time="0.261" classname="com.sprhib.TestService"/>
  <testcase name="thatOrdersCanBeAddedAndQueried" time="0.106" classname="com.sprhib.TestService">
    <failure type="org.springframework.web.client.ResourceAccessException" message="I/O error on GET request for &quot;http://localhost:8080/spr-mvc-hib/convertation/-110/EUR/USD&quot;:No buffer space available (maximum connections reached?): connect; nested exception is java.net.SocketException: No buffer space available (maximum connections reached?): connect">
      <![CDATA[org.springframework.web.client.ResourceAccessException: I/O error on GET request for "http://localhost:8080/spr-mvc-hib/convertation/-110/EUR/USD":No buffer space available (maximum connections reached?): connect; nested exception is java.net.SocketException: No buffer space available (maximum connections reached?): connect
	at org.springframework.web.client.RestTemplate.doExecute(RestTemplate.java:543)
	at org.springframework.web.client.RestTemplate.execute(RestTemplate.java:489)
	at org.springframework.web.client.RestTemplate.getForEntity(RestTemplate.java:250)
	at com.sprhib.TestService.thatOrdersCanBeAddedAndQueried(TestService.java:26)
	at sun.reflect.GeneratedMethodAccessor3.invoke(Unknown Source)
	at sun.reflect.DelegatingMethodAccessorImpl.invoke(DelegatingMethodAccessorImpl.java:43)
	at java.lang.reflect.Method.invoke(Method.java:606)
	at org.testng.internal.MethodInvocationHelper.invokeMethod(MethodInvocationHelper.java:84)
	at org.testng.internal.Invoker.invokeMethod(Invoker.java:714)
	at org.testng.internal.Invoker.invokeTestMethod(Invoker.java:901)
	at org.testng.internal.Invoker.invokeTestMethods(Invoker.java:1231)
	at org.testng.internal.TestMethodWorker.invokeTestMethods(TestMethodWorker.java:127)
	at org.testng.internal.TestMethodWorker.run(TestMethodWorker.java:111)
	at org.testng.internal.thread.ThreadUtil$2.call(ThreadUtil.java:64)
	at java.util.concurrent.FutureTask.run(FutureTask.java:262)
	at java.util.concurrent.ThreadPoolExecutor.runWorker(ThreadPoolExecutor.java:1145)
	at java.util.concurrent.ThreadPoolExecutor$Worker.run(ThreadPoolExecutor.java:615)
	at java.lang.Thread.run(Thread.java:745)
Caused by: java.net.SocketException: No buffer space available (maximum connections reached?): connect
	at java.net.DualStackPlainSocketImpl.connect0(Native Method)
	at java.net.DualStackPlainSocketImpl.socketConnect(DualStackPlainSocketImpl.java:79)
	at java.net.AbstractPlainSocketImpl.doConnect(AbstractPlainSocketImpl.java:339)
	at java.net.AbstractPlainSocketImpl.connectToAddress(AbstractPlainSocketImpl.java:200)
	at java.net.AbstractPlainSocketImpl.connect(AbstractPlainSocketImpl.java:182)
	at java.net.PlainSocketImpl.connect(PlainSocketImpl.java:172)
	at java.net.SocksSocketImpl.connect(SocksSocketImpl.java:392)
	at java.net.Socket.connect(Socket.java:579)
	at java.net.Socket.connect(Socket.java:528)
	at sun.net.NetworkClient.doConnect(NetworkClient.java:180)
	at sun.net.www.http.HttpClient.openServer(HttpClient.java:432)
	at sun.net.www.http.HttpClient.openServer(HttpClient.java:527)
	at sun.net.www.http.HttpClient.<init>(HttpClient.java:211)
	at sun.net.www.http.HttpClient.New(HttpClient.java:308)
	at sun.net.www.http.HttpClient.New(HttpClient.java:326)
	at sun.net.www.protocol.http.HttpURLConnection.getNewHttpClient(HttpURLConnection.java:996)
	at sun.net.www.protocol.http.HttpURLConnection.plainConnect(HttpURLConnection.java:932)
	at sun.net.www.protocol.http.HttpURLConnection.connect(HttpURLConnection.java:850)
	at org.springframework.http.client.SimpleBufferingClientHttpRequest.executeInternal(SimpleBufferingClientHttpRequest.java:78)
	at org.springframework.http.client.AbstractBufferingClientHttpRequest.executeInternal(AbstractBufferingClientHttpRequest.java:46)
	at org.springframework.http.client.AbstractClientHttpRequest.execute(AbstractClientHttpRequest.java:52)
	at org.springframework.web.client.RestTemplate.doExecute(RestTemplate.java:527)
	... 17 more
]]>
    </failure>
  </testcase> <!-- thatOrdersCanBeAddedAndQueried -->
  <testcase name="thatOrdersCanBeAddedAndQueried" time="0.296" classname="com.sprhib.TestService"/>
  <testcase name="thatOrdersCanBeAddedAndQueried" time="0.220" classname="com.sprhib.TestService"/>
  <testcase name="thatOrdersCanBeAddedAndQueried" time="0.312" classname="com.sprhib.TestService"/>
  <testcase name="thatOrdersCanBeAddedAndQueried" time="0.200" classname="com.sprhib.TestService"/>
  <testcase name="thatOrdersCanBeAddedAndQueried" time="0.276" classname="com.sprhib.TestService"/>
  <testcase name="thatOrdersCanBeAddedAndQueried" time="0.194" classname="com.sprhib.TestService"/>
  <testcase name="thatOrdersCanBeAddedAndQueried" time="0.167" classname="com.sprhib.TestService"/>
  <testcase name="thatOrdersCanBeAddedAndQueried" time="0.128" classname="com.sprhib.TestService"/>
  <testcase name="thatOrdersCanBeAddedAndQueried" time="0.174" classname="com.sprhib.TestService"/>
  <testcase name="thatOrdersCanBeAddedAndQueried" time="0.212" classname="com.sprhib.TestService"/>
  <testcase name="thatOrdersCanBeAddedAndQueried" time="0.112" classname="com.sprhib.TestService"/>
  <testcase name="thatOrdersCanBeAddedAndQueried" time="0.266" classname="com.sprhib.TestService"/>
  <testcase name="thatOrdersCanBeAddedAndQueried" time="0.143" classname="com.sprhib.TestService"/>
  <testcase name="thatOrdersCanBeAddedAndQueried" time="0.139" classname="com.sprhib.TestService"/>
  <testcase name="thatOrdersCanBeAddedAndQueried" time="0.177" classname="com.sprhib.TestService"/>
  <testcase name="thatOrdersCanBeAddedAndQueried" time="0.165" classname="com.sprhib.TestService"/>
  <testcase name="thatOrdersCanBeAddedAndQueried" time="0.240" classname="com.sprhib.TestService"/>
  <testcase name="thatOrdersCanBeAddedAndQueried" time="0.161" classname="com.sprhib.TestService"/>
  <testcase name="thatOrdersCanBeAddedAndQueried" time="0.193" classname="com.sprhib.TestService"/>
  <testcase name="thatOrdersCanBeAddedAndQueried" time="0.172" classname="com.sprhib.TestService"/>
  <testcase name="thatOrdersCanBeAddedAndQueried" time="0.284" classname="com.sprhib.TestService"/>
  <testcase name="thatOrdersCanBeAddedAndQueried" time="0.195" classname="com.sprhib.TestService"/>
  <testcase name="thatOrdersCanBeAddedAndQueried" time="0.171" classname="com.sprhib.TestService"/>
  <testcase name="thatOrdersCanBeAddedAndQueried" time="0.167" classname="com.sprhib.TestService">
    <failure type="org.springframework.web.client.ResourceAccessException" message="I/O error on GET request for &quot;http://localhost:8080/spr-mvc-hib/convertation/-110/EUR/USD&quot;:No buffer space available (maximum connections reached?): connect; nested exception is java.net.SocketException: No buffer space available (maximum connections reached?): connect">
      <![CDATA[org.springframework.web.client.ResourceAccessException: I/O error on GET request for "http://localhost:8080/spr-mvc-hib/convertation/-110/EUR/USD":No buffer space available (maximum connections reached?): connect; nested exception is java.net.SocketException: No buffer space available (maximum connections reached?): connect
	at org.springframework.web.client.RestTemplate.doExecute(RestTemplate.java:543)
	at org.springframework.web.client.RestTemplate.execute(RestTemplate.java:489)
	at org.springframework.web.client.RestTemplate.getForEntity(RestTemplate.java:250)
	at com.sprhib.TestService.thatOrdersCanBeAddedAndQueried(TestService.java:26)
	at sun.reflect.GeneratedMethodAccessor3.invoke(Unknown Source)
	at sun.reflect.DelegatingMethodAccessorImpl.invoke(DelegatingMethodAccessorImpl.java:43)
	at java.lang.reflect.Method.invoke(Method.java:606)
	at org.testng.internal.MethodInvocationHelper.invokeMethod(MethodInvocationHelper.java:84)
	at org.testng.internal.Invoker.invokeMethod(Invoker.java:714)
	at org.testng.internal.Invoker.invokeTestMethod(Invoker.java:901)
	at org.testng.internal.Invoker.invokeTestMethods(Invoker.java:1231)
	at org.testng.internal.TestMethodWorker.invokeTestMethods(TestMethodWorker.java:127)
	at org.testng.internal.TestMethodWorker.run(TestMethodWorker.java:111)
	at org.testng.internal.thread.ThreadUtil$2.call(ThreadUtil.java:64)
	at java.util.concurrent.FutureTask.run(FutureTask.java:262)
	at java.util.concurrent.ThreadPoolExecutor.runWorker(ThreadPoolExecutor.java:1145)
	at java.util.concurrent.ThreadPoolExecutor$Worker.run(ThreadPoolExecutor.java:615)
	at java.lang.Thread.run(Thread.java:745)
Caused by: java.net.SocketException: No buffer space available (maximum connections reached?): connect
	at java.net.DualStackPlainSocketImpl.connect0(Native Method)
	at java.net.DualStackPlainSocketImpl.socketConnect(DualStackPlainSocketImpl.java:79)
	at java.net.AbstractPlainSocketImpl.doConnect(AbstractPlainSocketImpl.java:339)
	at java.net.AbstractPlainSocketImpl.connectToAddress(AbstractPlainSocketImpl.java:200)
	at java.net.AbstractPlainSocketImpl.connect(AbstractPlainSocketImpl.java:182)
	at java.net.PlainSocketImpl.connect(PlainSocketImpl.java:172)
	at java.net.SocksSocketImpl.connect(SocksSocketImpl.java:392)
	at java.net.Socket.connect(Socket.java:579)
	at java.net.Socket.connect(Socket.java:528)
	at sun.net.NetworkClient.doConnect(NetworkClient.java:180)
	at sun.net.www.http.HttpClient.openServer(HttpClient.java:432)
	at sun.net.www.http.HttpClient.openServer(HttpClient.java:527)
	at sun.net.www.http.HttpClient.<init>(HttpClient.java:211)
	at sun.net.www.http.HttpClient.New(HttpClient.java:308)
	at sun.net.www.http.HttpClient.New(HttpClient.java:326)
	at sun.net.www.protocol.http.HttpURLConnection.getNewHttpClient(HttpURLConnection.java:996)
	at sun.net.www.protocol.http.HttpURLConnection.plainConnect(HttpURLConnection.java:932)
	at sun.net.www.protocol.http.HttpURLConnection.connect(HttpURLConnection.java:850)
	at org.springframework.http.client.SimpleBufferingClientHttpRequest.executeInternal(SimpleBufferingClientHttpRequest.java:78)
	at org.springframework.http.client.AbstractBufferingClientHttpRequest.executeInternal(AbstractBufferingClientHttpRequest.java:46)
	at org.springframework.http.client.AbstractClientHttpRequest.execute(AbstractClientHttpRequest.java:52)
	at org.springframework.web.client.RestTemplate.doExecute(RestTemplate.java:527)
	... 17 more
]]>
    </failure>
  </testcase> <!-- thatOrdersCanBeAddedAndQueried -->
  <testcase name="thatOrdersCanBeAddedAndQueried" time="0.186" classname="com.sprhib.TestService"/>
  <testcase name="thatOrdersCanBeAddedAndQueried" time="0.255" classname="com.sprhib.TestService"/>
  <testcase name="thatOrdersCanBeAddedAndQueried" time="0.360" classname="com.sprhib.TestService"/>
  <testcase name="thatOrdersCanBeAddedAndQueried" time="0.167" classname="com.sprhib.TestService"/>
  <testcase name="thatOrdersCanBeAddedAndQueried" time="0.272" classname="com.sprhib.TestService"/>
  <testcase name="thatOrdersCanBeAddedAndQueried" time="0.217" classname="com.sprhib.TestService"/>
  <testcase name="thatOrdersCanBeAddedAndQueried" time="0.201" classname="com.sprhib.TestService"/>
  <testcase name="thatOrdersCanBeAddedAndQueried" time="0.229" classname="com.sprhib.TestService"/>
  <testcase name="thatOrdersCanBeAddedAndQueried" time="0.091" classname="com.sprhib.TestService">
    <failure type="org.springframework.web.client.ResourceAccessException" message="I/O error on GET request for &quot;http://localhost:8080/spr-mvc-hib/convertation/-110/EUR/USD&quot;:No buffer space available (maximum connections reached?): connect; nested exception is java.net.SocketException: No buffer space available (maximum connections reached?): connect">
      <![CDATA[org.springframework.web.client.ResourceAccessException: I/O error on GET request for "http://localhost:8080/spr-mvc-hib/convertation/-110/EUR/USD":No buffer space available (maximum connections reached?): connect; nested exception is java.net.SocketException: No buffer space available (maximum connections reached?): connect
	at org.springframework.web.client.RestTemplate.doExecute(RestTemplate.java:543)
	at org.springframework.web.client.RestTemplate.execute(RestTemplate.java:489)
	at org.springframework.web.client.RestTemplate.getForEntity(RestTemplate.java:250)
	at com.sprhib.TestService.thatOrdersCanBeAddedAndQueried(TestService.java:26)
	at sun.reflect.GeneratedMethodAccessor3.invoke(Unknown Source)
	at sun.reflect.DelegatingMethodAccessorImpl.invoke(DelegatingMethodAccessorImpl.java:43)
	at java.lang.reflect.Method.invoke(Method.java:606)
	at org.testng.internal.MethodInvocationHelper.invokeMethod(MethodInvocationHelper.java:84)
	at org.testng.internal.Invoker.invokeMethod(Invoker.java:714)
	at org.testng.internal.Invoker.invokeTestMethod(Invoker.java:901)
	at org.testng.internal.Invoker.invokeTestMethods(Invoker.java:1231)
	at org.testng.internal.TestMethodWorker.invokeTestMethods(TestMethodWorker.java:127)
	at org.testng.internal.TestMethodWorker.run(TestMethodWorker.java:111)
	at org.testng.internal.thread.ThreadUtil$2.call(ThreadUtil.java:64)
	at java.util.concurrent.FutureTask.run(FutureTask.java:262)
	at java.util.concurrent.ThreadPoolExecutor.runWorker(ThreadPoolExecutor.java:1145)
	at java.util.concurrent.ThreadPoolExecutor$Worker.run(ThreadPoolExecutor.java:615)
	at java.lang.Thread.run(Thread.java:745)
Caused by: java.net.SocketException: No buffer space available (maximum connections reached?): connect
	at java.net.DualStackPlainSocketImpl.connect0(Native Method)
	at java.net.DualStackPlainSocketImpl.socketConnect(DualStackPlainSocketImpl.java:79)
	at java.net.AbstractPlainSocketImpl.doConnect(AbstractPlainSocketImpl.java:339)
	at java.net.AbstractPlainSocketImpl.connectToAddress(AbstractPlainSocketImpl.java:200)
	at java.net.AbstractPlainSocketImpl.connect(AbstractPlainSocketImpl.java:182)
	at java.net.PlainSocketImpl.connect(PlainSocketImpl.java:172)
	at java.net.SocksSocketImpl.connect(SocksSocketImpl.java:392)
	at java.net.Socket.connect(Socket.java:579)
	at java.net.Socket.connect(Socket.java:528)
	at sun.net.NetworkClient.doConnect(NetworkClient.java:180)
	at sun.net.www.http.HttpClient.openServer(HttpClient.java:432)
	at sun.net.www.http.HttpClient.openServer(HttpClient.java:527)
	at sun.net.www.http.HttpClient.<init>(HttpClient.java:211)
	at sun.net.www.http.HttpClient.New(HttpClient.java:308)
	at sun.net.www.http.HttpClient.New(HttpClient.java:326)
	at sun.net.www.protocol.http.HttpURLConnection.getNewHttpClient(HttpURLConnection.java:996)
	at sun.net.www.protocol.http.HttpURLConnection.plainConnect(HttpURLConnection.java:932)
	at sun.net.www.protocol.http.HttpURLConnection.connect(HttpURLConnection.java:850)
	at org.springframework.http.client.SimpleBufferingClientHttpRequest.executeInternal(SimpleBufferingClientHttpRequest.java:78)
	at org.springframework.http.client.AbstractBufferingClientHttpRequest.executeInternal(AbstractBufferingClientHttpRequest.java:46)
	at org.springframework.http.client.AbstractClientHttpRequest.execute(AbstractClientHttpRequest.java:52)
	at org.springframework.web.client.RestTemplate.doExecute(RestTemplate.java:527)
	... 17 more
]]>
    </failure>
  </testcase> <!-- thatOrdersCanBeAddedAndQueried -->
  <testcase name="thatOrdersCanBeAddedAndQueried" time="0.155" classname="com.sprhib.TestService"/>
  <testcase name="thatOrdersCanBeAddedAndQueried" time="0.172" classname="com.sprhib.TestService"/>
  <testcase name="thatOrdersCanBeAddedAndQueried" time="0.244" classname="com.sprhib.TestService"/>
  <testcase name="thatOrdersCanBeAddedAndQueried" time="0.129" classname="com.sprhib.TestService"/>
  <testcase name="thatOrdersCanBeAddedAndQueried" time="0.157" classname="com.sprhib.TestService"/>
  <testcase name="thatOrdersCanBeAddedAndQueried" time="0.180" classname="com.sprhib.TestService"/>
  <testcase name="thatOrdersCanBeAddedAndQueried" time="0.162" classname="com.sprhib.TestService"/>
  <testcase name="thatOrdersCanBeAddedAndQueried" time="0.153" classname="com.sprhib.TestService"/>
  <testcase name="thatOrdersCanBeAddedAndQueried" time="0.144" classname="com.sprhib.TestService"/>
  <testcase name="thatOrdersCanBeAddedAndQueried" time="0.213" classname="com.sprhib.TestService"/>
  <testcase name="thatOrdersCanBeAddedAndQueried" time="0.180" classname="com.sprhib.TestService"/>
  <testcase name="thatOrdersCanBeAddedAndQueried" time="0.207" classname="com.sprhib.TestService"/>
  <testcase name="thatOrdersCanBeAddedAndQueried" time="0.242" classname="com.sprhib.TestService"/>
  <testcase name="thatOrdersCanBeAddedAndQueried" time="0.209" classname="com.sprhib.TestService"/>
  <testcase name="thatOrdersCanBeAddedAndQueried" time="0.141" classname="com.sprhib.TestService"/>
  <testcase name="thatOrdersCanBeAddedAndQueried" time="0.131" classname="com.sprhib.TestService"/>
  <testcase name="thatOrdersCanBeAddedAndQueried" time="0.152" classname="com.sprhib.TestService"/>
  <testcase name="thatOrdersCanBeAddedAndQueried" time="0.172" classname="com.sprhib.TestService"/>
  <testcase name="thatOrdersCanBeAddedAndQueried" time="0.162" classname="com.sprhib.TestService"/>
  <testcase name="thatOrdersCanBeAddedAndQueried" time="0.207" classname="com.sprhib.TestService"/>
  <testcase name="thatOrdersCanBeAddedAndQueried" time="0.224" classname="com.sprhib.TestService"/>
  <testcase name="thatOrdersCanBeAddedAndQueried" time="0.013" classname="com.sprhib.TestService">
    <failure type="org.springframework.web.client.ResourceAccessException" message="I/O error on GET request for &quot;http://localhost:8080/spr-mvc-hib/convertation/-110/EUR/USD&quot;:No buffer space available (maximum connections reached?): connect; nested exception is java.net.SocketException: No buffer space available (maximum connections reached?): connect">
      <![CDATA[org.springframework.web.client.ResourceAccessException: I/O error on GET request for "http://localhost:8080/spr-mvc-hib/convertation/-110/EUR/USD":No buffer space available (maximum connections reached?): connect; nested exception is java.net.SocketException: No buffer space available (maximum connections reached?): connect
	at org.springframework.web.client.RestTemplate.doExecute(RestTemplate.java:543)
	at org.springframework.web.client.RestTemplate.execute(RestTemplate.java:489)
	at org.springframework.web.client.RestTemplate.getForEntity(RestTemplate.java:250)
	at com.sprhib.TestService.thatOrdersCanBeAddedAndQueried(TestService.java:26)
	at sun.reflect.GeneratedMethodAccessor3.invoke(Unknown Source)
	at sun.reflect.DelegatingMethodAccessorImpl.invoke(DelegatingMethodAccessorImpl.java:43)
	at java.lang.reflect.Method.invoke(Method.java:606)
	at org.testng.internal.MethodInvocationHelper.invokeMethod(MethodInvocationHelper.java:84)
	at org.testng.internal.Invoker.invokeMethod(Invoker.java:714)
	at org.testng.internal.Invoker.invokeTestMethod(Invoker.java:901)
	at org.testng.internal.Invoker.invokeTestMethods(Invoker.java:1231)
	at org.testng.internal.TestMethodWorker.invokeTestMethods(TestMethodWorker.java:127)
	at org.testng.internal.TestMethodWorker.run(TestMethodWorker.java:111)
	at org.testng.internal.thread.ThreadUtil$2.call(ThreadUtil.java:64)
	at java.util.concurrent.FutureTask.run(FutureTask.java:262)
	at java.util.concurrent.ThreadPoolExecutor.runWorker(ThreadPoolExecutor.java:1145)
	at java.util.concurrent.ThreadPoolExecutor$Worker.run(ThreadPoolExecutor.java:615)
	at java.lang.Thread.run(Thread.java:745)
Caused by: java.net.SocketException: No buffer space available (maximum connections reached?): connect
	at java.net.DualStackPlainSocketImpl.connect0(Native Method)
	at java.net.DualStackPlainSocketImpl.socketConnect(DualStackPlainSocketImpl.java:79)
	at java.net.AbstractPlainSocketImpl.doConnect(AbstractPlainSocketImpl.java:339)
	at java.net.AbstractPlainSocketImpl.connectToAddress(AbstractPlainSocketImpl.java:200)
	at java.net.AbstractPlainSocketImpl.connect(AbstractPlainSocketImpl.java:182)
	at java.net.PlainSocketImpl.connect(PlainSocketImpl.java:172)
	at java.net.SocksSocketImpl.connect(SocksSocketImpl.java:392)
	at java.net.Socket.connect(Socket.java:579)
	at java.net.Socket.connect(Socket.java:528)
	at sun.net.NetworkClient.doConnect(NetworkClient.java:180)
	at sun.net.www.http.HttpClient.openServer(HttpClient.java:432)
	at sun.net.www.http.HttpClient.openServer(HttpClient.java:527)
	at sun.net.www.http.HttpClient.<init>(HttpClient.java:211)
	at sun.net.www.http.HttpClient.New(HttpClient.java:308)
	at sun.net.www.http.HttpClient.New(HttpClient.java:326)
	at sun.net.www.protocol.http.HttpURLConnection.getNewHttpClient(HttpURLConnection.java:996)
	at sun.net.www.protocol.http.HttpURLConnection.plainConnect(HttpURLConnection.java:932)
	at sun.net.www.protocol.http.HttpURLConnection.connect(HttpURLConnection.java:850)
	at org.springframework.http.client.SimpleBufferingClientHttpRequest.executeInternal(SimpleBufferingClientHttpRequest.java:78)
	at org.springframework.http.client.AbstractBufferingClientHttpRequest.executeInternal(AbstractBufferingClientHttpRequest.java:46)
	at org.springframework.http.client.AbstractClientHttpRequest.execute(AbstractClientHttpRequest.java:52)
	at org.springframework.web.client.RestTemplate.doExecute(RestTemplate.java:527)
	... 17 more
]]>
    </failure>
  </testcase> <!-- thatOrdersCanBeAddedAndQueried -->
  <testcase name="thatOrdersCanBeAddedAndQueried" time="0.228" classname="com.sprhib.TestService"/>
  <testcase name="thatOrdersCanBeAddedAndQueried" time="0.231" classname="com.sprhib.TestService"/>
  <testcase name="thatOrdersCanBeAddedAndQueried" time="0.178" classname="com.sprhib.TestService"/>
  <testcase name="thatOrdersCanBeAddedAndQueried" time="0.205" classname="com.sprhib.TestService"/>
  <testcase name="thatOrdersCanBeAddedAndQueried" time="0.122" classname="com.sprhib.TestService"/>
  <testcase name="thatOrdersCanBeAddedAndQueried" time="0.162" classname="com.sprhib.TestService"/>
  <testcase name="thatOrdersCanBeAddedAndQueried" time="0.038" classname="com.sprhib.TestService">
    <failure type="org.springframework.web.client.ResourceAccessException" message="I/O error on GET request for &quot;http://localhost:8080/spr-mvc-hib/convertation/-110/EUR/USD&quot;:No buffer space available (maximum connections reached?): connect; nested exception is java.net.SocketException: No buffer space available (maximum connections reached?): connect">
      <![CDATA[org.springframework.web.client.ResourceAccessException: I/O error on GET request for "http://localhost:8080/spr-mvc-hib/convertation/-110/EUR/USD":No buffer space available (maximum connections reached?): connect; nested exception is java.net.SocketException: No buffer space available (maximum connections reached?): connect
	at org.springframework.web.client.RestTemplate.doExecute(RestTemplate.java:543)
	at org.springframework.web.client.RestTemplate.execute(RestTemplate.java:489)
	at org.springframework.web.client.RestTemplate.getForEntity(RestTemplate.java:250)
	at com.sprhib.TestService.thatOrdersCanBeAddedAndQueried(TestService.java:26)
	at sun.reflect.GeneratedMethodAccessor3.invoke(Unknown Source)
	at sun.reflect.DelegatingMethodAccessorImpl.invoke(DelegatingMethodAccessorImpl.java:43)
	at java.lang.reflect.Method.invoke(Method.java:606)
	at org.testng.internal.MethodInvocationHelper.invokeMethod(MethodInvocationHelper.java:84)
	at org.testng.internal.Invoker.invokeMethod(Invoker.java:714)
	at org.testng.internal.Invoker.invokeTestMethod(Invoker.java:901)
	at org.testng.internal.Invoker.invokeTestMethods(Invoker.java:1231)
	at org.testng.internal.TestMethodWorker.invokeTestMethods(TestMethodWorker.java:127)
	at org.testng.internal.TestMethodWorker.run(TestMethodWorker.java:111)
	at org.testng.internal.thread.ThreadUtil$2.call(ThreadUtil.java:64)
	at java.util.concurrent.FutureTask.run(FutureTask.java:262)
	at java.util.concurrent.ThreadPoolExecutor.runWorker(ThreadPoolExecutor.java:1145)
	at java.util.concurrent.ThreadPoolExecutor$Worker.run(ThreadPoolExecutor.java:615)
	at java.lang.Thread.run(Thread.java:745)
Caused by: java.net.SocketException: No buffer space available (maximum connections reached?): connect
	at java.net.DualStackPlainSocketImpl.connect0(Native Method)
	at java.net.DualStackPlainSocketImpl.socketConnect(DualStackPlainSocketImpl.java:79)
	at java.net.AbstractPlainSocketImpl.doConnect(AbstractPlainSocketImpl.java:339)
	at java.net.AbstractPlainSocketImpl.connectToAddress(AbstractPlainSocketImpl.java:200)
	at java.net.AbstractPlainSocketImpl.connect(AbstractPlainSocketImpl.java:182)
	at java.net.PlainSocketImpl.connect(PlainSocketImpl.java:172)
	at java.net.SocksSocketImpl.connect(SocksSocketImpl.java:392)
	at java.net.Socket.connect(Socket.java:579)
	at java.net.Socket.connect(Socket.java:528)
	at sun.net.NetworkClient.doConnect(NetworkClient.java:180)
	at sun.net.www.http.HttpClient.openServer(HttpClient.java:432)
	at sun.net.www.http.HttpClient.openServer(HttpClient.java:527)
	at sun.net.www.http.HttpClient.<init>(HttpClient.java:211)
	at sun.net.www.http.HttpClient.New(HttpClient.java:308)
	at sun.net.www.http.HttpClient.New(HttpClient.java:326)
	at sun.net.www.protocol.http.HttpURLConnection.getNewHttpClient(HttpURLConnection.java:996)
	at sun.net.www.protocol.http.HttpURLConnection.plainConnect(HttpURLConnection.java:932)
	at sun.net.www.protocol.http.HttpURLConnection.connect(HttpURLConnection.java:850)
	at org.springframework.http.client.SimpleBufferingClientHttpRequest.executeInternal(SimpleBufferingClientHttpRequest.java:78)
	at org.springframework.http.client.AbstractBufferingClientHttpRequest.executeInternal(AbstractBufferingClientHttpRequest.java:46)
	at org.springframework.http.client.AbstractClientHttpRequest.execute(AbstractClientHttpRequest.java:52)
	at org.springframework.web.client.RestTemplate.doExecute(RestTemplate.java:527)
	... 17 more
]]>
    </failure>
  </testcase> <!-- thatOrdersCanBeAddedAndQueried -->
  <testcase name="thatOrdersCanBeAddedAndQueried" time="0.176" classname="com.sprhib.TestService"/>
  <testcase name="thatOrdersCanBeAddedAndQueried" time="0.186" classname="com.sprhib.TestService"/>
  <testcase name="thatOrdersCanBeAddedAndQueried" time="0.075" classname="com.sprhib.TestService">
    <failure type="org.springframework.web.client.ResourceAccessException" message="I/O error on GET request for &quot;http://localhost:8080/spr-mvc-hib/convertation/-110/EUR/USD&quot;:No buffer space available (maximum connections reached?): connect; nested exception is java.net.SocketException: No buffer space available (maximum connections reached?): connect">
      <![CDATA[org.springframework.web.client.ResourceAccessException: I/O error on GET request for "http://localhost:8080/spr-mvc-hib/convertation/-110/EUR/USD":No buffer space available (maximum connections reached?): connect; nested exception is java.net.SocketException: No buffer space available (maximum connections reached?): connect
	at org.springframework.web.client.RestTemplate.doExecute(RestTemplate.java:543)
	at org.springframework.web.client.RestTemplate.execute(RestTemplate.java:489)
	at org.springframework.web.client.RestTemplate.getForEntity(RestTemplate.java:250)
	at com.sprhib.TestService.thatOrdersCanBeAddedAndQueried(TestService.java:26)
	at sun.reflect.GeneratedMethodAccessor3.invoke(Unknown Source)
	at sun.reflect.DelegatingMethodAccessorImpl.invoke(DelegatingMethodAccessorImpl.java:43)
	at java.lang.reflect.Method.invoke(Method.java:606)
	at org.testng.internal.MethodInvocationHelper.invokeMethod(MethodInvocationHelper.java:84)
	at org.testng.internal.Invoker.invokeMethod(Invoker.java:714)
	at org.testng.internal.Invoker.invokeTestMethod(Invoker.java:901)
	at org.testng.internal.Invoker.invokeTestMethods(Invoker.java:1231)
	at org.testng.internal.TestMethodWorker.invokeTestMethods(TestMethodWorker.java:127)
	at org.testng.internal.TestMethodWorker.run(TestMethodWorker.java:111)
	at org.testng.internal.thread.ThreadUtil$2.call(ThreadUtil.java:64)
	at java.util.concurrent.FutureTask.run(FutureTask.java:262)
	at java.util.concurrent.ThreadPoolExecutor.runWorker(ThreadPoolExecutor.java:1145)
	at java.util.concurrent.ThreadPoolExecutor$Worker.run(ThreadPoolExecutor.java:615)
	at java.lang.Thread.run(Thread.java:745)
Caused by: java.net.SocketException: No buffer space available (maximum connections reached?): connect
	at java.net.DualStackPlainSocketImpl.connect0(Native Method)
	at java.net.DualStackPlainSocketImpl.socketConnect(DualStackPlainSocketImpl.java:79)
	at java.net.AbstractPlainSocketImpl.doConnect(AbstractPlainSocketImpl.java:339)
	at java.net.AbstractPlainSocketImpl.connectToAddress(AbstractPlainSocketImpl.java:200)
	at java.net.AbstractPlainSocketImpl.connect(AbstractPlainSocketImpl.java:182)
	at java.net.PlainSocketImpl.connect(PlainSocketImpl.java:172)
	at java.net.SocksSocketImpl.connect(SocksSocketImpl.java:392)
	at java.net.Socket.connect(Socket.java:579)
	at java.net.Socket.connect(Socket.java:528)
	at sun.net.NetworkClient.doConnect(NetworkClient.java:180)
	at sun.net.www.http.HttpClient.openServer(HttpClient.java:432)
	at sun.net.www.http.HttpClient.openServer(HttpClient.java:527)
	at sun.net.www.http.HttpClient.<init>(HttpClient.java:211)
	at sun.net.www.http.HttpClient.New(HttpClient.java:308)
	at sun.net.www.http.HttpClient.New(HttpClient.java:326)
	at sun.net.www.protocol.http.HttpURLConnection.getNewHttpClient(HttpURLConnection.java:996)
	at sun.net.www.protocol.http.HttpURLConnection.plainConnect(HttpURLConnection.java:932)
	at sun.net.www.protocol.http.HttpURLConnection.connect(HttpURLConnection.java:850)
	at org.springframework.http.client.SimpleBufferingClientHttpRequest.executeInternal(SimpleBufferingClientHttpRequest.java:78)
	at org.springframework.http.client.AbstractBufferingClientHttpRequest.executeInternal(AbstractBufferingClientHttpRequest.java:46)
	at org.springframework.http.client.AbstractClientHttpRequest.execute(AbstractClientHttpRequest.java:52)
	at org.springframework.web.client.RestTemplate.doExecute(RestTemplate.java:527)
	... 17 more
]]>
    </failure>
  </testcase> <!-- thatOrdersCanBeAddedAndQueried -->
  <testcase name="thatOrdersCanBeAddedAndQueried" time="0.152" classname="com.sprhib.TestService"/>
  <testcase name="thatOrdersCanBeAddedAndQueried" time="0.153" classname="com.sprhib.TestService">
    <failure type="org.springframework.web.client.HttpServerErrorException" message="500 Internal Server Error">
      <![CDATA[org.springframework.web.client.HttpServerErrorException: 500 Internal Server Error
	at org.springframework.web.client.DefaultResponseErrorHandler.handleError(DefaultResponseErrorHandler.java:94)
	at org.springframework.web.client.RestTemplate.handleResponseError(RestTemplate.java:576)
	at org.springframework.web.client.RestTemplate.doExecute(RestTemplate.java:532)
	at org.springframework.web.client.RestTemplate.execute(RestTemplate.java:489)
	at org.springframework.web.client.RestTemplate.getForEntity(RestTemplate.java:250)
	at com.sprhib.TestService.thatOrdersCanBeAddedAndQueried(TestService.java:39)
	at sun.reflect.GeneratedMethodAccessor3.invoke(Unknown Source)
	at sun.reflect.DelegatingMethodAccessorImpl.invoke(DelegatingMethodAccessorImpl.java:43)
	at java.lang.reflect.Method.invoke(Method.java:606)
	at org.testng.internal.MethodInvocationHelper.invokeMethod(MethodInvocationHelper.java:84)
	at org.testng.internal.Invoker.invokeMethod(Invoker.java:714)
	at org.testng.internal.Invoker.invokeTestMethod(Invoker.java:901)
	at org.testng.internal.Invoker.invokeTestMethods(Invoker.java:1231)
	at org.testng.internal.TestMethodWorker.invokeTestMethods(TestMethodWorker.java:127)
	at org.testng.internal.TestMethodWorker.run(TestMethodWorker.java:111)
	at org.testng.internal.thread.ThreadUtil$2.call(ThreadUtil.java:64)
	at java.util.concurrent.FutureTask.run(FutureTask.java:262)
	at java.util.concurrent.ThreadPoolExecutor.runWorker(ThreadPoolExecutor.java:1145)
	at java.util.concurrent.ThreadPoolExecutor$Worker.run(ThreadPoolExecutor.java:615)
	at java.lang.Thread.run(Thread.java:745)
]]>
    </failure>
  </testcase> <!-- thatOrdersCanBeAddedAndQueried -->
  <testcase name="thatOrdersCanBeAddedAndQueried" time="0.162" classname="com.sprhib.TestService"/>
  <testcase name="thatOrdersCanBeAddedAndQueried" time="0.141" classname="com.sprhib.TestService"/>
  <testcase name="thatOrdersCanBeAddedAndQueried" time="0.353" classname="com.sprhib.TestService"/>
  <testcase name="thatOrdersCanBeAddedAndQueried" time="0.147" classname="com.sprhib.TestService"/>
  <testcase name="thatOrdersCanBeAddedAndQueried" time="0.370" classname="com.sprhib.TestService"/>
  <testcase name="thatOrdersCanBeAddedAndQueried" time="0.144" classname="com.sprhib.TestService"/>
  <testcase name="thatOrdersCanBeAddedAndQueried" time="0.194" classname="com.sprhib.TestService"/>
  <testcase name="thatOrdersCanBeAddedAndQueried" time="0.152" classname="com.sprhib.TestService"/>
  <testcase name="thatOrdersCanBeAddedAndQueried" time="0.183" classname="com.sprhib.TestService"/>
  <testcase name="thatOrdersCanBeAddedAndQueried" time="0.213" classname="com.sprhib.TestService"/>
  <testcase name="thatOrdersCanBeAddedAndQueried" time="0.022" classname="com.sprhib.TestService">
    <failure type="org.springframework.web.client.ResourceAccessException" message="I/O error on GET request for &quot;http://localhost:8080/spr-mvc-hib/convertation/-110/EUR/USD&quot;:No buffer space available (maximum connections reached?): connect; nested exception is java.net.SocketException: No buffer space available (maximum connections reached?): connect">
      <![CDATA[org.springframework.web.client.ResourceAccessException: I/O error on GET request for "http://localhost:8080/spr-mvc-hib/convertation/-110/EUR/USD":No buffer space available (maximum connections reached?): connect; nested exception is java.net.SocketException: No buffer space available (maximum connections reached?): connect
	at org.springframework.web.client.RestTemplate.doExecute(RestTemplate.java:543)
	at org.springframework.web.client.RestTemplate.execute(RestTemplate.java:489)
	at org.springframework.web.client.RestTemplate.getForEntity(RestTemplate.java:250)
	at com.sprhib.TestService.thatOrdersCanBeAddedAndQueried(TestService.java:26)
	at sun.reflect.GeneratedMethodAccessor3.invoke(Unknown Source)
	at sun.reflect.DelegatingMethodAccessorImpl.invoke(DelegatingMethodAccessorImpl.java:43)
	at java.lang.reflect.Method.invoke(Method.java:606)
	at org.testng.internal.MethodInvocationHelper.invokeMethod(MethodInvocationHelper.java:84)
	at org.testng.internal.Invoker.invokeMethod(Invoker.java:714)
	at org.testng.internal.Invoker.invokeTestMethod(Invoker.java:901)
	at org.testng.internal.Invoker.invokeTestMethods(Invoker.java:1231)
	at org.testng.internal.TestMethodWorker.invokeTestMethods(TestMethodWorker.java:127)
	at org.testng.internal.TestMethodWorker.run(TestMethodWorker.java:111)
	at org.testng.internal.thread.ThreadUtil$2.call(ThreadUtil.java:64)
	at java.util.concurrent.FutureTask.run(FutureTask.java:262)
	at java.util.concurrent.ThreadPoolExecutor.runWorker(ThreadPoolExecutor.java:1145)
	at java.util.concurrent.ThreadPoolExecutor$Worker.run(ThreadPoolExecutor.java:615)
	at java.lang.Thread.run(Thread.java:745)
Caused by: java.net.SocketException: No buffer space available (maximum connections reached?): connect
	at java.net.DualStackPlainSocketImpl.connect0(Native Method)
	at java.net.DualStackPlainSocketImpl.socketConnect(DualStackPlainSocketImpl.java:79)
	at java.net.AbstractPlainSocketImpl.doConnect(AbstractPlainSocketImpl.java:339)
	at java.net.AbstractPlainSocketImpl.connectToAddress(AbstractPlainSocketImpl.java:200)
	at java.net.AbstractPlainSocketImpl.connect(AbstractPlainSocketImpl.java:182)
	at java.net.PlainSocketImpl.connect(PlainSocketImpl.java:172)
	at java.net.SocksSocketImpl.connect(SocksSocketImpl.java:392)
	at java.net.Socket.connect(Socket.java:579)
	at java.net.Socket.connect(Socket.java:528)
	at sun.net.NetworkClient.doConnect(NetworkClient.java:180)
	at sun.net.www.http.HttpClient.openServer(HttpClient.java:432)
	at sun.net.www.http.HttpClient.openServer(HttpClient.java:527)
	at sun.net.www.http.HttpClient.<init>(HttpClient.java:211)
	at sun.net.www.http.HttpClient.New(HttpClient.java:308)
	at sun.net.www.http.HttpClient.New(HttpClient.java:326)
	at sun.net.www.protocol.http.HttpURLConnection.getNewHttpClient(HttpURLConnection.java:996)
	at sun.net.www.protocol.http.HttpURLConnection.plainConnect(HttpURLConnection.java:932)
	at sun.net.www.protocol.http.HttpURLConnection.connect(HttpURLConnection.java:850)
	at org.springframework.http.client.SimpleBufferingClientHttpRequest.executeInternal(SimpleBufferingClientHttpRequest.java:78)
	at org.springframework.http.client.AbstractBufferingClientHttpRequest.executeInternal(AbstractBufferingClientHttpRequest.java:46)
	at org.springframework.http.client.AbstractClientHttpRequest.execute(AbstractClientHttpRequest.java:52)
	at org.springframework.web.client.RestTemplate.doExecute(RestTemplate.java:527)
	... 17 more
]]>
    </failure>
  </testcase> <!-- thatOrdersCanBeAddedAndQueried -->
  <testcase name="thatOrdersCanBeAddedAndQueried" time="0.153" classname="com.sprhib.TestService"/>
  <testcase name="thatOrdersCanBeAddedAndQueried" time="0.271" classname="com.sprhib.TestService"/>
  <testcase name="thatOrdersCanBeAddedAndQueried" time="0.143" classname="com.sprhib.TestService"/>
  <testcase name="thatOrdersCanBeAddedAndQueried" time="0.157" classname="com.sprhib.TestService"/>
  <testcase name="thatOrdersCanBeAddedAndQueried" time="0.197" classname="com.sprhib.TestService"/>
  <testcase name="thatOrdersCanBeAddedAndQueried" time="0.185" classname="com.sprhib.TestService"/>
  <testcase name="thatOrdersCanBeAddedAndQueried" time="0.131" classname="com.sprhib.TestService"/>
  <testcase name="thatOrdersCanBeAddedAndQueried" time="0.193" classname="com.sprhib.TestService"/>
  <testcase name="thatOrdersCanBeAddedAndQueried" time="0.206" classname="com.sprhib.TestService"/>
  <testcase name="thatOrdersCanBeAddedAndQueried" time="0.178" classname="com.sprhib.TestService"/>
  <testcase name="thatOrdersCanBeAddedAndQueried" time="0.141" classname="com.sprhib.TestService"/>
  <testcase name="thatOrdersCanBeAddedAndQueried" time="0.194" classname="com.sprhib.TestService"/>
  <testcase name="thatOrdersCanBeAddedAndQueried" time="0.189" classname="com.sprhib.TestService"/>
  <testcase name="thatOrdersCanBeAddedAndQueried" time="0.162" classname="com.sprhib.TestService"/>
  <testcase name="thatOrdersCanBeAddedAndQueried" time="0.315" classname="com.sprhib.TestService"/>
  <testcase name="thatOrdersCanBeAddedAndQueried" time="0.166" classname="com.sprhib.TestService"/>
  <testcase name="thatOrdersCanBeAddedAndQueried" time="0.201" classname="com.sprhib.TestService"/>
  <testcase name="thatOrdersCanBeAddedAndQueried" time="0.132" classname="com.sprhib.TestService"/>
  <testcase name="thatOrdersCanBeAddedAndQueried" time="0.417" classname="com.sprhib.TestService"/>
  <testcase name="thatOrdersCanBeAddedAndQueried" time="0.226" classname="com.sprhib.TestService"/>
  <testcase name="thatOrdersCanBeAddedAndQueried" time="0.180" classname="com.sprhib.TestService"/>
  <testcase name="thatOrdersCanBeAddedAndQueried" time="0.146" classname="com.sprhib.TestService"/>
  <testcase name="thatOrdersCanBeAddedAndQueried" time="0.102" classname="com.sprhib.TestService"/>
  <testcase name="thatOrdersCanBeAddedAndQueried" time="0.274" classname="com.sprhib.TestService"/>
  <testcase name="thatOrdersCanBeAddedAndQueried" time="0.152" classname="com.sprhib.TestService"/>
  <testcase name="thatOrdersCanBeAddedAndQueried" time="0.349" classname="com.sprhib.TestService"/>
  <testcase name="thatOrdersCanBeAddedAndQueried" time="0.162" classname="com.sprhib.TestService"/>
  <testcase name="thatOrdersCanBeAddedAndQueried" time="0.139" classname="com.sprhib.TestService"/>
  <testcase name="thatOrdersCanBeAddedAndQueried" time="0.140" classname="com.sprhib.TestService"/>
  <testcase name="thatOrdersCanBeAddedAndQueried" time="0.183" classname="com.sprhib.TestService"/>
  <testcase name="thatOrdersCanBeAddedAndQueried" time="0.177" classname="com.sprhib.TestService"/>
  <testcase name="thatOrdersCanBeAddedAndQueried" time="0.139" classname="com.sprhib.TestService"/>
  <testcase name="thatOrdersCanBeAddedAndQueried" time="0.127" classname="com.sprhib.TestService"/>
  <testcase name="thatOrdersCanBeAddedAndQueried" time="0.140" classname="com.sprhib.TestService"/>
  <testcase name="thatOrdersCanBeAddedAndQueried" time="0.203" classname="com.sprhib.TestService"/>
  <testcase name="thatOrdersCanBeAddedAndQueried" time="0.198" classname="com.sprhib.TestService"/>
  <testcase name="thatOrdersCanBeAddedAndQueried" time="0.118" classname="com.sprhib.TestService"/>
  <testcase name="thatOrdersCanBeAddedAndQueried" time="0.228" classname="com.sprhib.TestService"/>
</testsuite> <!-- com.sprhib.TestService -->
