<?xml version="1.0" encoding="UTF-8"?>
<!-- Generated by org.testng.reporters.JUnitReportReporter -->
<testsuite hostname="1-ПК" name="com.sprhib.TestService" tests="30" failures="0" timestamp="14 Sep 2014 17:13:02 GMT" time="8.555" errors="0">
  <testcase name="thatOrdersCanBeAddedAndQueried" time="0.118" classname="com.sprhib.TestService"/>
  <testcase name="thatOrdersCanBeAddedAndQueried" time="0.145" classname="com.sprhib.TestService"/>
  <testcase name="thatOrdersCanBeAddedAndQueried" time="0.158" classname="com.sprhib.TestService"/>
  <testcase name="thatOrdersCanBeAddedAndQueried" time="0.180" classname="com.sprhib.TestService"/>
  <testcase name="thatOrdersCanBeAddedAndQueried" time="0.134" classname="com.sprhib.TestService"/>
  <testcase name="thatOrdersCanBeAddedAndQueried" time="0.128" classname="com.sprhib.TestService"/>
  <testcase name="thatOrdersCanBeAddedAndQueried" time="0.990" classname="com.sprhib.TestService"/>
  <testcase name="thatOrdersCanBeAddedAndQueried" time="0.136" classname="com.sprhib.TestService"/>
  <testcase name="thatOrdersCanBeAddedAndQueried" time="0.123" classname="com.sprhib.TestService"/>
  <testcase name="thatOrdersCanBeAddedAndQueried" time="0.166" classname="com.sprhib.TestService"/>
  <testcase name="thatOrdersCanBeAddedAndQueried" time="0.157" classname="com.sprhib.TestService"/>
  <testcase name="thatOrdersCanBeAddedAndQueried" time="0.122" classname="com.sprhib.TestService"/>
  <testcase name="thatOrdersCanBeAddedAndQueried" time="0.148" classname="com.sprhib.TestService"/>
  <testcase name="thatOrdersCanBeAddedAndQueried" time="1.016" classname="com.sprhib.TestService"/>
  <testcase name="thatOrdersCanBeAddedAndQueried" time="0.148" classname="com.sprhib.TestService"/>
  <testcase name="thatOrdersCanBeAddedAndQueried" time="0.129" classname="com.sprhib.TestService"/>
  <testcase name="thatOrdersCanBeAddedAndQueried" time="0.988" classname="com.sprhib.TestService"/>
  <testcase name="thatOrdersCanBeAddedAndQueried" time="1.017" classname="com.sprhib.TestService"/>
  <testcase name="thatOrdersCanBeAddedAndQueried" time="0.134" classname="com.sprhib.TestService"/>
  <testcase name="thatOrdersCanBeAddedAndQueried" time="0.130" classname="com.sprhib.TestService"/>
  <testcase name="thatOrdersCanBeAddedAndQueried" time="0.127" classname="com.sprhib.TestService"/>
  <testcase name="thatOrdersCanBeAddedAndQueried" time="0.132" classname="com.sprhib.TestService"/>
  <testcase name="thatOrdersCanBeAddedAndQueried" time="0.989" classname="com.sprhib.TestService"/>
  <testcase name="thatOrdersCanBeAddedAndQueried" time="0.127" classname="com.sprhib.TestService"/>
  <testcase name="thatOrdersCanBeAddedAndQueried" time="0.136" classname="com.sprhib.TestService"/>
  <testcase name="thatOrdersCanBeAddedAndQueried" time="0.160" classname="com.sprhib.TestService"/>
  <testcase name="thatOrdersCanBeAddedAndQueried" time="0.154" classname="com.sprhib.TestService"/>
  <testcase name="thatOrdersCanBeAddedAndQueried" time="0.174" classname="com.sprhib.TestService"/>
  <testcase name="thatOrdersCanBeAddedAndQueried" time="0.156" classname="com.sprhib.TestService"/>
  <testcase name="thatOrdersCanBeAddedAndQueried" time="0.133" classname="com.sprhib.TestService"/>
</testsuite> <!-- com.sprhib.TestService -->
